[2023-05-10T17:37:09.970+0000] {processor.py:153} INFO - Started process (PID=32) to work on /home/airflow/.local/lib/python3.7/site-packages/airflow/example_dags/example_short_circuit_decorator.py
[2023-05-10T17:37:09.972+0000] {processor.py:743} INFO - Processing file /home/airflow/.local/lib/python3.7/site-packages/airflow/example_dags/example_short_circuit_decorator.py for tasks to queue
[2023-05-10T17:37:09.973+0000] {logging_mixin.py:137} INFO - [2023-05-10T17:37:09.973+0000] {dagbag.py:538} INFO - Filling up the DagBag from /home/airflow/.local/lib/python3.7/site-packages/airflow/example_dags/example_short_circuit_decorator.py
[2023-05-10T17:37:10.020+0000] {processor.py:753} INFO - DAG(s) dict_keys(['example_short_circuit_decorator']) retrieved from /home/airflow/.local/lib/python3.7/site-packages/airflow/example_dags/example_short_circuit_decorator.py
[2023-05-10T17:37:10.164+0000] {logging_mixin.py:137} INFO - [2023-05-10T17:37:10.164+0000] {manager.py:504} INFO - Created Permission View: can edit on DAG:example_short_circuit_decorator
[2023-05-10T17:37:10.172+0000] {logging_mixin.py:137} INFO - [2023-05-10T17:37:10.171+0000] {manager.py:504} INFO - Created Permission View: can read on DAG:example_short_circuit_decorator
[2023-05-10T17:37:10.177+0000] {logging_mixin.py:137} INFO - [2023-05-10T17:37:10.177+0000] {manager.py:504} INFO - Created Permission View: can delete on DAG:example_short_circuit_decorator
[2023-05-10T17:37:10.178+0000] {logging_mixin.py:137} INFO - [2023-05-10T17:37:10.178+0000] {dag.py:2690} INFO - Sync 1 DAGs
[2023-05-10T17:37:10.187+0000] {logging_mixin.py:137} INFO - [2023-05-10T17:37:10.187+0000] {dag.py:2711} INFO - Creating ORM DAG for example_short_circuit_decorator
[2023-05-10T17:37:10.195+0000] {logging_mixin.py:137} INFO - [2023-05-10T17:37:10.195+0000] {dag.py:3441} INFO - Setting next_dagrun for example_short_circuit_decorator to 2023-05-09T17:37:10.195094+00:00, run_after=2023-05-10T17:37:10.195094+00:00
[2023-05-10T17:37:10.218+0000] {processor.py:175} INFO - Processing /home/airflow/.local/lib/python3.7/site-packages/airflow/example_dags/example_short_circuit_decorator.py took 0.252 seconds
[2023-05-10T17:37:41.086+0000] {processor.py:153} INFO - Started process (PID=106) to work on /home/airflow/.local/lib/python3.7/site-packages/airflow/example_dags/example_short_circuit_decorator.py
[2023-05-10T17:37:41.088+0000] {processor.py:743} INFO - Processing file /home/airflow/.local/lib/python3.7/site-packages/airflow/example_dags/example_short_circuit_decorator.py for tasks to queue
[2023-05-10T17:37:41.090+0000] {logging_mixin.py:137} INFO - [2023-05-10T17:37:41.090+0000] {dagbag.py:538} INFO - Filling up the DagBag from /home/airflow/.local/lib/python3.7/site-packages/airflow/example_dags/example_short_circuit_decorator.py
[2023-05-10T17:37:41.128+0000] {processor.py:753} INFO - DAG(s) dict_keys(['example_short_circuit_decorator']) retrieved from /home/airflow/.local/lib/python3.7/site-packages/airflow/example_dags/example_short_circuit_decorator.py
[2023-05-10T17:37:41.163+0000] {logging_mixin.py:137} INFO - [2023-05-10T17:37:41.163+0000] {dag.py:2690} INFO - Sync 1 DAGs
[2023-05-10T17:37:41.192+0000] {logging_mixin.py:137} INFO - [2023-05-10T17:37:41.192+0000] {dag.py:3441} INFO - Setting next_dagrun for example_short_circuit_decorator to 2023-05-09T17:37:41.192028+00:00, run_after=2023-05-10T17:37:41.192028+00:00
[2023-05-10T17:37:41.215+0000] {processor.py:175} INFO - Processing /home/airflow/.local/lib/python3.7/site-packages/airflow/example_dags/example_short_circuit_decorator.py took 0.135 seconds
[2023-05-10T17:38:11.741+0000] {processor.py:153} INFO - Started process (PID=170) to work on /home/airflow/.local/lib/python3.7/site-packages/airflow/example_dags/example_short_circuit_decorator.py
[2023-05-10T17:38:11.744+0000] {processor.py:743} INFO - Processing file /home/airflow/.local/lib/python3.7/site-packages/airflow/example_dags/example_short_circuit_decorator.py for tasks to queue
[2023-05-10T17:38:11.746+0000] {logging_mixin.py:137} INFO - [2023-05-10T17:38:11.745+0000] {dagbag.py:538} INFO - Filling up the DagBag from /home/airflow/.local/lib/python3.7/site-packages/airflow/example_dags/example_short_circuit_decorator.py
[2023-05-10T17:38:11.786+0000] {processor.py:753} INFO - DAG(s) dict_keys(['example_short_circuit_decorator']) retrieved from /home/airflow/.local/lib/python3.7/site-packages/airflow/example_dags/example_short_circuit_decorator.py
[2023-05-10T17:38:11.826+0000] {logging_mixin.py:137} INFO - [2023-05-10T17:38:11.826+0000] {dag.py:2690} INFO - Sync 1 DAGs
[2023-05-10T17:38:11.864+0000] {logging_mixin.py:137} INFO - [2023-05-10T17:38:11.864+0000] {dag.py:3441} INFO - Setting next_dagrun for example_short_circuit_decorator to 2023-05-09T17:38:11.863902+00:00, run_after=2023-05-10T17:38:11.863902+00:00
[2023-05-10T17:38:11.883+0000] {processor.py:175} INFO - Processing /home/airflow/.local/lib/python3.7/site-packages/airflow/example_dags/example_short_circuit_decorator.py took 0.146 seconds
[2023-05-10T17:38:42.148+0000] {processor.py:153} INFO - Started process (PID=246) to work on /home/airflow/.local/lib/python3.7/site-packages/airflow/example_dags/example_short_circuit_decorator.py
[2023-05-10T17:38:42.149+0000] {processor.py:743} INFO - Processing file /home/airflow/.local/lib/python3.7/site-packages/airflow/example_dags/example_short_circuit_decorator.py for tasks to queue
[2023-05-10T17:38:42.150+0000] {logging_mixin.py:137} INFO - [2023-05-10T17:38:42.150+0000] {dagbag.py:538} INFO - Filling up the DagBag from /home/airflow/.local/lib/python3.7/site-packages/airflow/example_dags/example_short_circuit_decorator.py
[2023-05-10T17:38:42.172+0000] {processor.py:753} INFO - DAG(s) dict_keys(['example_short_circuit_decorator']) retrieved from /home/airflow/.local/lib/python3.7/site-packages/airflow/example_dags/example_short_circuit_decorator.py
[2023-05-10T17:38:42.189+0000] {logging_mixin.py:137} INFO - [2023-05-10T17:38:42.189+0000] {dag.py:2690} INFO - Sync 1 DAGs
[2023-05-10T17:38:42.204+0000] {logging_mixin.py:137} INFO - [2023-05-10T17:38:42.204+0000] {dag.py:3441} INFO - Setting next_dagrun for example_short_circuit_decorator to 2023-05-09T17:38:42.203781+00:00, run_after=2023-05-10T17:38:42.203781+00:00
[2023-05-10T17:38:42.214+0000] {processor.py:175} INFO - Processing /home/airflow/.local/lib/python3.7/site-packages/airflow/example_dags/example_short_circuit_decorator.py took 0.072 seconds
[2023-05-10T17:39:13.181+0000] {processor.py:153} INFO - Started process (PID=322) to work on /home/airflow/.local/lib/python3.7/site-packages/airflow/example_dags/example_short_circuit_decorator.py
[2023-05-10T17:39:13.182+0000] {processor.py:743} INFO - Processing file /home/airflow/.local/lib/python3.7/site-packages/airflow/example_dags/example_short_circuit_decorator.py for tasks to queue
[2023-05-10T17:39:13.183+0000] {logging_mixin.py:137} INFO - [2023-05-10T17:39:13.183+0000] {dagbag.py:538} INFO - Filling up the DagBag from /home/airflow/.local/lib/python3.7/site-packages/airflow/example_dags/example_short_circuit_decorator.py
[2023-05-10T17:39:13.205+0000] {processor.py:753} INFO - DAG(s) dict_keys(['example_short_circuit_decorator']) retrieved from /home/airflow/.local/lib/python3.7/site-packages/airflow/example_dags/example_short_circuit_decorator.py
[2023-05-10T17:39:13.222+0000] {logging_mixin.py:137} INFO - [2023-05-10T17:39:13.222+0000] {dag.py:2690} INFO - Sync 1 DAGs
[2023-05-10T17:39:13.235+0000] {logging_mixin.py:137} INFO - [2023-05-10T17:39:13.235+0000] {dag.py:3441} INFO - Setting next_dagrun for example_short_circuit_decorator to 2023-05-09T17:39:13.235180+00:00, run_after=2023-05-10T17:39:13.235180+00:00
[2023-05-10T17:39:13.244+0000] {processor.py:175} INFO - Processing /home/airflow/.local/lib/python3.7/site-packages/airflow/example_dags/example_short_circuit_decorator.py took 0.068 seconds
[2023-05-10T17:39:44.187+0000] {processor.py:153} INFO - Started process (PID=384) to work on /home/airflow/.local/lib/python3.7/site-packages/airflow/example_dags/example_short_circuit_decorator.py
[2023-05-10T17:39:44.188+0000] {processor.py:743} INFO - Processing file /home/airflow/.local/lib/python3.7/site-packages/airflow/example_dags/example_short_circuit_decorator.py for tasks to queue
[2023-05-10T17:39:44.190+0000] {logging_mixin.py:137} INFO - [2023-05-10T17:39:44.190+0000] {dagbag.py:538} INFO - Filling up the DagBag from /home/airflow/.local/lib/python3.7/site-packages/airflow/example_dags/example_short_circuit_decorator.py
[2023-05-10T17:39:44.212+0000] {processor.py:753} INFO - DAG(s) dict_keys(['example_short_circuit_decorator']) retrieved from /home/airflow/.local/lib/python3.7/site-packages/airflow/example_dags/example_short_circuit_decorator.py
[2023-05-10T17:39:44.231+0000] {logging_mixin.py:137} INFO - [2023-05-10T17:39:44.231+0000] {dag.py:2690} INFO - Sync 1 DAGs
[2023-05-10T17:39:44.245+0000] {logging_mixin.py:137} INFO - [2023-05-10T17:39:44.245+0000] {dag.py:3441} INFO - Setting next_dagrun for example_short_circuit_decorator to 2023-05-09T17:39:44.244859+00:00, run_after=2023-05-10T17:39:44.244859+00:00
[2023-05-10T17:39:44.255+0000] {processor.py:175} INFO - Processing /home/airflow/.local/lib/python3.7/site-packages/airflow/example_dags/example_short_circuit_decorator.py took 0.073 seconds
[2023-05-10T17:40:15.138+0000] {processor.py:153} INFO - Started process (PID=460) to work on /home/airflow/.local/lib/python3.7/site-packages/airflow/example_dags/example_short_circuit_decorator.py
[2023-05-10T17:40:15.140+0000] {processor.py:743} INFO - Processing file /home/airflow/.local/lib/python3.7/site-packages/airflow/example_dags/example_short_circuit_decorator.py for tasks to queue
[2023-05-10T17:40:15.141+0000] {logging_mixin.py:137} INFO - [2023-05-10T17:40:15.141+0000] {dagbag.py:538} INFO - Filling up the DagBag from /home/airflow/.local/lib/python3.7/site-packages/airflow/example_dags/example_short_circuit_decorator.py
[2023-05-10T17:40:15.164+0000] {processor.py:753} INFO - DAG(s) dict_keys(['example_short_circuit_decorator']) retrieved from /home/airflow/.local/lib/python3.7/site-packages/airflow/example_dags/example_short_circuit_decorator.py
[2023-05-10T17:40:15.183+0000] {logging_mixin.py:137} INFO - [2023-05-10T17:40:15.183+0000] {dag.py:2690} INFO - Sync 1 DAGs
[2023-05-10T17:40:15.197+0000] {logging_mixin.py:137} INFO - [2023-05-10T17:40:15.197+0000] {dag.py:3441} INFO - Setting next_dagrun for example_short_circuit_decorator to 2023-05-09T17:40:15.197355+00:00, run_after=2023-05-10T17:40:15.197355+00:00
[2023-05-10T17:40:15.207+0000] {processor.py:175} INFO - Processing /home/airflow/.local/lib/python3.7/site-packages/airflow/example_dags/example_short_circuit_decorator.py took 0.076 seconds
[2023-05-10T17:40:45.991+0000] {processor.py:153} INFO - Started process (PID=536) to work on /home/airflow/.local/lib/python3.7/site-packages/airflow/example_dags/example_short_circuit_decorator.py
[2023-05-10T17:40:45.993+0000] {processor.py:743} INFO - Processing file /home/airflow/.local/lib/python3.7/site-packages/airflow/example_dags/example_short_circuit_decorator.py for tasks to queue
[2023-05-10T17:40:45.994+0000] {logging_mixin.py:137} INFO - [2023-05-10T17:40:45.994+0000] {dagbag.py:538} INFO - Filling up the DagBag from /home/airflow/.local/lib/python3.7/site-packages/airflow/example_dags/example_short_circuit_decorator.py
[2023-05-10T17:40:46.012+0000] {processor.py:753} INFO - DAG(s) dict_keys(['example_short_circuit_decorator']) retrieved from /home/airflow/.local/lib/python3.7/site-packages/airflow/example_dags/example_short_circuit_decorator.py
[2023-05-10T17:40:46.029+0000] {logging_mixin.py:137} INFO - [2023-05-10T17:40:46.029+0000] {dag.py:2690} INFO - Sync 1 DAGs
[2023-05-10T17:40:46.042+0000] {logging_mixin.py:137} INFO - [2023-05-10T17:40:46.042+0000] {dag.py:3441} INFO - Setting next_dagrun for example_short_circuit_decorator to 2023-05-09T17:40:46.042686+00:00, run_after=2023-05-10T17:40:46.042686+00:00
[2023-05-10T17:40:46.052+0000] {processor.py:175} INFO - Processing /home/airflow/.local/lib/python3.7/site-packages/airflow/example_dags/example_short_circuit_decorator.py took 0.065 seconds
[2023-05-10T17:41:16.093+0000] {processor.py:153} INFO - Started process (PID=613) to work on /home/airflow/.local/lib/python3.7/site-packages/airflow/example_dags/example_short_circuit_decorator.py
[2023-05-10T17:41:16.094+0000] {processor.py:743} INFO - Processing file /home/airflow/.local/lib/python3.7/site-packages/airflow/example_dags/example_short_circuit_decorator.py for tasks to queue
[2023-05-10T17:41:16.095+0000] {logging_mixin.py:137} INFO - [2023-05-10T17:41:16.095+0000] {dagbag.py:538} INFO - Filling up the DagBag from /home/airflow/.local/lib/python3.7/site-packages/airflow/example_dags/example_short_circuit_decorator.py
[2023-05-10T17:41:16.117+0000] {processor.py:753} INFO - DAG(s) dict_keys(['example_short_circuit_decorator']) retrieved from /home/airflow/.local/lib/python3.7/site-packages/airflow/example_dags/example_short_circuit_decorator.py
[2023-05-10T17:41:16.136+0000] {logging_mixin.py:137} INFO - [2023-05-10T17:41:16.136+0000] {dag.py:2690} INFO - Sync 1 DAGs
[2023-05-10T17:41:16.149+0000] {logging_mixin.py:137} INFO - [2023-05-10T17:41:16.149+0000] {dag.py:3441} INFO - Setting next_dagrun for example_short_circuit_decorator to 2023-05-09T17:41:16.148832+00:00, run_after=2023-05-10T17:41:16.148832+00:00
[2023-05-10T17:41:16.158+0000] {processor.py:175} INFO - Processing /home/airflow/.local/lib/python3.7/site-packages/airflow/example_dags/example_short_circuit_decorator.py took 0.069 seconds
[2023-05-10T17:56:35.661+0000] {processor.py:153} INFO - Started process (PID=664) to work on /home/airflow/.local/lib/python3.7/site-packages/airflow/example_dags/example_short_circuit_decorator.py
[2023-05-10T17:56:35.662+0000] {processor.py:743} INFO - Processing file /home/airflow/.local/lib/python3.7/site-packages/airflow/example_dags/example_short_circuit_decorator.py for tasks to queue
[2023-05-10T17:56:35.662+0000] {logging_mixin.py:137} INFO - [2023-05-10T17:56:35.662+0000] {dagbag.py:538} INFO - Filling up the DagBag from /home/airflow/.local/lib/python3.7/site-packages/airflow/example_dags/example_short_circuit_decorator.py
[2023-05-10T17:56:35.680+0000] {processor.py:753} INFO - DAG(s) dict_keys(['example_short_circuit_decorator']) retrieved from /home/airflow/.local/lib/python3.7/site-packages/airflow/example_dags/example_short_circuit_decorator.py
[2023-05-10T17:56:35.695+0000] {logging_mixin.py:137} INFO - [2023-05-10T17:56:35.695+0000] {dag.py:2690} INFO - Sync 1 DAGs
[2023-05-10T17:56:35.709+0000] {logging_mixin.py:137} INFO - [2023-05-10T17:56:35.708+0000] {dag.py:3441} INFO - Setting next_dagrun for example_short_circuit_decorator to 2023-05-09T17:56:35.708743+00:00, run_after=2023-05-10T17:56:35.708743+00:00
[2023-05-10T17:56:35.718+0000] {processor.py:175} INFO - Processing /home/airflow/.local/lib/python3.7/site-packages/airflow/example_dags/example_short_circuit_decorator.py took 0.060 seconds
[2023-05-10T18:14:17.719+0000] {processor.py:153} INFO - Started process (PID=740) to work on /home/airflow/.local/lib/python3.7/site-packages/airflow/example_dags/example_short_circuit_decorator.py
[2023-05-10T18:14:17.720+0000] {processor.py:743} INFO - Processing file /home/airflow/.local/lib/python3.7/site-packages/airflow/example_dags/example_short_circuit_decorator.py for tasks to queue
[2023-05-10T18:14:17.721+0000] {logging_mixin.py:137} INFO - [2023-05-10T18:14:17.721+0000] {dagbag.py:538} INFO - Filling up the DagBag from /home/airflow/.local/lib/python3.7/site-packages/airflow/example_dags/example_short_circuit_decorator.py
[2023-05-10T18:14:17.766+0000] {processor.py:753} INFO - DAG(s) dict_keys(['example_short_circuit_decorator']) retrieved from /home/airflow/.local/lib/python3.7/site-packages/airflow/example_dags/example_short_circuit_decorator.py
[2023-05-10T18:14:17.834+0000] {logging_mixin.py:137} INFO - [2023-05-10T18:14:17.834+0000] {dag.py:2690} INFO - Sync 1 DAGs
[2023-05-10T18:14:17.850+0000] {logging_mixin.py:137} INFO - [2023-05-10T18:14:17.850+0000] {dag.py:3441} INFO - Setting next_dagrun for example_short_circuit_decorator to 2023-05-09T18:14:17.850007+00:00, run_after=2023-05-10T18:14:17.850007+00:00
[2023-05-10T18:14:17.863+0000] {processor.py:175} INFO - Processing /home/airflow/.local/lib/python3.7/site-packages/airflow/example_dags/example_short_circuit_decorator.py took 0.147 seconds
[2023-05-10T18:14:48.103+0000] {processor.py:153} INFO - Started process (PID=803) to work on /home/airflow/.local/lib/python3.7/site-packages/airflow/example_dags/example_short_circuit_decorator.py
[2023-05-10T18:14:48.104+0000] {processor.py:743} INFO - Processing file /home/airflow/.local/lib/python3.7/site-packages/airflow/example_dags/example_short_circuit_decorator.py for tasks to queue
[2023-05-10T18:14:48.105+0000] {logging_mixin.py:137} INFO - [2023-05-10T18:14:48.105+0000] {dagbag.py:538} INFO - Filling up the DagBag from /home/airflow/.local/lib/python3.7/site-packages/airflow/example_dags/example_short_circuit_decorator.py
[2023-05-10T18:14:48.126+0000] {processor.py:753} INFO - DAG(s) dict_keys(['example_short_circuit_decorator']) retrieved from /home/airflow/.local/lib/python3.7/site-packages/airflow/example_dags/example_short_circuit_decorator.py
[2023-05-10T18:14:48.146+0000] {logging_mixin.py:137} INFO - [2023-05-10T18:14:48.146+0000] {dag.py:2690} INFO - Sync 1 DAGs
[2023-05-10T18:14:48.159+0000] {logging_mixin.py:137} INFO - [2023-05-10T18:14:48.159+0000] {dag.py:3441} INFO - Setting next_dagrun for example_short_circuit_decorator to 2023-05-09T18:14:48.159163+00:00, run_after=2023-05-10T18:14:48.159163+00:00
[2023-05-10T18:14:48.169+0000] {processor.py:175} INFO - Processing /home/airflow/.local/lib/python3.7/site-packages/airflow/example_dags/example_short_circuit_decorator.py took 0.071 seconds
[2023-05-10T18:30:28.352+0000] {processor.py:153} INFO - Started process (PID=880) to work on /home/airflow/.local/lib/python3.7/site-packages/airflow/example_dags/example_short_circuit_decorator.py
[2023-05-10T18:30:28.353+0000] {processor.py:743} INFO - Processing file /home/airflow/.local/lib/python3.7/site-packages/airflow/example_dags/example_short_circuit_decorator.py for tasks to queue
[2023-05-10T18:30:28.354+0000] {logging_mixin.py:137} INFO - [2023-05-10T18:30:28.354+0000] {dagbag.py:538} INFO - Filling up the DagBag from /home/airflow/.local/lib/python3.7/site-packages/airflow/example_dags/example_short_circuit_decorator.py
[2023-05-10T18:30:28.372+0000] {processor.py:753} INFO - DAG(s) dict_keys(['example_short_circuit_decorator']) retrieved from /home/airflow/.local/lib/python3.7/site-packages/airflow/example_dags/example_short_circuit_decorator.py
[2023-05-10T18:30:28.388+0000] {logging_mixin.py:137} INFO - [2023-05-10T18:30:28.388+0000] {dag.py:2690} INFO - Sync 1 DAGs
[2023-05-10T18:30:28.401+0000] {logging_mixin.py:137} INFO - [2023-05-10T18:30:28.401+0000] {dag.py:3441} INFO - Setting next_dagrun for example_short_circuit_decorator to 2023-05-09T18:30:28.401159+00:00, run_after=2023-05-10T18:30:28.401159+00:00
[2023-05-10T18:30:28.410+0000] {processor.py:175} INFO - Processing /home/airflow/.local/lib/python3.7/site-packages/airflow/example_dags/example_short_circuit_decorator.py took 0.062 seconds
[2023-05-10T18:30:58.810+0000] {processor.py:153} INFO - Started process (PID=956) to work on /home/airflow/.local/lib/python3.7/site-packages/airflow/example_dags/example_short_circuit_decorator.py
[2023-05-10T18:30:58.812+0000] {processor.py:743} INFO - Processing file /home/airflow/.local/lib/python3.7/site-packages/airflow/example_dags/example_short_circuit_decorator.py for tasks to queue
[2023-05-10T18:30:58.813+0000] {logging_mixin.py:137} INFO - [2023-05-10T18:30:58.813+0000] {dagbag.py:538} INFO - Filling up the DagBag from /home/airflow/.local/lib/python3.7/site-packages/airflow/example_dags/example_short_circuit_decorator.py
[2023-05-10T18:30:58.836+0000] {processor.py:753} INFO - DAG(s) dict_keys(['example_short_circuit_decorator']) retrieved from /home/airflow/.local/lib/python3.7/site-packages/airflow/example_dags/example_short_circuit_decorator.py
[2023-05-10T18:30:58.853+0000] {logging_mixin.py:137} INFO - [2023-05-10T18:30:58.853+0000] {dag.py:2690} INFO - Sync 1 DAGs
[2023-05-10T18:30:58.867+0000] {logging_mixin.py:137} INFO - [2023-05-10T18:30:58.867+0000] {dag.py:3441} INFO - Setting next_dagrun for example_short_circuit_decorator to 2023-05-09T18:30:58.867064+00:00, run_after=2023-05-10T18:30:58.867064+00:00
[2023-05-10T18:30:58.877+0000] {processor.py:175} INFO - Processing /home/airflow/.local/lib/python3.7/site-packages/airflow/example_dags/example_short_circuit_decorator.py took 0.073 seconds
[2023-05-10T18:47:35.907+0000] {processor.py:153} INFO - Started process (PID=1020) to work on /home/airflow/.local/lib/python3.7/site-packages/airflow/example_dags/example_short_circuit_decorator.py
[2023-05-10T18:47:35.910+0000] {processor.py:743} INFO - Processing file /home/airflow/.local/lib/python3.7/site-packages/airflow/example_dags/example_short_circuit_decorator.py for tasks to queue
[2023-05-10T18:47:35.914+0000] {logging_mixin.py:137} INFO - [2023-05-10T18:47:35.913+0000] {dagbag.py:538} INFO - Filling up the DagBag from /home/airflow/.local/lib/python3.7/site-packages/airflow/example_dags/example_short_circuit_decorator.py
[2023-05-10T18:47:35.942+0000] {processor.py:753} INFO - DAG(s) dict_keys(['example_short_circuit_decorator']) retrieved from /home/airflow/.local/lib/python3.7/site-packages/airflow/example_dags/example_short_circuit_decorator.py
[2023-05-10T18:47:35.997+0000] {logging_mixin.py:137} INFO - [2023-05-10T18:47:35.996+0000] {dag.py:2690} INFO - Sync 1 DAGs
[2023-05-10T18:47:36.023+0000] {logging_mixin.py:137} INFO - [2023-05-10T18:47:36.023+0000] {dag.py:3441} INFO - Setting next_dagrun for example_short_circuit_decorator to 2023-05-09T18:47:36.022983+00:00, run_after=2023-05-10T18:47:36.022983+00:00
[2023-05-10T18:47:36.040+0000] {processor.py:175} INFO - Processing /home/airflow/.local/lib/python3.7/site-packages/airflow/example_dags/example_short_circuit_decorator.py took 0.138 seconds
[2023-05-10T18:48:06.106+0000] {processor.py:153} INFO - Started process (PID=1096) to work on /home/airflow/.local/lib/python3.7/site-packages/airflow/example_dags/example_short_circuit_decorator.py
[2023-05-10T18:48:06.107+0000] {processor.py:743} INFO - Processing file /home/airflow/.local/lib/python3.7/site-packages/airflow/example_dags/example_short_circuit_decorator.py for tasks to queue
[2023-05-10T18:48:06.108+0000] {logging_mixin.py:137} INFO - [2023-05-10T18:48:06.108+0000] {dagbag.py:538} INFO - Filling up the DagBag from /home/airflow/.local/lib/python3.7/site-packages/airflow/example_dags/example_short_circuit_decorator.py
[2023-05-10T18:48:06.127+0000] {processor.py:753} INFO - DAG(s) dict_keys(['example_short_circuit_decorator']) retrieved from /home/airflow/.local/lib/python3.7/site-packages/airflow/example_dags/example_short_circuit_decorator.py
[2023-05-10T18:48:06.145+0000] {logging_mixin.py:137} INFO - [2023-05-10T18:48:06.145+0000] {dag.py:2690} INFO - Sync 1 DAGs
[2023-05-10T18:48:06.157+0000] {logging_mixin.py:137} INFO - [2023-05-10T18:48:06.157+0000] {dag.py:3441} INFO - Setting next_dagrun for example_short_circuit_decorator to 2023-05-09T18:48:06.157508+00:00, run_after=2023-05-10T18:48:06.157508+00:00
[2023-05-10T18:48:06.167+0000] {processor.py:175} INFO - Processing /home/airflow/.local/lib/python3.7/site-packages/airflow/example_dags/example_short_circuit_decorator.py took 0.065 seconds
[2023-05-10T18:49:22.312+0000] {processor.py:153} INFO - Started process (PID=1170) to work on /home/airflow/.local/lib/python3.7/site-packages/airflow/example_dags/example_short_circuit_decorator.py
[2023-05-10T18:49:22.314+0000] {processor.py:743} INFO - Processing file /home/airflow/.local/lib/python3.7/site-packages/airflow/example_dags/example_short_circuit_decorator.py for tasks to queue
[2023-05-10T18:49:22.316+0000] {logging_mixin.py:137} INFO - [2023-05-10T18:49:22.315+0000] {dagbag.py:538} INFO - Filling up the DagBag from /home/airflow/.local/lib/python3.7/site-packages/airflow/example_dags/example_short_circuit_decorator.py
[2023-05-10T18:49:22.342+0000] {processor.py:753} INFO - DAG(s) dict_keys(['example_short_circuit_decorator']) retrieved from /home/airflow/.local/lib/python3.7/site-packages/airflow/example_dags/example_short_circuit_decorator.py
[2023-05-10T18:49:22.360+0000] {logging_mixin.py:137} INFO - [2023-05-10T18:49:22.359+0000] {dag.py:2690} INFO - Sync 1 DAGs
[2023-05-10T18:49:22.375+0000] {logging_mixin.py:137} INFO - [2023-05-10T18:49:22.375+0000] {dag.py:3441} INFO - Setting next_dagrun for example_short_circuit_decorator to 2023-05-09T18:49:22.375571+00:00, run_after=2023-05-10T18:49:22.375571+00:00
[2023-05-10T18:49:22.386+0000] {processor.py:175} INFO - Processing /home/airflow/.local/lib/python3.7/site-packages/airflow/example_dags/example_short_circuit_decorator.py took 0.079 seconds
[2023-05-10T18:49:53.005+0000] {processor.py:153} INFO - Started process (PID=1234) to work on /home/airflow/.local/lib/python3.7/site-packages/airflow/example_dags/example_short_circuit_decorator.py
[2023-05-10T18:49:53.007+0000] {processor.py:743} INFO - Processing file /home/airflow/.local/lib/python3.7/site-packages/airflow/example_dags/example_short_circuit_decorator.py for tasks to queue
[2023-05-10T18:49:53.008+0000] {logging_mixin.py:137} INFO - [2023-05-10T18:49:53.008+0000] {dagbag.py:538} INFO - Filling up the DagBag from /home/airflow/.local/lib/python3.7/site-packages/airflow/example_dags/example_short_circuit_decorator.py
[2023-05-10T18:49:53.029+0000] {processor.py:753} INFO - DAG(s) dict_keys(['example_short_circuit_decorator']) retrieved from /home/airflow/.local/lib/python3.7/site-packages/airflow/example_dags/example_short_circuit_decorator.py
[2023-05-10T18:49:53.047+0000] {logging_mixin.py:137} INFO - [2023-05-10T18:49:53.047+0000] {dag.py:2690} INFO - Sync 1 DAGs
[2023-05-10T18:49:53.061+0000] {logging_mixin.py:137} INFO - [2023-05-10T18:49:53.061+0000] {dag.py:3441} INFO - Setting next_dagrun for example_short_circuit_decorator to 2023-05-09T18:49:53.061105+00:00, run_after=2023-05-10T18:49:53.061105+00:00
[2023-05-10T18:49:53.070+0000] {processor.py:175} INFO - Processing /home/airflow/.local/lib/python3.7/site-packages/airflow/example_dags/example_short_circuit_decorator.py took 0.073 seconds
[2023-05-10T18:50:23.815+0000] {processor.py:153} INFO - Started process (PID=1309) to work on /home/airflow/.local/lib/python3.7/site-packages/airflow/example_dags/example_short_circuit_decorator.py
[2023-05-10T18:50:23.817+0000] {processor.py:743} INFO - Processing file /home/airflow/.local/lib/python3.7/site-packages/airflow/example_dags/example_short_circuit_decorator.py for tasks to queue
[2023-05-10T18:50:23.818+0000] {logging_mixin.py:137} INFO - [2023-05-10T18:50:23.818+0000] {dagbag.py:538} INFO - Filling up the DagBag from /home/airflow/.local/lib/python3.7/site-packages/airflow/example_dags/example_short_circuit_decorator.py
[2023-05-10T18:50:23.841+0000] {processor.py:753} INFO - DAG(s) dict_keys(['example_short_circuit_decorator']) retrieved from /home/airflow/.local/lib/python3.7/site-packages/airflow/example_dags/example_short_circuit_decorator.py
[2023-05-10T18:50:23.859+0000] {logging_mixin.py:137} INFO - [2023-05-10T18:50:23.859+0000] {dag.py:2690} INFO - Sync 1 DAGs
[2023-05-10T18:50:23.872+0000] {logging_mixin.py:137} INFO - [2023-05-10T18:50:23.872+0000] {dag.py:3441} INFO - Setting next_dagrun for example_short_circuit_decorator to 2023-05-09T18:50:23.871951+00:00, run_after=2023-05-10T18:50:23.871951+00:00
[2023-05-10T18:50:23.881+0000] {processor.py:175} INFO - Processing /home/airflow/.local/lib/python3.7/site-packages/airflow/example_dags/example_short_circuit_decorator.py took 0.073 seconds
[2023-05-10T18:50:54.554+0000] {processor.py:153} INFO - Started process (PID=1382) to work on /home/airflow/.local/lib/python3.7/site-packages/airflow/example_dags/example_short_circuit_decorator.py
[2023-05-10T18:50:54.555+0000] {processor.py:743} INFO - Processing file /home/airflow/.local/lib/python3.7/site-packages/airflow/example_dags/example_short_circuit_decorator.py for tasks to queue
[2023-05-10T18:50:54.556+0000] {logging_mixin.py:137} INFO - [2023-05-10T18:50:54.556+0000] {dagbag.py:538} INFO - Filling up the DagBag from /home/airflow/.local/lib/python3.7/site-packages/airflow/example_dags/example_short_circuit_decorator.py
[2023-05-10T18:50:54.570+0000] {processor.py:753} INFO - DAG(s) dict_keys(['example_short_circuit_decorator']) retrieved from /home/airflow/.local/lib/python3.7/site-packages/airflow/example_dags/example_short_circuit_decorator.py
[2023-05-10T18:50:54.587+0000] {logging_mixin.py:137} INFO - [2023-05-10T18:50:54.587+0000] {dag.py:2690} INFO - Sync 1 DAGs
[2023-05-10T18:50:54.601+0000] {logging_mixin.py:137} INFO - [2023-05-10T18:50:54.601+0000] {dag.py:3441} INFO - Setting next_dagrun for example_short_circuit_decorator to 2023-05-09T18:50:54.601328+00:00, run_after=2023-05-10T18:50:54.601328+00:00
[2023-05-10T18:50:54.613+0000] {processor.py:175} INFO - Processing /home/airflow/.local/lib/python3.7/site-packages/airflow/example_dags/example_short_circuit_decorator.py took 0.062 seconds
[2023-05-10T18:51:25.340+0000] {processor.py:153} INFO - Started process (PID=1457) to work on /home/airflow/.local/lib/python3.7/site-packages/airflow/example_dags/example_short_circuit_decorator.py
[2023-05-10T18:51:25.341+0000] {processor.py:743} INFO - Processing file /home/airflow/.local/lib/python3.7/site-packages/airflow/example_dags/example_short_circuit_decorator.py for tasks to queue
[2023-05-10T18:51:25.342+0000] {logging_mixin.py:137} INFO - [2023-05-10T18:51:25.342+0000] {dagbag.py:538} INFO - Filling up the DagBag from /home/airflow/.local/lib/python3.7/site-packages/airflow/example_dags/example_short_circuit_decorator.py
[2023-05-10T18:51:25.359+0000] {processor.py:753} INFO - DAG(s) dict_keys(['example_short_circuit_decorator']) retrieved from /home/airflow/.local/lib/python3.7/site-packages/airflow/example_dags/example_short_circuit_decorator.py
[2023-05-10T18:51:25.375+0000] {logging_mixin.py:137} INFO - [2023-05-10T18:51:25.375+0000] {dag.py:2690} INFO - Sync 1 DAGs
[2023-05-10T18:51:25.389+0000] {logging_mixin.py:137} INFO - [2023-05-10T18:51:25.389+0000] {dag.py:3441} INFO - Setting next_dagrun for example_short_circuit_decorator to 2023-05-09T18:51:25.389726+00:00, run_after=2023-05-10T18:51:25.389726+00:00
[2023-05-10T18:51:25.400+0000] {processor.py:175} INFO - Processing /home/airflow/.local/lib/python3.7/site-packages/airflow/example_dags/example_short_circuit_decorator.py took 0.064 seconds
[2023-05-10T18:51:56.198+0000] {processor.py:153} INFO - Started process (PID=1520) to work on /home/airflow/.local/lib/python3.7/site-packages/airflow/example_dags/example_short_circuit_decorator.py
[2023-05-10T18:51:56.199+0000] {processor.py:743} INFO - Processing file /home/airflow/.local/lib/python3.7/site-packages/airflow/example_dags/example_short_circuit_decorator.py for tasks to queue
[2023-05-10T18:51:56.201+0000] {logging_mixin.py:137} INFO - [2023-05-10T18:51:56.201+0000] {dagbag.py:538} INFO - Filling up the DagBag from /home/airflow/.local/lib/python3.7/site-packages/airflow/example_dags/example_short_circuit_decorator.py
[2023-05-10T18:51:56.225+0000] {processor.py:753} INFO - DAG(s) dict_keys(['example_short_circuit_decorator']) retrieved from /home/airflow/.local/lib/python3.7/site-packages/airflow/example_dags/example_short_circuit_decorator.py
[2023-05-10T18:51:56.245+0000] {logging_mixin.py:137} INFO - [2023-05-10T18:51:56.245+0000] {dag.py:2690} INFO - Sync 1 DAGs
[2023-05-10T18:51:56.260+0000] {logging_mixin.py:137} INFO - [2023-05-10T18:51:56.260+0000] {dag.py:3441} INFO - Setting next_dagrun for example_short_circuit_decorator to 2023-05-09T18:51:56.259928+00:00, run_after=2023-05-10T18:51:56.259928+00:00
[2023-05-10T18:51:56.270+0000] {processor.py:175} INFO - Processing /home/airflow/.local/lib/python3.7/site-packages/airflow/example_dags/example_short_circuit_decorator.py took 0.078 seconds
[2023-05-10T18:52:26.983+0000] {processor.py:153} INFO - Started process (PID=1593) to work on /home/airflow/.local/lib/python3.7/site-packages/airflow/example_dags/example_short_circuit_decorator.py
[2023-05-10T18:52:26.986+0000] {processor.py:743} INFO - Processing file /home/airflow/.local/lib/python3.7/site-packages/airflow/example_dags/example_short_circuit_decorator.py for tasks to queue
[2023-05-10T18:52:26.987+0000] {logging_mixin.py:137} INFO - [2023-05-10T18:52:26.987+0000] {dagbag.py:538} INFO - Filling up the DagBag from /home/airflow/.local/lib/python3.7/site-packages/airflow/example_dags/example_short_circuit_decorator.py
[2023-05-10T18:52:27.011+0000] {processor.py:753} INFO - DAG(s) dict_keys(['example_short_circuit_decorator']) retrieved from /home/airflow/.local/lib/python3.7/site-packages/airflow/example_dags/example_short_circuit_decorator.py
[2023-05-10T18:52:27.029+0000] {logging_mixin.py:137} INFO - [2023-05-10T18:52:27.029+0000] {dag.py:2690} INFO - Sync 1 DAGs
[2023-05-10T18:52:27.043+0000] {logging_mixin.py:137} INFO - [2023-05-10T18:52:27.043+0000] {dag.py:3441} INFO - Setting next_dagrun for example_short_circuit_decorator to 2023-05-09T18:52:27.043204+00:00, run_after=2023-05-10T18:52:27.043204+00:00
[2023-05-10T18:52:27.052+0000] {processor.py:175} INFO - Processing /home/airflow/.local/lib/python3.7/site-packages/airflow/example_dags/example_short_circuit_decorator.py took 0.074 seconds
[2023-05-10T18:52:57.886+0000] {processor.py:153} INFO - Started process (PID=1668) to work on /home/airflow/.local/lib/python3.7/site-packages/airflow/example_dags/example_short_circuit_decorator.py
[2023-05-10T18:52:57.888+0000] {processor.py:743} INFO - Processing file /home/airflow/.local/lib/python3.7/site-packages/airflow/example_dags/example_short_circuit_decorator.py for tasks to queue
[2023-05-10T18:52:57.890+0000] {logging_mixin.py:137} INFO - [2023-05-10T18:52:57.889+0000] {dagbag.py:538} INFO - Filling up the DagBag from /home/airflow/.local/lib/python3.7/site-packages/airflow/example_dags/example_short_circuit_decorator.py
[2023-05-10T18:52:57.911+0000] {processor.py:753} INFO - DAG(s) dict_keys(['example_short_circuit_decorator']) retrieved from /home/airflow/.local/lib/python3.7/site-packages/airflow/example_dags/example_short_circuit_decorator.py
[2023-05-10T18:52:57.930+0000] {logging_mixin.py:137} INFO - [2023-05-10T18:52:57.930+0000] {dag.py:2690} INFO - Sync 1 DAGs
[2023-05-10T18:52:57.944+0000] {logging_mixin.py:137} INFO - [2023-05-10T18:52:57.944+0000] {dag.py:3441} INFO - Setting next_dagrun for example_short_circuit_decorator to 2023-05-09T18:52:57.943899+00:00, run_after=2023-05-10T18:52:57.943899+00:00
[2023-05-10T18:52:57.956+0000] {processor.py:175} INFO - Processing /home/airflow/.local/lib/python3.7/site-packages/airflow/example_dags/example_short_circuit_decorator.py took 0.075 seconds
[2023-05-10T18:53:28.646+0000] {processor.py:153} INFO - Started process (PID=1743) to work on /home/airflow/.local/lib/python3.7/site-packages/airflow/example_dags/example_short_circuit_decorator.py
[2023-05-10T18:53:28.648+0000] {processor.py:743} INFO - Processing file /home/airflow/.local/lib/python3.7/site-packages/airflow/example_dags/example_short_circuit_decorator.py for tasks to queue
[2023-05-10T18:53:28.650+0000] {logging_mixin.py:137} INFO - [2023-05-10T18:53:28.650+0000] {dagbag.py:538} INFO - Filling up the DagBag from /home/airflow/.local/lib/python3.7/site-packages/airflow/example_dags/example_short_circuit_decorator.py
[2023-05-10T18:53:28.678+0000] {processor.py:753} INFO - DAG(s) dict_keys(['example_short_circuit_decorator']) retrieved from /home/airflow/.local/lib/python3.7/site-packages/airflow/example_dags/example_short_circuit_decorator.py
[2023-05-10T18:53:28.693+0000] {logging_mixin.py:137} INFO - [2023-05-10T18:53:28.693+0000] {dag.py:2690} INFO - Sync 1 DAGs
[2023-05-10T18:53:28.706+0000] {logging_mixin.py:137} INFO - [2023-05-10T18:53:28.706+0000] {dag.py:3441} INFO - Setting next_dagrun for example_short_circuit_decorator to 2023-05-09T18:53:28.706757+00:00, run_after=2023-05-10T18:53:28.706757+00:00
[2023-05-10T18:53:28.716+0000] {processor.py:175} INFO - Processing /home/airflow/.local/lib/python3.7/site-packages/airflow/example_dags/example_short_circuit_decorator.py took 0.075 seconds
[2023-05-10T18:53:59.549+0000] {processor.py:153} INFO - Started process (PID=1805) to work on /home/airflow/.local/lib/python3.7/site-packages/airflow/example_dags/example_short_circuit_decorator.py
[2023-05-10T18:53:59.552+0000] {processor.py:743} INFO - Processing file /home/airflow/.local/lib/python3.7/site-packages/airflow/example_dags/example_short_circuit_decorator.py for tasks to queue
[2023-05-10T18:53:59.555+0000] {logging_mixin.py:137} INFO - [2023-05-10T18:53:59.554+0000] {dagbag.py:538} INFO - Filling up the DagBag from /home/airflow/.local/lib/python3.7/site-packages/airflow/example_dags/example_short_circuit_decorator.py
[2023-05-10T18:53:59.576+0000] {processor.py:753} INFO - DAG(s) dict_keys(['example_short_circuit_decorator']) retrieved from /home/airflow/.local/lib/python3.7/site-packages/airflow/example_dags/example_short_circuit_decorator.py
[2023-05-10T18:53:59.594+0000] {logging_mixin.py:137} INFO - [2023-05-10T18:53:59.594+0000] {dag.py:2690} INFO - Sync 1 DAGs
[2023-05-10T18:53:59.608+0000] {logging_mixin.py:137} INFO - [2023-05-10T18:53:59.608+0000] {dag.py:3441} INFO - Setting next_dagrun for example_short_circuit_decorator to 2023-05-09T18:53:59.608031+00:00, run_after=2023-05-10T18:53:59.608031+00:00
[2023-05-10T18:53:59.617+0000] {processor.py:175} INFO - Processing /home/airflow/.local/lib/python3.7/site-packages/airflow/example_dags/example_short_circuit_decorator.py took 0.074 seconds
[2023-05-10T18:54:30.282+0000] {processor.py:153} INFO - Started process (PID=1881) to work on /home/airflow/.local/lib/python3.7/site-packages/airflow/example_dags/example_short_circuit_decorator.py
[2023-05-10T18:54:30.284+0000] {processor.py:743} INFO - Processing file /home/airflow/.local/lib/python3.7/site-packages/airflow/example_dags/example_short_circuit_decorator.py for tasks to queue
[2023-05-10T18:54:30.285+0000] {logging_mixin.py:137} INFO - [2023-05-10T18:54:30.285+0000] {dagbag.py:538} INFO - Filling up the DagBag from /home/airflow/.local/lib/python3.7/site-packages/airflow/example_dags/example_short_circuit_decorator.py
[2023-05-10T18:54:30.308+0000] {processor.py:753} INFO - DAG(s) dict_keys(['example_short_circuit_decorator']) retrieved from /home/airflow/.local/lib/python3.7/site-packages/airflow/example_dags/example_short_circuit_decorator.py
[2023-05-10T18:54:30.327+0000] {logging_mixin.py:137} INFO - [2023-05-10T18:54:30.327+0000] {dag.py:2690} INFO - Sync 1 DAGs
[2023-05-10T18:54:30.340+0000] {logging_mixin.py:137} INFO - [2023-05-10T18:54:30.340+0000] {dag.py:3441} INFO - Setting next_dagrun for example_short_circuit_decorator to 2023-05-09T18:54:30.340074+00:00, run_after=2023-05-10T18:54:30.340074+00:00
[2023-05-10T18:54:30.350+0000] {processor.py:175} INFO - Processing /home/airflow/.local/lib/python3.7/site-packages/airflow/example_dags/example_short_circuit_decorator.py took 0.073 seconds
[2023-05-10T18:55:01.012+0000] {processor.py:153} INFO - Started process (PID=1956) to work on /home/airflow/.local/lib/python3.7/site-packages/airflow/example_dags/example_short_circuit_decorator.py
[2023-05-10T18:55:01.014+0000] {processor.py:743} INFO - Processing file /home/airflow/.local/lib/python3.7/site-packages/airflow/example_dags/example_short_circuit_decorator.py for tasks to queue
[2023-05-10T18:55:01.015+0000] {logging_mixin.py:137} INFO - [2023-05-10T18:55:01.015+0000] {dagbag.py:538} INFO - Filling up the DagBag from /home/airflow/.local/lib/python3.7/site-packages/airflow/example_dags/example_short_circuit_decorator.py
[2023-05-10T18:55:01.040+0000] {processor.py:753} INFO - DAG(s) dict_keys(['example_short_circuit_decorator']) retrieved from /home/airflow/.local/lib/python3.7/site-packages/airflow/example_dags/example_short_circuit_decorator.py
[2023-05-10T18:55:01.059+0000] {logging_mixin.py:137} INFO - [2023-05-10T18:55:01.059+0000] {dag.py:2690} INFO - Sync 1 DAGs
[2023-05-10T18:55:01.073+0000] {logging_mixin.py:137} INFO - [2023-05-10T18:55:01.073+0000] {dag.py:3441} INFO - Setting next_dagrun for example_short_circuit_decorator to 2023-05-09T18:55:01.073311+00:00, run_after=2023-05-10T18:55:01.073311+00:00
[2023-05-10T18:55:01.082+0000] {processor.py:175} INFO - Processing /home/airflow/.local/lib/python3.7/site-packages/airflow/example_dags/example_short_circuit_decorator.py took 0.076 seconds
