[2023-05-10T17:37:12.324+0000] {processor.py:153} INFO - Started process (PID=46) to work on /home/airflow/.local/lib/python3.7/site-packages/airflow/example_dags/example_xcom.py
[2023-05-10T17:37:12.326+0000] {processor.py:743} INFO - Processing file /home/airflow/.local/lib/python3.7/site-packages/airflow/example_dags/example_xcom.py for tasks to queue
[2023-05-10T17:37:12.328+0000] {logging_mixin.py:137} INFO - [2023-05-10T17:37:12.328+0000] {dagbag.py:538} INFO - Filling up the DagBag from /home/airflow/.local/lib/python3.7/site-packages/airflow/example_dags/example_xcom.py
[2023-05-10T17:37:12.357+0000] {processor.py:753} INFO - DAG(s) dict_keys(['example_xcom']) retrieved from /home/airflow/.local/lib/python3.7/site-packages/airflow/example_dags/example_xcom.py
[2023-05-10T17:37:12.510+0000] {logging_mixin.py:137} INFO - [2023-05-10T17:37:12.510+0000] {manager.py:504} INFO - Created Permission View: can edit on DAG:example_xcom
[2023-05-10T17:37:12.519+0000] {logging_mixin.py:137} INFO - [2023-05-10T17:37:12.519+0000] {manager.py:504} INFO - Created Permission View: can read on DAG:example_xcom
[2023-05-10T17:37:12.530+0000] {logging_mixin.py:137} INFO - [2023-05-10T17:37:12.530+0000] {manager.py:504} INFO - Created Permission View: can delete on DAG:example_xcom
[2023-05-10T17:37:12.539+0000] {logging_mixin.py:137} INFO - [2023-05-10T17:37:12.539+0000] {dag.py:2690} INFO - Sync 1 DAGs
[2023-05-10T17:37:12.555+0000] {logging_mixin.py:137} INFO - [2023-05-10T17:37:12.555+0000] {dag.py:2711} INFO - Creating ORM DAG for example_xcom
[2023-05-10T17:37:12.569+0000] {logging_mixin.py:137} INFO - [2023-05-10T17:37:12.568+0000] {dag.py:3441} INFO - Setting next_dagrun for example_xcom to 2021-01-01T00:00:00+00:00, run_after=2021-01-01T00:00:00+00:00
[2023-05-10T17:37:12.596+0000] {processor.py:175} INFO - Processing /home/airflow/.local/lib/python3.7/site-packages/airflow/example_dags/example_xcom.py took 0.277 seconds
[2023-05-10T17:37:43.358+0000] {processor.py:153} INFO - Started process (PID=120) to work on /home/airflow/.local/lib/python3.7/site-packages/airflow/example_dags/example_xcom.py
[2023-05-10T17:37:43.360+0000] {processor.py:743} INFO - Processing file /home/airflow/.local/lib/python3.7/site-packages/airflow/example_dags/example_xcom.py for tasks to queue
[2023-05-10T17:37:43.361+0000] {logging_mixin.py:137} INFO - [2023-05-10T17:37:43.361+0000] {dagbag.py:538} INFO - Filling up the DagBag from /home/airflow/.local/lib/python3.7/site-packages/airflow/example_dags/example_xcom.py
[2023-05-10T17:37:43.383+0000] {processor.py:753} INFO - DAG(s) dict_keys(['example_xcom']) retrieved from /home/airflow/.local/lib/python3.7/site-packages/airflow/example_dags/example_xcom.py
[2023-05-10T17:37:43.419+0000] {logging_mixin.py:137} INFO - [2023-05-10T17:37:43.418+0000] {dag.py:2690} INFO - Sync 1 DAGs
[2023-05-10T17:37:43.448+0000] {logging_mixin.py:137} INFO - [2023-05-10T17:37:43.448+0000] {dag.py:3441} INFO - Setting next_dagrun for example_xcom to 2021-01-01T00:00:00+00:00, run_after=2021-01-01T00:00:00+00:00
[2023-05-10T17:37:43.471+0000] {processor.py:175} INFO - Processing /home/airflow/.local/lib/python3.7/site-packages/airflow/example_dags/example_xcom.py took 0.117 seconds
[2023-05-10T17:38:14.208+0000] {processor.py:153} INFO - Started process (PID=184) to work on /home/airflow/.local/lib/python3.7/site-packages/airflow/example_dags/example_xcom.py
[2023-05-10T17:38:14.210+0000] {processor.py:743} INFO - Processing file /home/airflow/.local/lib/python3.7/site-packages/airflow/example_dags/example_xcom.py for tasks to queue
[2023-05-10T17:38:14.212+0000] {logging_mixin.py:137} INFO - [2023-05-10T17:38:14.212+0000] {dagbag.py:538} INFO - Filling up the DagBag from /home/airflow/.local/lib/python3.7/site-packages/airflow/example_dags/example_xcom.py
[2023-05-10T17:38:14.231+0000] {processor.py:753} INFO - DAG(s) dict_keys(['example_xcom']) retrieved from /home/airflow/.local/lib/python3.7/site-packages/airflow/example_dags/example_xcom.py
[2023-05-10T17:38:14.281+0000] {logging_mixin.py:137} INFO - [2023-05-10T17:38:14.281+0000] {dag.py:2690} INFO - Sync 1 DAGs
[2023-05-10T17:38:14.322+0000] {logging_mixin.py:137} INFO - [2023-05-10T17:38:14.322+0000] {dag.py:3441} INFO - Setting next_dagrun for example_xcom to 2021-01-01T00:00:00+00:00, run_after=2021-01-01T00:00:00+00:00
[2023-05-10T17:38:14.350+0000] {processor.py:175} INFO - Processing /home/airflow/.local/lib/python3.7/site-packages/airflow/example_dags/example_xcom.py took 0.145 seconds
[2023-05-10T17:38:44.797+0000] {processor.py:153} INFO - Started process (PID=260) to work on /home/airflow/.local/lib/python3.7/site-packages/airflow/example_dags/example_xcom.py
[2023-05-10T17:38:44.798+0000] {processor.py:743} INFO - Processing file /home/airflow/.local/lib/python3.7/site-packages/airflow/example_dags/example_xcom.py for tasks to queue
[2023-05-10T17:38:44.798+0000] {logging_mixin.py:137} INFO - [2023-05-10T17:38:44.798+0000] {dagbag.py:538} INFO - Filling up the DagBag from /home/airflow/.local/lib/python3.7/site-packages/airflow/example_dags/example_xcom.py
[2023-05-10T17:38:44.811+0000] {processor.py:753} INFO - DAG(s) dict_keys(['example_xcom']) retrieved from /home/airflow/.local/lib/python3.7/site-packages/airflow/example_dags/example_xcom.py
[2023-05-10T17:38:44.828+0000] {logging_mixin.py:137} INFO - [2023-05-10T17:38:44.828+0000] {dag.py:2690} INFO - Sync 1 DAGs
[2023-05-10T17:38:44.841+0000] {logging_mixin.py:137} INFO - [2023-05-10T17:38:44.841+0000] {dag.py:3441} INFO - Setting next_dagrun for example_xcom to 2021-01-01T00:00:00+00:00, run_after=2021-01-01T00:00:00+00:00
[2023-05-10T17:38:44.850+0000] {processor.py:175} INFO - Processing /home/airflow/.local/lib/python3.7/site-packages/airflow/example_dags/example_xcom.py took 0.055 seconds
[2023-05-10T17:39:15.819+0000] {processor.py:153} INFO - Started process (PID=336) to work on /home/airflow/.local/lib/python3.7/site-packages/airflow/example_dags/example_xcom.py
[2023-05-10T17:39:15.820+0000] {processor.py:743} INFO - Processing file /home/airflow/.local/lib/python3.7/site-packages/airflow/example_dags/example_xcom.py for tasks to queue
[2023-05-10T17:39:15.820+0000] {logging_mixin.py:137} INFO - [2023-05-10T17:39:15.820+0000] {dagbag.py:538} INFO - Filling up the DagBag from /home/airflow/.local/lib/python3.7/site-packages/airflow/example_dags/example_xcom.py
[2023-05-10T17:39:15.833+0000] {processor.py:753} INFO - DAG(s) dict_keys(['example_xcom']) retrieved from /home/airflow/.local/lib/python3.7/site-packages/airflow/example_dags/example_xcom.py
[2023-05-10T17:39:15.849+0000] {logging_mixin.py:137} INFO - [2023-05-10T17:39:15.849+0000] {dag.py:2690} INFO - Sync 1 DAGs
[2023-05-10T17:39:15.862+0000] {logging_mixin.py:137} INFO - [2023-05-10T17:39:15.862+0000] {dag.py:3441} INFO - Setting next_dagrun for example_xcom to 2021-01-01T00:00:00+00:00, run_after=2021-01-01T00:00:00+00:00
[2023-05-10T17:39:15.872+0000] {processor.py:175} INFO - Processing /home/airflow/.local/lib/python3.7/site-packages/airflow/example_dags/example_xcom.py took 0.055 seconds
[2023-05-10T17:39:46.787+0000] {processor.py:153} INFO - Started process (PID=410) to work on /home/airflow/.local/lib/python3.7/site-packages/airflow/example_dags/example_xcom.py
[2023-05-10T17:39:46.788+0000] {processor.py:743} INFO - Processing file /home/airflow/.local/lib/python3.7/site-packages/airflow/example_dags/example_xcom.py for tasks to queue
[2023-05-10T17:39:46.789+0000] {logging_mixin.py:137} INFO - [2023-05-10T17:39:46.789+0000] {dagbag.py:538} INFO - Filling up the DagBag from /home/airflow/.local/lib/python3.7/site-packages/airflow/example_dags/example_xcom.py
[2023-05-10T17:39:46.801+0000] {processor.py:753} INFO - DAG(s) dict_keys(['example_xcom']) retrieved from /home/airflow/.local/lib/python3.7/site-packages/airflow/example_dags/example_xcom.py
[2023-05-10T17:39:46.818+0000] {logging_mixin.py:137} INFO - [2023-05-10T17:39:46.818+0000] {dag.py:2690} INFO - Sync 1 DAGs
[2023-05-10T17:39:46.832+0000] {logging_mixin.py:137} INFO - [2023-05-10T17:39:46.831+0000] {dag.py:3441} INFO - Setting next_dagrun for example_xcom to 2021-01-01T00:00:00+00:00, run_after=2021-01-01T00:00:00+00:00
[2023-05-10T17:39:46.841+0000] {processor.py:175} INFO - Processing /home/airflow/.local/lib/python3.7/site-packages/airflow/example_dags/example_xcom.py took 0.056 seconds
[2023-05-10T17:40:17.696+0000] {processor.py:153} INFO - Started process (PID=474) to work on /home/airflow/.local/lib/python3.7/site-packages/airflow/example_dags/example_xcom.py
[2023-05-10T17:40:17.697+0000] {processor.py:743} INFO - Processing file /home/airflow/.local/lib/python3.7/site-packages/airflow/example_dags/example_xcom.py for tasks to queue
[2023-05-10T17:40:17.697+0000] {logging_mixin.py:137} INFO - [2023-05-10T17:40:17.697+0000] {dagbag.py:538} INFO - Filling up the DagBag from /home/airflow/.local/lib/python3.7/site-packages/airflow/example_dags/example_xcom.py
[2023-05-10T17:40:17.711+0000] {processor.py:753} INFO - DAG(s) dict_keys(['example_xcom']) retrieved from /home/airflow/.local/lib/python3.7/site-packages/airflow/example_dags/example_xcom.py
[2023-05-10T17:40:17.728+0000] {logging_mixin.py:137} INFO - [2023-05-10T17:40:17.728+0000] {dag.py:2690} INFO - Sync 1 DAGs
[2023-05-10T17:40:17.743+0000] {logging_mixin.py:137} INFO - [2023-05-10T17:40:17.743+0000] {dag.py:3441} INFO - Setting next_dagrun for example_xcom to 2021-01-01T00:00:00+00:00, run_after=2021-01-01T00:00:00+00:00
[2023-05-10T17:40:17.752+0000] {processor.py:175} INFO - Processing /home/airflow/.local/lib/python3.7/site-packages/airflow/example_dags/example_xcom.py took 0.059 seconds
[2023-05-10T17:40:48.634+0000] {processor.py:153} INFO - Started process (PID=550) to work on /home/airflow/.local/lib/python3.7/site-packages/airflow/example_dags/example_xcom.py
[2023-05-10T17:40:48.635+0000] {processor.py:743} INFO - Processing file /home/airflow/.local/lib/python3.7/site-packages/airflow/example_dags/example_xcom.py for tasks to queue
[2023-05-10T17:40:48.635+0000] {logging_mixin.py:137} INFO - [2023-05-10T17:40:48.635+0000] {dagbag.py:538} INFO - Filling up the DagBag from /home/airflow/.local/lib/python3.7/site-packages/airflow/example_dags/example_xcom.py
[2023-05-10T17:40:48.649+0000] {processor.py:753} INFO - DAG(s) dict_keys(['example_xcom']) retrieved from /home/airflow/.local/lib/python3.7/site-packages/airflow/example_dags/example_xcom.py
[2023-05-10T17:40:48.667+0000] {logging_mixin.py:137} INFO - [2023-05-10T17:40:48.666+0000] {dag.py:2690} INFO - Sync 1 DAGs
[2023-05-10T17:40:48.680+0000] {logging_mixin.py:137} INFO - [2023-05-10T17:40:48.680+0000] {dag.py:3441} INFO - Setting next_dagrun for example_xcom to 2021-01-01T00:00:00+00:00, run_after=2021-01-01T00:00:00+00:00
[2023-05-10T17:40:48.689+0000] {processor.py:175} INFO - Processing /home/airflow/.local/lib/python3.7/site-packages/airflow/example_dags/example_xcom.py took 0.058 seconds
[2023-05-10T17:41:18.736+0000] {processor.py:153} INFO - Started process (PID=627) to work on /home/airflow/.local/lib/python3.7/site-packages/airflow/example_dags/example_xcom.py
[2023-05-10T17:41:18.736+0000] {processor.py:743} INFO - Processing file /home/airflow/.local/lib/python3.7/site-packages/airflow/example_dags/example_xcom.py for tasks to queue
[2023-05-10T17:41:18.737+0000] {logging_mixin.py:137} INFO - [2023-05-10T17:41:18.737+0000] {dagbag.py:538} INFO - Filling up the DagBag from /home/airflow/.local/lib/python3.7/site-packages/airflow/example_dags/example_xcom.py
[2023-05-10T17:41:18.749+0000] {processor.py:753} INFO - DAG(s) dict_keys(['example_xcom']) retrieved from /home/airflow/.local/lib/python3.7/site-packages/airflow/example_dags/example_xcom.py
[2023-05-10T17:41:18.765+0000] {logging_mixin.py:137} INFO - [2023-05-10T17:41:18.765+0000] {dag.py:2690} INFO - Sync 1 DAGs
[2023-05-10T17:41:18.777+0000] {logging_mixin.py:137} INFO - [2023-05-10T17:41:18.777+0000] {dag.py:3441} INFO - Setting next_dagrun for example_xcom to 2021-01-01T00:00:00+00:00, run_after=2021-01-01T00:00:00+00:00
[2023-05-10T17:41:18.786+0000] {processor.py:175} INFO - Processing /home/airflow/.local/lib/python3.7/site-packages/airflow/example_dags/example_xcom.py took 0.053 seconds
[2023-05-10T17:56:36.177+0000] {processor.py:153} INFO - Started process (PID=678) to work on /home/airflow/.local/lib/python3.7/site-packages/airflow/example_dags/example_xcom.py
[2023-05-10T17:56:36.178+0000] {processor.py:743} INFO - Processing file /home/airflow/.local/lib/python3.7/site-packages/airflow/example_dags/example_xcom.py for tasks to queue
[2023-05-10T17:56:36.178+0000] {logging_mixin.py:137} INFO - [2023-05-10T17:56:36.178+0000] {dagbag.py:538} INFO - Filling up the DagBag from /home/airflow/.local/lib/python3.7/site-packages/airflow/example_dags/example_xcom.py
[2023-05-10T17:56:36.192+0000] {processor.py:753} INFO - DAG(s) dict_keys(['example_xcom']) retrieved from /home/airflow/.local/lib/python3.7/site-packages/airflow/example_dags/example_xcom.py
[2023-05-10T17:56:36.212+0000] {logging_mixin.py:137} INFO - [2023-05-10T17:56:36.212+0000] {dag.py:2690} INFO - Sync 1 DAGs
[2023-05-10T17:56:36.230+0000] {logging_mixin.py:137} INFO - [2023-05-10T17:56:36.229+0000] {dag.py:3441} INFO - Setting next_dagrun for example_xcom to 2021-01-01T00:00:00+00:00, run_after=2021-01-01T00:00:00+00:00
[2023-05-10T17:56:36.245+0000] {processor.py:175} INFO - Processing /home/airflow/.local/lib/python3.7/site-packages/airflow/example_dags/example_xcom.py took 0.071 seconds
[2023-05-10T18:14:18.984+0000] {processor.py:153} INFO - Started process (PID=754) to work on /home/airflow/.local/lib/python3.7/site-packages/airflow/example_dags/example_xcom.py
[2023-05-10T18:14:18.984+0000] {processor.py:743} INFO - Processing file /home/airflow/.local/lib/python3.7/site-packages/airflow/example_dags/example_xcom.py for tasks to queue
[2023-05-10T18:14:18.985+0000] {logging_mixin.py:137} INFO - [2023-05-10T18:14:18.985+0000] {dagbag.py:538} INFO - Filling up the DagBag from /home/airflow/.local/lib/python3.7/site-packages/airflow/example_dags/example_xcom.py
[2023-05-10T18:14:18.997+0000] {processor.py:753} INFO - DAG(s) dict_keys(['example_xcom']) retrieved from /home/airflow/.local/lib/python3.7/site-packages/airflow/example_dags/example_xcom.py
[2023-05-10T18:14:19.014+0000] {logging_mixin.py:137} INFO - [2023-05-10T18:14:19.013+0000] {dag.py:2690} INFO - Sync 1 DAGs
[2023-05-10T18:14:19.026+0000] {logging_mixin.py:137} INFO - [2023-05-10T18:14:19.026+0000] {dag.py:3441} INFO - Setting next_dagrun for example_xcom to 2021-01-01T00:00:00+00:00, run_after=2021-01-01T00:00:00+00:00
[2023-05-10T18:14:19.035+0000] {processor.py:175} INFO - Processing /home/airflow/.local/lib/python3.7/site-packages/airflow/example_dags/example_xcom.py took 0.053 seconds
[2023-05-10T18:14:49.603+0000] {processor.py:153} INFO - Started process (PID=817) to work on /home/airflow/.local/lib/python3.7/site-packages/airflow/example_dags/example_xcom.py
[2023-05-10T18:14:49.604+0000] {processor.py:743} INFO - Processing file /home/airflow/.local/lib/python3.7/site-packages/airflow/example_dags/example_xcom.py for tasks to queue
[2023-05-10T18:14:49.605+0000] {logging_mixin.py:137} INFO - [2023-05-10T18:14:49.605+0000] {dagbag.py:538} INFO - Filling up the DagBag from /home/airflow/.local/lib/python3.7/site-packages/airflow/example_dags/example_xcom.py
[2023-05-10T18:14:49.617+0000] {processor.py:753} INFO - DAG(s) dict_keys(['example_xcom']) retrieved from /home/airflow/.local/lib/python3.7/site-packages/airflow/example_dags/example_xcom.py
[2023-05-10T18:14:49.635+0000] {logging_mixin.py:137} INFO - [2023-05-10T18:14:49.635+0000] {dag.py:2690} INFO - Sync 1 DAGs
[2023-05-10T18:14:49.648+0000] {logging_mixin.py:137} INFO - [2023-05-10T18:14:49.647+0000] {dag.py:3441} INFO - Setting next_dagrun for example_xcom to 2021-01-01T00:00:00+00:00, run_after=2021-01-01T00:00:00+00:00
[2023-05-10T18:14:49.656+0000] {processor.py:175} INFO - Processing /home/airflow/.local/lib/python3.7/site-packages/airflow/example_dags/example_xcom.py took 0.055 seconds
[2023-05-10T18:30:29.030+0000] {processor.py:153} INFO - Started process (PID=894) to work on /home/airflow/.local/lib/python3.7/site-packages/airflow/example_dags/example_xcom.py
[2023-05-10T18:30:29.036+0000] {processor.py:743} INFO - Processing file /home/airflow/.local/lib/python3.7/site-packages/airflow/example_dags/example_xcom.py for tasks to queue
[2023-05-10T18:30:29.038+0000] {logging_mixin.py:137} INFO - [2023-05-10T18:30:29.038+0000] {dagbag.py:538} INFO - Filling up the DagBag from /home/airflow/.local/lib/python3.7/site-packages/airflow/example_dags/example_xcom.py
[2023-05-10T18:30:29.061+0000] {processor.py:753} INFO - DAG(s) dict_keys(['example_xcom']) retrieved from /home/airflow/.local/lib/python3.7/site-packages/airflow/example_dags/example_xcom.py
[2023-05-10T18:30:29.099+0000] {logging_mixin.py:137} INFO - [2023-05-10T18:30:29.098+0000] {dag.py:2690} INFO - Sync 1 DAGs
[2023-05-10T18:30:29.119+0000] {logging_mixin.py:137} INFO - [2023-05-10T18:30:29.119+0000] {dag.py:3441} INFO - Setting next_dagrun for example_xcom to 2021-01-01T00:00:00+00:00, run_after=2021-01-01T00:00:00+00:00
[2023-05-10T18:30:29.137+0000] {processor.py:175} INFO - Processing /home/airflow/.local/lib/python3.7/site-packages/airflow/example_dags/example_xcom.py took 0.111 seconds
[2023-05-10T18:30:59.343+0000] {processor.py:153} INFO - Started process (PID=970) to work on /home/airflow/.local/lib/python3.7/site-packages/airflow/example_dags/example_xcom.py
[2023-05-10T18:30:59.344+0000] {processor.py:743} INFO - Processing file /home/airflow/.local/lib/python3.7/site-packages/airflow/example_dags/example_xcom.py for tasks to queue
[2023-05-10T18:30:59.344+0000] {logging_mixin.py:137} INFO - [2023-05-10T18:30:59.344+0000] {dagbag.py:538} INFO - Filling up the DagBag from /home/airflow/.local/lib/python3.7/site-packages/airflow/example_dags/example_xcom.py
[2023-05-10T18:30:59.358+0000] {processor.py:753} INFO - DAG(s) dict_keys(['example_xcom']) retrieved from /home/airflow/.local/lib/python3.7/site-packages/airflow/example_dags/example_xcom.py
[2023-05-10T18:30:59.375+0000] {logging_mixin.py:137} INFO - [2023-05-10T18:30:59.375+0000] {dag.py:2690} INFO - Sync 1 DAGs
[2023-05-10T18:30:59.388+0000] {logging_mixin.py:137} INFO - [2023-05-10T18:30:59.388+0000] {dag.py:3441} INFO - Setting next_dagrun for example_xcom to 2021-01-01T00:00:00+00:00, run_after=2021-01-01T00:00:00+00:00
[2023-05-10T18:30:59.397+0000] {processor.py:175} INFO - Processing /home/airflow/.local/lib/python3.7/site-packages/airflow/example_dags/example_xcom.py took 0.056 seconds
[2023-05-10T18:47:36.829+0000] {processor.py:153} INFO - Started process (PID=1034) to work on /home/airflow/.local/lib/python3.7/site-packages/airflow/example_dags/example_xcom.py
[2023-05-10T18:47:36.829+0000] {processor.py:743} INFO - Processing file /home/airflow/.local/lib/python3.7/site-packages/airflow/example_dags/example_xcom.py for tasks to queue
[2023-05-10T18:47:36.830+0000] {logging_mixin.py:137} INFO - [2023-05-10T18:47:36.830+0000] {dagbag.py:538} INFO - Filling up the DagBag from /home/airflow/.local/lib/python3.7/site-packages/airflow/example_dags/example_xcom.py
[2023-05-10T18:47:36.843+0000] {processor.py:753} INFO - DAG(s) dict_keys(['example_xcom']) retrieved from /home/airflow/.local/lib/python3.7/site-packages/airflow/example_dags/example_xcom.py
[2023-05-10T18:47:36.862+0000] {logging_mixin.py:137} INFO - [2023-05-10T18:47:36.862+0000] {dag.py:2690} INFO - Sync 1 DAGs
[2023-05-10T18:47:36.877+0000] {logging_mixin.py:137} INFO - [2023-05-10T18:47:36.877+0000] {dag.py:3441} INFO - Setting next_dagrun for example_xcom to 2021-01-01T00:00:00+00:00, run_after=2021-01-01T00:00:00+00:00
[2023-05-10T18:47:36.885+0000] {processor.py:175} INFO - Processing /home/airflow/.local/lib/python3.7/site-packages/airflow/example_dags/example_xcom.py took 0.059 seconds
[2023-05-10T18:48:07.682+0000] {processor.py:153} INFO - Started process (PID=1109) to work on /home/airflow/.local/lib/python3.7/site-packages/airflow/example_dags/example_xcom.py
[2023-05-10T18:48:07.683+0000] {processor.py:743} INFO - Processing file /home/airflow/.local/lib/python3.7/site-packages/airflow/example_dags/example_xcom.py for tasks to queue
[2023-05-10T18:48:07.684+0000] {logging_mixin.py:137} INFO - [2023-05-10T18:48:07.684+0000] {dagbag.py:538} INFO - Filling up the DagBag from /home/airflow/.local/lib/python3.7/site-packages/airflow/example_dags/example_xcom.py
[2023-05-10T18:48:07.698+0000] {processor.py:753} INFO - DAG(s) dict_keys(['example_xcom']) retrieved from /home/airflow/.local/lib/python3.7/site-packages/airflow/example_dags/example_xcom.py
[2023-05-10T18:48:07.715+0000] {logging_mixin.py:137} INFO - [2023-05-10T18:48:07.715+0000] {dag.py:2690} INFO - Sync 1 DAGs
[2023-05-10T18:48:07.728+0000] {logging_mixin.py:137} INFO - [2023-05-10T18:48:07.728+0000] {dag.py:3441} INFO - Setting next_dagrun for example_xcom to 2021-01-01T00:00:00+00:00, run_after=2021-01-01T00:00:00+00:00
[2023-05-10T18:48:07.737+0000] {processor.py:175} INFO - Processing /home/airflow/.local/lib/python3.7/site-packages/airflow/example_dags/example_xcom.py took 0.058 seconds
[2023-05-10T18:49:22.858+0000] {processor.py:153} INFO - Started process (PID=1184) to work on /home/airflow/.local/lib/python3.7/site-packages/airflow/example_dags/example_xcom.py
[2023-05-10T18:49:22.859+0000] {processor.py:743} INFO - Processing file /home/airflow/.local/lib/python3.7/site-packages/airflow/example_dags/example_xcom.py for tasks to queue
[2023-05-10T18:49:22.860+0000] {logging_mixin.py:137} INFO - [2023-05-10T18:49:22.860+0000] {dagbag.py:538} INFO - Filling up the DagBag from /home/airflow/.local/lib/python3.7/site-packages/airflow/example_dags/example_xcom.py
[2023-05-10T18:49:22.873+0000] {processor.py:753} INFO - DAG(s) dict_keys(['example_xcom']) retrieved from /home/airflow/.local/lib/python3.7/site-packages/airflow/example_dags/example_xcom.py
[2023-05-10T18:49:22.890+0000] {logging_mixin.py:137} INFO - [2023-05-10T18:49:22.890+0000] {dag.py:2690} INFO - Sync 1 DAGs
[2023-05-10T18:49:22.903+0000] {logging_mixin.py:137} INFO - [2023-05-10T18:49:22.903+0000] {dag.py:3441} INFO - Setting next_dagrun for example_xcom to 2021-01-01T00:00:00+00:00, run_after=2021-01-01T00:00:00+00:00
[2023-05-10T18:49:22.912+0000] {processor.py:175} INFO - Processing /home/airflow/.local/lib/python3.7/site-packages/airflow/example_dags/example_xcom.py took 0.057 seconds
[2023-05-10T18:49:53.541+0000] {processor.py:153} INFO - Started process (PID=1248) to work on /home/airflow/.local/lib/python3.7/site-packages/airflow/example_dags/example_xcom.py
[2023-05-10T18:49:53.542+0000] {processor.py:743} INFO - Processing file /home/airflow/.local/lib/python3.7/site-packages/airflow/example_dags/example_xcom.py for tasks to queue
[2023-05-10T18:49:53.543+0000] {logging_mixin.py:137} INFO - [2023-05-10T18:49:53.543+0000] {dagbag.py:538} INFO - Filling up the DagBag from /home/airflow/.local/lib/python3.7/site-packages/airflow/example_dags/example_xcom.py
[2023-05-10T18:49:53.556+0000] {processor.py:753} INFO - DAG(s) dict_keys(['example_xcom']) retrieved from /home/airflow/.local/lib/python3.7/site-packages/airflow/example_dags/example_xcom.py
[2023-05-10T18:49:53.574+0000] {logging_mixin.py:137} INFO - [2023-05-10T18:49:53.574+0000] {dag.py:2690} INFO - Sync 1 DAGs
[2023-05-10T18:49:53.587+0000] {logging_mixin.py:137} INFO - [2023-05-10T18:49:53.587+0000] {dag.py:3441} INFO - Setting next_dagrun for example_xcom to 2021-01-01T00:00:00+00:00, run_after=2021-01-01T00:00:00+00:00
[2023-05-10T18:49:53.596+0000] {processor.py:175} INFO - Processing /home/airflow/.local/lib/python3.7/site-packages/airflow/example_dags/example_xcom.py took 0.057 seconds
[2023-05-10T18:50:24.347+0000] {processor.py:153} INFO - Started process (PID=1323) to work on /home/airflow/.local/lib/python3.7/site-packages/airflow/example_dags/example_xcom.py
[2023-05-10T18:50:24.348+0000] {processor.py:743} INFO - Processing file /home/airflow/.local/lib/python3.7/site-packages/airflow/example_dags/example_xcom.py for tasks to queue
[2023-05-10T18:50:24.349+0000] {logging_mixin.py:137} INFO - [2023-05-10T18:50:24.349+0000] {dagbag.py:538} INFO - Filling up the DagBag from /home/airflow/.local/lib/python3.7/site-packages/airflow/example_dags/example_xcom.py
[2023-05-10T18:50:24.362+0000] {processor.py:753} INFO - DAG(s) dict_keys(['example_xcom']) retrieved from /home/airflow/.local/lib/python3.7/site-packages/airflow/example_dags/example_xcom.py
[2023-05-10T18:50:24.379+0000] {logging_mixin.py:137} INFO - [2023-05-10T18:50:24.379+0000] {dag.py:2690} INFO - Sync 1 DAGs
[2023-05-10T18:50:24.393+0000] {logging_mixin.py:137} INFO - [2023-05-10T18:50:24.393+0000] {dag.py:3441} INFO - Setting next_dagrun for example_xcom to 2021-01-01T00:00:00+00:00, run_after=2021-01-01T00:00:00+00:00
[2023-05-10T18:50:24.401+0000] {processor.py:175} INFO - Processing /home/airflow/.local/lib/python3.7/site-packages/airflow/example_dags/example_xcom.py took 0.057 seconds
[2023-05-10T18:50:55.146+0000] {processor.py:153} INFO - Started process (PID=1396) to work on /home/airflow/.local/lib/python3.7/site-packages/airflow/example_dags/example_xcom.py
[2023-05-10T18:50:55.147+0000] {processor.py:743} INFO - Processing file /home/airflow/.local/lib/python3.7/site-packages/airflow/example_dags/example_xcom.py for tasks to queue
[2023-05-10T18:50:55.148+0000] {logging_mixin.py:137} INFO - [2023-05-10T18:50:55.148+0000] {dagbag.py:538} INFO - Filling up the DagBag from /home/airflow/.local/lib/python3.7/site-packages/airflow/example_dags/example_xcom.py
[2023-05-10T18:50:55.183+0000] {processor.py:753} INFO - DAG(s) dict_keys(['example_xcom']) retrieved from /home/airflow/.local/lib/python3.7/site-packages/airflow/example_dags/example_xcom.py
[2023-05-10T18:50:55.201+0000] {logging_mixin.py:137} INFO - [2023-05-10T18:50:55.200+0000] {dag.py:2690} INFO - Sync 1 DAGs
[2023-05-10T18:50:55.214+0000] {logging_mixin.py:137} INFO - [2023-05-10T18:50:55.214+0000] {dag.py:3441} INFO - Setting next_dagrun for example_xcom to 2021-01-01T00:00:00+00:00, run_after=2021-01-01T00:00:00+00:00
[2023-05-10T18:50:55.224+0000] {processor.py:175} INFO - Processing /home/airflow/.local/lib/python3.7/site-packages/airflow/example_dags/example_xcom.py took 0.081 seconds
[2023-05-10T18:51:25.898+0000] {processor.py:153} INFO - Started process (PID=1471) to work on /home/airflow/.local/lib/python3.7/site-packages/airflow/example_dags/example_xcom.py
[2023-05-10T18:51:25.898+0000] {processor.py:743} INFO - Processing file /home/airflow/.local/lib/python3.7/site-packages/airflow/example_dags/example_xcom.py for tasks to queue
[2023-05-10T18:51:25.899+0000] {logging_mixin.py:137} INFO - [2023-05-10T18:51:25.899+0000] {dagbag.py:538} INFO - Filling up the DagBag from /home/airflow/.local/lib/python3.7/site-packages/airflow/example_dags/example_xcom.py
[2023-05-10T18:51:25.912+0000] {processor.py:753} INFO - DAG(s) dict_keys(['example_xcom']) retrieved from /home/airflow/.local/lib/python3.7/site-packages/airflow/example_dags/example_xcom.py
[2023-05-10T18:51:25.930+0000] {logging_mixin.py:137} INFO - [2023-05-10T18:51:25.929+0000] {dag.py:2690} INFO - Sync 1 DAGs
[2023-05-10T18:51:25.944+0000] {logging_mixin.py:137} INFO - [2023-05-10T18:51:25.943+0000] {dag.py:3441} INFO - Setting next_dagrun for example_xcom to 2021-01-01T00:00:00+00:00, run_after=2021-01-01T00:00:00+00:00
[2023-05-10T18:51:25.952+0000] {processor.py:175} INFO - Processing /home/airflow/.local/lib/python3.7/site-packages/airflow/example_dags/example_xcom.py took 0.057 seconds
[2023-05-10T18:51:56.755+0000] {processor.py:153} INFO - Started process (PID=1534) to work on /home/airflow/.local/lib/python3.7/site-packages/airflow/example_dags/example_xcom.py
[2023-05-10T18:51:56.756+0000] {processor.py:743} INFO - Processing file /home/airflow/.local/lib/python3.7/site-packages/airflow/example_dags/example_xcom.py for tasks to queue
[2023-05-10T18:51:56.756+0000] {logging_mixin.py:137} INFO - [2023-05-10T18:51:56.756+0000] {dagbag.py:538} INFO - Filling up the DagBag from /home/airflow/.local/lib/python3.7/site-packages/airflow/example_dags/example_xcom.py
[2023-05-10T18:51:56.769+0000] {processor.py:753} INFO - DAG(s) dict_keys(['example_xcom']) retrieved from /home/airflow/.local/lib/python3.7/site-packages/airflow/example_dags/example_xcom.py
[2023-05-10T18:51:56.789+0000] {logging_mixin.py:137} INFO - [2023-05-10T18:51:56.789+0000] {dag.py:2690} INFO - Sync 1 DAGs
[2023-05-10T18:51:56.802+0000] {logging_mixin.py:137} INFO - [2023-05-10T18:51:56.802+0000] {dag.py:3441} INFO - Setting next_dagrun for example_xcom to 2021-01-01T00:00:00+00:00, run_after=2021-01-01T00:00:00+00:00
[2023-05-10T18:51:56.811+0000] {processor.py:175} INFO - Processing /home/airflow/.local/lib/python3.7/site-packages/airflow/example_dags/example_xcom.py took 0.058 seconds
[2023-05-10T18:52:27.550+0000] {processor.py:153} INFO - Started process (PID=1607) to work on /home/airflow/.local/lib/python3.7/site-packages/airflow/example_dags/example_xcom.py
[2023-05-10T18:52:27.551+0000] {processor.py:743} INFO - Processing file /home/airflow/.local/lib/python3.7/site-packages/airflow/example_dags/example_xcom.py for tasks to queue
[2023-05-10T18:52:27.551+0000] {logging_mixin.py:137} INFO - [2023-05-10T18:52:27.551+0000] {dagbag.py:538} INFO - Filling up the DagBag from /home/airflow/.local/lib/python3.7/site-packages/airflow/example_dags/example_xcom.py
[2023-05-10T18:52:27.565+0000] {processor.py:753} INFO - DAG(s) dict_keys(['example_xcom']) retrieved from /home/airflow/.local/lib/python3.7/site-packages/airflow/example_dags/example_xcom.py
[2023-05-10T18:52:27.619+0000] {logging_mixin.py:137} INFO - [2023-05-10T18:52:27.619+0000] {dag.py:2690} INFO - Sync 1 DAGs
[2023-05-10T18:52:27.667+0000] {logging_mixin.py:137} INFO - [2023-05-10T18:52:27.667+0000] {dag.py:3441} INFO - Setting next_dagrun for example_xcom to 2021-01-01T00:00:00+00:00, run_after=2021-01-01T00:00:00+00:00
[2023-05-10T18:52:27.681+0000] {processor.py:175} INFO - Processing /home/airflow/.local/lib/python3.7/site-packages/airflow/example_dags/example_xcom.py took 0.134 seconds
[2023-05-10T18:52:58.454+0000] {processor.py:153} INFO - Started process (PID=1682) to work on /home/airflow/.local/lib/python3.7/site-packages/airflow/example_dags/example_xcom.py
[2023-05-10T18:52:58.455+0000] {processor.py:743} INFO - Processing file /home/airflow/.local/lib/python3.7/site-packages/airflow/example_dags/example_xcom.py for tasks to queue
[2023-05-10T18:52:58.456+0000] {logging_mixin.py:137} INFO - [2023-05-10T18:52:58.456+0000] {dagbag.py:538} INFO - Filling up the DagBag from /home/airflow/.local/lib/python3.7/site-packages/airflow/example_dags/example_xcom.py
[2023-05-10T18:52:58.469+0000] {processor.py:753} INFO - DAG(s) dict_keys(['example_xcom']) retrieved from /home/airflow/.local/lib/python3.7/site-packages/airflow/example_dags/example_xcom.py
[2023-05-10T18:52:58.487+0000] {logging_mixin.py:137} INFO - [2023-05-10T18:52:58.487+0000] {dag.py:2690} INFO - Sync 1 DAGs
[2023-05-10T18:52:58.500+0000] {logging_mixin.py:137} INFO - [2023-05-10T18:52:58.500+0000] {dag.py:3441} INFO - Setting next_dagrun for example_xcom to 2021-01-01T00:00:00+00:00, run_after=2021-01-01T00:00:00+00:00
[2023-05-10T18:52:58.509+0000] {processor.py:175} INFO - Processing /home/airflow/.local/lib/python3.7/site-packages/airflow/example_dags/example_xcom.py took 0.057 seconds
[2023-05-10T18:53:29.224+0000] {processor.py:153} INFO - Started process (PID=1757) to work on /home/airflow/.local/lib/python3.7/site-packages/airflow/example_dags/example_xcom.py
[2023-05-10T18:53:29.225+0000] {processor.py:743} INFO - Processing file /home/airflow/.local/lib/python3.7/site-packages/airflow/example_dags/example_xcom.py for tasks to queue
[2023-05-10T18:53:29.226+0000] {logging_mixin.py:137} INFO - [2023-05-10T18:53:29.226+0000] {dagbag.py:538} INFO - Filling up the DagBag from /home/airflow/.local/lib/python3.7/site-packages/airflow/example_dags/example_xcom.py
[2023-05-10T18:53:29.240+0000] {processor.py:753} INFO - DAG(s) dict_keys(['example_xcom']) retrieved from /home/airflow/.local/lib/python3.7/site-packages/airflow/example_dags/example_xcom.py
[2023-05-10T18:53:29.258+0000] {logging_mixin.py:137} INFO - [2023-05-10T18:53:29.258+0000] {dag.py:2690} INFO - Sync 1 DAGs
[2023-05-10T18:53:29.271+0000] {logging_mixin.py:137} INFO - [2023-05-10T18:53:29.271+0000] {dag.py:3441} INFO - Setting next_dagrun for example_xcom to 2021-01-01T00:00:00+00:00, run_after=2021-01-01T00:00:00+00:00
[2023-05-10T18:53:29.280+0000] {processor.py:175} INFO - Processing /home/airflow/.local/lib/python3.7/site-packages/airflow/example_dags/example_xcom.py took 0.059 seconds
[2023-05-10T18:54:00.085+0000] {processor.py:153} INFO - Started process (PID=1819) to work on /home/airflow/.local/lib/python3.7/site-packages/airflow/example_dags/example_xcom.py
[2023-05-10T18:54:00.086+0000] {processor.py:743} INFO - Processing file /home/airflow/.local/lib/python3.7/site-packages/airflow/example_dags/example_xcom.py for tasks to queue
[2023-05-10T18:54:00.087+0000] {logging_mixin.py:137} INFO - [2023-05-10T18:54:00.087+0000] {dagbag.py:538} INFO - Filling up the DagBag from /home/airflow/.local/lib/python3.7/site-packages/airflow/example_dags/example_xcom.py
[2023-05-10T18:54:00.100+0000] {processor.py:753} INFO - DAG(s) dict_keys(['example_xcom']) retrieved from /home/airflow/.local/lib/python3.7/site-packages/airflow/example_dags/example_xcom.py
[2023-05-10T18:54:00.118+0000] {logging_mixin.py:137} INFO - [2023-05-10T18:54:00.118+0000] {dag.py:2690} INFO - Sync 1 DAGs
[2023-05-10T18:54:00.131+0000] {logging_mixin.py:137} INFO - [2023-05-10T18:54:00.131+0000] {dag.py:3441} INFO - Setting next_dagrun for example_xcom to 2021-01-01T00:00:00+00:00, run_after=2021-01-01T00:00:00+00:00
[2023-05-10T18:54:00.140+0000] {processor.py:175} INFO - Processing /home/airflow/.local/lib/python3.7/site-packages/airflow/example_dags/example_xcom.py took 0.058 seconds
[2023-05-10T18:54:30.822+0000] {processor.py:153} INFO - Started process (PID=1895) to work on /home/airflow/.local/lib/python3.7/site-packages/airflow/example_dags/example_xcom.py
[2023-05-10T18:54:30.823+0000] {processor.py:743} INFO - Processing file /home/airflow/.local/lib/python3.7/site-packages/airflow/example_dags/example_xcom.py for tasks to queue
[2023-05-10T18:54:30.823+0000] {logging_mixin.py:137} INFO - [2023-05-10T18:54:30.823+0000] {dagbag.py:538} INFO - Filling up the DagBag from /home/airflow/.local/lib/python3.7/site-packages/airflow/example_dags/example_xcom.py
[2023-05-10T18:54:30.837+0000] {processor.py:753} INFO - DAG(s) dict_keys(['example_xcom']) retrieved from /home/airflow/.local/lib/python3.7/site-packages/airflow/example_dags/example_xcom.py
[2023-05-10T18:54:30.854+0000] {logging_mixin.py:137} INFO - [2023-05-10T18:54:30.854+0000] {dag.py:2690} INFO - Sync 1 DAGs
[2023-05-10T18:54:30.868+0000] {logging_mixin.py:137} INFO - [2023-05-10T18:54:30.868+0000] {dag.py:3441} INFO - Setting next_dagrun for example_xcom to 2021-01-01T00:00:00+00:00, run_after=2021-01-01T00:00:00+00:00
[2023-05-10T18:54:30.877+0000] {processor.py:175} INFO - Processing /home/airflow/.local/lib/python3.7/site-packages/airflow/example_dags/example_xcom.py took 0.057 seconds
[2023-05-10T18:55:01.540+0000] {processor.py:153} INFO - Started process (PID=1970) to work on /home/airflow/.local/lib/python3.7/site-packages/airflow/example_dags/example_xcom.py
[2023-05-10T18:55:01.541+0000] {processor.py:743} INFO - Processing file /home/airflow/.local/lib/python3.7/site-packages/airflow/example_dags/example_xcom.py for tasks to queue
[2023-05-10T18:55:01.542+0000] {logging_mixin.py:137} INFO - [2023-05-10T18:55:01.542+0000] {dagbag.py:538} INFO - Filling up the DagBag from /home/airflow/.local/lib/python3.7/site-packages/airflow/example_dags/example_xcom.py
[2023-05-10T18:55:01.555+0000] {processor.py:753} INFO - DAG(s) dict_keys(['example_xcom']) retrieved from /home/airflow/.local/lib/python3.7/site-packages/airflow/example_dags/example_xcom.py
[2023-05-10T18:55:01.573+0000] {logging_mixin.py:137} INFO - [2023-05-10T18:55:01.573+0000] {dag.py:2690} INFO - Sync 1 DAGs
[2023-05-10T18:55:01.587+0000] {logging_mixin.py:137} INFO - [2023-05-10T18:55:01.587+0000] {dag.py:3441} INFO - Setting next_dagrun for example_xcom to 2021-01-01T00:00:00+00:00, run_after=2021-01-01T00:00:00+00:00
[2023-05-10T18:55:01.595+0000] {processor.py:175} INFO - Processing /home/airflow/.local/lib/python3.7/site-packages/airflow/example_dags/example_xcom.py took 0.057 seconds
