[2023-05-10T17:37:12.264+0000] {processor.py:153} INFO - Started process (PID=45) to work on /home/airflow/.local/lib/python3.7/site-packages/airflow/example_dags/example_trigger_target_dag.py
[2023-05-10T17:37:12.266+0000] {processor.py:743} INFO - Processing file /home/airflow/.local/lib/python3.7/site-packages/airflow/example_dags/example_trigger_target_dag.py for tasks to queue
[2023-05-10T17:37:12.267+0000] {logging_mixin.py:137} INFO - [2023-05-10T17:37:12.267+0000] {dagbag.py:538} INFO - Filling up the DagBag from /home/airflow/.local/lib/python3.7/site-packages/airflow/example_dags/example_trigger_target_dag.py
[2023-05-10T17:37:12.313+0000] {processor.py:753} INFO - DAG(s) dict_keys(['example_trigger_target_dag']) retrieved from /home/airflow/.local/lib/python3.7/site-packages/airflow/example_dags/example_trigger_target_dag.py
[2023-05-10T17:37:12.449+0000] {logging_mixin.py:137} INFO - [2023-05-10T17:37:12.449+0000] {manager.py:504} INFO - Created Permission View: can edit on DAG:example_trigger_target_dag
[2023-05-10T17:37:12.457+0000] {logging_mixin.py:137} INFO - [2023-05-10T17:37:12.456+0000] {manager.py:504} INFO - Created Permission View: can read on DAG:example_trigger_target_dag
[2023-05-10T17:37:12.468+0000] {logging_mixin.py:137} INFO - [2023-05-10T17:37:12.468+0000] {manager.py:504} INFO - Created Permission View: can delete on DAG:example_trigger_target_dag
[2023-05-10T17:37:12.470+0000] {logging_mixin.py:137} INFO - [2023-05-10T17:37:12.470+0000] {dag.py:2690} INFO - Sync 1 DAGs
[2023-05-10T17:37:12.484+0000] {logging_mixin.py:137} INFO - [2023-05-10T17:37:12.484+0000] {dag.py:2711} INFO - Creating ORM DAG for example_trigger_target_dag
[2023-05-10T17:37:12.500+0000] {logging_mixin.py:137} INFO - [2023-05-10T17:37:12.500+0000] {dag.py:3441} INFO - Setting next_dagrun for example_trigger_target_dag to None, run_after=None
[2023-05-10T17:37:12.519+0000] {processor.py:175} INFO - Processing /home/airflow/.local/lib/python3.7/site-packages/airflow/example_dags/example_trigger_target_dag.py took 0.264 seconds
[2023-05-10T17:37:43.358+0000] {processor.py:153} INFO - Started process (PID=119) to work on /home/airflow/.local/lib/python3.7/site-packages/airflow/example_dags/example_trigger_target_dag.py
[2023-05-10T17:37:43.360+0000] {processor.py:743} INFO - Processing file /home/airflow/.local/lib/python3.7/site-packages/airflow/example_dags/example_trigger_target_dag.py for tasks to queue
[2023-05-10T17:37:43.361+0000] {logging_mixin.py:137} INFO - [2023-05-10T17:37:43.361+0000] {dagbag.py:538} INFO - Filling up the DagBag from /home/airflow/.local/lib/python3.7/site-packages/airflow/example_dags/example_trigger_target_dag.py
[2023-05-10T17:37:43.382+0000] {processor.py:753} INFO - DAG(s) dict_keys(['example_trigger_target_dag']) retrieved from /home/airflow/.local/lib/python3.7/site-packages/airflow/example_dags/example_trigger_target_dag.py
[2023-05-10T17:37:43.410+0000] {logging_mixin.py:137} INFO - [2023-05-10T17:37:43.409+0000] {dag.py:2690} INFO - Sync 1 DAGs
[2023-05-10T17:37:43.431+0000] {logging_mixin.py:137} INFO - [2023-05-10T17:37:43.431+0000] {dag.py:3441} INFO - Setting next_dagrun for example_trigger_target_dag to None, run_after=None
[2023-05-10T17:37:43.452+0000] {processor.py:175} INFO - Processing /home/airflow/.local/lib/python3.7/site-packages/airflow/example_dags/example_trigger_target_dag.py took 0.098 seconds
[2023-05-10T17:38:13.868+0000] {processor.py:153} INFO - Started process (PID=183) to work on /home/airflow/.local/lib/python3.7/site-packages/airflow/example_dags/example_trigger_target_dag.py
[2023-05-10T17:38:13.874+0000] {processor.py:743} INFO - Processing file /home/airflow/.local/lib/python3.7/site-packages/airflow/example_dags/example_trigger_target_dag.py for tasks to queue
[2023-05-10T17:38:13.877+0000] {logging_mixin.py:137} INFO - [2023-05-10T17:38:13.877+0000] {dagbag.py:538} INFO - Filling up the DagBag from /home/airflow/.local/lib/python3.7/site-packages/airflow/example_dags/example_trigger_target_dag.py
[2023-05-10T17:38:13.904+0000] {processor.py:753} INFO - DAG(s) dict_keys(['example_trigger_target_dag']) retrieved from /home/airflow/.local/lib/python3.7/site-packages/airflow/example_dags/example_trigger_target_dag.py
[2023-05-10T17:38:14.051+0000] {logging_mixin.py:137} INFO - [2023-05-10T17:38:14.051+0000] {dag.py:2690} INFO - Sync 1 DAGs
[2023-05-10T17:38:14.119+0000] {logging_mixin.py:137} INFO - [2023-05-10T17:38:14.119+0000] {dag.py:3441} INFO - Setting next_dagrun for example_trigger_target_dag to None, run_after=None
[2023-05-10T17:38:14.159+0000] {processor.py:175} INFO - Processing /home/airflow/.local/lib/python3.7/site-packages/airflow/example_dags/example_trigger_target_dag.py took 0.297 seconds
[2023-05-10T17:38:44.725+0000] {processor.py:153} INFO - Started process (PID=259) to work on /home/airflow/.local/lib/python3.7/site-packages/airflow/example_dags/example_trigger_target_dag.py
[2023-05-10T17:38:44.725+0000] {processor.py:743} INFO - Processing file /home/airflow/.local/lib/python3.7/site-packages/airflow/example_dags/example_trigger_target_dag.py for tasks to queue
[2023-05-10T17:38:44.726+0000] {logging_mixin.py:137} INFO - [2023-05-10T17:38:44.726+0000] {dagbag.py:538} INFO - Filling up the DagBag from /home/airflow/.local/lib/python3.7/site-packages/airflow/example_dags/example_trigger_target_dag.py
[2023-05-10T17:38:44.738+0000] {processor.py:753} INFO - DAG(s) dict_keys(['example_trigger_target_dag']) retrieved from /home/airflow/.local/lib/python3.7/site-packages/airflow/example_dags/example_trigger_target_dag.py
[2023-05-10T17:38:44.756+0000] {logging_mixin.py:137} INFO - [2023-05-10T17:38:44.755+0000] {dag.py:2690} INFO - Sync 1 DAGs
[2023-05-10T17:38:44.768+0000] {logging_mixin.py:137} INFO - [2023-05-10T17:38:44.768+0000] {dag.py:3441} INFO - Setting next_dagrun for example_trigger_target_dag to None, run_after=None
[2023-05-10T17:38:44.778+0000] {processor.py:175} INFO - Processing /home/airflow/.local/lib/python3.7/site-packages/airflow/example_dags/example_trigger_target_dag.py took 0.055 seconds
[2023-05-10T17:39:15.746+0000] {processor.py:153} INFO - Started process (PID=335) to work on /home/airflow/.local/lib/python3.7/site-packages/airflow/example_dags/example_trigger_target_dag.py
[2023-05-10T17:39:15.747+0000] {processor.py:743} INFO - Processing file /home/airflow/.local/lib/python3.7/site-packages/airflow/example_dags/example_trigger_target_dag.py for tasks to queue
[2023-05-10T17:39:15.747+0000] {logging_mixin.py:137} INFO - [2023-05-10T17:39:15.747+0000] {dagbag.py:538} INFO - Filling up the DagBag from /home/airflow/.local/lib/python3.7/site-packages/airflow/example_dags/example_trigger_target_dag.py
[2023-05-10T17:39:15.760+0000] {processor.py:753} INFO - DAG(s) dict_keys(['example_trigger_target_dag']) retrieved from /home/airflow/.local/lib/python3.7/site-packages/airflow/example_dags/example_trigger_target_dag.py
[2023-05-10T17:39:15.777+0000] {logging_mixin.py:137} INFO - [2023-05-10T17:39:15.777+0000] {dag.py:2690} INFO - Sync 1 DAGs
[2023-05-10T17:39:15.790+0000] {logging_mixin.py:137} INFO - [2023-05-10T17:39:15.790+0000] {dag.py:3441} INFO - Setting next_dagrun for example_trigger_target_dag to None, run_after=None
[2023-05-10T17:39:15.800+0000] {processor.py:175} INFO - Processing /home/airflow/.local/lib/python3.7/site-packages/airflow/example_dags/example_trigger_target_dag.py took 0.056 seconds
[2023-05-10T17:39:46.714+0000] {processor.py:153} INFO - Started process (PID=409) to work on /home/airflow/.local/lib/python3.7/site-packages/airflow/example_dags/example_trigger_target_dag.py
[2023-05-10T17:39:46.715+0000] {processor.py:743} INFO - Processing file /home/airflow/.local/lib/python3.7/site-packages/airflow/example_dags/example_trigger_target_dag.py for tasks to queue
[2023-05-10T17:39:46.716+0000] {logging_mixin.py:137} INFO - [2023-05-10T17:39:46.716+0000] {dagbag.py:538} INFO - Filling up the DagBag from /home/airflow/.local/lib/python3.7/site-packages/airflow/example_dags/example_trigger_target_dag.py
[2023-05-10T17:39:46.728+0000] {processor.py:753} INFO - DAG(s) dict_keys(['example_trigger_target_dag']) retrieved from /home/airflow/.local/lib/python3.7/site-packages/airflow/example_dags/example_trigger_target_dag.py
[2023-05-10T17:39:46.745+0000] {logging_mixin.py:137} INFO - [2023-05-10T17:39:46.745+0000] {dag.py:2690} INFO - Sync 1 DAGs
[2023-05-10T17:39:46.758+0000] {logging_mixin.py:137} INFO - [2023-05-10T17:39:46.758+0000] {dag.py:3441} INFO - Setting next_dagrun for example_trigger_target_dag to None, run_after=None
[2023-05-10T17:39:46.768+0000] {processor.py:175} INFO - Processing /home/airflow/.local/lib/python3.7/site-packages/airflow/example_dags/example_trigger_target_dag.py took 0.056 seconds
[2023-05-10T17:40:17.682+0000] {processor.py:153} INFO - Started process (PID=473) to work on /home/airflow/.local/lib/python3.7/site-packages/airflow/example_dags/example_trigger_target_dag.py
[2023-05-10T17:40:17.683+0000] {processor.py:743} INFO - Processing file /home/airflow/.local/lib/python3.7/site-packages/airflow/example_dags/example_trigger_target_dag.py for tasks to queue
[2023-05-10T17:40:17.683+0000] {logging_mixin.py:137} INFO - [2023-05-10T17:40:17.683+0000] {dagbag.py:538} INFO - Filling up the DagBag from /home/airflow/.local/lib/python3.7/site-packages/airflow/example_dags/example_trigger_target_dag.py
[2023-05-10T17:40:17.696+0000] {processor.py:753} INFO - DAG(s) dict_keys(['example_trigger_target_dag']) retrieved from /home/airflow/.local/lib/python3.7/site-packages/airflow/example_dags/example_trigger_target_dag.py
[2023-05-10T17:40:17.712+0000] {logging_mixin.py:137} INFO - [2023-05-10T17:40:17.712+0000] {dag.py:2690} INFO - Sync 1 DAGs
[2023-05-10T17:40:17.726+0000] {logging_mixin.py:137} INFO - [2023-05-10T17:40:17.726+0000] {dag.py:3441} INFO - Setting next_dagrun for example_trigger_target_dag to None, run_after=None
[2023-05-10T17:40:17.738+0000] {processor.py:175} INFO - Processing /home/airflow/.local/lib/python3.7/site-packages/airflow/example_dags/example_trigger_target_dag.py took 0.059 seconds
[2023-05-10T17:40:48.557+0000] {processor.py:153} INFO - Started process (PID=549) to work on /home/airflow/.local/lib/python3.7/site-packages/airflow/example_dags/example_trigger_target_dag.py
[2023-05-10T17:40:48.557+0000] {processor.py:743} INFO - Processing file /home/airflow/.local/lib/python3.7/site-packages/airflow/example_dags/example_trigger_target_dag.py for tasks to queue
[2023-05-10T17:40:48.558+0000] {logging_mixin.py:137} INFO - [2023-05-10T17:40:48.558+0000] {dagbag.py:538} INFO - Filling up the DagBag from /home/airflow/.local/lib/python3.7/site-packages/airflow/example_dags/example_trigger_target_dag.py
[2023-05-10T17:40:48.570+0000] {processor.py:753} INFO - DAG(s) dict_keys(['example_trigger_target_dag']) retrieved from /home/airflow/.local/lib/python3.7/site-packages/airflow/example_dags/example_trigger_target_dag.py
[2023-05-10T17:40:48.587+0000] {logging_mixin.py:137} INFO - [2023-05-10T17:40:48.587+0000] {dag.py:2690} INFO - Sync 1 DAGs
[2023-05-10T17:40:48.605+0000] {logging_mixin.py:137} INFO - [2023-05-10T17:40:48.605+0000] {dag.py:3441} INFO - Setting next_dagrun for example_trigger_target_dag to None, run_after=None
[2023-05-10T17:40:48.614+0000] {processor.py:175} INFO - Processing /home/airflow/.local/lib/python3.7/site-packages/airflow/example_dags/example_trigger_target_dag.py took 0.060 seconds
[2023-05-10T17:41:18.664+0000] {processor.py:153} INFO - Started process (PID=626) to work on /home/airflow/.local/lib/python3.7/site-packages/airflow/example_dags/example_trigger_target_dag.py
[2023-05-10T17:41:18.665+0000] {processor.py:743} INFO - Processing file /home/airflow/.local/lib/python3.7/site-packages/airflow/example_dags/example_trigger_target_dag.py for tasks to queue
[2023-05-10T17:41:18.666+0000] {logging_mixin.py:137} INFO - [2023-05-10T17:41:18.666+0000] {dagbag.py:538} INFO - Filling up the DagBag from /home/airflow/.local/lib/python3.7/site-packages/airflow/example_dags/example_trigger_target_dag.py
[2023-05-10T17:41:18.677+0000] {processor.py:753} INFO - DAG(s) dict_keys(['example_trigger_target_dag']) retrieved from /home/airflow/.local/lib/python3.7/site-packages/airflow/example_dags/example_trigger_target_dag.py
[2023-05-10T17:41:18.694+0000] {logging_mixin.py:137} INFO - [2023-05-10T17:41:18.694+0000] {dag.py:2690} INFO - Sync 1 DAGs
[2023-05-10T17:41:18.707+0000] {logging_mixin.py:137} INFO - [2023-05-10T17:41:18.707+0000] {dag.py:3441} INFO - Setting next_dagrun for example_trigger_target_dag to None, run_after=None
[2023-05-10T17:41:18.716+0000] {processor.py:175} INFO - Processing /home/airflow/.local/lib/python3.7/site-packages/airflow/example_dags/example_trigger_target_dag.py took 0.054 seconds
[2023-05-10T17:56:36.140+0000] {processor.py:153} INFO - Started process (PID=677) to work on /home/airflow/.local/lib/python3.7/site-packages/airflow/example_dags/example_trigger_target_dag.py
[2023-05-10T17:56:36.140+0000] {processor.py:743} INFO - Processing file /home/airflow/.local/lib/python3.7/site-packages/airflow/example_dags/example_trigger_target_dag.py for tasks to queue
[2023-05-10T17:56:36.141+0000] {logging_mixin.py:137} INFO - [2023-05-10T17:56:36.141+0000] {dagbag.py:538} INFO - Filling up the DagBag from /home/airflow/.local/lib/python3.7/site-packages/airflow/example_dags/example_trigger_target_dag.py
[2023-05-10T17:56:36.155+0000] {processor.py:753} INFO - DAG(s) dict_keys(['example_trigger_target_dag']) retrieved from /home/airflow/.local/lib/python3.7/site-packages/airflow/example_dags/example_trigger_target_dag.py
[2023-05-10T17:56:36.174+0000] {logging_mixin.py:137} INFO - [2023-05-10T17:56:36.174+0000] {dag.py:2690} INFO - Sync 1 DAGs
[2023-05-10T17:56:36.187+0000] {logging_mixin.py:137} INFO - [2023-05-10T17:56:36.187+0000] {dag.py:3441} INFO - Setting next_dagrun for example_trigger_target_dag to None, run_after=None
[2023-05-10T17:56:36.196+0000] {processor.py:175} INFO - Processing /home/airflow/.local/lib/python3.7/site-packages/airflow/example_dags/example_trigger_target_dag.py took 0.059 seconds
[2023-05-10T18:14:18.913+0000] {processor.py:153} INFO - Started process (PID=753) to work on /home/airflow/.local/lib/python3.7/site-packages/airflow/example_dags/example_trigger_target_dag.py
[2023-05-10T18:14:18.914+0000] {processor.py:743} INFO - Processing file /home/airflow/.local/lib/python3.7/site-packages/airflow/example_dags/example_trigger_target_dag.py for tasks to queue
[2023-05-10T18:14:18.915+0000] {logging_mixin.py:137} INFO - [2023-05-10T18:14:18.914+0000] {dagbag.py:538} INFO - Filling up the DagBag from /home/airflow/.local/lib/python3.7/site-packages/airflow/example_dags/example_trigger_target_dag.py
[2023-05-10T18:14:18.927+0000] {processor.py:753} INFO - DAG(s) dict_keys(['example_trigger_target_dag']) retrieved from /home/airflow/.local/lib/python3.7/site-packages/airflow/example_dags/example_trigger_target_dag.py
[2023-05-10T18:14:18.944+0000] {logging_mixin.py:137} INFO - [2023-05-10T18:14:18.944+0000] {dag.py:2690} INFO - Sync 1 DAGs
[2023-05-10T18:14:18.957+0000] {logging_mixin.py:137} INFO - [2023-05-10T18:14:18.957+0000] {dag.py:3441} INFO - Setting next_dagrun for example_trigger_target_dag to None, run_after=None
[2023-05-10T18:14:18.966+0000] {processor.py:175} INFO - Processing /home/airflow/.local/lib/python3.7/site-packages/airflow/example_dags/example_trigger_target_dag.py took 0.055 seconds
[2023-05-10T18:14:49.577+0000] {processor.py:153} INFO - Started process (PID=816) to work on /home/airflow/.local/lib/python3.7/site-packages/airflow/example_dags/example_trigger_target_dag.py
[2023-05-10T18:14:49.578+0000] {processor.py:743} INFO - Processing file /home/airflow/.local/lib/python3.7/site-packages/airflow/example_dags/example_trigger_target_dag.py for tasks to queue
[2023-05-10T18:14:49.579+0000] {logging_mixin.py:137} INFO - [2023-05-10T18:14:49.579+0000] {dagbag.py:538} INFO - Filling up the DagBag from /home/airflow/.local/lib/python3.7/site-packages/airflow/example_dags/example_trigger_target_dag.py
[2023-05-10T18:14:49.591+0000] {processor.py:753} INFO - DAG(s) dict_keys(['example_trigger_target_dag']) retrieved from /home/airflow/.local/lib/python3.7/site-packages/airflow/example_dags/example_trigger_target_dag.py
[2023-05-10T18:14:49.608+0000] {logging_mixin.py:137} INFO - [2023-05-10T18:14:49.608+0000] {dag.py:2690} INFO - Sync 1 DAGs
[2023-05-10T18:14:49.621+0000] {logging_mixin.py:137} INFO - [2023-05-10T18:14:49.621+0000] {dag.py:3441} INFO - Setting next_dagrun for example_trigger_target_dag to None, run_after=None
[2023-05-10T18:14:49.630+0000] {processor.py:175} INFO - Processing /home/airflow/.local/lib/python3.7/site-packages/airflow/example_dags/example_trigger_target_dag.py took 0.055 seconds
[2023-05-10T18:30:29.013+0000] {processor.py:153} INFO - Started process (PID=893) to work on /home/airflow/.local/lib/python3.7/site-packages/airflow/example_dags/example_trigger_target_dag.py
[2023-05-10T18:30:29.016+0000] {processor.py:743} INFO - Processing file /home/airflow/.local/lib/python3.7/site-packages/airflow/example_dags/example_trigger_target_dag.py for tasks to queue
[2023-05-10T18:30:29.020+0000] {logging_mixin.py:137} INFO - [2023-05-10T18:30:29.019+0000] {dagbag.py:538} INFO - Filling up the DagBag from /home/airflow/.local/lib/python3.7/site-packages/airflow/example_dags/example_trigger_target_dag.py
[2023-05-10T18:30:29.046+0000] {processor.py:753} INFO - DAG(s) dict_keys(['example_trigger_target_dag']) retrieved from /home/airflow/.local/lib/python3.7/site-packages/airflow/example_dags/example_trigger_target_dag.py
[2023-05-10T18:30:29.087+0000] {logging_mixin.py:137} INFO - [2023-05-10T18:30:29.086+0000] {dag.py:2690} INFO - Sync 1 DAGs
[2023-05-10T18:30:29.107+0000] {logging_mixin.py:137} INFO - [2023-05-10T18:30:29.106+0000] {dag.py:3441} INFO - Setting next_dagrun for example_trigger_target_dag to None, run_after=None
[2023-05-10T18:30:29.127+0000] {processor.py:175} INFO - Processing /home/airflow/.local/lib/python3.7/site-packages/airflow/example_dags/example_trigger_target_dag.py took 0.117 seconds
[2023-05-10T18:30:59.303+0000] {processor.py:153} INFO - Started process (PID=969) to work on /home/airflow/.local/lib/python3.7/site-packages/airflow/example_dags/example_trigger_target_dag.py
[2023-05-10T18:30:59.304+0000] {processor.py:743} INFO - Processing file /home/airflow/.local/lib/python3.7/site-packages/airflow/example_dags/example_trigger_target_dag.py for tasks to queue
[2023-05-10T18:30:59.305+0000] {logging_mixin.py:137} INFO - [2023-05-10T18:30:59.305+0000] {dagbag.py:538} INFO - Filling up the DagBag from /home/airflow/.local/lib/python3.7/site-packages/airflow/example_dags/example_trigger_target_dag.py
[2023-05-10T18:30:59.317+0000] {processor.py:753} INFO - DAG(s) dict_keys(['example_trigger_target_dag']) retrieved from /home/airflow/.local/lib/python3.7/site-packages/airflow/example_dags/example_trigger_target_dag.py
[2023-05-10T18:30:59.336+0000] {logging_mixin.py:137} INFO - [2023-05-10T18:30:59.336+0000] {dag.py:2690} INFO - Sync 1 DAGs
[2023-05-10T18:30:59.349+0000] {logging_mixin.py:137} INFO - [2023-05-10T18:30:59.349+0000] {dag.py:3441} INFO - Setting next_dagrun for example_trigger_target_dag to None, run_after=None
[2023-05-10T18:30:59.357+0000] {processor.py:175} INFO - Processing /home/airflow/.local/lib/python3.7/site-packages/airflow/example_dags/example_trigger_target_dag.py took 0.056 seconds
[2023-05-10T18:47:36.811+0000] {processor.py:153} INFO - Started process (PID=1033) to work on /home/airflow/.local/lib/python3.7/site-packages/airflow/example_dags/example_trigger_target_dag.py
[2023-05-10T18:47:36.812+0000] {processor.py:743} INFO - Processing file /home/airflow/.local/lib/python3.7/site-packages/airflow/example_dags/example_trigger_target_dag.py for tasks to queue
[2023-05-10T18:47:36.812+0000] {logging_mixin.py:137} INFO - [2023-05-10T18:47:36.812+0000] {dagbag.py:538} INFO - Filling up the DagBag from /home/airflow/.local/lib/python3.7/site-packages/airflow/example_dags/example_trigger_target_dag.py
[2023-05-10T18:47:36.825+0000] {processor.py:753} INFO - DAG(s) dict_keys(['example_trigger_target_dag']) retrieved from /home/airflow/.local/lib/python3.7/site-packages/airflow/example_dags/example_trigger_target_dag.py
[2023-05-10T18:47:36.841+0000] {logging_mixin.py:137} INFO - [2023-05-10T18:47:36.841+0000] {dag.py:2690} INFO - Sync 1 DAGs
[2023-05-10T18:47:36.855+0000] {logging_mixin.py:137} INFO - [2023-05-10T18:47:36.855+0000] {dag.py:3441} INFO - Setting next_dagrun for example_trigger_target_dag to None, run_after=None
[2023-05-10T18:47:36.864+0000] {processor.py:175} INFO - Processing /home/airflow/.local/lib/python3.7/site-packages/airflow/example_dags/example_trigger_target_dag.py took 0.056 seconds
[2023-05-10T18:48:07.632+0000] {processor.py:153} INFO - Started process (PID=1108) to work on /home/airflow/.local/lib/python3.7/site-packages/airflow/example_dags/example_trigger_target_dag.py
[2023-05-10T18:48:07.633+0000] {processor.py:743} INFO - Processing file /home/airflow/.local/lib/python3.7/site-packages/airflow/example_dags/example_trigger_target_dag.py for tasks to queue
[2023-05-10T18:48:07.633+0000] {logging_mixin.py:137} INFO - [2023-05-10T18:48:07.633+0000] {dagbag.py:538} INFO - Filling up the DagBag from /home/airflow/.local/lib/python3.7/site-packages/airflow/example_dags/example_trigger_target_dag.py
[2023-05-10T18:48:07.645+0000] {processor.py:753} INFO - DAG(s) dict_keys(['example_trigger_target_dag']) retrieved from /home/airflow/.local/lib/python3.7/site-packages/airflow/example_dags/example_trigger_target_dag.py
[2023-05-10T18:48:07.664+0000] {logging_mixin.py:137} INFO - [2023-05-10T18:48:07.664+0000] {dag.py:2690} INFO - Sync 1 DAGs
[2023-05-10T18:48:07.677+0000] {logging_mixin.py:137} INFO - [2023-05-10T18:48:07.677+0000] {dag.py:3441} INFO - Setting next_dagrun for example_trigger_target_dag to None, run_after=None
[2023-05-10T18:48:07.686+0000] {processor.py:175} INFO - Processing /home/airflow/.local/lib/python3.7/site-packages/airflow/example_dags/example_trigger_target_dag.py took 0.057 seconds
[2023-05-10T18:49:22.818+0000] {processor.py:153} INFO - Started process (PID=1183) to work on /home/airflow/.local/lib/python3.7/site-packages/airflow/example_dags/example_trigger_target_dag.py
[2023-05-10T18:49:22.819+0000] {processor.py:743} INFO - Processing file /home/airflow/.local/lib/python3.7/site-packages/airflow/example_dags/example_trigger_target_dag.py for tasks to queue
[2023-05-10T18:49:22.820+0000] {logging_mixin.py:137} INFO - [2023-05-10T18:49:22.820+0000] {dagbag.py:538} INFO - Filling up the DagBag from /home/airflow/.local/lib/python3.7/site-packages/airflow/example_dags/example_trigger_target_dag.py
[2023-05-10T18:49:22.832+0000] {processor.py:753} INFO - DAG(s) dict_keys(['example_trigger_target_dag']) retrieved from /home/airflow/.local/lib/python3.7/site-packages/airflow/example_dags/example_trigger_target_dag.py
[2023-05-10T18:49:22.849+0000] {logging_mixin.py:137} INFO - [2023-05-10T18:49:22.849+0000] {dag.py:2690} INFO - Sync 1 DAGs
[2023-05-10T18:49:22.863+0000] {logging_mixin.py:137} INFO - [2023-05-10T18:49:22.863+0000] {dag.py:3441} INFO - Setting next_dagrun for example_trigger_target_dag to None, run_after=None
[2023-05-10T18:49:22.871+0000] {processor.py:175} INFO - Processing /home/airflow/.local/lib/python3.7/site-packages/airflow/example_dags/example_trigger_target_dag.py took 0.055 seconds
[2023-05-10T18:49:53.509+0000] {processor.py:153} INFO - Started process (PID=1247) to work on /home/airflow/.local/lib/python3.7/site-packages/airflow/example_dags/example_trigger_target_dag.py
[2023-05-10T18:49:53.510+0000] {processor.py:743} INFO - Processing file /home/airflow/.local/lib/python3.7/site-packages/airflow/example_dags/example_trigger_target_dag.py for tasks to queue
[2023-05-10T18:49:53.511+0000] {logging_mixin.py:137} INFO - [2023-05-10T18:49:53.511+0000] {dagbag.py:538} INFO - Filling up the DagBag from /home/airflow/.local/lib/python3.7/site-packages/airflow/example_dags/example_trigger_target_dag.py
[2023-05-10T18:49:53.523+0000] {processor.py:753} INFO - DAG(s) dict_keys(['example_trigger_target_dag']) retrieved from /home/airflow/.local/lib/python3.7/site-packages/airflow/example_dags/example_trigger_target_dag.py
[2023-05-10T18:49:53.541+0000] {logging_mixin.py:137} INFO - [2023-05-10T18:49:53.541+0000] {dag.py:2690} INFO - Sync 1 DAGs
[2023-05-10T18:49:53.554+0000] {logging_mixin.py:137} INFO - [2023-05-10T18:49:53.554+0000] {dag.py:3441} INFO - Setting next_dagrun for example_trigger_target_dag to None, run_after=None
[2023-05-10T18:49:53.562+0000] {processor.py:175} INFO - Processing /home/airflow/.local/lib/python3.7/site-packages/airflow/example_dags/example_trigger_target_dag.py took 0.055 seconds
[2023-05-10T18:50:24.313+0000] {processor.py:153} INFO - Started process (PID=1322) to work on /home/airflow/.local/lib/python3.7/site-packages/airflow/example_dags/example_trigger_target_dag.py
[2023-05-10T18:50:24.314+0000] {processor.py:743} INFO - Processing file /home/airflow/.local/lib/python3.7/site-packages/airflow/example_dags/example_trigger_target_dag.py for tasks to queue
[2023-05-10T18:50:24.315+0000] {logging_mixin.py:137} INFO - [2023-05-10T18:50:24.315+0000] {dagbag.py:538} INFO - Filling up the DagBag from /home/airflow/.local/lib/python3.7/site-packages/airflow/example_dags/example_trigger_target_dag.py
[2023-05-10T18:50:24.328+0000] {processor.py:753} INFO - DAG(s) dict_keys(['example_trigger_target_dag']) retrieved from /home/airflow/.local/lib/python3.7/site-packages/airflow/example_dags/example_trigger_target_dag.py
[2023-05-10T18:50:24.345+0000] {logging_mixin.py:137} INFO - [2023-05-10T18:50:24.345+0000] {dag.py:2690} INFO - Sync 1 DAGs
[2023-05-10T18:50:24.358+0000] {logging_mixin.py:137} INFO - [2023-05-10T18:50:24.358+0000] {dag.py:3441} INFO - Setting next_dagrun for example_trigger_target_dag to None, run_after=None
[2023-05-10T18:50:24.367+0000] {processor.py:175} INFO - Processing /home/airflow/.local/lib/python3.7/site-packages/airflow/example_dags/example_trigger_target_dag.py took 0.056 seconds
[2023-05-10T18:50:55.085+0000] {processor.py:153} INFO - Started process (PID=1395) to work on /home/airflow/.local/lib/python3.7/site-packages/airflow/example_dags/example_trigger_target_dag.py
[2023-05-10T18:50:55.086+0000] {processor.py:743} INFO - Processing file /home/airflow/.local/lib/python3.7/site-packages/airflow/example_dags/example_trigger_target_dag.py for tasks to queue
[2023-05-10T18:50:55.087+0000] {logging_mixin.py:137} INFO - [2023-05-10T18:50:55.087+0000] {dagbag.py:538} INFO - Filling up the DagBag from /home/airflow/.local/lib/python3.7/site-packages/airflow/example_dags/example_trigger_target_dag.py
[2023-05-10T18:50:55.101+0000] {processor.py:753} INFO - DAG(s) dict_keys(['example_trigger_target_dag']) retrieved from /home/airflow/.local/lib/python3.7/site-packages/airflow/example_dags/example_trigger_target_dag.py
[2023-05-10T18:50:55.134+0000] {logging_mixin.py:137} INFO - [2023-05-10T18:50:55.134+0000] {dag.py:2690} INFO - Sync 1 DAGs
[2023-05-10T18:50:55.147+0000] {logging_mixin.py:137} INFO - [2023-05-10T18:50:55.147+0000] {dag.py:3441} INFO - Setting next_dagrun for example_trigger_target_dag to None, run_after=None
[2023-05-10T18:50:55.158+0000] {processor.py:175} INFO - Processing /home/airflow/.local/lib/python3.7/site-packages/airflow/example_dags/example_trigger_target_dag.py took 0.076 seconds
[2023-05-10T18:51:25.865+0000] {processor.py:153} INFO - Started process (PID=1470) to work on /home/airflow/.local/lib/python3.7/site-packages/airflow/example_dags/example_trigger_target_dag.py
[2023-05-10T18:51:25.866+0000] {processor.py:743} INFO - Processing file /home/airflow/.local/lib/python3.7/site-packages/airflow/example_dags/example_trigger_target_dag.py for tasks to queue
[2023-05-10T18:51:25.866+0000] {logging_mixin.py:137} INFO - [2023-05-10T18:51:25.866+0000] {dagbag.py:538} INFO - Filling up the DagBag from /home/airflow/.local/lib/python3.7/site-packages/airflow/example_dags/example_trigger_target_dag.py
[2023-05-10T18:51:25.879+0000] {processor.py:753} INFO - DAG(s) dict_keys(['example_trigger_target_dag']) retrieved from /home/airflow/.local/lib/python3.7/site-packages/airflow/example_dags/example_trigger_target_dag.py
[2023-05-10T18:51:25.896+0000] {logging_mixin.py:137} INFO - [2023-05-10T18:51:25.896+0000] {dag.py:2690} INFO - Sync 1 DAGs
[2023-05-10T18:51:25.909+0000] {logging_mixin.py:137} INFO - [2023-05-10T18:51:25.909+0000] {dag.py:3441} INFO - Setting next_dagrun for example_trigger_target_dag to None, run_after=None
[2023-05-10T18:51:25.918+0000] {processor.py:175} INFO - Processing /home/airflow/.local/lib/python3.7/site-packages/airflow/example_dags/example_trigger_target_dag.py took 0.056 seconds
[2023-05-10T18:51:56.719+0000] {processor.py:153} INFO - Started process (PID=1533) to work on /home/airflow/.local/lib/python3.7/site-packages/airflow/example_dags/example_trigger_target_dag.py
[2023-05-10T18:51:56.720+0000] {processor.py:743} INFO - Processing file /home/airflow/.local/lib/python3.7/site-packages/airflow/example_dags/example_trigger_target_dag.py for tasks to queue
[2023-05-10T18:51:56.721+0000] {logging_mixin.py:137} INFO - [2023-05-10T18:51:56.721+0000] {dagbag.py:538} INFO - Filling up the DagBag from /home/airflow/.local/lib/python3.7/site-packages/airflow/example_dags/example_trigger_target_dag.py
[2023-05-10T18:51:56.733+0000] {processor.py:753} INFO - DAG(s) dict_keys(['example_trigger_target_dag']) retrieved from /home/airflow/.local/lib/python3.7/site-packages/airflow/example_dags/example_trigger_target_dag.py
[2023-05-10T18:51:56.752+0000] {logging_mixin.py:137} INFO - [2023-05-10T18:51:56.752+0000] {dag.py:2690} INFO - Sync 1 DAGs
[2023-05-10T18:51:56.765+0000] {logging_mixin.py:137} INFO - [2023-05-10T18:51:56.765+0000] {dag.py:3441} INFO - Setting next_dagrun for example_trigger_target_dag to None, run_after=None
[2023-05-10T18:51:56.773+0000] {processor.py:175} INFO - Processing /home/airflow/.local/lib/python3.7/site-packages/airflow/example_dags/example_trigger_target_dag.py took 0.057 seconds
[2023-05-10T18:52:27.511+0000] {processor.py:153} INFO - Started process (PID=1606) to work on /home/airflow/.local/lib/python3.7/site-packages/airflow/example_dags/example_trigger_target_dag.py
[2023-05-10T18:52:27.513+0000] {processor.py:743} INFO - Processing file /home/airflow/.local/lib/python3.7/site-packages/airflow/example_dags/example_trigger_target_dag.py for tasks to queue
[2023-05-10T18:52:27.514+0000] {logging_mixin.py:137} INFO - [2023-05-10T18:52:27.513+0000] {dagbag.py:538} INFO - Filling up the DagBag from /home/airflow/.local/lib/python3.7/site-packages/airflow/example_dags/example_trigger_target_dag.py
[2023-05-10T18:52:27.527+0000] {processor.py:753} INFO - DAG(s) dict_keys(['example_trigger_target_dag']) retrieved from /home/airflow/.local/lib/python3.7/site-packages/airflow/example_dags/example_trigger_target_dag.py
[2023-05-10T18:52:27.545+0000] {logging_mixin.py:137} INFO - [2023-05-10T18:52:27.545+0000] {dag.py:2690} INFO - Sync 1 DAGs
[2023-05-10T18:52:27.558+0000] {logging_mixin.py:137} INFO - [2023-05-10T18:52:27.558+0000] {dag.py:3441} INFO - Setting next_dagrun for example_trigger_target_dag to None, run_after=None
[2023-05-10T18:52:27.567+0000] {processor.py:175} INFO - Processing /home/airflow/.local/lib/python3.7/site-packages/airflow/example_dags/example_trigger_target_dag.py took 0.059 seconds
[2023-05-10T18:52:58.416+0000] {processor.py:153} INFO - Started process (PID=1681) to work on /home/airflow/.local/lib/python3.7/site-packages/airflow/example_dags/example_trigger_target_dag.py
[2023-05-10T18:52:58.418+0000] {processor.py:743} INFO - Processing file /home/airflow/.local/lib/python3.7/site-packages/airflow/example_dags/example_trigger_target_dag.py for tasks to queue
[2023-05-10T18:52:58.418+0000] {logging_mixin.py:137} INFO - [2023-05-10T18:52:58.418+0000] {dagbag.py:538} INFO - Filling up the DagBag from /home/airflow/.local/lib/python3.7/site-packages/airflow/example_dags/example_trigger_target_dag.py
[2023-05-10T18:52:58.431+0000] {processor.py:753} INFO - DAG(s) dict_keys(['example_trigger_target_dag']) retrieved from /home/airflow/.local/lib/python3.7/site-packages/airflow/example_dags/example_trigger_target_dag.py
[2023-05-10T18:52:58.449+0000] {logging_mixin.py:137} INFO - [2023-05-10T18:52:58.449+0000] {dag.py:2690} INFO - Sync 1 DAGs
[2023-05-10T18:52:58.463+0000] {logging_mixin.py:137} INFO - [2023-05-10T18:52:58.463+0000] {dag.py:3441} INFO - Setting next_dagrun for example_trigger_target_dag to None, run_after=None
[2023-05-10T18:52:58.472+0000] {processor.py:175} INFO - Processing /home/airflow/.local/lib/python3.7/site-packages/airflow/example_dags/example_trigger_target_dag.py took 0.058 seconds
[2023-05-10T18:53:29.174+0000] {processor.py:153} INFO - Started process (PID=1756) to work on /home/airflow/.local/lib/python3.7/site-packages/airflow/example_dags/example_trigger_target_dag.py
[2023-05-10T18:53:29.175+0000] {processor.py:743} INFO - Processing file /home/airflow/.local/lib/python3.7/site-packages/airflow/example_dags/example_trigger_target_dag.py for tasks to queue
[2023-05-10T18:53:29.176+0000] {logging_mixin.py:137} INFO - [2023-05-10T18:53:29.175+0000] {dagbag.py:538} INFO - Filling up the DagBag from /home/airflow/.local/lib/python3.7/site-packages/airflow/example_dags/example_trigger_target_dag.py
[2023-05-10T18:53:29.189+0000] {processor.py:753} INFO - DAG(s) dict_keys(['example_trigger_target_dag']) retrieved from /home/airflow/.local/lib/python3.7/site-packages/airflow/example_dags/example_trigger_target_dag.py
[2023-05-10T18:53:29.208+0000] {logging_mixin.py:137} INFO - [2023-05-10T18:53:29.208+0000] {dag.py:2690} INFO - Sync 1 DAGs
[2023-05-10T18:53:29.222+0000] {logging_mixin.py:137} INFO - [2023-05-10T18:53:29.222+0000] {dag.py:3441} INFO - Setting next_dagrun for example_trigger_target_dag to None, run_after=None
[2023-05-10T18:53:29.231+0000] {processor.py:175} INFO - Processing /home/airflow/.local/lib/python3.7/site-packages/airflow/example_dags/example_trigger_target_dag.py took 0.060 seconds
[2023-05-10T18:54:00.051+0000] {processor.py:153} INFO - Started process (PID=1818) to work on /home/airflow/.local/lib/python3.7/site-packages/airflow/example_dags/example_trigger_target_dag.py
[2023-05-10T18:54:00.052+0000] {processor.py:743} INFO - Processing file /home/airflow/.local/lib/python3.7/site-packages/airflow/example_dags/example_trigger_target_dag.py for tasks to queue
[2023-05-10T18:54:00.053+0000] {logging_mixin.py:137} INFO - [2023-05-10T18:54:00.052+0000] {dagbag.py:538} INFO - Filling up the DagBag from /home/airflow/.local/lib/python3.7/site-packages/airflow/example_dags/example_trigger_target_dag.py
[2023-05-10T18:54:00.065+0000] {processor.py:753} INFO - DAG(s) dict_keys(['example_trigger_target_dag']) retrieved from /home/airflow/.local/lib/python3.7/site-packages/airflow/example_dags/example_trigger_target_dag.py
[2023-05-10T18:54:00.083+0000] {logging_mixin.py:137} INFO - [2023-05-10T18:54:00.083+0000] {dag.py:2690} INFO - Sync 1 DAGs
[2023-05-10T18:54:00.096+0000] {logging_mixin.py:137} INFO - [2023-05-10T18:54:00.096+0000] {dag.py:3441} INFO - Setting next_dagrun for example_trigger_target_dag to None, run_after=None
[2023-05-10T18:54:00.105+0000] {processor.py:175} INFO - Processing /home/airflow/.local/lib/python3.7/site-packages/airflow/example_dags/example_trigger_target_dag.py took 0.056 seconds
[2023-05-10T18:54:30.790+0000] {processor.py:153} INFO - Started process (PID=1894) to work on /home/airflow/.local/lib/python3.7/site-packages/airflow/example_dags/example_trigger_target_dag.py
[2023-05-10T18:54:30.791+0000] {processor.py:743} INFO - Processing file /home/airflow/.local/lib/python3.7/site-packages/airflow/example_dags/example_trigger_target_dag.py for tasks to queue
[2023-05-10T18:54:30.792+0000] {logging_mixin.py:137} INFO - [2023-05-10T18:54:30.792+0000] {dagbag.py:538} INFO - Filling up the DagBag from /home/airflow/.local/lib/python3.7/site-packages/airflow/example_dags/example_trigger_target_dag.py
[2023-05-10T18:54:30.804+0000] {processor.py:753} INFO - DAG(s) dict_keys(['example_trigger_target_dag']) retrieved from /home/airflow/.local/lib/python3.7/site-packages/airflow/example_dags/example_trigger_target_dag.py
[2023-05-10T18:54:30.821+0000] {logging_mixin.py:137} INFO - [2023-05-10T18:54:30.821+0000] {dag.py:2690} INFO - Sync 1 DAGs
[2023-05-10T18:54:30.834+0000] {logging_mixin.py:137} INFO - [2023-05-10T18:54:30.834+0000] {dag.py:3441} INFO - Setting next_dagrun for example_trigger_target_dag to None, run_after=None
[2023-05-10T18:54:30.845+0000] {processor.py:175} INFO - Processing /home/airflow/.local/lib/python3.7/site-packages/airflow/example_dags/example_trigger_target_dag.py took 0.056 seconds
[2023-05-10T18:55:01.508+0000] {processor.py:153} INFO - Started process (PID=1969) to work on /home/airflow/.local/lib/python3.7/site-packages/airflow/example_dags/example_trigger_target_dag.py
[2023-05-10T18:55:01.509+0000] {processor.py:743} INFO - Processing file /home/airflow/.local/lib/python3.7/site-packages/airflow/example_dags/example_trigger_target_dag.py for tasks to queue
[2023-05-10T18:55:01.510+0000] {logging_mixin.py:137} INFO - [2023-05-10T18:55:01.509+0000] {dagbag.py:538} INFO - Filling up the DagBag from /home/airflow/.local/lib/python3.7/site-packages/airflow/example_dags/example_trigger_target_dag.py
[2023-05-10T18:55:01.522+0000] {processor.py:753} INFO - DAG(s) dict_keys(['example_trigger_target_dag']) retrieved from /home/airflow/.local/lib/python3.7/site-packages/airflow/example_dags/example_trigger_target_dag.py
[2023-05-10T18:55:01.539+0000] {logging_mixin.py:137} INFO - [2023-05-10T18:55:01.539+0000] {dag.py:2690} INFO - Sync 1 DAGs
[2023-05-10T18:55:01.553+0000] {logging_mixin.py:137} INFO - [2023-05-10T18:55:01.553+0000] {dag.py:3441} INFO - Setting next_dagrun for example_trigger_target_dag to None, run_after=None
[2023-05-10T18:55:01.562+0000] {processor.py:175} INFO - Processing /home/airflow/.local/lib/python3.7/site-packages/airflow/example_dags/example_trigger_target_dag.py took 0.056 seconds
