[2023-05-10T17:37:11.950+0000] {processor.py:153} INFO - Started process (PID=44) to work on /home/airflow/.local/lib/python3.7/site-packages/airflow/example_dags/example_python_operator.py
[2023-05-10T17:37:11.952+0000] {processor.py:743} INFO - Processing file /home/airflow/.local/lib/python3.7/site-packages/airflow/example_dags/example_python_operator.py for tasks to queue
[2023-05-10T17:37:11.956+0000] {logging_mixin.py:137} INFO - [2023-05-10T17:37:11.956+0000] {dagbag.py:538} INFO - Filling up the DagBag from /home/airflow/.local/lib/python3.7/site-packages/airflow/example_dags/example_python_operator.py
[2023-05-10T17:37:11.992+0000] {logging_mixin.py:137} INFO - [2023-05-10T17:37:11.991+0000] {taskmixin.py:205} WARNING - Dependency <Task(_PythonDecoratedOperator): print_the_context>, log_sql_query already registered for DAG: example_python_operator
[2023-05-10T17:37:11.993+0000] {logging_mixin.py:137} INFO - [2023-05-10T17:37:11.993+0000] {taskmixin.py:205} WARNING - Dependency <Task(_PythonDecoratedOperator): log_sql_query>, print_the_context already registered for DAG: example_python_operator
[2023-05-10T17:37:11.995+0000] {logging_mixin.py:137} INFO - [2023-05-10T17:37:11.994+0000] {taskmixin.py:205} WARNING - Dependency <Task(_PythonDecoratedOperator): print_the_context>, log_sql_query already registered for DAG: example_python_operator
[2023-05-10T17:37:11.996+0000] {logging_mixin.py:137} INFO - [2023-05-10T17:37:11.996+0000] {taskmixin.py:205} WARNING - Dependency <Task(_PythonDecoratedOperator): log_sql_query>, print_the_context already registered for DAG: example_python_operator
[2023-05-10T17:37:11.997+0000] {logging_mixin.py:137} INFO - [2023-05-10T17:37:11.997+0000] {taskmixin.py:205} WARNING - Dependency <Task(_PythonDecoratedOperator): print_the_context>, log_sql_query already registered for DAG: example_python_operator
[2023-05-10T17:37:11.999+0000] {logging_mixin.py:137} INFO - [2023-05-10T17:37:11.999+0000] {taskmixin.py:205} WARNING - Dependency <Task(_PythonDecoratedOperator): log_sql_query>, print_the_context already registered for DAG: example_python_operator
[2023-05-10T17:37:12.000+0000] {logging_mixin.py:137} INFO - [2023-05-10T17:37:12.000+0000] {taskmixin.py:205} WARNING - Dependency <Task(_PythonDecoratedOperator): print_the_context>, log_sql_query already registered for DAG: example_python_operator
[2023-05-10T17:37:12.002+0000] {logging_mixin.py:137} INFO - [2023-05-10T17:37:12.001+0000] {taskmixin.py:205} WARNING - Dependency <Task(_PythonDecoratedOperator): log_sql_query>, print_the_context already registered for DAG: example_python_operator
[2023-05-10T17:37:12.017+0000] {processor.py:753} INFO - DAG(s) dict_keys(['example_python_operator']) retrieved from /home/airflow/.local/lib/python3.7/site-packages/airflow/example_dags/example_python_operator.py
[2023-05-10T17:37:12.176+0000] {logging_mixin.py:137} INFO - [2023-05-10T17:37:12.175+0000] {manager.py:504} INFO - Created Permission View: can edit on DAG:example_python_operator
[2023-05-10T17:37:12.187+0000] {logging_mixin.py:137} INFO - [2023-05-10T17:37:12.187+0000] {manager.py:504} INFO - Created Permission View: can read on DAG:example_python_operator
[2023-05-10T17:37:12.194+0000] {logging_mixin.py:137} INFO - [2023-05-10T17:37:12.194+0000] {manager.py:504} INFO - Created Permission View: can delete on DAG:example_python_operator
[2023-05-10T17:37:12.201+0000] {logging_mixin.py:137} INFO - [2023-05-10T17:37:12.196+0000] {dag.py:2690} INFO - Sync 1 DAGs
[2023-05-10T17:37:12.221+0000] {logging_mixin.py:137} INFO - [2023-05-10T17:37:12.221+0000] {dag.py:2711} INFO - Creating ORM DAG for example_python_operator
[2023-05-10T17:37:12.235+0000] {logging_mixin.py:137} INFO - [2023-05-10T17:37:12.235+0000] {dag.py:3441} INFO - Setting next_dagrun for example_python_operator to None, run_after=None
[2023-05-10T17:37:12.263+0000] {processor.py:175} INFO - Processing /home/airflow/.local/lib/python3.7/site-packages/airflow/example_dags/example_python_operator.py took 0.323 seconds
[2023-05-10T17:37:43.150+0000] {processor.py:153} INFO - Started process (PID=118) to work on /home/airflow/.local/lib/python3.7/site-packages/airflow/example_dags/example_python_operator.py
[2023-05-10T17:37:43.152+0000] {processor.py:743} INFO - Processing file /home/airflow/.local/lib/python3.7/site-packages/airflow/example_dags/example_python_operator.py for tasks to queue
[2023-05-10T17:37:43.152+0000] {logging_mixin.py:137} INFO - [2023-05-10T17:37:43.152+0000] {dagbag.py:538} INFO - Filling up the DagBag from /home/airflow/.local/lib/python3.7/site-packages/airflow/example_dags/example_python_operator.py
[2023-05-10T17:37:43.166+0000] {logging_mixin.py:137} INFO - [2023-05-10T17:37:43.166+0000] {taskmixin.py:205} WARNING - Dependency <Task(_PythonDecoratedOperator): print_the_context>, log_sql_query already registered for DAG: example_python_operator
[2023-05-10T17:37:43.167+0000] {logging_mixin.py:137} INFO - [2023-05-10T17:37:43.167+0000] {taskmixin.py:205} WARNING - Dependency <Task(_PythonDecoratedOperator): log_sql_query>, print_the_context already registered for DAG: example_python_operator
[2023-05-10T17:37:43.169+0000] {logging_mixin.py:137} INFO - [2023-05-10T17:37:43.169+0000] {taskmixin.py:205} WARNING - Dependency <Task(_PythonDecoratedOperator): print_the_context>, log_sql_query already registered for DAG: example_python_operator
[2023-05-10T17:37:43.170+0000] {logging_mixin.py:137} INFO - [2023-05-10T17:37:43.170+0000] {taskmixin.py:205} WARNING - Dependency <Task(_PythonDecoratedOperator): log_sql_query>, print_the_context already registered for DAG: example_python_operator
[2023-05-10T17:37:43.172+0000] {logging_mixin.py:137} INFO - [2023-05-10T17:37:43.172+0000] {taskmixin.py:205} WARNING - Dependency <Task(_PythonDecoratedOperator): print_the_context>, log_sql_query already registered for DAG: example_python_operator
[2023-05-10T17:37:43.173+0000] {logging_mixin.py:137} INFO - [2023-05-10T17:37:43.172+0000] {taskmixin.py:205} WARNING - Dependency <Task(_PythonDecoratedOperator): log_sql_query>, print_the_context already registered for DAG: example_python_operator
[2023-05-10T17:37:43.173+0000] {logging_mixin.py:137} INFO - [2023-05-10T17:37:43.173+0000] {taskmixin.py:205} WARNING - Dependency <Task(_PythonDecoratedOperator): print_the_context>, log_sql_query already registered for DAG: example_python_operator
[2023-05-10T17:37:43.174+0000] {logging_mixin.py:137} INFO - [2023-05-10T17:37:43.174+0000] {taskmixin.py:205} WARNING - Dependency <Task(_PythonDecoratedOperator): log_sql_query>, print_the_context already registered for DAG: example_python_operator
[2023-05-10T17:37:43.185+0000] {processor.py:753} INFO - DAG(s) dict_keys(['example_python_operator']) retrieved from /home/airflow/.local/lib/python3.7/site-packages/airflow/example_dags/example_python_operator.py
[2023-05-10T17:37:43.227+0000] {logging_mixin.py:137} INFO - [2023-05-10T17:37:43.227+0000] {dag.py:2690} INFO - Sync 1 DAGs
[2023-05-10T17:37:43.270+0000] {logging_mixin.py:137} INFO - [2023-05-10T17:37:43.270+0000] {dag.py:3441} INFO - Setting next_dagrun for example_python_operator to None, run_after=None
[2023-05-10T17:37:43.310+0000] {processor.py:175} INFO - Processing /home/airflow/.local/lib/python3.7/site-packages/airflow/example_dags/example_python_operator.py took 0.164 seconds
[2023-05-10T17:38:13.864+0000] {processor.py:153} INFO - Started process (PID=182) to work on /home/airflow/.local/lib/python3.7/site-packages/airflow/example_dags/example_python_operator.py
[2023-05-10T17:38:13.870+0000] {processor.py:743} INFO - Processing file /home/airflow/.local/lib/python3.7/site-packages/airflow/example_dags/example_python_operator.py for tasks to queue
[2023-05-10T17:38:13.876+0000] {logging_mixin.py:137} INFO - [2023-05-10T17:38:13.876+0000] {dagbag.py:538} INFO - Filling up the DagBag from /home/airflow/.local/lib/python3.7/site-packages/airflow/example_dags/example_python_operator.py
[2023-05-10T17:38:13.889+0000] {logging_mixin.py:137} INFO - [2023-05-10T17:38:13.889+0000] {taskmixin.py:205} WARNING - Dependency <Task(_PythonDecoratedOperator): print_the_context>, log_sql_query already registered for DAG: example_python_operator
[2023-05-10T17:38:13.913+0000] {logging_mixin.py:137} INFO - [2023-05-10T17:38:13.913+0000] {taskmixin.py:205} WARNING - Dependency <Task(_PythonDecoratedOperator): log_sql_query>, print_the_context already registered for DAG: example_python_operator
[2023-05-10T17:38:13.922+0000] {logging_mixin.py:137} INFO - [2023-05-10T17:38:13.922+0000] {taskmixin.py:205} WARNING - Dependency <Task(_PythonDecoratedOperator): print_the_context>, log_sql_query already registered for DAG: example_python_operator
[2023-05-10T17:38:13.934+0000] {logging_mixin.py:137} INFO - [2023-05-10T17:38:13.933+0000] {taskmixin.py:205} WARNING - Dependency <Task(_PythonDecoratedOperator): log_sql_query>, print_the_context already registered for DAG: example_python_operator
[2023-05-10T17:38:13.937+0000] {logging_mixin.py:137} INFO - [2023-05-10T17:38:13.937+0000] {taskmixin.py:205} WARNING - Dependency <Task(_PythonDecoratedOperator): print_the_context>, log_sql_query already registered for DAG: example_python_operator
[2023-05-10T17:38:13.950+0000] {logging_mixin.py:137} INFO - [2023-05-10T17:38:13.950+0000] {taskmixin.py:205} WARNING - Dependency <Task(_PythonDecoratedOperator): log_sql_query>, print_the_context already registered for DAG: example_python_operator
[2023-05-10T17:38:13.953+0000] {logging_mixin.py:137} INFO - [2023-05-10T17:38:13.953+0000] {taskmixin.py:205} WARNING - Dependency <Task(_PythonDecoratedOperator): print_the_context>, log_sql_query already registered for DAG: example_python_operator
[2023-05-10T17:38:13.956+0000] {logging_mixin.py:137} INFO - [2023-05-10T17:38:13.955+0000] {taskmixin.py:205} WARNING - Dependency <Task(_PythonDecoratedOperator): log_sql_query>, print_the_context already registered for DAG: example_python_operator
[2023-05-10T17:38:13.980+0000] {processor.py:753} INFO - DAG(s) dict_keys(['example_python_operator']) retrieved from /home/airflow/.local/lib/python3.7/site-packages/airflow/example_dags/example_python_operator.py
[2023-05-10T17:38:14.030+0000] {logging_mixin.py:137} INFO - [2023-05-10T17:38:14.030+0000] {dag.py:2690} INFO - Sync 1 DAGs
[2023-05-10T17:38:14.087+0000] {logging_mixin.py:137} INFO - [2023-05-10T17:38:14.087+0000] {dag.py:3441} INFO - Setting next_dagrun for example_python_operator to None, run_after=None
[2023-05-10T17:38:14.108+0000] {processor.py:175} INFO - Processing /home/airflow/.local/lib/python3.7/site-packages/airflow/example_dags/example_python_operator.py took 0.249 seconds
[2023-05-10T17:38:44.722+0000] {processor.py:153} INFO - Started process (PID=258) to work on /home/airflow/.local/lib/python3.7/site-packages/airflow/example_dags/example_python_operator.py
[2023-05-10T17:38:44.723+0000] {processor.py:743} INFO - Processing file /home/airflow/.local/lib/python3.7/site-packages/airflow/example_dags/example_python_operator.py for tasks to queue
[2023-05-10T17:38:44.724+0000] {logging_mixin.py:137} INFO - [2023-05-10T17:38:44.724+0000] {dagbag.py:538} INFO - Filling up the DagBag from /home/airflow/.local/lib/python3.7/site-packages/airflow/example_dags/example_python_operator.py
[2023-05-10T17:38:44.734+0000] {logging_mixin.py:137} INFO - [2023-05-10T17:38:44.734+0000] {taskmixin.py:205} WARNING - Dependency <Task(_PythonDecoratedOperator): print_the_context>, log_sql_query already registered for DAG: example_python_operator
[2023-05-10T17:38:44.735+0000] {logging_mixin.py:137} INFO - [2023-05-10T17:38:44.735+0000] {taskmixin.py:205} WARNING - Dependency <Task(_PythonDecoratedOperator): log_sql_query>, print_the_context already registered for DAG: example_python_operator
[2023-05-10T17:38:44.736+0000] {logging_mixin.py:137} INFO - [2023-05-10T17:38:44.735+0000] {taskmixin.py:205} WARNING - Dependency <Task(_PythonDecoratedOperator): print_the_context>, log_sql_query already registered for DAG: example_python_operator
[2023-05-10T17:38:44.736+0000] {logging_mixin.py:137} INFO - [2023-05-10T17:38:44.736+0000] {taskmixin.py:205} WARNING - Dependency <Task(_PythonDecoratedOperator): log_sql_query>, print_the_context already registered for DAG: example_python_operator
[2023-05-10T17:38:44.737+0000] {logging_mixin.py:137} INFO - [2023-05-10T17:38:44.737+0000] {taskmixin.py:205} WARNING - Dependency <Task(_PythonDecoratedOperator): print_the_context>, log_sql_query already registered for DAG: example_python_operator
[2023-05-10T17:38:44.737+0000] {logging_mixin.py:137} INFO - [2023-05-10T17:38:44.737+0000] {taskmixin.py:205} WARNING - Dependency <Task(_PythonDecoratedOperator): log_sql_query>, print_the_context already registered for DAG: example_python_operator
[2023-05-10T17:38:44.738+0000] {logging_mixin.py:137} INFO - [2023-05-10T17:38:44.738+0000] {taskmixin.py:205} WARNING - Dependency <Task(_PythonDecoratedOperator): print_the_context>, log_sql_query already registered for DAG: example_python_operator
[2023-05-10T17:38:44.738+0000] {logging_mixin.py:137} INFO - [2023-05-10T17:38:44.738+0000] {taskmixin.py:205} WARNING - Dependency <Task(_PythonDecoratedOperator): log_sql_query>, print_the_context already registered for DAG: example_python_operator
[2023-05-10T17:38:44.742+0000] {processor.py:753} INFO - DAG(s) dict_keys(['example_python_operator']) retrieved from /home/airflow/.local/lib/python3.7/site-packages/airflow/example_dags/example_python_operator.py
[2023-05-10T17:38:44.759+0000] {logging_mixin.py:137} INFO - [2023-05-10T17:38:44.759+0000] {dag.py:2690} INFO - Sync 1 DAGs
[2023-05-10T17:38:44.771+0000] {logging_mixin.py:137} INFO - [2023-05-10T17:38:44.771+0000] {dag.py:3441} INFO - Setting next_dagrun for example_python_operator to None, run_after=None
[2023-05-10T17:38:44.779+0000] {processor.py:175} INFO - Processing /home/airflow/.local/lib/python3.7/site-packages/airflow/example_dags/example_python_operator.py took 0.060 seconds
[2023-05-10T17:39:15.744+0000] {processor.py:153} INFO - Started process (PID=334) to work on /home/airflow/.local/lib/python3.7/site-packages/airflow/example_dags/example_python_operator.py
[2023-05-10T17:39:15.745+0000] {processor.py:743} INFO - Processing file /home/airflow/.local/lib/python3.7/site-packages/airflow/example_dags/example_python_operator.py for tasks to queue
[2023-05-10T17:39:15.745+0000] {logging_mixin.py:137} INFO - [2023-05-10T17:39:15.745+0000] {dagbag.py:538} INFO - Filling up the DagBag from /home/airflow/.local/lib/python3.7/site-packages/airflow/example_dags/example_python_operator.py
[2023-05-10T17:39:15.756+0000] {logging_mixin.py:137} INFO - [2023-05-10T17:39:15.756+0000] {taskmixin.py:205} WARNING - Dependency <Task(_PythonDecoratedOperator): print_the_context>, log_sql_query already registered for DAG: example_python_operator
[2023-05-10T17:39:15.756+0000] {logging_mixin.py:137} INFO - [2023-05-10T17:39:15.756+0000] {taskmixin.py:205} WARNING - Dependency <Task(_PythonDecoratedOperator): log_sql_query>, print_the_context already registered for DAG: example_python_operator
[2023-05-10T17:39:15.757+0000] {logging_mixin.py:137} INFO - [2023-05-10T17:39:15.757+0000] {taskmixin.py:205} WARNING - Dependency <Task(_PythonDecoratedOperator): print_the_context>, log_sql_query already registered for DAG: example_python_operator
[2023-05-10T17:39:15.757+0000] {logging_mixin.py:137} INFO - [2023-05-10T17:39:15.757+0000] {taskmixin.py:205} WARNING - Dependency <Task(_PythonDecoratedOperator): log_sql_query>, print_the_context already registered for DAG: example_python_operator
[2023-05-10T17:39:15.758+0000] {logging_mixin.py:137} INFO - [2023-05-10T17:39:15.758+0000] {taskmixin.py:205} WARNING - Dependency <Task(_PythonDecoratedOperator): print_the_context>, log_sql_query already registered for DAG: example_python_operator
[2023-05-10T17:39:15.758+0000] {logging_mixin.py:137} INFO - [2023-05-10T17:39:15.758+0000] {taskmixin.py:205} WARNING - Dependency <Task(_PythonDecoratedOperator): log_sql_query>, print_the_context already registered for DAG: example_python_operator
[2023-05-10T17:39:15.759+0000] {logging_mixin.py:137} INFO - [2023-05-10T17:39:15.759+0000] {taskmixin.py:205} WARNING - Dependency <Task(_PythonDecoratedOperator): print_the_context>, log_sql_query already registered for DAG: example_python_operator
[2023-05-10T17:39:15.759+0000] {logging_mixin.py:137} INFO - [2023-05-10T17:39:15.759+0000] {taskmixin.py:205} WARNING - Dependency <Task(_PythonDecoratedOperator): log_sql_query>, print_the_context already registered for DAG: example_python_operator
[2023-05-10T17:39:15.763+0000] {processor.py:753} INFO - DAG(s) dict_keys(['example_python_operator']) retrieved from /home/airflow/.local/lib/python3.7/site-packages/airflow/example_dags/example_python_operator.py
[2023-05-10T17:39:15.780+0000] {logging_mixin.py:137} INFO - [2023-05-10T17:39:15.780+0000] {dag.py:2690} INFO - Sync 1 DAGs
[2023-05-10T17:39:15.793+0000] {logging_mixin.py:137} INFO - [2023-05-10T17:39:15.792+0000] {dag.py:3441} INFO - Setting next_dagrun for example_python_operator to None, run_after=None
[2023-05-10T17:39:15.803+0000] {processor.py:175} INFO - Processing /home/airflow/.local/lib/python3.7/site-packages/airflow/example_dags/example_python_operator.py took 0.061 seconds
[2023-05-10T17:39:46.711+0000] {processor.py:153} INFO - Started process (PID=408) to work on /home/airflow/.local/lib/python3.7/site-packages/airflow/example_dags/example_python_operator.py
[2023-05-10T17:39:46.712+0000] {processor.py:743} INFO - Processing file /home/airflow/.local/lib/python3.7/site-packages/airflow/example_dags/example_python_operator.py for tasks to queue
[2023-05-10T17:39:46.713+0000] {logging_mixin.py:137} INFO - [2023-05-10T17:39:46.713+0000] {dagbag.py:538} INFO - Filling up the DagBag from /home/airflow/.local/lib/python3.7/site-packages/airflow/example_dags/example_python_operator.py
[2023-05-10T17:39:46.723+0000] {logging_mixin.py:137} INFO - [2023-05-10T17:39:46.723+0000] {taskmixin.py:205} WARNING - Dependency <Task(_PythonDecoratedOperator): print_the_context>, log_sql_query already registered for DAG: example_python_operator
[2023-05-10T17:39:46.724+0000] {logging_mixin.py:137} INFO - [2023-05-10T17:39:46.724+0000] {taskmixin.py:205} WARNING - Dependency <Task(_PythonDecoratedOperator): log_sql_query>, print_the_context already registered for DAG: example_python_operator
[2023-05-10T17:39:46.724+0000] {logging_mixin.py:137} INFO - [2023-05-10T17:39:46.724+0000] {taskmixin.py:205} WARNING - Dependency <Task(_PythonDecoratedOperator): print_the_context>, log_sql_query already registered for DAG: example_python_operator
[2023-05-10T17:39:46.724+0000] {logging_mixin.py:137} INFO - [2023-05-10T17:39:46.724+0000] {taskmixin.py:205} WARNING - Dependency <Task(_PythonDecoratedOperator): log_sql_query>, print_the_context already registered for DAG: example_python_operator
[2023-05-10T17:39:46.725+0000] {logging_mixin.py:137} INFO - [2023-05-10T17:39:46.725+0000] {taskmixin.py:205} WARNING - Dependency <Task(_PythonDecoratedOperator): print_the_context>, log_sql_query already registered for DAG: example_python_operator
[2023-05-10T17:39:46.725+0000] {logging_mixin.py:137} INFO - [2023-05-10T17:39:46.725+0000] {taskmixin.py:205} WARNING - Dependency <Task(_PythonDecoratedOperator): log_sql_query>, print_the_context already registered for DAG: example_python_operator
[2023-05-10T17:39:46.726+0000] {logging_mixin.py:137} INFO - [2023-05-10T17:39:46.726+0000] {taskmixin.py:205} WARNING - Dependency <Task(_PythonDecoratedOperator): print_the_context>, log_sql_query already registered for DAG: example_python_operator
[2023-05-10T17:39:46.726+0000] {logging_mixin.py:137} INFO - [2023-05-10T17:39:46.726+0000] {taskmixin.py:205} WARNING - Dependency <Task(_PythonDecoratedOperator): log_sql_query>, print_the_context already registered for DAG: example_python_operator
[2023-05-10T17:39:46.730+0000] {processor.py:753} INFO - DAG(s) dict_keys(['example_python_operator']) retrieved from /home/airflow/.local/lib/python3.7/site-packages/airflow/example_dags/example_python_operator.py
[2023-05-10T17:39:46.747+0000] {logging_mixin.py:137} INFO - [2023-05-10T17:39:46.747+0000] {dag.py:2690} INFO - Sync 1 DAGs
[2023-05-10T17:39:46.759+0000] {logging_mixin.py:137} INFO - [2023-05-10T17:39:46.759+0000] {dag.py:3441} INFO - Setting next_dagrun for example_python_operator to None, run_after=None
[2023-05-10T17:39:46.768+0000] {processor.py:175} INFO - Processing /home/airflow/.local/lib/python3.7/site-packages/airflow/example_dags/example_python_operator.py took 0.059 seconds
[2023-05-10T17:40:17.609+0000] {processor.py:153} INFO - Started process (PID=472) to work on /home/airflow/.local/lib/python3.7/site-packages/airflow/example_dags/example_python_operator.py
[2023-05-10T17:40:17.610+0000] {processor.py:743} INFO - Processing file /home/airflow/.local/lib/python3.7/site-packages/airflow/example_dags/example_python_operator.py for tasks to queue
[2023-05-10T17:40:17.610+0000] {logging_mixin.py:137} INFO - [2023-05-10T17:40:17.610+0000] {dagbag.py:538} INFO - Filling up the DagBag from /home/airflow/.local/lib/python3.7/site-packages/airflow/example_dags/example_python_operator.py
[2023-05-10T17:40:17.620+0000] {logging_mixin.py:137} INFO - [2023-05-10T17:40:17.620+0000] {taskmixin.py:205} WARNING - Dependency <Task(_PythonDecoratedOperator): print_the_context>, log_sql_query already registered for DAG: example_python_operator
[2023-05-10T17:40:17.621+0000] {logging_mixin.py:137} INFO - [2023-05-10T17:40:17.621+0000] {taskmixin.py:205} WARNING - Dependency <Task(_PythonDecoratedOperator): log_sql_query>, print_the_context already registered for DAG: example_python_operator
[2023-05-10T17:40:17.622+0000] {logging_mixin.py:137} INFO - [2023-05-10T17:40:17.622+0000] {taskmixin.py:205} WARNING - Dependency <Task(_PythonDecoratedOperator): print_the_context>, log_sql_query already registered for DAG: example_python_operator
[2023-05-10T17:40:17.622+0000] {logging_mixin.py:137} INFO - [2023-05-10T17:40:17.622+0000] {taskmixin.py:205} WARNING - Dependency <Task(_PythonDecoratedOperator): log_sql_query>, print_the_context already registered for DAG: example_python_operator
[2023-05-10T17:40:17.623+0000] {logging_mixin.py:137} INFO - [2023-05-10T17:40:17.623+0000] {taskmixin.py:205} WARNING - Dependency <Task(_PythonDecoratedOperator): print_the_context>, log_sql_query already registered for DAG: example_python_operator
[2023-05-10T17:40:17.623+0000] {logging_mixin.py:137} INFO - [2023-05-10T17:40:17.623+0000] {taskmixin.py:205} WARNING - Dependency <Task(_PythonDecoratedOperator): log_sql_query>, print_the_context already registered for DAG: example_python_operator
[2023-05-10T17:40:17.624+0000] {logging_mixin.py:137} INFO - [2023-05-10T17:40:17.624+0000] {taskmixin.py:205} WARNING - Dependency <Task(_PythonDecoratedOperator): print_the_context>, log_sql_query already registered for DAG: example_python_operator
[2023-05-10T17:40:17.624+0000] {logging_mixin.py:137} INFO - [2023-05-10T17:40:17.624+0000] {taskmixin.py:205} WARNING - Dependency <Task(_PythonDecoratedOperator): log_sql_query>, print_the_context already registered for DAG: example_python_operator
[2023-05-10T17:40:17.628+0000] {processor.py:753} INFO - DAG(s) dict_keys(['example_python_operator']) retrieved from /home/airflow/.local/lib/python3.7/site-packages/airflow/example_dags/example_python_operator.py
[2023-05-10T17:40:17.646+0000] {logging_mixin.py:137} INFO - [2023-05-10T17:40:17.646+0000] {dag.py:2690} INFO - Sync 1 DAGs
[2023-05-10T17:40:17.662+0000] {logging_mixin.py:137} INFO - [2023-05-10T17:40:17.662+0000] {dag.py:3441} INFO - Setting next_dagrun for example_python_operator to None, run_after=None
[2023-05-10T17:40:17.672+0000] {processor.py:175} INFO - Processing /home/airflow/.local/lib/python3.7/site-packages/airflow/example_dags/example_python_operator.py took 0.065 seconds
[2023-05-10T17:40:48.555+0000] {processor.py:153} INFO - Started process (PID=548) to work on /home/airflow/.local/lib/python3.7/site-packages/airflow/example_dags/example_python_operator.py
[2023-05-10T17:40:48.556+0000] {processor.py:743} INFO - Processing file /home/airflow/.local/lib/python3.7/site-packages/airflow/example_dags/example_python_operator.py for tasks to queue
[2023-05-10T17:40:48.557+0000] {logging_mixin.py:137} INFO - [2023-05-10T17:40:48.556+0000] {dagbag.py:538} INFO - Filling up the DagBag from /home/airflow/.local/lib/python3.7/site-packages/airflow/example_dags/example_python_operator.py
[2023-05-10T17:40:48.567+0000] {logging_mixin.py:137} INFO - [2023-05-10T17:40:48.567+0000] {taskmixin.py:205} WARNING - Dependency <Task(_PythonDecoratedOperator): print_the_context>, log_sql_query already registered for DAG: example_python_operator
[2023-05-10T17:40:48.568+0000] {logging_mixin.py:137} INFO - [2023-05-10T17:40:48.568+0000] {taskmixin.py:205} WARNING - Dependency <Task(_PythonDecoratedOperator): log_sql_query>, print_the_context already registered for DAG: example_python_operator
[2023-05-10T17:40:48.569+0000] {logging_mixin.py:137} INFO - [2023-05-10T17:40:48.568+0000] {taskmixin.py:205} WARNING - Dependency <Task(_PythonDecoratedOperator): print_the_context>, log_sql_query already registered for DAG: example_python_operator
[2023-05-10T17:40:48.569+0000] {logging_mixin.py:137} INFO - [2023-05-10T17:40:48.569+0000] {taskmixin.py:205} WARNING - Dependency <Task(_PythonDecoratedOperator): log_sql_query>, print_the_context already registered for DAG: example_python_operator
[2023-05-10T17:40:48.570+0000] {logging_mixin.py:137} INFO - [2023-05-10T17:40:48.570+0000] {taskmixin.py:205} WARNING - Dependency <Task(_PythonDecoratedOperator): print_the_context>, log_sql_query already registered for DAG: example_python_operator
[2023-05-10T17:40:48.570+0000] {logging_mixin.py:137} INFO - [2023-05-10T17:40:48.570+0000] {taskmixin.py:205} WARNING - Dependency <Task(_PythonDecoratedOperator): log_sql_query>, print_the_context already registered for DAG: example_python_operator
[2023-05-10T17:40:48.571+0000] {logging_mixin.py:137} INFO - [2023-05-10T17:40:48.571+0000] {taskmixin.py:205} WARNING - Dependency <Task(_PythonDecoratedOperator): print_the_context>, log_sql_query already registered for DAG: example_python_operator
[2023-05-10T17:40:48.571+0000] {logging_mixin.py:137} INFO - [2023-05-10T17:40:48.571+0000] {taskmixin.py:205} WARNING - Dependency <Task(_PythonDecoratedOperator): log_sql_query>, print_the_context already registered for DAG: example_python_operator
[2023-05-10T17:40:48.575+0000] {processor.py:753} INFO - DAG(s) dict_keys(['example_python_operator']) retrieved from /home/airflow/.local/lib/python3.7/site-packages/airflow/example_dags/example_python_operator.py
[2023-05-10T17:40:48.592+0000] {logging_mixin.py:137} INFO - [2023-05-10T17:40:48.592+0000] {dag.py:2690} INFO - Sync 1 DAGs
[2023-05-10T17:40:48.605+0000] {logging_mixin.py:137} INFO - [2023-05-10T17:40:48.605+0000] {dag.py:3441} INFO - Setting next_dagrun for example_python_operator to None, run_after=None
[2023-05-10T17:40:48.614+0000] {processor.py:175} INFO - Processing /home/airflow/.local/lib/python3.7/site-packages/airflow/example_dags/example_python_operator.py took 0.061 seconds
[2023-05-10T17:41:18.662+0000] {processor.py:153} INFO - Started process (PID=625) to work on /home/airflow/.local/lib/python3.7/site-packages/airflow/example_dags/example_python_operator.py
[2023-05-10T17:41:18.663+0000] {processor.py:743} INFO - Processing file /home/airflow/.local/lib/python3.7/site-packages/airflow/example_dags/example_python_operator.py for tasks to queue
[2023-05-10T17:41:18.664+0000] {logging_mixin.py:137} INFO - [2023-05-10T17:41:18.663+0000] {dagbag.py:538} INFO - Filling up the DagBag from /home/airflow/.local/lib/python3.7/site-packages/airflow/example_dags/example_python_operator.py
[2023-05-10T17:41:18.674+0000] {logging_mixin.py:137} INFO - [2023-05-10T17:41:18.673+0000] {taskmixin.py:205} WARNING - Dependency <Task(_PythonDecoratedOperator): print_the_context>, log_sql_query already registered for DAG: example_python_operator
[2023-05-10T17:41:18.674+0000] {logging_mixin.py:137} INFO - [2023-05-10T17:41:18.674+0000] {taskmixin.py:205} WARNING - Dependency <Task(_PythonDecoratedOperator): log_sql_query>, print_the_context already registered for DAG: example_python_operator
[2023-05-10T17:41:18.675+0000] {logging_mixin.py:137} INFO - [2023-05-10T17:41:18.675+0000] {taskmixin.py:205} WARNING - Dependency <Task(_PythonDecoratedOperator): print_the_context>, log_sql_query already registered for DAG: example_python_operator
[2023-05-10T17:41:18.675+0000] {logging_mixin.py:137} INFO - [2023-05-10T17:41:18.675+0000] {taskmixin.py:205} WARNING - Dependency <Task(_PythonDecoratedOperator): log_sql_query>, print_the_context already registered for DAG: example_python_operator
[2023-05-10T17:41:18.676+0000] {logging_mixin.py:137} INFO - [2023-05-10T17:41:18.676+0000] {taskmixin.py:205} WARNING - Dependency <Task(_PythonDecoratedOperator): print_the_context>, log_sql_query already registered for DAG: example_python_operator
[2023-05-10T17:41:18.676+0000] {logging_mixin.py:137} INFO - [2023-05-10T17:41:18.676+0000] {taskmixin.py:205} WARNING - Dependency <Task(_PythonDecoratedOperator): log_sql_query>, print_the_context already registered for DAG: example_python_operator
[2023-05-10T17:41:18.677+0000] {logging_mixin.py:137} INFO - [2023-05-10T17:41:18.677+0000] {taskmixin.py:205} WARNING - Dependency <Task(_PythonDecoratedOperator): print_the_context>, log_sql_query already registered for DAG: example_python_operator
[2023-05-10T17:41:18.677+0000] {logging_mixin.py:137} INFO - [2023-05-10T17:41:18.677+0000] {taskmixin.py:205} WARNING - Dependency <Task(_PythonDecoratedOperator): log_sql_query>, print_the_context already registered for DAG: example_python_operator
[2023-05-10T17:41:18.681+0000] {processor.py:753} INFO - DAG(s) dict_keys(['example_python_operator']) retrieved from /home/airflow/.local/lib/python3.7/site-packages/airflow/example_dags/example_python_operator.py
[2023-05-10T17:41:18.697+0000] {logging_mixin.py:137} INFO - [2023-05-10T17:41:18.697+0000] {dag.py:2690} INFO - Sync 1 DAGs
[2023-05-10T17:41:18.710+0000] {logging_mixin.py:137} INFO - [2023-05-10T17:41:18.710+0000] {dag.py:3441} INFO - Setting next_dagrun for example_python_operator to None, run_after=None
[2023-05-10T17:41:18.719+0000] {processor.py:175} INFO - Processing /home/airflow/.local/lib/python3.7/site-packages/airflow/example_dags/example_python_operator.py took 0.059 seconds
[2023-05-10T17:56:36.094+0000] {processor.py:153} INFO - Started process (PID=676) to work on /home/airflow/.local/lib/python3.7/site-packages/airflow/example_dags/example_python_operator.py
[2023-05-10T17:56:36.095+0000] {processor.py:743} INFO - Processing file /home/airflow/.local/lib/python3.7/site-packages/airflow/example_dags/example_python_operator.py for tasks to queue
[2023-05-10T17:56:36.096+0000] {logging_mixin.py:137} INFO - [2023-05-10T17:56:36.096+0000] {dagbag.py:538} INFO - Filling up the DagBag from /home/airflow/.local/lib/python3.7/site-packages/airflow/example_dags/example_python_operator.py
[2023-05-10T17:56:36.106+0000] {logging_mixin.py:137} INFO - [2023-05-10T17:56:36.106+0000] {taskmixin.py:205} WARNING - Dependency <Task(_PythonDecoratedOperator): print_the_context>, log_sql_query already registered for DAG: example_python_operator
[2023-05-10T17:56:36.106+0000] {logging_mixin.py:137} INFO - [2023-05-10T17:56:36.106+0000] {taskmixin.py:205} WARNING - Dependency <Task(_PythonDecoratedOperator): log_sql_query>, print_the_context already registered for DAG: example_python_operator
[2023-05-10T17:56:36.107+0000] {logging_mixin.py:137} INFO - [2023-05-10T17:56:36.107+0000] {taskmixin.py:205} WARNING - Dependency <Task(_PythonDecoratedOperator): print_the_context>, log_sql_query already registered for DAG: example_python_operator
[2023-05-10T17:56:36.107+0000] {logging_mixin.py:137} INFO - [2023-05-10T17:56:36.107+0000] {taskmixin.py:205} WARNING - Dependency <Task(_PythonDecoratedOperator): log_sql_query>, print_the_context already registered for DAG: example_python_operator
[2023-05-10T17:56:36.108+0000] {logging_mixin.py:137} INFO - [2023-05-10T17:56:36.108+0000] {taskmixin.py:205} WARNING - Dependency <Task(_PythonDecoratedOperator): print_the_context>, log_sql_query already registered for DAG: example_python_operator
[2023-05-10T17:56:36.108+0000] {logging_mixin.py:137} INFO - [2023-05-10T17:56:36.108+0000] {taskmixin.py:205} WARNING - Dependency <Task(_PythonDecoratedOperator): log_sql_query>, print_the_context already registered for DAG: example_python_operator
[2023-05-10T17:56:36.109+0000] {logging_mixin.py:137} INFO - [2023-05-10T17:56:36.109+0000] {taskmixin.py:205} WARNING - Dependency <Task(_PythonDecoratedOperator): print_the_context>, log_sql_query already registered for DAG: example_python_operator
[2023-05-10T17:56:36.109+0000] {logging_mixin.py:137} INFO - [2023-05-10T17:56:36.109+0000] {taskmixin.py:205} WARNING - Dependency <Task(_PythonDecoratedOperator): log_sql_query>, print_the_context already registered for DAG: example_python_operator
[2023-05-10T17:56:36.113+0000] {processor.py:753} INFO - DAG(s) dict_keys(['example_python_operator']) retrieved from /home/airflow/.local/lib/python3.7/site-packages/airflow/example_dags/example_python_operator.py
[2023-05-10T17:56:36.132+0000] {logging_mixin.py:137} INFO - [2023-05-10T17:56:36.132+0000] {dag.py:2690} INFO - Sync 1 DAGs
[2023-05-10T17:56:36.146+0000] {logging_mixin.py:137} INFO - [2023-05-10T17:56:36.146+0000] {dag.py:3441} INFO - Setting next_dagrun for example_python_operator to None, run_after=None
[2023-05-10T17:56:36.155+0000] {processor.py:175} INFO - Processing /home/airflow/.local/lib/python3.7/site-packages/airflow/example_dags/example_python_operator.py took 0.063 seconds
[2023-05-10T18:14:18.905+0000] {processor.py:153} INFO - Started process (PID=752) to work on /home/airflow/.local/lib/python3.7/site-packages/airflow/example_dags/example_python_operator.py
[2023-05-10T18:14:18.906+0000] {processor.py:743} INFO - Processing file /home/airflow/.local/lib/python3.7/site-packages/airflow/example_dags/example_python_operator.py for tasks to queue
[2023-05-10T18:14:18.906+0000] {logging_mixin.py:137} INFO - [2023-05-10T18:14:18.906+0000] {dagbag.py:538} INFO - Filling up the DagBag from /home/airflow/.local/lib/python3.7/site-packages/airflow/example_dags/example_python_operator.py
[2023-05-10T18:14:18.916+0000] {logging_mixin.py:137} INFO - [2023-05-10T18:14:18.916+0000] {taskmixin.py:205} WARNING - Dependency <Task(_PythonDecoratedOperator): print_the_context>, log_sql_query already registered for DAG: example_python_operator
[2023-05-10T18:14:18.917+0000] {logging_mixin.py:137} INFO - [2023-05-10T18:14:18.917+0000] {taskmixin.py:205} WARNING - Dependency <Task(_PythonDecoratedOperator): log_sql_query>, print_the_context already registered for DAG: example_python_operator
[2023-05-10T18:14:18.918+0000] {logging_mixin.py:137} INFO - [2023-05-10T18:14:18.918+0000] {taskmixin.py:205} WARNING - Dependency <Task(_PythonDecoratedOperator): print_the_context>, log_sql_query already registered for DAG: example_python_operator
[2023-05-10T18:14:18.918+0000] {logging_mixin.py:137} INFO - [2023-05-10T18:14:18.918+0000] {taskmixin.py:205} WARNING - Dependency <Task(_PythonDecoratedOperator): log_sql_query>, print_the_context already registered for DAG: example_python_operator
[2023-05-10T18:14:18.919+0000] {logging_mixin.py:137} INFO - [2023-05-10T18:14:18.919+0000] {taskmixin.py:205} WARNING - Dependency <Task(_PythonDecoratedOperator): print_the_context>, log_sql_query already registered for DAG: example_python_operator
[2023-05-10T18:14:18.919+0000] {logging_mixin.py:137} INFO - [2023-05-10T18:14:18.919+0000] {taskmixin.py:205} WARNING - Dependency <Task(_PythonDecoratedOperator): log_sql_query>, print_the_context already registered for DAG: example_python_operator
[2023-05-10T18:14:18.920+0000] {logging_mixin.py:137} INFO - [2023-05-10T18:14:18.920+0000] {taskmixin.py:205} WARNING - Dependency <Task(_PythonDecoratedOperator): print_the_context>, log_sql_query already registered for DAG: example_python_operator
[2023-05-10T18:14:18.920+0000] {logging_mixin.py:137} INFO - [2023-05-10T18:14:18.920+0000] {taskmixin.py:205} WARNING - Dependency <Task(_PythonDecoratedOperator): log_sql_query>, print_the_context already registered for DAG: example_python_operator
[2023-05-10T18:14:18.924+0000] {processor.py:753} INFO - DAG(s) dict_keys(['example_python_operator']) retrieved from /home/airflow/.local/lib/python3.7/site-packages/airflow/example_dags/example_python_operator.py
[2023-05-10T18:14:18.942+0000] {logging_mixin.py:137} INFO - [2023-05-10T18:14:18.942+0000] {dag.py:2690} INFO - Sync 1 DAGs
[2023-05-10T18:14:18.955+0000] {logging_mixin.py:137} INFO - [2023-05-10T18:14:18.955+0000] {dag.py:3441} INFO - Setting next_dagrun for example_python_operator to None, run_after=None
[2023-05-10T18:14:18.964+0000] {processor.py:175} INFO - Processing /home/airflow/.local/lib/python3.7/site-packages/airflow/example_dags/example_python_operator.py took 0.061 seconds
[2023-05-10T18:14:49.525+0000] {processor.py:153} INFO - Started process (PID=815) to work on /home/airflow/.local/lib/python3.7/site-packages/airflow/example_dags/example_python_operator.py
[2023-05-10T18:14:49.526+0000] {processor.py:743} INFO - Processing file /home/airflow/.local/lib/python3.7/site-packages/airflow/example_dags/example_python_operator.py for tasks to queue
[2023-05-10T18:14:49.527+0000] {logging_mixin.py:137} INFO - [2023-05-10T18:14:49.527+0000] {dagbag.py:538} INFO - Filling up the DagBag from /home/airflow/.local/lib/python3.7/site-packages/airflow/example_dags/example_python_operator.py
[2023-05-10T18:14:49.536+0000] {logging_mixin.py:137} INFO - [2023-05-10T18:14:49.536+0000] {taskmixin.py:205} WARNING - Dependency <Task(_PythonDecoratedOperator): print_the_context>, log_sql_query already registered for DAG: example_python_operator
[2023-05-10T18:14:49.537+0000] {logging_mixin.py:137} INFO - [2023-05-10T18:14:49.537+0000] {taskmixin.py:205} WARNING - Dependency <Task(_PythonDecoratedOperator): log_sql_query>, print_the_context already registered for DAG: example_python_operator
[2023-05-10T18:14:49.538+0000] {logging_mixin.py:137} INFO - [2023-05-10T18:14:49.537+0000] {taskmixin.py:205} WARNING - Dependency <Task(_PythonDecoratedOperator): print_the_context>, log_sql_query already registered for DAG: example_python_operator
[2023-05-10T18:14:49.538+0000] {logging_mixin.py:137} INFO - [2023-05-10T18:14:49.538+0000] {taskmixin.py:205} WARNING - Dependency <Task(_PythonDecoratedOperator): log_sql_query>, print_the_context already registered for DAG: example_python_operator
[2023-05-10T18:14:49.538+0000] {logging_mixin.py:137} INFO - [2023-05-10T18:14:49.538+0000] {taskmixin.py:205} WARNING - Dependency <Task(_PythonDecoratedOperator): print_the_context>, log_sql_query already registered for DAG: example_python_operator
[2023-05-10T18:14:49.539+0000] {logging_mixin.py:137} INFO - [2023-05-10T18:14:49.539+0000] {taskmixin.py:205} WARNING - Dependency <Task(_PythonDecoratedOperator): log_sql_query>, print_the_context already registered for DAG: example_python_operator
[2023-05-10T18:14:49.539+0000] {logging_mixin.py:137} INFO - [2023-05-10T18:14:49.539+0000] {taskmixin.py:205} WARNING - Dependency <Task(_PythonDecoratedOperator): print_the_context>, log_sql_query already registered for DAG: example_python_operator
[2023-05-10T18:14:49.540+0000] {logging_mixin.py:137} INFO - [2023-05-10T18:14:49.540+0000] {taskmixin.py:205} WARNING - Dependency <Task(_PythonDecoratedOperator): log_sql_query>, print_the_context already registered for DAG: example_python_operator
[2023-05-10T18:14:49.544+0000] {processor.py:753} INFO - DAG(s) dict_keys(['example_python_operator']) retrieved from /home/airflow/.local/lib/python3.7/site-packages/airflow/example_dags/example_python_operator.py
[2023-05-10T18:14:49.561+0000] {logging_mixin.py:137} INFO - [2023-05-10T18:14:49.561+0000] {dag.py:2690} INFO - Sync 1 DAGs
[2023-05-10T18:14:49.574+0000] {logging_mixin.py:137} INFO - [2023-05-10T18:14:49.574+0000] {dag.py:3441} INFO - Setting next_dagrun for example_python_operator to None, run_after=None
[2023-05-10T18:14:49.583+0000] {processor.py:175} INFO - Processing /home/airflow/.local/lib/python3.7/site-packages/airflow/example_dags/example_python_operator.py took 0.060 seconds
[2023-05-10T18:30:28.878+0000] {processor.py:153} INFO - Started process (PID=892) to work on /home/airflow/.local/lib/python3.7/site-packages/airflow/example_dags/example_python_operator.py
[2023-05-10T18:30:28.881+0000] {processor.py:743} INFO - Processing file /home/airflow/.local/lib/python3.7/site-packages/airflow/example_dags/example_python_operator.py for tasks to queue
[2023-05-10T18:30:28.882+0000] {logging_mixin.py:137} INFO - [2023-05-10T18:30:28.882+0000] {dagbag.py:538} INFO - Filling up the DagBag from /home/airflow/.local/lib/python3.7/site-packages/airflow/example_dags/example_python_operator.py
[2023-05-10T18:30:28.906+0000] {logging_mixin.py:137} INFO - [2023-05-10T18:30:28.906+0000] {taskmixin.py:205} WARNING - Dependency <Task(_PythonDecoratedOperator): print_the_context>, log_sql_query already registered for DAG: example_python_operator
[2023-05-10T18:30:28.907+0000] {logging_mixin.py:137} INFO - [2023-05-10T18:30:28.907+0000] {taskmixin.py:205} WARNING - Dependency <Task(_PythonDecoratedOperator): log_sql_query>, print_the_context already registered for DAG: example_python_operator
[2023-05-10T18:30:28.911+0000] {logging_mixin.py:137} INFO - [2023-05-10T18:30:28.911+0000] {taskmixin.py:205} WARNING - Dependency <Task(_PythonDecoratedOperator): print_the_context>, log_sql_query already registered for DAG: example_python_operator
[2023-05-10T18:30:28.912+0000] {logging_mixin.py:137} INFO - [2023-05-10T18:30:28.912+0000] {taskmixin.py:205} WARNING - Dependency <Task(_PythonDecoratedOperator): log_sql_query>, print_the_context already registered for DAG: example_python_operator
[2023-05-10T18:30:28.915+0000] {logging_mixin.py:137} INFO - [2023-05-10T18:30:28.915+0000] {taskmixin.py:205} WARNING - Dependency <Task(_PythonDecoratedOperator): print_the_context>, log_sql_query already registered for DAG: example_python_operator
[2023-05-10T18:30:28.916+0000] {logging_mixin.py:137} INFO - [2023-05-10T18:30:28.916+0000] {taskmixin.py:205} WARNING - Dependency <Task(_PythonDecoratedOperator): log_sql_query>, print_the_context already registered for DAG: example_python_operator
[2023-05-10T18:30:28.916+0000] {logging_mixin.py:137} INFO - [2023-05-10T18:30:28.916+0000] {taskmixin.py:205} WARNING - Dependency <Task(_PythonDecoratedOperator): print_the_context>, log_sql_query already registered for DAG: example_python_operator
[2023-05-10T18:30:28.918+0000] {logging_mixin.py:137} INFO - [2023-05-10T18:30:28.918+0000] {taskmixin.py:205} WARNING - Dependency <Task(_PythonDecoratedOperator): log_sql_query>, print_the_context already registered for DAG: example_python_operator
[2023-05-10T18:30:28.924+0000] {processor.py:753} INFO - DAG(s) dict_keys(['example_python_operator']) retrieved from /home/airflow/.local/lib/python3.7/site-packages/airflow/example_dags/example_python_operator.py
[2023-05-10T18:30:28.957+0000] {logging_mixin.py:137} INFO - [2023-05-10T18:30:28.956+0000] {dag.py:2690} INFO - Sync 1 DAGs
[2023-05-10T18:30:28.974+0000] {logging_mixin.py:137} INFO - [2023-05-10T18:30:28.974+0000] {dag.py:3441} INFO - Setting next_dagrun for example_python_operator to None, run_after=None
[2023-05-10T18:30:28.987+0000] {processor.py:175} INFO - Processing /home/airflow/.local/lib/python3.7/site-packages/airflow/example_dags/example_python_operator.py took 0.112 seconds
[2023-05-10T18:30:59.259+0000] {processor.py:153} INFO - Started process (PID=968) to work on /home/airflow/.local/lib/python3.7/site-packages/airflow/example_dags/example_python_operator.py
[2023-05-10T18:30:59.260+0000] {processor.py:743} INFO - Processing file /home/airflow/.local/lib/python3.7/site-packages/airflow/example_dags/example_python_operator.py for tasks to queue
[2023-05-10T18:30:59.261+0000] {logging_mixin.py:137} INFO - [2023-05-10T18:30:59.261+0000] {dagbag.py:538} INFO - Filling up the DagBag from /home/airflow/.local/lib/python3.7/site-packages/airflow/example_dags/example_python_operator.py
[2023-05-10T18:30:59.271+0000] {logging_mixin.py:137} INFO - [2023-05-10T18:30:59.271+0000] {taskmixin.py:205} WARNING - Dependency <Task(_PythonDecoratedOperator): print_the_context>, log_sql_query already registered for DAG: example_python_operator
[2023-05-10T18:30:59.271+0000] {logging_mixin.py:137} INFO - [2023-05-10T18:30:59.271+0000] {taskmixin.py:205} WARNING - Dependency <Task(_PythonDecoratedOperator): log_sql_query>, print_the_context already registered for DAG: example_python_operator
[2023-05-10T18:30:59.272+0000] {logging_mixin.py:137} INFO - [2023-05-10T18:30:59.272+0000] {taskmixin.py:205} WARNING - Dependency <Task(_PythonDecoratedOperator): print_the_context>, log_sql_query already registered for DAG: example_python_operator
[2023-05-10T18:30:59.272+0000] {logging_mixin.py:137} INFO - [2023-05-10T18:30:59.272+0000] {taskmixin.py:205} WARNING - Dependency <Task(_PythonDecoratedOperator): log_sql_query>, print_the_context already registered for DAG: example_python_operator
[2023-05-10T18:30:59.273+0000] {logging_mixin.py:137} INFO - [2023-05-10T18:30:59.273+0000] {taskmixin.py:205} WARNING - Dependency <Task(_PythonDecoratedOperator): print_the_context>, log_sql_query already registered for DAG: example_python_operator
[2023-05-10T18:30:59.273+0000] {logging_mixin.py:137} INFO - [2023-05-10T18:30:59.273+0000] {taskmixin.py:205} WARNING - Dependency <Task(_PythonDecoratedOperator): log_sql_query>, print_the_context already registered for DAG: example_python_operator
[2023-05-10T18:30:59.274+0000] {logging_mixin.py:137} INFO - [2023-05-10T18:30:59.274+0000] {taskmixin.py:205} WARNING - Dependency <Task(_PythonDecoratedOperator): print_the_context>, log_sql_query already registered for DAG: example_python_operator
[2023-05-10T18:30:59.274+0000] {logging_mixin.py:137} INFO - [2023-05-10T18:30:59.274+0000] {taskmixin.py:205} WARNING - Dependency <Task(_PythonDecoratedOperator): log_sql_query>, print_the_context already registered for DAG: example_python_operator
[2023-05-10T18:30:59.278+0000] {processor.py:753} INFO - DAG(s) dict_keys(['example_python_operator']) retrieved from /home/airflow/.local/lib/python3.7/site-packages/airflow/example_dags/example_python_operator.py
[2023-05-10T18:30:59.296+0000] {logging_mixin.py:137} INFO - [2023-05-10T18:30:59.296+0000] {dag.py:2690} INFO - Sync 1 DAGs
[2023-05-10T18:30:59.310+0000] {logging_mixin.py:137} INFO - [2023-05-10T18:30:59.310+0000] {dag.py:3441} INFO - Setting next_dagrun for example_python_operator to None, run_after=None
[2023-05-10T18:30:59.319+0000] {processor.py:175} INFO - Processing /home/airflow/.local/lib/python3.7/site-packages/airflow/example_dags/example_python_operator.py took 0.062 seconds
[2023-05-10T18:47:36.749+0000] {processor.py:153} INFO - Started process (PID=1032) to work on /home/airflow/.local/lib/python3.7/site-packages/airflow/example_dags/example_python_operator.py
[2023-05-10T18:47:36.750+0000] {processor.py:743} INFO - Processing file /home/airflow/.local/lib/python3.7/site-packages/airflow/example_dags/example_python_operator.py for tasks to queue
[2023-05-10T18:47:36.751+0000] {logging_mixin.py:137} INFO - [2023-05-10T18:47:36.751+0000] {dagbag.py:538} INFO - Filling up the DagBag from /home/airflow/.local/lib/python3.7/site-packages/airflow/example_dags/example_python_operator.py
[2023-05-10T18:47:36.761+0000] {logging_mixin.py:137} INFO - [2023-05-10T18:47:36.761+0000] {taskmixin.py:205} WARNING - Dependency <Task(_PythonDecoratedOperator): print_the_context>, log_sql_query already registered for DAG: example_python_operator
[2023-05-10T18:47:36.762+0000] {logging_mixin.py:137} INFO - [2023-05-10T18:47:36.762+0000] {taskmixin.py:205} WARNING - Dependency <Task(_PythonDecoratedOperator): log_sql_query>, print_the_context already registered for DAG: example_python_operator
[2023-05-10T18:47:36.762+0000] {logging_mixin.py:137} INFO - [2023-05-10T18:47:36.762+0000] {taskmixin.py:205} WARNING - Dependency <Task(_PythonDecoratedOperator): print_the_context>, log_sql_query already registered for DAG: example_python_operator
[2023-05-10T18:47:36.763+0000] {logging_mixin.py:137} INFO - [2023-05-10T18:47:36.763+0000] {taskmixin.py:205} WARNING - Dependency <Task(_PythonDecoratedOperator): log_sql_query>, print_the_context already registered for DAG: example_python_operator
[2023-05-10T18:47:36.763+0000] {logging_mixin.py:137} INFO - [2023-05-10T18:47:36.763+0000] {taskmixin.py:205} WARNING - Dependency <Task(_PythonDecoratedOperator): print_the_context>, log_sql_query already registered for DAG: example_python_operator
[2023-05-10T18:47:36.764+0000] {logging_mixin.py:137} INFO - [2023-05-10T18:47:36.764+0000] {taskmixin.py:205} WARNING - Dependency <Task(_PythonDecoratedOperator): log_sql_query>, print_the_context already registered for DAG: example_python_operator
[2023-05-10T18:47:36.764+0000] {logging_mixin.py:137} INFO - [2023-05-10T18:47:36.764+0000] {taskmixin.py:205} WARNING - Dependency <Task(_PythonDecoratedOperator): print_the_context>, log_sql_query already registered for DAG: example_python_operator
[2023-05-10T18:47:36.765+0000] {logging_mixin.py:137} INFO - [2023-05-10T18:47:36.765+0000] {taskmixin.py:205} WARNING - Dependency <Task(_PythonDecoratedOperator): log_sql_query>, print_the_context already registered for DAG: example_python_operator
[2023-05-10T18:47:36.769+0000] {processor.py:753} INFO - DAG(s) dict_keys(['example_python_operator']) retrieved from /home/airflow/.local/lib/python3.7/site-packages/airflow/example_dags/example_python_operator.py
[2023-05-10T18:47:36.787+0000] {logging_mixin.py:137} INFO - [2023-05-10T18:47:36.787+0000] {dag.py:2690} INFO - Sync 1 DAGs
[2023-05-10T18:47:36.800+0000] {logging_mixin.py:137} INFO - [2023-05-10T18:47:36.800+0000] {dag.py:3441} INFO - Setting next_dagrun for example_python_operator to None, run_after=None
[2023-05-10T18:47:36.809+0000] {processor.py:175} INFO - Processing /home/airflow/.local/lib/python3.7/site-packages/airflow/example_dags/example_python_operator.py took 0.062 seconds
[2023-05-10T18:48:07.604+0000] {processor.py:153} INFO - Started process (PID=1107) to work on /home/airflow/.local/lib/python3.7/site-packages/airflow/example_dags/example_python_operator.py
[2023-05-10T18:48:07.605+0000] {processor.py:743} INFO - Processing file /home/airflow/.local/lib/python3.7/site-packages/airflow/example_dags/example_python_operator.py for tasks to queue
[2023-05-10T18:48:07.606+0000] {logging_mixin.py:137} INFO - [2023-05-10T18:48:07.606+0000] {dagbag.py:538} INFO - Filling up the DagBag from /home/airflow/.local/lib/python3.7/site-packages/airflow/example_dags/example_python_operator.py
[2023-05-10T18:48:07.616+0000] {logging_mixin.py:137} INFO - [2023-05-10T18:48:07.616+0000] {taskmixin.py:205} WARNING - Dependency <Task(_PythonDecoratedOperator): print_the_context>, log_sql_query already registered for DAG: example_python_operator
[2023-05-10T18:48:07.617+0000] {logging_mixin.py:137} INFO - [2023-05-10T18:48:07.617+0000] {taskmixin.py:205} WARNING - Dependency <Task(_PythonDecoratedOperator): log_sql_query>, print_the_context already registered for DAG: example_python_operator
[2023-05-10T18:48:07.617+0000] {logging_mixin.py:137} INFO - [2023-05-10T18:48:07.617+0000] {taskmixin.py:205} WARNING - Dependency <Task(_PythonDecoratedOperator): print_the_context>, log_sql_query already registered for DAG: example_python_operator
[2023-05-10T18:48:07.617+0000] {logging_mixin.py:137} INFO - [2023-05-10T18:48:07.617+0000] {taskmixin.py:205} WARNING - Dependency <Task(_PythonDecoratedOperator): log_sql_query>, print_the_context already registered for DAG: example_python_operator
[2023-05-10T18:48:07.618+0000] {logging_mixin.py:137} INFO - [2023-05-10T18:48:07.618+0000] {taskmixin.py:205} WARNING - Dependency <Task(_PythonDecoratedOperator): print_the_context>, log_sql_query already registered for DAG: example_python_operator
[2023-05-10T18:48:07.618+0000] {logging_mixin.py:137} INFO - [2023-05-10T18:48:07.618+0000] {taskmixin.py:205} WARNING - Dependency <Task(_PythonDecoratedOperator): log_sql_query>, print_the_context already registered for DAG: example_python_operator
[2023-05-10T18:48:07.619+0000] {logging_mixin.py:137} INFO - [2023-05-10T18:48:07.619+0000] {taskmixin.py:205} WARNING - Dependency <Task(_PythonDecoratedOperator): print_the_context>, log_sql_query already registered for DAG: example_python_operator
[2023-05-10T18:48:07.619+0000] {logging_mixin.py:137} INFO - [2023-05-10T18:48:07.619+0000] {taskmixin.py:205} WARNING - Dependency <Task(_PythonDecoratedOperator): log_sql_query>, print_the_context already registered for DAG: example_python_operator
[2023-05-10T18:48:07.623+0000] {processor.py:753} INFO - DAG(s) dict_keys(['example_python_operator']) retrieved from /home/airflow/.local/lib/python3.7/site-packages/airflow/example_dags/example_python_operator.py
[2023-05-10T18:48:07.640+0000] {logging_mixin.py:137} INFO - [2023-05-10T18:48:07.640+0000] {dag.py:2690} INFO - Sync 1 DAGs
[2023-05-10T18:48:07.653+0000] {logging_mixin.py:137} INFO - [2023-05-10T18:48:07.653+0000] {dag.py:3441} INFO - Setting next_dagrun for example_python_operator to None, run_after=None
[2023-05-10T18:48:07.662+0000] {processor.py:175} INFO - Processing /home/airflow/.local/lib/python3.7/site-packages/airflow/example_dags/example_python_operator.py took 0.060 seconds
[2023-05-10T18:49:22.779+0000] {processor.py:153} INFO - Started process (PID=1182) to work on /home/airflow/.local/lib/python3.7/site-packages/airflow/example_dags/example_python_operator.py
[2023-05-10T18:49:22.780+0000] {processor.py:743} INFO - Processing file /home/airflow/.local/lib/python3.7/site-packages/airflow/example_dags/example_python_operator.py for tasks to queue
[2023-05-10T18:49:22.781+0000] {logging_mixin.py:137} INFO - [2023-05-10T18:49:22.781+0000] {dagbag.py:538} INFO - Filling up the DagBag from /home/airflow/.local/lib/python3.7/site-packages/airflow/example_dags/example_python_operator.py
[2023-05-10T18:49:22.791+0000] {logging_mixin.py:137} INFO - [2023-05-10T18:49:22.791+0000] {taskmixin.py:205} WARNING - Dependency <Task(_PythonDecoratedOperator): print_the_context>, log_sql_query already registered for DAG: example_python_operator
[2023-05-10T18:49:22.791+0000] {logging_mixin.py:137} INFO - [2023-05-10T18:49:22.791+0000] {taskmixin.py:205} WARNING - Dependency <Task(_PythonDecoratedOperator): log_sql_query>, print_the_context already registered for DAG: example_python_operator
[2023-05-10T18:49:22.792+0000] {logging_mixin.py:137} INFO - [2023-05-10T18:49:22.792+0000] {taskmixin.py:205} WARNING - Dependency <Task(_PythonDecoratedOperator): print_the_context>, log_sql_query already registered for DAG: example_python_operator
[2023-05-10T18:49:22.792+0000] {logging_mixin.py:137} INFO - [2023-05-10T18:49:22.792+0000] {taskmixin.py:205} WARNING - Dependency <Task(_PythonDecoratedOperator): log_sql_query>, print_the_context already registered for DAG: example_python_operator
[2023-05-10T18:49:22.793+0000] {logging_mixin.py:137} INFO - [2023-05-10T18:49:22.793+0000] {taskmixin.py:205} WARNING - Dependency <Task(_PythonDecoratedOperator): print_the_context>, log_sql_query already registered for DAG: example_python_operator
[2023-05-10T18:49:22.793+0000] {logging_mixin.py:137} INFO - [2023-05-10T18:49:22.793+0000] {taskmixin.py:205} WARNING - Dependency <Task(_PythonDecoratedOperator): log_sql_query>, print_the_context already registered for DAG: example_python_operator
[2023-05-10T18:49:22.794+0000] {logging_mixin.py:137} INFO - [2023-05-10T18:49:22.794+0000] {taskmixin.py:205} WARNING - Dependency <Task(_PythonDecoratedOperator): print_the_context>, log_sql_query already registered for DAG: example_python_operator
[2023-05-10T18:49:22.794+0000] {logging_mixin.py:137} INFO - [2023-05-10T18:49:22.794+0000] {taskmixin.py:205} WARNING - Dependency <Task(_PythonDecoratedOperator): log_sql_query>, print_the_context already registered for DAG: example_python_operator
[2023-05-10T18:49:22.798+0000] {processor.py:753} INFO - DAG(s) dict_keys(['example_python_operator']) retrieved from /home/airflow/.local/lib/python3.7/site-packages/airflow/example_dags/example_python_operator.py
[2023-05-10T18:49:22.816+0000] {logging_mixin.py:137} INFO - [2023-05-10T18:49:22.816+0000] {dag.py:2690} INFO - Sync 1 DAGs
[2023-05-10T18:49:22.829+0000] {logging_mixin.py:137} INFO - [2023-05-10T18:49:22.829+0000] {dag.py:3441} INFO - Setting next_dagrun for example_python_operator to None, run_after=None
[2023-05-10T18:49:22.838+0000] {processor.py:175} INFO - Processing /home/airflow/.local/lib/python3.7/site-packages/airflow/example_dags/example_python_operator.py took 0.061 seconds
[2023-05-10T18:49:53.463+0000] {processor.py:153} INFO - Started process (PID=1246) to work on /home/airflow/.local/lib/python3.7/site-packages/airflow/example_dags/example_python_operator.py
[2023-05-10T18:49:53.464+0000] {processor.py:743} INFO - Processing file /home/airflow/.local/lib/python3.7/site-packages/airflow/example_dags/example_python_operator.py for tasks to queue
[2023-05-10T18:49:53.465+0000] {logging_mixin.py:137} INFO - [2023-05-10T18:49:53.465+0000] {dagbag.py:538} INFO - Filling up the DagBag from /home/airflow/.local/lib/python3.7/site-packages/airflow/example_dags/example_python_operator.py
[2023-05-10T18:49:53.475+0000] {logging_mixin.py:137} INFO - [2023-05-10T18:49:53.475+0000] {taskmixin.py:205} WARNING - Dependency <Task(_PythonDecoratedOperator): print_the_context>, log_sql_query already registered for DAG: example_python_operator
[2023-05-10T18:49:53.475+0000] {logging_mixin.py:137} INFO - [2023-05-10T18:49:53.475+0000] {taskmixin.py:205} WARNING - Dependency <Task(_PythonDecoratedOperator): log_sql_query>, print_the_context already registered for DAG: example_python_operator
[2023-05-10T18:49:53.476+0000] {logging_mixin.py:137} INFO - [2023-05-10T18:49:53.476+0000] {taskmixin.py:205} WARNING - Dependency <Task(_PythonDecoratedOperator): print_the_context>, log_sql_query already registered for DAG: example_python_operator
[2023-05-10T18:49:53.476+0000] {logging_mixin.py:137} INFO - [2023-05-10T18:49:53.476+0000] {taskmixin.py:205} WARNING - Dependency <Task(_PythonDecoratedOperator): log_sql_query>, print_the_context already registered for DAG: example_python_operator
[2023-05-10T18:49:53.477+0000] {logging_mixin.py:137} INFO - [2023-05-10T18:49:53.477+0000] {taskmixin.py:205} WARNING - Dependency <Task(_PythonDecoratedOperator): print_the_context>, log_sql_query already registered for DAG: example_python_operator
[2023-05-10T18:49:53.477+0000] {logging_mixin.py:137} INFO - [2023-05-10T18:49:53.477+0000] {taskmixin.py:205} WARNING - Dependency <Task(_PythonDecoratedOperator): log_sql_query>, print_the_context already registered for DAG: example_python_operator
[2023-05-10T18:49:53.478+0000] {logging_mixin.py:137} INFO - [2023-05-10T18:49:53.478+0000] {taskmixin.py:205} WARNING - Dependency <Task(_PythonDecoratedOperator): print_the_context>, log_sql_query already registered for DAG: example_python_operator
[2023-05-10T18:49:53.478+0000] {logging_mixin.py:137} INFO - [2023-05-10T18:49:53.478+0000] {taskmixin.py:205} WARNING - Dependency <Task(_PythonDecoratedOperator): log_sql_query>, print_the_context already registered for DAG: example_python_operator
[2023-05-10T18:49:53.482+0000] {processor.py:753} INFO - DAG(s) dict_keys(['example_python_operator']) retrieved from /home/airflow/.local/lib/python3.7/site-packages/airflow/example_dags/example_python_operator.py
[2023-05-10T18:49:53.500+0000] {logging_mixin.py:137} INFO - [2023-05-10T18:49:53.500+0000] {dag.py:2690} INFO - Sync 1 DAGs
[2023-05-10T18:49:53.514+0000] {logging_mixin.py:137} INFO - [2023-05-10T18:49:53.513+0000] {dag.py:3441} INFO - Setting next_dagrun for example_python_operator to None, run_after=None
[2023-05-10T18:49:53.522+0000] {processor.py:175} INFO - Processing /home/airflow/.local/lib/python3.7/site-packages/airflow/example_dags/example_python_operator.py took 0.061 seconds
[2023-05-10T18:50:24.268+0000] {processor.py:153} INFO - Started process (PID=1321) to work on /home/airflow/.local/lib/python3.7/site-packages/airflow/example_dags/example_python_operator.py
[2023-05-10T18:50:24.268+0000] {processor.py:743} INFO - Processing file /home/airflow/.local/lib/python3.7/site-packages/airflow/example_dags/example_python_operator.py for tasks to queue
[2023-05-10T18:50:24.269+0000] {logging_mixin.py:137} INFO - [2023-05-10T18:50:24.269+0000] {dagbag.py:538} INFO - Filling up the DagBag from /home/airflow/.local/lib/python3.7/site-packages/airflow/example_dags/example_python_operator.py
[2023-05-10T18:50:24.279+0000] {logging_mixin.py:137} INFO - [2023-05-10T18:50:24.279+0000] {taskmixin.py:205} WARNING - Dependency <Task(_PythonDecoratedOperator): print_the_context>, log_sql_query already registered for DAG: example_python_operator
[2023-05-10T18:50:24.280+0000] {logging_mixin.py:137} INFO - [2023-05-10T18:50:24.280+0000] {taskmixin.py:205} WARNING - Dependency <Task(_PythonDecoratedOperator): log_sql_query>, print_the_context already registered for DAG: example_python_operator
[2023-05-10T18:50:24.281+0000] {logging_mixin.py:137} INFO - [2023-05-10T18:50:24.281+0000] {taskmixin.py:205} WARNING - Dependency <Task(_PythonDecoratedOperator): print_the_context>, log_sql_query already registered for DAG: example_python_operator
[2023-05-10T18:50:24.281+0000] {logging_mixin.py:137} INFO - [2023-05-10T18:50:24.281+0000] {taskmixin.py:205} WARNING - Dependency <Task(_PythonDecoratedOperator): log_sql_query>, print_the_context already registered for DAG: example_python_operator
[2023-05-10T18:50:24.282+0000] {logging_mixin.py:137} INFO - [2023-05-10T18:50:24.282+0000] {taskmixin.py:205} WARNING - Dependency <Task(_PythonDecoratedOperator): print_the_context>, log_sql_query already registered for DAG: example_python_operator
[2023-05-10T18:50:24.282+0000] {logging_mixin.py:137} INFO - [2023-05-10T18:50:24.282+0000] {taskmixin.py:205} WARNING - Dependency <Task(_PythonDecoratedOperator): log_sql_query>, print_the_context already registered for DAG: example_python_operator
[2023-05-10T18:50:24.283+0000] {logging_mixin.py:137} INFO - [2023-05-10T18:50:24.283+0000] {taskmixin.py:205} WARNING - Dependency <Task(_PythonDecoratedOperator): print_the_context>, log_sql_query already registered for DAG: example_python_operator
[2023-05-10T18:50:24.283+0000] {logging_mixin.py:137} INFO - [2023-05-10T18:50:24.283+0000] {taskmixin.py:205} WARNING - Dependency <Task(_PythonDecoratedOperator): log_sql_query>, print_the_context already registered for DAG: example_python_operator
[2023-05-10T18:50:24.287+0000] {processor.py:753} INFO - DAG(s) dict_keys(['example_python_operator']) retrieved from /home/airflow/.local/lib/python3.7/site-packages/airflow/example_dags/example_python_operator.py
[2023-05-10T18:50:24.305+0000] {logging_mixin.py:137} INFO - [2023-05-10T18:50:24.305+0000] {dag.py:2690} INFO - Sync 1 DAGs
[2023-05-10T18:50:24.319+0000] {logging_mixin.py:137} INFO - [2023-05-10T18:50:24.319+0000] {dag.py:3441} INFO - Setting next_dagrun for example_python_operator to None, run_after=None
[2023-05-10T18:50:24.327+0000] {processor.py:175} INFO - Processing /home/airflow/.local/lib/python3.7/site-packages/airflow/example_dags/example_python_operator.py took 0.062 seconds
[2023-05-10T18:50:55.043+0000] {processor.py:153} INFO - Started process (PID=1394) to work on /home/airflow/.local/lib/python3.7/site-packages/airflow/example_dags/example_python_operator.py
[2023-05-10T18:50:55.043+0000] {processor.py:743} INFO - Processing file /home/airflow/.local/lib/python3.7/site-packages/airflow/example_dags/example_python_operator.py for tasks to queue
[2023-05-10T18:50:55.044+0000] {logging_mixin.py:137} INFO - [2023-05-10T18:50:55.044+0000] {dagbag.py:538} INFO - Filling up the DagBag from /home/airflow/.local/lib/python3.7/site-packages/airflow/example_dags/example_python_operator.py
[2023-05-10T18:50:55.055+0000] {logging_mixin.py:137} INFO - [2023-05-10T18:50:55.055+0000] {taskmixin.py:205} WARNING - Dependency <Task(_PythonDecoratedOperator): print_the_context>, log_sql_query already registered for DAG: example_python_operator
[2023-05-10T18:50:55.056+0000] {logging_mixin.py:137} INFO - [2023-05-10T18:50:55.056+0000] {taskmixin.py:205} WARNING - Dependency <Task(_PythonDecoratedOperator): log_sql_query>, print_the_context already registered for DAG: example_python_operator
[2023-05-10T18:50:55.056+0000] {logging_mixin.py:137} INFO - [2023-05-10T18:50:55.056+0000] {taskmixin.py:205} WARNING - Dependency <Task(_PythonDecoratedOperator): print_the_context>, log_sql_query already registered for DAG: example_python_operator
[2023-05-10T18:50:55.057+0000] {logging_mixin.py:137} INFO - [2023-05-10T18:50:55.057+0000] {taskmixin.py:205} WARNING - Dependency <Task(_PythonDecoratedOperator): log_sql_query>, print_the_context already registered for DAG: example_python_operator
[2023-05-10T18:50:55.058+0000] {logging_mixin.py:137} INFO - [2023-05-10T18:50:55.058+0000] {taskmixin.py:205} WARNING - Dependency <Task(_PythonDecoratedOperator): print_the_context>, log_sql_query already registered for DAG: example_python_operator
[2023-05-10T18:50:55.058+0000] {logging_mixin.py:137} INFO - [2023-05-10T18:50:55.058+0000] {taskmixin.py:205} WARNING - Dependency <Task(_PythonDecoratedOperator): log_sql_query>, print_the_context already registered for DAG: example_python_operator
[2023-05-10T18:50:55.059+0000] {logging_mixin.py:137} INFO - [2023-05-10T18:50:55.059+0000] {taskmixin.py:205} WARNING - Dependency <Task(_PythonDecoratedOperator): print_the_context>, log_sql_query already registered for DAG: example_python_operator
[2023-05-10T18:50:55.059+0000] {logging_mixin.py:137} INFO - [2023-05-10T18:50:55.059+0000] {taskmixin.py:205} WARNING - Dependency <Task(_PythonDecoratedOperator): log_sql_query>, print_the_context already registered for DAG: example_python_operator
[2023-05-10T18:50:55.064+0000] {processor.py:753} INFO - DAG(s) dict_keys(['example_python_operator']) retrieved from /home/airflow/.local/lib/python3.7/site-packages/airflow/example_dags/example_python_operator.py
[2023-05-10T18:50:55.082+0000] {logging_mixin.py:137} INFO - [2023-05-10T18:50:55.082+0000] {dag.py:2690} INFO - Sync 1 DAGs
[2023-05-10T18:50:55.101+0000] {logging_mixin.py:137} INFO - [2023-05-10T18:50:55.101+0000] {dag.py:3441} INFO - Setting next_dagrun for example_python_operator to None, run_after=None
[2023-05-10T18:50:55.111+0000] {processor.py:175} INFO - Processing /home/airflow/.local/lib/python3.7/site-packages/airflow/example_dags/example_python_operator.py took 0.071 seconds
[2023-05-10T18:51:25.818+0000] {processor.py:153} INFO - Started process (PID=1469) to work on /home/airflow/.local/lib/python3.7/site-packages/airflow/example_dags/example_python_operator.py
[2023-05-10T18:51:25.819+0000] {processor.py:743} INFO - Processing file /home/airflow/.local/lib/python3.7/site-packages/airflow/example_dags/example_python_operator.py for tasks to queue
[2023-05-10T18:51:25.820+0000] {logging_mixin.py:137} INFO - [2023-05-10T18:51:25.820+0000] {dagbag.py:538} INFO - Filling up the DagBag from /home/airflow/.local/lib/python3.7/site-packages/airflow/example_dags/example_python_operator.py
[2023-05-10T18:51:25.830+0000] {logging_mixin.py:137} INFO - [2023-05-10T18:51:25.830+0000] {taskmixin.py:205} WARNING - Dependency <Task(_PythonDecoratedOperator): print_the_context>, log_sql_query already registered for DAG: example_python_operator
[2023-05-10T18:51:25.830+0000] {logging_mixin.py:137} INFO - [2023-05-10T18:51:25.830+0000] {taskmixin.py:205} WARNING - Dependency <Task(_PythonDecoratedOperator): log_sql_query>, print_the_context already registered for DAG: example_python_operator
[2023-05-10T18:51:25.831+0000] {logging_mixin.py:137} INFO - [2023-05-10T18:51:25.831+0000] {taskmixin.py:205} WARNING - Dependency <Task(_PythonDecoratedOperator): print_the_context>, log_sql_query already registered for DAG: example_python_operator
[2023-05-10T18:51:25.831+0000] {logging_mixin.py:137} INFO - [2023-05-10T18:51:25.831+0000] {taskmixin.py:205} WARNING - Dependency <Task(_PythonDecoratedOperator): log_sql_query>, print_the_context already registered for DAG: example_python_operator
[2023-05-10T18:51:25.832+0000] {logging_mixin.py:137} INFO - [2023-05-10T18:51:25.832+0000] {taskmixin.py:205} WARNING - Dependency <Task(_PythonDecoratedOperator): print_the_context>, log_sql_query already registered for DAG: example_python_operator
[2023-05-10T18:51:25.832+0000] {logging_mixin.py:137} INFO - [2023-05-10T18:51:25.832+0000] {taskmixin.py:205} WARNING - Dependency <Task(_PythonDecoratedOperator): log_sql_query>, print_the_context already registered for DAG: example_python_operator
[2023-05-10T18:51:25.833+0000] {logging_mixin.py:137} INFO - [2023-05-10T18:51:25.833+0000] {taskmixin.py:205} WARNING - Dependency <Task(_PythonDecoratedOperator): print_the_context>, log_sql_query already registered for DAG: example_python_operator
[2023-05-10T18:51:25.834+0000] {logging_mixin.py:137} INFO - [2023-05-10T18:51:25.834+0000] {taskmixin.py:205} WARNING - Dependency <Task(_PythonDecoratedOperator): log_sql_query>, print_the_context already registered for DAG: example_python_operator
[2023-05-10T18:51:25.838+0000] {processor.py:753} INFO - DAG(s) dict_keys(['example_python_operator']) retrieved from /home/airflow/.local/lib/python3.7/site-packages/airflow/example_dags/example_python_operator.py
[2023-05-10T18:51:25.856+0000] {logging_mixin.py:137} INFO - [2023-05-10T18:51:25.856+0000] {dag.py:2690} INFO - Sync 1 DAGs
[2023-05-10T18:51:25.869+0000] {logging_mixin.py:137} INFO - [2023-05-10T18:51:25.869+0000] {dag.py:3441} INFO - Setting next_dagrun for example_python_operator to None, run_after=None
[2023-05-10T18:51:25.878+0000] {processor.py:175} INFO - Processing /home/airflow/.local/lib/python3.7/site-packages/airflow/example_dags/example_python_operator.py took 0.062 seconds
[2023-05-10T18:51:56.674+0000] {processor.py:153} INFO - Started process (PID=1532) to work on /home/airflow/.local/lib/python3.7/site-packages/airflow/example_dags/example_python_operator.py
[2023-05-10T18:51:56.675+0000] {processor.py:743} INFO - Processing file /home/airflow/.local/lib/python3.7/site-packages/airflow/example_dags/example_python_operator.py for tasks to queue
[2023-05-10T18:51:56.675+0000] {logging_mixin.py:137} INFO - [2023-05-10T18:51:56.675+0000] {dagbag.py:538} INFO - Filling up the DagBag from /home/airflow/.local/lib/python3.7/site-packages/airflow/example_dags/example_python_operator.py
[2023-05-10T18:51:56.685+0000] {logging_mixin.py:137} INFO - [2023-05-10T18:51:56.685+0000] {taskmixin.py:205} WARNING - Dependency <Task(_PythonDecoratedOperator): print_the_context>, log_sql_query already registered for DAG: example_python_operator
[2023-05-10T18:51:56.686+0000] {logging_mixin.py:137} INFO - [2023-05-10T18:51:56.685+0000] {taskmixin.py:205} WARNING - Dependency <Task(_PythonDecoratedOperator): log_sql_query>, print_the_context already registered for DAG: example_python_operator
[2023-05-10T18:51:56.686+0000] {logging_mixin.py:137} INFO - [2023-05-10T18:51:56.686+0000] {taskmixin.py:205} WARNING - Dependency <Task(_PythonDecoratedOperator): print_the_context>, log_sql_query already registered for DAG: example_python_operator
[2023-05-10T18:51:56.686+0000] {logging_mixin.py:137} INFO - [2023-05-10T18:51:56.686+0000] {taskmixin.py:205} WARNING - Dependency <Task(_PythonDecoratedOperator): log_sql_query>, print_the_context already registered for DAG: example_python_operator
[2023-05-10T18:51:56.687+0000] {logging_mixin.py:137} INFO - [2023-05-10T18:51:56.687+0000] {taskmixin.py:205} WARNING - Dependency <Task(_PythonDecoratedOperator): print_the_context>, log_sql_query already registered for DAG: example_python_operator
[2023-05-10T18:51:56.687+0000] {logging_mixin.py:137} INFO - [2023-05-10T18:51:56.687+0000] {taskmixin.py:205} WARNING - Dependency <Task(_PythonDecoratedOperator): log_sql_query>, print_the_context already registered for DAG: example_python_operator
[2023-05-10T18:51:56.688+0000] {logging_mixin.py:137} INFO - [2023-05-10T18:51:56.688+0000] {taskmixin.py:205} WARNING - Dependency <Task(_PythonDecoratedOperator): print_the_context>, log_sql_query already registered for DAG: example_python_operator
[2023-05-10T18:51:56.688+0000] {logging_mixin.py:137} INFO - [2023-05-10T18:51:56.688+0000] {taskmixin.py:205} WARNING - Dependency <Task(_PythonDecoratedOperator): log_sql_query>, print_the_context already registered for DAG: example_python_operator
[2023-05-10T18:51:56.692+0000] {processor.py:753} INFO - DAG(s) dict_keys(['example_python_operator']) retrieved from /home/airflow/.local/lib/python3.7/site-packages/airflow/example_dags/example_python_operator.py
[2023-05-10T18:51:56.711+0000] {logging_mixin.py:137} INFO - [2023-05-10T18:51:56.711+0000] {dag.py:2690} INFO - Sync 1 DAGs
[2023-05-10T18:51:56.725+0000] {logging_mixin.py:137} INFO - [2023-05-10T18:51:56.725+0000] {dag.py:3441} INFO - Setting next_dagrun for example_python_operator to None, run_after=None
[2023-05-10T18:51:56.734+0000] {processor.py:175} INFO - Processing /home/airflow/.local/lib/python3.7/site-packages/airflow/example_dags/example_python_operator.py took 0.062 seconds
[2023-05-10T18:52:27.465+0000] {processor.py:153} INFO - Started process (PID=1605) to work on /home/airflow/.local/lib/python3.7/site-packages/airflow/example_dags/example_python_operator.py
[2023-05-10T18:52:27.466+0000] {processor.py:743} INFO - Processing file /home/airflow/.local/lib/python3.7/site-packages/airflow/example_dags/example_python_operator.py for tasks to queue
[2023-05-10T18:52:27.467+0000] {logging_mixin.py:137} INFO - [2023-05-10T18:52:27.467+0000] {dagbag.py:538} INFO - Filling up the DagBag from /home/airflow/.local/lib/python3.7/site-packages/airflow/example_dags/example_python_operator.py
[2023-05-10T18:52:27.478+0000] {logging_mixin.py:137} INFO - [2023-05-10T18:52:27.478+0000] {taskmixin.py:205} WARNING - Dependency <Task(_PythonDecoratedOperator): print_the_context>, log_sql_query already registered for DAG: example_python_operator
[2023-05-10T18:52:27.479+0000] {logging_mixin.py:137} INFO - [2023-05-10T18:52:27.479+0000] {taskmixin.py:205} WARNING - Dependency <Task(_PythonDecoratedOperator): log_sql_query>, print_the_context already registered for DAG: example_python_operator
[2023-05-10T18:52:27.480+0000] {logging_mixin.py:137} INFO - [2023-05-10T18:52:27.480+0000] {taskmixin.py:205} WARNING - Dependency <Task(_PythonDecoratedOperator): print_the_context>, log_sql_query already registered for DAG: example_python_operator
[2023-05-10T18:52:27.481+0000] {logging_mixin.py:137} INFO - [2023-05-10T18:52:27.480+0000] {taskmixin.py:205} WARNING - Dependency <Task(_PythonDecoratedOperator): log_sql_query>, print_the_context already registered for DAG: example_python_operator
[2023-05-10T18:52:27.481+0000] {logging_mixin.py:137} INFO - [2023-05-10T18:52:27.481+0000] {taskmixin.py:205} WARNING - Dependency <Task(_PythonDecoratedOperator): print_the_context>, log_sql_query already registered for DAG: example_python_operator
[2023-05-10T18:52:27.482+0000] {logging_mixin.py:137} INFO - [2023-05-10T18:52:27.481+0000] {taskmixin.py:205} WARNING - Dependency <Task(_PythonDecoratedOperator): log_sql_query>, print_the_context already registered for DAG: example_python_operator
[2023-05-10T18:52:27.482+0000] {logging_mixin.py:137} INFO - [2023-05-10T18:52:27.482+0000] {taskmixin.py:205} WARNING - Dependency <Task(_PythonDecoratedOperator): print_the_context>, log_sql_query already registered for DAG: example_python_operator
[2023-05-10T18:52:27.482+0000] {logging_mixin.py:137} INFO - [2023-05-10T18:52:27.482+0000] {taskmixin.py:205} WARNING - Dependency <Task(_PythonDecoratedOperator): log_sql_query>, print_the_context already registered for DAG: example_python_operator
[2023-05-10T18:52:27.487+0000] {processor.py:753} INFO - DAG(s) dict_keys(['example_python_operator']) retrieved from /home/airflow/.local/lib/python3.7/site-packages/airflow/example_dags/example_python_operator.py
[2023-05-10T18:52:27.506+0000] {logging_mixin.py:137} INFO - [2023-05-10T18:52:27.506+0000] {dag.py:2690} INFO - Sync 1 DAGs
[2023-05-10T18:52:27.519+0000] {logging_mixin.py:137} INFO - [2023-05-10T18:52:27.519+0000] {dag.py:3441} INFO - Setting next_dagrun for example_python_operator to None, run_after=None
[2023-05-10T18:52:27.529+0000] {processor.py:175} INFO - Processing /home/airflow/.local/lib/python3.7/site-packages/airflow/example_dags/example_python_operator.py took 0.066 seconds
[2023-05-10T18:52:58.371+0000] {processor.py:153} INFO - Started process (PID=1680) to work on /home/airflow/.local/lib/python3.7/site-packages/airflow/example_dags/example_python_operator.py
[2023-05-10T18:52:58.372+0000] {processor.py:743} INFO - Processing file /home/airflow/.local/lib/python3.7/site-packages/airflow/example_dags/example_python_operator.py for tasks to queue
[2023-05-10T18:52:58.373+0000] {logging_mixin.py:137} INFO - [2023-05-10T18:52:58.373+0000] {dagbag.py:538} INFO - Filling up the DagBag from /home/airflow/.local/lib/python3.7/site-packages/airflow/example_dags/example_python_operator.py
[2023-05-10T18:52:58.383+0000] {logging_mixin.py:137} INFO - [2023-05-10T18:52:58.383+0000] {taskmixin.py:205} WARNING - Dependency <Task(_PythonDecoratedOperator): print_the_context>, log_sql_query already registered for DAG: example_python_operator
[2023-05-10T18:52:58.383+0000] {logging_mixin.py:137} INFO - [2023-05-10T18:52:58.383+0000] {taskmixin.py:205} WARNING - Dependency <Task(_PythonDecoratedOperator): log_sql_query>, print_the_context already registered for DAG: example_python_operator
[2023-05-10T18:52:58.384+0000] {logging_mixin.py:137} INFO - [2023-05-10T18:52:58.384+0000] {taskmixin.py:205} WARNING - Dependency <Task(_PythonDecoratedOperator): print_the_context>, log_sql_query already registered for DAG: example_python_operator
[2023-05-10T18:52:58.384+0000] {logging_mixin.py:137} INFO - [2023-05-10T18:52:58.384+0000] {taskmixin.py:205} WARNING - Dependency <Task(_PythonDecoratedOperator): log_sql_query>, print_the_context already registered for DAG: example_python_operator
[2023-05-10T18:52:58.385+0000] {logging_mixin.py:137} INFO - [2023-05-10T18:52:58.385+0000] {taskmixin.py:205} WARNING - Dependency <Task(_PythonDecoratedOperator): print_the_context>, log_sql_query already registered for DAG: example_python_operator
[2023-05-10T18:52:58.385+0000] {logging_mixin.py:137} INFO - [2023-05-10T18:52:58.385+0000] {taskmixin.py:205} WARNING - Dependency <Task(_PythonDecoratedOperator): log_sql_query>, print_the_context already registered for DAG: example_python_operator
[2023-05-10T18:52:58.386+0000] {logging_mixin.py:137} INFO - [2023-05-10T18:52:58.386+0000] {taskmixin.py:205} WARNING - Dependency <Task(_PythonDecoratedOperator): print_the_context>, log_sql_query already registered for DAG: example_python_operator
[2023-05-10T18:52:58.386+0000] {logging_mixin.py:137} INFO - [2023-05-10T18:52:58.386+0000] {taskmixin.py:205} WARNING - Dependency <Task(_PythonDecoratedOperator): log_sql_query>, print_the_context already registered for DAG: example_python_operator
[2023-05-10T18:52:58.390+0000] {processor.py:753} INFO - DAG(s) dict_keys(['example_python_operator']) retrieved from /home/airflow/.local/lib/python3.7/site-packages/airflow/example_dags/example_python_operator.py
[2023-05-10T18:52:58.409+0000] {logging_mixin.py:137} INFO - [2023-05-10T18:52:58.409+0000] {dag.py:2690} INFO - Sync 1 DAGs
[2023-05-10T18:52:58.424+0000] {logging_mixin.py:137} INFO - [2023-05-10T18:52:58.424+0000] {dag.py:3441} INFO - Setting next_dagrun for example_python_operator to None, run_after=None
[2023-05-10T18:52:58.433+0000] {processor.py:175} INFO - Processing /home/airflow/.local/lib/python3.7/site-packages/airflow/example_dags/example_python_operator.py took 0.064 seconds
[2023-05-10T18:53:29.134+0000] {processor.py:153} INFO - Started process (PID=1755) to work on /home/airflow/.local/lib/python3.7/site-packages/airflow/example_dags/example_python_operator.py
[2023-05-10T18:53:29.135+0000] {processor.py:743} INFO - Processing file /home/airflow/.local/lib/python3.7/site-packages/airflow/example_dags/example_python_operator.py for tasks to queue
[2023-05-10T18:53:29.135+0000] {logging_mixin.py:137} INFO - [2023-05-10T18:53:29.135+0000] {dagbag.py:538} INFO - Filling up the DagBag from /home/airflow/.local/lib/python3.7/site-packages/airflow/example_dags/example_python_operator.py
[2023-05-10T18:53:29.149+0000] {logging_mixin.py:137} INFO - [2023-05-10T18:53:29.149+0000] {taskmixin.py:205} WARNING - Dependency <Task(_PythonDecoratedOperator): print_the_context>, log_sql_query already registered for DAG: example_python_operator
[2023-05-10T18:53:29.150+0000] {logging_mixin.py:137} INFO - [2023-05-10T18:53:29.150+0000] {taskmixin.py:205} WARNING - Dependency <Task(_PythonDecoratedOperator): log_sql_query>, print_the_context already registered for DAG: example_python_operator
[2023-05-10T18:53:29.150+0000] {logging_mixin.py:137} INFO - [2023-05-10T18:53:29.150+0000] {taskmixin.py:205} WARNING - Dependency <Task(_PythonDecoratedOperator): print_the_context>, log_sql_query already registered for DAG: example_python_operator
[2023-05-10T18:53:29.151+0000] {logging_mixin.py:137} INFO - [2023-05-10T18:53:29.151+0000] {taskmixin.py:205} WARNING - Dependency <Task(_PythonDecoratedOperator): log_sql_query>, print_the_context already registered for DAG: example_python_operator
[2023-05-10T18:53:29.152+0000] {logging_mixin.py:137} INFO - [2023-05-10T18:53:29.152+0000] {taskmixin.py:205} WARNING - Dependency <Task(_PythonDecoratedOperator): print_the_context>, log_sql_query already registered for DAG: example_python_operator
[2023-05-10T18:53:29.152+0000] {logging_mixin.py:137} INFO - [2023-05-10T18:53:29.152+0000] {taskmixin.py:205} WARNING - Dependency <Task(_PythonDecoratedOperator): log_sql_query>, print_the_context already registered for DAG: example_python_operator
[2023-05-10T18:53:29.153+0000] {logging_mixin.py:137} INFO - [2023-05-10T18:53:29.153+0000] {taskmixin.py:205} WARNING - Dependency <Task(_PythonDecoratedOperator): print_the_context>, log_sql_query already registered for DAG: example_python_operator
[2023-05-10T18:53:29.153+0000] {logging_mixin.py:137} INFO - [2023-05-10T18:53:29.153+0000] {taskmixin.py:205} WARNING - Dependency <Task(_PythonDecoratedOperator): log_sql_query>, print_the_context already registered for DAG: example_python_operator
[2023-05-10T18:53:29.157+0000] {processor.py:753} INFO - DAG(s) dict_keys(['example_python_operator']) retrieved from /home/airflow/.local/lib/python3.7/site-packages/airflow/example_dags/example_python_operator.py
[2023-05-10T18:53:29.180+0000] {logging_mixin.py:137} INFO - [2023-05-10T18:53:29.180+0000] {dag.py:2690} INFO - Sync 1 DAGs
[2023-05-10T18:53:29.194+0000] {logging_mixin.py:137} INFO - [2023-05-10T18:53:29.194+0000] {dag.py:3441} INFO - Setting next_dagrun for example_python_operator to None, run_after=None
[2023-05-10T18:53:29.204+0000] {processor.py:175} INFO - Processing /home/airflow/.local/lib/python3.7/site-packages/airflow/example_dags/example_python_operator.py took 0.072 seconds
[2023-05-10T18:54:00.005+0000] {processor.py:153} INFO - Started process (PID=1817) to work on /home/airflow/.local/lib/python3.7/site-packages/airflow/example_dags/example_python_operator.py
[2023-05-10T18:54:00.006+0000] {processor.py:743} INFO - Processing file /home/airflow/.local/lib/python3.7/site-packages/airflow/example_dags/example_python_operator.py for tasks to queue
[2023-05-10T18:54:00.007+0000] {logging_mixin.py:137} INFO - [2023-05-10T18:54:00.006+0000] {dagbag.py:538} INFO - Filling up the DagBag from /home/airflow/.local/lib/python3.7/site-packages/airflow/example_dags/example_python_operator.py
[2023-05-10T18:54:00.017+0000] {logging_mixin.py:137} INFO - [2023-05-10T18:54:00.017+0000] {taskmixin.py:205} WARNING - Dependency <Task(_PythonDecoratedOperator): print_the_context>, log_sql_query already registered for DAG: example_python_operator
[2023-05-10T18:54:00.017+0000] {logging_mixin.py:137} INFO - [2023-05-10T18:54:00.017+0000] {taskmixin.py:205} WARNING - Dependency <Task(_PythonDecoratedOperator): log_sql_query>, print_the_context already registered for DAG: example_python_operator
[2023-05-10T18:54:00.018+0000] {logging_mixin.py:137} INFO - [2023-05-10T18:54:00.018+0000] {taskmixin.py:205} WARNING - Dependency <Task(_PythonDecoratedOperator): print_the_context>, log_sql_query already registered for DAG: example_python_operator
[2023-05-10T18:54:00.018+0000] {logging_mixin.py:137} INFO - [2023-05-10T18:54:00.018+0000] {taskmixin.py:205} WARNING - Dependency <Task(_PythonDecoratedOperator): log_sql_query>, print_the_context already registered for DAG: example_python_operator
[2023-05-10T18:54:00.019+0000] {logging_mixin.py:137} INFO - [2023-05-10T18:54:00.019+0000] {taskmixin.py:205} WARNING - Dependency <Task(_PythonDecoratedOperator): print_the_context>, log_sql_query already registered for DAG: example_python_operator
[2023-05-10T18:54:00.019+0000] {logging_mixin.py:137} INFO - [2023-05-10T18:54:00.019+0000] {taskmixin.py:205} WARNING - Dependency <Task(_PythonDecoratedOperator): log_sql_query>, print_the_context already registered for DAG: example_python_operator
[2023-05-10T18:54:00.020+0000] {logging_mixin.py:137} INFO - [2023-05-10T18:54:00.020+0000] {taskmixin.py:205} WARNING - Dependency <Task(_PythonDecoratedOperator): print_the_context>, log_sql_query already registered for DAG: example_python_operator
[2023-05-10T18:54:00.021+0000] {logging_mixin.py:137} INFO - [2023-05-10T18:54:00.021+0000] {taskmixin.py:205} WARNING - Dependency <Task(_PythonDecoratedOperator): log_sql_query>, print_the_context already registered for DAG: example_python_operator
[2023-05-10T18:54:00.025+0000] {processor.py:753} INFO - DAG(s) dict_keys(['example_python_operator']) retrieved from /home/airflow/.local/lib/python3.7/site-packages/airflow/example_dags/example_python_operator.py
[2023-05-10T18:54:00.043+0000] {logging_mixin.py:137} INFO - [2023-05-10T18:54:00.043+0000] {dag.py:2690} INFO - Sync 1 DAGs
[2023-05-10T18:54:00.056+0000] {logging_mixin.py:137} INFO - [2023-05-10T18:54:00.056+0000] {dag.py:3441} INFO - Setting next_dagrun for example_python_operator to None, run_after=None
[2023-05-10T18:54:00.065+0000] {processor.py:175} INFO - Processing /home/airflow/.local/lib/python3.7/site-packages/airflow/example_dags/example_python_operator.py took 0.062 seconds
[2023-05-10T18:54:30.737+0000] {processor.py:153} INFO - Started process (PID=1893) to work on /home/airflow/.local/lib/python3.7/site-packages/airflow/example_dags/example_python_operator.py
[2023-05-10T18:54:30.738+0000] {processor.py:743} INFO - Processing file /home/airflow/.local/lib/python3.7/site-packages/airflow/example_dags/example_python_operator.py for tasks to queue
[2023-05-10T18:54:30.738+0000] {logging_mixin.py:137} INFO - [2023-05-10T18:54:30.738+0000] {dagbag.py:538} INFO - Filling up the DagBag from /home/airflow/.local/lib/python3.7/site-packages/airflow/example_dags/example_python_operator.py
[2023-05-10T18:54:30.752+0000] {logging_mixin.py:137} INFO - [2023-05-10T18:54:30.752+0000] {taskmixin.py:205} WARNING - Dependency <Task(_PythonDecoratedOperator): print_the_context>, log_sql_query already registered for DAG: example_python_operator
[2023-05-10T18:54:30.752+0000] {logging_mixin.py:137} INFO - [2023-05-10T18:54:30.752+0000] {taskmixin.py:205} WARNING - Dependency <Task(_PythonDecoratedOperator): log_sql_query>, print_the_context already registered for DAG: example_python_operator
[2023-05-10T18:54:30.753+0000] {logging_mixin.py:137} INFO - [2023-05-10T18:54:30.753+0000] {taskmixin.py:205} WARNING - Dependency <Task(_PythonDecoratedOperator): print_the_context>, log_sql_query already registered for DAG: example_python_operator
[2023-05-10T18:54:30.753+0000] {logging_mixin.py:137} INFO - [2023-05-10T18:54:30.753+0000] {taskmixin.py:205} WARNING - Dependency <Task(_PythonDecoratedOperator): log_sql_query>, print_the_context already registered for DAG: example_python_operator
[2023-05-10T18:54:30.753+0000] {logging_mixin.py:137} INFO - [2023-05-10T18:54:30.753+0000] {taskmixin.py:205} WARNING - Dependency <Task(_PythonDecoratedOperator): print_the_context>, log_sql_query already registered for DAG: example_python_operator
[2023-05-10T18:54:30.754+0000] {logging_mixin.py:137} INFO - [2023-05-10T18:54:30.754+0000] {taskmixin.py:205} WARNING - Dependency <Task(_PythonDecoratedOperator): log_sql_query>, print_the_context already registered for DAG: example_python_operator
[2023-05-10T18:54:30.754+0000] {logging_mixin.py:137} INFO - [2023-05-10T18:54:30.754+0000] {taskmixin.py:205} WARNING - Dependency <Task(_PythonDecoratedOperator): print_the_context>, log_sql_query already registered for DAG: example_python_operator
[2023-05-10T18:54:30.755+0000] {logging_mixin.py:137} INFO - [2023-05-10T18:54:30.755+0000] {taskmixin.py:205} WARNING - Dependency <Task(_PythonDecoratedOperator): log_sql_query>, print_the_context already registered for DAG: example_python_operator
[2023-05-10T18:54:30.759+0000] {processor.py:753} INFO - DAG(s) dict_keys(['example_python_operator']) retrieved from /home/airflow/.local/lib/python3.7/site-packages/airflow/example_dags/example_python_operator.py
[2023-05-10T18:54:30.777+0000] {logging_mixin.py:137} INFO - [2023-05-10T18:54:30.777+0000] {dag.py:2690} INFO - Sync 1 DAGs
[2023-05-10T18:54:30.791+0000] {logging_mixin.py:137} INFO - [2023-05-10T18:54:30.791+0000] {dag.py:3441} INFO - Setting next_dagrun for example_python_operator to None, run_after=None
[2023-05-10T18:54:30.800+0000] {processor.py:175} INFO - Processing /home/airflow/.local/lib/python3.7/site-packages/airflow/example_dags/example_python_operator.py took 0.065 seconds
[2023-05-10T18:55:01.462+0000] {processor.py:153} INFO - Started process (PID=1968) to work on /home/airflow/.local/lib/python3.7/site-packages/airflow/example_dags/example_python_operator.py
[2023-05-10T18:55:01.463+0000] {processor.py:743} INFO - Processing file /home/airflow/.local/lib/python3.7/site-packages/airflow/example_dags/example_python_operator.py for tasks to queue
[2023-05-10T18:55:01.464+0000] {logging_mixin.py:137} INFO - [2023-05-10T18:55:01.464+0000] {dagbag.py:538} INFO - Filling up the DagBag from /home/airflow/.local/lib/python3.7/site-packages/airflow/example_dags/example_python_operator.py
[2023-05-10T18:55:01.474+0000] {logging_mixin.py:137} INFO - [2023-05-10T18:55:01.474+0000] {taskmixin.py:205} WARNING - Dependency <Task(_PythonDecoratedOperator): print_the_context>, log_sql_query already registered for DAG: example_python_operator
[2023-05-10T18:55:01.474+0000] {logging_mixin.py:137} INFO - [2023-05-10T18:55:01.474+0000] {taskmixin.py:205} WARNING - Dependency <Task(_PythonDecoratedOperator): log_sql_query>, print_the_context already registered for DAG: example_python_operator
[2023-05-10T18:55:01.475+0000] {logging_mixin.py:137} INFO - [2023-05-10T18:55:01.475+0000] {taskmixin.py:205} WARNING - Dependency <Task(_PythonDecoratedOperator): print_the_context>, log_sql_query already registered for DAG: example_python_operator
[2023-05-10T18:55:01.475+0000] {logging_mixin.py:137} INFO - [2023-05-10T18:55:01.475+0000] {taskmixin.py:205} WARNING - Dependency <Task(_PythonDecoratedOperator): log_sql_query>, print_the_context already registered for DAG: example_python_operator
[2023-05-10T18:55:01.476+0000] {logging_mixin.py:137} INFO - [2023-05-10T18:55:01.476+0000] {taskmixin.py:205} WARNING - Dependency <Task(_PythonDecoratedOperator): print_the_context>, log_sql_query already registered for DAG: example_python_operator
[2023-05-10T18:55:01.476+0000] {logging_mixin.py:137} INFO - [2023-05-10T18:55:01.476+0000] {taskmixin.py:205} WARNING - Dependency <Task(_PythonDecoratedOperator): log_sql_query>, print_the_context already registered for DAG: example_python_operator
[2023-05-10T18:55:01.477+0000] {logging_mixin.py:137} INFO - [2023-05-10T18:55:01.477+0000] {taskmixin.py:205} WARNING - Dependency <Task(_PythonDecoratedOperator): print_the_context>, log_sql_query already registered for DAG: example_python_operator
[2023-05-10T18:55:01.477+0000] {logging_mixin.py:137} INFO - [2023-05-10T18:55:01.477+0000] {taskmixin.py:205} WARNING - Dependency <Task(_PythonDecoratedOperator): log_sql_query>, print_the_context already registered for DAG: example_python_operator
[2023-05-10T18:55:01.481+0000] {processor.py:753} INFO - DAG(s) dict_keys(['example_python_operator']) retrieved from /home/airflow/.local/lib/python3.7/site-packages/airflow/example_dags/example_python_operator.py
[2023-05-10T18:55:01.499+0000] {logging_mixin.py:137} INFO - [2023-05-10T18:55:01.499+0000] {dag.py:2690} INFO - Sync 1 DAGs
[2023-05-10T18:55:01.512+0000] {logging_mixin.py:137} INFO - [2023-05-10T18:55:01.512+0000] {dag.py:3441} INFO - Setting next_dagrun for example_python_operator to None, run_after=None
[2023-05-10T18:55:01.521+0000] {processor.py:175} INFO - Processing /home/airflow/.local/lib/python3.7/site-packages/airflow/example_dags/example_python_operator.py took 0.061 seconds
