[2023-05-10T17:37:13.338+0000] {processor.py:153} INFO - Started process (PID=55) to work on /home/airflow/.local/lib/python3.7/site-packages/airflow/example_dags/example_external_task_marker_dag.py
[2023-05-10T17:37:13.340+0000] {processor.py:743} INFO - Processing file /home/airflow/.local/lib/python3.7/site-packages/airflow/example_dags/example_external_task_marker_dag.py for tasks to queue
[2023-05-10T17:37:13.340+0000] {logging_mixin.py:137} INFO - [2023-05-10T17:37:13.340+0000] {dagbag.py:538} INFO - Filling up the DagBag from /home/airflow/.local/lib/python3.7/site-packages/airflow/example_dags/example_external_task_marker_dag.py
[2023-05-10T17:37:13.349+0000] {processor.py:753} INFO - DAG(s) dict_keys(['example_external_task_marker_child', 'example_external_task_marker_parent']) retrieved from /home/airflow/.local/lib/python3.7/site-packages/airflow/example_dags/example_external_task_marker_dag.py
[2023-05-10T17:37:13.417+0000] {logging_mixin.py:137} INFO - [2023-05-10T17:37:13.417+0000] {manager.py:504} INFO - Created Permission View: can edit on DAG:example_external_task_marker_child
[2023-05-10T17:37:13.425+0000] {logging_mixin.py:137} INFO - [2023-05-10T17:37:13.425+0000] {manager.py:504} INFO - Created Permission View: can read on DAG:example_external_task_marker_child
[2023-05-10T17:37:13.429+0000] {logging_mixin.py:137} INFO - [2023-05-10T17:37:13.429+0000] {manager.py:504} INFO - Created Permission View: can delete on DAG:example_external_task_marker_child
[2023-05-10T17:37:13.437+0000] {logging_mixin.py:137} INFO - [2023-05-10T17:37:13.436+0000] {manager.py:504} INFO - Created Permission View: can edit on DAG:example_external_task_marker_parent
[2023-05-10T17:37:13.440+0000] {logging_mixin.py:137} INFO - [2023-05-10T17:37:13.440+0000] {manager.py:504} INFO - Created Permission View: can read on DAG:example_external_task_marker_parent
[2023-05-10T17:37:13.443+0000] {logging_mixin.py:137} INFO - [2023-05-10T17:37:13.443+0000] {manager.py:504} INFO - Created Permission View: can delete on DAG:example_external_task_marker_parent
[2023-05-10T17:37:13.444+0000] {logging_mixin.py:137} INFO - [2023-05-10T17:37:13.444+0000] {dag.py:2690} INFO - Sync 2 DAGs
[2023-05-10T17:37:13.452+0000] {logging_mixin.py:137} INFO - [2023-05-10T17:37:13.452+0000] {dag.py:2711} INFO - Creating ORM DAG for example_external_task_marker_parent
[2023-05-10T17:37:13.452+0000] {logging_mixin.py:137} INFO - [2023-05-10T17:37:13.452+0000] {dag.py:2711} INFO - Creating ORM DAG for example_external_task_marker_child
[2023-05-10T17:37:13.458+0000] {logging_mixin.py:137} INFO - [2023-05-10T17:37:13.458+0000] {dag.py:3441} INFO - Setting next_dagrun for example_external_task_marker_child to None, run_after=None
[2023-05-10T17:37:13.459+0000] {logging_mixin.py:137} INFO - [2023-05-10T17:37:13.459+0000] {dag.py:3441} INFO - Setting next_dagrun for example_external_task_marker_parent to None, run_after=None
[2023-05-10T17:37:13.469+0000] {processor.py:175} INFO - Processing /home/airflow/.local/lib/python3.7/site-packages/airflow/example_dags/example_external_task_marker_dag.py took 0.133 seconds
[2023-05-10T17:37:44.319+0000] {processor.py:153} INFO - Started process (PID=129) to work on /home/airflow/.local/lib/python3.7/site-packages/airflow/example_dags/example_external_task_marker_dag.py
[2023-05-10T17:37:44.321+0000] {processor.py:743} INFO - Processing file /home/airflow/.local/lib/python3.7/site-packages/airflow/example_dags/example_external_task_marker_dag.py for tasks to queue
[2023-05-10T17:37:44.322+0000] {logging_mixin.py:137} INFO - [2023-05-10T17:37:44.322+0000] {dagbag.py:538} INFO - Filling up the DagBag from /home/airflow/.local/lib/python3.7/site-packages/airflow/example_dags/example_external_task_marker_dag.py
[2023-05-10T17:37:44.338+0000] {processor.py:753} INFO - DAG(s) dict_keys(['example_external_task_marker_child', 'example_external_task_marker_parent']) retrieved from /home/airflow/.local/lib/python3.7/site-packages/airflow/example_dags/example_external_task_marker_dag.py
[2023-05-10T17:37:44.374+0000] {logging_mixin.py:137} INFO - [2023-05-10T17:37:44.374+0000] {dag.py:2690} INFO - Sync 2 DAGs
[2023-05-10T17:37:44.396+0000] {logging_mixin.py:137} INFO - [2023-05-10T17:37:44.396+0000] {dag.py:3441} INFO - Setting next_dagrun for example_external_task_marker_child to None, run_after=None
[2023-05-10T17:37:44.401+0000] {logging_mixin.py:137} INFO - [2023-05-10T17:37:44.401+0000] {dag.py:3441} INFO - Setting next_dagrun for example_external_task_marker_parent to None, run_after=None
[2023-05-10T17:37:44.424+0000] {processor.py:175} INFO - Processing /home/airflow/.local/lib/python3.7/site-packages/airflow/example_dags/example_external_task_marker_dag.py took 0.109 seconds
[2023-05-10T17:38:15.627+0000] {processor.py:153} INFO - Started process (PID=202) to work on /home/airflow/.local/lib/python3.7/site-packages/airflow/example_dags/example_external_task_marker_dag.py
[2023-05-10T17:38:15.629+0000] {processor.py:743} INFO - Processing file /home/airflow/.local/lib/python3.7/site-packages/airflow/example_dags/example_external_task_marker_dag.py for tasks to queue
[2023-05-10T17:38:15.630+0000] {logging_mixin.py:137} INFO - [2023-05-10T17:38:15.630+0000] {dagbag.py:538} INFO - Filling up the DagBag from /home/airflow/.local/lib/python3.7/site-packages/airflow/example_dags/example_external_task_marker_dag.py
[2023-05-10T17:38:15.647+0000] {processor.py:753} INFO - DAG(s) dict_keys(['example_external_task_marker_child', 'example_external_task_marker_parent']) retrieved from /home/airflow/.local/lib/python3.7/site-packages/airflow/example_dags/example_external_task_marker_dag.py
[2023-05-10T17:38:15.679+0000] {logging_mixin.py:137} INFO - [2023-05-10T17:38:15.679+0000] {dag.py:2690} INFO - Sync 2 DAGs
[2023-05-10T17:38:15.704+0000] {logging_mixin.py:137} INFO - [2023-05-10T17:38:15.704+0000] {dag.py:3441} INFO - Setting next_dagrun for example_external_task_marker_child to None, run_after=None
[2023-05-10T17:38:15.709+0000] {logging_mixin.py:137} INFO - [2023-05-10T17:38:15.709+0000] {dag.py:3441} INFO - Setting next_dagrun for example_external_task_marker_parent to None, run_after=None
[2023-05-10T17:38:15.734+0000] {processor.py:175} INFO - Processing /home/airflow/.local/lib/python3.7/site-packages/airflow/example_dags/example_external_task_marker_dag.py took 0.113 seconds
[2023-05-10T17:38:46.200+0000] {processor.py:153} INFO - Started process (PID=269) to work on /home/airflow/.local/lib/python3.7/site-packages/airflow/example_dags/example_external_task_marker_dag.py
[2023-05-10T17:38:46.201+0000] {processor.py:743} INFO - Processing file /home/airflow/.local/lib/python3.7/site-packages/airflow/example_dags/example_external_task_marker_dag.py for tasks to queue
[2023-05-10T17:38:46.201+0000] {logging_mixin.py:137} INFO - [2023-05-10T17:38:46.201+0000] {dagbag.py:538} INFO - Filling up the DagBag from /home/airflow/.local/lib/python3.7/site-packages/airflow/example_dags/example_external_task_marker_dag.py
[2023-05-10T17:38:46.210+0000] {processor.py:753} INFO - DAG(s) dict_keys(['example_external_task_marker_child', 'example_external_task_marker_parent']) retrieved from /home/airflow/.local/lib/python3.7/site-packages/airflow/example_dags/example_external_task_marker_dag.py
[2023-05-10T17:38:46.228+0000] {logging_mixin.py:137} INFO - [2023-05-10T17:38:46.228+0000] {dag.py:2690} INFO - Sync 2 DAGs
[2023-05-10T17:38:46.241+0000] {logging_mixin.py:137} INFO - [2023-05-10T17:38:46.241+0000] {dag.py:3441} INFO - Setting next_dagrun for example_external_task_marker_child to None, run_after=None
[2023-05-10T17:38:46.243+0000] {logging_mixin.py:137} INFO - [2023-05-10T17:38:46.243+0000] {dag.py:3441} INFO - Setting next_dagrun for example_external_task_marker_parent to None, run_after=None
[2023-05-10T17:38:46.251+0000] {processor.py:175} INFO - Processing /home/airflow/.local/lib/python3.7/site-packages/airflow/example_dags/example_external_task_marker_dag.py took 0.053 seconds
[2023-05-10T17:39:17.201+0000] {processor.py:153} INFO - Started process (PID=345) to work on /home/airflow/.local/lib/python3.7/site-packages/airflow/example_dags/example_external_task_marker_dag.py
[2023-05-10T17:39:17.202+0000] {processor.py:743} INFO - Processing file /home/airflow/.local/lib/python3.7/site-packages/airflow/example_dags/example_external_task_marker_dag.py for tasks to queue
[2023-05-10T17:39:17.203+0000] {logging_mixin.py:137} INFO - [2023-05-10T17:39:17.203+0000] {dagbag.py:538} INFO - Filling up the DagBag from /home/airflow/.local/lib/python3.7/site-packages/airflow/example_dags/example_external_task_marker_dag.py
[2023-05-10T17:39:17.212+0000] {processor.py:753} INFO - DAG(s) dict_keys(['example_external_task_marker_parent', 'example_external_task_marker_child']) retrieved from /home/airflow/.local/lib/python3.7/site-packages/airflow/example_dags/example_external_task_marker_dag.py
[2023-05-10T17:39:17.232+0000] {logging_mixin.py:137} INFO - [2023-05-10T17:39:17.232+0000] {dag.py:2690} INFO - Sync 2 DAGs
[2023-05-10T17:39:17.246+0000] {logging_mixin.py:137} INFO - [2023-05-10T17:39:17.246+0000] {dag.py:3441} INFO - Setting next_dagrun for example_external_task_marker_child to None, run_after=None
[2023-05-10T17:39:17.248+0000] {logging_mixin.py:137} INFO - [2023-05-10T17:39:17.248+0000] {dag.py:3441} INFO - Setting next_dagrun for example_external_task_marker_parent to None, run_after=None
[2023-05-10T17:39:17.256+0000] {processor.py:175} INFO - Processing /home/airflow/.local/lib/python3.7/site-packages/airflow/example_dags/example_external_task_marker_dag.py took 0.057 seconds
[2023-05-10T17:39:48.174+0000] {processor.py:153} INFO - Started process (PID=419) to work on /home/airflow/.local/lib/python3.7/site-packages/airflow/example_dags/example_external_task_marker_dag.py
[2023-05-10T17:39:48.175+0000] {processor.py:743} INFO - Processing file /home/airflow/.local/lib/python3.7/site-packages/airflow/example_dags/example_external_task_marker_dag.py for tasks to queue
[2023-05-10T17:39:48.176+0000] {logging_mixin.py:137} INFO - [2023-05-10T17:39:48.176+0000] {dagbag.py:538} INFO - Filling up the DagBag from /home/airflow/.local/lib/python3.7/site-packages/airflow/example_dags/example_external_task_marker_dag.py
[2023-05-10T17:39:48.184+0000] {processor.py:753} INFO - DAG(s) dict_keys(['example_external_task_marker_parent', 'example_external_task_marker_child']) retrieved from /home/airflow/.local/lib/python3.7/site-packages/airflow/example_dags/example_external_task_marker_dag.py
[2023-05-10T17:39:48.202+0000] {logging_mixin.py:137} INFO - [2023-05-10T17:39:48.202+0000] {dag.py:2690} INFO - Sync 2 DAGs
[2023-05-10T17:39:48.215+0000] {logging_mixin.py:137} INFO - [2023-05-10T17:39:48.215+0000] {dag.py:3441} INFO - Setting next_dagrun for example_external_task_marker_child to None, run_after=None
[2023-05-10T17:39:48.217+0000] {logging_mixin.py:137} INFO - [2023-05-10T17:39:48.217+0000] {dag.py:3441} INFO - Setting next_dagrun for example_external_task_marker_parent to None, run_after=None
[2023-05-10T17:39:48.226+0000] {processor.py:175} INFO - Processing /home/airflow/.local/lib/python3.7/site-packages/airflow/example_dags/example_external_task_marker_dag.py took 0.054 seconds
[2023-05-10T17:40:19.073+0000] {processor.py:153} INFO - Started process (PID=496) to work on /home/airflow/.local/lib/python3.7/site-packages/airflow/example_dags/example_external_task_marker_dag.py
[2023-05-10T17:40:19.074+0000] {processor.py:743} INFO - Processing file /home/airflow/.local/lib/python3.7/site-packages/airflow/example_dags/example_external_task_marker_dag.py for tasks to queue
[2023-05-10T17:40:19.075+0000] {logging_mixin.py:137} INFO - [2023-05-10T17:40:19.075+0000] {dagbag.py:538} INFO - Filling up the DagBag from /home/airflow/.local/lib/python3.7/site-packages/airflow/example_dags/example_external_task_marker_dag.py
[2023-05-10T17:40:19.086+0000] {processor.py:753} INFO - DAG(s) dict_keys(['example_external_task_marker_child', 'example_external_task_marker_parent']) retrieved from /home/airflow/.local/lib/python3.7/site-packages/airflow/example_dags/example_external_task_marker_dag.py
[2023-05-10T17:40:19.106+0000] {logging_mixin.py:137} INFO - [2023-05-10T17:40:19.106+0000] {dag.py:2690} INFO - Sync 2 DAGs
[2023-05-10T17:40:19.123+0000] {logging_mixin.py:137} INFO - [2023-05-10T17:40:19.122+0000] {dag.py:3441} INFO - Setting next_dagrun for example_external_task_marker_child to None, run_after=None
[2023-05-10T17:40:19.125+0000] {logging_mixin.py:137} INFO - [2023-05-10T17:40:19.125+0000] {dag.py:3441} INFO - Setting next_dagrun for example_external_task_marker_parent to None, run_after=None
[2023-05-10T17:40:19.133+0000] {processor.py:175} INFO - Processing /home/airflow/.local/lib/python3.7/site-packages/airflow/example_dags/example_external_task_marker_dag.py took 0.065 seconds
[2023-05-10T17:40:49.974+0000] {processor.py:153} INFO - Started process (PID=559) to work on /home/airflow/.local/lib/python3.7/site-packages/airflow/example_dags/example_external_task_marker_dag.py
[2023-05-10T17:40:49.974+0000] {processor.py:743} INFO - Processing file /home/airflow/.local/lib/python3.7/site-packages/airflow/example_dags/example_external_task_marker_dag.py for tasks to queue
[2023-05-10T17:40:49.975+0000] {logging_mixin.py:137} INFO - [2023-05-10T17:40:49.975+0000] {dagbag.py:538} INFO - Filling up the DagBag from /home/airflow/.local/lib/python3.7/site-packages/airflow/example_dags/example_external_task_marker_dag.py
[2023-05-10T17:40:49.984+0000] {processor.py:753} INFO - DAG(s) dict_keys(['example_external_task_marker_parent', 'example_external_task_marker_child']) retrieved from /home/airflow/.local/lib/python3.7/site-packages/airflow/example_dags/example_external_task_marker_dag.py
[2023-05-10T17:40:50.001+0000] {logging_mixin.py:137} INFO - [2023-05-10T17:40:50.001+0000] {dag.py:2690} INFO - Sync 2 DAGs
[2023-05-10T17:40:50.015+0000] {logging_mixin.py:137} INFO - [2023-05-10T17:40:50.015+0000] {dag.py:3441} INFO - Setting next_dagrun for example_external_task_marker_child to None, run_after=None
[2023-05-10T17:40:50.016+0000] {logging_mixin.py:137} INFO - [2023-05-10T17:40:50.016+0000] {dag.py:3441} INFO - Setting next_dagrun for example_external_task_marker_parent to None, run_after=None
[2023-05-10T17:40:50.024+0000] {processor.py:175} INFO - Processing /home/airflow/.local/lib/python3.7/site-packages/airflow/example_dags/example_external_task_marker_dag.py took 0.053 seconds
[2023-05-10T17:41:20.146+0000] {processor.py:153} INFO - Started process (PID=636) to work on /home/airflow/.local/lib/python3.7/site-packages/airflow/example_dags/example_external_task_marker_dag.py
[2023-05-10T17:41:20.147+0000] {processor.py:743} INFO - Processing file /home/airflow/.local/lib/python3.7/site-packages/airflow/example_dags/example_external_task_marker_dag.py for tasks to queue
[2023-05-10T17:41:20.147+0000] {logging_mixin.py:137} INFO - [2023-05-10T17:41:20.147+0000] {dagbag.py:538} INFO - Filling up the DagBag from /home/airflow/.local/lib/python3.7/site-packages/airflow/example_dags/example_external_task_marker_dag.py
[2023-05-10T17:41:20.156+0000] {processor.py:753} INFO - DAG(s) dict_keys(['example_external_task_marker_child', 'example_external_task_marker_parent']) retrieved from /home/airflow/.local/lib/python3.7/site-packages/airflow/example_dags/example_external_task_marker_dag.py
[2023-05-10T17:41:20.173+0000] {logging_mixin.py:137} INFO - [2023-05-10T17:41:20.173+0000] {dag.py:2690} INFO - Sync 2 DAGs
[2023-05-10T17:41:20.186+0000] {logging_mixin.py:137} INFO - [2023-05-10T17:41:20.186+0000] {dag.py:3441} INFO - Setting next_dagrun for example_external_task_marker_child to None, run_after=None
[2023-05-10T17:41:20.188+0000] {logging_mixin.py:137} INFO - [2023-05-10T17:41:20.188+0000] {dag.py:3441} INFO - Setting next_dagrun for example_external_task_marker_parent to None, run_after=None
[2023-05-10T17:41:20.197+0000] {processor.py:175} INFO - Processing /home/airflow/.local/lib/python3.7/site-packages/airflow/example_dags/example_external_task_marker_dag.py took 0.054 seconds
[2023-05-10T17:56:36.829+0000] {processor.py:153} INFO - Started process (PID=687) to work on /home/airflow/.local/lib/python3.7/site-packages/airflow/example_dags/example_external_task_marker_dag.py
[2023-05-10T17:56:36.831+0000] {processor.py:743} INFO - Processing file /home/airflow/.local/lib/python3.7/site-packages/airflow/example_dags/example_external_task_marker_dag.py for tasks to queue
[2023-05-10T17:56:36.832+0000] {logging_mixin.py:137} INFO - [2023-05-10T17:56:36.832+0000] {dagbag.py:538} INFO - Filling up the DagBag from /home/airflow/.local/lib/python3.7/site-packages/airflow/example_dags/example_external_task_marker_dag.py
[2023-05-10T17:56:36.843+0000] {processor.py:753} INFO - DAG(s) dict_keys(['example_external_task_marker_parent', 'example_external_task_marker_child']) retrieved from /home/airflow/.local/lib/python3.7/site-packages/airflow/example_dags/example_external_task_marker_dag.py
[2023-05-10T17:56:36.871+0000] {logging_mixin.py:137} INFO - [2023-05-10T17:56:36.871+0000] {dag.py:2690} INFO - Sync 2 DAGs
[2023-05-10T17:56:36.907+0000] {logging_mixin.py:137} INFO - [2023-05-10T17:56:36.907+0000] {dag.py:3441} INFO - Setting next_dagrun for example_external_task_marker_child to None, run_after=None
[2023-05-10T17:56:36.910+0000] {logging_mixin.py:137} INFO - [2023-05-10T17:56:36.910+0000] {dag.py:3441} INFO - Setting next_dagrun for example_external_task_marker_parent to None, run_after=None
[2023-05-10T17:56:36.929+0000] {processor.py:175} INFO - Processing /home/airflow/.local/lib/python3.7/site-packages/airflow/example_dags/example_external_task_marker_dag.py took 0.103 seconds
[2023-05-10T18:14:19.344+0000] {processor.py:153} INFO - Started process (PID=763) to work on /home/airflow/.local/lib/python3.7/site-packages/airflow/example_dags/example_external_task_marker_dag.py
[2023-05-10T18:14:19.345+0000] {processor.py:743} INFO - Processing file /home/airflow/.local/lib/python3.7/site-packages/airflow/example_dags/example_external_task_marker_dag.py for tasks to queue
[2023-05-10T18:14:19.345+0000] {logging_mixin.py:137} INFO - [2023-05-10T18:14:19.345+0000] {dagbag.py:538} INFO - Filling up the DagBag from /home/airflow/.local/lib/python3.7/site-packages/airflow/example_dags/example_external_task_marker_dag.py
[2023-05-10T18:14:19.354+0000] {processor.py:753} INFO - DAG(s) dict_keys(['example_external_task_marker_child', 'example_external_task_marker_parent']) retrieved from /home/airflow/.local/lib/python3.7/site-packages/airflow/example_dags/example_external_task_marker_dag.py
[2023-05-10T18:14:19.372+0000] {logging_mixin.py:137} INFO - [2023-05-10T18:14:19.371+0000] {dag.py:2690} INFO - Sync 2 DAGs
[2023-05-10T18:14:19.385+0000] {logging_mixin.py:137} INFO - [2023-05-10T18:14:19.385+0000] {dag.py:3441} INFO - Setting next_dagrun for example_external_task_marker_child to None, run_after=None
[2023-05-10T18:14:19.387+0000] {logging_mixin.py:137} INFO - [2023-05-10T18:14:19.387+0000] {dag.py:3441} INFO - Setting next_dagrun for example_external_task_marker_parent to None, run_after=None
[2023-05-10T18:14:19.394+0000] {processor.py:175} INFO - Processing /home/airflow/.local/lib/python3.7/site-packages/airflow/example_dags/example_external_task_marker_dag.py took 0.054 seconds
[2023-05-10T18:14:49.943+0000] {processor.py:153} INFO - Started process (PID=826) to work on /home/airflow/.local/lib/python3.7/site-packages/airflow/example_dags/example_external_task_marker_dag.py
[2023-05-10T18:14:49.944+0000] {processor.py:743} INFO - Processing file /home/airflow/.local/lib/python3.7/site-packages/airflow/example_dags/example_external_task_marker_dag.py for tasks to queue
[2023-05-10T18:14:49.944+0000] {logging_mixin.py:137} INFO - [2023-05-10T18:14:49.944+0000] {dagbag.py:538} INFO - Filling up the DagBag from /home/airflow/.local/lib/python3.7/site-packages/airflow/example_dags/example_external_task_marker_dag.py
[2023-05-10T18:14:49.953+0000] {processor.py:753} INFO - DAG(s) dict_keys(['example_external_task_marker_child', 'example_external_task_marker_parent']) retrieved from /home/airflow/.local/lib/python3.7/site-packages/airflow/example_dags/example_external_task_marker_dag.py
[2023-05-10T18:14:49.971+0000] {logging_mixin.py:137} INFO - [2023-05-10T18:14:49.971+0000] {dag.py:2690} INFO - Sync 2 DAGs
[2023-05-10T18:14:49.984+0000] {logging_mixin.py:137} INFO - [2023-05-10T18:14:49.984+0000] {dag.py:3441} INFO - Setting next_dagrun for example_external_task_marker_child to None, run_after=None
[2023-05-10T18:14:49.986+0000] {logging_mixin.py:137} INFO - [2023-05-10T18:14:49.986+0000] {dag.py:3441} INFO - Setting next_dagrun for example_external_task_marker_parent to None, run_after=None
[2023-05-10T18:14:49.994+0000] {processor.py:175} INFO - Processing /home/airflow/.local/lib/python3.7/site-packages/airflow/example_dags/example_external_task_marker_dag.py took 0.054 seconds
[2023-05-10T18:30:29.820+0000] {processor.py:153} INFO - Started process (PID=903) to work on /home/airflow/.local/lib/python3.7/site-packages/airflow/example_dags/example_external_task_marker_dag.py
[2023-05-10T18:30:29.821+0000] {processor.py:743} INFO - Processing file /home/airflow/.local/lib/python3.7/site-packages/airflow/example_dags/example_external_task_marker_dag.py for tasks to queue
[2023-05-10T18:30:29.821+0000] {logging_mixin.py:137} INFO - [2023-05-10T18:30:29.821+0000] {dagbag.py:538} INFO - Filling up the DagBag from /home/airflow/.local/lib/python3.7/site-packages/airflow/example_dags/example_external_task_marker_dag.py
[2023-05-10T18:30:29.830+0000] {processor.py:753} INFO - DAG(s) dict_keys(['example_external_task_marker_parent', 'example_external_task_marker_child']) retrieved from /home/airflow/.local/lib/python3.7/site-packages/airflow/example_dags/example_external_task_marker_dag.py
[2023-05-10T18:30:29.848+0000] {logging_mixin.py:137} INFO - [2023-05-10T18:30:29.848+0000] {dag.py:2690} INFO - Sync 2 DAGs
[2023-05-10T18:30:29.863+0000] {logging_mixin.py:137} INFO - [2023-05-10T18:30:29.862+0000] {dag.py:3441} INFO - Setting next_dagrun for example_external_task_marker_child to None, run_after=None
[2023-05-10T18:30:29.865+0000] {logging_mixin.py:137} INFO - [2023-05-10T18:30:29.865+0000] {dag.py:3441} INFO - Setting next_dagrun for example_external_task_marker_parent to None, run_after=None
[2023-05-10T18:30:29.873+0000] {processor.py:175} INFO - Processing /home/airflow/.local/lib/python3.7/site-packages/airflow/example_dags/example_external_task_marker_dag.py took 0.056 seconds
[2023-05-10T18:31:00.722+0000] {processor.py:153} INFO - Started process (PID=979) to work on /home/airflow/.local/lib/python3.7/site-packages/airflow/example_dags/example_external_task_marker_dag.py
[2023-05-10T18:31:00.723+0000] {processor.py:743} INFO - Processing file /home/airflow/.local/lib/python3.7/site-packages/airflow/example_dags/example_external_task_marker_dag.py for tasks to queue
[2023-05-10T18:31:00.724+0000] {logging_mixin.py:137} INFO - [2023-05-10T18:31:00.724+0000] {dagbag.py:538} INFO - Filling up the DagBag from /home/airflow/.local/lib/python3.7/site-packages/airflow/example_dags/example_external_task_marker_dag.py
[2023-05-10T18:31:00.731+0000] {processor.py:753} INFO - DAG(s) dict_keys(['example_external_task_marker_parent', 'example_external_task_marker_child']) retrieved from /home/airflow/.local/lib/python3.7/site-packages/airflow/example_dags/example_external_task_marker_dag.py
[2023-05-10T18:31:00.750+0000] {logging_mixin.py:137} INFO - [2023-05-10T18:31:00.750+0000] {dag.py:2690} INFO - Sync 2 DAGs
[2023-05-10T18:31:00.764+0000] {logging_mixin.py:137} INFO - [2023-05-10T18:31:00.764+0000] {dag.py:3441} INFO - Setting next_dagrun for example_external_task_marker_child to None, run_after=None
[2023-05-10T18:31:00.766+0000] {logging_mixin.py:137} INFO - [2023-05-10T18:31:00.765+0000] {dag.py:3441} INFO - Setting next_dagrun for example_external_task_marker_parent to None, run_after=None
[2023-05-10T18:31:00.774+0000] {processor.py:175} INFO - Processing /home/airflow/.local/lib/python3.7/site-packages/airflow/example_dags/example_external_task_marker_dag.py took 0.054 seconds
[2023-05-10T18:47:37.178+0000] {processor.py:153} INFO - Started process (PID=1043) to work on /home/airflow/.local/lib/python3.7/site-packages/airflow/example_dags/example_external_task_marker_dag.py
[2023-05-10T18:47:37.178+0000] {processor.py:743} INFO - Processing file /home/airflow/.local/lib/python3.7/site-packages/airflow/example_dags/example_external_task_marker_dag.py for tasks to queue
[2023-05-10T18:47:37.179+0000] {logging_mixin.py:137} INFO - [2023-05-10T18:47:37.179+0000] {dagbag.py:538} INFO - Filling up the DagBag from /home/airflow/.local/lib/python3.7/site-packages/airflow/example_dags/example_external_task_marker_dag.py
[2023-05-10T18:47:37.188+0000] {processor.py:753} INFO - DAG(s) dict_keys(['example_external_task_marker_parent', 'example_external_task_marker_child']) retrieved from /home/airflow/.local/lib/python3.7/site-packages/airflow/example_dags/example_external_task_marker_dag.py
[2023-05-10T18:47:37.206+0000] {logging_mixin.py:137} INFO - [2023-05-10T18:47:37.205+0000] {dag.py:2690} INFO - Sync 2 DAGs
[2023-05-10T18:47:37.219+0000] {logging_mixin.py:137} INFO - [2023-05-10T18:47:37.219+0000] {dag.py:3441} INFO - Setting next_dagrun for example_external_task_marker_child to None, run_after=None
[2023-05-10T18:47:37.221+0000] {logging_mixin.py:137} INFO - [2023-05-10T18:47:37.221+0000] {dag.py:3441} INFO - Setting next_dagrun for example_external_task_marker_parent to None, run_after=None
[2023-05-10T18:47:37.229+0000] {processor.py:175} INFO - Processing /home/airflow/.local/lib/python3.7/site-packages/airflow/example_dags/example_external_task_marker_dag.py took 0.054 seconds
[2023-05-10T18:48:07.994+0000] {processor.py:153} INFO - Started process (PID=1118) to work on /home/airflow/.local/lib/python3.7/site-packages/airflow/example_dags/example_external_task_marker_dag.py
[2023-05-10T18:48:07.995+0000] {processor.py:743} INFO - Processing file /home/airflow/.local/lib/python3.7/site-packages/airflow/example_dags/example_external_task_marker_dag.py for tasks to queue
[2023-05-10T18:48:07.995+0000] {logging_mixin.py:137} INFO - [2023-05-10T18:48:07.995+0000] {dagbag.py:538} INFO - Filling up the DagBag from /home/airflow/.local/lib/python3.7/site-packages/airflow/example_dags/example_external_task_marker_dag.py
[2023-05-10T18:48:08.004+0000] {processor.py:753} INFO - DAG(s) dict_keys(['example_external_task_marker_parent', 'example_external_task_marker_child']) retrieved from /home/airflow/.local/lib/python3.7/site-packages/airflow/example_dags/example_external_task_marker_dag.py
[2023-05-10T18:48:08.021+0000] {logging_mixin.py:137} INFO - [2023-05-10T18:48:08.021+0000] {dag.py:2690} INFO - Sync 2 DAGs
[2023-05-10T18:48:08.036+0000] {logging_mixin.py:137} INFO - [2023-05-10T18:48:08.036+0000] {dag.py:3441} INFO - Setting next_dagrun for example_external_task_marker_child to None, run_after=None
[2023-05-10T18:48:08.038+0000] {logging_mixin.py:137} INFO - [2023-05-10T18:48:08.038+0000] {dag.py:3441} INFO - Setting next_dagrun for example_external_task_marker_parent to None, run_after=None
[2023-05-10T18:48:08.045+0000] {processor.py:175} INFO - Processing /home/airflow/.local/lib/python3.7/site-packages/airflow/example_dags/example_external_task_marker_dag.py took 0.054 seconds
[2023-05-10T18:49:23.183+0000] {processor.py:153} INFO - Started process (PID=1193) to work on /home/airflow/.local/lib/python3.7/site-packages/airflow/example_dags/example_external_task_marker_dag.py
[2023-05-10T18:49:23.184+0000] {processor.py:743} INFO - Processing file /home/airflow/.local/lib/python3.7/site-packages/airflow/example_dags/example_external_task_marker_dag.py for tasks to queue
[2023-05-10T18:49:23.185+0000] {logging_mixin.py:137} INFO - [2023-05-10T18:49:23.185+0000] {dagbag.py:538} INFO - Filling up the DagBag from /home/airflow/.local/lib/python3.7/site-packages/airflow/example_dags/example_external_task_marker_dag.py
[2023-05-10T18:49:23.194+0000] {processor.py:753} INFO - DAG(s) dict_keys(['example_external_task_marker_child', 'example_external_task_marker_parent']) retrieved from /home/airflow/.local/lib/python3.7/site-packages/airflow/example_dags/example_external_task_marker_dag.py
[2023-05-10T18:49:23.211+0000] {logging_mixin.py:137} INFO - [2023-05-10T18:49:23.211+0000] {dag.py:2690} INFO - Sync 2 DAGs
[2023-05-10T18:49:23.225+0000] {logging_mixin.py:137} INFO - [2023-05-10T18:49:23.225+0000] {dag.py:3441} INFO - Setting next_dagrun for example_external_task_marker_child to None, run_after=None
[2023-05-10T18:49:23.228+0000] {logging_mixin.py:137} INFO - [2023-05-10T18:49:23.228+0000] {dag.py:3441} INFO - Setting next_dagrun for example_external_task_marker_parent to None, run_after=None
[2023-05-10T18:49:23.236+0000] {processor.py:175} INFO - Processing /home/airflow/.local/lib/python3.7/site-packages/airflow/example_dags/example_external_task_marker_dag.py took 0.056 seconds
[2023-05-10T18:49:53.881+0000] {processor.py:153} INFO - Started process (PID=1257) to work on /home/airflow/.local/lib/python3.7/site-packages/airflow/example_dags/example_external_task_marker_dag.py
[2023-05-10T18:49:53.882+0000] {processor.py:743} INFO - Processing file /home/airflow/.local/lib/python3.7/site-packages/airflow/example_dags/example_external_task_marker_dag.py for tasks to queue
[2023-05-10T18:49:53.883+0000] {logging_mixin.py:137} INFO - [2023-05-10T18:49:53.883+0000] {dagbag.py:538} INFO - Filling up the DagBag from /home/airflow/.local/lib/python3.7/site-packages/airflow/example_dags/example_external_task_marker_dag.py
[2023-05-10T18:49:53.891+0000] {processor.py:753} INFO - DAG(s) dict_keys(['example_external_task_marker_child', 'example_external_task_marker_parent']) retrieved from /home/airflow/.local/lib/python3.7/site-packages/airflow/example_dags/example_external_task_marker_dag.py
[2023-05-10T18:49:53.910+0000] {logging_mixin.py:137} INFO - [2023-05-10T18:49:53.910+0000] {dag.py:2690} INFO - Sync 2 DAGs
[2023-05-10T18:49:53.924+0000] {logging_mixin.py:137} INFO - [2023-05-10T18:49:53.923+0000] {dag.py:3441} INFO - Setting next_dagrun for example_external_task_marker_child to None, run_after=None
[2023-05-10T18:49:53.925+0000] {logging_mixin.py:137} INFO - [2023-05-10T18:49:53.925+0000] {dag.py:3441} INFO - Setting next_dagrun for example_external_task_marker_parent to None, run_after=None
[2023-05-10T18:49:53.933+0000] {processor.py:175} INFO - Processing /home/airflow/.local/lib/python3.7/site-packages/airflow/example_dags/example_external_task_marker_dag.py took 0.055 seconds
[2023-05-10T18:50:24.687+0000] {processor.py:153} INFO - Started process (PID=1332) to work on /home/airflow/.local/lib/python3.7/site-packages/airflow/example_dags/example_external_task_marker_dag.py
[2023-05-10T18:50:24.688+0000] {processor.py:743} INFO - Processing file /home/airflow/.local/lib/python3.7/site-packages/airflow/example_dags/example_external_task_marker_dag.py for tasks to queue
[2023-05-10T18:50:24.689+0000] {logging_mixin.py:137} INFO - [2023-05-10T18:50:24.689+0000] {dagbag.py:538} INFO - Filling up the DagBag from /home/airflow/.local/lib/python3.7/site-packages/airflow/example_dags/example_external_task_marker_dag.py
[2023-05-10T18:50:24.698+0000] {processor.py:753} INFO - DAG(s) dict_keys(['example_external_task_marker_child', 'example_external_task_marker_parent']) retrieved from /home/airflow/.local/lib/python3.7/site-packages/airflow/example_dags/example_external_task_marker_dag.py
[2023-05-10T18:50:24.716+0000] {logging_mixin.py:137} INFO - [2023-05-10T18:50:24.716+0000] {dag.py:2690} INFO - Sync 2 DAGs
[2023-05-10T18:50:24.730+0000] {logging_mixin.py:137} INFO - [2023-05-10T18:50:24.730+0000] {dag.py:3441} INFO - Setting next_dagrun for example_external_task_marker_child to None, run_after=None
[2023-05-10T18:50:24.732+0000] {logging_mixin.py:137} INFO - [2023-05-10T18:50:24.732+0000] {dag.py:3441} INFO - Setting next_dagrun for example_external_task_marker_parent to None, run_after=None
[2023-05-10T18:50:24.740+0000] {processor.py:175} INFO - Processing /home/airflow/.local/lib/python3.7/site-packages/airflow/example_dags/example_external_task_marker_dag.py took 0.055 seconds
[2023-05-10T18:50:55.519+0000] {processor.py:153} INFO - Started process (PID=1405) to work on /home/airflow/.local/lib/python3.7/site-packages/airflow/example_dags/example_external_task_marker_dag.py
[2023-05-10T18:50:55.520+0000] {processor.py:743} INFO - Processing file /home/airflow/.local/lib/python3.7/site-packages/airflow/example_dags/example_external_task_marker_dag.py for tasks to queue
[2023-05-10T18:50:55.521+0000] {logging_mixin.py:137} INFO - [2023-05-10T18:50:55.521+0000] {dagbag.py:538} INFO - Filling up the DagBag from /home/airflow/.local/lib/python3.7/site-packages/airflow/example_dags/example_external_task_marker_dag.py
[2023-05-10T18:50:55.530+0000] {processor.py:753} INFO - DAG(s) dict_keys(['example_external_task_marker_child', 'example_external_task_marker_parent']) retrieved from /home/airflow/.local/lib/python3.7/site-packages/airflow/example_dags/example_external_task_marker_dag.py
[2023-05-10T18:50:55.548+0000] {logging_mixin.py:137} INFO - [2023-05-10T18:50:55.548+0000] {dag.py:2690} INFO - Sync 2 DAGs
[2023-05-10T18:50:55.562+0000] {logging_mixin.py:137} INFO - [2023-05-10T18:50:55.562+0000] {dag.py:3441} INFO - Setting next_dagrun for example_external_task_marker_child to None, run_after=None
[2023-05-10T18:50:55.564+0000] {logging_mixin.py:137} INFO - [2023-05-10T18:50:55.564+0000] {dag.py:3441} INFO - Setting next_dagrun for example_external_task_marker_parent to None, run_after=None
[2023-05-10T18:50:55.572+0000] {processor.py:175} INFO - Processing /home/airflow/.local/lib/python3.7/site-packages/airflow/example_dags/example_external_task_marker_dag.py took 0.055 seconds
[2023-05-10T18:51:26.271+0000] {processor.py:153} INFO - Started process (PID=1480) to work on /home/airflow/.local/lib/python3.7/site-packages/airflow/example_dags/example_external_task_marker_dag.py
[2023-05-10T18:51:26.272+0000] {processor.py:743} INFO - Processing file /home/airflow/.local/lib/python3.7/site-packages/airflow/example_dags/example_external_task_marker_dag.py for tasks to queue
[2023-05-10T18:51:26.272+0000] {logging_mixin.py:137} INFO - [2023-05-10T18:51:26.272+0000] {dagbag.py:538} INFO - Filling up the DagBag from /home/airflow/.local/lib/python3.7/site-packages/airflow/example_dags/example_external_task_marker_dag.py
[2023-05-10T18:51:26.281+0000] {processor.py:753} INFO - DAG(s) dict_keys(['example_external_task_marker_child', 'example_external_task_marker_parent']) retrieved from /home/airflow/.local/lib/python3.7/site-packages/airflow/example_dags/example_external_task_marker_dag.py
[2023-05-10T18:51:26.299+0000] {logging_mixin.py:137} INFO - [2023-05-10T18:51:26.299+0000] {dag.py:2690} INFO - Sync 2 DAGs
[2023-05-10T18:51:26.313+0000] {logging_mixin.py:137} INFO - [2023-05-10T18:51:26.313+0000] {dag.py:3441} INFO - Setting next_dagrun for example_external_task_marker_child to None, run_after=None
[2023-05-10T18:51:26.315+0000] {logging_mixin.py:137} INFO - [2023-05-10T18:51:26.315+0000] {dag.py:3441} INFO - Setting next_dagrun for example_external_task_marker_parent to None, run_after=None
[2023-05-10T18:51:26.322+0000] {processor.py:175} INFO - Processing /home/airflow/.local/lib/python3.7/site-packages/airflow/example_dags/example_external_task_marker_dag.py took 0.054 seconds
[2023-05-10T18:51:57.089+0000] {processor.py:153} INFO - Started process (PID=1543) to work on /home/airflow/.local/lib/python3.7/site-packages/airflow/example_dags/example_external_task_marker_dag.py
[2023-05-10T18:51:57.090+0000] {processor.py:743} INFO - Processing file /home/airflow/.local/lib/python3.7/site-packages/airflow/example_dags/example_external_task_marker_dag.py for tasks to queue
[2023-05-10T18:51:57.091+0000] {logging_mixin.py:137} INFO - [2023-05-10T18:51:57.091+0000] {dagbag.py:538} INFO - Filling up the DagBag from /home/airflow/.local/lib/python3.7/site-packages/airflow/example_dags/example_external_task_marker_dag.py
[2023-05-10T18:51:57.100+0000] {processor.py:753} INFO - DAG(s) dict_keys(['example_external_task_marker_child', 'example_external_task_marker_parent']) retrieved from /home/airflow/.local/lib/python3.7/site-packages/airflow/example_dags/example_external_task_marker_dag.py
[2023-05-10T18:51:57.118+0000] {logging_mixin.py:137} INFO - [2023-05-10T18:51:57.118+0000] {dag.py:2690} INFO - Sync 2 DAGs
[2023-05-10T18:51:57.131+0000] {logging_mixin.py:137} INFO - [2023-05-10T18:51:57.131+0000] {dag.py:3441} INFO - Setting next_dagrun for example_external_task_marker_child to None, run_after=None
[2023-05-10T18:51:57.133+0000] {logging_mixin.py:137} INFO - [2023-05-10T18:51:57.133+0000] {dag.py:3441} INFO - Setting next_dagrun for example_external_task_marker_parent to None, run_after=None
[2023-05-10T18:51:57.141+0000] {processor.py:175} INFO - Processing /home/airflow/.local/lib/python3.7/site-packages/airflow/example_dags/example_external_task_marker_dag.py took 0.054 seconds
[2023-05-10T18:52:27.996+0000] {processor.py:153} INFO - Started process (PID=1616) to work on /home/airflow/.local/lib/python3.7/site-packages/airflow/example_dags/example_external_task_marker_dag.py
[2023-05-10T18:52:27.997+0000] {processor.py:743} INFO - Processing file /home/airflow/.local/lib/python3.7/site-packages/airflow/example_dags/example_external_task_marker_dag.py for tasks to queue
[2023-05-10T18:52:27.998+0000] {logging_mixin.py:137} INFO - [2023-05-10T18:52:27.998+0000] {dagbag.py:538} INFO - Filling up the DagBag from /home/airflow/.local/lib/python3.7/site-packages/airflow/example_dags/example_external_task_marker_dag.py
[2023-05-10T18:52:28.007+0000] {processor.py:753} INFO - DAG(s) dict_keys(['example_external_task_marker_parent', 'example_external_task_marker_child']) retrieved from /home/airflow/.local/lib/python3.7/site-packages/airflow/example_dags/example_external_task_marker_dag.py
[2023-05-10T18:52:28.026+0000] {logging_mixin.py:137} INFO - [2023-05-10T18:52:28.026+0000] {dag.py:2690} INFO - Sync 2 DAGs
[2023-05-10T18:52:28.040+0000] {logging_mixin.py:137} INFO - [2023-05-10T18:52:28.040+0000] {dag.py:3441} INFO - Setting next_dagrun for example_external_task_marker_child to None, run_after=None
[2023-05-10T18:52:28.042+0000] {logging_mixin.py:137} INFO - [2023-05-10T18:52:28.042+0000] {dag.py:3441} INFO - Setting next_dagrun for example_external_task_marker_parent to None, run_after=None
[2023-05-10T18:52:28.051+0000] {processor.py:175} INFO - Processing /home/airflow/.local/lib/python3.7/site-packages/airflow/example_dags/example_external_task_marker_dag.py took 0.057 seconds
[2023-05-10T18:52:58.789+0000] {processor.py:153} INFO - Started process (PID=1691) to work on /home/airflow/.local/lib/python3.7/site-packages/airflow/example_dags/example_external_task_marker_dag.py
[2023-05-10T18:52:58.790+0000] {processor.py:743} INFO - Processing file /home/airflow/.local/lib/python3.7/site-packages/airflow/example_dags/example_external_task_marker_dag.py for tasks to queue
[2023-05-10T18:52:58.791+0000] {logging_mixin.py:137} INFO - [2023-05-10T18:52:58.791+0000] {dagbag.py:538} INFO - Filling up the DagBag from /home/airflow/.local/lib/python3.7/site-packages/airflow/example_dags/example_external_task_marker_dag.py
[2023-05-10T18:52:58.799+0000] {processor.py:753} INFO - DAG(s) dict_keys(['example_external_task_marker_parent', 'example_external_task_marker_child']) retrieved from /home/airflow/.local/lib/python3.7/site-packages/airflow/example_dags/example_external_task_marker_dag.py
[2023-05-10T18:52:58.818+0000] {logging_mixin.py:137} INFO - [2023-05-10T18:52:58.818+0000] {dag.py:2690} INFO - Sync 2 DAGs
[2023-05-10T18:52:58.831+0000] {logging_mixin.py:137} INFO - [2023-05-10T18:52:58.831+0000] {dag.py:3441} INFO - Setting next_dagrun for example_external_task_marker_child to None, run_after=None
[2023-05-10T18:52:58.834+0000] {logging_mixin.py:137} INFO - [2023-05-10T18:52:58.834+0000] {dag.py:3441} INFO - Setting next_dagrun for example_external_task_marker_parent to None, run_after=None
[2023-05-10T18:52:58.841+0000] {processor.py:175} INFO - Processing /home/airflow/.local/lib/python3.7/site-packages/airflow/example_dags/example_external_task_marker_dag.py took 0.055 seconds
[2023-05-10T18:53:29.591+0000] {processor.py:153} INFO - Started process (PID=1766) to work on /home/airflow/.local/lib/python3.7/site-packages/airflow/example_dags/example_external_task_marker_dag.py
[2023-05-10T18:53:29.592+0000] {processor.py:743} INFO - Processing file /home/airflow/.local/lib/python3.7/site-packages/airflow/example_dags/example_external_task_marker_dag.py for tasks to queue
[2023-05-10T18:53:29.593+0000] {logging_mixin.py:137} INFO - [2023-05-10T18:53:29.593+0000] {dagbag.py:538} INFO - Filling up the DagBag from /home/airflow/.local/lib/python3.7/site-packages/airflow/example_dags/example_external_task_marker_dag.py
[2023-05-10T18:53:29.602+0000] {processor.py:753} INFO - DAG(s) dict_keys(['example_external_task_marker_child', 'example_external_task_marker_parent']) retrieved from /home/airflow/.local/lib/python3.7/site-packages/airflow/example_dags/example_external_task_marker_dag.py
[2023-05-10T18:53:29.621+0000] {logging_mixin.py:137} INFO - [2023-05-10T18:53:29.620+0000] {dag.py:2690} INFO - Sync 2 DAGs
[2023-05-10T18:53:29.634+0000] {logging_mixin.py:137} INFO - [2023-05-10T18:53:29.634+0000] {dag.py:3441} INFO - Setting next_dagrun for example_external_task_marker_child to None, run_after=None
[2023-05-10T18:53:29.636+0000] {logging_mixin.py:137} INFO - [2023-05-10T18:53:29.636+0000] {dag.py:3441} INFO - Setting next_dagrun for example_external_task_marker_parent to None, run_after=None
[2023-05-10T18:53:29.644+0000] {processor.py:175} INFO - Processing /home/airflow/.local/lib/python3.7/site-packages/airflow/example_dags/example_external_task_marker_dag.py took 0.055 seconds
[2023-05-10T18:54:00.417+0000] {processor.py:153} INFO - Started process (PID=1828) to work on /home/airflow/.local/lib/python3.7/site-packages/airflow/example_dags/example_external_task_marker_dag.py
[2023-05-10T18:54:00.419+0000] {processor.py:743} INFO - Processing file /home/airflow/.local/lib/python3.7/site-packages/airflow/example_dags/example_external_task_marker_dag.py for tasks to queue
[2023-05-10T18:54:00.420+0000] {logging_mixin.py:137} INFO - [2023-05-10T18:54:00.420+0000] {dagbag.py:538} INFO - Filling up the DagBag from /home/airflow/.local/lib/python3.7/site-packages/airflow/example_dags/example_external_task_marker_dag.py
[2023-05-10T18:54:00.428+0000] {processor.py:753} INFO - DAG(s) dict_keys(['example_external_task_marker_parent', 'example_external_task_marker_child']) retrieved from /home/airflow/.local/lib/python3.7/site-packages/airflow/example_dags/example_external_task_marker_dag.py
[2023-05-10T18:54:00.447+0000] {logging_mixin.py:137} INFO - [2023-05-10T18:54:00.447+0000] {dag.py:2690} INFO - Sync 2 DAGs
[2023-05-10T18:54:00.460+0000] {logging_mixin.py:137} INFO - [2023-05-10T18:54:00.460+0000] {dag.py:3441} INFO - Setting next_dagrun for example_external_task_marker_child to None, run_after=None
[2023-05-10T18:54:00.462+0000] {logging_mixin.py:137} INFO - [2023-05-10T18:54:00.462+0000] {dag.py:3441} INFO - Setting next_dagrun for example_external_task_marker_parent to None, run_after=None
[2023-05-10T18:54:00.470+0000] {processor.py:175} INFO - Processing /home/airflow/.local/lib/python3.7/site-packages/airflow/example_dags/example_external_task_marker_dag.py took 0.055 seconds
[2023-05-10T18:54:31.161+0000] {processor.py:153} INFO - Started process (PID=1904) to work on /home/airflow/.local/lib/python3.7/site-packages/airflow/example_dags/example_external_task_marker_dag.py
[2023-05-10T18:54:31.162+0000] {processor.py:743} INFO - Processing file /home/airflow/.local/lib/python3.7/site-packages/airflow/example_dags/example_external_task_marker_dag.py for tasks to queue
[2023-05-10T18:54:31.163+0000] {logging_mixin.py:137} INFO - [2023-05-10T18:54:31.162+0000] {dagbag.py:538} INFO - Filling up the DagBag from /home/airflow/.local/lib/python3.7/site-packages/airflow/example_dags/example_external_task_marker_dag.py
[2023-05-10T18:54:31.172+0000] {processor.py:753} INFO - DAG(s) dict_keys(['example_external_task_marker_child', 'example_external_task_marker_parent']) retrieved from /home/airflow/.local/lib/python3.7/site-packages/airflow/example_dags/example_external_task_marker_dag.py
[2023-05-10T18:54:31.190+0000] {logging_mixin.py:137} INFO - [2023-05-10T18:54:31.190+0000] {dag.py:2690} INFO - Sync 2 DAGs
[2023-05-10T18:54:31.204+0000] {logging_mixin.py:137} INFO - [2023-05-10T18:54:31.204+0000] {dag.py:3441} INFO - Setting next_dagrun for example_external_task_marker_child to None, run_after=None
[2023-05-10T18:54:31.207+0000] {logging_mixin.py:137} INFO - [2023-05-10T18:54:31.207+0000] {dag.py:3441} INFO - Setting next_dagrun for example_external_task_marker_parent to None, run_after=None
[2023-05-10T18:54:31.215+0000] {processor.py:175} INFO - Processing /home/airflow/.local/lib/python3.7/site-packages/airflow/example_dags/example_external_task_marker_dag.py took 0.056 seconds
[2023-05-10T18:55:01.881+0000] {processor.py:153} INFO - Started process (PID=1979) to work on /home/airflow/.local/lib/python3.7/site-packages/airflow/example_dags/example_external_task_marker_dag.py
[2023-05-10T18:55:01.882+0000] {processor.py:743} INFO - Processing file /home/airflow/.local/lib/python3.7/site-packages/airflow/example_dags/example_external_task_marker_dag.py for tasks to queue
[2023-05-10T18:55:01.882+0000] {logging_mixin.py:137} INFO - [2023-05-10T18:55:01.882+0000] {dagbag.py:538} INFO - Filling up the DagBag from /home/airflow/.local/lib/python3.7/site-packages/airflow/example_dags/example_external_task_marker_dag.py
[2023-05-10T18:55:01.891+0000] {processor.py:753} INFO - DAG(s) dict_keys(['example_external_task_marker_parent', 'example_external_task_marker_child']) retrieved from /home/airflow/.local/lib/python3.7/site-packages/airflow/example_dags/example_external_task_marker_dag.py
[2023-05-10T18:55:01.919+0000] {logging_mixin.py:137} INFO - [2023-05-10T18:55:01.919+0000] {dag.py:2690} INFO - Sync 2 DAGs
[2023-05-10T18:55:01.936+0000] {logging_mixin.py:137} INFO - [2023-05-10T18:55:01.936+0000] {dag.py:3441} INFO - Setting next_dagrun for example_external_task_marker_child to None, run_after=None
[2023-05-10T18:55:01.938+0000] {logging_mixin.py:137} INFO - [2023-05-10T18:55:01.938+0000] {dag.py:3441} INFO - Setting next_dagrun for example_external_task_marker_parent to None, run_after=None
[2023-05-10T18:55:01.946+0000] {processor.py:175} INFO - Processing /home/airflow/.local/lib/python3.7/site-packages/airflow/example_dags/example_external_task_marker_dag.py took 0.069 seconds
