[2023-05-10T17:37:13.443+0000] {processor.py:153} INFO - Started process (PID=56) to work on /home/airflow/.local/lib/python3.7/site-packages/airflow/example_dags/example_latest_only_with_trigger.py
[2023-05-10T17:37:13.444+0000] {processor.py:743} INFO - Processing file /home/airflow/.local/lib/python3.7/site-packages/airflow/example_dags/example_latest_only_with_trigger.py for tasks to queue
[2023-05-10T17:37:13.445+0000] {logging_mixin.py:137} INFO - [2023-05-10T17:37:13.444+0000] {dagbag.py:538} INFO - Filling up the DagBag from /home/airflow/.local/lib/python3.7/site-packages/airflow/example_dags/example_latest_only_with_trigger.py
[2023-05-10T17:37:13.454+0000] {processor.py:753} INFO - DAG(s) dict_keys(['latest_only_with_trigger']) retrieved from /home/airflow/.local/lib/python3.7/site-packages/airflow/example_dags/example_latest_only_with_trigger.py
[2023-05-10T17:37:13.520+0000] {logging_mixin.py:137} INFO - [2023-05-10T17:37:13.520+0000] {manager.py:504} INFO - Created Permission View: can edit on DAG:latest_only_with_trigger
[2023-05-10T17:37:13.525+0000] {logging_mixin.py:137} INFO - [2023-05-10T17:37:13.525+0000] {manager.py:504} INFO - Created Permission View: can read on DAG:latest_only_with_trigger
[2023-05-10T17:37:13.529+0000] {logging_mixin.py:137} INFO - [2023-05-10T17:37:13.529+0000] {manager.py:504} INFO - Created Permission View: can delete on DAG:latest_only_with_trigger
[2023-05-10T17:37:13.530+0000] {logging_mixin.py:137} INFO - [2023-05-10T17:37:13.530+0000] {dag.py:2690} INFO - Sync 1 DAGs
[2023-05-10T17:37:13.536+0000] {logging_mixin.py:137} INFO - [2023-05-10T17:37:13.536+0000] {dag.py:2711} INFO - Creating ORM DAG for latest_only_with_trigger
[2023-05-10T17:37:13.542+0000] {logging_mixin.py:137} INFO - [2023-05-10T17:37:13.542+0000] {dag.py:3441} INFO - Setting next_dagrun for latest_only_with_trigger to 2023-05-10T13:37:13.542539+00:00, run_after=2023-05-10T17:37:13.542539+00:00
[2023-05-10T17:37:13.552+0000] {processor.py:175} INFO - Processing /home/airflow/.local/lib/python3.7/site-packages/airflow/example_dags/example_latest_only_with_trigger.py took 0.112 seconds
[2023-05-10T17:37:44.441+0000] {processor.py:153} INFO - Started process (PID=130) to work on /home/airflow/.local/lib/python3.7/site-packages/airflow/example_dags/example_latest_only_with_trigger.py
[2023-05-10T17:37:44.443+0000] {processor.py:743} INFO - Processing file /home/airflow/.local/lib/python3.7/site-packages/airflow/example_dags/example_latest_only_with_trigger.py for tasks to queue
[2023-05-10T17:37:44.445+0000] {logging_mixin.py:137} INFO - [2023-05-10T17:37:44.444+0000] {dagbag.py:538} INFO - Filling up the DagBag from /home/airflow/.local/lib/python3.7/site-packages/airflow/example_dags/example_latest_only_with_trigger.py
[2023-05-10T17:37:44.461+0000] {processor.py:753} INFO - DAG(s) dict_keys(['latest_only_with_trigger']) retrieved from /home/airflow/.local/lib/python3.7/site-packages/airflow/example_dags/example_latest_only_with_trigger.py
[2023-05-10T17:37:44.495+0000] {logging_mixin.py:137} INFO - [2023-05-10T17:37:44.495+0000] {dag.py:2690} INFO - Sync 1 DAGs
[2023-05-10T17:37:44.517+0000] {logging_mixin.py:137} INFO - [2023-05-10T17:37:44.516+0000] {dag.py:3441} INFO - Setting next_dagrun for latest_only_with_trigger to 2023-05-10T13:37:44.516596+00:00, run_after=2023-05-10T17:37:44.516596+00:00
[2023-05-10T17:37:44.536+0000] {processor.py:175} INFO - Processing /home/airflow/.local/lib/python3.7/site-packages/airflow/example_dags/example_latest_only_with_trigger.py took 0.099 seconds
[2023-05-10T17:38:15.729+0000] {processor.py:153} INFO - Started process (PID=203) to work on /home/airflow/.local/lib/python3.7/site-packages/airflow/example_dags/example_latest_only_with_trigger.py
[2023-05-10T17:38:15.731+0000] {processor.py:743} INFO - Processing file /home/airflow/.local/lib/python3.7/site-packages/airflow/example_dags/example_latest_only_with_trigger.py for tasks to queue
[2023-05-10T17:38:15.733+0000] {logging_mixin.py:137} INFO - [2023-05-10T17:38:15.733+0000] {dagbag.py:538} INFO - Filling up the DagBag from /home/airflow/.local/lib/python3.7/site-packages/airflow/example_dags/example_latest_only_with_trigger.py
[2023-05-10T17:38:15.764+0000] {processor.py:753} INFO - DAG(s) dict_keys(['latest_only_with_trigger']) retrieved from /home/airflow/.local/lib/python3.7/site-packages/airflow/example_dags/example_latest_only_with_trigger.py
[2023-05-10T17:38:15.793+0000] {logging_mixin.py:137} INFO - [2023-05-10T17:38:15.793+0000] {dag.py:2690} INFO - Sync 1 DAGs
[2023-05-10T17:38:15.818+0000] {logging_mixin.py:137} INFO - [2023-05-10T17:38:15.818+0000] {dag.py:3441} INFO - Setting next_dagrun for latest_only_with_trigger to 2023-05-10T13:38:15.817910+00:00, run_after=2023-05-10T17:38:15.817910+00:00
[2023-05-10T17:38:15.837+0000] {processor.py:175} INFO - Processing /home/airflow/.local/lib/python3.7/site-packages/airflow/example_dags/example_latest_only_with_trigger.py took 0.112 seconds
[2023-05-10T17:38:46.207+0000] {processor.py:153} INFO - Started process (PID=270) to work on /home/airflow/.local/lib/python3.7/site-packages/airflow/example_dags/example_latest_only_with_trigger.py
[2023-05-10T17:38:46.208+0000] {processor.py:743} INFO - Processing file /home/airflow/.local/lib/python3.7/site-packages/airflow/example_dags/example_latest_only_with_trigger.py for tasks to queue
[2023-05-10T17:38:46.209+0000] {logging_mixin.py:137} INFO - [2023-05-10T17:38:46.209+0000] {dagbag.py:538} INFO - Filling up the DagBag from /home/airflow/.local/lib/python3.7/site-packages/airflow/example_dags/example_latest_only_with_trigger.py
[2023-05-10T17:38:46.217+0000] {processor.py:753} INFO - DAG(s) dict_keys(['latest_only_with_trigger']) retrieved from /home/airflow/.local/lib/python3.7/site-packages/airflow/example_dags/example_latest_only_with_trigger.py
[2023-05-10T17:38:46.234+0000] {logging_mixin.py:137} INFO - [2023-05-10T17:38:46.234+0000] {dag.py:2690} INFO - Sync 1 DAGs
[2023-05-10T17:38:46.247+0000] {logging_mixin.py:137} INFO - [2023-05-10T17:38:46.247+0000] {dag.py:3441} INFO - Setting next_dagrun for latest_only_with_trigger to 2023-05-10T13:38:46.247150+00:00, run_after=2023-05-10T17:38:46.247150+00:00
[2023-05-10T17:38:46.255+0000] {processor.py:175} INFO - Processing /home/airflow/.local/lib/python3.7/site-packages/airflow/example_dags/example_latest_only_with_trigger.py took 0.050 seconds
[2023-05-10T17:39:17.222+0000] {processor.py:153} INFO - Started process (PID=346) to work on /home/airflow/.local/lib/python3.7/site-packages/airflow/example_dags/example_latest_only_with_trigger.py
[2023-05-10T17:39:17.222+0000] {processor.py:743} INFO - Processing file /home/airflow/.local/lib/python3.7/site-packages/airflow/example_dags/example_latest_only_with_trigger.py for tasks to queue
[2023-05-10T17:39:17.223+0000] {logging_mixin.py:137} INFO - [2023-05-10T17:39:17.223+0000] {dagbag.py:538} INFO - Filling up the DagBag from /home/airflow/.local/lib/python3.7/site-packages/airflow/example_dags/example_latest_only_with_trigger.py
[2023-05-10T17:39:17.232+0000] {processor.py:753} INFO - DAG(s) dict_keys(['latest_only_with_trigger']) retrieved from /home/airflow/.local/lib/python3.7/site-packages/airflow/example_dags/example_latest_only_with_trigger.py
[2023-05-10T17:39:17.249+0000] {logging_mixin.py:137} INFO - [2023-05-10T17:39:17.249+0000] {dag.py:2690} INFO - Sync 1 DAGs
[2023-05-10T17:39:17.262+0000] {logging_mixin.py:137} INFO - [2023-05-10T17:39:17.262+0000] {dag.py:3441} INFO - Setting next_dagrun for latest_only_with_trigger to 2023-05-10T13:39:17.261836+00:00, run_after=2023-05-10T17:39:17.261836+00:00
[2023-05-10T17:39:17.273+0000] {processor.py:175} INFO - Processing /home/airflow/.local/lib/python3.7/site-packages/airflow/example_dags/example_latest_only_with_trigger.py took 0.053 seconds
[2023-05-10T17:39:48.185+0000] {processor.py:153} INFO - Started process (PID=420) to work on /home/airflow/.local/lib/python3.7/site-packages/airflow/example_dags/example_latest_only_with_trigger.py
[2023-05-10T17:39:48.186+0000] {processor.py:743} INFO - Processing file /home/airflow/.local/lib/python3.7/site-packages/airflow/example_dags/example_latest_only_with_trigger.py for tasks to queue
[2023-05-10T17:39:48.187+0000] {logging_mixin.py:137} INFO - [2023-05-10T17:39:48.187+0000] {dagbag.py:538} INFO - Filling up the DagBag from /home/airflow/.local/lib/python3.7/site-packages/airflow/example_dags/example_latest_only_with_trigger.py
[2023-05-10T17:39:48.196+0000] {processor.py:753} INFO - DAG(s) dict_keys(['latest_only_with_trigger']) retrieved from /home/airflow/.local/lib/python3.7/site-packages/airflow/example_dags/example_latest_only_with_trigger.py
[2023-05-10T17:39:48.212+0000] {logging_mixin.py:137} INFO - [2023-05-10T17:39:48.212+0000] {dag.py:2690} INFO - Sync 1 DAGs
[2023-05-10T17:39:48.225+0000] {logging_mixin.py:137} INFO - [2023-05-10T17:39:48.225+0000] {dag.py:3441} INFO - Setting next_dagrun for latest_only_with_trigger to 2023-05-10T13:39:48.225644+00:00, run_after=2023-05-10T17:39:48.225644+00:00
[2023-05-10T17:39:48.235+0000] {processor.py:175} INFO - Processing /home/airflow/.local/lib/python3.7/site-packages/airflow/example_dags/example_latest_only_with_trigger.py took 0.052 seconds
[2023-05-10T17:40:19.093+0000] {processor.py:153} INFO - Started process (PID=497) to work on /home/airflow/.local/lib/python3.7/site-packages/airflow/example_dags/example_latest_only_with_trigger.py
[2023-05-10T17:40:19.094+0000] {processor.py:743} INFO - Processing file /home/airflow/.local/lib/python3.7/site-packages/airflow/example_dags/example_latest_only_with_trigger.py for tasks to queue
[2023-05-10T17:40:19.095+0000] {logging_mixin.py:137} INFO - [2023-05-10T17:40:19.095+0000] {dagbag.py:538} INFO - Filling up the DagBag from /home/airflow/.local/lib/python3.7/site-packages/airflow/example_dags/example_latest_only_with_trigger.py
[2023-05-10T17:40:19.105+0000] {processor.py:753} INFO - DAG(s) dict_keys(['latest_only_with_trigger']) retrieved from /home/airflow/.local/lib/python3.7/site-packages/airflow/example_dags/example_latest_only_with_trigger.py
[2023-05-10T17:40:19.125+0000] {logging_mixin.py:137} INFO - [2023-05-10T17:40:19.125+0000] {dag.py:2690} INFO - Sync 1 DAGs
[2023-05-10T17:40:19.140+0000] {logging_mixin.py:137} INFO - [2023-05-10T17:40:19.140+0000] {dag.py:3441} INFO - Setting next_dagrun for latest_only_with_trigger to 2023-05-10T13:40:19.140005+00:00, run_after=2023-05-10T17:40:19.140005+00:00
[2023-05-10T17:40:19.150+0000] {processor.py:175} INFO - Processing /home/airflow/.local/lib/python3.7/site-packages/airflow/example_dags/example_latest_only_with_trigger.py took 0.060 seconds
[2023-05-10T17:40:49.984+0000] {processor.py:153} INFO - Started process (PID=560) to work on /home/airflow/.local/lib/python3.7/site-packages/airflow/example_dags/example_latest_only_with_trigger.py
[2023-05-10T17:40:49.985+0000] {processor.py:743} INFO - Processing file /home/airflow/.local/lib/python3.7/site-packages/airflow/example_dags/example_latest_only_with_trigger.py for tasks to queue
[2023-05-10T17:40:49.986+0000] {logging_mixin.py:137} INFO - [2023-05-10T17:40:49.986+0000] {dagbag.py:538} INFO - Filling up the DagBag from /home/airflow/.local/lib/python3.7/site-packages/airflow/example_dags/example_latest_only_with_trigger.py
[2023-05-10T17:40:49.995+0000] {processor.py:753} INFO - DAG(s) dict_keys(['latest_only_with_trigger']) retrieved from /home/airflow/.local/lib/python3.7/site-packages/airflow/example_dags/example_latest_only_with_trigger.py
[2023-05-10T17:40:50.014+0000] {logging_mixin.py:137} INFO - [2023-05-10T17:40:50.014+0000] {dag.py:2690} INFO - Sync 1 DAGs
[2023-05-10T17:40:50.029+0000] {logging_mixin.py:137} INFO - [2023-05-10T17:40:50.029+0000] {dag.py:3441} INFO - Setting next_dagrun for latest_only_with_trigger to 2023-05-10T13:40:50.029222+00:00, run_after=2023-05-10T17:40:50.029222+00:00
[2023-05-10T17:40:50.038+0000] {processor.py:175} INFO - Processing /home/airflow/.local/lib/python3.7/site-packages/airflow/example_dags/example_latest_only_with_trigger.py took 0.056 seconds
[2023-05-10T17:41:20.157+0000] {processor.py:153} INFO - Started process (PID=637) to work on /home/airflow/.local/lib/python3.7/site-packages/airflow/example_dags/example_latest_only_with_trigger.py
[2023-05-10T17:41:20.158+0000] {processor.py:743} INFO - Processing file /home/airflow/.local/lib/python3.7/site-packages/airflow/example_dags/example_latest_only_with_trigger.py for tasks to queue
[2023-05-10T17:41:20.158+0000] {logging_mixin.py:137} INFO - [2023-05-10T17:41:20.158+0000] {dagbag.py:538} INFO - Filling up the DagBag from /home/airflow/.local/lib/python3.7/site-packages/airflow/example_dags/example_latest_only_with_trigger.py
[2023-05-10T17:41:20.167+0000] {processor.py:753} INFO - DAG(s) dict_keys(['latest_only_with_trigger']) retrieved from /home/airflow/.local/lib/python3.7/site-packages/airflow/example_dags/example_latest_only_with_trigger.py
[2023-05-10T17:41:20.183+0000] {logging_mixin.py:137} INFO - [2023-05-10T17:41:20.183+0000] {dag.py:2690} INFO - Sync 1 DAGs
[2023-05-10T17:41:20.196+0000] {logging_mixin.py:137} INFO - [2023-05-10T17:41:20.196+0000] {dag.py:3441} INFO - Setting next_dagrun for latest_only_with_trigger to 2023-05-10T13:41:20.196419+00:00, run_after=2023-05-10T17:41:20.196419+00:00
[2023-05-10T17:41:20.204+0000] {processor.py:175} INFO - Processing /home/airflow/.local/lib/python3.7/site-packages/airflow/example_dags/example_latest_only_with_trigger.py took 0.050 seconds
[2023-05-10T17:56:36.917+0000] {processor.py:153} INFO - Started process (PID=688) to work on /home/airflow/.local/lib/python3.7/site-packages/airflow/example_dags/example_latest_only_with_trigger.py
[2023-05-10T17:56:36.919+0000] {processor.py:743} INFO - Processing file /home/airflow/.local/lib/python3.7/site-packages/airflow/example_dags/example_latest_only_with_trigger.py for tasks to queue
[2023-05-10T17:56:36.920+0000] {logging_mixin.py:137} INFO - [2023-05-10T17:56:36.920+0000] {dagbag.py:538} INFO - Filling up the DagBag from /home/airflow/.local/lib/python3.7/site-packages/airflow/example_dags/example_latest_only_with_trigger.py
[2023-05-10T17:56:36.939+0000] {processor.py:753} INFO - DAG(s) dict_keys(['latest_only_with_trigger']) retrieved from /home/airflow/.local/lib/python3.7/site-packages/airflow/example_dags/example_latest_only_with_trigger.py
[2023-05-10T17:56:36.964+0000] {logging_mixin.py:137} INFO - [2023-05-10T17:56:36.964+0000] {dag.py:2690} INFO - Sync 1 DAGs
[2023-05-10T17:56:36.999+0000] {logging_mixin.py:137} INFO - [2023-05-10T17:56:36.999+0000] {dag.py:3441} INFO - Setting next_dagrun for latest_only_with_trigger to 2023-05-10T13:56:36.999169+00:00, run_after=2023-05-10T17:56:36.999169+00:00
[2023-05-10T17:56:37.027+0000] {processor.py:175} INFO - Processing /home/airflow/.local/lib/python3.7/site-packages/airflow/example_dags/example_latest_only_with_trigger.py took 0.115 seconds
[2023-05-10T18:14:19.369+0000] {processor.py:153} INFO - Started process (PID=764) to work on /home/airflow/.local/lib/python3.7/site-packages/airflow/example_dags/example_latest_only_with_trigger.py
[2023-05-10T18:14:19.370+0000] {processor.py:743} INFO - Processing file /home/airflow/.local/lib/python3.7/site-packages/airflow/example_dags/example_latest_only_with_trigger.py for tasks to queue
[2023-05-10T18:14:19.370+0000] {logging_mixin.py:137} INFO - [2023-05-10T18:14:19.370+0000] {dagbag.py:538} INFO - Filling up the DagBag from /home/airflow/.local/lib/python3.7/site-packages/airflow/example_dags/example_latest_only_with_trigger.py
[2023-05-10T18:14:19.379+0000] {processor.py:753} INFO - DAG(s) dict_keys(['latest_only_with_trigger']) retrieved from /home/airflow/.local/lib/python3.7/site-packages/airflow/example_dags/example_latest_only_with_trigger.py
[2023-05-10T18:14:19.395+0000] {logging_mixin.py:137} INFO - [2023-05-10T18:14:19.395+0000] {dag.py:2690} INFO - Sync 1 DAGs
[2023-05-10T18:14:19.410+0000] {logging_mixin.py:137} INFO - [2023-05-10T18:14:19.410+0000] {dag.py:3441} INFO - Setting next_dagrun for latest_only_with_trigger to 2023-05-10T14:14:19.410025+00:00, run_after=2023-05-10T18:14:19.410025+00:00
[2023-05-10T18:14:19.419+0000] {processor.py:175} INFO - Processing /home/airflow/.local/lib/python3.7/site-packages/airflow/example_dags/example_latest_only_with_trigger.py took 0.053 seconds
[2023-05-10T18:14:49.968+0000] {processor.py:153} INFO - Started process (PID=827) to work on /home/airflow/.local/lib/python3.7/site-packages/airflow/example_dags/example_latest_only_with_trigger.py
[2023-05-10T18:14:49.969+0000] {processor.py:743} INFO - Processing file /home/airflow/.local/lib/python3.7/site-packages/airflow/example_dags/example_latest_only_with_trigger.py for tasks to queue
[2023-05-10T18:14:49.970+0000] {logging_mixin.py:137} INFO - [2023-05-10T18:14:49.970+0000] {dagbag.py:538} INFO - Filling up the DagBag from /home/airflow/.local/lib/python3.7/site-packages/airflow/example_dags/example_latest_only_with_trigger.py
[2023-05-10T18:14:49.978+0000] {processor.py:753} INFO - DAG(s) dict_keys(['latest_only_with_trigger']) retrieved from /home/airflow/.local/lib/python3.7/site-packages/airflow/example_dags/example_latest_only_with_trigger.py
[2023-05-10T18:14:49.995+0000] {logging_mixin.py:137} INFO - [2023-05-10T18:14:49.995+0000] {dag.py:2690} INFO - Sync 1 DAGs
[2023-05-10T18:14:50.008+0000] {logging_mixin.py:137} INFO - [2023-05-10T18:14:50.008+0000] {dag.py:3441} INFO - Setting next_dagrun for latest_only_with_trigger to 2023-05-10T14:14:50.008335+00:00, run_after=2023-05-10T18:14:50.008335+00:00
[2023-05-10T18:14:50.018+0000] {processor.py:175} INFO - Processing /home/airflow/.local/lib/python3.7/site-packages/airflow/example_dags/example_latest_only_with_trigger.py took 0.051 seconds
[2023-05-10T18:30:29.896+0000] {processor.py:153} INFO - Started process (PID=904) to work on /home/airflow/.local/lib/python3.7/site-packages/airflow/example_dags/example_latest_only_with_trigger.py
[2023-05-10T18:30:29.897+0000] {processor.py:743} INFO - Processing file /home/airflow/.local/lib/python3.7/site-packages/airflow/example_dags/example_latest_only_with_trigger.py for tasks to queue
[2023-05-10T18:30:29.897+0000] {logging_mixin.py:137} INFO - [2023-05-10T18:30:29.897+0000] {dagbag.py:538} INFO - Filling up the DagBag from /home/airflow/.local/lib/python3.7/site-packages/airflow/example_dags/example_latest_only_with_trigger.py
[2023-05-10T18:30:29.906+0000] {processor.py:753} INFO - DAG(s) dict_keys(['latest_only_with_trigger']) retrieved from /home/airflow/.local/lib/python3.7/site-packages/airflow/example_dags/example_latest_only_with_trigger.py
[2023-05-10T18:30:29.923+0000] {logging_mixin.py:137} INFO - [2023-05-10T18:30:29.923+0000] {dag.py:2690} INFO - Sync 1 DAGs
[2023-05-10T18:30:29.936+0000] {logging_mixin.py:137} INFO - [2023-05-10T18:30:29.936+0000] {dag.py:3441} INFO - Setting next_dagrun for latest_only_with_trigger to 2023-05-10T14:30:29.935977+00:00, run_after=2023-05-10T18:30:29.935977+00:00
[2023-05-10T18:30:29.946+0000] {processor.py:175} INFO - Processing /home/airflow/.local/lib/python3.7/site-packages/airflow/example_dags/example_latest_only_with_trigger.py took 0.052 seconds
[2023-05-10T18:31:00.793+0000] {processor.py:153} INFO - Started process (PID=980) to work on /home/airflow/.local/lib/python3.7/site-packages/airflow/example_dags/example_latest_only_with_trigger.py
[2023-05-10T18:31:00.794+0000] {processor.py:743} INFO - Processing file /home/airflow/.local/lib/python3.7/site-packages/airflow/example_dags/example_latest_only_with_trigger.py for tasks to queue
[2023-05-10T18:31:00.794+0000] {logging_mixin.py:137} INFO - [2023-05-10T18:31:00.794+0000] {dagbag.py:538} INFO - Filling up the DagBag from /home/airflow/.local/lib/python3.7/site-packages/airflow/example_dags/example_latest_only_with_trigger.py
[2023-05-10T18:31:00.803+0000] {processor.py:753} INFO - DAG(s) dict_keys(['latest_only_with_trigger']) retrieved from /home/airflow/.local/lib/python3.7/site-packages/airflow/example_dags/example_latest_only_with_trigger.py
[2023-05-10T18:31:00.820+0000] {logging_mixin.py:137} INFO - [2023-05-10T18:31:00.820+0000] {dag.py:2690} INFO - Sync 1 DAGs
[2023-05-10T18:31:00.833+0000] {logging_mixin.py:137} INFO - [2023-05-10T18:31:00.833+0000] {dag.py:3441} INFO - Setting next_dagrun for latest_only_with_trigger to 2023-05-10T14:31:00.833536+00:00, run_after=2023-05-10T18:31:00.833536+00:00
[2023-05-10T18:31:00.843+0000] {processor.py:175} INFO - Processing /home/airflow/.local/lib/python3.7/site-packages/airflow/example_dags/example_latest_only_with_trigger.py took 0.052 seconds
[2023-05-10T18:47:37.202+0000] {processor.py:153} INFO - Started process (PID=1044) to work on /home/airflow/.local/lib/python3.7/site-packages/airflow/example_dags/example_latest_only_with_trigger.py
[2023-05-10T18:47:37.203+0000] {processor.py:743} INFO - Processing file /home/airflow/.local/lib/python3.7/site-packages/airflow/example_dags/example_latest_only_with_trigger.py for tasks to queue
[2023-05-10T18:47:37.203+0000] {logging_mixin.py:137} INFO - [2023-05-10T18:47:37.203+0000] {dagbag.py:538} INFO - Filling up the DagBag from /home/airflow/.local/lib/python3.7/site-packages/airflow/example_dags/example_latest_only_with_trigger.py
[2023-05-10T18:47:37.212+0000] {processor.py:753} INFO - DAG(s) dict_keys(['latest_only_with_trigger']) retrieved from /home/airflow/.local/lib/python3.7/site-packages/airflow/example_dags/example_latest_only_with_trigger.py
[2023-05-10T18:47:37.229+0000] {logging_mixin.py:137} INFO - [2023-05-10T18:47:37.229+0000] {dag.py:2690} INFO - Sync 1 DAGs
[2023-05-10T18:47:37.242+0000] {logging_mixin.py:137} INFO - [2023-05-10T18:47:37.242+0000] {dag.py:3441} INFO - Setting next_dagrun for latest_only_with_trigger to 2023-05-10T14:47:37.242026+00:00, run_after=2023-05-10T18:47:37.242026+00:00
[2023-05-10T18:47:37.251+0000] {processor.py:175} INFO - Processing /home/airflow/.local/lib/python3.7/site-packages/airflow/example_dags/example_latest_only_with_trigger.py took 0.052 seconds
[2023-05-10T18:48:08.045+0000] {processor.py:153} INFO - Started process (PID=1119) to work on /home/airflow/.local/lib/python3.7/site-packages/airflow/example_dags/example_latest_only_with_trigger.py
[2023-05-10T18:48:08.046+0000] {processor.py:743} INFO - Processing file /home/airflow/.local/lib/python3.7/site-packages/airflow/example_dags/example_latest_only_with_trigger.py for tasks to queue
[2023-05-10T18:48:08.046+0000] {logging_mixin.py:137} INFO - [2023-05-10T18:48:08.046+0000] {dagbag.py:538} INFO - Filling up the DagBag from /home/airflow/.local/lib/python3.7/site-packages/airflow/example_dags/example_latest_only_with_trigger.py
[2023-05-10T18:48:08.055+0000] {processor.py:753} INFO - DAG(s) dict_keys(['latest_only_with_trigger']) retrieved from /home/airflow/.local/lib/python3.7/site-packages/airflow/example_dags/example_latest_only_with_trigger.py
[2023-05-10T18:48:08.074+0000] {logging_mixin.py:137} INFO - [2023-05-10T18:48:08.074+0000] {dag.py:2690} INFO - Sync 1 DAGs
[2023-05-10T18:48:08.087+0000] {logging_mixin.py:137} INFO - [2023-05-10T18:48:08.087+0000] {dag.py:3441} INFO - Setting next_dagrun for latest_only_with_trigger to 2023-05-10T14:48:08.086961+00:00, run_after=2023-05-10T18:48:08.086961+00:00
[2023-05-10T18:48:08.096+0000] {processor.py:175} INFO - Processing /home/airflow/.local/lib/python3.7/site-packages/airflow/example_dags/example_latest_only_with_trigger.py took 0.053 seconds
[2023-05-10T18:49:23.228+0000] {processor.py:153} INFO - Started process (PID=1194) to work on /home/airflow/.local/lib/python3.7/site-packages/airflow/example_dags/example_latest_only_with_trigger.py
[2023-05-10T18:49:23.229+0000] {processor.py:743} INFO - Processing file /home/airflow/.local/lib/python3.7/site-packages/airflow/example_dags/example_latest_only_with_trigger.py for tasks to queue
[2023-05-10T18:49:23.229+0000] {logging_mixin.py:137} INFO - [2023-05-10T18:49:23.229+0000] {dagbag.py:538} INFO - Filling up the DagBag from /home/airflow/.local/lib/python3.7/site-packages/airflow/example_dags/example_latest_only_with_trigger.py
[2023-05-10T18:49:23.239+0000] {processor.py:753} INFO - DAG(s) dict_keys(['latest_only_with_trigger']) retrieved from /home/airflow/.local/lib/python3.7/site-packages/airflow/example_dags/example_latest_only_with_trigger.py
[2023-05-10T18:49:23.256+0000] {logging_mixin.py:137} INFO - [2023-05-10T18:49:23.256+0000] {dag.py:2690} INFO - Sync 1 DAGs
[2023-05-10T18:49:23.269+0000] {logging_mixin.py:137} INFO - [2023-05-10T18:49:23.269+0000] {dag.py:3441} INFO - Setting next_dagrun for latest_only_with_trigger to 2023-05-10T14:49:23.269622+00:00, run_after=2023-05-10T18:49:23.269622+00:00
[2023-05-10T18:49:23.279+0000] {processor.py:175} INFO - Processing /home/airflow/.local/lib/python3.7/site-packages/airflow/example_dags/example_latest_only_with_trigger.py took 0.053 seconds
[2023-05-10T18:49:53.916+0000] {processor.py:153} INFO - Started process (PID=1258) to work on /home/airflow/.local/lib/python3.7/site-packages/airflow/example_dags/example_latest_only_with_trigger.py
[2023-05-10T18:49:53.917+0000] {processor.py:743} INFO - Processing file /home/airflow/.local/lib/python3.7/site-packages/airflow/example_dags/example_latest_only_with_trigger.py for tasks to queue
[2023-05-10T18:49:53.918+0000] {logging_mixin.py:137} INFO - [2023-05-10T18:49:53.918+0000] {dagbag.py:538} INFO - Filling up the DagBag from /home/airflow/.local/lib/python3.7/site-packages/airflow/example_dags/example_latest_only_with_trigger.py
[2023-05-10T18:49:53.926+0000] {processor.py:753} INFO - DAG(s) dict_keys(['latest_only_with_trigger']) retrieved from /home/airflow/.local/lib/python3.7/site-packages/airflow/example_dags/example_latest_only_with_trigger.py
[2023-05-10T18:49:53.943+0000] {logging_mixin.py:137} INFO - [2023-05-10T18:49:53.943+0000] {dag.py:2690} INFO - Sync 1 DAGs
[2023-05-10T18:49:53.959+0000] {logging_mixin.py:137} INFO - [2023-05-10T18:49:53.959+0000] {dag.py:3441} INFO - Setting next_dagrun for latest_only_with_trigger to 2023-05-10T14:49:53.959405+00:00, run_after=2023-05-10T18:49:53.959405+00:00
[2023-05-10T18:49:53.967+0000] {processor.py:175} INFO - Processing /home/airflow/.local/lib/python3.7/site-packages/airflow/example_dags/example_latest_only_with_trigger.py took 0.054 seconds
[2023-05-10T18:50:24.729+0000] {processor.py:153} INFO - Started process (PID=1333) to work on /home/airflow/.local/lib/python3.7/site-packages/airflow/example_dags/example_latest_only_with_trigger.py
[2023-05-10T18:50:24.730+0000] {processor.py:743} INFO - Processing file /home/airflow/.local/lib/python3.7/site-packages/airflow/example_dags/example_latest_only_with_trigger.py for tasks to queue
[2023-05-10T18:50:24.730+0000] {logging_mixin.py:137} INFO - [2023-05-10T18:50:24.730+0000] {dagbag.py:538} INFO - Filling up the DagBag from /home/airflow/.local/lib/python3.7/site-packages/airflow/example_dags/example_latest_only_with_trigger.py
[2023-05-10T18:50:24.739+0000] {processor.py:753} INFO - DAG(s) dict_keys(['latest_only_with_trigger']) retrieved from /home/airflow/.local/lib/python3.7/site-packages/airflow/example_dags/example_latest_only_with_trigger.py
[2023-05-10T18:50:24.757+0000] {logging_mixin.py:137} INFO - [2023-05-10T18:50:24.757+0000] {dag.py:2690} INFO - Sync 1 DAGs
[2023-05-10T18:50:24.770+0000] {logging_mixin.py:137} INFO - [2023-05-10T18:50:24.770+0000] {dag.py:3441} INFO - Setting next_dagrun for latest_only_with_trigger to 2023-05-10T14:50:24.770070+00:00, run_after=2023-05-10T18:50:24.770070+00:00
[2023-05-10T18:50:24.779+0000] {processor.py:175} INFO - Processing /home/airflow/.local/lib/python3.7/site-packages/airflow/example_dags/example_latest_only_with_trigger.py took 0.053 seconds
[2023-05-10T18:50:55.572+0000] {processor.py:153} INFO - Started process (PID=1406) to work on /home/airflow/.local/lib/python3.7/site-packages/airflow/example_dags/example_latest_only_with_trigger.py
[2023-05-10T18:50:55.572+0000] {processor.py:743} INFO - Processing file /home/airflow/.local/lib/python3.7/site-packages/airflow/example_dags/example_latest_only_with_trigger.py for tasks to queue
[2023-05-10T18:50:55.573+0000] {logging_mixin.py:137} INFO - [2023-05-10T18:50:55.573+0000] {dagbag.py:538} INFO - Filling up the DagBag from /home/airflow/.local/lib/python3.7/site-packages/airflow/example_dags/example_latest_only_with_trigger.py
[2023-05-10T18:50:55.582+0000] {processor.py:753} INFO - DAG(s) dict_keys(['latest_only_with_trigger']) retrieved from /home/airflow/.local/lib/python3.7/site-packages/airflow/example_dags/example_latest_only_with_trigger.py
[2023-05-10T18:50:55.598+0000] {logging_mixin.py:137} INFO - [2023-05-10T18:50:55.598+0000] {dag.py:2690} INFO - Sync 1 DAGs
[2023-05-10T18:50:55.611+0000] {logging_mixin.py:137} INFO - [2023-05-10T18:50:55.611+0000] {dag.py:3441} INFO - Setting next_dagrun for latest_only_with_trigger to 2023-05-10T14:50:55.611526+00:00, run_after=2023-05-10T18:50:55.611526+00:00
[2023-05-10T18:50:55.620+0000] {processor.py:175} INFO - Processing /home/airflow/.local/lib/python3.7/site-packages/airflow/example_dags/example_latest_only_with_trigger.py took 0.051 seconds
[2023-05-10T18:51:26.299+0000] {processor.py:153} INFO - Started process (PID=1481) to work on /home/airflow/.local/lib/python3.7/site-packages/airflow/example_dags/example_latest_only_with_trigger.py
[2023-05-10T18:51:26.300+0000] {processor.py:743} INFO - Processing file /home/airflow/.local/lib/python3.7/site-packages/airflow/example_dags/example_latest_only_with_trigger.py for tasks to queue
[2023-05-10T18:51:26.300+0000] {logging_mixin.py:137} INFO - [2023-05-10T18:51:26.300+0000] {dagbag.py:538} INFO - Filling up the DagBag from /home/airflow/.local/lib/python3.7/site-packages/airflow/example_dags/example_latest_only_with_trigger.py
[2023-05-10T18:51:26.309+0000] {processor.py:753} INFO - DAG(s) dict_keys(['latest_only_with_trigger']) retrieved from /home/airflow/.local/lib/python3.7/site-packages/airflow/example_dags/example_latest_only_with_trigger.py
[2023-05-10T18:51:26.326+0000] {logging_mixin.py:137} INFO - [2023-05-10T18:51:26.326+0000] {dag.py:2690} INFO - Sync 1 DAGs
[2023-05-10T18:51:26.340+0000] {logging_mixin.py:137} INFO - [2023-05-10T18:51:26.340+0000] {dag.py:3441} INFO - Setting next_dagrun for latest_only_with_trigger to 2023-05-10T14:51:26.339987+00:00, run_after=2023-05-10T18:51:26.339987+00:00
[2023-05-10T18:51:26.349+0000] {processor.py:175} INFO - Processing /home/airflow/.local/lib/python3.7/site-packages/airflow/example_dags/example_latest_only_with_trigger.py took 0.052 seconds
[2023-05-10T18:51:57.127+0000] {processor.py:153} INFO - Started process (PID=1544) to work on /home/airflow/.local/lib/python3.7/site-packages/airflow/example_dags/example_latest_only_with_trigger.py
[2023-05-10T18:51:57.128+0000] {processor.py:743} INFO - Processing file /home/airflow/.local/lib/python3.7/site-packages/airflow/example_dags/example_latest_only_with_trigger.py for tasks to queue
[2023-05-10T18:51:57.128+0000] {logging_mixin.py:137} INFO - [2023-05-10T18:51:57.128+0000] {dagbag.py:538} INFO - Filling up the DagBag from /home/airflow/.local/lib/python3.7/site-packages/airflow/example_dags/example_latest_only_with_trigger.py
[2023-05-10T18:51:57.137+0000] {processor.py:753} INFO - DAG(s) dict_keys(['latest_only_with_trigger']) retrieved from /home/airflow/.local/lib/python3.7/site-packages/airflow/example_dags/example_latest_only_with_trigger.py
[2023-05-10T18:51:57.154+0000] {logging_mixin.py:137} INFO - [2023-05-10T18:51:57.154+0000] {dag.py:2690} INFO - Sync 1 DAGs
[2023-05-10T18:51:57.168+0000] {logging_mixin.py:137} INFO - [2023-05-10T18:51:57.168+0000] {dag.py:3441} INFO - Setting next_dagrun for latest_only_with_trigger to 2023-05-10T14:51:57.167985+00:00, run_after=2023-05-10T18:51:57.167985+00:00
[2023-05-10T18:51:57.176+0000] {processor.py:175} INFO - Processing /home/airflow/.local/lib/python3.7/site-packages/airflow/example_dags/example_latest_only_with_trigger.py took 0.052 seconds
[2023-05-10T18:52:28.045+0000] {processor.py:153} INFO - Started process (PID=1617) to work on /home/airflow/.local/lib/python3.7/site-packages/airflow/example_dags/example_latest_only_with_trigger.py
[2023-05-10T18:52:28.046+0000] {processor.py:743} INFO - Processing file /home/airflow/.local/lib/python3.7/site-packages/airflow/example_dags/example_latest_only_with_trigger.py for tasks to queue
[2023-05-10T18:52:28.047+0000] {logging_mixin.py:137} INFO - [2023-05-10T18:52:28.047+0000] {dagbag.py:538} INFO - Filling up the DagBag from /home/airflow/.local/lib/python3.7/site-packages/airflow/example_dags/example_latest_only_with_trigger.py
[2023-05-10T18:52:28.057+0000] {processor.py:753} INFO - DAG(s) dict_keys(['latest_only_with_trigger']) retrieved from /home/airflow/.local/lib/python3.7/site-packages/airflow/example_dags/example_latest_only_with_trigger.py
[2023-05-10T18:52:28.075+0000] {logging_mixin.py:137} INFO - [2023-05-10T18:52:28.075+0000] {dag.py:2690} INFO - Sync 1 DAGs
[2023-05-10T18:52:28.089+0000] {logging_mixin.py:137} INFO - [2023-05-10T18:52:28.088+0000] {dag.py:3441} INFO - Setting next_dagrun for latest_only_with_trigger to 2023-05-10T14:52:28.088781+00:00, run_after=2023-05-10T18:52:28.088781+00:00
[2023-05-10T18:52:28.098+0000] {processor.py:175} INFO - Processing /home/airflow/.local/lib/python3.7/site-packages/airflow/example_dags/example_latest_only_with_trigger.py took 0.055 seconds
[2023-05-10T18:52:58.831+0000] {processor.py:153} INFO - Started process (PID=1692) to work on /home/airflow/.local/lib/python3.7/site-packages/airflow/example_dags/example_latest_only_with_trigger.py
[2023-05-10T18:52:58.832+0000] {processor.py:743} INFO - Processing file /home/airflow/.local/lib/python3.7/site-packages/airflow/example_dags/example_latest_only_with_trigger.py for tasks to queue
[2023-05-10T18:52:58.833+0000] {logging_mixin.py:137} INFO - [2023-05-10T18:52:58.833+0000] {dagbag.py:538} INFO - Filling up the DagBag from /home/airflow/.local/lib/python3.7/site-packages/airflow/example_dags/example_latest_only_with_trigger.py
[2023-05-10T18:52:58.842+0000] {processor.py:753} INFO - DAG(s) dict_keys(['latest_only_with_trigger']) retrieved from /home/airflow/.local/lib/python3.7/site-packages/airflow/example_dags/example_latest_only_with_trigger.py
[2023-05-10T18:52:58.859+0000] {logging_mixin.py:137} INFO - [2023-05-10T18:52:58.858+0000] {dag.py:2690} INFO - Sync 1 DAGs
[2023-05-10T18:52:58.871+0000] {logging_mixin.py:137} INFO - [2023-05-10T18:52:58.871+0000] {dag.py:3441} INFO - Setting next_dagrun for latest_only_with_trigger to 2023-05-10T14:52:58.871648+00:00, run_after=2023-05-10T18:52:58.871648+00:00
[2023-05-10T18:52:58.881+0000] {processor.py:175} INFO - Processing /home/airflow/.local/lib/python3.7/site-packages/airflow/example_dags/example_latest_only_with_trigger.py took 0.053 seconds
[2023-05-10T18:53:29.632+0000] {processor.py:153} INFO - Started process (PID=1767) to work on /home/airflow/.local/lib/python3.7/site-packages/airflow/example_dags/example_latest_only_with_trigger.py
[2023-05-10T18:53:29.633+0000] {processor.py:743} INFO - Processing file /home/airflow/.local/lib/python3.7/site-packages/airflow/example_dags/example_latest_only_with_trigger.py for tasks to queue
[2023-05-10T18:53:29.634+0000] {logging_mixin.py:137} INFO - [2023-05-10T18:53:29.633+0000] {dagbag.py:538} INFO - Filling up the DagBag from /home/airflow/.local/lib/python3.7/site-packages/airflow/example_dags/example_latest_only_with_trigger.py
[2023-05-10T18:53:29.643+0000] {processor.py:753} INFO - DAG(s) dict_keys(['latest_only_with_trigger']) retrieved from /home/airflow/.local/lib/python3.7/site-packages/airflow/example_dags/example_latest_only_with_trigger.py
[2023-05-10T18:53:29.659+0000] {logging_mixin.py:137} INFO - [2023-05-10T18:53:29.659+0000] {dag.py:2690} INFO - Sync 1 DAGs
[2023-05-10T18:53:29.673+0000] {logging_mixin.py:137} INFO - [2023-05-10T18:53:29.673+0000] {dag.py:3441} INFO - Setting next_dagrun for latest_only_with_trigger to 2023-05-10T14:53:29.672906+00:00, run_after=2023-05-10T18:53:29.672906+00:00
[2023-05-10T18:53:29.681+0000] {processor.py:175} INFO - Processing /home/airflow/.local/lib/python3.7/site-packages/airflow/example_dags/example_latest_only_with_trigger.py took 0.052 seconds
[2023-05-10T18:54:00.460+0000] {processor.py:153} INFO - Started process (PID=1829) to work on /home/airflow/.local/lib/python3.7/site-packages/airflow/example_dags/example_latest_only_with_trigger.py
[2023-05-10T18:54:00.461+0000] {processor.py:743} INFO - Processing file /home/airflow/.local/lib/python3.7/site-packages/airflow/example_dags/example_latest_only_with_trigger.py for tasks to queue
[2023-05-10T18:54:00.461+0000] {logging_mixin.py:137} INFO - [2023-05-10T18:54:00.461+0000] {dagbag.py:538} INFO - Filling up the DagBag from /home/airflow/.local/lib/python3.7/site-packages/airflow/example_dags/example_latest_only_with_trigger.py
[2023-05-10T18:54:00.470+0000] {processor.py:753} INFO - DAG(s) dict_keys(['latest_only_with_trigger']) retrieved from /home/airflow/.local/lib/python3.7/site-packages/airflow/example_dags/example_latest_only_with_trigger.py
[2023-05-10T18:54:00.487+0000] {logging_mixin.py:137} INFO - [2023-05-10T18:54:00.487+0000] {dag.py:2690} INFO - Sync 1 DAGs
[2023-05-10T18:54:00.500+0000] {logging_mixin.py:137} INFO - [2023-05-10T18:54:00.500+0000] {dag.py:3441} INFO - Setting next_dagrun for latest_only_with_trigger to 2023-05-10T14:54:00.500401+00:00, run_after=2023-05-10T18:54:00.500401+00:00
[2023-05-10T18:54:00.509+0000] {processor.py:175} INFO - Processing /home/airflow/.local/lib/python3.7/site-packages/airflow/example_dags/example_latest_only_with_trigger.py took 0.052 seconds
[2023-05-10T18:54:31.190+0000] {processor.py:153} INFO - Started process (PID=1905) to work on /home/airflow/.local/lib/python3.7/site-packages/airflow/example_dags/example_latest_only_with_trigger.py
[2023-05-10T18:54:31.191+0000] {processor.py:743} INFO - Processing file /home/airflow/.local/lib/python3.7/site-packages/airflow/example_dags/example_latest_only_with_trigger.py for tasks to queue
[2023-05-10T18:54:31.192+0000] {logging_mixin.py:137} INFO - [2023-05-10T18:54:31.192+0000] {dagbag.py:538} INFO - Filling up the DagBag from /home/airflow/.local/lib/python3.7/site-packages/airflow/example_dags/example_latest_only_with_trigger.py
[2023-05-10T18:54:31.201+0000] {processor.py:753} INFO - DAG(s) dict_keys(['latest_only_with_trigger']) retrieved from /home/airflow/.local/lib/python3.7/site-packages/airflow/example_dags/example_latest_only_with_trigger.py
[2023-05-10T18:54:31.218+0000] {logging_mixin.py:137} INFO - [2023-05-10T18:54:31.218+0000] {dag.py:2690} INFO - Sync 1 DAGs
[2023-05-10T18:54:31.231+0000] {logging_mixin.py:137} INFO - [2023-05-10T18:54:31.231+0000] {dag.py:3441} INFO - Setting next_dagrun for latest_only_with_trigger to 2023-05-10T14:54:31.231221+00:00, run_after=2023-05-10T18:54:31.231221+00:00
[2023-05-10T18:54:31.239+0000] {processor.py:175} INFO - Processing /home/airflow/.local/lib/python3.7/site-packages/airflow/example_dags/example_latest_only_with_trigger.py took 0.051 seconds
[2023-05-10T18:55:01.922+0000] {processor.py:153} INFO - Started process (PID=1980) to work on /home/airflow/.local/lib/python3.7/site-packages/airflow/example_dags/example_latest_only_with_trigger.py
[2023-05-10T18:55:01.923+0000] {processor.py:743} INFO - Processing file /home/airflow/.local/lib/python3.7/site-packages/airflow/example_dags/example_latest_only_with_trigger.py for tasks to queue
[2023-05-10T18:55:01.923+0000] {logging_mixin.py:137} INFO - [2023-05-10T18:55:01.923+0000] {dagbag.py:538} INFO - Filling up the DagBag from /home/airflow/.local/lib/python3.7/site-packages/airflow/example_dags/example_latest_only_with_trigger.py
[2023-05-10T18:55:01.934+0000] {processor.py:753} INFO - DAG(s) dict_keys(['latest_only_with_trigger']) retrieved from /home/airflow/.local/lib/python3.7/site-packages/airflow/example_dags/example_latest_only_with_trigger.py
[2023-05-10T18:55:01.953+0000] {logging_mixin.py:137} INFO - [2023-05-10T18:55:01.952+0000] {dag.py:2690} INFO - Sync 1 DAGs
[2023-05-10T18:55:01.968+0000] {logging_mixin.py:137} INFO - [2023-05-10T18:55:01.968+0000] {dag.py:3441} INFO - Setting next_dagrun for latest_only_with_trigger to 2023-05-10T14:55:01.967860+00:00, run_after=2023-05-10T18:55:01.967860+00:00
[2023-05-10T18:55:01.987+0000] {processor.py:175} INFO - Processing /home/airflow/.local/lib/python3.7/site-packages/airflow/example_dags/example_latest_only_with_trigger.py took 0.069 seconds
