[2023-05-10T17:37:13.495+0000] {processor.py:153} INFO - Started process (PID=57) to work on /home/airflow/.local/lib/python3.7/site-packages/airflow/example_dags/example_nested_branch_dag.py
[2023-05-10T17:37:13.496+0000] {processor.py:743} INFO - Processing file /home/airflow/.local/lib/python3.7/site-packages/airflow/example_dags/example_nested_branch_dag.py for tasks to queue
[2023-05-10T17:37:13.497+0000] {logging_mixin.py:137} INFO - [2023-05-10T17:37:13.497+0000] {dagbag.py:538} INFO - Filling up the DagBag from /home/airflow/.local/lib/python3.7/site-packages/airflow/example_dags/example_nested_branch_dag.py
[2023-05-10T17:37:13.513+0000] {processor.py:753} INFO - DAG(s) dict_keys(['example_nested_branch_dag']) retrieved from /home/airflow/.local/lib/python3.7/site-packages/airflow/example_dags/example_nested_branch_dag.py
[2023-05-10T17:37:13.575+0000] {logging_mixin.py:137} INFO - [2023-05-10T17:37:13.575+0000] {manager.py:504} INFO - Created Permission View: can edit on DAG:example_nested_branch_dag
[2023-05-10T17:37:13.582+0000] {logging_mixin.py:137} INFO - [2023-05-10T17:37:13.582+0000] {manager.py:504} INFO - Created Permission View: can read on DAG:example_nested_branch_dag
[2023-05-10T17:37:13.587+0000] {logging_mixin.py:137} INFO - [2023-05-10T17:37:13.587+0000] {manager.py:504} INFO - Created Permission View: can delete on DAG:example_nested_branch_dag
[2023-05-10T17:37:13.588+0000] {logging_mixin.py:137} INFO - [2023-05-10T17:37:13.588+0000] {dag.py:2690} INFO - Sync 1 DAGs
[2023-05-10T17:37:13.597+0000] {logging_mixin.py:137} INFO - [2023-05-10T17:37:13.597+0000] {dag.py:2711} INFO - Creating ORM DAG for example_nested_branch_dag
[2023-05-10T17:37:13.604+0000] {logging_mixin.py:137} INFO - [2023-05-10T17:37:13.604+0000] {dag.py:3441} INFO - Setting next_dagrun for example_nested_branch_dag to 2023-05-09T00:00:00+00:00, run_after=2023-05-10T00:00:00+00:00
[2023-05-10T17:37:13.634+0000] {processor.py:175} INFO - Processing /home/airflow/.local/lib/python3.7/site-packages/airflow/example_dags/example_nested_branch_dag.py took 0.142 seconds
[2023-05-10T17:37:44.460+0000] {processor.py:153} INFO - Started process (PID=131) to work on /home/airflow/.local/lib/python3.7/site-packages/airflow/example_dags/example_nested_branch_dag.py
[2023-05-10T17:37:44.462+0000] {processor.py:743} INFO - Processing file /home/airflow/.local/lib/python3.7/site-packages/airflow/example_dags/example_nested_branch_dag.py for tasks to queue
[2023-05-10T17:37:44.464+0000] {logging_mixin.py:137} INFO - [2023-05-10T17:37:44.464+0000] {dagbag.py:538} INFO - Filling up the DagBag from /home/airflow/.local/lib/python3.7/site-packages/airflow/example_dags/example_nested_branch_dag.py
[2023-05-10T17:37:44.485+0000] {processor.py:753} INFO - DAG(s) dict_keys(['example_nested_branch_dag']) retrieved from /home/airflow/.local/lib/python3.7/site-packages/airflow/example_dags/example_nested_branch_dag.py
[2023-05-10T17:37:44.518+0000] {logging_mixin.py:137} INFO - [2023-05-10T17:37:44.518+0000] {dag.py:2690} INFO - Sync 1 DAGs
[2023-05-10T17:37:44.544+0000] {logging_mixin.py:137} INFO - [2023-05-10T17:37:44.544+0000] {dag.py:3441} INFO - Setting next_dagrun for example_nested_branch_dag to 2023-05-09T00:00:00+00:00, run_after=2023-05-10T00:00:00+00:00
[2023-05-10T17:37:44.574+0000] {processor.py:175} INFO - Processing /home/airflow/.local/lib/python3.7/site-packages/airflow/example_dags/example_nested_branch_dag.py took 0.119 seconds
[2023-05-10T17:38:15.789+0000] {processor.py:153} INFO - Started process (PID=204) to work on /home/airflow/.local/lib/python3.7/site-packages/airflow/example_dags/example_nested_branch_dag.py
[2023-05-10T17:38:15.791+0000] {processor.py:743} INFO - Processing file /home/airflow/.local/lib/python3.7/site-packages/airflow/example_dags/example_nested_branch_dag.py for tasks to queue
[2023-05-10T17:38:15.792+0000] {logging_mixin.py:137} INFO - [2023-05-10T17:38:15.792+0000] {dagbag.py:538} INFO - Filling up the DagBag from /home/airflow/.local/lib/python3.7/site-packages/airflow/example_dags/example_nested_branch_dag.py
[2023-05-10T17:38:15.821+0000] {processor.py:753} INFO - DAG(s) dict_keys(['example_nested_branch_dag']) retrieved from /home/airflow/.local/lib/python3.7/site-packages/airflow/example_dags/example_nested_branch_dag.py
[2023-05-10T17:38:15.868+0000] {logging_mixin.py:137} INFO - [2023-05-10T17:38:15.868+0000] {dag.py:2690} INFO - Sync 1 DAGs
[2023-05-10T17:38:15.891+0000] {logging_mixin.py:137} INFO - [2023-05-10T17:38:15.891+0000] {dag.py:3441} INFO - Setting next_dagrun for example_nested_branch_dag to 2023-05-09T00:00:00+00:00, run_after=2023-05-10T00:00:00+00:00
[2023-05-10T17:38:15.920+0000] {processor.py:175} INFO - Processing /home/airflow/.local/lib/python3.7/site-packages/airflow/example_dags/example_nested_branch_dag.py took 0.135 seconds
[2023-05-10T17:38:46.271+0000] {processor.py:153} INFO - Started process (PID=271) to work on /home/airflow/.local/lib/python3.7/site-packages/airflow/example_dags/example_nested_branch_dag.py
[2023-05-10T17:38:46.271+0000] {processor.py:743} INFO - Processing file /home/airflow/.local/lib/python3.7/site-packages/airflow/example_dags/example_nested_branch_dag.py for tasks to queue
[2023-05-10T17:38:46.272+0000] {logging_mixin.py:137} INFO - [2023-05-10T17:38:46.272+0000] {dagbag.py:538} INFO - Filling up the DagBag from /home/airflow/.local/lib/python3.7/site-packages/airflow/example_dags/example_nested_branch_dag.py
[2023-05-10T17:38:46.285+0000] {processor.py:753} INFO - DAG(s) dict_keys(['example_nested_branch_dag']) retrieved from /home/airflow/.local/lib/python3.7/site-packages/airflow/example_dags/example_nested_branch_dag.py
[2023-05-10T17:38:46.302+0000] {logging_mixin.py:137} INFO - [2023-05-10T17:38:46.302+0000] {dag.py:2690} INFO - Sync 1 DAGs
[2023-05-10T17:38:46.315+0000] {logging_mixin.py:137} INFO - [2023-05-10T17:38:46.315+0000] {dag.py:3441} INFO - Setting next_dagrun for example_nested_branch_dag to 2023-05-09T00:00:00+00:00, run_after=2023-05-10T00:00:00+00:00
[2023-05-10T17:38:46.323+0000] {processor.py:175} INFO - Processing /home/airflow/.local/lib/python3.7/site-packages/airflow/example_dags/example_nested_branch_dag.py took 0.055 seconds
[2023-05-10T17:39:17.280+0000] {processor.py:153} INFO - Started process (PID=347) to work on /home/airflow/.local/lib/python3.7/site-packages/airflow/example_dags/example_nested_branch_dag.py
[2023-05-10T17:39:17.282+0000] {processor.py:743} INFO - Processing file /home/airflow/.local/lib/python3.7/site-packages/airflow/example_dags/example_nested_branch_dag.py for tasks to queue
[2023-05-10T17:39:17.283+0000] {logging_mixin.py:137} INFO - [2023-05-10T17:39:17.283+0000] {dagbag.py:538} INFO - Filling up the DagBag from /home/airflow/.local/lib/python3.7/site-packages/airflow/example_dags/example_nested_branch_dag.py
[2023-05-10T17:39:17.298+0000] {processor.py:753} INFO - DAG(s) dict_keys(['example_nested_branch_dag']) retrieved from /home/airflow/.local/lib/python3.7/site-packages/airflow/example_dags/example_nested_branch_dag.py
[2023-05-10T17:39:17.319+0000] {logging_mixin.py:137} INFO - [2023-05-10T17:39:17.319+0000] {dag.py:2690} INFO - Sync 1 DAGs
[2023-05-10T17:39:17.333+0000] {logging_mixin.py:137} INFO - [2023-05-10T17:39:17.333+0000] {dag.py:3441} INFO - Setting next_dagrun for example_nested_branch_dag to 2023-05-09T00:00:00+00:00, run_after=2023-05-10T00:00:00+00:00
[2023-05-10T17:39:17.342+0000] {processor.py:175} INFO - Processing /home/airflow/.local/lib/python3.7/site-packages/airflow/example_dags/example_nested_branch_dag.py took 0.064 seconds
[2023-05-10T17:39:48.245+0000] {processor.py:153} INFO - Started process (PID=421) to work on /home/airflow/.local/lib/python3.7/site-packages/airflow/example_dags/example_nested_branch_dag.py
[2023-05-10T17:39:48.245+0000] {processor.py:743} INFO - Processing file /home/airflow/.local/lib/python3.7/site-packages/airflow/example_dags/example_nested_branch_dag.py for tasks to queue
[2023-05-10T17:39:48.246+0000] {logging_mixin.py:137} INFO - [2023-05-10T17:39:48.246+0000] {dagbag.py:538} INFO - Filling up the DagBag from /home/airflow/.local/lib/python3.7/site-packages/airflow/example_dags/example_nested_branch_dag.py
[2023-05-10T17:39:48.261+0000] {processor.py:753} INFO - DAG(s) dict_keys(['example_nested_branch_dag']) retrieved from /home/airflow/.local/lib/python3.7/site-packages/airflow/example_dags/example_nested_branch_dag.py
[2023-05-10T17:39:48.277+0000] {logging_mixin.py:137} INFO - [2023-05-10T17:39:48.277+0000] {dag.py:2690} INFO - Sync 1 DAGs
[2023-05-10T17:39:48.292+0000] {logging_mixin.py:137} INFO - [2023-05-10T17:39:48.291+0000] {dag.py:3441} INFO - Setting next_dagrun for example_nested_branch_dag to 2023-05-09T00:00:00+00:00, run_after=2023-05-10T00:00:00+00:00
[2023-05-10T17:39:48.300+0000] {processor.py:175} INFO - Processing /home/airflow/.local/lib/python3.7/site-packages/airflow/example_dags/example_nested_branch_dag.py took 0.058 seconds
[2023-05-10T17:40:19.161+0000] {processor.py:153} INFO - Started process (PID=498) to work on /home/airflow/.local/lib/python3.7/site-packages/airflow/example_dags/example_nested_branch_dag.py
[2023-05-10T17:40:19.162+0000] {processor.py:743} INFO - Processing file /home/airflow/.local/lib/python3.7/site-packages/airflow/example_dags/example_nested_branch_dag.py for tasks to queue
[2023-05-10T17:40:19.163+0000] {logging_mixin.py:137} INFO - [2023-05-10T17:40:19.163+0000] {dagbag.py:538} INFO - Filling up the DagBag from /home/airflow/.local/lib/python3.7/site-packages/airflow/example_dags/example_nested_branch_dag.py
[2023-05-10T17:40:19.181+0000] {processor.py:753} INFO - DAG(s) dict_keys(['example_nested_branch_dag']) retrieved from /home/airflow/.local/lib/python3.7/site-packages/airflow/example_dags/example_nested_branch_dag.py
[2023-05-10T17:40:19.200+0000] {logging_mixin.py:137} INFO - [2023-05-10T17:40:19.200+0000] {dag.py:2690} INFO - Sync 1 DAGs
[2023-05-10T17:40:19.215+0000] {logging_mixin.py:137} INFO - [2023-05-10T17:40:19.215+0000] {dag.py:3441} INFO - Setting next_dagrun for example_nested_branch_dag to 2023-05-09T00:00:00+00:00, run_after=2023-05-10T00:00:00+00:00
[2023-05-10T17:40:19.225+0000] {processor.py:175} INFO - Processing /home/airflow/.local/lib/python3.7/site-packages/airflow/example_dags/example_nested_branch_dag.py took 0.069 seconds
[2023-05-10T17:40:50.044+0000] {processor.py:153} INFO - Started process (PID=561) to work on /home/airflow/.local/lib/python3.7/site-packages/airflow/example_dags/example_nested_branch_dag.py
[2023-05-10T17:40:50.045+0000] {processor.py:743} INFO - Processing file /home/airflow/.local/lib/python3.7/site-packages/airflow/example_dags/example_nested_branch_dag.py for tasks to queue
[2023-05-10T17:40:50.046+0000] {logging_mixin.py:137} INFO - [2023-05-10T17:40:50.046+0000] {dagbag.py:538} INFO - Filling up the DagBag from /home/airflow/.local/lib/python3.7/site-packages/airflow/example_dags/example_nested_branch_dag.py
[2023-05-10T17:40:50.060+0000] {processor.py:753} INFO - DAG(s) dict_keys(['example_nested_branch_dag']) retrieved from /home/airflow/.local/lib/python3.7/site-packages/airflow/example_dags/example_nested_branch_dag.py
[2023-05-10T17:40:50.076+0000] {logging_mixin.py:137} INFO - [2023-05-10T17:40:50.076+0000] {dag.py:2690} INFO - Sync 1 DAGs
[2023-05-10T17:40:50.090+0000] {logging_mixin.py:137} INFO - [2023-05-10T17:40:50.090+0000] {dag.py:3441} INFO - Setting next_dagrun for example_nested_branch_dag to 2023-05-09T00:00:00+00:00, run_after=2023-05-10T00:00:00+00:00
[2023-05-10T17:40:50.099+0000] {processor.py:175} INFO - Processing /home/airflow/.local/lib/python3.7/site-packages/airflow/example_dags/example_nested_branch_dag.py took 0.058 seconds
[2023-05-10T17:41:20.216+0000] {processor.py:153} INFO - Started process (PID=638) to work on /home/airflow/.local/lib/python3.7/site-packages/airflow/example_dags/example_nested_branch_dag.py
[2023-05-10T17:41:20.216+0000] {processor.py:743} INFO - Processing file /home/airflow/.local/lib/python3.7/site-packages/airflow/example_dags/example_nested_branch_dag.py for tasks to queue
[2023-05-10T17:41:20.217+0000] {logging_mixin.py:137} INFO - [2023-05-10T17:41:20.217+0000] {dagbag.py:538} INFO - Filling up the DagBag from /home/airflow/.local/lib/python3.7/site-packages/airflow/example_dags/example_nested_branch_dag.py
[2023-05-10T17:41:20.231+0000] {processor.py:753} INFO - DAG(s) dict_keys(['example_nested_branch_dag']) retrieved from /home/airflow/.local/lib/python3.7/site-packages/airflow/example_dags/example_nested_branch_dag.py
[2023-05-10T17:41:20.248+0000] {logging_mixin.py:137} INFO - [2023-05-10T17:41:20.248+0000] {dag.py:2690} INFO - Sync 1 DAGs
[2023-05-10T17:41:20.261+0000] {logging_mixin.py:137} INFO - [2023-05-10T17:41:20.261+0000] {dag.py:3441} INFO - Setting next_dagrun for example_nested_branch_dag to 2023-05-09T00:00:00+00:00, run_after=2023-05-10T00:00:00+00:00
[2023-05-10T17:41:20.271+0000] {processor.py:175} INFO - Processing /home/airflow/.local/lib/python3.7/site-packages/airflow/example_dags/example_nested_branch_dag.py took 0.057 seconds
[2023-05-10T17:56:36.985+0000] {processor.py:153} INFO - Started process (PID=689) to work on /home/airflow/.local/lib/python3.7/site-packages/airflow/example_dags/example_nested_branch_dag.py
[2023-05-10T17:56:36.989+0000] {processor.py:743} INFO - Processing file /home/airflow/.local/lib/python3.7/site-packages/airflow/example_dags/example_nested_branch_dag.py for tasks to queue
[2023-05-10T17:56:36.990+0000] {logging_mixin.py:137} INFO - [2023-05-10T17:56:36.990+0000] {dagbag.py:538} INFO - Filling up the DagBag from /home/airflow/.local/lib/python3.7/site-packages/airflow/example_dags/example_nested_branch_dag.py
[2023-05-10T17:56:37.032+0000] {processor.py:753} INFO - DAG(s) dict_keys(['example_nested_branch_dag']) retrieved from /home/airflow/.local/lib/python3.7/site-packages/airflow/example_dags/example_nested_branch_dag.py
[2023-05-10T17:56:37.074+0000] {logging_mixin.py:137} INFO - [2023-05-10T17:56:37.074+0000] {dag.py:2690} INFO - Sync 1 DAGs
[2023-05-10T17:56:37.104+0000] {logging_mixin.py:137} INFO - [2023-05-10T17:56:37.104+0000] {dag.py:3441} INFO - Setting next_dagrun for example_nested_branch_dag to 2023-05-09T00:00:00+00:00, run_after=2023-05-10T00:00:00+00:00
[2023-05-10T17:56:37.127+0000] {processor.py:175} INFO - Processing /home/airflow/.local/lib/python3.7/site-packages/airflow/example_dags/example_nested_branch_dag.py took 0.155 seconds
[2023-05-10T18:14:19.416+0000] {processor.py:153} INFO - Started process (PID=765) to work on /home/airflow/.local/lib/python3.7/site-packages/airflow/example_dags/example_nested_branch_dag.py
[2023-05-10T18:14:19.417+0000] {processor.py:743} INFO - Processing file /home/airflow/.local/lib/python3.7/site-packages/airflow/example_dags/example_nested_branch_dag.py for tasks to queue
[2023-05-10T18:14:19.417+0000] {logging_mixin.py:137} INFO - [2023-05-10T18:14:19.417+0000] {dagbag.py:538} INFO - Filling up the DagBag from /home/airflow/.local/lib/python3.7/site-packages/airflow/example_dags/example_nested_branch_dag.py
[2023-05-10T18:14:19.432+0000] {processor.py:753} INFO - DAG(s) dict_keys(['example_nested_branch_dag']) retrieved from /home/airflow/.local/lib/python3.7/site-packages/airflow/example_dags/example_nested_branch_dag.py
[2023-05-10T18:14:19.448+0000] {logging_mixin.py:137} INFO - [2023-05-10T18:14:19.448+0000] {dag.py:2690} INFO - Sync 1 DAGs
[2023-05-10T18:14:19.462+0000] {logging_mixin.py:137} INFO - [2023-05-10T18:14:19.462+0000] {dag.py:3441} INFO - Setting next_dagrun for example_nested_branch_dag to 2023-05-09T00:00:00+00:00, run_after=2023-05-10T00:00:00+00:00
[2023-05-10T18:14:19.471+0000] {processor.py:175} INFO - Processing /home/airflow/.local/lib/python3.7/site-packages/airflow/example_dags/example_nested_branch_dag.py took 0.057 seconds
[2023-05-10T18:14:50.013+0000] {processor.py:153} INFO - Started process (PID=828) to work on /home/airflow/.local/lib/python3.7/site-packages/airflow/example_dags/example_nested_branch_dag.py
[2023-05-10T18:14:50.014+0000] {processor.py:743} INFO - Processing file /home/airflow/.local/lib/python3.7/site-packages/airflow/example_dags/example_nested_branch_dag.py for tasks to queue
[2023-05-10T18:14:50.015+0000] {logging_mixin.py:137} INFO - [2023-05-10T18:14:50.014+0000] {dagbag.py:538} INFO - Filling up the DagBag from /home/airflow/.local/lib/python3.7/site-packages/airflow/example_dags/example_nested_branch_dag.py
[2023-05-10T18:14:50.029+0000] {processor.py:753} INFO - DAG(s) dict_keys(['example_nested_branch_dag']) retrieved from /home/airflow/.local/lib/python3.7/site-packages/airflow/example_dags/example_nested_branch_dag.py
[2023-05-10T18:14:50.046+0000] {logging_mixin.py:137} INFO - [2023-05-10T18:14:50.046+0000] {dag.py:2690} INFO - Sync 1 DAGs
[2023-05-10T18:14:50.059+0000] {logging_mixin.py:137} INFO - [2023-05-10T18:14:50.059+0000] {dag.py:3441} INFO - Setting next_dagrun for example_nested_branch_dag to 2023-05-09T00:00:00+00:00, run_after=2023-05-10T00:00:00+00:00
[2023-05-10T18:14:50.068+0000] {processor.py:175} INFO - Processing /home/airflow/.local/lib/python3.7/site-packages/airflow/example_dags/example_nested_branch_dag.py took 0.057 seconds
[2023-05-10T18:30:29.905+0000] {processor.py:153} INFO - Started process (PID=905) to work on /home/airflow/.local/lib/python3.7/site-packages/airflow/example_dags/example_nested_branch_dag.py
[2023-05-10T18:30:29.906+0000] {processor.py:743} INFO - Processing file /home/airflow/.local/lib/python3.7/site-packages/airflow/example_dags/example_nested_branch_dag.py for tasks to queue
[2023-05-10T18:30:29.907+0000] {logging_mixin.py:137} INFO - [2023-05-10T18:30:29.906+0000] {dagbag.py:538} INFO - Filling up the DagBag from /home/airflow/.local/lib/python3.7/site-packages/airflow/example_dags/example_nested_branch_dag.py
[2023-05-10T18:30:29.921+0000] {processor.py:753} INFO - DAG(s) dict_keys(['example_nested_branch_dag']) retrieved from /home/airflow/.local/lib/python3.7/site-packages/airflow/example_dags/example_nested_branch_dag.py
[2023-05-10T18:30:29.939+0000] {logging_mixin.py:137} INFO - [2023-05-10T18:30:29.939+0000] {dag.py:2690} INFO - Sync 1 DAGs
[2023-05-10T18:30:29.954+0000] {logging_mixin.py:137} INFO - [2023-05-10T18:30:29.954+0000] {dag.py:3441} INFO - Setting next_dagrun for example_nested_branch_dag to 2023-05-09T00:00:00+00:00, run_after=2023-05-10T00:00:00+00:00
[2023-05-10T18:30:29.963+0000] {processor.py:175} INFO - Processing /home/airflow/.local/lib/python3.7/site-packages/airflow/example_dags/example_nested_branch_dag.py took 0.061 seconds
[2023-05-10T18:31:00.798+0000] {processor.py:153} INFO - Started process (PID=981) to work on /home/airflow/.local/lib/python3.7/site-packages/airflow/example_dags/example_nested_branch_dag.py
[2023-05-10T18:31:00.799+0000] {processor.py:743} INFO - Processing file /home/airflow/.local/lib/python3.7/site-packages/airflow/example_dags/example_nested_branch_dag.py for tasks to queue
[2023-05-10T18:31:00.799+0000] {logging_mixin.py:137} INFO - [2023-05-10T18:31:00.799+0000] {dagbag.py:538} INFO - Filling up the DagBag from /home/airflow/.local/lib/python3.7/site-packages/airflow/example_dags/example_nested_branch_dag.py
[2023-05-10T18:31:00.813+0000] {processor.py:753} INFO - DAG(s) dict_keys(['example_nested_branch_dag']) retrieved from /home/airflow/.local/lib/python3.7/site-packages/airflow/example_dags/example_nested_branch_dag.py
[2023-05-10T18:31:00.830+0000] {logging_mixin.py:137} INFO - [2023-05-10T18:31:00.830+0000] {dag.py:2690} INFO - Sync 1 DAGs
[2023-05-10T18:31:00.843+0000] {logging_mixin.py:137} INFO - [2023-05-10T18:31:00.843+0000] {dag.py:3441} INFO - Setting next_dagrun for example_nested_branch_dag to 2023-05-09T00:00:00+00:00, run_after=2023-05-10T00:00:00+00:00
[2023-05-10T18:31:00.852+0000] {processor.py:175} INFO - Processing /home/airflow/.local/lib/python3.7/site-packages/airflow/example_dags/example_nested_branch_dag.py took 0.056 seconds
[2023-05-10T18:47:37.248+0000] {processor.py:153} INFO - Started process (PID=1045) to work on /home/airflow/.local/lib/python3.7/site-packages/airflow/example_dags/example_nested_branch_dag.py
[2023-05-10T18:47:37.249+0000] {processor.py:743} INFO - Processing file /home/airflow/.local/lib/python3.7/site-packages/airflow/example_dags/example_nested_branch_dag.py for tasks to queue
[2023-05-10T18:47:37.249+0000] {logging_mixin.py:137} INFO - [2023-05-10T18:47:37.249+0000] {dagbag.py:538} INFO - Filling up the DagBag from /home/airflow/.local/lib/python3.7/site-packages/airflow/example_dags/example_nested_branch_dag.py
[2023-05-10T18:47:37.264+0000] {processor.py:753} INFO - DAG(s) dict_keys(['example_nested_branch_dag']) retrieved from /home/airflow/.local/lib/python3.7/site-packages/airflow/example_dags/example_nested_branch_dag.py
[2023-05-10T18:47:37.284+0000] {logging_mixin.py:137} INFO - [2023-05-10T18:47:37.284+0000] {dag.py:2690} INFO - Sync 1 DAGs
[2023-05-10T18:47:37.299+0000] {logging_mixin.py:137} INFO - [2023-05-10T18:47:37.299+0000] {dag.py:3441} INFO - Setting next_dagrun for example_nested_branch_dag to 2023-05-09T00:00:00+00:00, run_after=2023-05-10T00:00:00+00:00
[2023-05-10T18:47:37.308+0000] {processor.py:175} INFO - Processing /home/airflow/.local/lib/python3.7/site-packages/airflow/example_dags/example_nested_branch_dag.py took 0.063 seconds
[2023-05-10T18:48:08.065+0000] {processor.py:153} INFO - Started process (PID=1120) to work on /home/airflow/.local/lib/python3.7/site-packages/airflow/example_dags/example_nested_branch_dag.py
[2023-05-10T18:48:08.066+0000] {processor.py:743} INFO - Processing file /home/airflow/.local/lib/python3.7/site-packages/airflow/example_dags/example_nested_branch_dag.py for tasks to queue
[2023-05-10T18:48:08.066+0000] {logging_mixin.py:137} INFO - [2023-05-10T18:48:08.066+0000] {dagbag.py:538} INFO - Filling up the DagBag from /home/airflow/.local/lib/python3.7/site-packages/airflow/example_dags/example_nested_branch_dag.py
[2023-05-10T18:48:08.080+0000] {processor.py:753} INFO - DAG(s) dict_keys(['example_nested_branch_dag']) retrieved from /home/airflow/.local/lib/python3.7/site-packages/airflow/example_dags/example_nested_branch_dag.py
[2023-05-10T18:48:08.099+0000] {logging_mixin.py:137} INFO - [2023-05-10T18:48:08.099+0000] {dag.py:2690} INFO - Sync 1 DAGs
[2023-05-10T18:48:08.115+0000] {logging_mixin.py:137} INFO - [2023-05-10T18:48:08.115+0000] {dag.py:3441} INFO - Setting next_dagrun for example_nested_branch_dag to 2023-05-09T00:00:00+00:00, run_after=2023-05-10T00:00:00+00:00
[2023-05-10T18:48:08.124+0000] {processor.py:175} INFO - Processing /home/airflow/.local/lib/python3.7/site-packages/airflow/example_dags/example_nested_branch_dag.py took 0.062 seconds
[2023-05-10T18:49:23.256+0000] {processor.py:153} INFO - Started process (PID=1195) to work on /home/airflow/.local/lib/python3.7/site-packages/airflow/example_dags/example_nested_branch_dag.py
[2023-05-10T18:49:23.257+0000] {processor.py:743} INFO - Processing file /home/airflow/.local/lib/python3.7/site-packages/airflow/example_dags/example_nested_branch_dag.py for tasks to queue
[2023-05-10T18:49:23.257+0000] {logging_mixin.py:137} INFO - [2023-05-10T18:49:23.257+0000] {dagbag.py:538} INFO - Filling up the DagBag from /home/airflow/.local/lib/python3.7/site-packages/airflow/example_dags/example_nested_branch_dag.py
[2023-05-10T18:49:23.271+0000] {processor.py:753} INFO - DAG(s) dict_keys(['example_nested_branch_dag']) retrieved from /home/airflow/.local/lib/python3.7/site-packages/airflow/example_dags/example_nested_branch_dag.py
[2023-05-10T18:49:23.289+0000] {logging_mixin.py:137} INFO - [2023-05-10T18:49:23.289+0000] {dag.py:2690} INFO - Sync 1 DAGs
[2023-05-10T18:49:23.304+0000] {logging_mixin.py:137} INFO - [2023-05-10T18:49:23.303+0000] {dag.py:3441} INFO - Setting next_dagrun for example_nested_branch_dag to 2023-05-09T00:00:00+00:00, run_after=2023-05-10T00:00:00+00:00
[2023-05-10T18:49:23.312+0000] {processor.py:175} INFO - Processing /home/airflow/.local/lib/python3.7/site-packages/airflow/example_dags/example_nested_branch_dag.py took 0.058 seconds
[2023-05-10T18:49:53.953+0000] {processor.py:153} INFO - Started process (PID=1259) to work on /home/airflow/.local/lib/python3.7/site-packages/airflow/example_dags/example_nested_branch_dag.py
[2023-05-10T18:49:53.954+0000] {processor.py:743} INFO - Processing file /home/airflow/.local/lib/python3.7/site-packages/airflow/example_dags/example_nested_branch_dag.py for tasks to queue
[2023-05-10T18:49:53.955+0000] {logging_mixin.py:137} INFO - [2023-05-10T18:49:53.955+0000] {dagbag.py:538} INFO - Filling up the DagBag from /home/airflow/.local/lib/python3.7/site-packages/airflow/example_dags/example_nested_branch_dag.py
[2023-05-10T18:49:53.969+0000] {processor.py:753} INFO - DAG(s) dict_keys(['example_nested_branch_dag']) retrieved from /home/airflow/.local/lib/python3.7/site-packages/airflow/example_dags/example_nested_branch_dag.py
[2023-05-10T18:49:53.986+0000] {logging_mixin.py:137} INFO - [2023-05-10T18:49:53.986+0000] {dag.py:2690} INFO - Sync 1 DAGs
[2023-05-10T18:49:54.000+0000] {logging_mixin.py:137} INFO - [2023-05-10T18:49:53.999+0000] {dag.py:3441} INFO - Setting next_dagrun for example_nested_branch_dag to 2023-05-09T00:00:00+00:00, run_after=2023-05-10T00:00:00+00:00
[2023-05-10T18:49:54.009+0000] {processor.py:175} INFO - Processing /home/airflow/.local/lib/python3.7/site-packages/airflow/example_dags/example_nested_branch_dag.py took 0.058 seconds
[2023-05-10T18:50:24.760+0000] {processor.py:153} INFO - Started process (PID=1334) to work on /home/airflow/.local/lib/python3.7/site-packages/airflow/example_dags/example_nested_branch_dag.py
[2023-05-10T18:50:24.761+0000] {processor.py:743} INFO - Processing file /home/airflow/.local/lib/python3.7/site-packages/airflow/example_dags/example_nested_branch_dag.py for tasks to queue
[2023-05-10T18:50:24.762+0000] {logging_mixin.py:137} INFO - [2023-05-10T18:50:24.762+0000] {dagbag.py:538} INFO - Filling up the DagBag from /home/airflow/.local/lib/python3.7/site-packages/airflow/example_dags/example_nested_branch_dag.py
[2023-05-10T18:50:24.776+0000] {processor.py:753} INFO - DAG(s) dict_keys(['example_nested_branch_dag']) retrieved from /home/airflow/.local/lib/python3.7/site-packages/airflow/example_dags/example_nested_branch_dag.py
[2023-05-10T18:50:24.794+0000] {logging_mixin.py:137} INFO - [2023-05-10T18:50:24.794+0000] {dag.py:2690} INFO - Sync 1 DAGs
[2023-05-10T18:50:24.808+0000] {logging_mixin.py:137} INFO - [2023-05-10T18:50:24.808+0000] {dag.py:3441} INFO - Setting next_dagrun for example_nested_branch_dag to 2023-05-09T00:00:00+00:00, run_after=2023-05-10T00:00:00+00:00
[2023-05-10T18:50:24.816+0000] {processor.py:175} INFO - Processing /home/airflow/.local/lib/python3.7/site-packages/airflow/example_dags/example_nested_branch_dag.py took 0.058 seconds
[2023-05-10T18:50:55.592+0000] {processor.py:153} INFO - Started process (PID=1407) to work on /home/airflow/.local/lib/python3.7/site-packages/airflow/example_dags/example_nested_branch_dag.py
[2023-05-10T18:50:55.593+0000] {processor.py:743} INFO - Processing file /home/airflow/.local/lib/python3.7/site-packages/airflow/example_dags/example_nested_branch_dag.py for tasks to queue
[2023-05-10T18:50:55.594+0000] {logging_mixin.py:137} INFO - [2023-05-10T18:50:55.594+0000] {dagbag.py:538} INFO - Filling up the DagBag from /home/airflow/.local/lib/python3.7/site-packages/airflow/example_dags/example_nested_branch_dag.py
[2023-05-10T18:50:55.608+0000] {processor.py:753} INFO - DAG(s) dict_keys(['example_nested_branch_dag']) retrieved from /home/airflow/.local/lib/python3.7/site-packages/airflow/example_dags/example_nested_branch_dag.py
[2023-05-10T18:50:55.625+0000] {logging_mixin.py:137} INFO - [2023-05-10T18:50:55.625+0000] {dag.py:2690} INFO - Sync 1 DAGs
[2023-05-10T18:50:55.639+0000] {logging_mixin.py:137} INFO - [2023-05-10T18:50:55.639+0000] {dag.py:3441} INFO - Setting next_dagrun for example_nested_branch_dag to 2023-05-09T00:00:00+00:00, run_after=2023-05-10T00:00:00+00:00
[2023-05-10T18:50:55.649+0000] {processor.py:175} INFO - Processing /home/airflow/.local/lib/python3.7/site-packages/airflow/example_dags/example_nested_branch_dag.py took 0.060 seconds
[2023-05-10T18:51:26.342+0000] {processor.py:153} INFO - Started process (PID=1482) to work on /home/airflow/.local/lib/python3.7/site-packages/airflow/example_dags/example_nested_branch_dag.py
[2023-05-10T18:51:26.343+0000] {processor.py:743} INFO - Processing file /home/airflow/.local/lib/python3.7/site-packages/airflow/example_dags/example_nested_branch_dag.py for tasks to queue
[2023-05-10T18:51:26.344+0000] {logging_mixin.py:137} INFO - [2023-05-10T18:51:26.344+0000] {dagbag.py:538} INFO - Filling up the DagBag from /home/airflow/.local/lib/python3.7/site-packages/airflow/example_dags/example_nested_branch_dag.py
[2023-05-10T18:51:26.359+0000] {processor.py:753} INFO - DAG(s) dict_keys(['example_nested_branch_dag']) retrieved from /home/airflow/.local/lib/python3.7/site-packages/airflow/example_dags/example_nested_branch_dag.py
[2023-05-10T18:51:26.376+0000] {logging_mixin.py:137} INFO - [2023-05-10T18:51:26.376+0000] {dag.py:2690} INFO - Sync 1 DAGs
[2023-05-10T18:51:26.390+0000] {logging_mixin.py:137} INFO - [2023-05-10T18:51:26.390+0000] {dag.py:3441} INFO - Setting next_dagrun for example_nested_branch_dag to 2023-05-09T00:00:00+00:00, run_after=2023-05-10T00:00:00+00:00
[2023-05-10T18:51:26.400+0000] {processor.py:175} INFO - Processing /home/airflow/.local/lib/python3.7/site-packages/airflow/example_dags/example_nested_branch_dag.py took 0.060 seconds
[2023-05-10T18:51:57.160+0000] {processor.py:153} INFO - Started process (PID=1545) to work on /home/airflow/.local/lib/python3.7/site-packages/airflow/example_dags/example_nested_branch_dag.py
[2023-05-10T18:51:57.161+0000] {processor.py:743} INFO - Processing file /home/airflow/.local/lib/python3.7/site-packages/airflow/example_dags/example_nested_branch_dag.py for tasks to queue
[2023-05-10T18:51:57.162+0000] {logging_mixin.py:137} INFO - [2023-05-10T18:51:57.162+0000] {dagbag.py:538} INFO - Filling up the DagBag from /home/airflow/.local/lib/python3.7/site-packages/airflow/example_dags/example_nested_branch_dag.py
[2023-05-10T18:51:57.176+0000] {processor.py:753} INFO - DAG(s) dict_keys(['example_nested_branch_dag']) retrieved from /home/airflow/.local/lib/python3.7/site-packages/airflow/example_dags/example_nested_branch_dag.py
[2023-05-10T18:51:57.194+0000] {logging_mixin.py:137} INFO - [2023-05-10T18:51:57.194+0000] {dag.py:2690} INFO - Sync 1 DAGs
[2023-05-10T18:51:57.208+0000] {logging_mixin.py:137} INFO - [2023-05-10T18:51:57.208+0000] {dag.py:3441} INFO - Setting next_dagrun for example_nested_branch_dag to 2023-05-09T00:00:00+00:00, run_after=2023-05-10T00:00:00+00:00
[2023-05-10T18:51:57.217+0000] {processor.py:175} INFO - Processing /home/airflow/.local/lib/python3.7/site-packages/airflow/example_dags/example_nested_branch_dag.py took 0.059 seconds
[2023-05-10T18:52:28.072+0000] {processor.py:153} INFO - Started process (PID=1618) to work on /home/airflow/.local/lib/python3.7/site-packages/airflow/example_dags/example_nested_branch_dag.py
[2023-05-10T18:52:28.073+0000] {processor.py:743} INFO - Processing file /home/airflow/.local/lib/python3.7/site-packages/airflow/example_dags/example_nested_branch_dag.py for tasks to queue
[2023-05-10T18:52:28.074+0000] {logging_mixin.py:137} INFO - [2023-05-10T18:52:28.074+0000] {dagbag.py:538} INFO - Filling up the DagBag from /home/airflow/.local/lib/python3.7/site-packages/airflow/example_dags/example_nested_branch_dag.py
[2023-05-10T18:52:28.088+0000] {processor.py:753} INFO - DAG(s) dict_keys(['example_nested_branch_dag']) retrieved from /home/airflow/.local/lib/python3.7/site-packages/airflow/example_dags/example_nested_branch_dag.py
[2023-05-10T18:52:28.107+0000] {logging_mixin.py:137} INFO - [2023-05-10T18:52:28.107+0000] {dag.py:2690} INFO - Sync 1 DAGs
[2023-05-10T18:52:28.121+0000] {logging_mixin.py:137} INFO - [2023-05-10T18:52:28.121+0000] {dag.py:3441} INFO - Setting next_dagrun for example_nested_branch_dag to 2023-05-09T00:00:00+00:00, run_after=2023-05-10T00:00:00+00:00
[2023-05-10T18:52:28.129+0000] {processor.py:175} INFO - Processing /home/airflow/.local/lib/python3.7/site-packages/airflow/example_dags/example_nested_branch_dag.py took 0.060 seconds
[2023-05-10T18:52:58.861+0000] {processor.py:153} INFO - Started process (PID=1693) to work on /home/airflow/.local/lib/python3.7/site-packages/airflow/example_dags/example_nested_branch_dag.py
[2023-05-10T18:52:58.862+0000] {processor.py:743} INFO - Processing file /home/airflow/.local/lib/python3.7/site-packages/airflow/example_dags/example_nested_branch_dag.py for tasks to queue
[2023-05-10T18:52:58.863+0000] {logging_mixin.py:137} INFO - [2023-05-10T18:52:58.863+0000] {dagbag.py:538} INFO - Filling up the DagBag from /home/airflow/.local/lib/python3.7/site-packages/airflow/example_dags/example_nested_branch_dag.py
[2023-05-10T18:52:58.877+0000] {processor.py:753} INFO - DAG(s) dict_keys(['example_nested_branch_dag']) retrieved from /home/airflow/.local/lib/python3.7/site-packages/airflow/example_dags/example_nested_branch_dag.py
[2023-05-10T18:52:58.894+0000] {logging_mixin.py:137} INFO - [2023-05-10T18:52:58.894+0000] {dag.py:2690} INFO - Sync 1 DAGs
[2023-05-10T18:52:58.908+0000] {logging_mixin.py:137} INFO - [2023-05-10T18:52:58.908+0000] {dag.py:3441} INFO - Setting next_dagrun for example_nested_branch_dag to 2023-05-09T00:00:00+00:00, run_after=2023-05-10T00:00:00+00:00
[2023-05-10T18:52:58.917+0000] {processor.py:175} INFO - Processing /home/airflow/.local/lib/python3.7/site-packages/airflow/example_dags/example_nested_branch_dag.py took 0.059 seconds
[2023-05-10T18:53:29.664+0000] {processor.py:153} INFO - Started process (PID=1768) to work on /home/airflow/.local/lib/python3.7/site-packages/airflow/example_dags/example_nested_branch_dag.py
[2023-05-10T18:53:29.665+0000] {processor.py:743} INFO - Processing file /home/airflow/.local/lib/python3.7/site-packages/airflow/example_dags/example_nested_branch_dag.py for tasks to queue
[2023-05-10T18:53:29.665+0000] {logging_mixin.py:137} INFO - [2023-05-10T18:53:29.665+0000] {dagbag.py:538} INFO - Filling up the DagBag from /home/airflow/.local/lib/python3.7/site-packages/airflow/example_dags/example_nested_branch_dag.py
[2023-05-10T18:53:29.679+0000] {processor.py:753} INFO - DAG(s) dict_keys(['example_nested_branch_dag']) retrieved from /home/airflow/.local/lib/python3.7/site-packages/airflow/example_dags/example_nested_branch_dag.py
[2023-05-10T18:53:29.697+0000] {logging_mixin.py:137} INFO - [2023-05-10T18:53:29.697+0000] {dag.py:2690} INFO - Sync 1 DAGs
[2023-05-10T18:53:29.711+0000] {logging_mixin.py:137} INFO - [2023-05-10T18:53:29.711+0000] {dag.py:3441} INFO - Setting next_dagrun for example_nested_branch_dag to 2023-05-09T00:00:00+00:00, run_after=2023-05-10T00:00:00+00:00
[2023-05-10T18:53:29.719+0000] {processor.py:175} INFO - Processing /home/airflow/.local/lib/python3.7/site-packages/airflow/example_dags/example_nested_branch_dag.py took 0.059 seconds
[2023-05-10T18:54:00.490+0000] {processor.py:153} INFO - Started process (PID=1830) to work on /home/airflow/.local/lib/python3.7/site-packages/airflow/example_dags/example_nested_branch_dag.py
[2023-05-10T18:54:00.491+0000] {processor.py:743} INFO - Processing file /home/airflow/.local/lib/python3.7/site-packages/airflow/example_dags/example_nested_branch_dag.py for tasks to queue
[2023-05-10T18:54:00.491+0000] {logging_mixin.py:137} INFO - [2023-05-10T18:54:00.491+0000] {dagbag.py:538} INFO - Filling up the DagBag from /home/airflow/.local/lib/python3.7/site-packages/airflow/example_dags/example_nested_branch_dag.py
[2023-05-10T18:54:00.505+0000] {processor.py:753} INFO - DAG(s) dict_keys(['example_nested_branch_dag']) retrieved from /home/airflow/.local/lib/python3.7/site-packages/airflow/example_dags/example_nested_branch_dag.py
[2023-05-10T18:54:00.523+0000] {logging_mixin.py:137} INFO - [2023-05-10T18:54:00.523+0000] {dag.py:2690} INFO - Sync 1 DAGs
[2023-05-10T18:54:00.536+0000] {logging_mixin.py:137} INFO - [2023-05-10T18:54:00.536+0000] {dag.py:3441} INFO - Setting next_dagrun for example_nested_branch_dag to 2023-05-09T00:00:00+00:00, run_after=2023-05-10T00:00:00+00:00
[2023-05-10T18:54:00.545+0000] {processor.py:175} INFO - Processing /home/airflow/.local/lib/python3.7/site-packages/airflow/example_dags/example_nested_branch_dag.py took 0.058 seconds
[2023-05-10T18:54:31.234+0000] {processor.py:153} INFO - Started process (PID=1906) to work on /home/airflow/.local/lib/python3.7/site-packages/airflow/example_dags/example_nested_branch_dag.py
[2023-05-10T18:54:31.235+0000] {processor.py:743} INFO - Processing file /home/airflow/.local/lib/python3.7/site-packages/airflow/example_dags/example_nested_branch_dag.py for tasks to queue
[2023-05-10T18:54:31.236+0000] {logging_mixin.py:137} INFO - [2023-05-10T18:54:31.235+0000] {dagbag.py:538} INFO - Filling up the DagBag from /home/airflow/.local/lib/python3.7/site-packages/airflow/example_dags/example_nested_branch_dag.py
[2023-05-10T18:54:31.250+0000] {processor.py:753} INFO - DAG(s) dict_keys(['example_nested_branch_dag']) retrieved from /home/airflow/.local/lib/python3.7/site-packages/airflow/example_dags/example_nested_branch_dag.py
[2023-05-10T18:54:31.266+0000] {logging_mixin.py:137} INFO - [2023-05-10T18:54:31.266+0000] {dag.py:2690} INFO - Sync 1 DAGs
[2023-05-10T18:54:31.280+0000] {logging_mixin.py:137} INFO - [2023-05-10T18:54:31.280+0000] {dag.py:3441} INFO - Setting next_dagrun for example_nested_branch_dag to 2023-05-09T00:00:00+00:00, run_after=2023-05-10T00:00:00+00:00
[2023-05-10T18:54:31.289+0000] {processor.py:175} INFO - Processing /home/airflow/.local/lib/python3.7/site-packages/airflow/example_dags/example_nested_branch_dag.py took 0.058 seconds
[2023-05-10T18:55:01.967+0000] {processor.py:153} INFO - Started process (PID=1981) to work on /home/airflow/.local/lib/python3.7/site-packages/airflow/example_dags/example_nested_branch_dag.py
[2023-05-10T18:55:01.968+0000] {processor.py:743} INFO - Processing file /home/airflow/.local/lib/python3.7/site-packages/airflow/example_dags/example_nested_branch_dag.py for tasks to queue
[2023-05-10T18:55:01.969+0000] {logging_mixin.py:137} INFO - [2023-05-10T18:55:01.969+0000] {dagbag.py:538} INFO - Filling up the DagBag from /home/airflow/.local/lib/python3.7/site-packages/airflow/example_dags/example_nested_branch_dag.py
[2023-05-10T18:55:01.993+0000] {processor.py:753} INFO - DAG(s) dict_keys(['example_nested_branch_dag']) retrieved from /home/airflow/.local/lib/python3.7/site-packages/airflow/example_dags/example_nested_branch_dag.py
[2023-05-10T18:55:02.013+0000] {logging_mixin.py:137} INFO - [2023-05-10T18:55:02.013+0000] {dag.py:2690} INFO - Sync 1 DAGs
[2023-05-10T18:55:02.028+0000] {logging_mixin.py:137} INFO - [2023-05-10T18:55:02.028+0000] {dag.py:3441} INFO - Setting next_dagrun for example_nested_branch_dag to 2023-05-09T00:00:00+00:00, run_after=2023-05-10T00:00:00+00:00
[2023-05-10T18:55:02.037+0000] {processor.py:175} INFO - Processing /home/airflow/.local/lib/python3.7/site-packages/airflow/example_dags/example_nested_branch_dag.py took 0.072 seconds
