[2023-05-10T17:37:13.184+0000] {processor.py:153} INFO - Started process (PID=53) to work on /home/airflow/.local/lib/python3.7/site-packages/airflow/example_dags/example_skip_dag.py
[2023-05-10T17:37:13.185+0000] {processor.py:743} INFO - Processing file /home/airflow/.local/lib/python3.7/site-packages/airflow/example_dags/example_skip_dag.py for tasks to queue
[2023-05-10T17:37:13.186+0000] {logging_mixin.py:137} INFO - [2023-05-10T17:37:13.186+0000] {dagbag.py:538} INFO - Filling up the DagBag from /home/airflow/.local/lib/python3.7/site-packages/airflow/example_dags/example_skip_dag.py
[2023-05-10T17:37:13.195+0000] {processor.py:753} INFO - DAG(s) dict_keys(['example_skip_dag']) retrieved from /home/airflow/.local/lib/python3.7/site-packages/airflow/example_dags/example_skip_dag.py
[2023-05-10T17:37:13.269+0000] {logging_mixin.py:137} INFO - [2023-05-10T17:37:13.269+0000] {manager.py:504} INFO - Created Permission View: can edit on DAG:example_skip_dag
[2023-05-10T17:37:13.275+0000] {logging_mixin.py:137} INFO - [2023-05-10T17:37:13.275+0000] {manager.py:504} INFO - Created Permission View: can read on DAG:example_skip_dag
[2023-05-10T17:37:13.280+0000] {logging_mixin.py:137} INFO - [2023-05-10T17:37:13.280+0000] {manager.py:504} INFO - Created Permission View: can delete on DAG:example_skip_dag
[2023-05-10T17:37:13.280+0000] {logging_mixin.py:137} INFO - [2023-05-10T17:37:13.280+0000] {dag.py:2690} INFO - Sync 1 DAGs
[2023-05-10T17:37:13.289+0000] {logging_mixin.py:137} INFO - [2023-05-10T17:37:13.288+0000] {dag.py:2711} INFO - Creating ORM DAG for example_skip_dag
[2023-05-10T17:37:13.297+0000] {logging_mixin.py:137} INFO - [2023-05-10T17:37:13.296+0000] {dag.py:3441} INFO - Setting next_dagrun for example_skip_dag to 2023-05-09T17:37:13.296790+00:00, run_after=2023-05-10T17:37:13.296790+00:00
[2023-05-10T17:37:13.306+0000] {processor.py:175} INFO - Processing /home/airflow/.local/lib/python3.7/site-packages/airflow/example_dags/example_skip_dag.py took 0.125 seconds
[2023-05-10T17:37:44.194+0000] {processor.py:153} INFO - Started process (PID=127) to work on /home/airflow/.local/lib/python3.7/site-packages/airflow/example_dags/example_skip_dag.py
[2023-05-10T17:37:44.197+0000] {processor.py:743} INFO - Processing file /home/airflow/.local/lib/python3.7/site-packages/airflow/example_dags/example_skip_dag.py for tasks to queue
[2023-05-10T17:37:44.199+0000] {logging_mixin.py:137} INFO - [2023-05-10T17:37:44.199+0000] {dagbag.py:538} INFO - Filling up the DagBag from /home/airflow/.local/lib/python3.7/site-packages/airflow/example_dags/example_skip_dag.py
[2023-05-10T17:37:44.216+0000] {processor.py:753} INFO - DAG(s) dict_keys(['example_skip_dag']) retrieved from /home/airflow/.local/lib/python3.7/site-packages/airflow/example_dags/example_skip_dag.py
[2023-05-10T17:37:44.245+0000] {logging_mixin.py:137} INFO - [2023-05-10T17:37:44.245+0000] {dag.py:2690} INFO - Sync 1 DAGs
[2023-05-10T17:37:44.265+0000] {logging_mixin.py:137} INFO - [2023-05-10T17:37:44.265+0000] {dag.py:3441} INFO - Setting next_dagrun for example_skip_dag to 2023-05-09T17:37:44.265095+00:00, run_after=2023-05-10T17:37:44.265095+00:00
[2023-05-10T17:37:44.283+0000] {processor.py:175} INFO - Processing /home/airflow/.local/lib/python3.7/site-packages/airflow/example_dags/example_skip_dag.py took 0.095 seconds
[2023-05-10T17:38:15.474+0000] {processor.py:153} INFO - Started process (PID=200) to work on /home/airflow/.local/lib/python3.7/site-packages/airflow/example_dags/example_skip_dag.py
[2023-05-10T17:38:15.479+0000] {processor.py:743} INFO - Processing file /home/airflow/.local/lib/python3.7/site-packages/airflow/example_dags/example_skip_dag.py for tasks to queue
[2023-05-10T17:38:15.486+0000] {logging_mixin.py:137} INFO - [2023-05-10T17:38:15.485+0000] {dagbag.py:538} INFO - Filling up the DagBag from /home/airflow/.local/lib/python3.7/site-packages/airflow/example_dags/example_skip_dag.py
[2023-05-10T17:38:15.510+0000] {processor.py:753} INFO - DAG(s) dict_keys(['example_skip_dag']) retrieved from /home/airflow/.local/lib/python3.7/site-packages/airflow/example_dags/example_skip_dag.py
[2023-05-10T17:38:15.538+0000] {logging_mixin.py:137} INFO - [2023-05-10T17:38:15.538+0000] {dag.py:2690} INFO - Sync 1 DAGs
[2023-05-10T17:38:15.562+0000] {logging_mixin.py:137} INFO - [2023-05-10T17:38:15.562+0000] {dag.py:3441} INFO - Setting next_dagrun for example_skip_dag to 2023-05-09T17:38:15.561960+00:00, run_after=2023-05-10T17:38:15.561960+00:00
[2023-05-10T17:38:15.578+0000] {processor.py:175} INFO - Processing /home/airflow/.local/lib/python3.7/site-packages/airflow/example_dags/example_skip_dag.py took 0.109 seconds
[2023-05-10T17:38:46.130+0000] {processor.py:153} INFO - Started process (PID=267) to work on /home/airflow/.local/lib/python3.7/site-packages/airflow/example_dags/example_skip_dag.py
[2023-05-10T17:38:46.131+0000] {processor.py:743} INFO - Processing file /home/airflow/.local/lib/python3.7/site-packages/airflow/example_dags/example_skip_dag.py for tasks to queue
[2023-05-10T17:38:46.132+0000] {logging_mixin.py:137} INFO - [2023-05-10T17:38:46.132+0000] {dagbag.py:538} INFO - Filling up the DagBag from /home/airflow/.local/lib/python3.7/site-packages/airflow/example_dags/example_skip_dag.py
[2023-05-10T17:38:46.141+0000] {processor.py:753} INFO - DAG(s) dict_keys(['example_skip_dag']) retrieved from /home/airflow/.local/lib/python3.7/site-packages/airflow/example_dags/example_skip_dag.py
[2023-05-10T17:38:46.157+0000] {logging_mixin.py:137} INFO - [2023-05-10T17:38:46.157+0000] {dag.py:2690} INFO - Sync 1 DAGs
[2023-05-10T17:38:46.170+0000] {logging_mixin.py:137} INFO - [2023-05-10T17:38:46.170+0000] {dag.py:3441} INFO - Setting next_dagrun for example_skip_dag to 2023-05-09T17:38:46.170475+00:00, run_after=2023-05-10T17:38:46.170475+00:00
[2023-05-10T17:38:46.179+0000] {processor.py:175} INFO - Processing /home/airflow/.local/lib/python3.7/site-packages/airflow/example_dags/example_skip_dag.py took 0.051 seconds
[2023-05-10T17:39:17.133+0000] {processor.py:153} INFO - Started process (PID=343) to work on /home/airflow/.local/lib/python3.7/site-packages/airflow/example_dags/example_skip_dag.py
[2023-05-10T17:39:17.134+0000] {processor.py:743} INFO - Processing file /home/airflow/.local/lib/python3.7/site-packages/airflow/example_dags/example_skip_dag.py for tasks to queue
[2023-05-10T17:39:17.135+0000] {logging_mixin.py:137} INFO - [2023-05-10T17:39:17.135+0000] {dagbag.py:538} INFO - Filling up the DagBag from /home/airflow/.local/lib/python3.7/site-packages/airflow/example_dags/example_skip_dag.py
[2023-05-10T17:39:17.144+0000] {processor.py:753} INFO - DAG(s) dict_keys(['example_skip_dag']) retrieved from /home/airflow/.local/lib/python3.7/site-packages/airflow/example_dags/example_skip_dag.py
[2023-05-10T17:39:17.160+0000] {logging_mixin.py:137} INFO - [2023-05-10T17:39:17.160+0000] {dag.py:2690} INFO - Sync 1 DAGs
[2023-05-10T17:39:17.173+0000] {logging_mixin.py:137} INFO - [2023-05-10T17:39:17.173+0000] {dag.py:3441} INFO - Setting next_dagrun for example_skip_dag to 2023-05-09T17:39:17.173429+00:00, run_after=2023-05-10T17:39:17.173429+00:00
[2023-05-10T17:39:17.182+0000] {processor.py:175} INFO - Processing /home/airflow/.local/lib/python3.7/site-packages/airflow/example_dags/example_skip_dag.py took 0.051 seconds
[2023-05-10T17:39:48.106+0000] {processor.py:153} INFO - Started process (PID=417) to work on /home/airflow/.local/lib/python3.7/site-packages/airflow/example_dags/example_skip_dag.py
[2023-05-10T17:39:48.106+0000] {processor.py:743} INFO - Processing file /home/airflow/.local/lib/python3.7/site-packages/airflow/example_dags/example_skip_dag.py for tasks to queue
[2023-05-10T17:39:48.107+0000] {logging_mixin.py:137} INFO - [2023-05-10T17:39:48.107+0000] {dagbag.py:538} INFO - Filling up the DagBag from /home/airflow/.local/lib/python3.7/site-packages/airflow/example_dags/example_skip_dag.py
[2023-05-10T17:39:48.116+0000] {processor.py:753} INFO - DAG(s) dict_keys(['example_skip_dag']) retrieved from /home/airflow/.local/lib/python3.7/site-packages/airflow/example_dags/example_skip_dag.py
[2023-05-10T17:39:48.132+0000] {logging_mixin.py:137} INFO - [2023-05-10T17:39:48.132+0000] {dag.py:2690} INFO - Sync 1 DAGs
[2023-05-10T17:39:48.146+0000] {logging_mixin.py:137} INFO - [2023-05-10T17:39:48.146+0000] {dag.py:3441} INFO - Setting next_dagrun for example_skip_dag to 2023-05-09T17:39:48.146203+00:00, run_after=2023-05-10T17:39:48.146203+00:00
[2023-05-10T17:39:48.155+0000] {processor.py:175} INFO - Processing /home/airflow/.local/lib/python3.7/site-packages/airflow/example_dags/example_skip_dag.py took 0.052 seconds
[2023-05-10T17:40:18.996+0000] {processor.py:153} INFO - Started process (PID=494) to work on /home/airflow/.local/lib/python3.7/site-packages/airflow/example_dags/example_skip_dag.py
[2023-05-10T17:40:18.997+0000] {processor.py:743} INFO - Processing file /home/airflow/.local/lib/python3.7/site-packages/airflow/example_dags/example_skip_dag.py for tasks to queue
[2023-05-10T17:40:18.997+0000] {logging_mixin.py:137} INFO - [2023-05-10T17:40:18.997+0000] {dagbag.py:538} INFO - Filling up the DagBag from /home/airflow/.local/lib/python3.7/site-packages/airflow/example_dags/example_skip_dag.py
[2023-05-10T17:40:19.007+0000] {processor.py:753} INFO - DAG(s) dict_keys(['example_skip_dag']) retrieved from /home/airflow/.local/lib/python3.7/site-packages/airflow/example_dags/example_skip_dag.py
[2023-05-10T17:40:19.026+0000] {logging_mixin.py:137} INFO - [2023-05-10T17:40:19.026+0000] {dag.py:2690} INFO - Sync 1 DAGs
[2023-05-10T17:40:19.040+0000] {logging_mixin.py:137} INFO - [2023-05-10T17:40:19.040+0000] {dag.py:3441} INFO - Setting next_dagrun for example_skip_dag to 2023-05-09T17:40:19.040436+00:00, run_after=2023-05-10T17:40:19.040436+00:00
[2023-05-10T17:40:19.049+0000] {processor.py:175} INFO - Processing /home/airflow/.local/lib/python3.7/site-packages/airflow/example_dags/example_skip_dag.py took 0.056 seconds
[2023-05-10T17:40:49.901+0000] {processor.py:153} INFO - Started process (PID=557) to work on /home/airflow/.local/lib/python3.7/site-packages/airflow/example_dags/example_skip_dag.py
[2023-05-10T17:40:49.902+0000] {processor.py:743} INFO - Processing file /home/airflow/.local/lib/python3.7/site-packages/airflow/example_dags/example_skip_dag.py for tasks to queue
[2023-05-10T17:40:49.902+0000] {logging_mixin.py:137} INFO - [2023-05-10T17:40:49.902+0000] {dagbag.py:538} INFO - Filling up the DagBag from /home/airflow/.local/lib/python3.7/site-packages/airflow/example_dags/example_skip_dag.py
[2023-05-10T17:40:49.911+0000] {processor.py:753} INFO - DAG(s) dict_keys(['example_skip_dag']) retrieved from /home/airflow/.local/lib/python3.7/site-packages/airflow/example_dags/example_skip_dag.py
[2023-05-10T17:40:49.927+0000] {logging_mixin.py:137} INFO - [2023-05-10T17:40:49.927+0000] {dag.py:2690} INFO - Sync 1 DAGs
[2023-05-10T17:40:49.940+0000] {logging_mixin.py:137} INFO - [2023-05-10T17:40:49.940+0000] {dag.py:3441} INFO - Setting next_dagrun for example_skip_dag to 2023-05-09T17:40:49.940086+00:00, run_after=2023-05-10T17:40:49.940086+00:00
[2023-05-10T17:40:49.949+0000] {processor.py:175} INFO - Processing /home/airflow/.local/lib/python3.7/site-packages/airflow/example_dags/example_skip_dag.py took 0.051 seconds
[2023-05-10T17:41:20.078+0000] {processor.py:153} INFO - Started process (PID=634) to work on /home/airflow/.local/lib/python3.7/site-packages/airflow/example_dags/example_skip_dag.py
[2023-05-10T17:41:20.079+0000] {processor.py:743} INFO - Processing file /home/airflow/.local/lib/python3.7/site-packages/airflow/example_dags/example_skip_dag.py for tasks to queue
[2023-05-10T17:41:20.079+0000] {logging_mixin.py:137} INFO - [2023-05-10T17:41:20.079+0000] {dagbag.py:538} INFO - Filling up the DagBag from /home/airflow/.local/lib/python3.7/site-packages/airflow/example_dags/example_skip_dag.py
[2023-05-10T17:41:20.088+0000] {processor.py:753} INFO - DAG(s) dict_keys(['example_skip_dag']) retrieved from /home/airflow/.local/lib/python3.7/site-packages/airflow/example_dags/example_skip_dag.py
[2023-05-10T17:41:20.104+0000] {logging_mixin.py:137} INFO - [2023-05-10T17:41:20.104+0000] {dag.py:2690} INFO - Sync 1 DAGs
[2023-05-10T17:41:20.117+0000] {logging_mixin.py:137} INFO - [2023-05-10T17:41:20.117+0000] {dag.py:3441} INFO - Setting next_dagrun for example_skip_dag to 2023-05-09T17:41:20.117449+00:00, run_after=2023-05-10T17:41:20.117449+00:00
[2023-05-10T17:41:20.126+0000] {processor.py:175} INFO - Processing /home/airflow/.local/lib/python3.7/site-packages/airflow/example_dags/example_skip_dag.py took 0.050 seconds
[2023-05-10T17:56:36.706+0000] {processor.py:153} INFO - Started process (PID=685) to work on /home/airflow/.local/lib/python3.7/site-packages/airflow/example_dags/example_skip_dag.py
[2023-05-10T17:56:36.708+0000] {processor.py:743} INFO - Processing file /home/airflow/.local/lib/python3.7/site-packages/airflow/example_dags/example_skip_dag.py for tasks to queue
[2023-05-10T17:56:36.711+0000] {logging_mixin.py:137} INFO - [2023-05-10T17:56:36.711+0000] {dagbag.py:538} INFO - Filling up the DagBag from /home/airflow/.local/lib/python3.7/site-packages/airflow/example_dags/example_skip_dag.py
[2023-05-10T17:56:36.728+0000] {processor.py:753} INFO - DAG(s) dict_keys(['example_skip_dag']) retrieved from /home/airflow/.local/lib/python3.7/site-packages/airflow/example_dags/example_skip_dag.py
[2023-05-10T17:56:36.765+0000] {logging_mixin.py:137} INFO - [2023-05-10T17:56:36.765+0000] {dag.py:2690} INFO - Sync 1 DAGs
[2023-05-10T17:56:36.784+0000] {logging_mixin.py:137} INFO - [2023-05-10T17:56:36.784+0000] {dag.py:3441} INFO - Setting next_dagrun for example_skip_dag to 2023-05-09T17:56:36.783708+00:00, run_after=2023-05-10T17:56:36.783708+00:00
[2023-05-10T17:56:36.795+0000] {processor.py:175} INFO - Processing /home/airflow/.local/lib/python3.7/site-packages/airflow/example_dags/example_skip_dag.py took 0.093 seconds
[2023-05-10T18:14:19.272+0000] {processor.py:153} INFO - Started process (PID=761) to work on /home/airflow/.local/lib/python3.7/site-packages/airflow/example_dags/example_skip_dag.py
[2023-05-10T18:14:19.273+0000] {processor.py:743} INFO - Processing file /home/airflow/.local/lib/python3.7/site-packages/airflow/example_dags/example_skip_dag.py for tasks to queue
[2023-05-10T18:14:19.276+0000] {logging_mixin.py:137} INFO - [2023-05-10T18:14:19.276+0000] {dagbag.py:538} INFO - Filling up the DagBag from /home/airflow/.local/lib/python3.7/site-packages/airflow/example_dags/example_skip_dag.py
[2023-05-10T18:14:19.285+0000] {processor.py:753} INFO - DAG(s) dict_keys(['example_skip_dag']) retrieved from /home/airflow/.local/lib/python3.7/site-packages/airflow/example_dags/example_skip_dag.py
[2023-05-10T18:14:19.301+0000] {logging_mixin.py:137} INFO - [2023-05-10T18:14:19.301+0000] {dag.py:2690} INFO - Sync 1 DAGs
[2023-05-10T18:14:19.315+0000] {logging_mixin.py:137} INFO - [2023-05-10T18:14:19.314+0000] {dag.py:3441} INFO - Setting next_dagrun for example_skip_dag to 2023-05-09T18:14:19.314787+00:00, run_after=2023-05-10T18:14:19.314787+00:00
[2023-05-10T18:14:19.324+0000] {processor.py:175} INFO - Processing /home/airflow/.local/lib/python3.7/site-packages/airflow/example_dags/example_skip_dag.py took 0.054 seconds
[2023-05-10T18:14:49.876+0000] {processor.py:153} INFO - Started process (PID=824) to work on /home/airflow/.local/lib/python3.7/site-packages/airflow/example_dags/example_skip_dag.py
[2023-05-10T18:14:49.877+0000] {processor.py:743} INFO - Processing file /home/airflow/.local/lib/python3.7/site-packages/airflow/example_dags/example_skip_dag.py for tasks to queue
[2023-05-10T18:14:49.877+0000] {logging_mixin.py:137} INFO - [2023-05-10T18:14:49.877+0000] {dagbag.py:538} INFO - Filling up the DagBag from /home/airflow/.local/lib/python3.7/site-packages/airflow/example_dags/example_skip_dag.py
[2023-05-10T18:14:49.886+0000] {processor.py:753} INFO - DAG(s) dict_keys(['example_skip_dag']) retrieved from /home/airflow/.local/lib/python3.7/site-packages/airflow/example_dags/example_skip_dag.py
[2023-05-10T18:14:49.902+0000] {logging_mixin.py:137} INFO - [2023-05-10T18:14:49.902+0000] {dag.py:2690} INFO - Sync 1 DAGs
[2023-05-10T18:14:49.915+0000] {logging_mixin.py:137} INFO - [2023-05-10T18:14:49.915+0000] {dag.py:3441} INFO - Setting next_dagrun for example_skip_dag to 2023-05-09T18:14:49.915369+00:00, run_after=2023-05-10T18:14:49.915369+00:00
[2023-05-10T18:14:49.924+0000] {processor.py:175} INFO - Processing /home/airflow/.local/lib/python3.7/site-packages/airflow/example_dags/example_skip_dag.py took 0.051 seconds
[2023-05-10T18:30:29.734+0000] {processor.py:153} INFO - Started process (PID=901) to work on /home/airflow/.local/lib/python3.7/site-packages/airflow/example_dags/example_skip_dag.py
[2023-05-10T18:30:29.735+0000] {processor.py:743} INFO - Processing file /home/airflow/.local/lib/python3.7/site-packages/airflow/example_dags/example_skip_dag.py for tasks to queue
[2023-05-10T18:30:29.736+0000] {logging_mixin.py:137} INFO - [2023-05-10T18:30:29.736+0000] {dagbag.py:538} INFO - Filling up the DagBag from /home/airflow/.local/lib/python3.7/site-packages/airflow/example_dags/example_skip_dag.py
[2023-05-10T18:30:29.746+0000] {processor.py:753} INFO - DAG(s) dict_keys(['example_skip_dag']) retrieved from /home/airflow/.local/lib/python3.7/site-packages/airflow/example_dags/example_skip_dag.py
[2023-05-10T18:30:29.768+0000] {logging_mixin.py:137} INFO - [2023-05-10T18:30:29.768+0000] {dag.py:2690} INFO - Sync 1 DAGs
[2023-05-10T18:30:29.787+0000] {logging_mixin.py:137} INFO - [2023-05-10T18:30:29.787+0000] {dag.py:3441} INFO - Setting next_dagrun for example_skip_dag to 2023-05-09T18:30:29.787055+00:00, run_after=2023-05-10T18:30:29.787055+00:00
[2023-05-10T18:30:29.797+0000] {processor.py:175} INFO - Processing /home/airflow/.local/lib/python3.7/site-packages/airflow/example_dags/example_skip_dag.py took 0.066 seconds
[2023-05-10T18:31:00.654+0000] {processor.py:153} INFO - Started process (PID=977) to work on /home/airflow/.local/lib/python3.7/site-packages/airflow/example_dags/example_skip_dag.py
[2023-05-10T18:31:00.654+0000] {processor.py:743} INFO - Processing file /home/airflow/.local/lib/python3.7/site-packages/airflow/example_dags/example_skip_dag.py for tasks to queue
[2023-05-10T18:31:00.655+0000] {logging_mixin.py:137} INFO - [2023-05-10T18:31:00.655+0000] {dagbag.py:538} INFO - Filling up the DagBag from /home/airflow/.local/lib/python3.7/site-packages/airflow/example_dags/example_skip_dag.py
[2023-05-10T18:31:00.664+0000] {processor.py:753} INFO - DAG(s) dict_keys(['example_skip_dag']) retrieved from /home/airflow/.local/lib/python3.7/site-packages/airflow/example_dags/example_skip_dag.py
[2023-05-10T18:31:00.681+0000] {logging_mixin.py:137} INFO - [2023-05-10T18:31:00.681+0000] {dag.py:2690} INFO - Sync 1 DAGs
[2023-05-10T18:31:00.695+0000] {logging_mixin.py:137} INFO - [2023-05-10T18:31:00.695+0000] {dag.py:3441} INFO - Setting next_dagrun for example_skip_dag to 2023-05-09T18:31:00.694976+00:00, run_after=2023-05-10T18:31:00.694976+00:00
[2023-05-10T18:31:00.704+0000] {processor.py:175} INFO - Processing /home/airflow/.local/lib/python3.7/site-packages/airflow/example_dags/example_skip_dag.py took 0.053 seconds
[2023-05-10T18:47:37.110+0000] {processor.py:153} INFO - Started process (PID=1041) to work on /home/airflow/.local/lib/python3.7/site-packages/airflow/example_dags/example_skip_dag.py
[2023-05-10T18:47:37.111+0000] {processor.py:743} INFO - Processing file /home/airflow/.local/lib/python3.7/site-packages/airflow/example_dags/example_skip_dag.py for tasks to queue
[2023-05-10T18:47:37.111+0000] {logging_mixin.py:137} INFO - [2023-05-10T18:47:37.111+0000] {dagbag.py:538} INFO - Filling up the DagBag from /home/airflow/.local/lib/python3.7/site-packages/airflow/example_dags/example_skip_dag.py
[2023-05-10T18:47:37.120+0000] {processor.py:753} INFO - DAG(s) dict_keys(['example_skip_dag']) retrieved from /home/airflow/.local/lib/python3.7/site-packages/airflow/example_dags/example_skip_dag.py
[2023-05-10T18:47:37.136+0000] {logging_mixin.py:137} INFO - [2023-05-10T18:47:37.136+0000] {dag.py:2690} INFO - Sync 1 DAGs
[2023-05-10T18:47:37.149+0000] {logging_mixin.py:137} INFO - [2023-05-10T18:47:37.149+0000] {dag.py:3441} INFO - Setting next_dagrun for example_skip_dag to 2023-05-09T18:47:37.149372+00:00, run_after=2023-05-10T18:47:37.149372+00:00
[2023-05-10T18:47:37.158+0000] {processor.py:175} INFO - Processing /home/airflow/.local/lib/python3.7/site-packages/airflow/example_dags/example_skip_dag.py took 0.051 seconds
[2023-05-10T18:48:07.926+0000] {processor.py:153} INFO - Started process (PID=1116) to work on /home/airflow/.local/lib/python3.7/site-packages/airflow/example_dags/example_skip_dag.py
[2023-05-10T18:48:07.927+0000] {processor.py:743} INFO - Processing file /home/airflow/.local/lib/python3.7/site-packages/airflow/example_dags/example_skip_dag.py for tasks to queue
[2023-05-10T18:48:07.928+0000] {logging_mixin.py:137} INFO - [2023-05-10T18:48:07.928+0000] {dagbag.py:538} INFO - Filling up the DagBag from /home/airflow/.local/lib/python3.7/site-packages/airflow/example_dags/example_skip_dag.py
[2023-05-10T18:48:07.936+0000] {processor.py:753} INFO - DAG(s) dict_keys(['example_skip_dag']) retrieved from /home/airflow/.local/lib/python3.7/site-packages/airflow/example_dags/example_skip_dag.py
[2023-05-10T18:48:07.953+0000] {logging_mixin.py:137} INFO - [2023-05-10T18:48:07.953+0000] {dag.py:2690} INFO - Sync 1 DAGs
[2023-05-10T18:48:07.966+0000] {logging_mixin.py:137} INFO - [2023-05-10T18:48:07.966+0000] {dag.py:3441} INFO - Setting next_dagrun for example_skip_dag to 2023-05-09T18:48:07.965876+00:00, run_after=2023-05-10T18:48:07.965876+00:00
[2023-05-10T18:48:07.974+0000] {processor.py:175} INFO - Processing /home/airflow/.local/lib/python3.7/site-packages/airflow/example_dags/example_skip_dag.py took 0.050 seconds
[2023-05-10T18:49:23.112+0000] {processor.py:153} INFO - Started process (PID=1191) to work on /home/airflow/.local/lib/python3.7/site-packages/airflow/example_dags/example_skip_dag.py
[2023-05-10T18:49:23.113+0000] {processor.py:743} INFO - Processing file /home/airflow/.local/lib/python3.7/site-packages/airflow/example_dags/example_skip_dag.py for tasks to queue
[2023-05-10T18:49:23.114+0000] {logging_mixin.py:137} INFO - [2023-05-10T18:49:23.114+0000] {dagbag.py:538} INFO - Filling up the DagBag from /home/airflow/.local/lib/python3.7/site-packages/airflow/example_dags/example_skip_dag.py
[2023-05-10T18:49:23.122+0000] {processor.py:753} INFO - DAG(s) dict_keys(['example_skip_dag']) retrieved from /home/airflow/.local/lib/python3.7/site-packages/airflow/example_dags/example_skip_dag.py
[2023-05-10T18:49:23.139+0000] {logging_mixin.py:137} INFO - [2023-05-10T18:49:23.139+0000] {dag.py:2690} INFO - Sync 1 DAGs
[2023-05-10T18:49:23.152+0000] {logging_mixin.py:137} INFO - [2023-05-10T18:49:23.152+0000] {dag.py:3441} INFO - Setting next_dagrun for example_skip_dag to 2023-05-09T18:49:23.152625+00:00, run_after=2023-05-10T18:49:23.152625+00:00
[2023-05-10T18:49:23.162+0000] {processor.py:175} INFO - Processing /home/airflow/.local/lib/python3.7/site-packages/airflow/example_dags/example_skip_dag.py took 0.052 seconds
[2023-05-10T18:49:53.811+0000] {processor.py:153} INFO - Started process (PID=1255) to work on /home/airflow/.local/lib/python3.7/site-packages/airflow/example_dags/example_skip_dag.py
[2023-05-10T18:49:53.812+0000] {processor.py:743} INFO - Processing file /home/airflow/.local/lib/python3.7/site-packages/airflow/example_dags/example_skip_dag.py for tasks to queue
[2023-05-10T18:49:53.812+0000] {logging_mixin.py:137} INFO - [2023-05-10T18:49:53.812+0000] {dagbag.py:538} INFO - Filling up the DagBag from /home/airflow/.local/lib/python3.7/site-packages/airflow/example_dags/example_skip_dag.py
[2023-05-10T18:49:53.821+0000] {processor.py:753} INFO - DAG(s) dict_keys(['example_skip_dag']) retrieved from /home/airflow/.local/lib/python3.7/site-packages/airflow/example_dags/example_skip_dag.py
[2023-05-10T18:49:53.838+0000] {logging_mixin.py:137} INFO - [2023-05-10T18:49:53.838+0000] {dag.py:2690} INFO - Sync 1 DAGs
[2023-05-10T18:49:53.852+0000] {logging_mixin.py:137} INFO - [2023-05-10T18:49:53.852+0000] {dag.py:3441} INFO - Setting next_dagrun for example_skip_dag to 2023-05-09T18:49:53.852667+00:00, run_after=2023-05-10T18:49:53.852667+00:00
[2023-05-10T18:49:53.861+0000] {processor.py:175} INFO - Processing /home/airflow/.local/lib/python3.7/site-packages/airflow/example_dags/example_skip_dag.py took 0.053 seconds
[2023-05-10T18:50:24.617+0000] {processor.py:153} INFO - Started process (PID=1330) to work on /home/airflow/.local/lib/python3.7/site-packages/airflow/example_dags/example_skip_dag.py
[2023-05-10T18:50:24.618+0000] {processor.py:743} INFO - Processing file /home/airflow/.local/lib/python3.7/site-packages/airflow/example_dags/example_skip_dag.py for tasks to queue
[2023-05-10T18:50:24.619+0000] {logging_mixin.py:137} INFO - [2023-05-10T18:50:24.619+0000] {dagbag.py:538} INFO - Filling up the DagBag from /home/airflow/.local/lib/python3.7/site-packages/airflow/example_dags/example_skip_dag.py
[2023-05-10T18:50:24.628+0000] {processor.py:753} INFO - DAG(s) dict_keys(['example_skip_dag']) retrieved from /home/airflow/.local/lib/python3.7/site-packages/airflow/example_dags/example_skip_dag.py
[2023-05-10T18:50:24.645+0000] {logging_mixin.py:137} INFO - [2023-05-10T18:50:24.645+0000] {dag.py:2690} INFO - Sync 1 DAGs
[2023-05-10T18:50:24.659+0000] {logging_mixin.py:137} INFO - [2023-05-10T18:50:24.659+0000] {dag.py:3441} INFO - Setting next_dagrun for example_skip_dag to 2023-05-09T18:50:24.659075+00:00, run_after=2023-05-10T18:50:24.659075+00:00
[2023-05-10T18:50:24.668+0000] {processor.py:175} INFO - Processing /home/airflow/.local/lib/python3.7/site-packages/airflow/example_dags/example_skip_dag.py took 0.053 seconds
[2023-05-10T18:50:55.439+0000] {processor.py:153} INFO - Started process (PID=1403) to work on /home/airflow/.local/lib/python3.7/site-packages/airflow/example_dags/example_skip_dag.py
[2023-05-10T18:50:55.440+0000] {processor.py:743} INFO - Processing file /home/airflow/.local/lib/python3.7/site-packages/airflow/example_dags/example_skip_dag.py for tasks to queue
[2023-05-10T18:50:55.441+0000] {logging_mixin.py:137} INFO - [2023-05-10T18:50:55.441+0000] {dagbag.py:538} INFO - Filling up the DagBag from /home/airflow/.local/lib/python3.7/site-packages/airflow/example_dags/example_skip_dag.py
[2023-05-10T18:50:55.451+0000] {processor.py:753} INFO - DAG(s) dict_keys(['example_skip_dag']) retrieved from /home/airflow/.local/lib/python3.7/site-packages/airflow/example_dags/example_skip_dag.py
[2023-05-10T18:50:55.470+0000] {logging_mixin.py:137} INFO - [2023-05-10T18:50:55.470+0000] {dag.py:2690} INFO - Sync 1 DAGs
[2023-05-10T18:50:55.485+0000] {logging_mixin.py:137} INFO - [2023-05-10T18:50:55.485+0000] {dag.py:3441} INFO - Setting next_dagrun for example_skip_dag to 2023-05-09T18:50:55.485648+00:00, run_after=2023-05-10T18:50:55.485648+00:00
[2023-05-10T18:50:55.496+0000] {processor.py:175} INFO - Processing /home/airflow/.local/lib/python3.7/site-packages/airflow/example_dags/example_skip_dag.py took 0.059 seconds
[2023-05-10T18:51:26.199+0000] {processor.py:153} INFO - Started process (PID=1478) to work on /home/airflow/.local/lib/python3.7/site-packages/airflow/example_dags/example_skip_dag.py
[2023-05-10T18:51:26.200+0000] {processor.py:743} INFO - Processing file /home/airflow/.local/lib/python3.7/site-packages/airflow/example_dags/example_skip_dag.py for tasks to queue
[2023-05-10T18:51:26.201+0000] {logging_mixin.py:137} INFO - [2023-05-10T18:51:26.201+0000] {dagbag.py:538} INFO - Filling up the DagBag from /home/airflow/.local/lib/python3.7/site-packages/airflow/example_dags/example_skip_dag.py
[2023-05-10T18:51:26.209+0000] {processor.py:753} INFO - DAG(s) dict_keys(['example_skip_dag']) retrieved from /home/airflow/.local/lib/python3.7/site-packages/airflow/example_dags/example_skip_dag.py
[2023-05-10T18:51:26.227+0000] {logging_mixin.py:137} INFO - [2023-05-10T18:51:26.227+0000] {dag.py:2690} INFO - Sync 1 DAGs
[2023-05-10T18:51:26.241+0000] {logging_mixin.py:137} INFO - [2023-05-10T18:51:26.241+0000] {dag.py:3441} INFO - Setting next_dagrun for example_skip_dag to 2023-05-09T18:51:26.241024+00:00, run_after=2023-05-10T18:51:26.241024+00:00
[2023-05-10T18:51:26.250+0000] {processor.py:175} INFO - Processing /home/airflow/.local/lib/python3.7/site-packages/airflow/example_dags/example_skip_dag.py took 0.054 seconds
[2023-05-10T18:51:57.020+0000] {processor.py:153} INFO - Started process (PID=1541) to work on /home/airflow/.local/lib/python3.7/site-packages/airflow/example_dags/example_skip_dag.py
[2023-05-10T18:51:57.021+0000] {processor.py:743} INFO - Processing file /home/airflow/.local/lib/python3.7/site-packages/airflow/example_dags/example_skip_dag.py for tasks to queue
[2023-05-10T18:51:57.022+0000] {logging_mixin.py:137} INFO - [2023-05-10T18:51:57.022+0000] {dagbag.py:538} INFO - Filling up the DagBag from /home/airflow/.local/lib/python3.7/site-packages/airflow/example_dags/example_skip_dag.py
[2023-05-10T18:51:57.030+0000] {processor.py:753} INFO - DAG(s) dict_keys(['example_skip_dag']) retrieved from /home/airflow/.local/lib/python3.7/site-packages/airflow/example_dags/example_skip_dag.py
[2023-05-10T18:51:57.047+0000] {logging_mixin.py:137} INFO - [2023-05-10T18:51:57.047+0000] {dag.py:2690} INFO - Sync 1 DAGs
[2023-05-10T18:51:57.061+0000] {logging_mixin.py:137} INFO - [2023-05-10T18:51:57.061+0000] {dag.py:3441} INFO - Setting next_dagrun for example_skip_dag to 2023-05-09T18:51:57.061123+00:00, run_after=2023-05-10T18:51:57.061123+00:00
[2023-05-10T18:51:57.070+0000] {processor.py:175} INFO - Processing /home/airflow/.local/lib/python3.7/site-packages/airflow/example_dags/example_skip_dag.py took 0.052 seconds
[2023-05-10T18:52:27.921+0000] {processor.py:153} INFO - Started process (PID=1614) to work on /home/airflow/.local/lib/python3.7/site-packages/airflow/example_dags/example_skip_dag.py
[2023-05-10T18:52:27.923+0000] {processor.py:743} INFO - Processing file /home/airflow/.local/lib/python3.7/site-packages/airflow/example_dags/example_skip_dag.py for tasks to queue
[2023-05-10T18:52:27.923+0000] {logging_mixin.py:137} INFO - [2023-05-10T18:52:27.923+0000] {dagbag.py:538} INFO - Filling up the DagBag from /home/airflow/.local/lib/python3.7/site-packages/airflow/example_dags/example_skip_dag.py
[2023-05-10T18:52:27.932+0000] {processor.py:753} INFO - DAG(s) dict_keys(['example_skip_dag']) retrieved from /home/airflow/.local/lib/python3.7/site-packages/airflow/example_dags/example_skip_dag.py
[2023-05-10T18:52:27.951+0000] {logging_mixin.py:137} INFO - [2023-05-10T18:52:27.951+0000] {dag.py:2690} INFO - Sync 1 DAGs
[2023-05-10T18:52:27.965+0000] {logging_mixin.py:137} INFO - [2023-05-10T18:52:27.965+0000] {dag.py:3441} INFO - Setting next_dagrun for example_skip_dag to 2023-05-09T18:52:27.965531+00:00, run_after=2023-05-10T18:52:27.965531+00:00
[2023-05-10T18:52:27.975+0000] {processor.py:175} INFO - Processing /home/airflow/.local/lib/python3.7/site-packages/airflow/example_dags/example_skip_dag.py took 0.056 seconds
[2023-05-10T18:52:58.720+0000] {processor.py:153} INFO - Started process (PID=1689) to work on /home/airflow/.local/lib/python3.7/site-packages/airflow/example_dags/example_skip_dag.py
[2023-05-10T18:52:58.721+0000] {processor.py:743} INFO - Processing file /home/airflow/.local/lib/python3.7/site-packages/airflow/example_dags/example_skip_dag.py for tasks to queue
[2023-05-10T18:52:58.721+0000] {logging_mixin.py:137} INFO - [2023-05-10T18:52:58.721+0000] {dagbag.py:538} INFO - Filling up the DagBag from /home/airflow/.local/lib/python3.7/site-packages/airflow/example_dags/example_skip_dag.py
[2023-05-10T18:52:58.730+0000] {processor.py:753} INFO - DAG(s) dict_keys(['example_skip_dag']) retrieved from /home/airflow/.local/lib/python3.7/site-packages/airflow/example_dags/example_skip_dag.py
[2023-05-10T18:52:58.747+0000] {logging_mixin.py:137} INFO - [2023-05-10T18:52:58.747+0000] {dag.py:2690} INFO - Sync 1 DAGs
[2023-05-10T18:52:58.760+0000] {logging_mixin.py:137} INFO - [2023-05-10T18:52:58.760+0000] {dag.py:3441} INFO - Setting next_dagrun for example_skip_dag to 2023-05-09T18:52:58.760127+00:00, run_after=2023-05-10T18:52:58.760127+00:00
[2023-05-10T18:52:58.769+0000] {processor.py:175} INFO - Processing /home/airflow/.local/lib/python3.7/site-packages/airflow/example_dags/example_skip_dag.py took 0.051 seconds
[2023-05-10T18:53:29.511+0000] {processor.py:153} INFO - Started process (PID=1764) to work on /home/airflow/.local/lib/python3.7/site-packages/airflow/example_dags/example_skip_dag.py
[2023-05-10T18:53:29.512+0000] {processor.py:743} INFO - Processing file /home/airflow/.local/lib/python3.7/site-packages/airflow/example_dags/example_skip_dag.py for tasks to queue
[2023-05-10T18:53:29.513+0000] {logging_mixin.py:137} INFO - [2023-05-10T18:53:29.513+0000] {dagbag.py:538} INFO - Filling up the DagBag from /home/airflow/.local/lib/python3.7/site-packages/airflow/example_dags/example_skip_dag.py
[2023-05-10T18:53:29.522+0000] {processor.py:753} INFO - DAG(s) dict_keys(['example_skip_dag']) retrieved from /home/airflow/.local/lib/python3.7/site-packages/airflow/example_dags/example_skip_dag.py
[2023-05-10T18:53:29.542+0000] {logging_mixin.py:137} INFO - [2023-05-10T18:53:29.542+0000] {dag.py:2690} INFO - Sync 1 DAGs
[2023-05-10T18:53:29.557+0000] {logging_mixin.py:137} INFO - [2023-05-10T18:53:29.556+0000] {dag.py:3441} INFO - Setting next_dagrun for example_skip_dag to 2023-05-09T18:53:29.556759+00:00, run_after=2023-05-10T18:53:29.556759+00:00
[2023-05-10T18:53:29.565+0000] {processor.py:175} INFO - Processing /home/airflow/.local/lib/python3.7/site-packages/airflow/example_dags/example_skip_dag.py took 0.057 seconds
[2023-05-10T18:54:00.349+0000] {processor.py:153} INFO - Started process (PID=1826) to work on /home/airflow/.local/lib/python3.7/site-packages/airflow/example_dags/example_skip_dag.py
[2023-05-10T18:54:00.350+0000] {processor.py:743} INFO - Processing file /home/airflow/.local/lib/python3.7/site-packages/airflow/example_dags/example_skip_dag.py for tasks to queue
[2023-05-10T18:54:00.351+0000] {logging_mixin.py:137} INFO - [2023-05-10T18:54:00.351+0000] {dagbag.py:538} INFO - Filling up the DagBag from /home/airflow/.local/lib/python3.7/site-packages/airflow/example_dags/example_skip_dag.py
[2023-05-10T18:54:00.360+0000] {processor.py:753} INFO - DAG(s) dict_keys(['example_skip_dag']) retrieved from /home/airflow/.local/lib/python3.7/site-packages/airflow/example_dags/example_skip_dag.py
[2023-05-10T18:54:00.376+0000] {logging_mixin.py:137} INFO - [2023-05-10T18:54:00.376+0000] {dag.py:2690} INFO - Sync 1 DAGs
[2023-05-10T18:54:00.390+0000] {logging_mixin.py:137} INFO - [2023-05-10T18:54:00.389+0000] {dag.py:3441} INFO - Setting next_dagrun for example_skip_dag to 2023-05-09T18:54:00.389800+00:00, run_after=2023-05-10T18:54:00.389800+00:00
[2023-05-10T18:54:00.398+0000] {processor.py:175} INFO - Processing /home/airflow/.local/lib/python3.7/site-packages/airflow/example_dags/example_skip_dag.py took 0.051 seconds
[2023-05-10T18:54:31.092+0000] {processor.py:153} INFO - Started process (PID=1902) to work on /home/airflow/.local/lib/python3.7/site-packages/airflow/example_dags/example_skip_dag.py
[2023-05-10T18:54:31.093+0000] {processor.py:743} INFO - Processing file /home/airflow/.local/lib/python3.7/site-packages/airflow/example_dags/example_skip_dag.py for tasks to queue
[2023-05-10T18:54:31.094+0000] {logging_mixin.py:137} INFO - [2023-05-10T18:54:31.094+0000] {dagbag.py:538} INFO - Filling up the DagBag from /home/airflow/.local/lib/python3.7/site-packages/airflow/example_dags/example_skip_dag.py
[2023-05-10T18:54:31.103+0000] {processor.py:753} INFO - DAG(s) dict_keys(['example_skip_dag']) retrieved from /home/airflow/.local/lib/python3.7/site-packages/airflow/example_dags/example_skip_dag.py
[2023-05-10T18:54:31.120+0000] {logging_mixin.py:137} INFO - [2023-05-10T18:54:31.120+0000] {dag.py:2690} INFO - Sync 1 DAGs
[2023-05-10T18:54:31.132+0000] {logging_mixin.py:137} INFO - [2023-05-10T18:54:31.132+0000] {dag.py:3441} INFO - Setting next_dagrun for example_skip_dag to 2023-05-09T18:54:31.132375+00:00, run_after=2023-05-10T18:54:31.132375+00:00
[2023-05-10T18:54:31.141+0000] {processor.py:175} INFO - Processing /home/airflow/.local/lib/python3.7/site-packages/airflow/example_dags/example_skip_dag.py took 0.052 seconds
[2023-05-10T18:55:01.805+0000] {processor.py:153} INFO - Started process (PID=1977) to work on /home/airflow/.local/lib/python3.7/site-packages/airflow/example_dags/example_skip_dag.py
[2023-05-10T18:55:01.806+0000] {processor.py:743} INFO - Processing file /home/airflow/.local/lib/python3.7/site-packages/airflow/example_dags/example_skip_dag.py for tasks to queue
[2023-05-10T18:55:01.808+0000] {logging_mixin.py:137} INFO - [2023-05-10T18:55:01.808+0000] {dagbag.py:538} INFO - Filling up the DagBag from /home/airflow/.local/lib/python3.7/site-packages/airflow/example_dags/example_skip_dag.py
[2023-05-10T18:55:01.817+0000] {processor.py:753} INFO - DAG(s) dict_keys(['example_skip_dag']) retrieved from /home/airflow/.local/lib/python3.7/site-packages/airflow/example_dags/example_skip_dag.py
[2023-05-10T18:55:01.834+0000] {logging_mixin.py:137} INFO - [2023-05-10T18:55:01.834+0000] {dag.py:2690} INFO - Sync 1 DAGs
[2023-05-10T18:55:01.850+0000] {logging_mixin.py:137} INFO - [2023-05-10T18:55:01.850+0000] {dag.py:3441} INFO - Setting next_dagrun for example_skip_dag to 2023-05-09T18:55:01.850202+00:00, run_after=2023-05-10T18:55:01.850202+00:00
[2023-05-10T18:55:01.859+0000] {processor.py:175} INFO - Processing /home/airflow/.local/lib/python3.7/site-packages/airflow/example_dags/example_skip_dag.py took 0.057 seconds
