[2023-05-10T17:37:11.628+0000] {processor.py:153} INFO - Started process (PID=42) to work on /home/airflow/.local/lib/python3.7/site-packages/airflow/example_dags/example_complex.py
[2023-05-10T17:37:11.631+0000] {processor.py:743} INFO - Processing file /home/airflow/.local/lib/python3.7/site-packages/airflow/example_dags/example_complex.py for tasks to queue
[2023-05-10T17:37:11.634+0000] {logging_mixin.py:137} INFO - [2023-05-10T17:37:11.634+0000] {dagbag.py:538} INFO - Filling up the DagBag from /home/airflow/.local/lib/python3.7/site-packages/airflow/example_dags/example_complex.py
[2023-05-10T17:37:11.654+0000] {logging_mixin.py:137} INFO - [2023-05-10T17:37:11.653+0000] {taskmixin.py:205} WARNING - Dependency <Task(BashOperator): create_entry_group>, delete_entry_group already registered for DAG: example_complex
[2023-05-10T17:37:11.655+0000] {logging_mixin.py:137} INFO - [2023-05-10T17:37:11.655+0000] {taskmixin.py:205} WARNING - Dependency <Task(BashOperator): delete_entry_group>, create_entry_group already registered for DAG: example_complex
[2023-05-10T17:37:11.656+0000] {logging_mixin.py:137} INFO - [2023-05-10T17:37:11.656+0000] {taskmixin.py:205} WARNING - Dependency <Task(BashOperator): create_entry_gcs>, delete_entry already registered for DAG: example_complex
[2023-05-10T17:37:11.657+0000] {logging_mixin.py:137} INFO - [2023-05-10T17:37:11.656+0000] {taskmixin.py:205} WARNING - Dependency <Task(BashOperator): delete_entry>, create_entry_gcs already registered for DAG: example_complex
[2023-05-10T17:37:11.658+0000] {logging_mixin.py:137} INFO - [2023-05-10T17:37:11.658+0000] {taskmixin.py:205} WARNING - Dependency <Task(BashOperator): create_tag>, delete_tag already registered for DAG: example_complex
[2023-05-10T17:37:11.658+0000] {logging_mixin.py:137} INFO - [2023-05-10T17:37:11.658+0000] {taskmixin.py:205} WARNING - Dependency <Task(BashOperator): delete_tag>, create_tag already registered for DAG: example_complex
[2023-05-10T17:37:11.667+0000] {processor.py:753} INFO - DAG(s) dict_keys(['example_complex']) retrieved from /home/airflow/.local/lib/python3.7/site-packages/airflow/example_dags/example_complex.py
[2023-05-10T17:37:11.811+0000] {logging_mixin.py:137} INFO - [2023-05-10T17:37:11.811+0000] {manager.py:504} INFO - Created Permission View: can edit on DAG:example_complex
[2023-05-10T17:37:11.818+0000] {logging_mixin.py:137} INFO - [2023-05-10T17:37:11.818+0000] {manager.py:504} INFO - Created Permission View: can read on DAG:example_complex
[2023-05-10T17:37:11.828+0000] {logging_mixin.py:137} INFO - [2023-05-10T17:37:11.828+0000] {manager.py:504} INFO - Created Permission View: can delete on DAG:example_complex
[2023-05-10T17:37:11.829+0000] {logging_mixin.py:137} INFO - [2023-05-10T17:37:11.829+0000] {dag.py:2690} INFO - Sync 1 DAGs
[2023-05-10T17:37:11.842+0000] {logging_mixin.py:137} INFO - [2023-05-10T17:37:11.842+0000] {dag.py:2711} INFO - Creating ORM DAG for example_complex
[2023-05-10T17:37:11.857+0000] {logging_mixin.py:137} INFO - [2023-05-10T17:37:11.856+0000] {dag.py:3441} INFO - Setting next_dagrun for example_complex to None, run_after=None
[2023-05-10T17:37:11.888+0000] {processor.py:175} INFO - Processing /home/airflow/.local/lib/python3.7/site-packages/airflow/example_dags/example_complex.py took 0.265 seconds
[2023-05-10T17:37:42.766+0000] {processor.py:153} INFO - Started process (PID=116) to work on /home/airflow/.local/lib/python3.7/site-packages/airflow/example_dags/example_complex.py
[2023-05-10T17:37:42.768+0000] {processor.py:743} INFO - Processing file /home/airflow/.local/lib/python3.7/site-packages/airflow/example_dags/example_complex.py for tasks to queue
[2023-05-10T17:37:42.769+0000] {logging_mixin.py:137} INFO - [2023-05-10T17:37:42.769+0000] {dagbag.py:538} INFO - Filling up the DagBag from /home/airflow/.local/lib/python3.7/site-packages/airflow/example_dags/example_complex.py
[2023-05-10T17:37:42.783+0000] {logging_mixin.py:137} INFO - [2023-05-10T17:37:42.783+0000] {taskmixin.py:205} WARNING - Dependency <Task(BashOperator): create_entry_group>, delete_entry_group already registered for DAG: example_complex
[2023-05-10T17:37:42.785+0000] {logging_mixin.py:137} INFO - [2023-05-10T17:37:42.785+0000] {taskmixin.py:205} WARNING - Dependency <Task(BashOperator): delete_entry_group>, create_entry_group already registered for DAG: example_complex
[2023-05-10T17:37:42.786+0000] {logging_mixin.py:137} INFO - [2023-05-10T17:37:42.786+0000] {taskmixin.py:205} WARNING - Dependency <Task(BashOperator): create_entry_gcs>, delete_entry already registered for DAG: example_complex
[2023-05-10T17:37:42.789+0000] {logging_mixin.py:137} INFO - [2023-05-10T17:37:42.789+0000] {taskmixin.py:205} WARNING - Dependency <Task(BashOperator): delete_entry>, create_entry_gcs already registered for DAG: example_complex
[2023-05-10T17:37:42.793+0000] {logging_mixin.py:137} INFO - [2023-05-10T17:37:42.793+0000] {taskmixin.py:205} WARNING - Dependency <Task(BashOperator): create_tag>, delete_tag already registered for DAG: example_complex
[2023-05-10T17:37:42.794+0000] {logging_mixin.py:137} INFO - [2023-05-10T17:37:42.794+0000] {taskmixin.py:205} WARNING - Dependency <Task(BashOperator): delete_tag>, create_tag already registered for DAG: example_complex
[2023-05-10T17:37:42.806+0000] {processor.py:753} INFO - DAG(s) dict_keys(['example_complex']) retrieved from /home/airflow/.local/lib/python3.7/site-packages/airflow/example_dags/example_complex.py
[2023-05-10T17:37:42.846+0000] {logging_mixin.py:137} INFO - [2023-05-10T17:37:42.846+0000] {dag.py:2690} INFO - Sync 1 DAGs
[2023-05-10T17:37:42.876+0000] {logging_mixin.py:137} INFO - [2023-05-10T17:37:42.876+0000] {dag.py:3441} INFO - Setting next_dagrun for example_complex to None, run_after=None
[2023-05-10T17:37:42.902+0000] {processor.py:175} INFO - Processing /home/airflow/.local/lib/python3.7/site-packages/airflow/example_dags/example_complex.py took 0.141 seconds
[2023-05-10T17:38:13.442+0000] {processor.py:153} INFO - Started process (PID=180) to work on /home/airflow/.local/lib/python3.7/site-packages/airflow/example_dags/example_complex.py
[2023-05-10T17:38:13.444+0000] {processor.py:743} INFO - Processing file /home/airflow/.local/lib/python3.7/site-packages/airflow/example_dags/example_complex.py for tasks to queue
[2023-05-10T17:38:13.448+0000] {logging_mixin.py:137} INFO - [2023-05-10T17:38:13.448+0000] {dagbag.py:538} INFO - Filling up the DagBag from /home/airflow/.local/lib/python3.7/site-packages/airflow/example_dags/example_complex.py
[2023-05-10T17:38:13.463+0000] {logging_mixin.py:137} INFO - [2023-05-10T17:38:13.463+0000] {taskmixin.py:205} WARNING - Dependency <Task(BashOperator): create_entry_group>, delete_entry_group already registered for DAG: example_complex
[2023-05-10T17:38:13.464+0000] {logging_mixin.py:137} INFO - [2023-05-10T17:38:13.464+0000] {taskmixin.py:205} WARNING - Dependency <Task(BashOperator): delete_entry_group>, create_entry_group already registered for DAG: example_complex
[2023-05-10T17:38:13.470+0000] {logging_mixin.py:137} INFO - [2023-05-10T17:38:13.469+0000] {taskmixin.py:205} WARNING - Dependency <Task(BashOperator): create_entry_gcs>, delete_entry already registered for DAG: example_complex
[2023-05-10T17:38:13.471+0000] {logging_mixin.py:137} INFO - [2023-05-10T17:38:13.470+0000] {taskmixin.py:205} WARNING - Dependency <Task(BashOperator): delete_entry>, create_entry_gcs already registered for DAG: example_complex
[2023-05-10T17:38:13.475+0000] {logging_mixin.py:137} INFO - [2023-05-10T17:38:13.475+0000] {taskmixin.py:205} WARNING - Dependency <Task(BashOperator): create_tag>, delete_tag already registered for DAG: example_complex
[2023-05-10T17:38:13.476+0000] {logging_mixin.py:137} INFO - [2023-05-10T17:38:13.476+0000] {taskmixin.py:205} WARNING - Dependency <Task(BashOperator): delete_tag>, create_tag already registered for DAG: example_complex
[2023-05-10T17:38:13.488+0000] {processor.py:753} INFO - DAG(s) dict_keys(['example_complex']) retrieved from /home/airflow/.local/lib/python3.7/site-packages/airflow/example_dags/example_complex.py
[2023-05-10T17:38:13.534+0000] {logging_mixin.py:137} INFO - [2023-05-10T17:38:13.534+0000] {dag.py:2690} INFO - Sync 1 DAGs
[2023-05-10T17:38:13.558+0000] {logging_mixin.py:137} INFO - [2023-05-10T17:38:13.557+0000] {dag.py:3441} INFO - Setting next_dagrun for example_complex to None, run_after=None
[2023-05-10T17:38:13.588+0000] {processor.py:175} INFO - Processing /home/airflow/.local/lib/python3.7/site-packages/airflow/example_dags/example_complex.py took 0.150 seconds
[2023-05-10T17:38:44.574+0000] {processor.py:153} INFO - Started process (PID=256) to work on /home/airflow/.local/lib/python3.7/site-packages/airflow/example_dags/example_complex.py
[2023-05-10T17:38:44.576+0000] {processor.py:743} INFO - Processing file /home/airflow/.local/lib/python3.7/site-packages/airflow/example_dags/example_complex.py for tasks to queue
[2023-05-10T17:38:44.577+0000] {logging_mixin.py:137} INFO - [2023-05-10T17:38:44.576+0000] {dagbag.py:538} INFO - Filling up the DagBag from /home/airflow/.local/lib/python3.7/site-packages/airflow/example_dags/example_complex.py
[2023-05-10T17:38:44.587+0000] {logging_mixin.py:137} INFO - [2023-05-10T17:38:44.586+0000] {taskmixin.py:205} WARNING - Dependency <Task(BashOperator): create_entry_group>, delete_entry_group already registered for DAG: example_complex
[2023-05-10T17:38:44.587+0000] {logging_mixin.py:137} INFO - [2023-05-10T17:38:44.587+0000] {taskmixin.py:205} WARNING - Dependency <Task(BashOperator): delete_entry_group>, create_entry_group already registered for DAG: example_complex
[2023-05-10T17:38:44.588+0000] {logging_mixin.py:137} INFO - [2023-05-10T17:38:44.588+0000] {taskmixin.py:205} WARNING - Dependency <Task(BashOperator): create_entry_gcs>, delete_entry already registered for DAG: example_complex
[2023-05-10T17:38:44.588+0000] {logging_mixin.py:137} INFO - [2023-05-10T17:38:44.588+0000] {taskmixin.py:205} WARNING - Dependency <Task(BashOperator): delete_entry>, create_entry_gcs already registered for DAG: example_complex
[2023-05-10T17:38:44.589+0000] {logging_mixin.py:137} INFO - [2023-05-10T17:38:44.589+0000] {taskmixin.py:205} WARNING - Dependency <Task(BashOperator): create_tag>, delete_tag already registered for DAG: example_complex
[2023-05-10T17:38:44.589+0000] {logging_mixin.py:137} INFO - [2023-05-10T17:38:44.589+0000] {taskmixin.py:205} WARNING - Dependency <Task(BashOperator): delete_tag>, create_tag already registered for DAG: example_complex
[2023-05-10T17:38:44.594+0000] {processor.py:753} INFO - DAG(s) dict_keys(['example_complex']) retrieved from /home/airflow/.local/lib/python3.7/site-packages/airflow/example_dags/example_complex.py
[2023-05-10T17:38:44.615+0000] {logging_mixin.py:137} INFO - [2023-05-10T17:38:44.615+0000] {dag.py:2690} INFO - Sync 1 DAGs
[2023-05-10T17:38:44.628+0000] {logging_mixin.py:137} INFO - [2023-05-10T17:38:44.628+0000] {dag.py:3441} INFO - Setting next_dagrun for example_complex to None, run_after=None
[2023-05-10T17:38:44.637+0000] {processor.py:175} INFO - Processing /home/airflow/.local/lib/python3.7/site-packages/airflow/example_dags/example_complex.py took 0.066 seconds
[2023-05-10T17:39:15.596+0000] {processor.py:153} INFO - Started process (PID=332) to work on /home/airflow/.local/lib/python3.7/site-packages/airflow/example_dags/example_complex.py
[2023-05-10T17:39:15.597+0000] {processor.py:743} INFO - Processing file /home/airflow/.local/lib/python3.7/site-packages/airflow/example_dags/example_complex.py for tasks to queue
[2023-05-10T17:39:15.598+0000] {logging_mixin.py:137} INFO - [2023-05-10T17:39:15.598+0000] {dagbag.py:538} INFO - Filling up the DagBag from /home/airflow/.local/lib/python3.7/site-packages/airflow/example_dags/example_complex.py
[2023-05-10T17:39:15.609+0000] {logging_mixin.py:137} INFO - [2023-05-10T17:39:15.609+0000] {taskmixin.py:205} WARNING - Dependency <Task(BashOperator): create_entry_group>, delete_entry_group already registered for DAG: example_complex
[2023-05-10T17:39:15.609+0000] {logging_mixin.py:137} INFO - [2023-05-10T17:39:15.609+0000] {taskmixin.py:205} WARNING - Dependency <Task(BashOperator): delete_entry_group>, create_entry_group already registered for DAG: example_complex
[2023-05-10T17:39:15.611+0000] {logging_mixin.py:137} INFO - [2023-05-10T17:39:15.610+0000] {taskmixin.py:205} WARNING - Dependency <Task(BashOperator): create_entry_gcs>, delete_entry already registered for DAG: example_complex
[2023-05-10T17:39:15.611+0000] {logging_mixin.py:137} INFO - [2023-05-10T17:39:15.611+0000] {taskmixin.py:205} WARNING - Dependency <Task(BashOperator): delete_entry>, create_entry_gcs already registered for DAG: example_complex
[2023-05-10T17:39:15.612+0000] {logging_mixin.py:137} INFO - [2023-05-10T17:39:15.612+0000] {taskmixin.py:205} WARNING - Dependency <Task(BashOperator): create_tag>, delete_tag already registered for DAG: example_complex
[2023-05-10T17:39:15.612+0000] {logging_mixin.py:137} INFO - [2023-05-10T17:39:15.612+0000] {taskmixin.py:205} WARNING - Dependency <Task(BashOperator): delete_tag>, create_tag already registered for DAG: example_complex
[2023-05-10T17:39:15.618+0000] {processor.py:753} INFO - DAG(s) dict_keys(['example_complex']) retrieved from /home/airflow/.local/lib/python3.7/site-packages/airflow/example_dags/example_complex.py
[2023-05-10T17:39:15.640+0000] {logging_mixin.py:137} INFO - [2023-05-10T17:39:15.640+0000] {dag.py:2690} INFO - Sync 1 DAGs
[2023-05-10T17:39:15.652+0000] {logging_mixin.py:137} INFO - [2023-05-10T17:39:15.652+0000] {dag.py:3441} INFO - Setting next_dagrun for example_complex to None, run_after=None
[2023-05-10T17:39:15.662+0000] {processor.py:175} INFO - Processing /home/airflow/.local/lib/python3.7/site-packages/airflow/example_dags/example_complex.py took 0.070 seconds
[2023-05-10T17:39:46.564+0000] {processor.py:153} INFO - Started process (PID=406) to work on /home/airflow/.local/lib/python3.7/site-packages/airflow/example_dags/example_complex.py
[2023-05-10T17:39:46.565+0000] {processor.py:743} INFO - Processing file /home/airflow/.local/lib/python3.7/site-packages/airflow/example_dags/example_complex.py for tasks to queue
[2023-05-10T17:39:46.566+0000] {logging_mixin.py:137} INFO - [2023-05-10T17:39:46.566+0000] {dagbag.py:538} INFO - Filling up the DagBag from /home/airflow/.local/lib/python3.7/site-packages/airflow/example_dags/example_complex.py
[2023-05-10T17:39:46.576+0000] {logging_mixin.py:137} INFO - [2023-05-10T17:39:46.576+0000] {taskmixin.py:205} WARNING - Dependency <Task(BashOperator): create_entry_group>, delete_entry_group already registered for DAG: example_complex
[2023-05-10T17:39:46.577+0000] {logging_mixin.py:137} INFO - [2023-05-10T17:39:46.577+0000] {taskmixin.py:205} WARNING - Dependency <Task(BashOperator): delete_entry_group>, create_entry_group already registered for DAG: example_complex
[2023-05-10T17:39:46.577+0000] {logging_mixin.py:137} INFO - [2023-05-10T17:39:46.577+0000] {taskmixin.py:205} WARNING - Dependency <Task(BashOperator): create_entry_gcs>, delete_entry already registered for DAG: example_complex
[2023-05-10T17:39:46.578+0000] {logging_mixin.py:137} INFO - [2023-05-10T17:39:46.578+0000] {taskmixin.py:205} WARNING - Dependency <Task(BashOperator): delete_entry>, create_entry_gcs already registered for DAG: example_complex
[2023-05-10T17:39:46.578+0000] {logging_mixin.py:137} INFO - [2023-05-10T17:39:46.578+0000] {taskmixin.py:205} WARNING - Dependency <Task(BashOperator): create_tag>, delete_tag already registered for DAG: example_complex
[2023-05-10T17:39:46.579+0000] {logging_mixin.py:137} INFO - [2023-05-10T17:39:46.579+0000] {taskmixin.py:205} WARNING - Dependency <Task(BashOperator): delete_tag>, create_tag already registered for DAG: example_complex
[2023-05-10T17:39:46.585+0000] {processor.py:753} INFO - DAG(s) dict_keys(['example_complex']) retrieved from /home/airflow/.local/lib/python3.7/site-packages/airflow/example_dags/example_complex.py
[2023-05-10T17:39:46.605+0000] {logging_mixin.py:137} INFO - [2023-05-10T17:39:46.605+0000] {dag.py:2690} INFO - Sync 1 DAGs
[2023-05-10T17:39:46.618+0000] {logging_mixin.py:137} INFO - [2023-05-10T17:39:46.618+0000] {dag.py:3441} INFO - Setting next_dagrun for example_complex to None, run_after=None
[2023-05-10T17:39:46.628+0000] {processor.py:175} INFO - Processing /home/airflow/.local/lib/python3.7/site-packages/airflow/example_dags/example_complex.py took 0.068 seconds
[2023-05-10T17:40:17.520+0000] {processor.py:153} INFO - Started process (PID=470) to work on /home/airflow/.local/lib/python3.7/site-packages/airflow/example_dags/example_complex.py
[2023-05-10T17:40:17.521+0000] {processor.py:743} INFO - Processing file /home/airflow/.local/lib/python3.7/site-packages/airflow/example_dags/example_complex.py for tasks to queue
[2023-05-10T17:40:17.522+0000] {logging_mixin.py:137} INFO - [2023-05-10T17:40:17.522+0000] {dagbag.py:538} INFO - Filling up the DagBag from /home/airflow/.local/lib/python3.7/site-packages/airflow/example_dags/example_complex.py
[2023-05-10T17:40:17.533+0000] {logging_mixin.py:137} INFO - [2023-05-10T17:40:17.533+0000] {taskmixin.py:205} WARNING - Dependency <Task(BashOperator): create_entry_group>, delete_entry_group already registered for DAG: example_complex
[2023-05-10T17:40:17.533+0000] {logging_mixin.py:137} INFO - [2023-05-10T17:40:17.533+0000] {taskmixin.py:205} WARNING - Dependency <Task(BashOperator): delete_entry_group>, create_entry_group already registered for DAG: example_complex
[2023-05-10T17:40:17.534+0000] {logging_mixin.py:137} INFO - [2023-05-10T17:40:17.534+0000] {taskmixin.py:205} WARNING - Dependency <Task(BashOperator): create_entry_gcs>, delete_entry already registered for DAG: example_complex
[2023-05-10T17:40:17.534+0000] {logging_mixin.py:137} INFO - [2023-05-10T17:40:17.534+0000] {taskmixin.py:205} WARNING - Dependency <Task(BashOperator): delete_entry>, create_entry_gcs already registered for DAG: example_complex
[2023-05-10T17:40:17.535+0000] {logging_mixin.py:137} INFO - [2023-05-10T17:40:17.535+0000] {taskmixin.py:205} WARNING - Dependency <Task(BashOperator): create_tag>, delete_tag already registered for DAG: example_complex
[2023-05-10T17:40:17.535+0000] {logging_mixin.py:137} INFO - [2023-05-10T17:40:17.535+0000] {taskmixin.py:205} WARNING - Dependency <Task(BashOperator): delete_tag>, create_tag already registered for DAG: example_complex
[2023-05-10T17:40:17.541+0000] {processor.py:753} INFO - DAG(s) dict_keys(['example_complex']) retrieved from /home/airflow/.local/lib/python3.7/site-packages/airflow/example_dags/example_complex.py
[2023-05-10T17:40:17.563+0000] {logging_mixin.py:137} INFO - [2023-05-10T17:40:17.563+0000] {dag.py:2690} INFO - Sync 1 DAGs
[2023-05-10T17:40:17.575+0000] {logging_mixin.py:137} INFO - [2023-05-10T17:40:17.575+0000] {dag.py:3441} INFO - Setting next_dagrun for example_complex to None, run_after=None
[2023-05-10T17:40:17.585+0000] {processor.py:175} INFO - Processing /home/airflow/.local/lib/python3.7/site-packages/airflow/example_dags/example_complex.py took 0.069 seconds
[2023-05-10T17:40:48.398+0000] {processor.py:153} INFO - Started process (PID=546) to work on /home/airflow/.local/lib/python3.7/site-packages/airflow/example_dags/example_complex.py
[2023-05-10T17:40:48.399+0000] {processor.py:743} INFO - Processing file /home/airflow/.local/lib/python3.7/site-packages/airflow/example_dags/example_complex.py for tasks to queue
[2023-05-10T17:40:48.400+0000] {logging_mixin.py:137} INFO - [2023-05-10T17:40:48.400+0000] {dagbag.py:538} INFO - Filling up the DagBag from /home/airflow/.local/lib/python3.7/site-packages/airflow/example_dags/example_complex.py
[2023-05-10T17:40:48.411+0000] {logging_mixin.py:137} INFO - [2023-05-10T17:40:48.411+0000] {taskmixin.py:205} WARNING - Dependency <Task(BashOperator): create_entry_group>, delete_entry_group already registered for DAG: example_complex
[2023-05-10T17:40:48.412+0000] {logging_mixin.py:137} INFO - [2023-05-10T17:40:48.412+0000] {taskmixin.py:205} WARNING - Dependency <Task(BashOperator): delete_entry_group>, create_entry_group already registered for DAG: example_complex
[2023-05-10T17:40:48.413+0000] {logging_mixin.py:137} INFO - [2023-05-10T17:40:48.413+0000] {taskmixin.py:205} WARNING - Dependency <Task(BashOperator): create_entry_gcs>, delete_entry already registered for DAG: example_complex
[2023-05-10T17:40:48.414+0000] {logging_mixin.py:137} INFO - [2023-05-10T17:40:48.414+0000] {taskmixin.py:205} WARNING - Dependency <Task(BashOperator): delete_entry>, create_entry_gcs already registered for DAG: example_complex
[2023-05-10T17:40:48.415+0000] {logging_mixin.py:137} INFO - [2023-05-10T17:40:48.415+0000] {taskmixin.py:205} WARNING - Dependency <Task(BashOperator): create_tag>, delete_tag already registered for DAG: example_complex
[2023-05-10T17:40:48.415+0000] {logging_mixin.py:137} INFO - [2023-05-10T17:40:48.415+0000] {taskmixin.py:205} WARNING - Dependency <Task(BashOperator): delete_tag>, create_tag already registered for DAG: example_complex
[2023-05-10T17:40:48.421+0000] {processor.py:753} INFO - DAG(s) dict_keys(['example_complex']) retrieved from /home/airflow/.local/lib/python3.7/site-packages/airflow/example_dags/example_complex.py
[2023-05-10T17:40:48.446+0000] {logging_mixin.py:137} INFO - [2023-05-10T17:40:48.446+0000] {dag.py:2690} INFO - Sync 1 DAGs
[2023-05-10T17:40:48.459+0000] {logging_mixin.py:137} INFO - [2023-05-10T17:40:48.459+0000] {dag.py:3441} INFO - Setting next_dagrun for example_complex to None, run_after=None
[2023-05-10T17:40:48.469+0000] {processor.py:175} INFO - Processing /home/airflow/.local/lib/python3.7/site-packages/airflow/example_dags/example_complex.py took 0.075 seconds
[2023-05-10T17:41:18.516+0000] {processor.py:153} INFO - Started process (PID=623) to work on /home/airflow/.local/lib/python3.7/site-packages/airflow/example_dags/example_complex.py
[2023-05-10T17:41:18.517+0000] {processor.py:743} INFO - Processing file /home/airflow/.local/lib/python3.7/site-packages/airflow/example_dags/example_complex.py for tasks to queue
[2023-05-10T17:41:18.518+0000] {logging_mixin.py:137} INFO - [2023-05-10T17:41:18.518+0000] {dagbag.py:538} INFO - Filling up the DagBag from /home/airflow/.local/lib/python3.7/site-packages/airflow/example_dags/example_complex.py
[2023-05-10T17:41:18.528+0000] {logging_mixin.py:137} INFO - [2023-05-10T17:41:18.528+0000] {taskmixin.py:205} WARNING - Dependency <Task(BashOperator): create_entry_group>, delete_entry_group already registered for DAG: example_complex
[2023-05-10T17:41:18.529+0000] {logging_mixin.py:137} INFO - [2023-05-10T17:41:18.529+0000] {taskmixin.py:205} WARNING - Dependency <Task(BashOperator): delete_entry_group>, create_entry_group already registered for DAG: example_complex
[2023-05-10T17:41:18.530+0000] {logging_mixin.py:137} INFO - [2023-05-10T17:41:18.530+0000] {taskmixin.py:205} WARNING - Dependency <Task(BashOperator): create_entry_gcs>, delete_entry already registered for DAG: example_complex
[2023-05-10T17:41:18.530+0000] {logging_mixin.py:137} INFO - [2023-05-10T17:41:18.530+0000] {taskmixin.py:205} WARNING - Dependency <Task(BashOperator): delete_entry>, create_entry_gcs already registered for DAG: example_complex
[2023-05-10T17:41:18.531+0000] {logging_mixin.py:137} INFO - [2023-05-10T17:41:18.531+0000] {taskmixin.py:205} WARNING - Dependency <Task(BashOperator): create_tag>, delete_tag already registered for DAG: example_complex
[2023-05-10T17:41:18.531+0000] {logging_mixin.py:137} INFO - [2023-05-10T17:41:18.531+0000] {taskmixin.py:205} WARNING - Dependency <Task(BashOperator): delete_tag>, create_tag already registered for DAG: example_complex
[2023-05-10T17:41:18.536+0000] {processor.py:753} INFO - DAG(s) dict_keys(['example_complex']) retrieved from /home/airflow/.local/lib/python3.7/site-packages/airflow/example_dags/example_complex.py
[2023-05-10T17:41:18.557+0000] {logging_mixin.py:137} INFO - [2023-05-10T17:41:18.557+0000] {dag.py:2690} INFO - Sync 1 DAGs
[2023-05-10T17:41:18.569+0000] {logging_mixin.py:137} INFO - [2023-05-10T17:41:18.569+0000] {dag.py:3441} INFO - Setting next_dagrun for example_complex to None, run_after=None
[2023-05-10T17:41:18.579+0000] {processor.py:175} INFO - Processing /home/airflow/.local/lib/python3.7/site-packages/airflow/example_dags/example_complex.py took 0.067 seconds
[2023-05-10T17:56:36.018+0000] {processor.py:153} INFO - Started process (PID=674) to work on /home/airflow/.local/lib/python3.7/site-packages/airflow/example_dags/example_complex.py
[2023-05-10T17:56:36.019+0000] {processor.py:743} INFO - Processing file /home/airflow/.local/lib/python3.7/site-packages/airflow/example_dags/example_complex.py for tasks to queue
[2023-05-10T17:56:36.020+0000] {logging_mixin.py:137} INFO - [2023-05-10T17:56:36.020+0000] {dagbag.py:538} INFO - Filling up the DagBag from /home/airflow/.local/lib/python3.7/site-packages/airflow/example_dags/example_complex.py
[2023-05-10T17:56:36.027+0000] {logging_mixin.py:137} INFO - [2023-05-10T17:56:36.027+0000] {taskmixin.py:205} WARNING - Dependency <Task(BashOperator): create_entry_group>, delete_entry_group already registered for DAG: example_complex
[2023-05-10T17:56:36.027+0000] {logging_mixin.py:137} INFO - [2023-05-10T17:56:36.027+0000] {taskmixin.py:205} WARNING - Dependency <Task(BashOperator): delete_entry_group>, create_entry_group already registered for DAG: example_complex
[2023-05-10T17:56:36.027+0000] {logging_mixin.py:137} INFO - [2023-05-10T17:56:36.027+0000] {taskmixin.py:205} WARNING - Dependency <Task(BashOperator): create_entry_gcs>, delete_entry already registered for DAG: example_complex
[2023-05-10T17:56:36.028+0000] {logging_mixin.py:137} INFO - [2023-05-10T17:56:36.028+0000] {taskmixin.py:205} WARNING - Dependency <Task(BashOperator): delete_entry>, create_entry_gcs already registered for DAG: example_complex
[2023-05-10T17:56:36.028+0000] {logging_mixin.py:137} INFO - [2023-05-10T17:56:36.028+0000] {taskmixin.py:205} WARNING - Dependency <Task(BashOperator): create_tag>, delete_tag already registered for DAG: example_complex
[2023-05-10T17:56:36.029+0000] {logging_mixin.py:137} INFO - [2023-05-10T17:56:36.028+0000] {taskmixin.py:205} WARNING - Dependency <Task(BashOperator): delete_tag>, create_tag already registered for DAG: example_complex
[2023-05-10T17:56:36.033+0000] {processor.py:753} INFO - DAG(s) dict_keys(['example_complex']) retrieved from /home/airflow/.local/lib/python3.7/site-packages/airflow/example_dags/example_complex.py
[2023-05-10T17:56:36.053+0000] {logging_mixin.py:137} INFO - [2023-05-10T17:56:36.053+0000] {dag.py:2690} INFO - Sync 1 DAGs
[2023-05-10T17:56:36.066+0000] {logging_mixin.py:137} INFO - [2023-05-10T17:56:36.066+0000] {dag.py:3441} INFO - Setting next_dagrun for example_complex to None, run_after=None
[2023-05-10T17:56:36.075+0000] {processor.py:175} INFO - Processing /home/airflow/.local/lib/python3.7/site-packages/airflow/example_dags/example_complex.py took 0.059 seconds
[2023-05-10T18:14:18.821+0000] {processor.py:153} INFO - Started process (PID=750) to work on /home/airflow/.local/lib/python3.7/site-packages/airflow/example_dags/example_complex.py
[2023-05-10T18:14:18.822+0000] {processor.py:743} INFO - Processing file /home/airflow/.local/lib/python3.7/site-packages/airflow/example_dags/example_complex.py for tasks to queue
[2023-05-10T18:14:18.822+0000] {logging_mixin.py:137} INFO - [2023-05-10T18:14:18.822+0000] {dagbag.py:538} INFO - Filling up the DagBag from /home/airflow/.local/lib/python3.7/site-packages/airflow/example_dags/example_complex.py
[2023-05-10T18:14:18.831+0000] {logging_mixin.py:137} INFO - [2023-05-10T18:14:18.831+0000] {taskmixin.py:205} WARNING - Dependency <Task(BashOperator): create_entry_group>, delete_entry_group already registered for DAG: example_complex
[2023-05-10T18:14:18.832+0000] {logging_mixin.py:137} INFO - [2023-05-10T18:14:18.832+0000] {taskmixin.py:205} WARNING - Dependency <Task(BashOperator): delete_entry_group>, create_entry_group already registered for DAG: example_complex
[2023-05-10T18:14:18.832+0000] {logging_mixin.py:137} INFO - [2023-05-10T18:14:18.832+0000] {taskmixin.py:205} WARNING - Dependency <Task(BashOperator): create_entry_gcs>, delete_entry already registered for DAG: example_complex
[2023-05-10T18:14:18.833+0000] {logging_mixin.py:137} INFO - [2023-05-10T18:14:18.833+0000] {taskmixin.py:205} WARNING - Dependency <Task(BashOperator): delete_entry>, create_entry_gcs already registered for DAG: example_complex
[2023-05-10T18:14:18.833+0000] {logging_mixin.py:137} INFO - [2023-05-10T18:14:18.833+0000] {taskmixin.py:205} WARNING - Dependency <Task(BashOperator): create_tag>, delete_tag already registered for DAG: example_complex
[2023-05-10T18:14:18.834+0000] {logging_mixin.py:137} INFO - [2023-05-10T18:14:18.834+0000] {taskmixin.py:205} WARNING - Dependency <Task(BashOperator): delete_tag>, create_tag already registered for DAG: example_complex
[2023-05-10T18:14:18.839+0000] {processor.py:753} INFO - DAG(s) dict_keys(['example_complex']) retrieved from /home/airflow/.local/lib/python3.7/site-packages/airflow/example_dags/example_complex.py
[2023-05-10T18:14:18.861+0000] {logging_mixin.py:137} INFO - [2023-05-10T18:14:18.861+0000] {dag.py:2690} INFO - Sync 1 DAGs
[2023-05-10T18:14:18.875+0000] {logging_mixin.py:137} INFO - [2023-05-10T18:14:18.875+0000] {dag.py:3441} INFO - Setting next_dagrun for example_complex to None, run_after=None
[2023-05-10T18:14:18.885+0000] {processor.py:175} INFO - Processing /home/airflow/.local/lib/python3.7/site-packages/airflow/example_dags/example_complex.py took 0.067 seconds
[2023-05-10T18:14:49.450+0000] {processor.py:153} INFO - Started process (PID=813) to work on /home/airflow/.local/lib/python3.7/site-packages/airflow/example_dags/example_complex.py
[2023-05-10T18:14:49.450+0000] {processor.py:743} INFO - Processing file /home/airflow/.local/lib/python3.7/site-packages/airflow/example_dags/example_complex.py for tasks to queue
[2023-05-10T18:14:49.451+0000] {logging_mixin.py:137} INFO - [2023-05-10T18:14:49.451+0000] {dagbag.py:538} INFO - Filling up the DagBag from /home/airflow/.local/lib/python3.7/site-packages/airflow/example_dags/example_complex.py
[2023-05-10T18:14:49.458+0000] {logging_mixin.py:137} INFO - [2023-05-10T18:14:49.458+0000] {taskmixin.py:205} WARNING - Dependency <Task(BashOperator): create_entry_group>, delete_entry_group already registered for DAG: example_complex
[2023-05-10T18:14:49.458+0000] {logging_mixin.py:137} INFO - [2023-05-10T18:14:49.458+0000] {taskmixin.py:205} WARNING - Dependency <Task(BashOperator): delete_entry_group>, create_entry_group already registered for DAG: example_complex
[2023-05-10T18:14:49.459+0000] {logging_mixin.py:137} INFO - [2023-05-10T18:14:49.459+0000] {taskmixin.py:205} WARNING - Dependency <Task(BashOperator): create_entry_gcs>, delete_entry already registered for DAG: example_complex
[2023-05-10T18:14:49.459+0000] {logging_mixin.py:137} INFO - [2023-05-10T18:14:49.459+0000] {taskmixin.py:205} WARNING - Dependency <Task(BashOperator): delete_entry>, create_entry_gcs already registered for DAG: example_complex
[2023-05-10T18:14:49.459+0000] {logging_mixin.py:137} INFO - [2023-05-10T18:14:49.459+0000] {taskmixin.py:205} WARNING - Dependency <Task(BashOperator): create_tag>, delete_tag already registered for DAG: example_complex
[2023-05-10T18:14:49.460+0000] {logging_mixin.py:137} INFO - [2023-05-10T18:14:49.460+0000] {taskmixin.py:205} WARNING - Dependency <Task(BashOperator): delete_tag>, create_tag already registered for DAG: example_complex
[2023-05-10T18:14:49.464+0000] {processor.py:753} INFO - DAG(s) dict_keys(['example_complex']) retrieved from /home/airflow/.local/lib/python3.7/site-packages/airflow/example_dags/example_complex.py
[2023-05-10T18:14:49.484+0000] {logging_mixin.py:137} INFO - [2023-05-10T18:14:49.484+0000] {dag.py:2690} INFO - Sync 1 DAGs
[2023-05-10T18:14:49.496+0000] {logging_mixin.py:137} INFO - [2023-05-10T18:14:49.496+0000] {dag.py:3441} INFO - Setting next_dagrun for example_complex to None, run_after=None
[2023-05-10T18:14:49.506+0000] {processor.py:175} INFO - Processing /home/airflow/.local/lib/python3.7/site-packages/airflow/example_dags/example_complex.py took 0.058 seconds
[2023-05-10T18:30:28.722+0000] {processor.py:153} INFO - Started process (PID=890) to work on /home/airflow/.local/lib/python3.7/site-packages/airflow/example_dags/example_complex.py
[2023-05-10T18:30:28.725+0000] {processor.py:743} INFO - Processing file /home/airflow/.local/lib/python3.7/site-packages/airflow/example_dags/example_complex.py for tasks to queue
[2023-05-10T18:30:28.729+0000] {logging_mixin.py:137} INFO - [2023-05-10T18:30:28.729+0000] {dagbag.py:538} INFO - Filling up the DagBag from /home/airflow/.local/lib/python3.7/site-packages/airflow/example_dags/example_complex.py
[2023-05-10T18:30:28.737+0000] {logging_mixin.py:137} INFO - [2023-05-10T18:30:28.737+0000] {taskmixin.py:205} WARNING - Dependency <Task(BashOperator): create_entry_group>, delete_entry_group already registered for DAG: example_complex
[2023-05-10T18:30:28.738+0000] {logging_mixin.py:137} INFO - [2023-05-10T18:30:28.738+0000] {taskmixin.py:205} WARNING - Dependency <Task(BashOperator): delete_entry_group>, create_entry_group already registered for DAG: example_complex
[2023-05-10T18:30:28.745+0000] {logging_mixin.py:137} INFO - [2023-05-10T18:30:28.744+0000] {taskmixin.py:205} WARNING - Dependency <Task(BashOperator): create_entry_gcs>, delete_entry already registered for DAG: example_complex
[2023-05-10T18:30:28.745+0000] {logging_mixin.py:137} INFO - [2023-05-10T18:30:28.745+0000] {taskmixin.py:205} WARNING - Dependency <Task(BashOperator): delete_entry>, create_entry_gcs already registered for DAG: example_complex
[2023-05-10T18:30:28.746+0000] {logging_mixin.py:137} INFO - [2023-05-10T18:30:28.746+0000] {taskmixin.py:205} WARNING - Dependency <Task(BashOperator): create_tag>, delete_tag already registered for DAG: example_complex
[2023-05-10T18:30:28.746+0000] {logging_mixin.py:137} INFO - [2023-05-10T18:30:28.746+0000] {taskmixin.py:205} WARNING - Dependency <Task(BashOperator): delete_tag>, create_tag already registered for DAG: example_complex
[2023-05-10T18:30:28.751+0000] {processor.py:753} INFO - DAG(s) dict_keys(['example_complex']) retrieved from /home/airflow/.local/lib/python3.7/site-packages/airflow/example_dags/example_complex.py
[2023-05-10T18:30:28.786+0000] {logging_mixin.py:137} INFO - [2023-05-10T18:30:28.785+0000] {dag.py:2690} INFO - Sync 1 DAGs
[2023-05-10T18:30:28.820+0000] {logging_mixin.py:137} INFO - [2023-05-10T18:30:28.820+0000] {dag.py:3441} INFO - Setting next_dagrun for example_complex to None, run_after=None
[2023-05-10T18:30:28.839+0000] {processor.py:175} INFO - Processing /home/airflow/.local/lib/python3.7/site-packages/airflow/example_dags/example_complex.py took 0.131 seconds
[2023-05-10T18:30:59.184+0000] {processor.py:153} INFO - Started process (PID=966) to work on /home/airflow/.local/lib/python3.7/site-packages/airflow/example_dags/example_complex.py
[2023-05-10T18:30:59.185+0000] {processor.py:743} INFO - Processing file /home/airflow/.local/lib/python3.7/site-packages/airflow/example_dags/example_complex.py for tasks to queue
[2023-05-10T18:30:59.185+0000] {logging_mixin.py:137} INFO - [2023-05-10T18:30:59.185+0000] {dagbag.py:538} INFO - Filling up the DagBag from /home/airflow/.local/lib/python3.7/site-packages/airflow/example_dags/example_complex.py
[2023-05-10T18:30:59.192+0000] {logging_mixin.py:137} INFO - [2023-05-10T18:30:59.192+0000] {taskmixin.py:205} WARNING - Dependency <Task(BashOperator): create_entry_group>, delete_entry_group already registered for DAG: example_complex
[2023-05-10T18:30:59.193+0000] {logging_mixin.py:137} INFO - [2023-05-10T18:30:59.193+0000] {taskmixin.py:205} WARNING - Dependency <Task(BashOperator): delete_entry_group>, create_entry_group already registered for DAG: example_complex
[2023-05-10T18:30:59.193+0000] {logging_mixin.py:137} INFO - [2023-05-10T18:30:59.193+0000] {taskmixin.py:205} WARNING - Dependency <Task(BashOperator): create_entry_gcs>, delete_entry already registered for DAG: example_complex
[2023-05-10T18:30:59.193+0000] {logging_mixin.py:137} INFO - [2023-05-10T18:30:59.193+0000] {taskmixin.py:205} WARNING - Dependency <Task(BashOperator): delete_entry>, create_entry_gcs already registered for DAG: example_complex
[2023-05-10T18:30:59.194+0000] {logging_mixin.py:137} INFO - [2023-05-10T18:30:59.194+0000] {taskmixin.py:205} WARNING - Dependency <Task(BashOperator): create_tag>, delete_tag already registered for DAG: example_complex
[2023-05-10T18:30:59.194+0000] {logging_mixin.py:137} INFO - [2023-05-10T18:30:59.194+0000] {taskmixin.py:205} WARNING - Dependency <Task(BashOperator): delete_tag>, create_tag already registered for DAG: example_complex
[2023-05-10T18:30:59.199+0000] {processor.py:753} INFO - DAG(s) dict_keys(['example_complex']) retrieved from /home/airflow/.local/lib/python3.7/site-packages/airflow/example_dags/example_complex.py
[2023-05-10T18:30:59.218+0000] {logging_mixin.py:137} INFO - [2023-05-10T18:30:59.218+0000] {dag.py:2690} INFO - Sync 1 DAGs
[2023-05-10T18:30:59.232+0000] {logging_mixin.py:137} INFO - [2023-05-10T18:30:59.232+0000] {dag.py:3441} INFO - Setting next_dagrun for example_complex to None, run_after=None
[2023-05-10T18:30:59.241+0000] {processor.py:175} INFO - Processing /home/airflow/.local/lib/python3.7/site-packages/airflow/example_dags/example_complex.py took 0.059 seconds
[2023-05-10T18:47:36.672+0000] {processor.py:153} INFO - Started process (PID=1030) to work on /home/airflow/.local/lib/python3.7/site-packages/airflow/example_dags/example_complex.py
[2023-05-10T18:47:36.673+0000] {processor.py:743} INFO - Processing file /home/airflow/.local/lib/python3.7/site-packages/airflow/example_dags/example_complex.py for tasks to queue
[2023-05-10T18:47:36.674+0000] {logging_mixin.py:137} INFO - [2023-05-10T18:47:36.674+0000] {dagbag.py:538} INFO - Filling up the DagBag from /home/airflow/.local/lib/python3.7/site-packages/airflow/example_dags/example_complex.py
[2023-05-10T18:47:36.681+0000] {logging_mixin.py:137} INFO - [2023-05-10T18:47:36.681+0000] {taskmixin.py:205} WARNING - Dependency <Task(BashOperator): create_entry_group>, delete_entry_group already registered for DAG: example_complex
[2023-05-10T18:47:36.681+0000] {logging_mixin.py:137} INFO - [2023-05-10T18:47:36.681+0000] {taskmixin.py:205} WARNING - Dependency <Task(BashOperator): delete_entry_group>, create_entry_group already registered for DAG: example_complex
[2023-05-10T18:47:36.682+0000] {logging_mixin.py:137} INFO - [2023-05-10T18:47:36.682+0000] {taskmixin.py:205} WARNING - Dependency <Task(BashOperator): create_entry_gcs>, delete_entry already registered for DAG: example_complex
[2023-05-10T18:47:36.682+0000] {logging_mixin.py:137} INFO - [2023-05-10T18:47:36.682+0000] {taskmixin.py:205} WARNING - Dependency <Task(BashOperator): delete_entry>, create_entry_gcs already registered for DAG: example_complex
[2023-05-10T18:47:36.683+0000] {logging_mixin.py:137} INFO - [2023-05-10T18:47:36.683+0000] {taskmixin.py:205} WARNING - Dependency <Task(BashOperator): create_tag>, delete_tag already registered for DAG: example_complex
[2023-05-10T18:47:36.683+0000] {logging_mixin.py:137} INFO - [2023-05-10T18:47:36.683+0000] {taskmixin.py:205} WARNING - Dependency <Task(BashOperator): delete_tag>, create_tag already registered for DAG: example_complex
[2023-05-10T18:47:36.687+0000] {processor.py:753} INFO - DAG(s) dict_keys(['example_complex']) retrieved from /home/airflow/.local/lib/python3.7/site-packages/airflow/example_dags/example_complex.py
[2023-05-10T18:47:36.708+0000] {logging_mixin.py:137} INFO - [2023-05-10T18:47:36.708+0000] {dag.py:2690} INFO - Sync 1 DAGs
[2023-05-10T18:47:36.721+0000] {logging_mixin.py:137} INFO - [2023-05-10T18:47:36.721+0000] {dag.py:3441} INFO - Setting next_dagrun for example_complex to None, run_after=None
[2023-05-10T18:47:36.730+0000] {processor.py:175} INFO - Processing /home/airflow/.local/lib/python3.7/site-packages/airflow/example_dags/example_complex.py took 0.060 seconds
[2023-05-10T18:48:07.530+0000] {processor.py:153} INFO - Started process (PID=1105) to work on /home/airflow/.local/lib/python3.7/site-packages/airflow/example_dags/example_complex.py
[2023-05-10T18:48:07.530+0000] {processor.py:743} INFO - Processing file /home/airflow/.local/lib/python3.7/site-packages/airflow/example_dags/example_complex.py for tasks to queue
[2023-05-10T18:48:07.531+0000] {logging_mixin.py:137} INFO - [2023-05-10T18:48:07.531+0000] {dagbag.py:538} INFO - Filling up the DagBag from /home/airflow/.local/lib/python3.7/site-packages/airflow/example_dags/example_complex.py
[2023-05-10T18:48:07.538+0000] {logging_mixin.py:137} INFO - [2023-05-10T18:48:07.538+0000] {taskmixin.py:205} WARNING - Dependency <Task(BashOperator): create_entry_group>, delete_entry_group already registered for DAG: example_complex
[2023-05-10T18:48:07.539+0000] {logging_mixin.py:137} INFO - [2023-05-10T18:48:07.539+0000] {taskmixin.py:205} WARNING - Dependency <Task(BashOperator): delete_entry_group>, create_entry_group already registered for DAG: example_complex
[2023-05-10T18:48:07.539+0000] {logging_mixin.py:137} INFO - [2023-05-10T18:48:07.539+0000] {taskmixin.py:205} WARNING - Dependency <Task(BashOperator): create_entry_gcs>, delete_entry already registered for DAG: example_complex
[2023-05-10T18:48:07.539+0000] {logging_mixin.py:137} INFO - [2023-05-10T18:48:07.539+0000] {taskmixin.py:205} WARNING - Dependency <Task(BashOperator): delete_entry>, create_entry_gcs already registered for DAG: example_complex
[2023-05-10T18:48:07.540+0000] {logging_mixin.py:137} INFO - [2023-05-10T18:48:07.540+0000] {taskmixin.py:205} WARNING - Dependency <Task(BashOperator): create_tag>, delete_tag already registered for DAG: example_complex
[2023-05-10T18:48:07.540+0000] {logging_mixin.py:137} INFO - [2023-05-10T18:48:07.540+0000] {taskmixin.py:205} WARNING - Dependency <Task(BashOperator): delete_tag>, create_tag already registered for DAG: example_complex
[2023-05-10T18:48:07.545+0000] {processor.py:753} INFO - DAG(s) dict_keys(['example_complex']) retrieved from /home/airflow/.local/lib/python3.7/site-packages/airflow/example_dags/example_complex.py
[2023-05-10T18:48:07.564+0000] {logging_mixin.py:137} INFO - [2023-05-10T18:48:07.564+0000] {dag.py:2690} INFO - Sync 1 DAGs
[2023-05-10T18:48:07.577+0000] {logging_mixin.py:137} INFO - [2023-05-10T18:48:07.577+0000] {dag.py:3441} INFO - Setting next_dagrun for example_complex to None, run_after=None
[2023-05-10T18:48:07.586+0000] {processor.py:175} INFO - Processing /home/airflow/.local/lib/python3.7/site-packages/airflow/example_dags/example_complex.py took 0.059 seconds
[2023-05-10T18:49:22.699+0000] {processor.py:153} INFO - Started process (PID=1180) to work on /home/airflow/.local/lib/python3.7/site-packages/airflow/example_dags/example_complex.py
[2023-05-10T18:49:22.700+0000] {processor.py:743} INFO - Processing file /home/airflow/.local/lib/python3.7/site-packages/airflow/example_dags/example_complex.py for tasks to queue
[2023-05-10T18:49:22.701+0000] {logging_mixin.py:137} INFO - [2023-05-10T18:49:22.701+0000] {dagbag.py:538} INFO - Filling up the DagBag from /home/airflow/.local/lib/python3.7/site-packages/airflow/example_dags/example_complex.py
[2023-05-10T18:49:22.708+0000] {logging_mixin.py:137} INFO - [2023-05-10T18:49:22.708+0000] {taskmixin.py:205} WARNING - Dependency <Task(BashOperator): create_entry_group>, delete_entry_group already registered for DAG: example_complex
[2023-05-10T18:49:22.708+0000] {logging_mixin.py:137} INFO - [2023-05-10T18:49:22.708+0000] {taskmixin.py:205} WARNING - Dependency <Task(BashOperator): delete_entry_group>, create_entry_group already registered for DAG: example_complex
[2023-05-10T18:49:22.708+0000] {logging_mixin.py:137} INFO - [2023-05-10T18:49:22.708+0000] {taskmixin.py:205} WARNING - Dependency <Task(BashOperator): create_entry_gcs>, delete_entry already registered for DAG: example_complex
[2023-05-10T18:49:22.709+0000] {logging_mixin.py:137} INFO - [2023-05-10T18:49:22.709+0000] {taskmixin.py:205} WARNING - Dependency <Task(BashOperator): delete_entry>, create_entry_gcs already registered for DAG: example_complex
[2023-05-10T18:49:22.709+0000] {logging_mixin.py:137} INFO - [2023-05-10T18:49:22.709+0000] {taskmixin.py:205} WARNING - Dependency <Task(BashOperator): create_tag>, delete_tag already registered for DAG: example_complex
[2023-05-10T18:49:22.713+0000] {logging_mixin.py:137} INFO - [2023-05-10T18:49:22.713+0000] {taskmixin.py:205} WARNING - Dependency <Task(BashOperator): delete_tag>, create_tag already registered for DAG: example_complex
[2023-05-10T18:49:22.717+0000] {processor.py:753} INFO - DAG(s) dict_keys(['example_complex']) retrieved from /home/airflow/.local/lib/python3.7/site-packages/airflow/example_dags/example_complex.py
[2023-05-10T18:49:22.738+0000] {logging_mixin.py:137} INFO - [2023-05-10T18:49:22.738+0000] {dag.py:2690} INFO - Sync 1 DAGs
[2023-05-10T18:49:22.751+0000] {logging_mixin.py:137} INFO - [2023-05-10T18:49:22.751+0000] {dag.py:3441} INFO - Setting next_dagrun for example_complex to None, run_after=None
[2023-05-10T18:49:22.760+0000] {processor.py:175} INFO - Processing /home/airflow/.local/lib/python3.7/site-packages/airflow/example_dags/example_complex.py took 0.063 seconds
[2023-05-10T18:49:53.385+0000] {processor.py:153} INFO - Started process (PID=1244) to work on /home/airflow/.local/lib/python3.7/site-packages/airflow/example_dags/example_complex.py
[2023-05-10T18:49:53.386+0000] {processor.py:743} INFO - Processing file /home/airflow/.local/lib/python3.7/site-packages/airflow/example_dags/example_complex.py for tasks to queue
[2023-05-10T18:49:53.387+0000] {logging_mixin.py:137} INFO - [2023-05-10T18:49:53.387+0000] {dagbag.py:538} INFO - Filling up the DagBag from /home/airflow/.local/lib/python3.7/site-packages/airflow/example_dags/example_complex.py
[2023-05-10T18:49:53.394+0000] {logging_mixin.py:137} INFO - [2023-05-10T18:49:53.393+0000] {taskmixin.py:205} WARNING - Dependency <Task(BashOperator): create_entry_group>, delete_entry_group already registered for DAG: example_complex
[2023-05-10T18:49:53.394+0000] {logging_mixin.py:137} INFO - [2023-05-10T18:49:53.394+0000] {taskmixin.py:205} WARNING - Dependency <Task(BashOperator): delete_entry_group>, create_entry_group already registered for DAG: example_complex
[2023-05-10T18:49:53.394+0000] {logging_mixin.py:137} INFO - [2023-05-10T18:49:53.394+0000] {taskmixin.py:205} WARNING - Dependency <Task(BashOperator): create_entry_gcs>, delete_entry already registered for DAG: example_complex
[2023-05-10T18:49:53.395+0000] {logging_mixin.py:137} INFO - [2023-05-10T18:49:53.395+0000] {taskmixin.py:205} WARNING - Dependency <Task(BashOperator): delete_entry>, create_entry_gcs already registered for DAG: example_complex
[2023-05-10T18:49:53.395+0000] {logging_mixin.py:137} INFO - [2023-05-10T18:49:53.395+0000] {taskmixin.py:205} WARNING - Dependency <Task(BashOperator): create_tag>, delete_tag already registered for DAG: example_complex
[2023-05-10T18:49:53.396+0000] {logging_mixin.py:137} INFO - [2023-05-10T18:49:53.396+0000] {taskmixin.py:205} WARNING - Dependency <Task(BashOperator): delete_tag>, create_tag already registered for DAG: example_complex
[2023-05-10T18:49:53.400+0000] {processor.py:753} INFO - DAG(s) dict_keys(['example_complex']) retrieved from /home/airflow/.local/lib/python3.7/site-packages/airflow/example_dags/example_complex.py
[2023-05-10T18:49:53.420+0000] {logging_mixin.py:137} INFO - [2023-05-10T18:49:53.420+0000] {dag.py:2690} INFO - Sync 1 DAGs
[2023-05-10T18:49:53.434+0000] {logging_mixin.py:137} INFO - [2023-05-10T18:49:53.434+0000] {dag.py:3441} INFO - Setting next_dagrun for example_complex to None, run_after=None
[2023-05-10T18:49:53.443+0000] {processor.py:175} INFO - Processing /home/airflow/.local/lib/python3.7/site-packages/airflow/example_dags/example_complex.py took 0.060 seconds
[2023-05-10T18:50:24.190+0000] {processor.py:153} INFO - Started process (PID=1319) to work on /home/airflow/.local/lib/python3.7/site-packages/airflow/example_dags/example_complex.py
[2023-05-10T18:50:24.191+0000] {processor.py:743} INFO - Processing file /home/airflow/.local/lib/python3.7/site-packages/airflow/example_dags/example_complex.py for tasks to queue
[2023-05-10T18:50:24.191+0000] {logging_mixin.py:137} INFO - [2023-05-10T18:50:24.191+0000] {dagbag.py:538} INFO - Filling up the DagBag from /home/airflow/.local/lib/python3.7/site-packages/airflow/example_dags/example_complex.py
[2023-05-10T18:50:24.198+0000] {logging_mixin.py:137} INFO - [2023-05-10T18:50:24.198+0000] {taskmixin.py:205} WARNING - Dependency <Task(BashOperator): create_entry_group>, delete_entry_group already registered for DAG: example_complex
[2023-05-10T18:50:24.199+0000] {logging_mixin.py:137} INFO - [2023-05-10T18:50:24.199+0000] {taskmixin.py:205} WARNING - Dependency <Task(BashOperator): delete_entry_group>, create_entry_group already registered for DAG: example_complex
[2023-05-10T18:50:24.200+0000] {logging_mixin.py:137} INFO - [2023-05-10T18:50:24.199+0000] {taskmixin.py:205} WARNING - Dependency <Task(BashOperator): create_entry_gcs>, delete_entry already registered for DAG: example_complex
[2023-05-10T18:50:24.200+0000] {logging_mixin.py:137} INFO - [2023-05-10T18:50:24.200+0000] {taskmixin.py:205} WARNING - Dependency <Task(BashOperator): delete_entry>, create_entry_gcs already registered for DAG: example_complex
[2023-05-10T18:50:24.200+0000] {logging_mixin.py:137} INFO - [2023-05-10T18:50:24.200+0000] {taskmixin.py:205} WARNING - Dependency <Task(BashOperator): create_tag>, delete_tag already registered for DAG: example_complex
[2023-05-10T18:50:24.201+0000] {logging_mixin.py:137} INFO - [2023-05-10T18:50:24.201+0000] {taskmixin.py:205} WARNING - Dependency <Task(BashOperator): delete_tag>, create_tag already registered for DAG: example_complex
[2023-05-10T18:50:24.205+0000] {processor.py:753} INFO - DAG(s) dict_keys(['example_complex']) retrieved from /home/airflow/.local/lib/python3.7/site-packages/airflow/example_dags/example_complex.py
[2023-05-10T18:50:24.225+0000] {logging_mixin.py:137} INFO - [2023-05-10T18:50:24.225+0000] {dag.py:2690} INFO - Sync 1 DAGs
[2023-05-10T18:50:24.239+0000] {logging_mixin.py:137} INFO - [2023-05-10T18:50:24.239+0000] {dag.py:3441} INFO - Setting next_dagrun for example_complex to None, run_after=None
[2023-05-10T18:50:24.248+0000] {processor.py:175} INFO - Processing /home/airflow/.local/lib/python3.7/site-packages/airflow/example_dags/example_complex.py took 0.060 seconds
[2023-05-10T18:50:54.958+0000] {processor.py:153} INFO - Started process (PID=1392) to work on /home/airflow/.local/lib/python3.7/site-packages/airflow/example_dags/example_complex.py
[2023-05-10T18:50:54.959+0000] {processor.py:743} INFO - Processing file /home/airflow/.local/lib/python3.7/site-packages/airflow/example_dags/example_complex.py for tasks to queue
[2023-05-10T18:50:54.960+0000] {logging_mixin.py:137} INFO - [2023-05-10T18:50:54.959+0000] {dagbag.py:538} INFO - Filling up the DagBag from /home/airflow/.local/lib/python3.7/site-packages/airflow/example_dags/example_complex.py
[2023-05-10T18:50:54.967+0000] {logging_mixin.py:137} INFO - [2023-05-10T18:50:54.966+0000] {taskmixin.py:205} WARNING - Dependency <Task(BashOperator): create_entry_group>, delete_entry_group already registered for DAG: example_complex
[2023-05-10T18:50:54.967+0000] {logging_mixin.py:137} INFO - [2023-05-10T18:50:54.967+0000] {taskmixin.py:205} WARNING - Dependency <Task(BashOperator): delete_entry_group>, create_entry_group already registered for DAG: example_complex
[2023-05-10T18:50:54.968+0000] {logging_mixin.py:137} INFO - [2023-05-10T18:50:54.968+0000] {taskmixin.py:205} WARNING - Dependency <Task(BashOperator): create_entry_gcs>, delete_entry already registered for DAG: example_complex
[2023-05-10T18:50:54.969+0000] {logging_mixin.py:137} INFO - [2023-05-10T18:50:54.968+0000] {taskmixin.py:205} WARNING - Dependency <Task(BashOperator): delete_entry>, create_entry_gcs already registered for DAG: example_complex
[2023-05-10T18:50:54.969+0000] {logging_mixin.py:137} INFO - [2023-05-10T18:50:54.969+0000] {taskmixin.py:205} WARNING - Dependency <Task(BashOperator): create_tag>, delete_tag already registered for DAG: example_complex
[2023-05-10T18:50:54.970+0000] {logging_mixin.py:137} INFO - [2023-05-10T18:50:54.970+0000] {taskmixin.py:205} WARNING - Dependency <Task(BashOperator): delete_tag>, create_tag already registered for DAG: example_complex
[2023-05-10T18:50:54.974+0000] {processor.py:753} INFO - DAG(s) dict_keys(['example_complex']) retrieved from /home/airflow/.local/lib/python3.7/site-packages/airflow/example_dags/example_complex.py
[2023-05-10T18:50:54.997+0000] {logging_mixin.py:137} INFO - [2023-05-10T18:50:54.997+0000] {dag.py:2690} INFO - Sync 1 DAGs
[2023-05-10T18:50:55.011+0000] {logging_mixin.py:137} INFO - [2023-05-10T18:50:55.011+0000] {dag.py:3441} INFO - Setting next_dagrun for example_complex to None, run_after=None
[2023-05-10T18:50:55.021+0000] {processor.py:175} INFO - Processing /home/airflow/.local/lib/python3.7/site-packages/airflow/example_dags/example_complex.py took 0.065 seconds
[2023-05-10T18:51:25.740+0000] {processor.py:153} INFO - Started process (PID=1467) to work on /home/airflow/.local/lib/python3.7/site-packages/airflow/example_dags/example_complex.py
[2023-05-10T18:51:25.740+0000] {processor.py:743} INFO - Processing file /home/airflow/.local/lib/python3.7/site-packages/airflow/example_dags/example_complex.py for tasks to queue
[2023-05-10T18:51:25.741+0000] {logging_mixin.py:137} INFO - [2023-05-10T18:51:25.741+0000] {dagbag.py:538} INFO - Filling up the DagBag from /home/airflow/.local/lib/python3.7/site-packages/airflow/example_dags/example_complex.py
[2023-05-10T18:51:25.748+0000] {logging_mixin.py:137} INFO - [2023-05-10T18:51:25.748+0000] {taskmixin.py:205} WARNING - Dependency <Task(BashOperator): create_entry_group>, delete_entry_group already registered for DAG: example_complex
[2023-05-10T18:51:25.748+0000] {logging_mixin.py:137} INFO - [2023-05-10T18:51:25.748+0000] {taskmixin.py:205} WARNING - Dependency <Task(BashOperator): delete_entry_group>, create_entry_group already registered for DAG: example_complex
[2023-05-10T18:51:25.749+0000] {logging_mixin.py:137} INFO - [2023-05-10T18:51:25.749+0000] {taskmixin.py:205} WARNING - Dependency <Task(BashOperator): create_entry_gcs>, delete_entry already registered for DAG: example_complex
[2023-05-10T18:51:25.749+0000] {logging_mixin.py:137} INFO - [2023-05-10T18:51:25.749+0000] {taskmixin.py:205} WARNING - Dependency <Task(BashOperator): delete_entry>, create_entry_gcs already registered for DAG: example_complex
[2023-05-10T18:51:25.750+0000] {logging_mixin.py:137} INFO - [2023-05-10T18:51:25.750+0000] {taskmixin.py:205} WARNING - Dependency <Task(BashOperator): create_tag>, delete_tag already registered for DAG: example_complex
[2023-05-10T18:51:25.750+0000] {logging_mixin.py:137} INFO - [2023-05-10T18:51:25.750+0000] {taskmixin.py:205} WARNING - Dependency <Task(BashOperator): delete_tag>, create_tag already registered for DAG: example_complex
[2023-05-10T18:51:25.754+0000] {processor.py:753} INFO - DAG(s) dict_keys(['example_complex']) retrieved from /home/airflow/.local/lib/python3.7/site-packages/airflow/example_dags/example_complex.py
[2023-05-10T18:51:25.774+0000] {logging_mixin.py:137} INFO - [2023-05-10T18:51:25.774+0000] {dag.py:2690} INFO - Sync 1 DAGs
[2023-05-10T18:51:25.788+0000] {logging_mixin.py:137} INFO - [2023-05-10T18:51:25.788+0000] {dag.py:3441} INFO - Setting next_dagrun for example_complex to None, run_after=None
[2023-05-10T18:51:25.798+0000] {processor.py:175} INFO - Processing /home/airflow/.local/lib/python3.7/site-packages/airflow/example_dags/example_complex.py took 0.060 seconds
[2023-05-10T18:51:56.594+0000] {processor.py:153} INFO - Started process (PID=1530) to work on /home/airflow/.local/lib/python3.7/site-packages/airflow/example_dags/example_complex.py
[2023-05-10T18:51:56.595+0000] {processor.py:743} INFO - Processing file /home/airflow/.local/lib/python3.7/site-packages/airflow/example_dags/example_complex.py for tasks to queue
[2023-05-10T18:51:56.595+0000] {logging_mixin.py:137} INFO - [2023-05-10T18:51:56.595+0000] {dagbag.py:538} INFO - Filling up the DagBag from /home/airflow/.local/lib/python3.7/site-packages/airflow/example_dags/example_complex.py
[2023-05-10T18:51:56.602+0000] {logging_mixin.py:137} INFO - [2023-05-10T18:51:56.602+0000] {taskmixin.py:205} WARNING - Dependency <Task(BashOperator): create_entry_group>, delete_entry_group already registered for DAG: example_complex
[2023-05-10T18:51:56.603+0000] {logging_mixin.py:137} INFO - [2023-05-10T18:51:56.603+0000] {taskmixin.py:205} WARNING - Dependency <Task(BashOperator): delete_entry_group>, create_entry_group already registered for DAG: example_complex
[2023-05-10T18:51:56.603+0000] {logging_mixin.py:137} INFO - [2023-05-10T18:51:56.603+0000] {taskmixin.py:205} WARNING - Dependency <Task(BashOperator): create_entry_gcs>, delete_entry already registered for DAG: example_complex
[2023-05-10T18:51:56.604+0000] {logging_mixin.py:137} INFO - [2023-05-10T18:51:56.604+0000] {taskmixin.py:205} WARNING - Dependency <Task(BashOperator): delete_entry>, create_entry_gcs already registered for DAG: example_complex
[2023-05-10T18:51:56.604+0000] {logging_mixin.py:137} INFO - [2023-05-10T18:51:56.604+0000] {taskmixin.py:205} WARNING - Dependency <Task(BashOperator): create_tag>, delete_tag already registered for DAG: example_complex
[2023-05-10T18:51:56.605+0000] {logging_mixin.py:137} INFO - [2023-05-10T18:51:56.605+0000] {taskmixin.py:205} WARNING - Dependency <Task(BashOperator): delete_tag>, create_tag already registered for DAG: example_complex
[2023-05-10T18:51:56.609+0000] {processor.py:753} INFO - DAG(s) dict_keys(['example_complex']) retrieved from /home/airflow/.local/lib/python3.7/site-packages/airflow/example_dags/example_complex.py
[2023-05-10T18:51:56.630+0000] {logging_mixin.py:137} INFO - [2023-05-10T18:51:56.630+0000] {dag.py:2690} INFO - Sync 1 DAGs
[2023-05-10T18:51:56.644+0000] {logging_mixin.py:137} INFO - [2023-05-10T18:51:56.644+0000] {dag.py:3441} INFO - Setting next_dagrun for example_complex to None, run_after=None
[2023-05-10T18:51:56.654+0000] {processor.py:175} INFO - Processing /home/airflow/.local/lib/python3.7/site-packages/airflow/example_dags/example_complex.py took 0.062 seconds
[2023-05-10T18:52:27.381+0000] {processor.py:153} INFO - Started process (PID=1603) to work on /home/airflow/.local/lib/python3.7/site-packages/airflow/example_dags/example_complex.py
[2023-05-10T18:52:27.382+0000] {processor.py:743} INFO - Processing file /home/airflow/.local/lib/python3.7/site-packages/airflow/example_dags/example_complex.py for tasks to queue
[2023-05-10T18:52:27.382+0000] {logging_mixin.py:137} INFO - [2023-05-10T18:52:27.382+0000] {dagbag.py:538} INFO - Filling up the DagBag from /home/airflow/.local/lib/python3.7/site-packages/airflow/example_dags/example_complex.py
[2023-05-10T18:52:27.389+0000] {logging_mixin.py:137} INFO - [2023-05-10T18:52:27.389+0000] {taskmixin.py:205} WARNING - Dependency <Task(BashOperator): create_entry_group>, delete_entry_group already registered for DAG: example_complex
[2023-05-10T18:52:27.390+0000] {logging_mixin.py:137} INFO - [2023-05-10T18:52:27.390+0000] {taskmixin.py:205} WARNING - Dependency <Task(BashOperator): delete_entry_group>, create_entry_group already registered for DAG: example_complex
[2023-05-10T18:52:27.391+0000] {logging_mixin.py:137} INFO - [2023-05-10T18:52:27.390+0000] {taskmixin.py:205} WARNING - Dependency <Task(BashOperator): create_entry_gcs>, delete_entry already registered for DAG: example_complex
[2023-05-10T18:52:27.391+0000] {logging_mixin.py:137} INFO - [2023-05-10T18:52:27.391+0000] {taskmixin.py:205} WARNING - Dependency <Task(BashOperator): delete_entry>, create_entry_gcs already registered for DAG: example_complex
[2023-05-10T18:52:27.392+0000] {logging_mixin.py:137} INFO - [2023-05-10T18:52:27.392+0000] {taskmixin.py:205} WARNING - Dependency <Task(BashOperator): create_tag>, delete_tag already registered for DAG: example_complex
[2023-05-10T18:52:27.392+0000] {logging_mixin.py:137} INFO - [2023-05-10T18:52:27.392+0000] {taskmixin.py:205} WARNING - Dependency <Task(BashOperator): delete_tag>, create_tag already registered for DAG: example_complex
[2023-05-10T18:52:27.397+0000] {processor.py:753} INFO - DAG(s) dict_keys(['example_complex']) retrieved from /home/airflow/.local/lib/python3.7/site-packages/airflow/example_dags/example_complex.py
[2023-05-10T18:52:27.419+0000] {logging_mixin.py:137} INFO - [2023-05-10T18:52:27.419+0000] {dag.py:2690} INFO - Sync 1 DAGs
[2023-05-10T18:52:27.433+0000] {logging_mixin.py:137} INFO - [2023-05-10T18:52:27.433+0000] {dag.py:3441} INFO - Setting next_dagrun for example_complex to None, run_after=None
[2023-05-10T18:52:27.444+0000] {processor.py:175} INFO - Processing /home/airflow/.local/lib/python3.7/site-packages/airflow/example_dags/example_complex.py took 0.065 seconds
[2023-05-10T18:52:58.283+0000] {processor.py:153} INFO - Started process (PID=1678) to work on /home/airflow/.local/lib/python3.7/site-packages/airflow/example_dags/example_complex.py
[2023-05-10T18:52:58.284+0000] {processor.py:743} INFO - Processing file /home/airflow/.local/lib/python3.7/site-packages/airflow/example_dags/example_complex.py for tasks to queue
[2023-05-10T18:52:58.284+0000] {logging_mixin.py:137} INFO - [2023-05-10T18:52:58.284+0000] {dagbag.py:538} INFO - Filling up the DagBag from /home/airflow/.local/lib/python3.7/site-packages/airflow/example_dags/example_complex.py
[2023-05-10T18:52:58.291+0000] {logging_mixin.py:137} INFO - [2023-05-10T18:52:58.291+0000] {taskmixin.py:205} WARNING - Dependency <Task(BashOperator): create_entry_group>, delete_entry_group already registered for DAG: example_complex
[2023-05-10T18:52:58.292+0000] {logging_mixin.py:137} INFO - [2023-05-10T18:52:58.292+0000] {taskmixin.py:205} WARNING - Dependency <Task(BashOperator): delete_entry_group>, create_entry_group already registered for DAG: example_complex
[2023-05-10T18:52:58.293+0000] {logging_mixin.py:137} INFO - [2023-05-10T18:52:58.292+0000] {taskmixin.py:205} WARNING - Dependency <Task(BashOperator): create_entry_gcs>, delete_entry already registered for DAG: example_complex
[2023-05-10T18:52:58.293+0000] {logging_mixin.py:137} INFO - [2023-05-10T18:52:58.293+0000] {taskmixin.py:205} WARNING - Dependency <Task(BashOperator): delete_entry>, create_entry_gcs already registered for DAG: example_complex
[2023-05-10T18:52:58.293+0000] {logging_mixin.py:137} INFO - [2023-05-10T18:52:58.293+0000] {taskmixin.py:205} WARNING - Dependency <Task(BashOperator): create_tag>, delete_tag already registered for DAG: example_complex
[2023-05-10T18:52:58.293+0000] {logging_mixin.py:137} INFO - [2023-05-10T18:52:58.293+0000] {taskmixin.py:205} WARNING - Dependency <Task(BashOperator): delete_tag>, create_tag already registered for DAG: example_complex
[2023-05-10T18:52:58.298+0000] {processor.py:753} INFO - DAG(s) dict_keys(['example_complex']) retrieved from /home/airflow/.local/lib/python3.7/site-packages/airflow/example_dags/example_complex.py
[2023-05-10T18:52:58.323+0000] {logging_mixin.py:137} INFO - [2023-05-10T18:52:58.323+0000] {dag.py:2690} INFO - Sync 1 DAGs
[2023-05-10T18:52:58.339+0000] {logging_mixin.py:137} INFO - [2023-05-10T18:52:58.339+0000] {dag.py:3441} INFO - Setting next_dagrun for example_complex to None, run_after=None
[2023-05-10T18:52:58.349+0000] {processor.py:175} INFO - Processing /home/airflow/.local/lib/python3.7/site-packages/airflow/example_dags/example_complex.py took 0.070 seconds
[2023-05-10T18:53:29.041+0000] {processor.py:153} INFO - Started process (PID=1753) to work on /home/airflow/.local/lib/python3.7/site-packages/airflow/example_dags/example_complex.py
[2023-05-10T18:53:29.043+0000] {processor.py:743} INFO - Processing file /home/airflow/.local/lib/python3.7/site-packages/airflow/example_dags/example_complex.py for tasks to queue
[2023-05-10T18:53:29.045+0000] {logging_mixin.py:137} INFO - [2023-05-10T18:53:29.045+0000] {dagbag.py:538} INFO - Filling up the DagBag from /home/airflow/.local/lib/python3.7/site-packages/airflow/example_dags/example_complex.py
[2023-05-10T18:53:29.052+0000] {logging_mixin.py:137} INFO - [2023-05-10T18:53:29.052+0000] {taskmixin.py:205} WARNING - Dependency <Task(BashOperator): create_entry_group>, delete_entry_group already registered for DAG: example_complex
[2023-05-10T18:53:29.052+0000] {logging_mixin.py:137} INFO - [2023-05-10T18:53:29.052+0000] {taskmixin.py:205} WARNING - Dependency <Task(BashOperator): delete_entry_group>, create_entry_group already registered for DAG: example_complex
[2023-05-10T18:53:29.053+0000] {logging_mixin.py:137} INFO - [2023-05-10T18:53:29.052+0000] {taskmixin.py:205} WARNING - Dependency <Task(BashOperator): create_entry_gcs>, delete_entry already registered for DAG: example_complex
[2023-05-10T18:53:29.053+0000] {logging_mixin.py:137} INFO - [2023-05-10T18:53:29.053+0000] {taskmixin.py:205} WARNING - Dependency <Task(BashOperator): delete_entry>, create_entry_gcs already registered for DAG: example_complex
[2023-05-10T18:53:29.054+0000] {logging_mixin.py:137} INFO - [2023-05-10T18:53:29.054+0000] {taskmixin.py:205} WARNING - Dependency <Task(BashOperator): create_tag>, delete_tag already registered for DAG: example_complex
[2023-05-10T18:53:29.054+0000] {logging_mixin.py:137} INFO - [2023-05-10T18:53:29.054+0000] {taskmixin.py:205} WARNING - Dependency <Task(BashOperator): delete_tag>, create_tag already registered for DAG: example_complex
[2023-05-10T18:53:29.058+0000] {processor.py:753} INFO - DAG(s) dict_keys(['example_complex']) retrieved from /home/airflow/.local/lib/python3.7/site-packages/airflow/example_dags/example_complex.py
[2023-05-10T18:53:29.088+0000] {logging_mixin.py:137} INFO - [2023-05-10T18:53:29.088+0000] {dag.py:2690} INFO - Sync 1 DAGs
[2023-05-10T18:53:29.102+0000] {logging_mixin.py:137} INFO - [2023-05-10T18:53:29.102+0000] {dag.py:3441} INFO - Setting next_dagrun for example_complex to None, run_after=None
[2023-05-10T18:53:29.111+0000] {processor.py:175} INFO - Processing /home/airflow/.local/lib/python3.7/site-packages/airflow/example_dags/example_complex.py took 0.072 seconds
[2023-05-10T18:53:59.929+0000] {processor.py:153} INFO - Started process (PID=1815) to work on /home/airflow/.local/lib/python3.7/site-packages/airflow/example_dags/example_complex.py
[2023-05-10T18:53:59.930+0000] {processor.py:743} INFO - Processing file /home/airflow/.local/lib/python3.7/site-packages/airflow/example_dags/example_complex.py for tasks to queue
[2023-05-10T18:53:59.931+0000] {logging_mixin.py:137} INFO - [2023-05-10T18:53:59.931+0000] {dagbag.py:538} INFO - Filling up the DagBag from /home/airflow/.local/lib/python3.7/site-packages/airflow/example_dags/example_complex.py
[2023-05-10T18:53:59.938+0000] {logging_mixin.py:137} INFO - [2023-05-10T18:53:59.938+0000] {taskmixin.py:205} WARNING - Dependency <Task(BashOperator): create_entry_group>, delete_entry_group already registered for DAG: example_complex
[2023-05-10T18:53:59.938+0000] {logging_mixin.py:137} INFO - [2023-05-10T18:53:59.938+0000] {taskmixin.py:205} WARNING - Dependency <Task(BashOperator): delete_entry_group>, create_entry_group already registered for DAG: example_complex
[2023-05-10T18:53:59.938+0000] {logging_mixin.py:137} INFO - [2023-05-10T18:53:59.938+0000] {taskmixin.py:205} WARNING - Dependency <Task(BashOperator): create_entry_gcs>, delete_entry already registered for DAG: example_complex
[2023-05-10T18:53:59.939+0000] {logging_mixin.py:137} INFO - [2023-05-10T18:53:59.939+0000] {taskmixin.py:205} WARNING - Dependency <Task(BashOperator): delete_entry>, create_entry_gcs already registered for DAG: example_complex
[2023-05-10T18:53:59.939+0000] {logging_mixin.py:137} INFO - [2023-05-10T18:53:59.939+0000] {taskmixin.py:205} WARNING - Dependency <Task(BashOperator): create_tag>, delete_tag already registered for DAG: example_complex
[2023-05-10T18:53:59.940+0000] {logging_mixin.py:137} INFO - [2023-05-10T18:53:59.940+0000] {taskmixin.py:205} WARNING - Dependency <Task(BashOperator): delete_tag>, create_tag already registered for DAG: example_complex
[2023-05-10T18:53:59.944+0000] {processor.py:753} INFO - DAG(s) dict_keys(['example_complex']) retrieved from /home/airflow/.local/lib/python3.7/site-packages/airflow/example_dags/example_complex.py
[2023-05-10T18:53:59.964+0000] {logging_mixin.py:137} INFO - [2023-05-10T18:53:59.964+0000] {dag.py:2690} INFO - Sync 1 DAGs
[2023-05-10T18:53:59.977+0000] {logging_mixin.py:137} INFO - [2023-05-10T18:53:59.977+0000] {dag.py:3441} INFO - Setting next_dagrun for example_complex to None, run_after=None
[2023-05-10T18:53:59.986+0000] {processor.py:175} INFO - Processing /home/airflow/.local/lib/python3.7/site-packages/airflow/example_dags/example_complex.py took 0.059 seconds
[2023-05-10T18:54:30.655+0000] {processor.py:153} INFO - Started process (PID=1891) to work on /home/airflow/.local/lib/python3.7/site-packages/airflow/example_dags/example_complex.py
[2023-05-10T18:54:30.657+0000] {processor.py:743} INFO - Processing file /home/airflow/.local/lib/python3.7/site-packages/airflow/example_dags/example_complex.py for tasks to queue
[2023-05-10T18:54:30.657+0000] {logging_mixin.py:137} INFO - [2023-05-10T18:54:30.657+0000] {dagbag.py:538} INFO - Filling up the DagBag from /home/airflow/.local/lib/python3.7/site-packages/airflow/example_dags/example_complex.py
[2023-05-10T18:54:30.664+0000] {logging_mixin.py:137} INFO - [2023-05-10T18:54:30.664+0000] {taskmixin.py:205} WARNING - Dependency <Task(BashOperator): create_entry_group>, delete_entry_group already registered for DAG: example_complex
[2023-05-10T18:54:30.664+0000] {logging_mixin.py:137} INFO - [2023-05-10T18:54:30.664+0000] {taskmixin.py:205} WARNING - Dependency <Task(BashOperator): delete_entry_group>, create_entry_group already registered for DAG: example_complex
[2023-05-10T18:54:30.665+0000] {logging_mixin.py:137} INFO - [2023-05-10T18:54:30.665+0000] {taskmixin.py:205} WARNING - Dependency <Task(BashOperator): create_entry_gcs>, delete_entry already registered for DAG: example_complex
[2023-05-10T18:54:30.665+0000] {logging_mixin.py:137} INFO - [2023-05-10T18:54:30.665+0000] {taskmixin.py:205} WARNING - Dependency <Task(BashOperator): delete_entry>, create_entry_gcs already registered for DAG: example_complex
[2023-05-10T18:54:30.665+0000] {logging_mixin.py:137} INFO - [2023-05-10T18:54:30.665+0000] {taskmixin.py:205} WARNING - Dependency <Task(BashOperator): create_tag>, delete_tag already registered for DAG: example_complex
[2023-05-10T18:54:30.666+0000] {logging_mixin.py:137} INFO - [2023-05-10T18:54:30.666+0000] {taskmixin.py:205} WARNING - Dependency <Task(BashOperator): delete_tag>, create_tag already registered for DAG: example_complex
[2023-05-10T18:54:30.670+0000] {processor.py:753} INFO - DAG(s) dict_keys(['example_complex']) retrieved from /home/airflow/.local/lib/python3.7/site-packages/airflow/example_dags/example_complex.py
[2023-05-10T18:54:30.690+0000] {logging_mixin.py:137} INFO - [2023-05-10T18:54:30.690+0000] {dag.py:2690} INFO - Sync 1 DAGs
[2023-05-10T18:54:30.705+0000] {logging_mixin.py:137} INFO - [2023-05-10T18:54:30.705+0000] {dag.py:3441} INFO - Setting next_dagrun for example_complex to None, run_after=None
[2023-05-10T18:54:30.715+0000] {processor.py:175} INFO - Processing /home/airflow/.local/lib/python3.7/site-packages/airflow/example_dags/example_complex.py took 0.062 seconds
[2023-05-10T18:55:01.387+0000] {processor.py:153} INFO - Started process (PID=1966) to work on /home/airflow/.local/lib/python3.7/site-packages/airflow/example_dags/example_complex.py
[2023-05-10T18:55:01.388+0000] {processor.py:743} INFO - Processing file /home/airflow/.local/lib/python3.7/site-packages/airflow/example_dags/example_complex.py for tasks to queue
[2023-05-10T18:55:01.388+0000] {logging_mixin.py:137} INFO - [2023-05-10T18:55:01.388+0000] {dagbag.py:538} INFO - Filling up the DagBag from /home/airflow/.local/lib/python3.7/site-packages/airflow/example_dags/example_complex.py
[2023-05-10T18:55:01.395+0000] {logging_mixin.py:137} INFO - [2023-05-10T18:55:01.395+0000] {taskmixin.py:205} WARNING - Dependency <Task(BashOperator): create_entry_group>, delete_entry_group already registered for DAG: example_complex
[2023-05-10T18:55:01.395+0000] {logging_mixin.py:137} INFO - [2023-05-10T18:55:01.395+0000] {taskmixin.py:205} WARNING - Dependency <Task(BashOperator): delete_entry_group>, create_entry_group already registered for DAG: example_complex
[2023-05-10T18:55:01.396+0000] {logging_mixin.py:137} INFO - [2023-05-10T18:55:01.396+0000] {taskmixin.py:205} WARNING - Dependency <Task(BashOperator): create_entry_gcs>, delete_entry already registered for DAG: example_complex
[2023-05-10T18:55:01.396+0000] {logging_mixin.py:137} INFO - [2023-05-10T18:55:01.396+0000] {taskmixin.py:205} WARNING - Dependency <Task(BashOperator): delete_entry>, create_entry_gcs already registered for DAG: example_complex
[2023-05-10T18:55:01.397+0000] {logging_mixin.py:137} INFO - [2023-05-10T18:55:01.397+0000] {taskmixin.py:205} WARNING - Dependency <Task(BashOperator): create_tag>, delete_tag already registered for DAG: example_complex
[2023-05-10T18:55:01.397+0000] {logging_mixin.py:137} INFO - [2023-05-10T18:55:01.397+0000] {taskmixin.py:205} WARNING - Dependency <Task(BashOperator): delete_tag>, create_tag already registered for DAG: example_complex
[2023-05-10T18:55:01.401+0000] {processor.py:753} INFO - DAG(s) dict_keys(['example_complex']) retrieved from /home/airflow/.local/lib/python3.7/site-packages/airflow/example_dags/example_complex.py
[2023-05-10T18:55:01.421+0000] {logging_mixin.py:137} INFO - [2023-05-10T18:55:01.421+0000] {dag.py:2690} INFO - Sync 1 DAGs
[2023-05-10T18:55:01.435+0000] {logging_mixin.py:137} INFO - [2023-05-10T18:55:01.435+0000] {dag.py:3441} INFO - Setting next_dagrun for example_complex to None, run_after=None
[2023-05-10T18:55:01.443+0000] {processor.py:175} INFO - Processing /home/airflow/.local/lib/python3.7/site-packages/airflow/example_dags/example_complex.py took 0.058 seconds
