[2023-05-10T17:37:14.674+0000] {processor.py:153} INFO - Started process (PID=72) to work on /home/airflow/.local/lib/python3.7/site-packages/airflow/example_dags/example_sla_dag.py
[2023-05-10T17:37:14.690+0000] {processor.py:743} INFO - Processing file /home/airflow/.local/lib/python3.7/site-packages/airflow/example_dags/example_sla_dag.py for tasks to queue
[2023-05-10T17:37:14.695+0000] {logging_mixin.py:137} INFO - [2023-05-10T17:37:14.694+0000] {dagbag.py:538} INFO - Filling up the DagBag from /home/airflow/.local/lib/python3.7/site-packages/airflow/example_dags/example_sla_dag.py
[2023-05-10T17:37:14.797+0000] {processor.py:753} INFO - DAG(s) dict_keys(['example_sla_dag']) retrieved from /home/airflow/.local/lib/python3.7/site-packages/airflow/example_dags/example_sla_dag.py
[2023-05-10T17:37:15.166+0000] {logging_mixin.py:137} INFO - [2023-05-10T17:37:15.166+0000] {manager.py:504} INFO - Created Permission View: can edit on DAG:example_sla_dag
[2023-05-10T17:37:15.173+0000] {logging_mixin.py:137} INFO - [2023-05-10T17:37:15.173+0000] {manager.py:504} INFO - Created Permission View: can read on DAG:example_sla_dag
[2023-05-10T17:37:15.177+0000] {logging_mixin.py:137} INFO - [2023-05-10T17:37:15.177+0000] {manager.py:504} INFO - Created Permission View: can delete on DAG:example_sla_dag
[2023-05-10T17:37:15.178+0000] {logging_mixin.py:137} INFO - [2023-05-10T17:37:15.178+0000] {dag.py:2690} INFO - Sync 1 DAGs
[2023-05-10T17:37:15.199+0000] {logging_mixin.py:137} INFO - [2023-05-10T17:37:15.199+0000] {dag.py:2711} INFO - Creating ORM DAG for example_sla_dag
[2023-05-10T17:37:15.217+0000] {logging_mixin.py:137} INFO - [2023-05-10T17:37:15.217+0000] {dag.py:3441} INFO - Setting next_dagrun for example_sla_dag to 2023-05-10T17:34:00+00:00, run_after=2023-05-10T17:36:00+00:00
[2023-05-10T17:37:15.256+0000] {processor.py:175} INFO - Processing /home/airflow/.local/lib/python3.7/site-packages/airflow/example_dags/example_sla_dag.py took 0.585 seconds
[2023-05-10T17:37:45.963+0000] {processor.py:153} INFO - Started process (PID=138) to work on /home/airflow/.local/lib/python3.7/site-packages/airflow/example_dags/example_sla_dag.py
[2023-05-10T17:37:45.965+0000] {processor.py:743} INFO - Processing file /home/airflow/.local/lib/python3.7/site-packages/airflow/example_dags/example_sla_dag.py for tasks to queue
[2023-05-10T17:37:45.968+0000] {logging_mixin.py:137} INFO - [2023-05-10T17:37:45.968+0000] {dagbag.py:538} INFO - Filling up the DagBag from /home/airflow/.local/lib/python3.7/site-packages/airflow/example_dags/example_sla_dag.py
[2023-05-10T17:37:45.991+0000] {processor.py:753} INFO - DAG(s) dict_keys(['example_sla_dag']) retrieved from /home/airflow/.local/lib/python3.7/site-packages/airflow/example_dags/example_sla_dag.py
[2023-05-10T17:37:46.025+0000] {logging_mixin.py:137} INFO - [2023-05-10T17:37:46.024+0000] {dag.py:2690} INFO - Sync 1 DAGs
[2023-05-10T17:37:46.061+0000] {logging_mixin.py:137} INFO - [2023-05-10T17:37:46.060+0000] {dag.py:3441} INFO - Setting next_dagrun for example_sla_dag to 2023-05-10T17:34:00+00:00, run_after=2023-05-10T17:36:00+00:00
[2023-05-10T17:37:46.083+0000] {processor.py:175} INFO - Processing /home/airflow/.local/lib/python3.7/site-packages/airflow/example_dags/example_sla_dag.py took 0.125 seconds
[2023-05-10T17:38:16.523+0000] {processor.py:153} INFO - Started process (PID=214) to work on /home/airflow/.local/lib/python3.7/site-packages/airflow/example_dags/example_sla_dag.py
[2023-05-10T17:38:16.525+0000] {processor.py:743} INFO - Processing file /home/airflow/.local/lib/python3.7/site-packages/airflow/example_dags/example_sla_dag.py for tasks to queue
[2023-05-10T17:38:16.527+0000] {logging_mixin.py:137} INFO - [2023-05-10T17:38:16.526+0000] {dagbag.py:538} INFO - Filling up the DagBag from /home/airflow/.local/lib/python3.7/site-packages/airflow/example_dags/example_sla_dag.py
[2023-05-10T17:38:16.547+0000] {processor.py:753} INFO - DAG(s) dict_keys(['example_sla_dag']) retrieved from /home/airflow/.local/lib/python3.7/site-packages/airflow/example_dags/example_sla_dag.py
[2023-05-10T17:38:16.574+0000] {logging_mixin.py:137} INFO - [2023-05-10T17:38:16.574+0000] {dag.py:2690} INFO - Sync 1 DAGs
[2023-05-10T17:38:16.592+0000] {logging_mixin.py:137} INFO - [2023-05-10T17:38:16.592+0000] {dag.py:3441} INFO - Setting next_dagrun for example_sla_dag to 2023-05-10T17:36:00+00:00, run_after=2023-05-10T17:38:00+00:00
[2023-05-10T17:38:16.615+0000] {processor.py:175} INFO - Processing /home/airflow/.local/lib/python3.7/site-packages/airflow/example_dags/example_sla_dag.py took 0.097 seconds
[2023-05-10T17:38:46.713+0000] {processor.py:153} INFO - Started process (PID=278) to work on /home/airflow/.local/lib/python3.7/site-packages/airflow/example_dags/example_sla_dag.py
[2023-05-10T17:38:46.714+0000] {processor.py:743} INFO - Processing file /home/airflow/.local/lib/python3.7/site-packages/airflow/example_dags/example_sla_dag.py for tasks to queue
[2023-05-10T17:38:46.715+0000] {logging_mixin.py:137} INFO - [2023-05-10T17:38:46.715+0000] {dagbag.py:538} INFO - Filling up the DagBag from /home/airflow/.local/lib/python3.7/site-packages/airflow/example_dags/example_sla_dag.py
[2023-05-10T17:38:46.728+0000] {processor.py:753} INFO - DAG(s) dict_keys(['example_sla_dag']) retrieved from /home/airflow/.local/lib/python3.7/site-packages/airflow/example_dags/example_sla_dag.py
[2023-05-10T17:38:46.745+0000] {logging_mixin.py:137} INFO - [2023-05-10T17:38:46.745+0000] {dag.py:2690} INFO - Sync 1 DAGs
[2023-05-10T17:38:46.760+0000] {logging_mixin.py:137} INFO - [2023-05-10T17:38:46.760+0000] {dag.py:3441} INFO - Setting next_dagrun for example_sla_dag to 2023-05-10T17:36:00+00:00, run_after=2023-05-10T17:38:00+00:00
[2023-05-10T17:38:46.768+0000] {processor.py:175} INFO - Processing /home/airflow/.local/lib/python3.7/site-packages/airflow/example_dags/example_sla_dag.py took 0.057 seconds
[2023-05-10T17:39:17.591+0000] {processor.py:153} INFO - Started process (PID=354) to work on /home/airflow/.local/lib/python3.7/site-packages/airflow/example_dags/example_sla_dag.py
[2023-05-10T17:39:17.592+0000] {processor.py:743} INFO - Processing file /home/airflow/.local/lib/python3.7/site-packages/airflow/example_dags/example_sla_dag.py for tasks to queue
[2023-05-10T17:39:17.592+0000] {logging_mixin.py:137} INFO - [2023-05-10T17:39:17.592+0000] {dagbag.py:538} INFO - Filling up the DagBag from /home/airflow/.local/lib/python3.7/site-packages/airflow/example_dags/example_sla_dag.py
[2023-05-10T17:39:17.605+0000] {processor.py:753} INFO - DAG(s) dict_keys(['example_sla_dag']) retrieved from /home/airflow/.local/lib/python3.7/site-packages/airflow/example_dags/example_sla_dag.py
[2023-05-10T17:39:17.622+0000] {logging_mixin.py:137} INFO - [2023-05-10T17:39:17.622+0000] {dag.py:2690} INFO - Sync 1 DAGs
[2023-05-10T17:39:17.636+0000] {logging_mixin.py:137} INFO - [2023-05-10T17:39:17.636+0000] {dag.py:3441} INFO - Setting next_dagrun for example_sla_dag to 2023-05-10T17:36:00+00:00, run_after=2023-05-10T17:38:00+00:00
[2023-05-10T17:39:17.644+0000] {processor.py:175} INFO - Processing /home/airflow/.local/lib/python3.7/site-packages/airflow/example_dags/example_sla_dag.py took 0.056 seconds
[2023-05-10T17:39:48.547+0000] {processor.py:153} INFO - Started process (PID=428) to work on /home/airflow/.local/lib/python3.7/site-packages/airflow/example_dags/example_sla_dag.py
[2023-05-10T17:39:48.548+0000] {processor.py:743} INFO - Processing file /home/airflow/.local/lib/python3.7/site-packages/airflow/example_dags/example_sla_dag.py for tasks to queue
[2023-05-10T17:39:48.548+0000] {logging_mixin.py:137} INFO - [2023-05-10T17:39:48.548+0000] {dagbag.py:538} INFO - Filling up the DagBag from /home/airflow/.local/lib/python3.7/site-packages/airflow/example_dags/example_sla_dag.py
[2023-05-10T17:39:48.560+0000] {processor.py:753} INFO - DAG(s) dict_keys(['example_sla_dag']) retrieved from /home/airflow/.local/lib/python3.7/site-packages/airflow/example_dags/example_sla_dag.py
[2023-05-10T17:39:48.576+0000] {logging_mixin.py:137} INFO - [2023-05-10T17:39:48.576+0000] {dag.py:2690} INFO - Sync 1 DAGs
[2023-05-10T17:39:48.591+0000] {logging_mixin.py:137} INFO - [2023-05-10T17:39:48.591+0000] {dag.py:3441} INFO - Setting next_dagrun for example_sla_dag to 2023-05-10T17:36:00+00:00, run_after=2023-05-10T17:38:00+00:00
[2023-05-10T17:39:48.600+0000] {processor.py:175} INFO - Processing /home/airflow/.local/lib/python3.7/site-packages/airflow/example_dags/example_sla_dag.py took 0.055 seconds
[2023-05-10T17:40:19.420+0000] {processor.py:153} INFO - Started process (PID=505) to work on /home/airflow/.local/lib/python3.7/site-packages/airflow/example_dags/example_sla_dag.py
[2023-05-10T17:40:19.420+0000] {processor.py:743} INFO - Processing file /home/airflow/.local/lib/python3.7/site-packages/airflow/example_dags/example_sla_dag.py for tasks to queue
[2023-05-10T17:40:19.421+0000] {logging_mixin.py:137} INFO - [2023-05-10T17:40:19.421+0000] {dagbag.py:538} INFO - Filling up the DagBag from /home/airflow/.local/lib/python3.7/site-packages/airflow/example_dags/example_sla_dag.py
[2023-05-10T17:40:19.435+0000] {processor.py:753} INFO - DAG(s) dict_keys(['example_sla_dag']) retrieved from /home/airflow/.local/lib/python3.7/site-packages/airflow/example_dags/example_sla_dag.py
[2023-05-10T17:40:19.452+0000] {logging_mixin.py:137} INFO - [2023-05-10T17:40:19.452+0000] {dag.py:2690} INFO - Sync 1 DAGs
[2023-05-10T17:40:19.466+0000] {logging_mixin.py:137} INFO - [2023-05-10T17:40:19.466+0000] {dag.py:3441} INFO - Setting next_dagrun for example_sla_dag to 2023-05-10T17:38:00+00:00, run_after=2023-05-10T17:40:00+00:00
[2023-05-10T17:40:19.475+0000] {processor.py:175} INFO - Processing /home/airflow/.local/lib/python3.7/site-packages/airflow/example_dags/example_sla_dag.py took 0.058 seconds
[2023-05-10T17:40:50.339+0000] {processor.py:153} INFO - Started process (PID=568) to work on /home/airflow/.local/lib/python3.7/site-packages/airflow/example_dags/example_sla_dag.py
[2023-05-10T17:40:50.340+0000] {processor.py:743} INFO - Processing file /home/airflow/.local/lib/python3.7/site-packages/airflow/example_dags/example_sla_dag.py for tasks to queue
[2023-05-10T17:40:50.340+0000] {logging_mixin.py:137} INFO - [2023-05-10T17:40:50.340+0000] {dagbag.py:538} INFO - Filling up the DagBag from /home/airflow/.local/lib/python3.7/site-packages/airflow/example_dags/example_sla_dag.py
[2023-05-10T17:40:50.352+0000] {processor.py:753} INFO - DAG(s) dict_keys(['example_sla_dag']) retrieved from /home/airflow/.local/lib/python3.7/site-packages/airflow/example_dags/example_sla_dag.py
[2023-05-10T17:40:50.369+0000] {logging_mixin.py:137} INFO - [2023-05-10T17:40:50.368+0000] {dag.py:2690} INFO - Sync 1 DAGs
[2023-05-10T17:40:50.382+0000] {logging_mixin.py:137} INFO - [2023-05-10T17:40:50.382+0000] {dag.py:3441} INFO - Setting next_dagrun for example_sla_dag to 2023-05-10T17:38:00+00:00, run_after=2023-05-10T17:40:00+00:00
[2023-05-10T17:40:50.391+0000] {processor.py:175} INFO - Processing /home/airflow/.local/lib/python3.7/site-packages/airflow/example_dags/example_sla_dag.py took 0.054 seconds
[2023-05-10T17:41:20.599+0000] {processor.py:153} INFO - Started process (PID=645) to work on /home/airflow/.local/lib/python3.7/site-packages/airflow/example_dags/example_sla_dag.py
[2023-05-10T17:41:20.600+0000] {processor.py:743} INFO - Processing file /home/airflow/.local/lib/python3.7/site-packages/airflow/example_dags/example_sla_dag.py for tasks to queue
[2023-05-10T17:41:20.601+0000] {logging_mixin.py:137} INFO - [2023-05-10T17:41:20.601+0000] {dagbag.py:538} INFO - Filling up the DagBag from /home/airflow/.local/lib/python3.7/site-packages/airflow/example_dags/example_sla_dag.py
[2023-05-10T17:41:20.613+0000] {processor.py:753} INFO - DAG(s) dict_keys(['example_sla_dag']) retrieved from /home/airflow/.local/lib/python3.7/site-packages/airflow/example_dags/example_sla_dag.py
[2023-05-10T17:41:20.630+0000] {logging_mixin.py:137} INFO - [2023-05-10T17:41:20.630+0000] {dag.py:2690} INFO - Sync 1 DAGs
[2023-05-10T17:41:20.643+0000] {logging_mixin.py:137} INFO - [2023-05-10T17:41:20.643+0000] {dag.py:3441} INFO - Setting next_dagrun for example_sla_dag to 2023-05-10T17:38:00+00:00, run_after=2023-05-10T17:40:00+00:00
[2023-05-10T17:41:20.653+0000] {processor.py:175} INFO - Processing /home/airflow/.local/lib/python3.7/site-packages/airflow/example_dags/example_sla_dag.py took 0.056 seconds
[2023-05-10T17:56:37.409+0000] {processor.py:153} INFO - Started process (PID=696) to work on /home/airflow/.local/lib/python3.7/site-packages/airflow/example_dags/example_sla_dag.py
[2023-05-10T17:56:37.410+0000] {processor.py:743} INFO - Processing file /home/airflow/.local/lib/python3.7/site-packages/airflow/example_dags/example_sla_dag.py for tasks to queue
[2023-05-10T17:56:37.410+0000] {logging_mixin.py:137} INFO - [2023-05-10T17:56:37.410+0000] {dagbag.py:538} INFO - Filling up the DagBag from /home/airflow/.local/lib/python3.7/site-packages/airflow/example_dags/example_sla_dag.py
[2023-05-10T17:56:37.424+0000] {processor.py:753} INFO - DAG(s) dict_keys(['example_sla_dag']) retrieved from /home/airflow/.local/lib/python3.7/site-packages/airflow/example_dags/example_sla_dag.py
[2023-05-10T17:56:37.440+0000] {logging_mixin.py:137} INFO - [2023-05-10T17:56:37.440+0000] {dag.py:2690} INFO - Sync 1 DAGs
[2023-05-10T17:56:37.455+0000] {logging_mixin.py:137} INFO - [2023-05-10T17:56:37.455+0000] {dag.py:3441} INFO - Setting next_dagrun for example_sla_dag to 2023-05-10T17:54:00+00:00, run_after=2023-05-10T17:56:00+00:00
[2023-05-10T17:56:37.464+0000] {processor.py:175} INFO - Processing /home/airflow/.local/lib/python3.7/site-packages/airflow/example_dags/example_sla_dag.py took 0.058 seconds
[2023-05-10T18:14:19.660+0000] {processor.py:153} INFO - Started process (PID=772) to work on /home/airflow/.local/lib/python3.7/site-packages/airflow/example_dags/example_sla_dag.py
[2023-05-10T18:14:19.661+0000] {processor.py:743} INFO - Processing file /home/airflow/.local/lib/python3.7/site-packages/airflow/example_dags/example_sla_dag.py for tasks to queue
[2023-05-10T18:14:19.661+0000] {logging_mixin.py:137} INFO - [2023-05-10T18:14:19.661+0000] {dagbag.py:538} INFO - Filling up the DagBag from /home/airflow/.local/lib/python3.7/site-packages/airflow/example_dags/example_sla_dag.py
[2023-05-10T18:14:19.674+0000] {processor.py:753} INFO - DAG(s) dict_keys(['example_sla_dag']) retrieved from /home/airflow/.local/lib/python3.7/site-packages/airflow/example_dags/example_sla_dag.py
[2023-05-10T18:14:19.692+0000] {logging_mixin.py:137} INFO - [2023-05-10T18:14:19.692+0000] {dag.py:2690} INFO - Sync 1 DAGs
[2023-05-10T18:14:19.705+0000] {logging_mixin.py:137} INFO - [2023-05-10T18:14:19.705+0000] {dag.py:3441} INFO - Setting next_dagrun for example_sla_dag to 2023-05-10T18:12:00+00:00, run_after=2023-05-10T18:14:00+00:00
[2023-05-10T18:14:19.714+0000] {processor.py:175} INFO - Processing /home/airflow/.local/lib/python3.7/site-packages/airflow/example_dags/example_sla_dag.py took 0.057 seconds
[2023-05-10T18:14:50.256+0000] {processor.py:153} INFO - Started process (PID=835) to work on /home/airflow/.local/lib/python3.7/site-packages/airflow/example_dags/example_sla_dag.py
[2023-05-10T18:14:50.257+0000] {processor.py:743} INFO - Processing file /home/airflow/.local/lib/python3.7/site-packages/airflow/example_dags/example_sla_dag.py for tasks to queue
[2023-05-10T18:14:50.258+0000] {logging_mixin.py:137} INFO - [2023-05-10T18:14:50.258+0000] {dagbag.py:538} INFO - Filling up the DagBag from /home/airflow/.local/lib/python3.7/site-packages/airflow/example_dags/example_sla_dag.py
[2023-05-10T18:14:50.271+0000] {processor.py:753} INFO - DAG(s) dict_keys(['example_sla_dag']) retrieved from /home/airflow/.local/lib/python3.7/site-packages/airflow/example_dags/example_sla_dag.py
[2023-05-10T18:14:50.287+0000] {logging_mixin.py:137} INFO - [2023-05-10T18:14:50.287+0000] {dag.py:2690} INFO - Sync 1 DAGs
[2023-05-10T18:14:50.302+0000] {logging_mixin.py:137} INFO - [2023-05-10T18:14:50.301+0000] {dag.py:3441} INFO - Setting next_dagrun for example_sla_dag to 2023-05-10T18:12:00+00:00, run_after=2023-05-10T18:14:00+00:00
[2023-05-10T18:14:50.310+0000] {processor.py:175} INFO - Processing /home/airflow/.local/lib/python3.7/site-packages/airflow/example_dags/example_sla_dag.py took 0.056 seconds
[2023-05-10T18:30:30.227+0000] {processor.py:153} INFO - Started process (PID=912) to work on /home/airflow/.local/lib/python3.7/site-packages/airflow/example_dags/example_sla_dag.py
[2023-05-10T18:30:30.228+0000] {processor.py:743} INFO - Processing file /home/airflow/.local/lib/python3.7/site-packages/airflow/example_dags/example_sla_dag.py for tasks to queue
[2023-05-10T18:30:30.229+0000] {logging_mixin.py:137} INFO - [2023-05-10T18:30:30.229+0000] {dagbag.py:538} INFO - Filling up the DagBag from /home/airflow/.local/lib/python3.7/site-packages/airflow/example_dags/example_sla_dag.py
[2023-05-10T18:30:30.248+0000] {processor.py:753} INFO - DAG(s) dict_keys(['example_sla_dag']) retrieved from /home/airflow/.local/lib/python3.7/site-packages/airflow/example_dags/example_sla_dag.py
[2023-05-10T18:30:30.270+0000] {logging_mixin.py:137} INFO - [2023-05-10T18:30:30.270+0000] {dag.py:2690} INFO - Sync 1 DAGs
[2023-05-10T18:30:30.289+0000] {logging_mixin.py:137} INFO - [2023-05-10T18:30:30.289+0000] {dag.py:3441} INFO - Setting next_dagrun for example_sla_dag to 2023-05-10T18:28:00+00:00, run_after=2023-05-10T18:30:00+00:00
[2023-05-10T18:30:30.302+0000] {processor.py:175} INFO - Processing /home/airflow/.local/lib/python3.7/site-packages/airflow/example_dags/example_sla_dag.py took 0.076 seconds
[2023-05-10T18:31:01.111+0000] {processor.py:153} INFO - Started process (PID=988) to work on /home/airflow/.local/lib/python3.7/site-packages/airflow/example_dags/example_sla_dag.py
[2023-05-10T18:31:01.111+0000] {processor.py:743} INFO - Processing file /home/airflow/.local/lib/python3.7/site-packages/airflow/example_dags/example_sla_dag.py for tasks to queue
[2023-05-10T18:31:01.112+0000] {logging_mixin.py:137} INFO - [2023-05-10T18:31:01.112+0000] {dagbag.py:538} INFO - Filling up the DagBag from /home/airflow/.local/lib/python3.7/site-packages/airflow/example_dags/example_sla_dag.py
[2023-05-10T18:31:01.125+0000] {processor.py:753} INFO - DAG(s) dict_keys(['example_sla_dag']) retrieved from /home/airflow/.local/lib/python3.7/site-packages/airflow/example_dags/example_sla_dag.py
[2023-05-10T18:31:01.142+0000] {logging_mixin.py:137} INFO - [2023-05-10T18:31:01.142+0000] {dag.py:2690} INFO - Sync 1 DAGs
[2023-05-10T18:31:01.157+0000] {logging_mixin.py:137} INFO - [2023-05-10T18:31:01.157+0000] {dag.py:3441} INFO - Setting next_dagrun for example_sla_dag to 2023-05-10T18:28:00+00:00, run_after=2023-05-10T18:30:00+00:00
[2023-05-10T18:31:01.165+0000] {processor.py:175} INFO - Processing /home/airflow/.local/lib/python3.7/site-packages/airflow/example_dags/example_sla_dag.py took 0.057 seconds
[2023-05-10T18:47:37.517+0000] {processor.py:153} INFO - Started process (PID=1053) to work on /home/airflow/.local/lib/python3.7/site-packages/airflow/example_dags/example_sla_dag.py
[2023-05-10T18:47:37.519+0000] {processor.py:743} INFO - Processing file /home/airflow/.local/lib/python3.7/site-packages/airflow/example_dags/example_sla_dag.py for tasks to queue
[2023-05-10T18:47:37.519+0000] {logging_mixin.py:137} INFO - [2023-05-10T18:47:37.519+0000] {dagbag.py:538} INFO - Filling up the DagBag from /home/airflow/.local/lib/python3.7/site-packages/airflow/example_dags/example_sla_dag.py
[2023-05-10T18:47:37.533+0000] {processor.py:753} INFO - DAG(s) dict_keys(['example_sla_dag']) retrieved from /home/airflow/.local/lib/python3.7/site-packages/airflow/example_dags/example_sla_dag.py
[2023-05-10T18:47:37.554+0000] {logging_mixin.py:137} INFO - [2023-05-10T18:47:37.554+0000] {dag.py:2690} INFO - Sync 1 DAGs
[2023-05-10T18:47:37.569+0000] {logging_mixin.py:137} INFO - [2023-05-10T18:47:37.569+0000] {dag.py:3441} INFO - Setting next_dagrun for example_sla_dag to 2023-05-10T18:44:00+00:00, run_after=2023-05-10T18:46:00+00:00
[2023-05-10T18:47:37.578+0000] {processor.py:175} INFO - Processing /home/airflow/.local/lib/python3.7/site-packages/airflow/example_dags/example_sla_dag.py took 0.064 seconds
[2023-05-10T18:48:08.335+0000] {processor.py:153} INFO - Started process (PID=1127) to work on /home/airflow/.local/lib/python3.7/site-packages/airflow/example_dags/example_sla_dag.py
[2023-05-10T18:48:08.336+0000] {processor.py:743} INFO - Processing file /home/airflow/.local/lib/python3.7/site-packages/airflow/example_dags/example_sla_dag.py for tasks to queue
[2023-05-10T18:48:08.337+0000] {logging_mixin.py:137} INFO - [2023-05-10T18:48:08.337+0000] {dagbag.py:538} INFO - Filling up the DagBag from /home/airflow/.local/lib/python3.7/site-packages/airflow/example_dags/example_sla_dag.py
[2023-05-10T18:48:08.350+0000] {processor.py:753} INFO - DAG(s) dict_keys(['example_sla_dag']) retrieved from /home/airflow/.local/lib/python3.7/site-packages/airflow/example_dags/example_sla_dag.py
[2023-05-10T18:48:08.367+0000] {logging_mixin.py:137} INFO - [2023-05-10T18:48:08.366+0000] {dag.py:2690} INFO - Sync 1 DAGs
[2023-05-10T18:48:08.381+0000] {logging_mixin.py:137} INFO - [2023-05-10T18:48:08.381+0000] {dag.py:3441} INFO - Setting next_dagrun for example_sla_dag to 2023-05-10T18:46:00+00:00, run_after=2023-05-10T18:48:00+00:00
[2023-05-10T18:48:08.390+0000] {processor.py:175} INFO - Processing /home/airflow/.local/lib/python3.7/site-packages/airflow/example_dags/example_sla_dag.py took 0.057 seconds
[2023-05-10T18:49:23.521+0000] {processor.py:153} INFO - Started process (PID=1202) to work on /home/airflow/.local/lib/python3.7/site-packages/airflow/example_dags/example_sla_dag.py
[2023-05-10T18:49:23.522+0000] {processor.py:743} INFO - Processing file /home/airflow/.local/lib/python3.7/site-packages/airflow/example_dags/example_sla_dag.py for tasks to queue
[2023-05-10T18:49:23.522+0000] {logging_mixin.py:137} INFO - [2023-05-10T18:49:23.522+0000] {dagbag.py:538} INFO - Filling up the DagBag from /home/airflow/.local/lib/python3.7/site-packages/airflow/example_dags/example_sla_dag.py
[2023-05-10T18:49:23.535+0000] {processor.py:753} INFO - DAG(s) dict_keys(['example_sla_dag']) retrieved from /home/airflow/.local/lib/python3.7/site-packages/airflow/example_dags/example_sla_dag.py
[2023-05-10T18:49:23.552+0000] {logging_mixin.py:137} INFO - [2023-05-10T18:49:23.552+0000] {dag.py:2690} INFO - Sync 1 DAGs
[2023-05-10T18:49:23.567+0000] {logging_mixin.py:137} INFO - [2023-05-10T18:49:23.567+0000] {dag.py:3441} INFO - Setting next_dagrun for example_sla_dag to 2023-05-10T18:46:00+00:00, run_after=2023-05-10T18:48:00+00:00
[2023-05-10T18:49:23.575+0000] {processor.py:175} INFO - Processing /home/airflow/.local/lib/python3.7/site-packages/airflow/example_dags/example_sla_dag.py took 0.057 seconds
[2023-05-10T18:49:54.212+0000] {processor.py:153} INFO - Started process (PID=1266) to work on /home/airflow/.local/lib/python3.7/site-packages/airflow/example_dags/example_sla_dag.py
[2023-05-10T18:49:54.213+0000] {processor.py:743} INFO - Processing file /home/airflow/.local/lib/python3.7/site-packages/airflow/example_dags/example_sla_dag.py for tasks to queue
[2023-05-10T18:49:54.215+0000] {logging_mixin.py:137} INFO - [2023-05-10T18:49:54.215+0000] {dagbag.py:538} INFO - Filling up the DagBag from /home/airflow/.local/lib/python3.7/site-packages/airflow/example_dags/example_sla_dag.py
[2023-05-10T18:49:54.232+0000] {processor.py:753} INFO - DAG(s) dict_keys(['example_sla_dag']) retrieved from /home/airflow/.local/lib/python3.7/site-packages/airflow/example_dags/example_sla_dag.py
[2023-05-10T18:49:54.250+0000] {logging_mixin.py:137} INFO - [2023-05-10T18:49:54.250+0000] {dag.py:2690} INFO - Sync 1 DAGs
[2023-05-10T18:49:54.267+0000] {logging_mixin.py:137} INFO - [2023-05-10T18:49:54.267+0000] {dag.py:3441} INFO - Setting next_dagrun for example_sla_dag to 2023-05-10T18:46:00+00:00, run_after=2023-05-10T18:48:00+00:00
[2023-05-10T18:49:54.276+0000] {processor.py:175} INFO - Processing /home/airflow/.local/lib/python3.7/site-packages/airflow/example_dags/example_sla_dag.py took 0.067 seconds
[2023-05-10T18:50:25.025+0000] {processor.py:153} INFO - Started process (PID=1341) to work on /home/airflow/.local/lib/python3.7/site-packages/airflow/example_dags/example_sla_dag.py
[2023-05-10T18:50:25.026+0000] {processor.py:743} INFO - Processing file /home/airflow/.local/lib/python3.7/site-packages/airflow/example_dags/example_sla_dag.py for tasks to queue
[2023-05-10T18:50:25.026+0000] {logging_mixin.py:137} INFO - [2023-05-10T18:50:25.026+0000] {dagbag.py:538} INFO - Filling up the DagBag from /home/airflow/.local/lib/python3.7/site-packages/airflow/example_dags/example_sla_dag.py
[2023-05-10T18:50:25.039+0000] {processor.py:753} INFO - DAG(s) dict_keys(['example_sla_dag']) retrieved from /home/airflow/.local/lib/python3.7/site-packages/airflow/example_dags/example_sla_dag.py
[2023-05-10T18:50:25.056+0000] {logging_mixin.py:137} INFO - [2023-05-10T18:50:25.056+0000] {dag.py:2690} INFO - Sync 1 DAGs
[2023-05-10T18:50:25.072+0000] {logging_mixin.py:137} INFO - [2023-05-10T18:50:25.072+0000] {dag.py:3441} INFO - Setting next_dagrun for example_sla_dag to 2023-05-10T18:48:00+00:00, run_after=2023-05-10T18:50:00+00:00
[2023-05-10T18:50:25.080+0000] {processor.py:175} INFO - Processing /home/airflow/.local/lib/python3.7/site-packages/airflow/example_dags/example_sla_dag.py took 0.058 seconds
[2023-05-10T18:50:55.884+0000] {processor.py:153} INFO - Started process (PID=1414) to work on /home/airflow/.local/lib/python3.7/site-packages/airflow/example_dags/example_sla_dag.py
[2023-05-10T18:50:55.884+0000] {processor.py:743} INFO - Processing file /home/airflow/.local/lib/python3.7/site-packages/airflow/example_dags/example_sla_dag.py for tasks to queue
[2023-05-10T18:50:55.885+0000] {logging_mixin.py:137} INFO - [2023-05-10T18:50:55.885+0000] {dagbag.py:538} INFO - Filling up the DagBag from /home/airflow/.local/lib/python3.7/site-packages/airflow/example_dags/example_sla_dag.py
[2023-05-10T18:50:55.899+0000] {processor.py:753} INFO - DAG(s) dict_keys(['example_sla_dag']) retrieved from /home/airflow/.local/lib/python3.7/site-packages/airflow/example_dags/example_sla_dag.py
[2023-05-10T18:50:55.918+0000] {logging_mixin.py:137} INFO - [2023-05-10T18:50:55.917+0000] {dag.py:2690} INFO - Sync 1 DAGs
[2023-05-10T18:50:55.933+0000] {logging_mixin.py:137} INFO - [2023-05-10T18:50:55.933+0000] {dag.py:3441} INFO - Setting next_dagrun for example_sla_dag to 2023-05-10T18:48:00+00:00, run_after=2023-05-10T18:50:00+00:00
[2023-05-10T18:50:55.942+0000] {processor.py:175} INFO - Processing /home/airflow/.local/lib/python3.7/site-packages/airflow/example_dags/example_sla_dag.py took 0.061 seconds
[2023-05-10T18:51:26.598+0000] {processor.py:153} INFO - Started process (PID=1489) to work on /home/airflow/.local/lib/python3.7/site-packages/airflow/example_dags/example_sla_dag.py
[2023-05-10T18:51:26.599+0000] {processor.py:743} INFO - Processing file /home/airflow/.local/lib/python3.7/site-packages/airflow/example_dags/example_sla_dag.py for tasks to queue
[2023-05-10T18:51:26.599+0000] {logging_mixin.py:137} INFO - [2023-05-10T18:51:26.599+0000] {dagbag.py:538} INFO - Filling up the DagBag from /home/airflow/.local/lib/python3.7/site-packages/airflow/example_dags/example_sla_dag.py
[2023-05-10T18:51:26.613+0000] {processor.py:753} INFO - DAG(s) dict_keys(['example_sla_dag']) retrieved from /home/airflow/.local/lib/python3.7/site-packages/airflow/example_dags/example_sla_dag.py
[2023-05-10T18:51:26.629+0000] {logging_mixin.py:137} INFO - [2023-05-10T18:51:26.629+0000] {dag.py:2690} INFO - Sync 1 DAGs
[2023-05-10T18:51:26.644+0000] {logging_mixin.py:137} INFO - [2023-05-10T18:51:26.644+0000] {dag.py:3441} INFO - Setting next_dagrun for example_sla_dag to 2023-05-10T18:48:00+00:00, run_after=2023-05-10T18:50:00+00:00
[2023-05-10T18:51:26.653+0000] {processor.py:175} INFO - Processing /home/airflow/.local/lib/python3.7/site-packages/airflow/example_dags/example_sla_dag.py took 0.058 seconds
[2023-05-10T18:51:57.419+0000] {processor.py:153} INFO - Started process (PID=1552) to work on /home/airflow/.local/lib/python3.7/site-packages/airflow/example_dags/example_sla_dag.py
[2023-05-10T18:51:57.420+0000] {processor.py:743} INFO - Processing file /home/airflow/.local/lib/python3.7/site-packages/airflow/example_dags/example_sla_dag.py for tasks to queue
[2023-05-10T18:51:57.421+0000] {logging_mixin.py:137} INFO - [2023-05-10T18:51:57.421+0000] {dagbag.py:538} INFO - Filling up the DagBag from /home/airflow/.local/lib/python3.7/site-packages/airflow/example_dags/example_sla_dag.py
[2023-05-10T18:51:57.434+0000] {processor.py:753} INFO - DAG(s) dict_keys(['example_sla_dag']) retrieved from /home/airflow/.local/lib/python3.7/site-packages/airflow/example_dags/example_sla_dag.py
[2023-05-10T18:51:57.454+0000] {logging_mixin.py:137} INFO - [2023-05-10T18:51:57.454+0000] {dag.py:2690} INFO - Sync 1 DAGs
[2023-05-10T18:51:57.469+0000] {logging_mixin.py:137} INFO - [2023-05-10T18:51:57.469+0000] {dag.py:3441} INFO - Setting next_dagrun for example_sla_dag to 2023-05-10T18:48:00+00:00, run_after=2023-05-10T18:50:00+00:00
[2023-05-10T18:51:57.477+0000] {processor.py:175} INFO - Processing /home/airflow/.local/lib/python3.7/site-packages/airflow/example_dags/example_sla_dag.py took 0.060 seconds
[2023-05-10T18:52:28.350+0000] {processor.py:153} INFO - Started process (PID=1625) to work on /home/airflow/.local/lib/python3.7/site-packages/airflow/example_dags/example_sla_dag.py
[2023-05-10T18:52:28.351+0000] {processor.py:743} INFO - Processing file /home/airflow/.local/lib/python3.7/site-packages/airflow/example_dags/example_sla_dag.py for tasks to queue
[2023-05-10T18:52:28.352+0000] {logging_mixin.py:137} INFO - [2023-05-10T18:52:28.351+0000] {dagbag.py:538} INFO - Filling up the DagBag from /home/airflow/.local/lib/python3.7/site-packages/airflow/example_dags/example_sla_dag.py
[2023-05-10T18:52:28.365+0000] {processor.py:753} INFO - DAG(s) dict_keys(['example_sla_dag']) retrieved from /home/airflow/.local/lib/python3.7/site-packages/airflow/example_dags/example_sla_dag.py
[2023-05-10T18:52:28.383+0000] {logging_mixin.py:137} INFO - [2023-05-10T18:52:28.383+0000] {dag.py:2690} INFO - Sync 1 DAGs
[2023-05-10T18:52:28.397+0000] {logging_mixin.py:137} INFO - [2023-05-10T18:52:28.397+0000] {dag.py:3441} INFO - Setting next_dagrun for example_sla_dag to 2023-05-10T18:50:00+00:00, run_after=2023-05-10T18:52:00+00:00
[2023-05-10T18:52:28.408+0000] {processor.py:175} INFO - Processing /home/airflow/.local/lib/python3.7/site-packages/airflow/example_dags/example_sla_dag.py took 0.060 seconds
[2023-05-10T18:52:59.136+0000] {processor.py:153} INFO - Started process (PID=1700) to work on /home/airflow/.local/lib/python3.7/site-packages/airflow/example_dags/example_sla_dag.py
[2023-05-10T18:52:59.137+0000] {processor.py:743} INFO - Processing file /home/airflow/.local/lib/python3.7/site-packages/airflow/example_dags/example_sla_dag.py for tasks to queue
[2023-05-10T18:52:59.137+0000] {logging_mixin.py:137} INFO - [2023-05-10T18:52:59.137+0000] {dagbag.py:538} INFO - Filling up the DagBag from /home/airflow/.local/lib/python3.7/site-packages/airflow/example_dags/example_sla_dag.py
[2023-05-10T18:52:59.152+0000] {processor.py:753} INFO - DAG(s) dict_keys(['example_sla_dag']) retrieved from /home/airflow/.local/lib/python3.7/site-packages/airflow/example_dags/example_sla_dag.py
[2023-05-10T18:52:59.169+0000] {logging_mixin.py:137} INFO - [2023-05-10T18:52:59.169+0000] {dag.py:2690} INFO - Sync 1 DAGs
[2023-05-10T18:52:59.185+0000] {logging_mixin.py:137} INFO - [2023-05-10T18:52:59.185+0000] {dag.py:3441} INFO - Setting next_dagrun for example_sla_dag to 2023-05-10T18:50:00+00:00, run_after=2023-05-10T18:52:00+00:00
[2023-05-10T18:52:59.194+0000] {processor.py:175} INFO - Processing /home/airflow/.local/lib/python3.7/site-packages/airflow/example_dags/example_sla_dag.py took 0.061 seconds
[2023-05-10T18:53:29.926+0000] {processor.py:153} INFO - Started process (PID=1775) to work on /home/airflow/.local/lib/python3.7/site-packages/airflow/example_dags/example_sla_dag.py
[2023-05-10T18:53:29.927+0000] {processor.py:743} INFO - Processing file /home/airflow/.local/lib/python3.7/site-packages/airflow/example_dags/example_sla_dag.py for tasks to queue
[2023-05-10T18:53:29.927+0000] {logging_mixin.py:137} INFO - [2023-05-10T18:53:29.927+0000] {dagbag.py:538} INFO - Filling up the DagBag from /home/airflow/.local/lib/python3.7/site-packages/airflow/example_dags/example_sla_dag.py
[2023-05-10T18:53:29.941+0000] {processor.py:753} INFO - DAG(s) dict_keys(['example_sla_dag']) retrieved from /home/airflow/.local/lib/python3.7/site-packages/airflow/example_dags/example_sla_dag.py
[2023-05-10T18:53:29.958+0000] {logging_mixin.py:137} INFO - [2023-05-10T18:53:29.958+0000] {dag.py:2690} INFO - Sync 1 DAGs
[2023-05-10T18:53:29.973+0000] {logging_mixin.py:137} INFO - [2023-05-10T18:53:29.973+0000] {dag.py:3441} INFO - Setting next_dagrun for example_sla_dag to 2023-05-10T18:50:00+00:00, run_after=2023-05-10T18:52:00+00:00
[2023-05-10T18:53:29.981+0000] {processor.py:175} INFO - Processing /home/airflow/.local/lib/python3.7/site-packages/airflow/example_dags/example_sla_dag.py took 0.057 seconds
[2023-05-10T18:54:00.759+0000] {processor.py:153} INFO - Started process (PID=1837) to work on /home/airflow/.local/lib/python3.7/site-packages/airflow/example_dags/example_sla_dag.py
[2023-05-10T18:54:00.761+0000] {processor.py:743} INFO - Processing file /home/airflow/.local/lib/python3.7/site-packages/airflow/example_dags/example_sla_dag.py for tasks to queue
[2023-05-10T18:54:00.761+0000] {logging_mixin.py:137} INFO - [2023-05-10T18:54:00.761+0000] {dagbag.py:538} INFO - Filling up the DagBag from /home/airflow/.local/lib/python3.7/site-packages/airflow/example_dags/example_sla_dag.py
[2023-05-10T18:54:00.775+0000] {processor.py:753} INFO - DAG(s) dict_keys(['example_sla_dag']) retrieved from /home/airflow/.local/lib/python3.7/site-packages/airflow/example_dags/example_sla_dag.py
[2023-05-10T18:54:00.791+0000] {logging_mixin.py:137} INFO - [2023-05-10T18:54:00.791+0000] {dag.py:2690} INFO - Sync 1 DAGs
[2023-05-10T18:54:00.806+0000] {logging_mixin.py:137} INFO - [2023-05-10T18:54:00.806+0000] {dag.py:3441} INFO - Setting next_dagrun for example_sla_dag to 2023-05-10T18:52:00+00:00, run_after=2023-05-10T18:54:00+00:00
[2023-05-10T18:54:00.814+0000] {processor.py:175} INFO - Processing /home/airflow/.local/lib/python3.7/site-packages/airflow/example_dags/example_sla_dag.py took 0.057 seconds
[2023-05-10T18:54:31.491+0000] {processor.py:153} INFO - Started process (PID=1913) to work on /home/airflow/.local/lib/python3.7/site-packages/airflow/example_dags/example_sla_dag.py
[2023-05-10T18:54:31.492+0000] {processor.py:743} INFO - Processing file /home/airflow/.local/lib/python3.7/site-packages/airflow/example_dags/example_sla_dag.py for tasks to queue
[2023-05-10T18:54:31.493+0000] {logging_mixin.py:137} INFO - [2023-05-10T18:54:31.493+0000] {dagbag.py:538} INFO - Filling up the DagBag from /home/airflow/.local/lib/python3.7/site-packages/airflow/example_dags/example_sla_dag.py
[2023-05-10T18:54:31.505+0000] {processor.py:753} INFO - DAG(s) dict_keys(['example_sla_dag']) retrieved from /home/airflow/.local/lib/python3.7/site-packages/airflow/example_dags/example_sla_dag.py
[2023-05-10T18:54:31.523+0000] {logging_mixin.py:137} INFO - [2023-05-10T18:54:31.522+0000] {dag.py:2690} INFO - Sync 1 DAGs
[2023-05-10T18:54:31.538+0000] {logging_mixin.py:137} INFO - [2023-05-10T18:54:31.538+0000] {dag.py:3441} INFO - Setting next_dagrun for example_sla_dag to 2023-05-10T18:52:00+00:00, run_after=2023-05-10T18:54:00+00:00
[2023-05-10T18:54:31.546+0000] {processor.py:175} INFO - Processing /home/airflow/.local/lib/python3.7/site-packages/airflow/example_dags/example_sla_dag.py took 0.058 seconds
[2023-05-10T18:55:02.238+0000] {processor.py:153} INFO - Started process (PID=1988) to work on /home/airflow/.local/lib/python3.7/site-packages/airflow/example_dags/example_sla_dag.py
[2023-05-10T18:55:02.239+0000] {processor.py:743} INFO - Processing file /home/airflow/.local/lib/python3.7/site-packages/airflow/example_dags/example_sla_dag.py for tasks to queue
[2023-05-10T18:55:02.240+0000] {logging_mixin.py:137} INFO - [2023-05-10T18:55:02.240+0000] {dagbag.py:538} INFO - Filling up the DagBag from /home/airflow/.local/lib/python3.7/site-packages/airflow/example_dags/example_sla_dag.py
[2023-05-10T18:55:02.253+0000] {processor.py:753} INFO - DAG(s) dict_keys(['example_sla_dag']) retrieved from /home/airflow/.local/lib/python3.7/site-packages/airflow/example_dags/example_sla_dag.py
[2023-05-10T18:55:02.270+0000] {logging_mixin.py:137} INFO - [2023-05-10T18:55:02.270+0000] {dag.py:2690} INFO - Sync 1 DAGs
[2023-05-10T18:55:02.285+0000] {logging_mixin.py:137} INFO - [2023-05-10T18:55:02.285+0000] {dag.py:3441} INFO - Setting next_dagrun for example_sla_dag to 2023-05-10T18:52:00+00:00, run_after=2023-05-10T18:54:00+00:00
[2023-05-10T18:55:02.293+0000] {processor.py:175} INFO - Processing /home/airflow/.local/lib/python3.7/site-packages/airflow/example_dags/example_sla_dag.py took 0.058 seconds
