[2023-05-10T17:37:13.968+0000] {processor.py:153} INFO - Started process (PID=61) to work on /home/airflow/.local/lib/python3.7/site-packages/airflow/example_dags/example_local_kubernetes_executor.py
[2023-05-10T17:37:13.971+0000] {processor.py:743} INFO - Processing file /home/airflow/.local/lib/python3.7/site-packages/airflow/example_dags/example_local_kubernetes_executor.py for tasks to queue
[2023-05-10T17:37:13.983+0000] {logging_mixin.py:137} INFO - [2023-05-10T17:37:13.983+0000] {dagbag.py:538} INFO - Filling up the DagBag from /home/airflow/.local/lib/python3.7/site-packages/airflow/example_dags/example_local_kubernetes_executor.py
[2023-05-10T17:37:14.034+0000] {processor.py:753} INFO - DAG(s) dict_keys(['example_local_kubernetes_executor']) retrieved from /home/airflow/.local/lib/python3.7/site-packages/airflow/example_dags/example_local_kubernetes_executor.py
[2023-05-10T17:37:14.306+0000] {logging_mixin.py:137} INFO - [2023-05-10T17:37:14.306+0000] {manager.py:504} INFO - Created Permission View: can edit on DAG:example_local_kubernetes_executor
[2023-05-10T17:37:14.320+0000] {logging_mixin.py:137} INFO - [2023-05-10T17:37:14.320+0000] {manager.py:504} INFO - Created Permission View: can read on DAG:example_local_kubernetes_executor
[2023-05-10T17:37:14.324+0000] {logging_mixin.py:137} INFO - [2023-05-10T17:37:14.324+0000] {manager.py:504} INFO - Created Permission View: can delete on DAG:example_local_kubernetes_executor
[2023-05-10T17:37:14.325+0000] {logging_mixin.py:137} INFO - [2023-05-10T17:37:14.325+0000] {dag.py:2690} INFO - Sync 1 DAGs
[2023-05-10T17:37:14.356+0000] {logging_mixin.py:137} INFO - [2023-05-10T17:37:14.355+0000] {dag.py:2711} INFO - Creating ORM DAG for example_local_kubernetes_executor
[2023-05-10T17:37:14.388+0000] {logging_mixin.py:137} INFO - [2023-05-10T17:37:14.388+0000] {dag.py:3441} INFO - Setting next_dagrun for example_local_kubernetes_executor to None, run_after=None
[2023-05-10T17:37:14.427+0000] {processor.py:175} INFO - Processing /home/airflow/.local/lib/python3.7/site-packages/airflow/example_dags/example_local_kubernetes_executor.py took 0.462 seconds
[2023-05-10T17:37:44.781+0000] {processor.py:153} INFO - Started process (PID=135) to work on /home/airflow/.local/lib/python3.7/site-packages/airflow/example_dags/example_local_kubernetes_executor.py
[2023-05-10T17:37:44.782+0000] {processor.py:743} INFO - Processing file /home/airflow/.local/lib/python3.7/site-packages/airflow/example_dags/example_local_kubernetes_executor.py for tasks to queue
[2023-05-10T17:37:44.783+0000] {logging_mixin.py:137} INFO - [2023-05-10T17:37:44.783+0000] {dagbag.py:538} INFO - Filling up the DagBag from /home/airflow/.local/lib/python3.7/site-packages/airflow/example_dags/example_local_kubernetes_executor.py
[2023-05-10T17:37:44.799+0000] {processor.py:753} INFO - DAG(s) dict_keys(['example_local_kubernetes_executor']) retrieved from /home/airflow/.local/lib/python3.7/site-packages/airflow/example_dags/example_local_kubernetes_executor.py
[2023-05-10T17:37:44.832+0000] {logging_mixin.py:137} INFO - [2023-05-10T17:37:44.832+0000] {dag.py:2690} INFO - Sync 1 DAGs
[2023-05-10T17:37:44.847+0000] {logging_mixin.py:137} INFO - [2023-05-10T17:37:44.846+0000] {dag.py:3441} INFO - Setting next_dagrun for example_local_kubernetes_executor to None, run_after=None
[2023-05-10T17:37:44.874+0000] {processor.py:175} INFO - Processing /home/airflow/.local/lib/python3.7/site-packages/airflow/example_dags/example_local_kubernetes_executor.py took 0.096 seconds
[2023-05-10T17:38:16.184+0000] {processor.py:153} INFO - Started process (PID=211) to work on /home/airflow/.local/lib/python3.7/site-packages/airflow/example_dags/example_local_kubernetes_executor.py
[2023-05-10T17:38:16.186+0000] {processor.py:743} INFO - Processing file /home/airflow/.local/lib/python3.7/site-packages/airflow/example_dags/example_local_kubernetes_executor.py for tasks to queue
[2023-05-10T17:38:16.192+0000] {logging_mixin.py:137} INFO - [2023-05-10T17:38:16.192+0000] {dagbag.py:538} INFO - Filling up the DagBag from /home/airflow/.local/lib/python3.7/site-packages/airflow/example_dags/example_local_kubernetes_executor.py
[2023-05-10T17:38:16.214+0000] {processor.py:753} INFO - DAG(s) dict_keys(['example_local_kubernetes_executor']) retrieved from /home/airflow/.local/lib/python3.7/site-packages/airflow/example_dags/example_local_kubernetes_executor.py
[2023-05-10T17:38:16.257+0000] {logging_mixin.py:137} INFO - [2023-05-10T17:38:16.257+0000] {dag.py:2690} INFO - Sync 1 DAGs
[2023-05-10T17:38:16.276+0000] {logging_mixin.py:137} INFO - [2023-05-10T17:38:16.276+0000] {dag.py:3441} INFO - Setting next_dagrun for example_local_kubernetes_executor to None, run_after=None
[2023-05-10T17:38:16.292+0000] {processor.py:175} INFO - Processing /home/airflow/.local/lib/python3.7/site-packages/airflow/example_dags/example_local_kubernetes_executor.py took 0.118 seconds
[2023-05-10T17:38:46.484+0000] {processor.py:153} INFO - Started process (PID=275) to work on /home/airflow/.local/lib/python3.7/site-packages/airflow/example_dags/example_local_kubernetes_executor.py
[2023-05-10T17:38:46.484+0000] {processor.py:743} INFO - Processing file /home/airflow/.local/lib/python3.7/site-packages/airflow/example_dags/example_local_kubernetes_executor.py for tasks to queue
[2023-05-10T17:38:46.485+0000] {logging_mixin.py:137} INFO - [2023-05-10T17:38:46.485+0000] {dagbag.py:538} INFO - Filling up the DagBag from /home/airflow/.local/lib/python3.7/site-packages/airflow/example_dags/example_local_kubernetes_executor.py
[2023-05-10T17:38:46.498+0000] {processor.py:753} INFO - DAG(s) dict_keys(['example_local_kubernetes_executor']) retrieved from /home/airflow/.local/lib/python3.7/site-packages/airflow/example_dags/example_local_kubernetes_executor.py
[2023-05-10T17:38:46.517+0000] {logging_mixin.py:137} INFO - [2023-05-10T17:38:46.517+0000] {dag.py:2690} INFO - Sync 1 DAGs
[2023-05-10T17:38:46.530+0000] {logging_mixin.py:137} INFO - [2023-05-10T17:38:46.530+0000] {dag.py:3441} INFO - Setting next_dagrun for example_local_kubernetes_executor to None, run_after=None
[2023-05-10T17:38:46.540+0000] {processor.py:175} INFO - Processing /home/airflow/.local/lib/python3.7/site-packages/airflow/example_dags/example_local_kubernetes_executor.py took 0.058 seconds
[2023-05-10T17:39:17.438+0000] {processor.py:153} INFO - Started process (PID=351) to work on /home/airflow/.local/lib/python3.7/site-packages/airflow/example_dags/example_local_kubernetes_executor.py
[2023-05-10T17:39:17.438+0000] {processor.py:743} INFO - Processing file /home/airflow/.local/lib/python3.7/site-packages/airflow/example_dags/example_local_kubernetes_executor.py for tasks to queue
[2023-05-10T17:39:17.439+0000] {logging_mixin.py:137} INFO - [2023-05-10T17:39:17.439+0000] {dagbag.py:538} INFO - Filling up the DagBag from /home/airflow/.local/lib/python3.7/site-packages/airflow/example_dags/example_local_kubernetes_executor.py
[2023-05-10T17:39:17.452+0000] {processor.py:753} INFO - DAG(s) dict_keys(['example_local_kubernetes_executor']) retrieved from /home/airflow/.local/lib/python3.7/site-packages/airflow/example_dags/example_local_kubernetes_executor.py
[2023-05-10T17:39:17.471+0000] {logging_mixin.py:137} INFO - [2023-05-10T17:39:17.470+0000] {dag.py:2690} INFO - Sync 1 DAGs
[2023-05-10T17:39:17.484+0000] {logging_mixin.py:137} INFO - [2023-05-10T17:39:17.483+0000] {dag.py:3441} INFO - Setting next_dagrun for example_local_kubernetes_executor to None, run_after=None
[2023-05-10T17:39:17.493+0000] {processor.py:175} INFO - Processing /home/airflow/.local/lib/python3.7/site-packages/airflow/example_dags/example_local_kubernetes_executor.py took 0.058 seconds
[2023-05-10T17:39:48.395+0000] {processor.py:153} INFO - Started process (PID=425) to work on /home/airflow/.local/lib/python3.7/site-packages/airflow/example_dags/example_local_kubernetes_executor.py
[2023-05-10T17:39:48.396+0000] {processor.py:743} INFO - Processing file /home/airflow/.local/lib/python3.7/site-packages/airflow/example_dags/example_local_kubernetes_executor.py for tasks to queue
[2023-05-10T17:39:48.396+0000] {logging_mixin.py:137} INFO - [2023-05-10T17:39:48.396+0000] {dagbag.py:538} INFO - Filling up the DagBag from /home/airflow/.local/lib/python3.7/site-packages/airflow/example_dags/example_local_kubernetes_executor.py
[2023-05-10T17:39:48.409+0000] {processor.py:753} INFO - DAG(s) dict_keys(['example_local_kubernetes_executor']) retrieved from /home/airflow/.local/lib/python3.7/site-packages/airflow/example_dags/example_local_kubernetes_executor.py
[2023-05-10T17:39:48.427+0000] {logging_mixin.py:137} INFO - [2023-05-10T17:39:48.427+0000] {dag.py:2690} INFO - Sync 1 DAGs
[2023-05-10T17:39:48.440+0000] {logging_mixin.py:137} INFO - [2023-05-10T17:39:48.440+0000] {dag.py:3441} INFO - Setting next_dagrun for example_local_kubernetes_executor to None, run_after=None
[2023-05-10T17:39:48.449+0000] {processor.py:175} INFO - Processing /home/airflow/.local/lib/python3.7/site-packages/airflow/example_dags/example_local_kubernetes_executor.py took 0.056 seconds
[2023-05-10T17:40:19.327+0000] {processor.py:153} INFO - Started process (PID=502) to work on /home/airflow/.local/lib/python3.7/site-packages/airflow/example_dags/example_local_kubernetes_executor.py
[2023-05-10T17:40:19.328+0000] {processor.py:743} INFO - Processing file /home/airflow/.local/lib/python3.7/site-packages/airflow/example_dags/example_local_kubernetes_executor.py for tasks to queue
[2023-05-10T17:40:19.329+0000] {logging_mixin.py:137} INFO - [2023-05-10T17:40:19.329+0000] {dagbag.py:538} INFO - Filling up the DagBag from /home/airflow/.local/lib/python3.7/site-packages/airflow/example_dags/example_local_kubernetes_executor.py
[2023-05-10T17:40:19.342+0000] {processor.py:753} INFO - DAG(s) dict_keys(['example_local_kubernetes_executor']) retrieved from /home/airflow/.local/lib/python3.7/site-packages/airflow/example_dags/example_local_kubernetes_executor.py
[2023-05-10T17:40:19.360+0000] {logging_mixin.py:137} INFO - [2023-05-10T17:40:19.360+0000] {dag.py:2690} INFO - Sync 1 DAGs
[2023-05-10T17:40:19.373+0000] {logging_mixin.py:137} INFO - [2023-05-10T17:40:19.373+0000] {dag.py:3441} INFO - Setting next_dagrun for example_local_kubernetes_executor to None, run_after=None
[2023-05-10T17:40:19.382+0000] {processor.py:175} INFO - Processing /home/airflow/.local/lib/python3.7/site-packages/airflow/example_dags/example_local_kubernetes_executor.py took 0.057 seconds
[2023-05-10T17:40:50.192+0000] {processor.py:153} INFO - Started process (PID=565) to work on /home/airflow/.local/lib/python3.7/site-packages/airflow/example_dags/example_local_kubernetes_executor.py
[2023-05-10T17:40:50.193+0000] {processor.py:743} INFO - Processing file /home/airflow/.local/lib/python3.7/site-packages/airflow/example_dags/example_local_kubernetes_executor.py for tasks to queue
[2023-05-10T17:40:50.193+0000] {logging_mixin.py:137} INFO - [2023-05-10T17:40:50.193+0000] {dagbag.py:538} INFO - Filling up the DagBag from /home/airflow/.local/lib/python3.7/site-packages/airflow/example_dags/example_local_kubernetes_executor.py
[2023-05-10T17:40:50.206+0000] {processor.py:753} INFO - DAG(s) dict_keys(['example_local_kubernetes_executor']) retrieved from /home/airflow/.local/lib/python3.7/site-packages/airflow/example_dags/example_local_kubernetes_executor.py
[2023-05-10T17:40:50.223+0000] {logging_mixin.py:137} INFO - [2023-05-10T17:40:50.223+0000] {dag.py:2690} INFO - Sync 1 DAGs
[2023-05-10T17:40:50.235+0000] {logging_mixin.py:137} INFO - [2023-05-10T17:40:50.235+0000] {dag.py:3441} INFO - Setting next_dagrun for example_local_kubernetes_executor to None, run_after=None
[2023-05-10T17:40:50.245+0000] {processor.py:175} INFO - Processing /home/airflow/.local/lib/python3.7/site-packages/airflow/example_dags/example_local_kubernetes_executor.py took 0.055 seconds
[2023-05-10T17:41:20.427+0000] {processor.py:153} INFO - Started process (PID=642) to work on /home/airflow/.local/lib/python3.7/site-packages/airflow/example_dags/example_local_kubernetes_executor.py
[2023-05-10T17:41:20.428+0000] {processor.py:743} INFO - Processing file /home/airflow/.local/lib/python3.7/site-packages/airflow/example_dags/example_local_kubernetes_executor.py for tasks to queue
[2023-05-10T17:41:20.429+0000] {logging_mixin.py:137} INFO - [2023-05-10T17:41:20.429+0000] {dagbag.py:538} INFO - Filling up the DagBag from /home/airflow/.local/lib/python3.7/site-packages/airflow/example_dags/example_local_kubernetes_executor.py
[2023-05-10T17:41:20.442+0000] {processor.py:753} INFO - DAG(s) dict_keys(['example_local_kubernetes_executor']) retrieved from /home/airflow/.local/lib/python3.7/site-packages/airflow/example_dags/example_local_kubernetes_executor.py
[2023-05-10T17:41:20.460+0000] {logging_mixin.py:137} INFO - [2023-05-10T17:41:20.460+0000] {dag.py:2690} INFO - Sync 1 DAGs
[2023-05-10T17:41:20.473+0000] {logging_mixin.py:137} INFO - [2023-05-10T17:41:20.472+0000] {dag.py:3441} INFO - Setting next_dagrun for example_local_kubernetes_executor to None, run_after=None
[2023-05-10T17:41:20.483+0000] {processor.py:175} INFO - Processing /home/airflow/.local/lib/python3.7/site-packages/airflow/example_dags/example_local_kubernetes_executor.py took 0.058 seconds
[2023-05-10T17:56:37.299+0000] {processor.py:153} INFO - Started process (PID=693) to work on /home/airflow/.local/lib/python3.7/site-packages/airflow/example_dags/example_local_kubernetes_executor.py
[2023-05-10T17:56:37.300+0000] {processor.py:743} INFO - Processing file /home/airflow/.local/lib/python3.7/site-packages/airflow/example_dags/example_local_kubernetes_executor.py for tasks to queue
[2023-05-10T17:56:37.301+0000] {logging_mixin.py:137} INFO - [2023-05-10T17:56:37.300+0000] {dagbag.py:538} INFO - Filling up the DagBag from /home/airflow/.local/lib/python3.7/site-packages/airflow/example_dags/example_local_kubernetes_executor.py
[2023-05-10T17:56:37.314+0000] {processor.py:753} INFO - DAG(s) dict_keys(['example_local_kubernetes_executor']) retrieved from /home/airflow/.local/lib/python3.7/site-packages/airflow/example_dags/example_local_kubernetes_executor.py
[2023-05-10T17:56:37.332+0000] {logging_mixin.py:137} INFO - [2023-05-10T17:56:37.332+0000] {dag.py:2690} INFO - Sync 1 DAGs
[2023-05-10T17:56:37.345+0000] {logging_mixin.py:137} INFO - [2023-05-10T17:56:37.345+0000] {dag.py:3441} INFO - Setting next_dagrun for example_local_kubernetes_executor to None, run_after=None
[2023-05-10T17:56:37.354+0000] {processor.py:175} INFO - Processing /home/airflow/.local/lib/python3.7/site-packages/airflow/example_dags/example_local_kubernetes_executor.py took 0.057 seconds
[2023-05-10T18:14:19.566+0000] {processor.py:153} INFO - Started process (PID=769) to work on /home/airflow/.local/lib/python3.7/site-packages/airflow/example_dags/example_local_kubernetes_executor.py
[2023-05-10T18:14:19.567+0000] {processor.py:743} INFO - Processing file /home/airflow/.local/lib/python3.7/site-packages/airflow/example_dags/example_local_kubernetes_executor.py for tasks to queue
[2023-05-10T18:14:19.568+0000] {logging_mixin.py:137} INFO - [2023-05-10T18:14:19.568+0000] {dagbag.py:538} INFO - Filling up the DagBag from /home/airflow/.local/lib/python3.7/site-packages/airflow/example_dags/example_local_kubernetes_executor.py
[2023-05-10T18:14:19.582+0000] {processor.py:753} INFO - DAG(s) dict_keys(['example_local_kubernetes_executor']) retrieved from /home/airflow/.local/lib/python3.7/site-packages/airflow/example_dags/example_local_kubernetes_executor.py
[2023-05-10T18:14:19.600+0000] {logging_mixin.py:137} INFO - [2023-05-10T18:14:19.600+0000] {dag.py:2690} INFO - Sync 1 DAGs
[2023-05-10T18:14:19.612+0000] {logging_mixin.py:137} INFO - [2023-05-10T18:14:19.612+0000] {dag.py:3441} INFO - Setting next_dagrun for example_local_kubernetes_executor to None, run_after=None
[2023-05-10T18:14:19.621+0000] {processor.py:175} INFO - Processing /home/airflow/.local/lib/python3.7/site-packages/airflow/example_dags/example_local_kubernetes_executor.py took 0.058 seconds
[2023-05-10T18:14:50.161+0000] {processor.py:153} INFO - Started process (PID=832) to work on /home/airflow/.local/lib/python3.7/site-packages/airflow/example_dags/example_local_kubernetes_executor.py
[2023-05-10T18:14:50.161+0000] {processor.py:743} INFO - Processing file /home/airflow/.local/lib/python3.7/site-packages/airflow/example_dags/example_local_kubernetes_executor.py for tasks to queue
[2023-05-10T18:14:50.162+0000] {logging_mixin.py:137} INFO - [2023-05-10T18:14:50.162+0000] {dagbag.py:538} INFO - Filling up the DagBag from /home/airflow/.local/lib/python3.7/site-packages/airflow/example_dags/example_local_kubernetes_executor.py
[2023-05-10T18:14:50.176+0000] {processor.py:753} INFO - DAG(s) dict_keys(['example_local_kubernetes_executor']) retrieved from /home/airflow/.local/lib/python3.7/site-packages/airflow/example_dags/example_local_kubernetes_executor.py
[2023-05-10T18:14:50.194+0000] {logging_mixin.py:137} INFO - [2023-05-10T18:14:50.194+0000] {dag.py:2690} INFO - Sync 1 DAGs
[2023-05-10T18:14:50.207+0000] {logging_mixin.py:137} INFO - [2023-05-10T18:14:50.207+0000] {dag.py:3441} INFO - Setting next_dagrun for example_local_kubernetes_executor to None, run_after=None
[2023-05-10T18:14:50.216+0000] {processor.py:175} INFO - Processing /home/airflow/.local/lib/python3.7/site-packages/airflow/example_dags/example_local_kubernetes_executor.py took 0.058 seconds
[2023-05-10T18:30:30.065+0000] {processor.py:153} INFO - Started process (PID=909) to work on /home/airflow/.local/lib/python3.7/site-packages/airflow/example_dags/example_local_kubernetes_executor.py
[2023-05-10T18:30:30.066+0000] {processor.py:743} INFO - Processing file /home/airflow/.local/lib/python3.7/site-packages/airflow/example_dags/example_local_kubernetes_executor.py for tasks to queue
[2023-05-10T18:30:30.067+0000] {logging_mixin.py:137} INFO - [2023-05-10T18:30:30.067+0000] {dagbag.py:538} INFO - Filling up the DagBag from /home/airflow/.local/lib/python3.7/site-packages/airflow/example_dags/example_local_kubernetes_executor.py
[2023-05-10T18:30:30.080+0000] {processor.py:753} INFO - DAG(s) dict_keys(['example_local_kubernetes_executor']) retrieved from /home/airflow/.local/lib/python3.7/site-packages/airflow/example_dags/example_local_kubernetes_executor.py
[2023-05-10T18:30:30.099+0000] {logging_mixin.py:137} INFO - [2023-05-10T18:30:30.099+0000] {dag.py:2690} INFO - Sync 1 DAGs
[2023-05-10T18:30:30.113+0000] {logging_mixin.py:137} INFO - [2023-05-10T18:30:30.113+0000] {dag.py:3441} INFO - Setting next_dagrun for example_local_kubernetes_executor to None, run_after=None
[2023-05-10T18:30:30.123+0000] {processor.py:175} INFO - Processing /home/airflow/.local/lib/python3.7/site-packages/airflow/example_dags/example_local_kubernetes_executor.py took 0.060 seconds
[2023-05-10T18:31:00.958+0000] {processor.py:153} INFO - Started process (PID=985) to work on /home/airflow/.local/lib/python3.7/site-packages/airflow/example_dags/example_local_kubernetes_executor.py
[2023-05-10T18:31:00.959+0000] {processor.py:743} INFO - Processing file /home/airflow/.local/lib/python3.7/site-packages/airflow/example_dags/example_local_kubernetes_executor.py for tasks to queue
[2023-05-10T18:31:00.959+0000] {logging_mixin.py:137} INFO - [2023-05-10T18:31:00.959+0000] {dagbag.py:538} INFO - Filling up the DagBag from /home/airflow/.local/lib/python3.7/site-packages/airflow/example_dags/example_local_kubernetes_executor.py
[2023-05-10T18:31:00.973+0000] {processor.py:753} INFO - DAG(s) dict_keys(['example_local_kubernetes_executor']) retrieved from /home/airflow/.local/lib/python3.7/site-packages/airflow/example_dags/example_local_kubernetes_executor.py
[2023-05-10T18:31:00.992+0000] {logging_mixin.py:137} INFO - [2023-05-10T18:31:00.991+0000] {dag.py:2690} INFO - Sync 1 DAGs
[2023-05-10T18:31:01.004+0000] {logging_mixin.py:137} INFO - [2023-05-10T18:31:01.004+0000] {dag.py:3441} INFO - Setting next_dagrun for example_local_kubernetes_executor to None, run_after=None
[2023-05-10T18:31:01.013+0000] {processor.py:175} INFO - Processing /home/airflow/.local/lib/python3.7/site-packages/airflow/example_dags/example_local_kubernetes_executor.py took 0.059 seconds
[2023-05-10T18:47:37.407+0000] {processor.py:153} INFO - Started process (PID=1049) to work on /home/airflow/.local/lib/python3.7/site-packages/airflow/example_dags/example_local_kubernetes_executor.py
[2023-05-10T18:47:37.409+0000] {processor.py:743} INFO - Processing file /home/airflow/.local/lib/python3.7/site-packages/airflow/example_dags/example_local_kubernetes_executor.py for tasks to queue
[2023-05-10T18:47:37.409+0000] {logging_mixin.py:137} INFO - [2023-05-10T18:47:37.409+0000] {dagbag.py:538} INFO - Filling up the DagBag from /home/airflow/.local/lib/python3.7/site-packages/airflow/example_dags/example_local_kubernetes_executor.py
[2023-05-10T18:47:37.424+0000] {processor.py:753} INFO - DAG(s) dict_keys(['example_local_kubernetes_executor']) retrieved from /home/airflow/.local/lib/python3.7/site-packages/airflow/example_dags/example_local_kubernetes_executor.py
[2023-05-10T18:47:37.442+0000] {logging_mixin.py:137} INFO - [2023-05-10T18:47:37.441+0000] {dag.py:2690} INFO - Sync 1 DAGs
[2023-05-10T18:47:37.455+0000] {logging_mixin.py:137} INFO - [2023-05-10T18:47:37.454+0000] {dag.py:3441} INFO - Setting next_dagrun for example_local_kubernetes_executor to None, run_after=None
[2023-05-10T18:47:37.463+0000] {processor.py:175} INFO - Processing /home/airflow/.local/lib/python3.7/site-packages/airflow/example_dags/example_local_kubernetes_executor.py took 0.058 seconds
[2023-05-10T18:48:08.221+0000] {processor.py:153} INFO - Started process (PID=1124) to work on /home/airflow/.local/lib/python3.7/site-packages/airflow/example_dags/example_local_kubernetes_executor.py
[2023-05-10T18:48:08.221+0000] {processor.py:743} INFO - Processing file /home/airflow/.local/lib/python3.7/site-packages/airflow/example_dags/example_local_kubernetes_executor.py for tasks to queue
[2023-05-10T18:48:08.222+0000] {logging_mixin.py:137} INFO - [2023-05-10T18:48:08.222+0000] {dagbag.py:538} INFO - Filling up the DagBag from /home/airflow/.local/lib/python3.7/site-packages/airflow/example_dags/example_local_kubernetes_executor.py
[2023-05-10T18:48:08.235+0000] {processor.py:753} INFO - DAG(s) dict_keys(['example_local_kubernetes_executor']) retrieved from /home/airflow/.local/lib/python3.7/site-packages/airflow/example_dags/example_local_kubernetes_executor.py
[2023-05-10T18:48:08.253+0000] {logging_mixin.py:137} INFO - [2023-05-10T18:48:08.253+0000] {dag.py:2690} INFO - Sync 1 DAGs
[2023-05-10T18:48:08.266+0000] {logging_mixin.py:137} INFO - [2023-05-10T18:48:08.266+0000] {dag.py:3441} INFO - Setting next_dagrun for example_local_kubernetes_executor to None, run_after=None
[2023-05-10T18:48:08.276+0000] {processor.py:175} INFO - Processing /home/airflow/.local/lib/python3.7/site-packages/airflow/example_dags/example_local_kubernetes_executor.py took 0.057 seconds
[2023-05-10T18:49:23.406+0000] {processor.py:153} INFO - Started process (PID=1199) to work on /home/airflow/.local/lib/python3.7/site-packages/airflow/example_dags/example_local_kubernetes_executor.py
[2023-05-10T18:49:23.407+0000] {processor.py:743} INFO - Processing file /home/airflow/.local/lib/python3.7/site-packages/airflow/example_dags/example_local_kubernetes_executor.py for tasks to queue
[2023-05-10T18:49:23.407+0000] {logging_mixin.py:137} INFO - [2023-05-10T18:49:23.407+0000] {dagbag.py:538} INFO - Filling up the DagBag from /home/airflow/.local/lib/python3.7/site-packages/airflow/example_dags/example_local_kubernetes_executor.py
[2023-05-10T18:49:23.422+0000] {processor.py:753} INFO - DAG(s) dict_keys(['example_local_kubernetes_executor']) retrieved from /home/airflow/.local/lib/python3.7/site-packages/airflow/example_dags/example_local_kubernetes_executor.py
[2023-05-10T18:49:23.441+0000] {logging_mixin.py:137} INFO - [2023-05-10T18:49:23.441+0000] {dag.py:2690} INFO - Sync 1 DAGs
[2023-05-10T18:49:23.454+0000] {logging_mixin.py:137} INFO - [2023-05-10T18:49:23.454+0000] {dag.py:3441} INFO - Setting next_dagrun for example_local_kubernetes_executor to None, run_after=None
[2023-05-10T18:49:23.463+0000] {processor.py:175} INFO - Processing /home/airflow/.local/lib/python3.7/site-packages/airflow/example_dags/example_local_kubernetes_executor.py took 0.060 seconds
[2023-05-10T18:49:54.108+0000] {processor.py:153} INFO - Started process (PID=1263) to work on /home/airflow/.local/lib/python3.7/site-packages/airflow/example_dags/example_local_kubernetes_executor.py
[2023-05-10T18:49:54.109+0000] {processor.py:743} INFO - Processing file /home/airflow/.local/lib/python3.7/site-packages/airflow/example_dags/example_local_kubernetes_executor.py for tasks to queue
[2023-05-10T18:49:54.109+0000] {logging_mixin.py:137} INFO - [2023-05-10T18:49:54.109+0000] {dagbag.py:538} INFO - Filling up the DagBag from /home/airflow/.local/lib/python3.7/site-packages/airflow/example_dags/example_local_kubernetes_executor.py
[2023-05-10T18:49:54.123+0000] {processor.py:753} INFO - DAG(s) dict_keys(['example_local_kubernetes_executor']) retrieved from /home/airflow/.local/lib/python3.7/site-packages/airflow/example_dags/example_local_kubernetes_executor.py
[2023-05-10T18:49:54.141+0000] {logging_mixin.py:137} INFO - [2023-05-10T18:49:54.141+0000] {dag.py:2690} INFO - Sync 1 DAGs
[2023-05-10T18:49:54.155+0000] {logging_mixin.py:137} INFO - [2023-05-10T18:49:54.155+0000] {dag.py:3441} INFO - Setting next_dagrun for example_local_kubernetes_executor to None, run_after=None
[2023-05-10T18:49:54.163+0000] {processor.py:175} INFO - Processing /home/airflow/.local/lib/python3.7/site-packages/airflow/example_dags/example_local_kubernetes_executor.py took 0.058 seconds
[2023-05-10T18:50:24.914+0000] {processor.py:153} INFO - Started process (PID=1338) to work on /home/airflow/.local/lib/python3.7/site-packages/airflow/example_dags/example_local_kubernetes_executor.py
[2023-05-10T18:50:24.915+0000] {processor.py:743} INFO - Processing file /home/airflow/.local/lib/python3.7/site-packages/airflow/example_dags/example_local_kubernetes_executor.py for tasks to queue
[2023-05-10T18:50:24.916+0000] {logging_mixin.py:137} INFO - [2023-05-10T18:50:24.916+0000] {dagbag.py:538} INFO - Filling up the DagBag from /home/airflow/.local/lib/python3.7/site-packages/airflow/example_dags/example_local_kubernetes_executor.py
[2023-05-10T18:50:24.930+0000] {processor.py:753} INFO - DAG(s) dict_keys(['example_local_kubernetes_executor']) retrieved from /home/airflow/.local/lib/python3.7/site-packages/airflow/example_dags/example_local_kubernetes_executor.py
[2023-05-10T18:50:24.949+0000] {logging_mixin.py:137} INFO - [2023-05-10T18:50:24.949+0000] {dag.py:2690} INFO - Sync 1 DAGs
[2023-05-10T18:50:24.961+0000] {logging_mixin.py:137} INFO - [2023-05-10T18:50:24.961+0000] {dag.py:3441} INFO - Setting next_dagrun for example_local_kubernetes_executor to None, run_after=None
[2023-05-10T18:50:24.970+0000] {processor.py:175} INFO - Processing /home/airflow/.local/lib/python3.7/site-packages/airflow/example_dags/example_local_kubernetes_executor.py took 0.058 seconds
[2023-05-10T18:50:55.753+0000] {processor.py:153} INFO - Started process (PID=1411) to work on /home/airflow/.local/lib/python3.7/site-packages/airflow/example_dags/example_local_kubernetes_executor.py
[2023-05-10T18:50:55.754+0000] {processor.py:743} INFO - Processing file /home/airflow/.local/lib/python3.7/site-packages/airflow/example_dags/example_local_kubernetes_executor.py for tasks to queue
[2023-05-10T18:50:55.755+0000] {logging_mixin.py:137} INFO - [2023-05-10T18:50:55.755+0000] {dagbag.py:538} INFO - Filling up the DagBag from /home/airflow/.local/lib/python3.7/site-packages/airflow/example_dags/example_local_kubernetes_executor.py
[2023-05-10T18:50:55.768+0000] {processor.py:753} INFO - DAG(s) dict_keys(['example_local_kubernetes_executor']) retrieved from /home/airflow/.local/lib/python3.7/site-packages/airflow/example_dags/example_local_kubernetes_executor.py
[2023-05-10T18:50:55.787+0000] {logging_mixin.py:137} INFO - [2023-05-10T18:50:55.786+0000] {dag.py:2690} INFO - Sync 1 DAGs
[2023-05-10T18:50:55.801+0000] {logging_mixin.py:137} INFO - [2023-05-10T18:50:55.800+0000] {dag.py:3441} INFO - Setting next_dagrun for example_local_kubernetes_executor to None, run_after=None
[2023-05-10T18:50:55.810+0000] {processor.py:175} INFO - Processing /home/airflow/.local/lib/python3.7/site-packages/airflow/example_dags/example_local_kubernetes_executor.py took 0.059 seconds
[2023-05-10T18:51:26.501+0000] {processor.py:153} INFO - Started process (PID=1486) to work on /home/airflow/.local/lib/python3.7/site-packages/airflow/example_dags/example_local_kubernetes_executor.py
[2023-05-10T18:51:26.502+0000] {processor.py:743} INFO - Processing file /home/airflow/.local/lib/python3.7/site-packages/airflow/example_dags/example_local_kubernetes_executor.py for tasks to queue
[2023-05-10T18:51:26.502+0000] {logging_mixin.py:137} INFO - [2023-05-10T18:51:26.502+0000] {dagbag.py:538} INFO - Filling up the DagBag from /home/airflow/.local/lib/python3.7/site-packages/airflow/example_dags/example_local_kubernetes_executor.py
[2023-05-10T18:51:26.516+0000] {processor.py:753} INFO - DAG(s) dict_keys(['example_local_kubernetes_executor']) retrieved from /home/airflow/.local/lib/python3.7/site-packages/airflow/example_dags/example_local_kubernetes_executor.py
[2023-05-10T18:51:26.533+0000] {logging_mixin.py:137} INFO - [2023-05-10T18:51:26.533+0000] {dag.py:2690} INFO - Sync 1 DAGs
[2023-05-10T18:51:26.547+0000] {logging_mixin.py:137} INFO - [2023-05-10T18:51:26.547+0000] {dag.py:3441} INFO - Setting next_dagrun for example_local_kubernetes_executor to None, run_after=None
[2023-05-10T18:51:26.557+0000] {processor.py:175} INFO - Processing /home/airflow/.local/lib/python3.7/site-packages/airflow/example_dags/example_local_kubernetes_executor.py took 0.058 seconds
[2023-05-10T18:51:57.314+0000] {processor.py:153} INFO - Started process (PID=1549) to work on /home/airflow/.local/lib/python3.7/site-packages/airflow/example_dags/example_local_kubernetes_executor.py
[2023-05-10T18:51:57.314+0000] {processor.py:743} INFO - Processing file /home/airflow/.local/lib/python3.7/site-packages/airflow/example_dags/example_local_kubernetes_executor.py for tasks to queue
[2023-05-10T18:51:57.315+0000] {logging_mixin.py:137} INFO - [2023-05-10T18:51:57.315+0000] {dagbag.py:538} INFO - Filling up the DagBag from /home/airflow/.local/lib/python3.7/site-packages/airflow/example_dags/example_local_kubernetes_executor.py
[2023-05-10T18:51:57.329+0000] {processor.py:753} INFO - DAG(s) dict_keys(['example_local_kubernetes_executor']) retrieved from /home/airflow/.local/lib/python3.7/site-packages/airflow/example_dags/example_local_kubernetes_executor.py
[2023-05-10T18:51:57.347+0000] {logging_mixin.py:137} INFO - [2023-05-10T18:51:57.347+0000] {dag.py:2690} INFO - Sync 1 DAGs
[2023-05-10T18:51:57.360+0000] {logging_mixin.py:137} INFO - [2023-05-10T18:51:57.360+0000] {dag.py:3441} INFO - Setting next_dagrun for example_local_kubernetes_executor to None, run_after=None
[2023-05-10T18:51:57.368+0000] {processor.py:175} INFO - Processing /home/airflow/.local/lib/python3.7/site-packages/airflow/example_dags/example_local_kubernetes_executor.py took 0.057 seconds
[2023-05-10T18:52:28.227+0000] {processor.py:153} INFO - Started process (PID=1622) to work on /home/airflow/.local/lib/python3.7/site-packages/airflow/example_dags/example_local_kubernetes_executor.py
[2023-05-10T18:52:28.228+0000] {processor.py:743} INFO - Processing file /home/airflow/.local/lib/python3.7/site-packages/airflow/example_dags/example_local_kubernetes_executor.py for tasks to queue
[2023-05-10T18:52:28.229+0000] {logging_mixin.py:137} INFO - [2023-05-10T18:52:28.229+0000] {dagbag.py:538} INFO - Filling up the DagBag from /home/airflow/.local/lib/python3.7/site-packages/airflow/example_dags/example_local_kubernetes_executor.py
[2023-05-10T18:52:28.243+0000] {processor.py:753} INFO - DAG(s) dict_keys(['example_local_kubernetes_executor']) retrieved from /home/airflow/.local/lib/python3.7/site-packages/airflow/example_dags/example_local_kubernetes_executor.py
[2023-05-10T18:52:28.262+0000] {logging_mixin.py:137} INFO - [2023-05-10T18:52:28.262+0000] {dag.py:2690} INFO - Sync 1 DAGs
[2023-05-10T18:52:28.275+0000] {logging_mixin.py:137} INFO - [2023-05-10T18:52:28.275+0000] {dag.py:3441} INFO - Setting next_dagrun for example_local_kubernetes_executor to None, run_after=None
[2023-05-10T18:52:28.284+0000] {processor.py:175} INFO - Processing /home/airflow/.local/lib/python3.7/site-packages/airflow/example_dags/example_local_kubernetes_executor.py took 0.059 seconds
[2023-05-10T18:52:59.015+0000] {processor.py:153} INFO - Started process (PID=1697) to work on /home/airflow/.local/lib/python3.7/site-packages/airflow/example_dags/example_local_kubernetes_executor.py
[2023-05-10T18:52:59.016+0000] {processor.py:743} INFO - Processing file /home/airflow/.local/lib/python3.7/site-packages/airflow/example_dags/example_local_kubernetes_executor.py for tasks to queue
[2023-05-10T18:52:59.016+0000] {logging_mixin.py:137} INFO - [2023-05-10T18:52:59.016+0000] {dagbag.py:538} INFO - Filling up the DagBag from /home/airflow/.local/lib/python3.7/site-packages/airflow/example_dags/example_local_kubernetes_executor.py
[2023-05-10T18:52:59.030+0000] {processor.py:753} INFO - DAG(s) dict_keys(['example_local_kubernetes_executor']) retrieved from /home/airflow/.local/lib/python3.7/site-packages/airflow/example_dags/example_local_kubernetes_executor.py
[2023-05-10T18:52:59.048+0000] {logging_mixin.py:137} INFO - [2023-05-10T18:52:59.048+0000] {dag.py:2690} INFO - Sync 1 DAGs
[2023-05-10T18:52:59.061+0000] {logging_mixin.py:137} INFO - [2023-05-10T18:52:59.061+0000] {dag.py:3441} INFO - Setting next_dagrun for example_local_kubernetes_executor to None, run_after=None
[2023-05-10T18:52:59.070+0000] {processor.py:175} INFO - Processing /home/airflow/.local/lib/python3.7/site-packages/airflow/example_dags/example_local_kubernetes_executor.py took 0.058 seconds
[2023-05-10T18:53:29.818+0000] {processor.py:153} INFO - Started process (PID=1772) to work on /home/airflow/.local/lib/python3.7/site-packages/airflow/example_dags/example_local_kubernetes_executor.py
[2023-05-10T18:53:29.819+0000] {processor.py:743} INFO - Processing file /home/airflow/.local/lib/python3.7/site-packages/airflow/example_dags/example_local_kubernetes_executor.py for tasks to queue
[2023-05-10T18:53:29.820+0000] {logging_mixin.py:137} INFO - [2023-05-10T18:53:29.820+0000] {dagbag.py:538} INFO - Filling up the DagBag from /home/airflow/.local/lib/python3.7/site-packages/airflow/example_dags/example_local_kubernetes_executor.py
[2023-05-10T18:53:29.834+0000] {processor.py:753} INFO - DAG(s) dict_keys(['example_local_kubernetes_executor']) retrieved from /home/airflow/.local/lib/python3.7/site-packages/airflow/example_dags/example_local_kubernetes_executor.py
[2023-05-10T18:53:29.853+0000] {logging_mixin.py:137} INFO - [2023-05-10T18:53:29.853+0000] {dag.py:2690} INFO - Sync 1 DAGs
[2023-05-10T18:53:29.866+0000] {logging_mixin.py:137} INFO - [2023-05-10T18:53:29.866+0000] {dag.py:3441} INFO - Setting next_dagrun for example_local_kubernetes_executor to None, run_after=None
[2023-05-10T18:53:29.875+0000] {processor.py:175} INFO - Processing /home/airflow/.local/lib/python3.7/site-packages/airflow/example_dags/example_local_kubernetes_executor.py took 0.059 seconds
[2023-05-10T18:54:00.642+0000] {processor.py:153} INFO - Started process (PID=1834) to work on /home/airflow/.local/lib/python3.7/site-packages/airflow/example_dags/example_local_kubernetes_executor.py
[2023-05-10T18:54:00.643+0000] {processor.py:743} INFO - Processing file /home/airflow/.local/lib/python3.7/site-packages/airflow/example_dags/example_local_kubernetes_executor.py for tasks to queue
[2023-05-10T18:54:00.644+0000] {logging_mixin.py:137} INFO - [2023-05-10T18:54:00.644+0000] {dagbag.py:538} INFO - Filling up the DagBag from /home/airflow/.local/lib/python3.7/site-packages/airflow/example_dags/example_local_kubernetes_executor.py
[2023-05-10T18:54:00.658+0000] {processor.py:753} INFO - DAG(s) dict_keys(['example_local_kubernetes_executor']) retrieved from /home/airflow/.local/lib/python3.7/site-packages/airflow/example_dags/example_local_kubernetes_executor.py
[2023-05-10T18:54:00.676+0000] {logging_mixin.py:137} INFO - [2023-05-10T18:54:00.676+0000] {dag.py:2690} INFO - Sync 1 DAGs
[2023-05-10T18:54:00.689+0000] {logging_mixin.py:137} INFO - [2023-05-10T18:54:00.689+0000] {dag.py:3441} INFO - Setting next_dagrun for example_local_kubernetes_executor to None, run_after=None
[2023-05-10T18:54:00.698+0000] {processor.py:175} INFO - Processing /home/airflow/.local/lib/python3.7/site-packages/airflow/example_dags/example_local_kubernetes_executor.py took 0.059 seconds
[2023-05-10T18:54:31.384+0000] {processor.py:153} INFO - Started process (PID=1910) to work on /home/airflow/.local/lib/python3.7/site-packages/airflow/example_dags/example_local_kubernetes_executor.py
[2023-05-10T18:54:31.385+0000] {processor.py:743} INFO - Processing file /home/airflow/.local/lib/python3.7/site-packages/airflow/example_dags/example_local_kubernetes_executor.py for tasks to queue
[2023-05-10T18:54:31.385+0000] {logging_mixin.py:137} INFO - [2023-05-10T18:54:31.385+0000] {dagbag.py:538} INFO - Filling up the DagBag from /home/airflow/.local/lib/python3.7/site-packages/airflow/example_dags/example_local_kubernetes_executor.py
[2023-05-10T18:54:31.400+0000] {processor.py:753} INFO - DAG(s) dict_keys(['example_local_kubernetes_executor']) retrieved from /home/airflow/.local/lib/python3.7/site-packages/airflow/example_dags/example_local_kubernetes_executor.py
[2023-05-10T18:54:31.418+0000] {logging_mixin.py:137} INFO - [2023-05-10T18:54:31.418+0000] {dag.py:2690} INFO - Sync 1 DAGs
[2023-05-10T18:54:31.432+0000] {logging_mixin.py:137} INFO - [2023-05-10T18:54:31.432+0000] {dag.py:3441} INFO - Setting next_dagrun for example_local_kubernetes_executor to None, run_after=None
[2023-05-10T18:54:31.441+0000] {processor.py:175} INFO - Processing /home/airflow/.local/lib/python3.7/site-packages/airflow/example_dags/example_local_kubernetes_executor.py took 0.059 seconds
[2023-05-10T18:55:02.137+0000] {processor.py:153} INFO - Started process (PID=1985) to work on /home/airflow/.local/lib/python3.7/site-packages/airflow/example_dags/example_local_kubernetes_executor.py
[2023-05-10T18:55:02.137+0000] {processor.py:743} INFO - Processing file /home/airflow/.local/lib/python3.7/site-packages/airflow/example_dags/example_local_kubernetes_executor.py for tasks to queue
[2023-05-10T18:55:02.138+0000] {logging_mixin.py:137} INFO - [2023-05-10T18:55:02.138+0000] {dagbag.py:538} INFO - Filling up the DagBag from /home/airflow/.local/lib/python3.7/site-packages/airflow/example_dags/example_local_kubernetes_executor.py
[2023-05-10T18:55:02.152+0000] {processor.py:753} INFO - DAG(s) dict_keys(['example_local_kubernetes_executor']) retrieved from /home/airflow/.local/lib/python3.7/site-packages/airflow/example_dags/example_local_kubernetes_executor.py
[2023-05-10T18:55:02.170+0000] {logging_mixin.py:137} INFO - [2023-05-10T18:55:02.170+0000] {dag.py:2690} INFO - Sync 1 DAGs
[2023-05-10T18:55:02.183+0000] {logging_mixin.py:137} INFO - [2023-05-10T18:55:02.183+0000] {dag.py:3441} INFO - Setting next_dagrun for example_local_kubernetes_executor to None, run_after=None
[2023-05-10T18:55:02.192+0000] {processor.py:175} INFO - Processing /home/airflow/.local/lib/python3.7/site-packages/airflow/example_dags/example_local_kubernetes_executor.py took 0.058 seconds
