[2023-05-10T17:37:13.816+0000] {processor.py:153} INFO - Started process (PID=60) to work on /home/airflow/.local/lib/python3.7/site-packages/airflow/example_dags/example_task_group.py
[2023-05-10T17:37:13.818+0000] {processor.py:743} INFO - Processing file /home/airflow/.local/lib/python3.7/site-packages/airflow/example_dags/example_task_group.py for tasks to queue
[2023-05-10T17:37:13.819+0000] {logging_mixin.py:137} INFO - [2023-05-10T17:37:13.819+0000] {dagbag.py:538} INFO - Filling up the DagBag from /home/airflow/.local/lib/python3.7/site-packages/airflow/example_dags/example_task_group.py
[2023-05-10T17:37:13.838+0000] {processor.py:753} INFO - DAG(s) dict_keys(['example_task_group']) retrieved from /home/airflow/.local/lib/python3.7/site-packages/airflow/example_dags/example_task_group.py
[2023-05-10T17:37:13.976+0000] {logging_mixin.py:137} INFO - [2023-05-10T17:37:13.976+0000] {manager.py:504} INFO - Created Permission View: can edit on DAG:example_task_group
[2023-05-10T17:37:13.983+0000] {logging_mixin.py:137} INFO - [2023-05-10T17:37:13.983+0000] {manager.py:504} INFO - Created Permission View: can read on DAG:example_task_group
[2023-05-10T17:37:14.001+0000] {logging_mixin.py:137} INFO - [2023-05-10T17:37:14.001+0000] {manager.py:504} INFO - Created Permission View: can delete on DAG:example_task_group
[2023-05-10T17:37:14.004+0000] {logging_mixin.py:137} INFO - [2023-05-10T17:37:14.004+0000] {dag.py:2690} INFO - Sync 1 DAGs
[2023-05-10T17:37:14.014+0000] {logging_mixin.py:137} INFO - [2023-05-10T17:37:14.014+0000] {dag.py:2711} INFO - Creating ORM DAG for example_task_group
[2023-05-10T17:37:14.028+0000] {logging_mixin.py:137} INFO - [2023-05-10T17:37:14.028+0000] {dag.py:3441} INFO - Setting next_dagrun for example_task_group to 2023-05-09T17:37:14.028554+00:00, run_after=2023-05-10T17:37:14.028554+00:00
[2023-05-10T17:37:14.061+0000] {processor.py:175} INFO - Processing /home/airflow/.local/lib/python3.7/site-packages/airflow/example_dags/example_task_group.py took 0.248 seconds
[2023-05-10T17:37:44.749+0000] {processor.py:153} INFO - Started process (PID=134) to work on /home/airflow/.local/lib/python3.7/site-packages/airflow/example_dags/example_task_group.py
[2023-05-10T17:37:44.751+0000] {processor.py:743} INFO - Processing file /home/airflow/.local/lib/python3.7/site-packages/airflow/example_dags/example_task_group.py for tasks to queue
[2023-05-10T17:37:44.752+0000] {logging_mixin.py:137} INFO - [2023-05-10T17:37:44.752+0000] {dagbag.py:538} INFO - Filling up the DagBag from /home/airflow/.local/lib/python3.7/site-packages/airflow/example_dags/example_task_group.py
[2023-05-10T17:37:44.763+0000] {processor.py:753} INFO - DAG(s) dict_keys(['example_task_group']) retrieved from /home/airflow/.local/lib/python3.7/site-packages/airflow/example_dags/example_task_group.py
[2023-05-10T17:37:44.782+0000] {logging_mixin.py:137} INFO - [2023-05-10T17:37:44.782+0000] {dag.py:2690} INFO - Sync 1 DAGs
[2023-05-10T17:37:44.796+0000] {logging_mixin.py:137} INFO - [2023-05-10T17:37:44.796+0000] {dag.py:3441} INFO - Setting next_dagrun for example_task_group to 2023-05-09T17:37:44.796250+00:00, run_after=2023-05-10T17:37:44.796250+00:00
[2023-05-10T17:37:44.819+0000] {processor.py:175} INFO - Processing /home/airflow/.local/lib/python3.7/site-packages/airflow/example_dags/example_task_group.py took 0.072 seconds
[2023-05-10T17:38:16.111+0000] {processor.py:153} INFO - Started process (PID=210) to work on /home/airflow/.local/lib/python3.7/site-packages/airflow/example_dags/example_task_group.py
[2023-05-10T17:38:16.112+0000] {processor.py:743} INFO - Processing file /home/airflow/.local/lib/python3.7/site-packages/airflow/example_dags/example_task_group.py for tasks to queue
[2023-05-10T17:38:16.114+0000] {logging_mixin.py:137} INFO - [2023-05-10T17:38:16.114+0000] {dagbag.py:538} INFO - Filling up the DagBag from /home/airflow/.local/lib/python3.7/site-packages/airflow/example_dags/example_task_group.py
[2023-05-10T17:38:16.130+0000] {processor.py:753} INFO - DAG(s) dict_keys(['example_task_group']) retrieved from /home/airflow/.local/lib/python3.7/site-packages/airflow/example_dags/example_task_group.py
[2023-05-10T17:38:16.152+0000] {logging_mixin.py:137} INFO - [2023-05-10T17:38:16.152+0000] {dag.py:2690} INFO - Sync 1 DAGs
[2023-05-10T17:38:16.177+0000] {logging_mixin.py:137} INFO - [2023-05-10T17:38:16.176+0000] {dag.py:3441} INFO - Setting next_dagrun for example_task_group to 2023-05-09T17:38:16.176747+00:00, run_after=2023-05-10T17:38:16.176747+00:00
[2023-05-10T17:38:16.210+0000] {processor.py:175} INFO - Processing /home/airflow/.local/lib/python3.7/site-packages/airflow/example_dags/example_task_group.py took 0.107 seconds
[2023-05-10T17:38:46.415+0000] {processor.py:153} INFO - Started process (PID=274) to work on /home/airflow/.local/lib/python3.7/site-packages/airflow/example_dags/example_task_group.py
[2023-05-10T17:38:46.416+0000] {processor.py:743} INFO - Processing file /home/airflow/.local/lib/python3.7/site-packages/airflow/example_dags/example_task_group.py for tasks to queue
[2023-05-10T17:38:46.416+0000] {logging_mixin.py:137} INFO - [2023-05-10T17:38:46.416+0000] {dagbag.py:538} INFO - Filling up the DagBag from /home/airflow/.local/lib/python3.7/site-packages/airflow/example_dags/example_task_group.py
[2023-05-10T17:38:46.426+0000] {processor.py:753} INFO - DAG(s) dict_keys(['example_task_group']) retrieved from /home/airflow/.local/lib/python3.7/site-packages/airflow/example_dags/example_task_group.py
[2023-05-10T17:38:46.442+0000] {logging_mixin.py:137} INFO - [2023-05-10T17:38:46.442+0000] {dag.py:2690} INFO - Sync 1 DAGs
[2023-05-10T17:38:46.455+0000] {logging_mixin.py:137} INFO - [2023-05-10T17:38:46.455+0000] {dag.py:3441} INFO - Setting next_dagrun for example_task_group to 2023-05-09T17:38:46.455690+00:00, run_after=2023-05-10T17:38:46.455690+00:00
[2023-05-10T17:38:46.465+0000] {processor.py:175} INFO - Processing /home/airflow/.local/lib/python3.7/site-packages/airflow/example_dags/example_task_group.py took 0.052 seconds
[2023-05-10T17:39:17.369+0000] {processor.py:153} INFO - Started process (PID=350) to work on /home/airflow/.local/lib/python3.7/site-packages/airflow/example_dags/example_task_group.py
[2023-05-10T17:39:17.370+0000] {processor.py:743} INFO - Processing file /home/airflow/.local/lib/python3.7/site-packages/airflow/example_dags/example_task_group.py for tasks to queue
[2023-05-10T17:39:17.370+0000] {logging_mixin.py:137} INFO - [2023-05-10T17:39:17.370+0000] {dagbag.py:538} INFO - Filling up the DagBag from /home/airflow/.local/lib/python3.7/site-packages/airflow/example_dags/example_task_group.py
[2023-05-10T17:39:17.380+0000] {processor.py:753} INFO - DAG(s) dict_keys(['example_task_group']) retrieved from /home/airflow/.local/lib/python3.7/site-packages/airflow/example_dags/example_task_group.py
[2023-05-10T17:39:17.396+0000] {logging_mixin.py:137} INFO - [2023-05-10T17:39:17.396+0000] {dag.py:2690} INFO - Sync 1 DAGs
[2023-05-10T17:39:17.408+0000] {logging_mixin.py:137} INFO - [2023-05-10T17:39:17.408+0000] {dag.py:3441} INFO - Setting next_dagrun for example_task_group to 2023-05-09T17:39:17.408636+00:00, run_after=2023-05-10T17:39:17.408636+00:00
[2023-05-10T17:39:17.418+0000] {processor.py:175} INFO - Processing /home/airflow/.local/lib/python3.7/site-packages/airflow/example_dags/example_task_group.py took 0.051 seconds
[2023-05-10T17:39:48.328+0000] {processor.py:153} INFO - Started process (PID=424) to work on /home/airflow/.local/lib/python3.7/site-packages/airflow/example_dags/example_task_group.py
[2023-05-10T17:39:48.329+0000] {processor.py:743} INFO - Processing file /home/airflow/.local/lib/python3.7/site-packages/airflow/example_dags/example_task_group.py for tasks to queue
[2023-05-10T17:39:48.329+0000] {logging_mixin.py:137} INFO - [2023-05-10T17:39:48.329+0000] {dagbag.py:538} INFO - Filling up the DagBag from /home/airflow/.local/lib/python3.7/site-packages/airflow/example_dags/example_task_group.py
[2023-05-10T17:39:48.338+0000] {processor.py:753} INFO - DAG(s) dict_keys(['example_task_group']) retrieved from /home/airflow/.local/lib/python3.7/site-packages/airflow/example_dags/example_task_group.py
[2023-05-10T17:39:48.354+0000] {logging_mixin.py:137} INFO - [2023-05-10T17:39:48.354+0000] {dag.py:2690} INFO - Sync 1 DAGs
[2023-05-10T17:39:48.367+0000] {logging_mixin.py:137} INFO - [2023-05-10T17:39:48.367+0000] {dag.py:3441} INFO - Setting next_dagrun for example_task_group to 2023-05-09T17:39:48.367168+00:00, run_after=2023-05-10T17:39:48.367168+00:00
[2023-05-10T17:39:48.376+0000] {processor.py:175} INFO - Processing /home/airflow/.local/lib/python3.7/site-packages/airflow/example_dags/example_task_group.py took 0.051 seconds
[2023-05-10T17:40:19.267+0000] {processor.py:153} INFO - Started process (PID=501) to work on /home/airflow/.local/lib/python3.7/site-packages/airflow/example_dags/example_task_group.py
[2023-05-10T17:40:19.271+0000] {processor.py:743} INFO - Processing file /home/airflow/.local/lib/python3.7/site-packages/airflow/example_dags/example_task_group.py for tasks to queue
[2023-05-10T17:40:19.271+0000] {logging_mixin.py:137} INFO - [2023-05-10T17:40:19.271+0000] {dagbag.py:538} INFO - Filling up the DagBag from /home/airflow/.local/lib/python3.7/site-packages/airflow/example_dags/example_task_group.py
[2023-05-10T17:40:19.281+0000] {processor.py:753} INFO - DAG(s) dict_keys(['example_task_group']) retrieved from /home/airflow/.local/lib/python3.7/site-packages/airflow/example_dags/example_task_group.py
[2023-05-10T17:40:19.298+0000] {logging_mixin.py:137} INFO - [2023-05-10T17:40:19.298+0000] {dag.py:2690} INFO - Sync 1 DAGs
[2023-05-10T17:40:19.311+0000] {logging_mixin.py:137} INFO - [2023-05-10T17:40:19.311+0000] {dag.py:3441} INFO - Setting next_dagrun for example_task_group to 2023-05-09T17:40:19.311363+00:00, run_after=2023-05-10T17:40:19.311363+00:00
[2023-05-10T17:40:19.320+0000] {processor.py:175} INFO - Processing /home/airflow/.local/lib/python3.7/site-packages/airflow/example_dags/example_task_group.py took 0.056 seconds
[2023-05-10T17:40:50.130+0000] {processor.py:153} INFO - Started process (PID=564) to work on /home/airflow/.local/lib/python3.7/site-packages/airflow/example_dags/example_task_group.py
[2023-05-10T17:40:50.131+0000] {processor.py:743} INFO - Processing file /home/airflow/.local/lib/python3.7/site-packages/airflow/example_dags/example_task_group.py for tasks to queue
[2023-05-10T17:40:50.131+0000] {logging_mixin.py:137} INFO - [2023-05-10T17:40:50.131+0000] {dagbag.py:538} INFO - Filling up the DagBag from /home/airflow/.local/lib/python3.7/site-packages/airflow/example_dags/example_task_group.py
[2023-05-10T17:40:50.141+0000] {processor.py:753} INFO - DAG(s) dict_keys(['example_task_group']) retrieved from /home/airflow/.local/lib/python3.7/site-packages/airflow/example_dags/example_task_group.py
[2023-05-10T17:40:50.157+0000] {logging_mixin.py:137} INFO - [2023-05-10T17:40:50.157+0000] {dag.py:2690} INFO - Sync 1 DAGs
[2023-05-10T17:40:50.169+0000] {logging_mixin.py:137} INFO - [2023-05-10T17:40:50.169+0000] {dag.py:3441} INFO - Setting next_dagrun for example_task_group to 2023-05-09T17:40:50.169601+00:00, run_after=2023-05-10T17:40:50.169601+00:00
[2023-05-10T17:40:50.178+0000] {processor.py:175} INFO - Processing /home/airflow/.local/lib/python3.7/site-packages/airflow/example_dags/example_task_group.py took 0.050 seconds
[2023-05-10T17:41:20.361+0000] {processor.py:153} INFO - Started process (PID=641) to work on /home/airflow/.local/lib/python3.7/site-packages/airflow/example_dags/example_task_group.py
[2023-05-10T17:41:20.361+0000] {processor.py:743} INFO - Processing file /home/airflow/.local/lib/python3.7/site-packages/airflow/example_dags/example_task_group.py for tasks to queue
[2023-05-10T17:41:20.362+0000] {logging_mixin.py:137} INFO - [2023-05-10T17:41:20.362+0000] {dagbag.py:538} INFO - Filling up the DagBag from /home/airflow/.local/lib/python3.7/site-packages/airflow/example_dags/example_task_group.py
[2023-05-10T17:41:20.371+0000] {processor.py:753} INFO - DAG(s) dict_keys(['example_task_group']) retrieved from /home/airflow/.local/lib/python3.7/site-packages/airflow/example_dags/example_task_group.py
[2023-05-10T17:41:20.386+0000] {logging_mixin.py:137} INFO - [2023-05-10T17:41:20.386+0000] {dag.py:2690} INFO - Sync 1 DAGs
[2023-05-10T17:41:20.400+0000] {logging_mixin.py:137} INFO - [2023-05-10T17:41:20.400+0000] {dag.py:3441} INFO - Setting next_dagrun for example_task_group to 2023-05-09T17:41:20.399826+00:00, run_after=2023-05-10T17:41:20.399826+00:00
[2023-05-10T17:41:20.409+0000] {processor.py:175} INFO - Processing /home/airflow/.local/lib/python3.7/site-packages/airflow/example_dags/example_task_group.py took 0.050 seconds
[2023-05-10T17:56:37.220+0000] {processor.py:153} INFO - Started process (PID=692) to work on /home/airflow/.local/lib/python3.7/site-packages/airflow/example_dags/example_task_group.py
[2023-05-10T17:56:37.221+0000] {processor.py:743} INFO - Processing file /home/airflow/.local/lib/python3.7/site-packages/airflow/example_dags/example_task_group.py for tasks to queue
[2023-05-10T17:56:37.222+0000] {logging_mixin.py:137} INFO - [2023-05-10T17:56:37.222+0000] {dagbag.py:538} INFO - Filling up the DagBag from /home/airflow/.local/lib/python3.7/site-packages/airflow/example_dags/example_task_group.py
[2023-05-10T17:56:37.241+0000] {processor.py:753} INFO - DAG(s) dict_keys(['example_task_group']) retrieved from /home/airflow/.local/lib/python3.7/site-packages/airflow/example_dags/example_task_group.py
[2023-05-10T17:56:37.266+0000] {logging_mixin.py:137} INFO - [2023-05-10T17:56:37.266+0000] {dag.py:2690} INFO - Sync 1 DAGs
[2023-05-10T17:56:37.289+0000] {logging_mixin.py:137} INFO - [2023-05-10T17:56:37.289+0000] {dag.py:3441} INFO - Setting next_dagrun for example_task_group to 2023-05-09T17:56:37.289201+00:00, run_after=2023-05-10T17:56:37.289201+00:00
[2023-05-10T17:56:37.301+0000] {processor.py:175} INFO - Processing /home/airflow/.local/lib/python3.7/site-packages/airflow/example_dags/example_task_group.py took 0.087 seconds
[2023-05-10T18:14:19.511+0000] {processor.py:153} INFO - Started process (PID=768) to work on /home/airflow/.local/lib/python3.7/site-packages/airflow/example_dags/example_task_group.py
[2023-05-10T18:14:19.512+0000] {processor.py:743} INFO - Processing file /home/airflow/.local/lib/python3.7/site-packages/airflow/example_dags/example_task_group.py for tasks to queue
[2023-05-10T18:14:19.513+0000] {logging_mixin.py:137} INFO - [2023-05-10T18:14:19.513+0000] {dagbag.py:538} INFO - Filling up the DagBag from /home/airflow/.local/lib/python3.7/site-packages/airflow/example_dags/example_task_group.py
[2023-05-10T18:14:19.522+0000] {processor.py:753} INFO - DAG(s) dict_keys(['example_task_group']) retrieved from /home/airflow/.local/lib/python3.7/site-packages/airflow/example_dags/example_task_group.py
[2023-05-10T18:14:19.539+0000] {logging_mixin.py:137} INFO - [2023-05-10T18:14:19.539+0000] {dag.py:2690} INFO - Sync 1 DAGs
[2023-05-10T18:14:19.552+0000] {logging_mixin.py:137} INFO - [2023-05-10T18:14:19.552+0000] {dag.py:3441} INFO - Setting next_dagrun for example_task_group to 2023-05-09T18:14:19.552373+00:00, run_after=2023-05-10T18:14:19.552373+00:00
[2023-05-10T18:14:19.561+0000] {processor.py:175} INFO - Processing /home/airflow/.local/lib/python3.7/site-packages/airflow/example_dags/example_task_group.py took 0.052 seconds
[2023-05-10T18:14:50.109+0000] {processor.py:153} INFO - Started process (PID=831) to work on /home/airflow/.local/lib/python3.7/site-packages/airflow/example_dags/example_task_group.py
[2023-05-10T18:14:50.109+0000] {processor.py:743} INFO - Processing file /home/airflow/.local/lib/python3.7/site-packages/airflow/example_dags/example_task_group.py for tasks to queue
[2023-05-10T18:14:50.110+0000] {logging_mixin.py:137} INFO - [2023-05-10T18:14:50.110+0000] {dagbag.py:538} INFO - Filling up the DagBag from /home/airflow/.local/lib/python3.7/site-packages/airflow/example_dags/example_task_group.py
[2023-05-10T18:14:50.120+0000] {processor.py:753} INFO - DAG(s) dict_keys(['example_task_group']) retrieved from /home/airflow/.local/lib/python3.7/site-packages/airflow/example_dags/example_task_group.py
[2023-05-10T18:14:50.136+0000] {logging_mixin.py:137} INFO - [2023-05-10T18:14:50.136+0000] {dag.py:2690} INFO - Sync 1 DAGs
[2023-05-10T18:14:50.149+0000] {logging_mixin.py:137} INFO - [2023-05-10T18:14:50.149+0000] {dag.py:3441} INFO - Setting next_dagrun for example_task_group to 2023-05-09T18:14:50.149012+00:00, run_after=2023-05-10T18:14:50.149012+00:00
[2023-05-10T18:14:50.158+0000] {processor.py:175} INFO - Processing /home/airflow/.local/lib/python3.7/site-packages/airflow/example_dags/example_task_group.py took 0.051 seconds
[2023-05-10T18:30:30.043+0000] {processor.py:153} INFO - Started process (PID=908) to work on /home/airflow/.local/lib/python3.7/site-packages/airflow/example_dags/example_task_group.py
[2023-05-10T18:30:30.044+0000] {processor.py:743} INFO - Processing file /home/airflow/.local/lib/python3.7/site-packages/airflow/example_dags/example_task_group.py for tasks to queue
[2023-05-10T18:30:30.045+0000] {logging_mixin.py:137} INFO - [2023-05-10T18:30:30.045+0000] {dagbag.py:538} INFO - Filling up the DagBag from /home/airflow/.local/lib/python3.7/site-packages/airflow/example_dags/example_task_group.py
[2023-05-10T18:30:30.061+0000] {processor.py:753} INFO - DAG(s) dict_keys(['example_task_group']) retrieved from /home/airflow/.local/lib/python3.7/site-packages/airflow/example_dags/example_task_group.py
[2023-05-10T18:30:30.077+0000] {logging_mixin.py:137} INFO - [2023-05-10T18:30:30.077+0000] {dag.py:2690} INFO - Sync 1 DAGs
[2023-05-10T18:30:30.090+0000] {logging_mixin.py:137} INFO - [2023-05-10T18:30:30.090+0000] {dag.py:3441} INFO - Setting next_dagrun for example_task_group to 2023-05-09T18:30:30.090488+00:00, run_after=2023-05-10T18:30:30.090488+00:00
[2023-05-10T18:30:30.100+0000] {processor.py:175} INFO - Processing /home/airflow/.local/lib/python3.7/site-packages/airflow/example_dags/example_task_group.py took 0.059 seconds
[2023-05-10T18:31:00.950+0000] {processor.py:153} INFO - Started process (PID=984) to work on /home/airflow/.local/lib/python3.7/site-packages/airflow/example_dags/example_task_group.py
[2023-05-10T18:31:00.952+0000] {processor.py:743} INFO - Processing file /home/airflow/.local/lib/python3.7/site-packages/airflow/example_dags/example_task_group.py for tasks to queue
[2023-05-10T18:31:00.953+0000] {logging_mixin.py:137} INFO - [2023-05-10T18:31:00.953+0000] {dagbag.py:538} INFO - Filling up the DagBag from /home/airflow/.local/lib/python3.7/site-packages/airflow/example_dags/example_task_group.py
[2023-05-10T18:31:00.966+0000] {processor.py:753} INFO - DAG(s) dict_keys(['example_task_group']) retrieved from /home/airflow/.local/lib/python3.7/site-packages/airflow/example_dags/example_task_group.py
[2023-05-10T18:31:00.983+0000] {logging_mixin.py:137} INFO - [2023-05-10T18:31:00.983+0000] {dag.py:2690} INFO - Sync 1 DAGs
[2023-05-10T18:31:00.996+0000] {logging_mixin.py:137} INFO - [2023-05-10T18:31:00.996+0000] {dag.py:3441} INFO - Setting next_dagrun for example_task_group to 2023-05-09T18:31:00.996670+00:00, run_after=2023-05-10T18:31:00.996670+00:00
[2023-05-10T18:31:01.005+0000] {processor.py:175} INFO - Processing /home/airflow/.local/lib/python3.7/site-packages/airflow/example_dags/example_task_group.py took 0.058 seconds
[2023-05-10T18:47:37.351+0000] {processor.py:153} INFO - Started process (PID=1048) to work on /home/airflow/.local/lib/python3.7/site-packages/airflow/example_dags/example_task_group.py
[2023-05-10T18:47:37.351+0000] {processor.py:743} INFO - Processing file /home/airflow/.local/lib/python3.7/site-packages/airflow/example_dags/example_task_group.py for tasks to queue
[2023-05-10T18:47:37.352+0000] {logging_mixin.py:137} INFO - [2023-05-10T18:47:37.352+0000] {dagbag.py:538} INFO - Filling up the DagBag from /home/airflow/.local/lib/python3.7/site-packages/airflow/example_dags/example_task_group.py
[2023-05-10T18:47:37.362+0000] {processor.py:753} INFO - DAG(s) dict_keys(['example_task_group']) retrieved from /home/airflow/.local/lib/python3.7/site-packages/airflow/example_dags/example_task_group.py
[2023-05-10T18:47:37.379+0000] {logging_mixin.py:137} INFO - [2023-05-10T18:47:37.379+0000] {dag.py:2690} INFO - Sync 1 DAGs
[2023-05-10T18:47:37.393+0000] {logging_mixin.py:137} INFO - [2023-05-10T18:47:37.392+0000] {dag.py:3441} INFO - Setting next_dagrun for example_task_group to 2023-05-09T18:47:37.392768+00:00, run_after=2023-05-10T18:47:37.392768+00:00
[2023-05-10T18:47:37.402+0000] {processor.py:175} INFO - Processing /home/airflow/.local/lib/python3.7/site-packages/airflow/example_dags/example_task_group.py took 0.054 seconds
[2023-05-10T18:48:08.186+0000] {processor.py:153} INFO - Started process (PID=1123) to work on /home/airflow/.local/lib/python3.7/site-packages/airflow/example_dags/example_task_group.py
[2023-05-10T18:48:08.187+0000] {processor.py:743} INFO - Processing file /home/airflow/.local/lib/python3.7/site-packages/airflow/example_dags/example_task_group.py for tasks to queue
[2023-05-10T18:48:08.187+0000] {logging_mixin.py:137} INFO - [2023-05-10T18:48:08.187+0000] {dagbag.py:538} INFO - Filling up the DagBag from /home/airflow/.local/lib/python3.7/site-packages/airflow/example_dags/example_task_group.py
[2023-05-10T18:48:08.197+0000] {processor.py:753} INFO - DAG(s) dict_keys(['example_task_group']) retrieved from /home/airflow/.local/lib/python3.7/site-packages/airflow/example_dags/example_task_group.py
[2023-05-10T18:48:08.213+0000] {logging_mixin.py:137} INFO - [2023-05-10T18:48:08.213+0000] {dag.py:2690} INFO - Sync 1 DAGs
[2023-05-10T18:48:08.227+0000] {logging_mixin.py:137} INFO - [2023-05-10T18:48:08.227+0000] {dag.py:3441} INFO - Setting next_dagrun for example_task_group to 2023-05-09T18:48:08.227200+00:00, run_after=2023-05-10T18:48:08.227200+00:00
[2023-05-10T18:48:08.235+0000] {processor.py:175} INFO - Processing /home/airflow/.local/lib/python3.7/site-packages/airflow/example_dags/example_task_group.py took 0.052 seconds
[2023-05-10T18:49:23.370+0000] {processor.py:153} INFO - Started process (PID=1198) to work on /home/airflow/.local/lib/python3.7/site-packages/airflow/example_dags/example_task_group.py
[2023-05-10T18:49:23.371+0000] {processor.py:743} INFO - Processing file /home/airflow/.local/lib/python3.7/site-packages/airflow/example_dags/example_task_group.py for tasks to queue
[2023-05-10T18:49:23.372+0000] {logging_mixin.py:137} INFO - [2023-05-10T18:49:23.372+0000] {dagbag.py:538} INFO - Filling up the DagBag from /home/airflow/.local/lib/python3.7/site-packages/airflow/example_dags/example_task_group.py
[2023-05-10T18:49:23.381+0000] {processor.py:753} INFO - DAG(s) dict_keys(['example_task_group']) retrieved from /home/airflow/.local/lib/python3.7/site-packages/airflow/example_dags/example_task_group.py
[2023-05-10T18:49:23.398+0000] {logging_mixin.py:137} INFO - [2023-05-10T18:49:23.398+0000] {dag.py:2690} INFO - Sync 1 DAGs
[2023-05-10T18:49:23.412+0000] {logging_mixin.py:137} INFO - [2023-05-10T18:49:23.412+0000] {dag.py:3441} INFO - Setting next_dagrun for example_task_group to 2023-05-09T18:49:23.412353+00:00, run_after=2023-05-10T18:49:23.412353+00:00
[2023-05-10T18:49:23.421+0000] {processor.py:175} INFO - Processing /home/airflow/.local/lib/python3.7/site-packages/airflow/example_dags/example_task_group.py took 0.053 seconds
[2023-05-10T18:49:54.060+0000] {processor.py:153} INFO - Started process (PID=1262) to work on /home/airflow/.local/lib/python3.7/site-packages/airflow/example_dags/example_task_group.py
[2023-05-10T18:49:54.061+0000] {processor.py:743} INFO - Processing file /home/airflow/.local/lib/python3.7/site-packages/airflow/example_dags/example_task_group.py for tasks to queue
[2023-05-10T18:49:54.062+0000] {logging_mixin.py:137} INFO - [2023-05-10T18:49:54.062+0000] {dagbag.py:538} INFO - Filling up the DagBag from /home/airflow/.local/lib/python3.7/site-packages/airflow/example_dags/example_task_group.py
[2023-05-10T18:49:54.071+0000] {processor.py:753} INFO - DAG(s) dict_keys(['example_task_group']) retrieved from /home/airflow/.local/lib/python3.7/site-packages/airflow/example_dags/example_task_group.py
[2023-05-10T18:49:54.088+0000] {logging_mixin.py:137} INFO - [2023-05-10T18:49:54.088+0000] {dag.py:2690} INFO - Sync 1 DAGs
[2023-05-10T18:49:54.102+0000] {logging_mixin.py:137} INFO - [2023-05-10T18:49:54.102+0000] {dag.py:3441} INFO - Setting next_dagrun for example_task_group to 2023-05-09T18:49:54.102658+00:00, run_after=2023-05-10T18:49:54.102658+00:00
[2023-05-10T18:49:54.112+0000] {processor.py:175} INFO - Processing /home/airflow/.local/lib/python3.7/site-packages/airflow/example_dags/example_task_group.py took 0.054 seconds
[2023-05-10T18:50:24.874+0000] {processor.py:153} INFO - Started process (PID=1337) to work on /home/airflow/.local/lib/python3.7/site-packages/airflow/example_dags/example_task_group.py
[2023-05-10T18:50:24.875+0000] {processor.py:743} INFO - Processing file /home/airflow/.local/lib/python3.7/site-packages/airflow/example_dags/example_task_group.py for tasks to queue
[2023-05-10T18:50:24.875+0000] {logging_mixin.py:137} INFO - [2023-05-10T18:50:24.875+0000] {dagbag.py:538} INFO - Filling up the DagBag from /home/airflow/.local/lib/python3.7/site-packages/airflow/example_dags/example_task_group.py
[2023-05-10T18:50:24.885+0000] {processor.py:753} INFO - DAG(s) dict_keys(['example_task_group']) retrieved from /home/airflow/.local/lib/python3.7/site-packages/airflow/example_dags/example_task_group.py
[2023-05-10T18:50:24.902+0000] {logging_mixin.py:137} INFO - [2023-05-10T18:50:24.902+0000] {dag.py:2690} INFO - Sync 1 DAGs
[2023-05-10T18:50:24.916+0000] {logging_mixin.py:137} INFO - [2023-05-10T18:50:24.916+0000] {dag.py:3441} INFO - Setting next_dagrun for example_task_group to 2023-05-09T18:50:24.916195+00:00, run_after=2023-05-10T18:50:24.916195+00:00
[2023-05-10T18:50:24.925+0000] {processor.py:175} INFO - Processing /home/airflow/.local/lib/python3.7/site-packages/airflow/example_dags/example_task_group.py took 0.053 seconds
[2023-05-10T18:50:55.722+0000] {processor.py:153} INFO - Started process (PID=1410) to work on /home/airflow/.local/lib/python3.7/site-packages/airflow/example_dags/example_task_group.py
[2023-05-10T18:50:55.723+0000] {processor.py:743} INFO - Processing file /home/airflow/.local/lib/python3.7/site-packages/airflow/example_dags/example_task_group.py for tasks to queue
[2023-05-10T18:50:55.724+0000] {logging_mixin.py:137} INFO - [2023-05-10T18:50:55.724+0000] {dagbag.py:538} INFO - Filling up the DagBag from /home/airflow/.local/lib/python3.7/site-packages/airflow/example_dags/example_task_group.py
[2023-05-10T18:50:55.734+0000] {processor.py:753} INFO - DAG(s) dict_keys(['example_task_group']) retrieved from /home/airflow/.local/lib/python3.7/site-packages/airflow/example_dags/example_task_group.py
[2023-05-10T18:50:55.751+0000] {logging_mixin.py:137} INFO - [2023-05-10T18:50:55.751+0000] {dag.py:2690} INFO - Sync 1 DAGs
[2023-05-10T18:50:55.764+0000] {logging_mixin.py:137} INFO - [2023-05-10T18:50:55.764+0000] {dag.py:3441} INFO - Setting next_dagrun for example_task_group to 2023-05-09T18:50:55.764543+00:00, run_after=2023-05-10T18:50:55.764543+00:00
[2023-05-10T18:50:55.774+0000] {processor.py:175} INFO - Processing /home/airflow/.local/lib/python3.7/site-packages/airflow/example_dags/example_task_group.py took 0.054 seconds
[2023-05-10T18:51:26.445+0000] {processor.py:153} INFO - Started process (PID=1485) to work on /home/airflow/.local/lib/python3.7/site-packages/airflow/example_dags/example_task_group.py
[2023-05-10T18:51:26.446+0000] {processor.py:743} INFO - Processing file /home/airflow/.local/lib/python3.7/site-packages/airflow/example_dags/example_task_group.py for tasks to queue
[2023-05-10T18:51:26.447+0000] {logging_mixin.py:137} INFO - [2023-05-10T18:51:26.447+0000] {dagbag.py:538} INFO - Filling up the DagBag from /home/airflow/.local/lib/python3.7/site-packages/airflow/example_dags/example_task_group.py
[2023-05-10T18:51:26.457+0000] {processor.py:753} INFO - DAG(s) dict_keys(['example_task_group']) retrieved from /home/airflow/.local/lib/python3.7/site-packages/airflow/example_dags/example_task_group.py
[2023-05-10T18:51:26.474+0000] {logging_mixin.py:137} INFO - [2023-05-10T18:51:26.473+0000] {dag.py:2690} INFO - Sync 1 DAGs
[2023-05-10T18:51:26.487+0000] {logging_mixin.py:137} INFO - [2023-05-10T18:51:26.487+0000] {dag.py:3441} INFO - Setting next_dagrun for example_task_group to 2023-05-09T18:51:26.486980+00:00, run_after=2023-05-10T18:51:26.486980+00:00
[2023-05-10T18:51:26.496+0000] {processor.py:175} INFO - Processing /home/airflow/.local/lib/python3.7/site-packages/airflow/example_dags/example_task_group.py took 0.053 seconds
[2023-05-10T18:51:57.269+0000] {processor.py:153} INFO - Started process (PID=1548) to work on /home/airflow/.local/lib/python3.7/site-packages/airflow/example_dags/example_task_group.py
[2023-05-10T18:51:57.270+0000] {processor.py:743} INFO - Processing file /home/airflow/.local/lib/python3.7/site-packages/airflow/example_dags/example_task_group.py for tasks to queue
[2023-05-10T18:51:57.270+0000] {logging_mixin.py:137} INFO - [2023-05-10T18:51:57.270+0000] {dagbag.py:538} INFO - Filling up the DagBag from /home/airflow/.local/lib/python3.7/site-packages/airflow/example_dags/example_task_group.py
[2023-05-10T18:51:57.280+0000] {processor.py:753} INFO - DAG(s) dict_keys(['example_task_group']) retrieved from /home/airflow/.local/lib/python3.7/site-packages/airflow/example_dags/example_task_group.py
[2023-05-10T18:51:57.297+0000] {logging_mixin.py:137} INFO - [2023-05-10T18:51:57.297+0000] {dag.py:2690} INFO - Sync 1 DAGs
[2023-05-10T18:51:57.311+0000] {logging_mixin.py:137} INFO - [2023-05-10T18:51:57.311+0000] {dag.py:3441} INFO - Setting next_dagrun for example_task_group to 2023-05-09T18:51:57.310834+00:00, run_after=2023-05-10T18:51:57.310834+00:00
[2023-05-10T18:51:57.320+0000] {processor.py:175} INFO - Processing /home/airflow/.local/lib/python3.7/site-packages/airflow/example_dags/example_task_group.py took 0.053 seconds
[2023-05-10T18:52:28.196+0000] {processor.py:153} INFO - Started process (PID=1621) to work on /home/airflow/.local/lib/python3.7/site-packages/airflow/example_dags/example_task_group.py
[2023-05-10T18:52:28.197+0000] {processor.py:743} INFO - Processing file /home/airflow/.local/lib/python3.7/site-packages/airflow/example_dags/example_task_group.py for tasks to queue
[2023-05-10T18:52:28.198+0000] {logging_mixin.py:137} INFO - [2023-05-10T18:52:28.198+0000] {dagbag.py:538} INFO - Filling up the DagBag from /home/airflow/.local/lib/python3.7/site-packages/airflow/example_dags/example_task_group.py
[2023-05-10T18:52:28.207+0000] {processor.py:753} INFO - DAG(s) dict_keys(['example_task_group']) retrieved from /home/airflow/.local/lib/python3.7/site-packages/airflow/example_dags/example_task_group.py
[2023-05-10T18:52:28.224+0000] {logging_mixin.py:137} INFO - [2023-05-10T18:52:28.224+0000] {dag.py:2690} INFO - Sync 1 DAGs
[2023-05-10T18:52:28.237+0000] {logging_mixin.py:137} INFO - [2023-05-10T18:52:28.237+0000] {dag.py:3441} INFO - Setting next_dagrun for example_task_group to 2023-05-09T18:52:28.237310+00:00, run_after=2023-05-10T18:52:28.237310+00:00
[2023-05-10T18:52:28.248+0000] {processor.py:175} INFO - Processing /home/airflow/.local/lib/python3.7/site-packages/airflow/example_dags/example_task_group.py took 0.054 seconds
[2023-05-10T18:52:58.976+0000] {processor.py:153} INFO - Started process (PID=1696) to work on /home/airflow/.local/lib/python3.7/site-packages/airflow/example_dags/example_task_group.py
[2023-05-10T18:52:58.977+0000] {processor.py:743} INFO - Processing file /home/airflow/.local/lib/python3.7/site-packages/airflow/example_dags/example_task_group.py for tasks to queue
[2023-05-10T18:52:58.977+0000] {logging_mixin.py:137} INFO - [2023-05-10T18:52:58.977+0000] {dagbag.py:538} INFO - Filling up the DagBag from /home/airflow/.local/lib/python3.7/site-packages/airflow/example_dags/example_task_group.py
[2023-05-10T18:52:58.987+0000] {processor.py:753} INFO - DAG(s) dict_keys(['example_task_group']) retrieved from /home/airflow/.local/lib/python3.7/site-packages/airflow/example_dags/example_task_group.py
[2023-05-10T18:52:59.008+0000] {logging_mixin.py:137} INFO - [2023-05-10T18:52:59.007+0000] {dag.py:2690} INFO - Sync 1 DAGs
[2023-05-10T18:52:59.022+0000] {logging_mixin.py:137} INFO - [2023-05-10T18:52:59.021+0000] {dag.py:3441} INFO - Setting next_dagrun for example_task_group to 2023-05-09T18:52:59.021741+00:00, run_after=2023-05-10T18:52:59.021741+00:00
[2023-05-10T18:52:59.031+0000] {processor.py:175} INFO - Processing /home/airflow/.local/lib/python3.7/site-packages/airflow/example_dags/example_task_group.py took 0.058 seconds
[2023-05-10T18:53:29.776+0000] {processor.py:153} INFO - Started process (PID=1771) to work on /home/airflow/.local/lib/python3.7/site-packages/airflow/example_dags/example_task_group.py
[2023-05-10T18:53:29.777+0000] {processor.py:743} INFO - Processing file /home/airflow/.local/lib/python3.7/site-packages/airflow/example_dags/example_task_group.py for tasks to queue
[2023-05-10T18:53:29.778+0000] {logging_mixin.py:137} INFO - [2023-05-10T18:53:29.778+0000] {dagbag.py:538} INFO - Filling up the DagBag from /home/airflow/.local/lib/python3.7/site-packages/airflow/example_dags/example_task_group.py
[2023-05-10T18:53:29.787+0000] {processor.py:753} INFO - DAG(s) dict_keys(['example_task_group']) retrieved from /home/airflow/.local/lib/python3.7/site-packages/airflow/example_dags/example_task_group.py
[2023-05-10T18:53:29.804+0000] {logging_mixin.py:137} INFO - [2023-05-10T18:53:29.804+0000] {dag.py:2690} INFO - Sync 1 DAGs
[2023-05-10T18:53:29.818+0000] {logging_mixin.py:137} INFO - [2023-05-10T18:53:29.818+0000] {dag.py:3441} INFO - Setting next_dagrun for example_task_group to 2023-05-09T18:53:29.818159+00:00, run_after=2023-05-10T18:53:29.818159+00:00
[2023-05-10T18:53:29.826+0000] {processor.py:175} INFO - Processing /home/airflow/.local/lib/python3.7/site-packages/airflow/example_dags/example_task_group.py took 0.053 seconds
[2023-05-10T18:54:00.609+0000] {processor.py:153} INFO - Started process (PID=1833) to work on /home/airflow/.local/lib/python3.7/site-packages/airflow/example_dags/example_task_group.py
[2023-05-10T18:54:00.610+0000] {processor.py:743} INFO - Processing file /home/airflow/.local/lib/python3.7/site-packages/airflow/example_dags/example_task_group.py for tasks to queue
[2023-05-10T18:54:00.611+0000] {logging_mixin.py:137} INFO - [2023-05-10T18:54:00.611+0000] {dagbag.py:538} INFO - Filling up the DagBag from /home/airflow/.local/lib/python3.7/site-packages/airflow/example_dags/example_task_group.py
[2023-05-10T18:54:00.621+0000] {processor.py:753} INFO - DAG(s) dict_keys(['example_task_group']) retrieved from /home/airflow/.local/lib/python3.7/site-packages/airflow/example_dags/example_task_group.py
[2023-05-10T18:54:00.638+0000] {logging_mixin.py:137} INFO - [2023-05-10T18:54:00.638+0000] {dag.py:2690} INFO - Sync 1 DAGs
[2023-05-10T18:54:00.652+0000] {logging_mixin.py:137} INFO - [2023-05-10T18:54:00.652+0000] {dag.py:3441} INFO - Setting next_dagrun for example_task_group to 2023-05-09T18:54:00.651834+00:00, run_after=2023-05-10T18:54:00.651834+00:00
[2023-05-10T18:54:00.660+0000] {processor.py:175} INFO - Processing /home/airflow/.local/lib/python3.7/site-packages/airflow/example_dags/example_task_group.py took 0.053 seconds
[2023-05-10T18:54:31.334+0000] {processor.py:153} INFO - Started process (PID=1909) to work on /home/airflow/.local/lib/python3.7/site-packages/airflow/example_dags/example_task_group.py
[2023-05-10T18:54:31.335+0000] {processor.py:743} INFO - Processing file /home/airflow/.local/lib/python3.7/site-packages/airflow/example_dags/example_task_group.py for tasks to queue
[2023-05-10T18:54:31.335+0000] {logging_mixin.py:137} INFO - [2023-05-10T18:54:31.335+0000] {dagbag.py:538} INFO - Filling up the DagBag from /home/airflow/.local/lib/python3.7/site-packages/airflow/example_dags/example_task_group.py
[2023-05-10T18:54:31.345+0000] {processor.py:753} INFO - DAG(s) dict_keys(['example_task_group']) retrieved from /home/airflow/.local/lib/python3.7/site-packages/airflow/example_dags/example_task_group.py
[2023-05-10T18:54:31.361+0000] {logging_mixin.py:137} INFO - [2023-05-10T18:54:31.361+0000] {dag.py:2690} INFO - Sync 1 DAGs
[2023-05-10T18:54:31.374+0000] {logging_mixin.py:137} INFO - [2023-05-10T18:54:31.374+0000] {dag.py:3441} INFO - Setting next_dagrun for example_task_group to 2023-05-09T18:54:31.374572+00:00, run_after=2023-05-10T18:54:31.374572+00:00
[2023-05-10T18:54:31.384+0000] {processor.py:175} INFO - Processing /home/airflow/.local/lib/python3.7/site-packages/airflow/example_dags/example_task_group.py took 0.052 seconds
[2023-05-10T18:55:02.086+0000] {processor.py:153} INFO - Started process (PID=1984) to work on /home/airflow/.local/lib/python3.7/site-packages/airflow/example_dags/example_task_group.py
[2023-05-10T18:55:02.087+0000] {processor.py:743} INFO - Processing file /home/airflow/.local/lib/python3.7/site-packages/airflow/example_dags/example_task_group.py for tasks to queue
[2023-05-10T18:55:02.088+0000] {logging_mixin.py:137} INFO - [2023-05-10T18:55:02.087+0000] {dagbag.py:538} INFO - Filling up the DagBag from /home/airflow/.local/lib/python3.7/site-packages/airflow/example_dags/example_task_group.py
[2023-05-10T18:55:02.098+0000] {processor.py:753} INFO - DAG(s) dict_keys(['example_task_group']) retrieved from /home/airflow/.local/lib/python3.7/site-packages/airflow/example_dags/example_task_group.py
[2023-05-10T18:55:02.114+0000] {logging_mixin.py:137} INFO - [2023-05-10T18:55:02.114+0000] {dag.py:2690} INFO - Sync 1 DAGs
[2023-05-10T18:55:02.128+0000] {logging_mixin.py:137} INFO - [2023-05-10T18:55:02.128+0000] {dag.py:3441} INFO - Setting next_dagrun for example_task_group to 2023-05-09T18:55:02.128385+00:00, run_after=2023-05-10T18:55:02.128385+00:00
[2023-05-10T18:55:02.137+0000] {processor.py:175} INFO - Processing /home/airflow/.local/lib/python3.7/site-packages/airflow/example_dags/example_task_group.py took 0.054 seconds
