[2023-05-10T17:37:09.991+0000] {processor.py:153} INFO - Started process (PID=33) to work on /home/airflow/.local/lib/python3.7/site-packages/airflow/example_dags/example_datasets.py
[2023-05-10T17:37:09.995+0000] {processor.py:743} INFO - Processing file /home/airflow/.local/lib/python3.7/site-packages/airflow/example_dags/example_datasets.py for tasks to queue
[2023-05-10T17:37:09.998+0000] {logging_mixin.py:137} INFO - [2023-05-10T17:37:09.998+0000] {dagbag.py:538} INFO - Filling up the DagBag from /home/airflow/.local/lib/python3.7/site-packages/airflow/example_dags/example_datasets.py
[2023-05-10T17:37:10.018+0000] {processor.py:753} INFO - DAG(s) dict_keys(['dataset_consumes_unknown_never_scheduled', 'dataset_produces_1', 'dataset_produces_2', 'dataset_consumes_1', 'dataset_consumes_1_never_scheduled', 'dataset_consumes_1_and_2']) retrieved from /home/airflow/.local/lib/python3.7/site-packages/airflow/example_dags/example_datasets.py
[2023-05-10T17:37:10.165+0000] {logging_mixin.py:137} INFO - [2023-05-10T17:37:10.165+0000] {manager.py:504} INFO - Created Permission View: can edit on DAG:dataset_consumes_unknown_never_scheduled
[2023-05-10T17:37:10.172+0000] {logging_mixin.py:137} INFO - [2023-05-10T17:37:10.172+0000] {manager.py:504} INFO - Created Permission View: can read on DAG:dataset_consumes_unknown_never_scheduled
[2023-05-10T17:37:10.177+0000] {logging_mixin.py:137} INFO - [2023-05-10T17:37:10.177+0000] {manager.py:504} INFO - Created Permission View: can delete on DAG:dataset_consumes_unknown_never_scheduled
[2023-05-10T17:37:10.193+0000] {logging_mixin.py:137} INFO - [2023-05-10T17:37:10.193+0000] {manager.py:504} INFO - Created Permission View: can edit on DAG:dataset_produces_1
[2023-05-10T17:37:10.201+0000] {logging_mixin.py:137} INFO - [2023-05-10T17:37:10.201+0000] {manager.py:504} INFO - Created Permission View: can read on DAG:dataset_produces_1
[2023-05-10T17:37:10.208+0000] {logging_mixin.py:137} INFO - [2023-05-10T17:37:10.208+0000] {manager.py:504} INFO - Created Permission View: can delete on DAG:dataset_produces_1
[2023-05-10T17:37:10.222+0000] {logging_mixin.py:137} INFO - [2023-05-10T17:37:10.222+0000] {manager.py:504} INFO - Created Permission View: can edit on DAG:dataset_produces_2
[2023-05-10T17:37:10.228+0000] {logging_mixin.py:137} INFO - [2023-05-10T17:37:10.228+0000] {manager.py:504} INFO - Created Permission View: can read on DAG:dataset_produces_2
[2023-05-10T17:37:10.237+0000] {logging_mixin.py:137} INFO - [2023-05-10T17:37:10.237+0000] {manager.py:504} INFO - Created Permission View: can delete on DAG:dataset_produces_2
[2023-05-10T17:37:10.248+0000] {logging_mixin.py:137} INFO - [2023-05-10T17:37:10.247+0000] {manager.py:504} INFO - Created Permission View: can edit on DAG:dataset_consumes_1
[2023-05-10T17:37:10.262+0000] {logging_mixin.py:137} INFO - [2023-05-10T17:37:10.262+0000] {manager.py:504} INFO - Created Permission View: can read on DAG:dataset_consumes_1
[2023-05-10T17:37:10.276+0000] {logging_mixin.py:137} INFO - [2023-05-10T17:37:10.276+0000] {manager.py:504} INFO - Created Permission View: can delete on DAG:dataset_consumes_1
[2023-05-10T17:37:10.312+0000] {logging_mixin.py:137} INFO - [2023-05-10T17:37:10.312+0000] {manager.py:504} INFO - Created Permission View: can edit on DAG:dataset_consumes_1_never_scheduled
[2023-05-10T17:37:10.319+0000] {logging_mixin.py:137} INFO - [2023-05-10T17:37:10.319+0000] {manager.py:504} INFO - Created Permission View: can read on DAG:dataset_consumes_1_never_scheduled
[2023-05-10T17:37:10.331+0000] {logging_mixin.py:137} INFO - [2023-05-10T17:37:10.331+0000] {manager.py:504} INFO - Created Permission View: can delete on DAG:dataset_consumes_1_never_scheduled
[2023-05-10T17:37:10.343+0000] {logging_mixin.py:137} INFO - [2023-05-10T17:37:10.343+0000] {manager.py:504} INFO - Created Permission View: can edit on DAG:dataset_consumes_1_and_2
[2023-05-10T17:37:10.348+0000] {logging_mixin.py:137} INFO - [2023-05-10T17:37:10.348+0000] {manager.py:504} INFO - Created Permission View: can read on DAG:dataset_consumes_1_and_2
[2023-05-10T17:37:10.368+0000] {logging_mixin.py:137} INFO - [2023-05-10T17:37:10.368+0000] {manager.py:504} INFO - Created Permission View: can delete on DAG:dataset_consumes_1_and_2
[2023-05-10T17:37:10.370+0000] {logging_mixin.py:137} INFO - [2023-05-10T17:37:10.370+0000] {dag.py:2690} INFO - Sync 6 DAGs
[2023-05-10T17:37:10.396+0000] {logging_mixin.py:137} INFO - [2023-05-10T17:37:10.396+0000] {dag.py:2711} INFO - Creating ORM DAG for dataset_consumes_unknown_never_scheduled
[2023-05-10T17:37:10.397+0000] {logging_mixin.py:137} INFO - [2023-05-10T17:37:10.397+0000] {dag.py:2711} INFO - Creating ORM DAG for dataset_produces_2
[2023-05-10T17:37:10.399+0000] {logging_mixin.py:137} INFO - [2023-05-10T17:37:10.399+0000] {dag.py:2711} INFO - Creating ORM DAG for dataset_produces_1
[2023-05-10T17:37:10.400+0000] {logging_mixin.py:137} INFO - [2023-05-10T17:37:10.400+0000] {dag.py:2711} INFO - Creating ORM DAG for dataset_consumes_1_never_scheduled
[2023-05-10T17:37:10.402+0000] {logging_mixin.py:137} INFO - [2023-05-10T17:37:10.402+0000] {dag.py:2711} INFO - Creating ORM DAG for dataset_consumes_1
[2023-05-10T17:37:10.403+0000] {logging_mixin.py:137} INFO - [2023-05-10T17:37:10.403+0000] {dag.py:2711} INFO - Creating ORM DAG for dataset_consumes_1_and_2
[2023-05-10T17:37:10.427+0000] {logging_mixin.py:137} INFO - [2023-05-10T17:37:10.427+0000] {dag.py:3441} INFO - Setting next_dagrun for dataset_consumes_1 to None, run_after=None
[2023-05-10T17:37:10.429+0000] {logging_mixin.py:137} INFO - [2023-05-10T17:37:10.429+0000] {dag.py:3441} INFO - Setting next_dagrun for dataset_consumes_1_and_2 to None, run_after=None
[2023-05-10T17:37:10.430+0000] {logging_mixin.py:137} INFO - [2023-05-10T17:37:10.430+0000] {dag.py:3441} INFO - Setting next_dagrun for dataset_consumes_1_never_scheduled to None, run_after=None
[2023-05-10T17:37:10.431+0000] {logging_mixin.py:137} INFO - [2023-05-10T17:37:10.430+0000] {dag.py:3441} INFO - Setting next_dagrun for dataset_consumes_unknown_never_scheduled to None, run_after=None
[2023-05-10T17:37:10.434+0000] {logging_mixin.py:137} INFO - [2023-05-10T17:37:10.434+0000] {dag.py:3441} INFO - Setting next_dagrun for dataset_produces_1 to 2023-05-09T00:00:00+00:00, run_after=2023-05-10T00:00:00+00:00
[2023-05-10T17:37:10.435+0000] {logging_mixin.py:137} INFO - [2023-05-10T17:37:10.435+0000] {dag.py:3441} INFO - Setting next_dagrun for dataset_produces_2 to None, run_after=None
[2023-05-10T17:37:10.504+0000] {processor.py:175} INFO - Processing /home/airflow/.local/lib/python3.7/site-packages/airflow/example_dags/example_datasets.py took 0.516 seconds
[2023-05-10T17:37:41.092+0000] {processor.py:153} INFO - Started process (PID=107) to work on /home/airflow/.local/lib/python3.7/site-packages/airflow/example_dags/example_datasets.py
[2023-05-10T17:37:41.095+0000] {processor.py:743} INFO - Processing file /home/airflow/.local/lib/python3.7/site-packages/airflow/example_dags/example_datasets.py for tasks to queue
[2023-05-10T17:37:41.099+0000] {logging_mixin.py:137} INFO - [2023-05-10T17:37:41.099+0000] {dagbag.py:538} INFO - Filling up the DagBag from /home/airflow/.local/lib/python3.7/site-packages/airflow/example_dags/example_datasets.py
[2023-05-10T17:37:41.130+0000] {processor.py:753} INFO - DAG(s) dict_keys(['dataset_produces_1', 'dataset_produces_2', 'dataset_consumes_1', 'dataset_consumes_1_never_scheduled', 'dataset_consumes_1_and_2', 'dataset_consumes_unknown_never_scheduled']) retrieved from /home/airflow/.local/lib/python3.7/site-packages/airflow/example_dags/example_datasets.py
[2023-05-10T17:37:41.180+0000] {logging_mixin.py:137} INFO - [2023-05-10T17:37:41.180+0000] {dag.py:2690} INFO - Sync 6 DAGs
[2023-05-10T17:37:41.206+0000] {logging_mixin.py:137} INFO - [2023-05-10T17:37:41.206+0000] {dag.py:3441} INFO - Setting next_dagrun for dataset_consumes_1 to None, run_after=None
[2023-05-10T17:37:41.210+0000] {logging_mixin.py:137} INFO - [2023-05-10T17:37:41.210+0000] {dag.py:3441} INFO - Setting next_dagrun for dataset_consumes_1_and_2 to None, run_after=None
[2023-05-10T17:37:41.212+0000] {logging_mixin.py:137} INFO - [2023-05-10T17:37:41.212+0000] {dag.py:3441} INFO - Setting next_dagrun for dataset_consumes_1_never_scheduled to None, run_after=None
[2023-05-10T17:37:41.214+0000] {logging_mixin.py:137} INFO - [2023-05-10T17:37:41.214+0000] {dag.py:3441} INFO - Setting next_dagrun for dataset_consumes_unknown_never_scheduled to None, run_after=None
[2023-05-10T17:37:41.216+0000] {logging_mixin.py:137} INFO - [2023-05-10T17:37:41.216+0000] {dag.py:3441} INFO - Setting next_dagrun for dataset_produces_1 to 2023-05-09T00:00:00+00:00, run_after=2023-05-10T00:00:00+00:00
[2023-05-10T17:37:41.219+0000] {logging_mixin.py:137} INFO - [2023-05-10T17:37:41.219+0000] {dag.py:3441} INFO - Setting next_dagrun for dataset_produces_2 to None, run_after=None
[2023-05-10T17:37:41.243+0000] {processor.py:175} INFO - Processing /home/airflow/.local/lib/python3.7/site-packages/airflow/example_dags/example_datasets.py took 0.154 seconds
[2023-05-10T17:38:11.741+0000] {processor.py:153} INFO - Started process (PID=171) to work on /home/airflow/.local/lib/python3.7/site-packages/airflow/example_dags/example_datasets.py
[2023-05-10T17:38:11.744+0000] {processor.py:743} INFO - Processing file /home/airflow/.local/lib/python3.7/site-packages/airflow/example_dags/example_datasets.py for tasks to queue
[2023-05-10T17:38:11.746+0000] {logging_mixin.py:137} INFO - [2023-05-10T17:38:11.745+0000] {dagbag.py:538} INFO - Filling up the DagBag from /home/airflow/.local/lib/python3.7/site-packages/airflow/example_dags/example_datasets.py
[2023-05-10T17:38:11.771+0000] {processor.py:753} INFO - DAG(s) dict_keys(['dataset_consumes_1', 'dataset_consumes_unknown_never_scheduled', 'dataset_consumes_1_and_2', 'dataset_produces_1', 'dataset_produces_2', 'dataset_consumes_1_never_scheduled']) retrieved from /home/airflow/.local/lib/python3.7/site-packages/airflow/example_dags/example_datasets.py
[2023-05-10T17:38:11.848+0000] {logging_mixin.py:137} INFO - [2023-05-10T17:38:11.848+0000] {dag.py:2690} INFO - Sync 6 DAGs
[2023-05-10T17:38:11.879+0000] {logging_mixin.py:137} INFO - [2023-05-10T17:38:11.879+0000] {dag.py:3441} INFO - Setting next_dagrun for dataset_consumes_1 to None, run_after=None
[2023-05-10T17:38:11.883+0000] {logging_mixin.py:137} INFO - [2023-05-10T17:38:11.883+0000] {dag.py:3441} INFO - Setting next_dagrun for dataset_consumes_1_and_2 to None, run_after=None
[2023-05-10T17:38:11.885+0000] {logging_mixin.py:137} INFO - [2023-05-10T17:38:11.885+0000] {dag.py:3441} INFO - Setting next_dagrun for dataset_consumes_1_never_scheduled to None, run_after=None
[2023-05-10T17:38:11.888+0000] {logging_mixin.py:137} INFO - [2023-05-10T17:38:11.888+0000] {dag.py:3441} INFO - Setting next_dagrun for dataset_consumes_unknown_never_scheduled to None, run_after=None
[2023-05-10T17:38:11.892+0000] {logging_mixin.py:137} INFO - [2023-05-10T17:38:11.892+0000] {dag.py:3441} INFO - Setting next_dagrun for dataset_produces_1 to 2023-05-09T00:00:00+00:00, run_after=2023-05-10T00:00:00+00:00
[2023-05-10T17:38:11.893+0000] {logging_mixin.py:137} INFO - [2023-05-10T17:38:11.893+0000] {dag.py:3441} INFO - Setting next_dagrun for dataset_produces_2 to None, run_after=None
[2023-05-10T17:38:11.923+0000] {processor.py:175} INFO - Processing /home/airflow/.local/lib/python3.7/site-packages/airflow/example_dags/example_datasets.py took 0.185 seconds
[2023-05-10T17:38:42.150+0000] {processor.py:153} INFO - Started process (PID=247) to work on /home/airflow/.local/lib/python3.7/site-packages/airflow/example_dags/example_datasets.py
[2023-05-10T17:38:42.151+0000] {processor.py:743} INFO - Processing file /home/airflow/.local/lib/python3.7/site-packages/airflow/example_dags/example_datasets.py for tasks to queue
[2023-05-10T17:38:42.152+0000] {logging_mixin.py:137} INFO - [2023-05-10T17:38:42.151+0000] {dagbag.py:538} INFO - Filling up the DagBag from /home/airflow/.local/lib/python3.7/site-packages/airflow/example_dags/example_datasets.py
[2023-05-10T17:38:42.167+0000] {processor.py:753} INFO - DAG(s) dict_keys(['dataset_consumes_1_and_2', 'dataset_consumes_unknown_never_scheduled', 'dataset_produces_1', 'dataset_produces_2', 'dataset_consumes_1_never_scheduled', 'dataset_consumes_1']) retrieved from /home/airflow/.local/lib/python3.7/site-packages/airflow/example_dags/example_datasets.py
[2023-05-10T17:38:42.194+0000] {logging_mixin.py:137} INFO - [2023-05-10T17:38:42.194+0000] {dag.py:2690} INFO - Sync 6 DAGs
[2023-05-10T17:38:42.208+0000] {logging_mixin.py:137} INFO - [2023-05-10T17:38:42.208+0000] {dag.py:3441} INFO - Setting next_dagrun for dataset_consumes_1 to None, run_after=None
[2023-05-10T17:38:42.210+0000] {logging_mixin.py:137} INFO - [2023-05-10T17:38:42.210+0000] {dag.py:3441} INFO - Setting next_dagrun for dataset_consumes_1_and_2 to None, run_after=None
[2023-05-10T17:38:42.211+0000] {logging_mixin.py:137} INFO - [2023-05-10T17:38:42.211+0000] {dag.py:3441} INFO - Setting next_dagrun for dataset_consumes_1_never_scheduled to None, run_after=None
[2023-05-10T17:38:42.212+0000] {logging_mixin.py:137} INFO - [2023-05-10T17:38:42.212+0000] {dag.py:3441} INFO - Setting next_dagrun for dataset_consumes_unknown_never_scheduled to None, run_after=None
[2023-05-10T17:38:42.214+0000] {logging_mixin.py:137} INFO - [2023-05-10T17:38:42.214+0000] {dag.py:3441} INFO - Setting next_dagrun for dataset_produces_1 to 2023-05-09T00:00:00+00:00, run_after=2023-05-10T00:00:00+00:00
[2023-05-10T17:38:42.215+0000] {logging_mixin.py:137} INFO - [2023-05-10T17:38:42.215+0000] {dag.py:3441} INFO - Setting next_dagrun for dataset_produces_2 to None, run_after=None
[2023-05-10T17:38:42.230+0000] {processor.py:175} INFO - Processing /home/airflow/.local/lib/python3.7/site-packages/airflow/example_dags/example_datasets.py took 0.084 seconds
[2023-05-10T17:39:13.184+0000] {processor.py:153} INFO - Started process (PID=323) to work on /home/airflow/.local/lib/python3.7/site-packages/airflow/example_dags/example_datasets.py
[2023-05-10T17:39:13.185+0000] {processor.py:743} INFO - Processing file /home/airflow/.local/lib/python3.7/site-packages/airflow/example_dags/example_datasets.py for tasks to queue
[2023-05-10T17:39:13.186+0000] {logging_mixin.py:137} INFO - [2023-05-10T17:39:13.186+0000] {dagbag.py:538} INFO - Filling up the DagBag from /home/airflow/.local/lib/python3.7/site-packages/airflow/example_dags/example_datasets.py
[2023-05-10T17:39:13.200+0000] {processor.py:753} INFO - DAG(s) dict_keys(['dataset_consumes_1', 'dataset_consumes_unknown_never_scheduled', 'dataset_produces_1', 'dataset_consumes_1_never_scheduled', 'dataset_produces_2', 'dataset_consumes_1_and_2']) retrieved from /home/airflow/.local/lib/python3.7/site-packages/airflow/example_dags/example_datasets.py
[2023-05-10T17:39:13.226+0000] {logging_mixin.py:137} INFO - [2023-05-10T17:39:13.226+0000] {dag.py:2690} INFO - Sync 6 DAGs
[2023-05-10T17:39:13.239+0000] {logging_mixin.py:137} INFO - [2023-05-10T17:39:13.239+0000] {dag.py:3441} INFO - Setting next_dagrun for dataset_consumes_1 to None, run_after=None
[2023-05-10T17:39:13.241+0000] {logging_mixin.py:137} INFO - [2023-05-10T17:39:13.241+0000] {dag.py:3441} INFO - Setting next_dagrun for dataset_consumes_1_and_2 to None, run_after=None
[2023-05-10T17:39:13.242+0000] {logging_mixin.py:137} INFO - [2023-05-10T17:39:13.242+0000] {dag.py:3441} INFO - Setting next_dagrun for dataset_consumes_1_never_scheduled to None, run_after=None
[2023-05-10T17:39:13.243+0000] {logging_mixin.py:137} INFO - [2023-05-10T17:39:13.243+0000] {dag.py:3441} INFO - Setting next_dagrun for dataset_consumes_unknown_never_scheduled to None, run_after=None
[2023-05-10T17:39:13.244+0000] {logging_mixin.py:137} INFO - [2023-05-10T17:39:13.244+0000] {dag.py:3441} INFO - Setting next_dagrun for dataset_produces_1 to 2023-05-09T00:00:00+00:00, run_after=2023-05-10T00:00:00+00:00
[2023-05-10T17:39:13.245+0000] {logging_mixin.py:137} INFO - [2023-05-10T17:39:13.245+0000] {dag.py:3441} INFO - Setting next_dagrun for dataset_produces_2 to None, run_after=None
[2023-05-10T17:39:13.260+0000] {processor.py:175} INFO - Processing /home/airflow/.local/lib/python3.7/site-packages/airflow/example_dags/example_datasets.py took 0.080 seconds
[2023-05-10T17:39:44.191+0000] {processor.py:153} INFO - Started process (PID=385) to work on /home/airflow/.local/lib/python3.7/site-packages/airflow/example_dags/example_datasets.py
[2023-05-10T17:39:44.192+0000] {processor.py:743} INFO - Processing file /home/airflow/.local/lib/python3.7/site-packages/airflow/example_dags/example_datasets.py for tasks to queue
[2023-05-10T17:39:44.193+0000] {logging_mixin.py:137} INFO - [2023-05-10T17:39:44.193+0000] {dagbag.py:538} INFO - Filling up the DagBag from /home/airflow/.local/lib/python3.7/site-packages/airflow/example_dags/example_datasets.py
[2023-05-10T17:39:44.208+0000] {processor.py:753} INFO - DAG(s) dict_keys(['dataset_consumes_unknown_never_scheduled', 'dataset_consumes_1_and_2', 'dataset_consumes_1', 'dataset_consumes_1_never_scheduled', 'dataset_produces_1', 'dataset_produces_2']) retrieved from /home/airflow/.local/lib/python3.7/site-packages/airflow/example_dags/example_datasets.py
[2023-05-10T17:39:44.238+0000] {logging_mixin.py:137} INFO - [2023-05-10T17:39:44.238+0000] {dag.py:2690} INFO - Sync 6 DAGs
[2023-05-10T17:39:44.251+0000] {logging_mixin.py:137} INFO - [2023-05-10T17:39:44.251+0000] {dag.py:3441} INFO - Setting next_dagrun for dataset_consumes_1 to None, run_after=None
[2023-05-10T17:39:44.253+0000] {logging_mixin.py:137} INFO - [2023-05-10T17:39:44.253+0000] {dag.py:3441} INFO - Setting next_dagrun for dataset_consumes_1_and_2 to None, run_after=None
[2023-05-10T17:39:44.254+0000] {logging_mixin.py:137} INFO - [2023-05-10T17:39:44.254+0000] {dag.py:3441} INFO - Setting next_dagrun for dataset_consumes_1_never_scheduled to None, run_after=None
[2023-05-10T17:39:44.255+0000] {logging_mixin.py:137} INFO - [2023-05-10T17:39:44.255+0000] {dag.py:3441} INFO - Setting next_dagrun for dataset_consumes_unknown_never_scheduled to None, run_after=None
[2023-05-10T17:39:44.256+0000] {logging_mixin.py:137} INFO - [2023-05-10T17:39:44.256+0000] {dag.py:3441} INFO - Setting next_dagrun for dataset_produces_1 to 2023-05-09T00:00:00+00:00, run_after=2023-05-10T00:00:00+00:00
[2023-05-10T17:39:44.257+0000] {logging_mixin.py:137} INFO - [2023-05-10T17:39:44.257+0000] {dag.py:3441} INFO - Setting next_dagrun for dataset_produces_2 to None, run_after=None
[2023-05-10T17:39:44.274+0000] {processor.py:175} INFO - Processing /home/airflow/.local/lib/python3.7/site-packages/airflow/example_dags/example_datasets.py took 0.087 seconds
[2023-05-10T17:40:15.143+0000] {processor.py:153} INFO - Started process (PID=461) to work on /home/airflow/.local/lib/python3.7/site-packages/airflow/example_dags/example_datasets.py
[2023-05-10T17:40:15.144+0000] {processor.py:743} INFO - Processing file /home/airflow/.local/lib/python3.7/site-packages/airflow/example_dags/example_datasets.py for tasks to queue
[2023-05-10T17:40:15.145+0000] {logging_mixin.py:137} INFO - [2023-05-10T17:40:15.145+0000] {dagbag.py:538} INFO - Filling up the DagBag from /home/airflow/.local/lib/python3.7/site-packages/airflow/example_dags/example_datasets.py
[2023-05-10T17:40:15.160+0000] {processor.py:753} INFO - DAG(s) dict_keys(['dataset_produces_1', 'dataset_consumes_1', 'dataset_consumes_1_and_2', 'dataset_consumes_1_never_scheduled', 'dataset_consumes_unknown_never_scheduled', 'dataset_produces_2']) retrieved from /home/airflow/.local/lib/python3.7/site-packages/airflow/example_dags/example_datasets.py
[2023-05-10T17:40:15.189+0000] {logging_mixin.py:137} INFO - [2023-05-10T17:40:15.189+0000] {dag.py:2690} INFO - Sync 6 DAGs
[2023-05-10T17:40:15.203+0000] {logging_mixin.py:137} INFO - [2023-05-10T17:40:15.203+0000] {dag.py:3441} INFO - Setting next_dagrun for dataset_consumes_1 to None, run_after=None
[2023-05-10T17:40:15.205+0000] {logging_mixin.py:137} INFO - [2023-05-10T17:40:15.205+0000] {dag.py:3441} INFO - Setting next_dagrun for dataset_consumes_1_and_2 to None, run_after=None
[2023-05-10T17:40:15.206+0000] {logging_mixin.py:137} INFO - [2023-05-10T17:40:15.206+0000] {dag.py:3441} INFO - Setting next_dagrun for dataset_consumes_1_never_scheduled to None, run_after=None
[2023-05-10T17:40:15.207+0000] {logging_mixin.py:137} INFO - [2023-05-10T17:40:15.206+0000] {dag.py:3441} INFO - Setting next_dagrun for dataset_consumes_unknown_never_scheduled to None, run_after=None
[2023-05-10T17:40:15.208+0000] {logging_mixin.py:137} INFO - [2023-05-10T17:40:15.208+0000] {dag.py:3441} INFO - Setting next_dagrun for dataset_produces_1 to 2023-05-09T00:00:00+00:00, run_after=2023-05-10T00:00:00+00:00
[2023-05-10T17:40:15.211+0000] {logging_mixin.py:137} INFO - [2023-05-10T17:40:15.211+0000] {dag.py:3441} INFO - Setting next_dagrun for dataset_produces_2 to None, run_after=None
[2023-05-10T17:40:15.227+0000] {processor.py:175} INFO - Processing /home/airflow/.local/lib/python3.7/site-packages/airflow/example_dags/example_datasets.py took 0.088 seconds
[2023-05-10T17:40:45.991+0000] {processor.py:153} INFO - Started process (PID=537) to work on /home/airflow/.local/lib/python3.7/site-packages/airflow/example_dags/example_datasets.py
[2023-05-10T17:40:45.993+0000] {processor.py:743} INFO - Processing file /home/airflow/.local/lib/python3.7/site-packages/airflow/example_dags/example_datasets.py for tasks to queue
[2023-05-10T17:40:45.994+0000] {logging_mixin.py:137} INFO - [2023-05-10T17:40:45.994+0000] {dagbag.py:538} INFO - Filling up the DagBag from /home/airflow/.local/lib/python3.7/site-packages/airflow/example_dags/example_datasets.py
[2023-05-10T17:40:46.007+0000] {processor.py:753} INFO - DAG(s) dict_keys(['dataset_consumes_1', 'dataset_produces_1', 'dataset_produces_2', 'dataset_consumes_1_never_scheduled', 'dataset_consumes_1_and_2', 'dataset_consumes_unknown_never_scheduled']) retrieved from /home/airflow/.local/lib/python3.7/site-packages/airflow/example_dags/example_datasets.py
[2023-05-10T17:40:46.033+0000] {logging_mixin.py:137} INFO - [2023-05-10T17:40:46.033+0000] {dag.py:2690} INFO - Sync 6 DAGs
[2023-05-10T17:40:46.046+0000] {logging_mixin.py:137} INFO - [2023-05-10T17:40:46.046+0000] {dag.py:3441} INFO - Setting next_dagrun for dataset_consumes_1 to None, run_after=None
[2023-05-10T17:40:46.048+0000] {logging_mixin.py:137} INFO - [2023-05-10T17:40:46.048+0000] {dag.py:3441} INFO - Setting next_dagrun for dataset_consumes_1_and_2 to None, run_after=None
[2023-05-10T17:40:46.049+0000] {logging_mixin.py:137} INFO - [2023-05-10T17:40:46.049+0000] {dag.py:3441} INFO - Setting next_dagrun for dataset_consumes_1_never_scheduled to None, run_after=None
[2023-05-10T17:40:46.050+0000] {logging_mixin.py:137} INFO - [2023-05-10T17:40:46.050+0000] {dag.py:3441} INFO - Setting next_dagrun for dataset_consumes_unknown_never_scheduled to None, run_after=None
[2023-05-10T17:40:46.051+0000] {logging_mixin.py:137} INFO - [2023-05-10T17:40:46.051+0000] {dag.py:3441} INFO - Setting next_dagrun for dataset_produces_1 to 2023-05-09T00:00:00+00:00, run_after=2023-05-10T00:00:00+00:00
[2023-05-10T17:40:46.052+0000] {logging_mixin.py:137} INFO - [2023-05-10T17:40:46.052+0000] {dag.py:3441} INFO - Setting next_dagrun for dataset_produces_2 to None, run_after=None
[2023-05-10T17:40:46.068+0000] {processor.py:175} INFO - Processing /home/airflow/.local/lib/python3.7/site-packages/airflow/example_dags/example_datasets.py took 0.081 seconds
[2023-05-10T17:41:16.104+0000] {processor.py:153} INFO - Started process (PID=614) to work on /home/airflow/.local/lib/python3.7/site-packages/airflow/example_dags/example_datasets.py
[2023-05-10T17:41:16.105+0000] {processor.py:743} INFO - Processing file /home/airflow/.local/lib/python3.7/site-packages/airflow/example_dags/example_datasets.py for tasks to queue
[2023-05-10T17:41:16.106+0000] {logging_mixin.py:137} INFO - [2023-05-10T17:41:16.106+0000] {dagbag.py:538} INFO - Filling up the DagBag from /home/airflow/.local/lib/python3.7/site-packages/airflow/example_dags/example_datasets.py
[2023-05-10T17:41:16.119+0000] {processor.py:753} INFO - DAG(s) dict_keys(['dataset_consumes_unknown_never_scheduled', 'dataset_consumes_1_never_scheduled', 'dataset_produces_2', 'dataset_produces_1', 'dataset_consumes_1_and_2', 'dataset_consumes_1']) retrieved from /home/airflow/.local/lib/python3.7/site-packages/airflow/example_dags/example_datasets.py
[2023-05-10T17:41:16.144+0000] {logging_mixin.py:137} INFO - [2023-05-10T17:41:16.144+0000] {dag.py:2690} INFO - Sync 6 DAGs
[2023-05-10T17:41:16.157+0000] {logging_mixin.py:137} INFO - [2023-05-10T17:41:16.157+0000] {dag.py:3441} INFO - Setting next_dagrun for dataset_consumes_1 to None, run_after=None
[2023-05-10T17:41:16.159+0000] {logging_mixin.py:137} INFO - [2023-05-10T17:41:16.159+0000] {dag.py:3441} INFO - Setting next_dagrun for dataset_consumes_1_and_2 to None, run_after=None
[2023-05-10T17:41:16.160+0000] {logging_mixin.py:137} INFO - [2023-05-10T17:41:16.160+0000] {dag.py:3441} INFO - Setting next_dagrun for dataset_consumes_1_never_scheduled to None, run_after=None
[2023-05-10T17:41:16.161+0000] {logging_mixin.py:137} INFO - [2023-05-10T17:41:16.161+0000] {dag.py:3441} INFO - Setting next_dagrun for dataset_consumes_unknown_never_scheduled to None, run_after=None
[2023-05-10T17:41:16.162+0000] {logging_mixin.py:137} INFO - [2023-05-10T17:41:16.162+0000] {dag.py:3441} INFO - Setting next_dagrun for dataset_produces_1 to 2023-05-09T00:00:00+00:00, run_after=2023-05-10T00:00:00+00:00
[2023-05-10T17:41:16.163+0000] {logging_mixin.py:137} INFO - [2023-05-10T17:41:16.163+0000] {dag.py:3441} INFO - Setting next_dagrun for dataset_produces_2 to None, run_after=None
[2023-05-10T17:41:16.178+0000] {processor.py:175} INFO - Processing /home/airflow/.local/lib/python3.7/site-packages/airflow/example_dags/example_datasets.py took 0.077 seconds
[2023-05-10T17:56:35.664+0000] {processor.py:153} INFO - Started process (PID=665) to work on /home/airflow/.local/lib/python3.7/site-packages/airflow/example_dags/example_datasets.py
[2023-05-10T17:56:35.665+0000] {processor.py:743} INFO - Processing file /home/airflow/.local/lib/python3.7/site-packages/airflow/example_dags/example_datasets.py for tasks to queue
[2023-05-10T17:56:35.665+0000] {logging_mixin.py:137} INFO - [2023-05-10T17:56:35.665+0000] {dagbag.py:538} INFO - Filling up the DagBag from /home/airflow/.local/lib/python3.7/site-packages/airflow/example_dags/example_datasets.py
[2023-05-10T17:56:35.677+0000] {processor.py:753} INFO - DAG(s) dict_keys(['dataset_consumes_1_and_2', 'dataset_consumes_unknown_never_scheduled', 'dataset_consumes_1_never_scheduled', 'dataset_consumes_1', 'dataset_produces_1', 'dataset_produces_2']) retrieved from /home/airflow/.local/lib/python3.7/site-packages/airflow/example_dags/example_datasets.py
[2023-05-10T17:56:35.701+0000] {logging_mixin.py:137} INFO - [2023-05-10T17:56:35.701+0000] {dag.py:2690} INFO - Sync 6 DAGs
[2023-05-10T17:56:35.714+0000] {logging_mixin.py:137} INFO - [2023-05-10T17:56:35.713+0000] {dag.py:3441} INFO - Setting next_dagrun for dataset_consumes_1 to None, run_after=None
[2023-05-10T17:56:35.715+0000] {logging_mixin.py:137} INFO - [2023-05-10T17:56:35.715+0000] {dag.py:3441} INFO - Setting next_dagrun for dataset_consumes_1_and_2 to None, run_after=None
[2023-05-10T17:56:35.716+0000] {logging_mixin.py:137} INFO - [2023-05-10T17:56:35.716+0000] {dag.py:3441} INFO - Setting next_dagrun for dataset_consumes_1_never_scheduled to None, run_after=None
[2023-05-10T17:56:35.717+0000] {logging_mixin.py:137} INFO - [2023-05-10T17:56:35.717+0000] {dag.py:3441} INFO - Setting next_dagrun for dataset_consumes_unknown_never_scheduled to None, run_after=None
[2023-05-10T17:56:35.718+0000] {logging_mixin.py:137} INFO - [2023-05-10T17:56:35.718+0000] {dag.py:3441} INFO - Setting next_dagrun for dataset_produces_1 to 2023-05-09T00:00:00+00:00, run_after=2023-05-10T00:00:00+00:00
[2023-05-10T17:56:35.719+0000] {logging_mixin.py:137} INFO - [2023-05-10T17:56:35.719+0000] {dag.py:3441} INFO - Setting next_dagrun for dataset_produces_2 to None, run_after=None
[2023-05-10T17:56:35.735+0000] {processor.py:175} INFO - Processing /home/airflow/.local/lib/python3.7/site-packages/airflow/example_dags/example_datasets.py took 0.073 seconds
[2023-05-10T18:14:17.736+0000] {processor.py:153} INFO - Started process (PID=741) to work on /home/airflow/.local/lib/python3.7/site-packages/airflow/example_dags/example_datasets.py
[2023-05-10T18:14:17.737+0000] {processor.py:743} INFO - Processing file /home/airflow/.local/lib/python3.7/site-packages/airflow/example_dags/example_datasets.py for tasks to queue
[2023-05-10T18:14:17.738+0000] {logging_mixin.py:137} INFO - [2023-05-10T18:14:17.738+0000] {dagbag.py:538} INFO - Filling up the DagBag from /home/airflow/.local/lib/python3.7/site-packages/airflow/example_dags/example_datasets.py
[2023-05-10T18:14:17.803+0000] {processor.py:753} INFO - DAG(s) dict_keys(['dataset_produces_2', 'dataset_consumes_1_never_scheduled', 'dataset_consumes_1', 'dataset_consumes_1_and_2', 'dataset_consumes_unknown_never_scheduled', 'dataset_produces_1']) retrieved from /home/airflow/.local/lib/python3.7/site-packages/airflow/example_dags/example_datasets.py
[2023-05-10T18:14:17.893+0000] {logging_mixin.py:137} INFO - [2023-05-10T18:14:17.893+0000] {dag.py:2690} INFO - Sync 6 DAGs
[2023-05-10T18:14:17.921+0000] {logging_mixin.py:137} INFO - [2023-05-10T18:14:17.921+0000] {dag.py:3441} INFO - Setting next_dagrun for dataset_consumes_1 to None, run_after=None
[2023-05-10T18:14:17.925+0000] {logging_mixin.py:137} INFO - [2023-05-10T18:14:17.925+0000] {dag.py:3441} INFO - Setting next_dagrun for dataset_consumes_1_and_2 to None, run_after=None
[2023-05-10T18:14:17.927+0000] {logging_mixin.py:137} INFO - [2023-05-10T18:14:17.927+0000] {dag.py:3441} INFO - Setting next_dagrun for dataset_consumes_1_never_scheduled to None, run_after=None
[2023-05-10T18:14:17.929+0000] {logging_mixin.py:137} INFO - [2023-05-10T18:14:17.929+0000] {dag.py:3441} INFO - Setting next_dagrun for dataset_consumes_unknown_never_scheduled to None, run_after=None
[2023-05-10T18:14:17.934+0000] {logging_mixin.py:137} INFO - [2023-05-10T18:14:17.933+0000] {dag.py:3441} INFO - Setting next_dagrun for dataset_produces_1 to 2023-05-09T00:00:00+00:00, run_after=2023-05-10T00:00:00+00:00
[2023-05-10T18:14:17.938+0000] {logging_mixin.py:137} INFO - [2023-05-10T18:14:17.938+0000] {dag.py:3441} INFO - Setting next_dagrun for dataset_produces_2 to None, run_after=None
[2023-05-10T18:14:17.994+0000] {processor.py:175} INFO - Processing /home/airflow/.local/lib/python3.7/site-packages/airflow/example_dags/example_datasets.py took 0.260 seconds
[2023-05-10T18:14:48.110+0000] {processor.py:153} INFO - Started process (PID=804) to work on /home/airflow/.local/lib/python3.7/site-packages/airflow/example_dags/example_datasets.py
[2023-05-10T18:14:48.111+0000] {processor.py:743} INFO - Processing file /home/airflow/.local/lib/python3.7/site-packages/airflow/example_dags/example_datasets.py for tasks to queue
[2023-05-10T18:14:48.112+0000] {logging_mixin.py:137} INFO - [2023-05-10T18:14:48.112+0000] {dagbag.py:538} INFO - Filling up the DagBag from /home/airflow/.local/lib/python3.7/site-packages/airflow/example_dags/example_datasets.py
[2023-05-10T18:14:48.126+0000] {processor.py:753} INFO - DAG(s) dict_keys(['dataset_consumes_unknown_never_scheduled', 'dataset_produces_1', 'dataset_produces_2', 'dataset_consumes_1_never_scheduled', 'dataset_consumes_1', 'dataset_consumes_1_and_2']) retrieved from /home/airflow/.local/lib/python3.7/site-packages/airflow/example_dags/example_datasets.py
[2023-05-10T18:14:48.153+0000] {logging_mixin.py:137} INFO - [2023-05-10T18:14:48.153+0000] {dag.py:2690} INFO - Sync 6 DAGs
[2023-05-10T18:14:48.166+0000] {logging_mixin.py:137} INFO - [2023-05-10T18:14:48.166+0000] {dag.py:3441} INFO - Setting next_dagrun for dataset_consumes_1 to None, run_after=None
[2023-05-10T18:14:48.168+0000] {logging_mixin.py:137} INFO - [2023-05-10T18:14:48.167+0000] {dag.py:3441} INFO - Setting next_dagrun for dataset_consumes_1_and_2 to None, run_after=None
[2023-05-10T18:14:48.168+0000] {logging_mixin.py:137} INFO - [2023-05-10T18:14:48.168+0000] {dag.py:3441} INFO - Setting next_dagrun for dataset_consumes_1_never_scheduled to None, run_after=None
[2023-05-10T18:14:48.169+0000] {logging_mixin.py:137} INFO - [2023-05-10T18:14:48.169+0000] {dag.py:3441} INFO - Setting next_dagrun for dataset_consumes_unknown_never_scheduled to None, run_after=None
[2023-05-10T18:14:48.171+0000] {logging_mixin.py:137} INFO - [2023-05-10T18:14:48.171+0000] {dag.py:3441} INFO - Setting next_dagrun for dataset_produces_1 to 2023-05-09T00:00:00+00:00, run_after=2023-05-10T00:00:00+00:00
[2023-05-10T18:14:48.171+0000] {logging_mixin.py:137} INFO - [2023-05-10T18:14:48.171+0000] {dag.py:3441} INFO - Setting next_dagrun for dataset_produces_2 to None, run_after=None
[2023-05-10T18:14:48.186+0000] {processor.py:175} INFO - Processing /home/airflow/.local/lib/python3.7/site-packages/airflow/example_dags/example_datasets.py took 0.078 seconds
[2023-05-10T18:30:28.356+0000] {processor.py:153} INFO - Started process (PID=881) to work on /home/airflow/.local/lib/python3.7/site-packages/airflow/example_dags/example_datasets.py
[2023-05-10T18:30:28.357+0000] {processor.py:743} INFO - Processing file /home/airflow/.local/lib/python3.7/site-packages/airflow/example_dags/example_datasets.py for tasks to queue
[2023-05-10T18:30:28.357+0000] {logging_mixin.py:137} INFO - [2023-05-10T18:30:28.357+0000] {dagbag.py:538} INFO - Filling up the DagBag from /home/airflow/.local/lib/python3.7/site-packages/airflow/example_dags/example_datasets.py
[2023-05-10T18:30:28.370+0000] {processor.py:753} INFO - DAG(s) dict_keys(['dataset_consumes_1_and_2', 'dataset_consumes_1_never_scheduled', 'dataset_produces_1', 'dataset_consumes_1', 'dataset_consumes_unknown_never_scheduled', 'dataset_produces_2']) retrieved from /home/airflow/.local/lib/python3.7/site-packages/airflow/example_dags/example_datasets.py
[2023-05-10T18:30:28.394+0000] {logging_mixin.py:137} INFO - [2023-05-10T18:30:28.394+0000] {dag.py:2690} INFO - Sync 6 DAGs
[2023-05-10T18:30:28.407+0000] {logging_mixin.py:137} INFO - [2023-05-10T18:30:28.407+0000] {dag.py:3441} INFO - Setting next_dagrun for dataset_consumes_1 to None, run_after=None
[2023-05-10T18:30:28.409+0000] {logging_mixin.py:137} INFO - [2023-05-10T18:30:28.409+0000] {dag.py:3441} INFO - Setting next_dagrun for dataset_consumes_1_and_2 to None, run_after=None
[2023-05-10T18:30:28.410+0000] {logging_mixin.py:137} INFO - [2023-05-10T18:30:28.409+0000] {dag.py:3441} INFO - Setting next_dagrun for dataset_consumes_1_never_scheduled to None, run_after=None
[2023-05-10T18:30:28.410+0000] {logging_mixin.py:137} INFO - [2023-05-10T18:30:28.410+0000] {dag.py:3441} INFO - Setting next_dagrun for dataset_consumes_unknown_never_scheduled to None, run_after=None
[2023-05-10T18:30:28.412+0000] {logging_mixin.py:137} INFO - [2023-05-10T18:30:28.412+0000] {dag.py:3441} INFO - Setting next_dagrun for dataset_produces_1 to 2023-05-09T00:00:00+00:00, run_after=2023-05-10T00:00:00+00:00
[2023-05-10T18:30:28.412+0000] {logging_mixin.py:137} INFO - [2023-05-10T18:30:28.412+0000] {dag.py:3441} INFO - Setting next_dagrun for dataset_produces_2 to None, run_after=None
[2023-05-10T18:30:28.427+0000] {processor.py:175} INFO - Processing /home/airflow/.local/lib/python3.7/site-packages/airflow/example_dags/example_datasets.py took 0.074 seconds
[2023-05-10T18:30:58.815+0000] {processor.py:153} INFO - Started process (PID=957) to work on /home/airflow/.local/lib/python3.7/site-packages/airflow/example_dags/example_datasets.py
[2023-05-10T18:30:58.816+0000] {processor.py:743} INFO - Processing file /home/airflow/.local/lib/python3.7/site-packages/airflow/example_dags/example_datasets.py for tasks to queue
[2023-05-10T18:30:58.817+0000] {logging_mixin.py:137} INFO - [2023-05-10T18:30:58.817+0000] {dagbag.py:538} INFO - Filling up the DagBag from /home/airflow/.local/lib/python3.7/site-packages/airflow/example_dags/example_datasets.py
[2023-05-10T18:30:58.832+0000] {processor.py:753} INFO - DAG(s) dict_keys(['dataset_consumes_1_and_2', 'dataset_consumes_unknown_never_scheduled', 'dataset_consumes_1_never_scheduled', 'dataset_produces_1', 'dataset_consumes_1', 'dataset_produces_2']) retrieved from /home/airflow/.local/lib/python3.7/site-packages/airflow/example_dags/example_datasets.py
[2023-05-10T18:30:58.859+0000] {logging_mixin.py:137} INFO - [2023-05-10T18:30:58.859+0000] {dag.py:2690} INFO - Sync 6 DAGs
[2023-05-10T18:30:58.873+0000] {logging_mixin.py:137} INFO - [2023-05-10T18:30:58.873+0000] {dag.py:3441} INFO - Setting next_dagrun for dataset_consumes_1 to None, run_after=None
[2023-05-10T18:30:58.875+0000] {logging_mixin.py:137} INFO - [2023-05-10T18:30:58.875+0000] {dag.py:3441} INFO - Setting next_dagrun for dataset_consumes_1_and_2 to None, run_after=None
[2023-05-10T18:30:58.876+0000] {logging_mixin.py:137} INFO - [2023-05-10T18:30:58.876+0000] {dag.py:3441} INFO - Setting next_dagrun for dataset_consumes_1_never_scheduled to None, run_after=None
[2023-05-10T18:30:58.877+0000] {logging_mixin.py:137} INFO - [2023-05-10T18:30:58.877+0000] {dag.py:3441} INFO - Setting next_dagrun for dataset_consumes_unknown_never_scheduled to None, run_after=None
[2023-05-10T18:30:58.878+0000] {logging_mixin.py:137} INFO - [2023-05-10T18:30:58.878+0000] {dag.py:3441} INFO - Setting next_dagrun for dataset_produces_1 to 2023-05-09T00:00:00+00:00, run_after=2023-05-10T00:00:00+00:00
[2023-05-10T18:30:58.879+0000] {logging_mixin.py:137} INFO - [2023-05-10T18:30:58.879+0000] {dag.py:3441} INFO - Setting next_dagrun for dataset_produces_2 to None, run_after=None
[2023-05-10T18:30:58.894+0000] {processor.py:175} INFO - Processing /home/airflow/.local/lib/python3.7/site-packages/airflow/example_dags/example_datasets.py took 0.083 seconds
[2023-05-10T18:47:35.907+0000] {processor.py:153} INFO - Started process (PID=1021) to work on /home/airflow/.local/lib/python3.7/site-packages/airflow/example_dags/example_datasets.py
[2023-05-10T18:47:35.908+0000] {processor.py:743} INFO - Processing file /home/airflow/.local/lib/python3.7/site-packages/airflow/example_dags/example_datasets.py for tasks to queue
[2023-05-10T18:47:35.909+0000] {logging_mixin.py:137} INFO - [2023-05-10T18:47:35.909+0000] {dagbag.py:538} INFO - Filling up the DagBag from /home/airflow/.local/lib/python3.7/site-packages/airflow/example_dags/example_datasets.py
[2023-05-10T18:47:35.923+0000] {processor.py:753} INFO - DAG(s) dict_keys(['dataset_consumes_unknown_never_scheduled', 'dataset_produces_2', 'dataset_consumes_1_and_2', 'dataset_produces_1', 'dataset_consumes_1', 'dataset_consumes_1_never_scheduled']) retrieved from /home/airflow/.local/lib/python3.7/site-packages/airflow/example_dags/example_datasets.py
[2023-05-10T18:47:35.978+0000] {logging_mixin.py:137} INFO - [2023-05-10T18:47:35.977+0000] {dag.py:2690} INFO - Sync 6 DAGs
[2023-05-10T18:47:36.003+0000] {logging_mixin.py:137} INFO - [2023-05-10T18:47:36.003+0000] {dag.py:3441} INFO - Setting next_dagrun for dataset_consumes_1 to None, run_after=None
[2023-05-10T18:47:36.005+0000] {logging_mixin.py:137} INFO - [2023-05-10T18:47:36.005+0000] {dag.py:3441} INFO - Setting next_dagrun for dataset_consumes_1_and_2 to None, run_after=None
[2023-05-10T18:47:36.009+0000] {logging_mixin.py:137} INFO - [2023-05-10T18:47:36.009+0000] {dag.py:3441} INFO - Setting next_dagrun for dataset_consumes_1_never_scheduled to None, run_after=None
[2023-05-10T18:47:36.010+0000] {logging_mixin.py:137} INFO - [2023-05-10T18:47:36.010+0000] {dag.py:3441} INFO - Setting next_dagrun for dataset_consumes_unknown_never_scheduled to None, run_after=None
[2023-05-10T18:47:36.011+0000] {logging_mixin.py:137} INFO - [2023-05-10T18:47:36.011+0000] {dag.py:3441} INFO - Setting next_dagrun for dataset_produces_1 to 2023-05-09T00:00:00+00:00, run_after=2023-05-10T00:00:00+00:00
[2023-05-10T18:47:36.012+0000] {logging_mixin.py:137} INFO - [2023-05-10T18:47:36.012+0000] {dag.py:3441} INFO - Setting next_dagrun for dataset_produces_2 to None, run_after=None
[2023-05-10T18:47:36.039+0000] {processor.py:175} INFO - Processing /home/airflow/.local/lib/python3.7/site-packages/airflow/example_dags/example_datasets.py took 0.135 seconds
[2023-05-10T18:48:06.092+0000] {processor.py:153} INFO - Started process (PID=1095) to work on /home/airflow/.local/lib/python3.7/site-packages/airflow/example_dags/example_datasets.py
[2023-05-10T18:48:06.093+0000] {processor.py:743} INFO - Processing file /home/airflow/.local/lib/python3.7/site-packages/airflow/example_dags/example_datasets.py for tasks to queue
[2023-05-10T18:48:06.095+0000] {logging_mixin.py:137} INFO - [2023-05-10T18:48:06.095+0000] {dagbag.py:538} INFO - Filling up the DagBag from /home/airflow/.local/lib/python3.7/site-packages/airflow/example_dags/example_datasets.py
[2023-05-10T18:48:06.113+0000] {processor.py:753} INFO - DAG(s) dict_keys(['dataset_consumes_1', 'dataset_produces_2', 'dataset_consumes_1_never_scheduled', 'dataset_produces_1', 'dataset_consumes_unknown_never_scheduled', 'dataset_consumes_1_and_2']) retrieved from /home/airflow/.local/lib/python3.7/site-packages/airflow/example_dags/example_datasets.py
[2023-05-10T18:48:06.140+0000] {logging_mixin.py:137} INFO - [2023-05-10T18:48:06.140+0000] {dag.py:2690} INFO - Sync 6 DAGs
[2023-05-10T18:48:06.154+0000] {logging_mixin.py:137} INFO - [2023-05-10T18:48:06.154+0000] {dag.py:3441} INFO - Setting next_dagrun for dataset_consumes_1 to None, run_after=None
[2023-05-10T18:48:06.156+0000] {logging_mixin.py:137} INFO - [2023-05-10T18:48:06.156+0000] {dag.py:3441} INFO - Setting next_dagrun for dataset_consumes_1_and_2 to None, run_after=None
[2023-05-10T18:48:06.157+0000] {logging_mixin.py:137} INFO - [2023-05-10T18:48:06.157+0000] {dag.py:3441} INFO - Setting next_dagrun for dataset_consumes_1_never_scheduled to None, run_after=None
[2023-05-10T18:48:06.157+0000] {logging_mixin.py:137} INFO - [2023-05-10T18:48:06.157+0000] {dag.py:3441} INFO - Setting next_dagrun for dataset_consumes_unknown_never_scheduled to None, run_after=None
[2023-05-10T18:48:06.159+0000] {logging_mixin.py:137} INFO - [2023-05-10T18:48:06.159+0000] {dag.py:3441} INFO - Setting next_dagrun for dataset_produces_1 to 2023-05-09T00:00:00+00:00, run_after=2023-05-10T00:00:00+00:00
[2023-05-10T18:48:06.160+0000] {logging_mixin.py:137} INFO - [2023-05-10T18:48:06.160+0000] {dag.py:3441} INFO - Setting next_dagrun for dataset_produces_2 to None, run_after=None
[2023-05-10T18:48:06.175+0000] {processor.py:175} INFO - Processing /home/airflow/.local/lib/python3.7/site-packages/airflow/example_dags/example_datasets.py took 0.087 seconds
[2023-05-10T18:49:22.313+0000] {processor.py:153} INFO - Started process (PID=1171) to work on /home/airflow/.local/lib/python3.7/site-packages/airflow/example_dags/example_datasets.py
[2023-05-10T18:49:22.315+0000] {processor.py:743} INFO - Processing file /home/airflow/.local/lib/python3.7/site-packages/airflow/example_dags/example_datasets.py for tasks to queue
[2023-05-10T18:49:22.316+0000] {logging_mixin.py:137} INFO - [2023-05-10T18:49:22.316+0000] {dagbag.py:538} INFO - Filling up the DagBag from /home/airflow/.local/lib/python3.7/site-packages/airflow/example_dags/example_datasets.py
[2023-05-10T18:49:22.336+0000] {processor.py:753} INFO - DAG(s) dict_keys(['dataset_consumes_1_and_2', 'dataset_produces_2', 'dataset_consumes_1_never_scheduled', 'dataset_consumes_1', 'dataset_consumes_unknown_never_scheduled', 'dataset_produces_1']) retrieved from /home/airflow/.local/lib/python3.7/site-packages/airflow/example_dags/example_datasets.py
[2023-05-10T18:49:22.364+0000] {logging_mixin.py:137} INFO - [2023-05-10T18:49:22.364+0000] {dag.py:2690} INFO - Sync 6 DAGs
[2023-05-10T18:49:22.378+0000] {logging_mixin.py:137} INFO - [2023-05-10T18:49:22.378+0000] {dag.py:3441} INFO - Setting next_dagrun for dataset_consumes_1 to None, run_after=None
[2023-05-10T18:49:22.381+0000] {logging_mixin.py:137} INFO - [2023-05-10T18:49:22.381+0000] {dag.py:3441} INFO - Setting next_dagrun for dataset_consumes_1_and_2 to None, run_after=None
[2023-05-10T18:49:22.382+0000] {logging_mixin.py:137} INFO - [2023-05-10T18:49:22.382+0000] {dag.py:3441} INFO - Setting next_dagrun for dataset_consumes_1_never_scheduled to None, run_after=None
[2023-05-10T18:49:22.383+0000] {logging_mixin.py:137} INFO - [2023-05-10T18:49:22.383+0000] {dag.py:3441} INFO - Setting next_dagrun for dataset_consumes_unknown_never_scheduled to None, run_after=None
[2023-05-10T18:49:22.384+0000] {logging_mixin.py:137} INFO - [2023-05-10T18:49:22.384+0000] {dag.py:3441} INFO - Setting next_dagrun for dataset_produces_1 to 2023-05-09T00:00:00+00:00, run_after=2023-05-10T00:00:00+00:00
[2023-05-10T18:49:22.385+0000] {logging_mixin.py:137} INFO - [2023-05-10T18:49:22.385+0000] {dag.py:3441} INFO - Setting next_dagrun for dataset_produces_2 to None, run_after=None
[2023-05-10T18:49:22.401+0000] {processor.py:175} INFO - Processing /home/airflow/.local/lib/python3.7/site-packages/airflow/example_dags/example_datasets.py took 0.091 seconds
[2023-05-10T18:49:53.010+0000] {processor.py:153} INFO - Started process (PID=1235) to work on /home/airflow/.local/lib/python3.7/site-packages/airflow/example_dags/example_datasets.py
[2023-05-10T18:49:53.011+0000] {processor.py:743} INFO - Processing file /home/airflow/.local/lib/python3.7/site-packages/airflow/example_dags/example_datasets.py for tasks to queue
[2023-05-10T18:49:53.012+0000] {logging_mixin.py:137} INFO - [2023-05-10T18:49:53.012+0000] {dagbag.py:538} INFO - Filling up the DagBag from /home/airflow/.local/lib/python3.7/site-packages/airflow/example_dags/example_datasets.py
[2023-05-10T18:49:53.026+0000] {processor.py:753} INFO - DAG(s) dict_keys(['dataset_consumes_1_and_2', 'dataset_produces_1', 'dataset_consumes_1', 'dataset_produces_2', 'dataset_consumes_unknown_never_scheduled', 'dataset_consumes_1_never_scheduled']) retrieved from /home/airflow/.local/lib/python3.7/site-packages/airflow/example_dags/example_datasets.py
[2023-05-10T18:49:53.054+0000] {logging_mixin.py:137} INFO - [2023-05-10T18:49:53.053+0000] {dag.py:2690} INFO - Sync 6 DAGs
[2023-05-10T18:49:53.067+0000] {logging_mixin.py:137} INFO - [2023-05-10T18:49:53.067+0000] {dag.py:3441} INFO - Setting next_dagrun for dataset_consumes_1 to None, run_after=None
[2023-05-10T18:49:53.069+0000] {logging_mixin.py:137} INFO - [2023-05-10T18:49:53.069+0000] {dag.py:3441} INFO - Setting next_dagrun for dataset_consumes_1_and_2 to None, run_after=None
[2023-05-10T18:49:53.070+0000] {logging_mixin.py:137} INFO - [2023-05-10T18:49:53.070+0000] {dag.py:3441} INFO - Setting next_dagrun for dataset_consumes_1_never_scheduled to None, run_after=None
[2023-05-10T18:49:53.071+0000] {logging_mixin.py:137} INFO - [2023-05-10T18:49:53.071+0000] {dag.py:3441} INFO - Setting next_dagrun for dataset_consumes_unknown_never_scheduled to None, run_after=None
[2023-05-10T18:49:53.072+0000] {logging_mixin.py:137} INFO - [2023-05-10T18:49:53.072+0000] {dag.py:3441} INFO - Setting next_dagrun for dataset_produces_1 to 2023-05-09T00:00:00+00:00, run_after=2023-05-10T00:00:00+00:00
[2023-05-10T18:49:53.073+0000] {logging_mixin.py:137} INFO - [2023-05-10T18:49:53.073+0000] {dag.py:3441} INFO - Setting next_dagrun for dataset_produces_2 to None, run_after=None
[2023-05-10T18:49:53.090+0000] {processor.py:175} INFO - Processing /home/airflow/.local/lib/python3.7/site-packages/airflow/example_dags/example_datasets.py took 0.085 seconds
[2023-05-10T18:50:23.819+0000] {processor.py:153} INFO - Started process (PID=1310) to work on /home/airflow/.local/lib/python3.7/site-packages/airflow/example_dags/example_datasets.py
[2023-05-10T18:50:23.820+0000] {processor.py:743} INFO - Processing file /home/airflow/.local/lib/python3.7/site-packages/airflow/example_dags/example_datasets.py for tasks to queue
[2023-05-10T18:50:23.821+0000] {logging_mixin.py:137} INFO - [2023-05-10T18:50:23.821+0000] {dagbag.py:538} INFO - Filling up the DagBag from /home/airflow/.local/lib/python3.7/site-packages/airflow/example_dags/example_datasets.py
[2023-05-10T18:50:23.836+0000] {processor.py:753} INFO - DAG(s) dict_keys(['dataset_consumes_1', 'dataset_produces_2', 'dataset_consumes_1_never_scheduled', 'dataset_consumes_unknown_never_scheduled', 'dataset_consumes_1_and_2', 'dataset_produces_1']) retrieved from /home/airflow/.local/lib/python3.7/site-packages/airflow/example_dags/example_datasets.py
[2023-05-10T18:50:23.864+0000] {logging_mixin.py:137} INFO - [2023-05-10T18:50:23.864+0000] {dag.py:2690} INFO - Sync 6 DAGs
[2023-05-10T18:50:23.877+0000] {logging_mixin.py:137} INFO - [2023-05-10T18:50:23.877+0000] {dag.py:3441} INFO - Setting next_dagrun for dataset_consumes_1 to None, run_after=None
[2023-05-10T18:50:23.879+0000] {logging_mixin.py:137} INFO - [2023-05-10T18:50:23.879+0000] {dag.py:3441} INFO - Setting next_dagrun for dataset_consumes_1_and_2 to None, run_after=None
[2023-05-10T18:50:23.880+0000] {logging_mixin.py:137} INFO - [2023-05-10T18:50:23.880+0000] {dag.py:3441} INFO - Setting next_dagrun for dataset_consumes_1_never_scheduled to None, run_after=None
[2023-05-10T18:50:23.881+0000] {logging_mixin.py:137} INFO - [2023-05-10T18:50:23.881+0000] {dag.py:3441} INFO - Setting next_dagrun for dataset_consumes_unknown_never_scheduled to None, run_after=None
[2023-05-10T18:50:23.882+0000] {logging_mixin.py:137} INFO - [2023-05-10T18:50:23.882+0000] {dag.py:3441} INFO - Setting next_dagrun for dataset_produces_1 to 2023-05-09T00:00:00+00:00, run_after=2023-05-10T00:00:00+00:00
[2023-05-10T18:50:23.883+0000] {logging_mixin.py:137} INFO - [2023-05-10T18:50:23.883+0000] {dag.py:3441} INFO - Setting next_dagrun for dataset_produces_2 to None, run_after=None
[2023-05-10T18:50:23.898+0000] {processor.py:175} INFO - Processing /home/airflow/.local/lib/python3.7/site-packages/airflow/example_dags/example_datasets.py took 0.082 seconds
[2023-05-10T18:50:54.559+0000] {processor.py:153} INFO - Started process (PID=1383) to work on /home/airflow/.local/lib/python3.7/site-packages/airflow/example_dags/example_datasets.py
[2023-05-10T18:50:54.560+0000] {processor.py:743} INFO - Processing file /home/airflow/.local/lib/python3.7/site-packages/airflow/example_dags/example_datasets.py for tasks to queue
[2023-05-10T18:50:54.560+0000] {logging_mixin.py:137} INFO - [2023-05-10T18:50:54.560+0000] {dagbag.py:538} INFO - Filling up the DagBag from /home/airflow/.local/lib/python3.7/site-packages/airflow/example_dags/example_datasets.py
[2023-05-10T18:50:54.570+0000] {processor.py:753} INFO - DAG(s) dict_keys(['dataset_consumes_1_never_scheduled', 'dataset_consumes_unknown_never_scheduled', 'dataset_produces_1', 'dataset_consumes_1_and_2', 'dataset_produces_2', 'dataset_consumes_1']) retrieved from /home/airflow/.local/lib/python3.7/site-packages/airflow/example_dags/example_datasets.py
[2023-05-10T18:50:54.593+0000] {logging_mixin.py:137} INFO - [2023-05-10T18:50:54.593+0000] {dag.py:2690} INFO - Sync 6 DAGs
[2023-05-10T18:50:54.608+0000] {logging_mixin.py:137} INFO - [2023-05-10T18:50:54.608+0000] {dag.py:3441} INFO - Setting next_dagrun for dataset_consumes_1 to None, run_after=None
[2023-05-10T18:50:54.611+0000] {logging_mixin.py:137} INFO - [2023-05-10T18:50:54.611+0000] {dag.py:3441} INFO - Setting next_dagrun for dataset_consumes_1_and_2 to None, run_after=None
[2023-05-10T18:50:54.612+0000] {logging_mixin.py:137} INFO - [2023-05-10T18:50:54.612+0000] {dag.py:3441} INFO - Setting next_dagrun for dataset_consumes_1_never_scheduled to None, run_after=None
[2023-05-10T18:50:54.613+0000] {logging_mixin.py:137} INFO - [2023-05-10T18:50:54.613+0000] {dag.py:3441} INFO - Setting next_dagrun for dataset_consumes_unknown_never_scheduled to None, run_after=None
[2023-05-10T18:50:54.614+0000] {logging_mixin.py:137} INFO - [2023-05-10T18:50:54.614+0000] {dag.py:3441} INFO - Setting next_dagrun for dataset_produces_1 to 2023-05-09T00:00:00+00:00, run_after=2023-05-10T00:00:00+00:00
[2023-05-10T18:50:54.615+0000] {logging_mixin.py:137} INFO - [2023-05-10T18:50:54.615+0000] {dag.py:3441} INFO - Setting next_dagrun for dataset_produces_2 to None, run_after=None
[2023-05-10T18:50:54.631+0000] {processor.py:175} INFO - Processing /home/airflow/.local/lib/python3.7/site-packages/airflow/example_dags/example_datasets.py took 0.074 seconds
[2023-05-10T18:51:25.346+0000] {processor.py:153} INFO - Started process (PID=1458) to work on /home/airflow/.local/lib/python3.7/site-packages/airflow/example_dags/example_datasets.py
[2023-05-10T18:51:25.347+0000] {processor.py:743} INFO - Processing file /home/airflow/.local/lib/python3.7/site-packages/airflow/example_dags/example_datasets.py for tasks to queue
[2023-05-10T18:51:25.347+0000] {logging_mixin.py:137} INFO - [2023-05-10T18:51:25.347+0000] {dagbag.py:538} INFO - Filling up the DagBag from /home/airflow/.local/lib/python3.7/site-packages/airflow/example_dags/example_datasets.py
[2023-05-10T18:51:25.358+0000] {processor.py:753} INFO - DAG(s) dict_keys(['dataset_consumes_1', 'dataset_produces_2', 'dataset_consumes_1_never_scheduled', 'dataset_consumes_1_and_2', 'dataset_produces_1', 'dataset_consumes_unknown_never_scheduled']) retrieved from /home/airflow/.local/lib/python3.7/site-packages/airflow/example_dags/example_datasets.py
[2023-05-10T18:51:25.382+0000] {logging_mixin.py:137} INFO - [2023-05-10T18:51:25.382+0000] {dag.py:2690} INFO - Sync 6 DAGs
[2023-05-10T18:51:25.396+0000] {logging_mixin.py:137} INFO - [2023-05-10T18:51:25.396+0000] {dag.py:3441} INFO - Setting next_dagrun for dataset_consumes_1 to None, run_after=None
[2023-05-10T18:51:25.398+0000] {logging_mixin.py:137} INFO - [2023-05-10T18:51:25.398+0000] {dag.py:3441} INFO - Setting next_dagrun for dataset_consumes_1_and_2 to None, run_after=None
[2023-05-10T18:51:25.399+0000] {logging_mixin.py:137} INFO - [2023-05-10T18:51:25.399+0000] {dag.py:3441} INFO - Setting next_dagrun for dataset_consumes_1_never_scheduled to None, run_after=None
[2023-05-10T18:51:25.399+0000] {logging_mixin.py:137} INFO - [2023-05-10T18:51:25.399+0000] {dag.py:3441} INFO - Setting next_dagrun for dataset_consumes_unknown_never_scheduled to None, run_after=None
[2023-05-10T18:51:25.401+0000] {logging_mixin.py:137} INFO - [2023-05-10T18:51:25.401+0000] {dag.py:3441} INFO - Setting next_dagrun for dataset_produces_1 to 2023-05-09T00:00:00+00:00, run_after=2023-05-10T00:00:00+00:00
[2023-05-10T18:51:25.402+0000] {logging_mixin.py:137} INFO - [2023-05-10T18:51:25.402+0000] {dag.py:3441} INFO - Setting next_dagrun for dataset_produces_2 to None, run_after=None
[2023-05-10T18:51:25.418+0000] {processor.py:175} INFO - Processing /home/airflow/.local/lib/python3.7/site-packages/airflow/example_dags/example_datasets.py took 0.074 seconds
[2023-05-10T18:51:56.203+0000] {processor.py:153} INFO - Started process (PID=1521) to work on /home/airflow/.local/lib/python3.7/site-packages/airflow/example_dags/example_datasets.py
[2023-05-10T18:51:56.204+0000] {processor.py:743} INFO - Processing file /home/airflow/.local/lib/python3.7/site-packages/airflow/example_dags/example_datasets.py for tasks to queue
[2023-05-10T18:51:56.205+0000] {logging_mixin.py:137} INFO - [2023-05-10T18:51:56.205+0000] {dagbag.py:538} INFO - Filling up the DagBag from /home/airflow/.local/lib/python3.7/site-packages/airflow/example_dags/example_datasets.py
[2023-05-10T18:51:56.222+0000] {processor.py:753} INFO - DAG(s) dict_keys(['dataset_consumes_1_and_2', 'dataset_produces_2', 'dataset_consumes_1', 'dataset_consumes_unknown_never_scheduled', 'dataset_produces_1', 'dataset_consumes_1_never_scheduled']) retrieved from /home/airflow/.local/lib/python3.7/site-packages/airflow/example_dags/example_datasets.py
[2023-05-10T18:51:56.251+0000] {logging_mixin.py:137} INFO - [2023-05-10T18:51:56.251+0000] {dag.py:2690} INFO - Sync 6 DAGs
[2023-05-10T18:51:56.266+0000] {logging_mixin.py:137} INFO - [2023-05-10T18:51:56.266+0000] {dag.py:3441} INFO - Setting next_dagrun for dataset_consumes_1 to None, run_after=None
[2023-05-10T18:51:56.268+0000] {logging_mixin.py:137} INFO - [2023-05-10T18:51:56.268+0000] {dag.py:3441} INFO - Setting next_dagrun for dataset_consumes_1_and_2 to None, run_after=None
[2023-05-10T18:51:56.269+0000] {logging_mixin.py:137} INFO - [2023-05-10T18:51:56.269+0000] {dag.py:3441} INFO - Setting next_dagrun for dataset_consumes_1_never_scheduled to None, run_after=None
[2023-05-10T18:51:56.269+0000] {logging_mixin.py:137} INFO - [2023-05-10T18:51:56.269+0000] {dag.py:3441} INFO - Setting next_dagrun for dataset_consumes_unknown_never_scheduled to None, run_after=None
[2023-05-10T18:51:56.271+0000] {logging_mixin.py:137} INFO - [2023-05-10T18:51:56.271+0000] {dag.py:3441} INFO - Setting next_dagrun for dataset_produces_1 to 2023-05-09T00:00:00+00:00, run_after=2023-05-10T00:00:00+00:00
[2023-05-10T18:51:56.272+0000] {logging_mixin.py:137} INFO - [2023-05-10T18:51:56.272+0000] {dag.py:3441} INFO - Setting next_dagrun for dataset_produces_2 to None, run_after=None
[2023-05-10T18:51:56.288+0000] {processor.py:175} INFO - Processing /home/airflow/.local/lib/python3.7/site-packages/airflow/example_dags/example_datasets.py took 0.089 seconds
[2023-05-10T18:52:26.991+0000] {processor.py:153} INFO - Started process (PID=1594) to work on /home/airflow/.local/lib/python3.7/site-packages/airflow/example_dags/example_datasets.py
[2023-05-10T18:52:26.993+0000] {processor.py:743} INFO - Processing file /home/airflow/.local/lib/python3.7/site-packages/airflow/example_dags/example_datasets.py for tasks to queue
[2023-05-10T18:52:26.994+0000] {logging_mixin.py:137} INFO - [2023-05-10T18:52:26.994+0000] {dagbag.py:538} INFO - Filling up the DagBag from /home/airflow/.local/lib/python3.7/site-packages/airflow/example_dags/example_datasets.py
[2023-05-10T18:52:27.008+0000] {processor.py:753} INFO - DAG(s) dict_keys(['dataset_consumes_1_never_scheduled', 'dataset_consumes_unknown_never_scheduled', 'dataset_produces_1', 'dataset_consumes_1', 'dataset_produces_2', 'dataset_consumes_1_and_2']) retrieved from /home/airflow/.local/lib/python3.7/site-packages/airflow/example_dags/example_datasets.py
[2023-05-10T18:52:27.036+0000] {logging_mixin.py:137} INFO - [2023-05-10T18:52:27.036+0000] {dag.py:2690} INFO - Sync 6 DAGs
[2023-05-10T18:52:27.049+0000] {logging_mixin.py:137} INFO - [2023-05-10T18:52:27.049+0000] {dag.py:3441} INFO - Setting next_dagrun for dataset_consumes_1 to None, run_after=None
[2023-05-10T18:52:27.051+0000] {logging_mixin.py:137} INFO - [2023-05-10T18:52:27.051+0000] {dag.py:3441} INFO - Setting next_dagrun for dataset_consumes_1_and_2 to None, run_after=None
[2023-05-10T18:52:27.052+0000] {logging_mixin.py:137} INFO - [2023-05-10T18:52:27.052+0000] {dag.py:3441} INFO - Setting next_dagrun for dataset_consumes_1_never_scheduled to None, run_after=None
[2023-05-10T18:52:27.052+0000] {logging_mixin.py:137} INFO - [2023-05-10T18:52:27.052+0000] {dag.py:3441} INFO - Setting next_dagrun for dataset_consumes_unknown_never_scheduled to None, run_after=None
[2023-05-10T18:52:27.054+0000] {logging_mixin.py:137} INFO - [2023-05-10T18:52:27.054+0000] {dag.py:3441} INFO - Setting next_dagrun for dataset_produces_1 to 2023-05-09T00:00:00+00:00, run_after=2023-05-10T00:00:00+00:00
[2023-05-10T18:52:27.055+0000] {logging_mixin.py:137} INFO - [2023-05-10T18:52:27.055+0000] {dag.py:3441} INFO - Setting next_dagrun for dataset_produces_2 to None, run_after=None
[2023-05-10T18:52:27.070+0000] {processor.py:175} INFO - Processing /home/airflow/.local/lib/python3.7/site-packages/airflow/example_dags/example_datasets.py took 0.083 seconds
[2023-05-10T18:52:57.889+0000] {processor.py:153} INFO - Started process (PID=1669) to work on /home/airflow/.local/lib/python3.7/site-packages/airflow/example_dags/example_datasets.py
[2023-05-10T18:52:57.892+0000] {processor.py:743} INFO - Processing file /home/airflow/.local/lib/python3.7/site-packages/airflow/example_dags/example_datasets.py for tasks to queue
[2023-05-10T18:52:57.893+0000] {logging_mixin.py:137} INFO - [2023-05-10T18:52:57.893+0000] {dagbag.py:538} INFO - Filling up the DagBag from /home/airflow/.local/lib/python3.7/site-packages/airflow/example_dags/example_datasets.py
[2023-05-10T18:52:57.908+0000] {processor.py:753} INFO - DAG(s) dict_keys(['dataset_produces_2', 'dataset_consumes_1_never_scheduled', 'dataset_consumes_1', 'dataset_consumes_1_and_2', 'dataset_consumes_unknown_never_scheduled', 'dataset_produces_1']) retrieved from /home/airflow/.local/lib/python3.7/site-packages/airflow/example_dags/example_datasets.py
[2023-05-10T18:52:57.935+0000] {logging_mixin.py:137} INFO - [2023-05-10T18:52:57.935+0000] {dag.py:2690} INFO - Sync 6 DAGs
[2023-05-10T18:52:57.949+0000] {logging_mixin.py:137} INFO - [2023-05-10T18:52:57.949+0000] {dag.py:3441} INFO - Setting next_dagrun for dataset_consumes_1 to None, run_after=None
[2023-05-10T18:52:57.953+0000] {logging_mixin.py:137} INFO - [2023-05-10T18:52:57.953+0000] {dag.py:3441} INFO - Setting next_dagrun for dataset_consumes_1_and_2 to None, run_after=None
[2023-05-10T18:52:57.955+0000] {logging_mixin.py:137} INFO - [2023-05-10T18:52:57.955+0000] {dag.py:3441} INFO - Setting next_dagrun for dataset_consumes_1_never_scheduled to None, run_after=None
[2023-05-10T18:52:57.956+0000] {logging_mixin.py:137} INFO - [2023-05-10T18:52:57.956+0000] {dag.py:3441} INFO - Setting next_dagrun for dataset_consumes_unknown_never_scheduled to None, run_after=None
[2023-05-10T18:52:57.958+0000] {logging_mixin.py:137} INFO - [2023-05-10T18:52:57.958+0000] {dag.py:3441} INFO - Setting next_dagrun for dataset_produces_1 to 2023-05-09T00:00:00+00:00, run_after=2023-05-10T00:00:00+00:00
[2023-05-10T18:52:57.959+0000] {logging_mixin.py:137} INFO - [2023-05-10T18:52:57.959+0000] {dag.py:3441} INFO - Setting next_dagrun for dataset_produces_2 to None, run_after=None
[2023-05-10T18:52:57.978+0000] {processor.py:175} INFO - Processing /home/airflow/.local/lib/python3.7/site-packages/airflow/example_dags/example_datasets.py took 0.092 seconds
[2023-05-10T18:53:28.645+0000] {processor.py:153} INFO - Started process (PID=1744) to work on /home/airflow/.local/lib/python3.7/site-packages/airflow/example_dags/example_datasets.py
[2023-05-10T18:53:28.648+0000] {processor.py:743} INFO - Processing file /home/airflow/.local/lib/python3.7/site-packages/airflow/example_dags/example_datasets.py for tasks to queue
[2023-05-10T18:53:28.649+0000] {logging_mixin.py:137} INFO - [2023-05-10T18:53:28.649+0000] {dagbag.py:538} INFO - Filling up the DagBag from /home/airflow/.local/lib/python3.7/site-packages/airflow/example_dags/example_datasets.py
[2023-05-10T18:53:28.670+0000] {processor.py:753} INFO - DAG(s) dict_keys(['dataset_produces_2', 'dataset_consumes_1', 'dataset_consumes_1_never_scheduled', 'dataset_produces_1', 'dataset_consumes_1_and_2', 'dataset_consumes_unknown_never_scheduled']) retrieved from /home/airflow/.local/lib/python3.7/site-packages/airflow/example_dags/example_datasets.py
[2023-05-10T18:53:28.695+0000] {logging_mixin.py:137} INFO - [2023-05-10T18:53:28.695+0000] {dag.py:2690} INFO - Sync 6 DAGs
[2023-05-10T18:53:28.709+0000] {logging_mixin.py:137} INFO - [2023-05-10T18:53:28.709+0000] {dag.py:3441} INFO - Setting next_dagrun for dataset_consumes_1 to None, run_after=None
[2023-05-10T18:53:28.711+0000] {logging_mixin.py:137} INFO - [2023-05-10T18:53:28.711+0000] {dag.py:3441} INFO - Setting next_dagrun for dataset_consumes_1_and_2 to None, run_after=None
[2023-05-10T18:53:28.712+0000] {logging_mixin.py:137} INFO - [2023-05-10T18:53:28.712+0000] {dag.py:3441} INFO - Setting next_dagrun for dataset_consumes_1_never_scheduled to None, run_after=None
[2023-05-10T18:53:28.713+0000] {logging_mixin.py:137} INFO - [2023-05-10T18:53:28.713+0000] {dag.py:3441} INFO - Setting next_dagrun for dataset_consumes_unknown_never_scheduled to None, run_after=None
[2023-05-10T18:53:28.714+0000] {logging_mixin.py:137} INFO - [2023-05-10T18:53:28.714+0000] {dag.py:3441} INFO - Setting next_dagrun for dataset_produces_1 to 2023-05-09T00:00:00+00:00, run_after=2023-05-10T00:00:00+00:00
[2023-05-10T18:53:28.715+0000] {logging_mixin.py:137} INFO - [2023-05-10T18:53:28.715+0000] {dag.py:3441} INFO - Setting next_dagrun for dataset_produces_2 to None, run_after=None
[2023-05-10T18:53:28.730+0000] {processor.py:175} INFO - Processing /home/airflow/.local/lib/python3.7/site-packages/airflow/example_dags/example_datasets.py took 0.092 seconds
[2023-05-10T18:53:59.554+0000] {processor.py:153} INFO - Started process (PID=1806) to work on /home/airflow/.local/lib/python3.7/site-packages/airflow/example_dags/example_datasets.py
[2023-05-10T18:53:59.556+0000] {processor.py:743} INFO - Processing file /home/airflow/.local/lib/python3.7/site-packages/airflow/example_dags/example_datasets.py for tasks to queue
[2023-05-10T18:53:59.557+0000] {logging_mixin.py:137} INFO - [2023-05-10T18:53:59.557+0000] {dagbag.py:538} INFO - Filling up the DagBag from /home/airflow/.local/lib/python3.7/site-packages/airflow/example_dags/example_datasets.py
[2023-05-10T18:53:59.571+0000] {processor.py:753} INFO - DAG(s) dict_keys(['dataset_produces_1', 'dataset_consumes_unknown_never_scheduled', 'dataset_consumes_1_and_2', 'dataset_consumes_1', 'dataset_produces_2', 'dataset_consumes_1_never_scheduled']) retrieved from /home/airflow/.local/lib/python3.7/site-packages/airflow/example_dags/example_datasets.py
[2023-05-10T18:53:59.600+0000] {logging_mixin.py:137} INFO - [2023-05-10T18:53:59.600+0000] {dag.py:2690} INFO - Sync 6 DAGs
[2023-05-10T18:53:59.613+0000] {logging_mixin.py:137} INFO - [2023-05-10T18:53:59.613+0000] {dag.py:3441} INFO - Setting next_dagrun for dataset_consumes_1 to None, run_after=None
[2023-05-10T18:53:59.615+0000] {logging_mixin.py:137} INFO - [2023-05-10T18:53:59.615+0000] {dag.py:3441} INFO - Setting next_dagrun for dataset_consumes_1_and_2 to None, run_after=None
[2023-05-10T18:53:59.616+0000] {logging_mixin.py:137} INFO - [2023-05-10T18:53:59.616+0000] {dag.py:3441} INFO - Setting next_dagrun for dataset_consumes_1_never_scheduled to None, run_after=None
[2023-05-10T18:53:59.617+0000] {logging_mixin.py:137} INFO - [2023-05-10T18:53:59.617+0000] {dag.py:3441} INFO - Setting next_dagrun for dataset_consumes_unknown_never_scheduled to None, run_after=None
[2023-05-10T18:53:59.618+0000] {logging_mixin.py:137} INFO - [2023-05-10T18:53:59.618+0000] {dag.py:3441} INFO - Setting next_dagrun for dataset_produces_1 to 2023-05-09T00:00:00+00:00, run_after=2023-05-10T00:00:00+00:00
[2023-05-10T18:53:59.619+0000] {logging_mixin.py:137} INFO - [2023-05-10T18:53:59.619+0000] {dag.py:3441} INFO - Setting next_dagrun for dataset_produces_2 to None, run_after=None
[2023-05-10T18:53:59.634+0000] {processor.py:175} INFO - Processing /home/airflow/.local/lib/python3.7/site-packages/airflow/example_dags/example_datasets.py took 0.084 seconds
[2023-05-10T18:54:30.285+0000] {processor.py:153} INFO - Started process (PID=1882) to work on /home/airflow/.local/lib/python3.7/site-packages/airflow/example_dags/example_datasets.py
[2023-05-10T18:54:30.287+0000] {processor.py:743} INFO - Processing file /home/airflow/.local/lib/python3.7/site-packages/airflow/example_dags/example_datasets.py for tasks to queue
[2023-05-10T18:54:30.288+0000] {logging_mixin.py:137} INFO - [2023-05-10T18:54:30.288+0000] {dagbag.py:538} INFO - Filling up the DagBag from /home/airflow/.local/lib/python3.7/site-packages/airflow/example_dags/example_datasets.py
[2023-05-10T18:54:30.303+0000] {processor.py:753} INFO - DAG(s) dict_keys(['dataset_produces_1', 'dataset_produces_2', 'dataset_consumes_unknown_never_scheduled', 'dataset_consumes_1_and_2', 'dataset_consumes_1_never_scheduled', 'dataset_consumes_1']) retrieved from /home/airflow/.local/lib/python3.7/site-packages/airflow/example_dags/example_datasets.py
[2023-05-10T18:54:30.331+0000] {logging_mixin.py:137} INFO - [2023-05-10T18:54:30.331+0000] {dag.py:2690} INFO - Sync 6 DAGs
[2023-05-10T18:54:30.344+0000] {logging_mixin.py:137} INFO - [2023-05-10T18:54:30.344+0000] {dag.py:3441} INFO - Setting next_dagrun for dataset_consumes_1 to None, run_after=None
[2023-05-10T18:54:30.346+0000] {logging_mixin.py:137} INFO - [2023-05-10T18:54:30.346+0000] {dag.py:3441} INFO - Setting next_dagrun for dataset_consumes_1_and_2 to None, run_after=None
[2023-05-10T18:54:30.347+0000] {logging_mixin.py:137} INFO - [2023-05-10T18:54:30.347+0000] {dag.py:3441} INFO - Setting next_dagrun for dataset_consumes_1_never_scheduled to None, run_after=None
[2023-05-10T18:54:30.348+0000] {logging_mixin.py:137} INFO - [2023-05-10T18:54:30.348+0000] {dag.py:3441} INFO - Setting next_dagrun for dataset_consumes_unknown_never_scheduled to None, run_after=None
[2023-05-10T18:54:30.349+0000] {logging_mixin.py:137} INFO - [2023-05-10T18:54:30.349+0000] {dag.py:3441} INFO - Setting next_dagrun for dataset_produces_1 to 2023-05-09T00:00:00+00:00, run_after=2023-05-10T00:00:00+00:00
[2023-05-10T18:54:30.350+0000] {logging_mixin.py:137} INFO - [2023-05-10T18:54:30.350+0000] {dag.py:3441} INFO - Setting next_dagrun for dataset_produces_2 to None, run_after=None
[2023-05-10T18:54:30.365+0000] {processor.py:175} INFO - Processing /home/airflow/.local/lib/python3.7/site-packages/airflow/example_dags/example_datasets.py took 0.084 seconds
[2023-05-10T18:55:01.016+0000] {processor.py:153} INFO - Started process (PID=1957) to work on /home/airflow/.local/lib/python3.7/site-packages/airflow/example_dags/example_datasets.py
[2023-05-10T18:55:01.018+0000] {processor.py:743} INFO - Processing file /home/airflow/.local/lib/python3.7/site-packages/airflow/example_dags/example_datasets.py for tasks to queue
[2023-05-10T18:55:01.019+0000] {logging_mixin.py:137} INFO - [2023-05-10T18:55:01.019+0000] {dagbag.py:538} INFO - Filling up the DagBag from /home/airflow/.local/lib/python3.7/site-packages/airflow/example_dags/example_datasets.py
[2023-05-10T18:55:01.036+0000] {processor.py:753} INFO - DAG(s) dict_keys(['dataset_produces_1', 'dataset_consumes_unknown_never_scheduled', 'dataset_consumes_1_never_scheduled', 'dataset_consumes_1_and_2', 'dataset_produces_2', 'dataset_consumes_1']) retrieved from /home/airflow/.local/lib/python3.7/site-packages/airflow/example_dags/example_datasets.py
[2023-05-10T18:55:01.065+0000] {logging_mixin.py:137} INFO - [2023-05-10T18:55:01.064+0000] {dag.py:2690} INFO - Sync 6 DAGs
[2023-05-10T18:55:01.078+0000] {logging_mixin.py:137} INFO - [2023-05-10T18:55:01.078+0000] {dag.py:3441} INFO - Setting next_dagrun for dataset_consumes_1 to None, run_after=None
[2023-05-10T18:55:01.080+0000] {logging_mixin.py:137} INFO - [2023-05-10T18:55:01.080+0000] {dag.py:3441} INFO - Setting next_dagrun for dataset_consumes_1_and_2 to None, run_after=None
[2023-05-10T18:55:01.081+0000] {logging_mixin.py:137} INFO - [2023-05-10T18:55:01.081+0000] {dag.py:3441} INFO - Setting next_dagrun for dataset_consumes_1_never_scheduled to None, run_after=None
[2023-05-10T18:55:01.082+0000] {logging_mixin.py:137} INFO - [2023-05-10T18:55:01.082+0000] {dag.py:3441} INFO - Setting next_dagrun for dataset_consumes_unknown_never_scheduled to None, run_after=None
[2023-05-10T18:55:01.083+0000] {logging_mixin.py:137} INFO - [2023-05-10T18:55:01.083+0000] {dag.py:3441} INFO - Setting next_dagrun for dataset_produces_1 to 2023-05-09T00:00:00+00:00, run_after=2023-05-10T00:00:00+00:00
[2023-05-10T18:55:01.084+0000] {logging_mixin.py:137} INFO - [2023-05-10T18:55:01.084+0000] {dag.py:3441} INFO - Setting next_dagrun for dataset_produces_2 to None, run_after=None
[2023-05-10T18:55:01.099+0000] {processor.py:175} INFO - Processing /home/airflow/.local/lib/python3.7/site-packages/airflow/example_dags/example_datasets.py took 0.086 seconds
