[2023-05-10T17:37:12.643+0000] {processor.py:153} INFO - Started process (PID=48) to work on /home/airflow/.local/lib/python3.7/site-packages/airflow/example_dags/example_latest_only.py
[2023-05-10T17:37:12.646+0000] {processor.py:743} INFO - Processing file /home/airflow/.local/lib/python3.7/site-packages/airflow/example_dags/example_latest_only.py for tasks to queue
[2023-05-10T17:37:12.648+0000] {logging_mixin.py:137} INFO - [2023-05-10T17:37:12.648+0000] {dagbag.py:538} INFO - Filling up the DagBag from /home/airflow/.local/lib/python3.7/site-packages/airflow/example_dags/example_latest_only.py
[2023-05-10T17:37:12.667+0000] {processor.py:753} INFO - DAG(s) dict_keys(['latest_only']) retrieved from /home/airflow/.local/lib/python3.7/site-packages/airflow/example_dags/example_latest_only.py
[2023-05-10T17:37:12.804+0000] {logging_mixin.py:137} INFO - [2023-05-10T17:37:12.803+0000] {manager.py:504} INFO - Created Permission View: can edit on DAG:latest_only
[2023-05-10T17:37:12.811+0000] {logging_mixin.py:137} INFO - [2023-05-10T17:37:12.811+0000] {manager.py:504} INFO - Created Permission View: can read on DAG:latest_only
[2023-05-10T17:37:12.816+0000] {logging_mixin.py:137} INFO - [2023-05-10T17:37:12.816+0000] {manager.py:504} INFO - Created Permission View: can delete on DAG:latest_only
[2023-05-10T17:37:12.818+0000] {logging_mixin.py:137} INFO - [2023-05-10T17:37:12.818+0000] {dag.py:2690} INFO - Sync 1 DAGs
[2023-05-10T17:37:12.833+0000] {logging_mixin.py:137} INFO - [2023-05-10T17:37:12.833+0000] {dag.py:2711} INFO - Creating ORM DAG for latest_only
[2023-05-10T17:37:12.852+0000] {logging_mixin.py:137} INFO - [2023-05-10T17:37:12.852+0000] {dag.py:3441} INFO - Setting next_dagrun for latest_only to 2023-05-10T13:37:12.852216+00:00, run_after=2023-05-10T17:37:12.852216+00:00
[2023-05-10T17:37:12.873+0000] {processor.py:175} INFO - Processing /home/airflow/.local/lib/python3.7/site-packages/airflow/example_dags/example_latest_only.py took 0.234 seconds
[2023-05-10T17:37:43.670+0000] {processor.py:153} INFO - Started process (PID=122) to work on /home/airflow/.local/lib/python3.7/site-packages/airflow/example_dags/example_latest_only.py
[2023-05-10T17:37:43.677+0000] {processor.py:743} INFO - Processing file /home/airflow/.local/lib/python3.7/site-packages/airflow/example_dags/example_latest_only.py for tasks to queue
[2023-05-10T17:37:43.679+0000] {logging_mixin.py:137} INFO - [2023-05-10T17:37:43.679+0000] {dagbag.py:538} INFO - Filling up the DagBag from /home/airflow/.local/lib/python3.7/site-packages/airflow/example_dags/example_latest_only.py
[2023-05-10T17:37:43.695+0000] {processor.py:753} INFO - DAG(s) dict_keys(['latest_only']) retrieved from /home/airflow/.local/lib/python3.7/site-packages/airflow/example_dags/example_latest_only.py
[2023-05-10T17:37:43.736+0000] {logging_mixin.py:137} INFO - [2023-05-10T17:37:43.736+0000] {dag.py:2690} INFO - Sync 1 DAGs
[2023-05-10T17:37:43.758+0000] {logging_mixin.py:137} INFO - [2023-05-10T17:37:43.757+0000] {dag.py:3441} INFO - Setting next_dagrun for latest_only to 2023-05-10T13:37:43.757597+00:00, run_after=2023-05-10T17:37:43.757597+00:00
[2023-05-10T17:37:43.780+0000] {processor.py:175} INFO - Processing /home/airflow/.local/lib/python3.7/site-packages/airflow/example_dags/example_latest_only.py took 0.114 seconds
[2023-05-10T17:38:14.475+0000] {processor.py:153} INFO - Started process (PID=191) to work on /home/airflow/.local/lib/python3.7/site-packages/airflow/example_dags/example_latest_only.py
[2023-05-10T17:38:14.503+0000] {processor.py:743} INFO - Processing file /home/airflow/.local/lib/python3.7/site-packages/airflow/example_dags/example_latest_only.py for tasks to queue
[2023-05-10T17:38:14.506+0000] {logging_mixin.py:137} INFO - [2023-05-10T17:38:14.505+0000] {dagbag.py:538} INFO - Filling up the DagBag from /home/airflow/.local/lib/python3.7/site-packages/airflow/example_dags/example_latest_only.py
[2023-05-10T17:38:14.582+0000] {processor.py:753} INFO - DAG(s) dict_keys(['latest_only']) retrieved from /home/airflow/.local/lib/python3.7/site-packages/airflow/example_dags/example_latest_only.py
[2023-05-10T17:38:14.677+0000] {logging_mixin.py:137} INFO - [2023-05-10T17:38:14.677+0000] {dag.py:2690} INFO - Sync 1 DAGs
[2023-05-10T17:38:14.720+0000] {logging_mixin.py:137} INFO - [2023-05-10T17:38:14.717+0000] {dag.py:3441} INFO - Setting next_dagrun for latest_only to 2023-05-10T13:38:14.717593+00:00, run_after=2023-05-10T17:38:14.717593+00:00
[2023-05-10T17:38:14.754+0000] {processor.py:175} INFO - Processing /home/airflow/.local/lib/python3.7/site-packages/airflow/example_dags/example_latest_only.py took 0.284 seconds
[2023-05-10T17:38:44.873+0000] {processor.py:153} INFO - Started process (PID=262) to work on /home/airflow/.local/lib/python3.7/site-packages/airflow/example_dags/example_latest_only.py
[2023-05-10T17:38:44.874+0000] {processor.py:743} INFO - Processing file /home/airflow/.local/lib/python3.7/site-packages/airflow/example_dags/example_latest_only.py for tasks to queue
[2023-05-10T17:38:44.874+0000] {logging_mixin.py:137} INFO - [2023-05-10T17:38:44.874+0000] {dagbag.py:538} INFO - Filling up the DagBag from /home/airflow/.local/lib/python3.7/site-packages/airflow/example_dags/example_latest_only.py
[2023-05-10T17:38:44.883+0000] {processor.py:753} INFO - DAG(s) dict_keys(['latest_only']) retrieved from /home/airflow/.local/lib/python3.7/site-packages/airflow/example_dags/example_latest_only.py
[2023-05-10T17:38:44.902+0000] {logging_mixin.py:137} INFO - [2023-05-10T17:38:44.902+0000] {dag.py:2690} INFO - Sync 1 DAGs
[2023-05-10T17:38:44.915+0000] {logging_mixin.py:137} INFO - [2023-05-10T17:38:44.915+0000] {dag.py:3441} INFO - Setting next_dagrun for latest_only to 2023-05-10T13:38:44.915408+00:00, run_after=2023-05-10T17:38:44.915408+00:00
[2023-05-10T17:38:44.924+0000] {processor.py:175} INFO - Processing /home/airflow/.local/lib/python3.7/site-packages/airflow/example_dags/example_latest_only.py took 0.054 seconds
[2023-05-10T17:39:15.894+0000] {processor.py:153} INFO - Started process (PID=338) to work on /home/airflow/.local/lib/python3.7/site-packages/airflow/example_dags/example_latest_only.py
[2023-05-10T17:39:15.894+0000] {processor.py:743} INFO - Processing file /home/airflow/.local/lib/python3.7/site-packages/airflow/example_dags/example_latest_only.py for tasks to queue
[2023-05-10T17:39:15.895+0000] {logging_mixin.py:137} INFO - [2023-05-10T17:39:15.895+0000] {dagbag.py:538} INFO - Filling up the DagBag from /home/airflow/.local/lib/python3.7/site-packages/airflow/example_dags/example_latest_only.py
[2023-05-10T17:39:15.903+0000] {processor.py:753} INFO - DAG(s) dict_keys(['latest_only']) retrieved from /home/airflow/.local/lib/python3.7/site-packages/airflow/example_dags/example_latest_only.py
[2023-05-10T17:39:15.920+0000] {logging_mixin.py:137} INFO - [2023-05-10T17:39:15.920+0000] {dag.py:2690} INFO - Sync 1 DAGs
[2023-05-10T17:39:15.933+0000] {logging_mixin.py:137} INFO - [2023-05-10T17:39:15.933+0000] {dag.py:3441} INFO - Setting next_dagrun for latest_only to 2023-05-10T13:39:15.933135+00:00, run_after=2023-05-10T17:39:15.933135+00:00
[2023-05-10T17:39:15.942+0000] {processor.py:175} INFO - Processing /home/airflow/.local/lib/python3.7/site-packages/airflow/example_dags/example_latest_only.py took 0.051 seconds
[2023-05-10T17:39:46.864+0000] {processor.py:153} INFO - Started process (PID=412) to work on /home/airflow/.local/lib/python3.7/site-packages/airflow/example_dags/example_latest_only.py
[2023-05-10T17:39:46.865+0000] {processor.py:743} INFO - Processing file /home/airflow/.local/lib/python3.7/site-packages/airflow/example_dags/example_latest_only.py for tasks to queue
[2023-05-10T17:39:46.865+0000] {logging_mixin.py:137} INFO - [2023-05-10T17:39:46.865+0000] {dagbag.py:538} INFO - Filling up the DagBag from /home/airflow/.local/lib/python3.7/site-packages/airflow/example_dags/example_latest_only.py
[2023-05-10T17:39:46.873+0000] {processor.py:753} INFO - DAG(s) dict_keys(['latest_only']) retrieved from /home/airflow/.local/lib/python3.7/site-packages/airflow/example_dags/example_latest_only.py
[2023-05-10T17:39:46.890+0000] {logging_mixin.py:137} INFO - [2023-05-10T17:39:46.890+0000] {dag.py:2690} INFO - Sync 1 DAGs
[2023-05-10T17:39:46.903+0000] {logging_mixin.py:137} INFO - [2023-05-10T17:39:46.903+0000] {dag.py:3441} INFO - Setting next_dagrun for latest_only to 2023-05-10T13:39:46.903660+00:00, run_after=2023-05-10T17:39:46.903660+00:00
[2023-05-10T17:39:46.914+0000] {processor.py:175} INFO - Processing /home/airflow/.local/lib/python3.7/site-packages/airflow/example_dags/example_latest_only.py took 0.052 seconds
[2023-05-10T17:40:17.777+0000] {processor.py:153} INFO - Started process (PID=476) to work on /home/airflow/.local/lib/python3.7/site-packages/airflow/example_dags/example_latest_only.py
[2023-05-10T17:40:17.778+0000] {processor.py:743} INFO - Processing file /home/airflow/.local/lib/python3.7/site-packages/airflow/example_dags/example_latest_only.py for tasks to queue
[2023-05-10T17:40:17.779+0000] {logging_mixin.py:137} INFO - [2023-05-10T17:40:17.779+0000] {dagbag.py:538} INFO - Filling up the DagBag from /home/airflow/.local/lib/python3.7/site-packages/airflow/example_dags/example_latest_only.py
[2023-05-10T17:40:17.787+0000] {processor.py:753} INFO - DAG(s) dict_keys(['latest_only']) retrieved from /home/airflow/.local/lib/python3.7/site-packages/airflow/example_dags/example_latest_only.py
[2023-05-10T17:40:17.804+0000] {logging_mixin.py:137} INFO - [2023-05-10T17:40:17.804+0000] {dag.py:2690} INFO - Sync 1 DAGs
[2023-05-10T17:40:17.817+0000] {logging_mixin.py:137} INFO - [2023-05-10T17:40:17.817+0000] {dag.py:3441} INFO - Setting next_dagrun for latest_only to 2023-05-10T13:40:17.817654+00:00, run_after=2023-05-10T17:40:17.817654+00:00
[2023-05-10T17:40:17.827+0000] {processor.py:175} INFO - Processing /home/airflow/.local/lib/python3.7/site-packages/airflow/example_dags/example_latest_only.py took 0.053 seconds
[2023-05-10T17:40:48.708+0000] {processor.py:153} INFO - Started process (PID=552) to work on /home/airflow/.local/lib/python3.7/site-packages/airflow/example_dags/example_latest_only.py
[2023-05-10T17:40:48.709+0000] {processor.py:743} INFO - Processing file /home/airflow/.local/lib/python3.7/site-packages/airflow/example_dags/example_latest_only.py for tasks to queue
[2023-05-10T17:40:48.710+0000] {logging_mixin.py:137} INFO - [2023-05-10T17:40:48.709+0000] {dagbag.py:538} INFO - Filling up the DagBag from /home/airflow/.local/lib/python3.7/site-packages/airflow/example_dags/example_latest_only.py
[2023-05-10T17:40:48.718+0000] {processor.py:753} INFO - DAG(s) dict_keys(['latest_only']) retrieved from /home/airflow/.local/lib/python3.7/site-packages/airflow/example_dags/example_latest_only.py
[2023-05-10T17:40:48.734+0000] {logging_mixin.py:137} INFO - [2023-05-10T17:40:48.734+0000] {dag.py:2690} INFO - Sync 1 DAGs
[2023-05-10T17:40:48.747+0000] {logging_mixin.py:137} INFO - [2023-05-10T17:40:48.747+0000] {dag.py:3441} INFO - Setting next_dagrun for latest_only to 2023-05-10T13:40:48.747564+00:00, run_after=2023-05-10T17:40:48.747564+00:00
[2023-05-10T17:40:48.757+0000] {processor.py:175} INFO - Processing /home/airflow/.local/lib/python3.7/site-packages/airflow/example_dags/example_latest_only.py took 0.051 seconds
[2023-05-10T17:41:18.879+0000] {processor.py:153} INFO - Started process (PID=629) to work on /home/airflow/.local/lib/python3.7/site-packages/airflow/example_dags/example_latest_only.py
[2023-05-10T17:41:18.880+0000] {processor.py:743} INFO - Processing file /home/airflow/.local/lib/python3.7/site-packages/airflow/example_dags/example_latest_only.py for tasks to queue
[2023-05-10T17:41:18.880+0000] {logging_mixin.py:137} INFO - [2023-05-10T17:41:18.880+0000] {dagbag.py:538} INFO - Filling up the DagBag from /home/airflow/.local/lib/python3.7/site-packages/airflow/example_dags/example_latest_only.py
[2023-05-10T17:41:18.889+0000] {processor.py:753} INFO - DAG(s) dict_keys(['latest_only']) retrieved from /home/airflow/.local/lib/python3.7/site-packages/airflow/example_dags/example_latest_only.py
[2023-05-10T17:41:18.904+0000] {logging_mixin.py:137} INFO - [2023-05-10T17:41:18.904+0000] {dag.py:2690} INFO - Sync 1 DAGs
[2023-05-10T17:41:18.916+0000] {logging_mixin.py:137} INFO - [2023-05-10T17:41:18.916+0000] {dag.py:3441} INFO - Setting next_dagrun for latest_only to 2023-05-10T13:41:18.916538+00:00, run_after=2023-05-10T17:41:18.916538+00:00
[2023-05-10T17:41:18.925+0000] {processor.py:175} INFO - Processing /home/airflow/.local/lib/python3.7/site-packages/airflow/example_dags/example_latest_only.py took 0.049 seconds
[2023-05-10T17:56:36.291+0000] {processor.py:153} INFO - Started process (PID=680) to work on /home/airflow/.local/lib/python3.7/site-packages/airflow/example_dags/example_latest_only.py
[2023-05-10T17:56:36.292+0000] {processor.py:743} INFO - Processing file /home/airflow/.local/lib/python3.7/site-packages/airflow/example_dags/example_latest_only.py for tasks to queue
[2023-05-10T17:56:36.293+0000] {logging_mixin.py:137} INFO - [2023-05-10T17:56:36.293+0000] {dagbag.py:538} INFO - Filling up the DagBag from /home/airflow/.local/lib/python3.7/site-packages/airflow/example_dags/example_latest_only.py
[2023-05-10T17:56:36.316+0000] {processor.py:753} INFO - DAG(s) dict_keys(['latest_only']) retrieved from /home/airflow/.local/lib/python3.7/site-packages/airflow/example_dags/example_latest_only.py
[2023-05-10T17:56:36.368+0000] {logging_mixin.py:137} INFO - [2023-05-10T17:56:36.368+0000] {dag.py:2690} INFO - Sync 1 DAGs
[2023-05-10T17:56:36.412+0000] {logging_mixin.py:137} INFO - [2023-05-10T17:56:36.412+0000] {dag.py:3441} INFO - Setting next_dagrun for latest_only to 2023-05-10T13:56:36.412417+00:00, run_after=2023-05-10T17:56:36.412417+00:00
[2023-05-10T17:56:36.433+0000] {processor.py:175} INFO - Processing /home/airflow/.local/lib/python3.7/site-packages/airflow/example_dags/example_latest_only.py took 0.145 seconds
[2023-05-10T18:14:19.056+0000] {processor.py:153} INFO - Started process (PID=756) to work on /home/airflow/.local/lib/python3.7/site-packages/airflow/example_dags/example_latest_only.py
[2023-05-10T18:14:19.057+0000] {processor.py:743} INFO - Processing file /home/airflow/.local/lib/python3.7/site-packages/airflow/example_dags/example_latest_only.py for tasks to queue
[2023-05-10T18:14:19.057+0000] {logging_mixin.py:137} INFO - [2023-05-10T18:14:19.057+0000] {dagbag.py:538} INFO - Filling up the DagBag from /home/airflow/.local/lib/python3.7/site-packages/airflow/example_dags/example_latest_only.py
[2023-05-10T18:14:19.065+0000] {processor.py:753} INFO - DAG(s) dict_keys(['latest_only']) retrieved from /home/airflow/.local/lib/python3.7/site-packages/airflow/example_dags/example_latest_only.py
[2023-05-10T18:14:19.082+0000] {logging_mixin.py:137} INFO - [2023-05-10T18:14:19.082+0000] {dag.py:2690} INFO - Sync 1 DAGs
[2023-05-10T18:14:19.096+0000] {logging_mixin.py:137} INFO - [2023-05-10T18:14:19.096+0000] {dag.py:3441} INFO - Setting next_dagrun for latest_only to 2023-05-10T14:14:19.095945+00:00, run_after=2023-05-10T18:14:19.095945+00:00
[2023-05-10T18:14:19.105+0000] {processor.py:175} INFO - Processing /home/airflow/.local/lib/python3.7/site-packages/airflow/example_dags/example_latest_only.py took 0.051 seconds
[2023-05-10T18:14:49.675+0000] {processor.py:153} INFO - Started process (PID=819) to work on /home/airflow/.local/lib/python3.7/site-packages/airflow/example_dags/example_latest_only.py
[2023-05-10T18:14:49.676+0000] {processor.py:743} INFO - Processing file /home/airflow/.local/lib/python3.7/site-packages/airflow/example_dags/example_latest_only.py for tasks to queue
[2023-05-10T18:14:49.677+0000] {logging_mixin.py:137} INFO - [2023-05-10T18:14:49.676+0000] {dagbag.py:538} INFO - Filling up the DagBag from /home/airflow/.local/lib/python3.7/site-packages/airflow/example_dags/example_latest_only.py
[2023-05-10T18:14:49.684+0000] {processor.py:753} INFO - DAG(s) dict_keys(['latest_only']) retrieved from /home/airflow/.local/lib/python3.7/site-packages/airflow/example_dags/example_latest_only.py
[2023-05-10T18:14:49.701+0000] {logging_mixin.py:137} INFO - [2023-05-10T18:14:49.701+0000] {dag.py:2690} INFO - Sync 1 DAGs
[2023-05-10T18:14:49.715+0000] {logging_mixin.py:137} INFO - [2023-05-10T18:14:49.715+0000] {dag.py:3441} INFO - Setting next_dagrun for latest_only to 2023-05-10T14:14:49.715363+00:00, run_after=2023-05-10T18:14:49.715363+00:00
[2023-05-10T18:14:49.725+0000] {processor.py:175} INFO - Processing /home/airflow/.local/lib/python3.7/site-packages/airflow/example_dags/example_latest_only.py took 0.052 seconds
[2023-05-10T18:30:29.319+0000] {processor.py:153} INFO - Started process (PID=896) to work on /home/airflow/.local/lib/python3.7/site-packages/airflow/example_dags/example_latest_only.py
[2023-05-10T18:30:29.323+0000] {processor.py:743} INFO - Processing file /home/airflow/.local/lib/python3.7/site-packages/airflow/example_dags/example_latest_only.py for tasks to queue
[2023-05-10T18:30:29.323+0000] {logging_mixin.py:137} INFO - [2023-05-10T18:30:29.323+0000] {dagbag.py:538} INFO - Filling up the DagBag from /home/airflow/.local/lib/python3.7/site-packages/airflow/example_dags/example_latest_only.py
[2023-05-10T18:30:29.337+0000] {processor.py:753} INFO - DAG(s) dict_keys(['latest_only']) retrieved from /home/airflow/.local/lib/python3.7/site-packages/airflow/example_dags/example_latest_only.py
[2023-05-10T18:30:29.372+0000] {logging_mixin.py:137} INFO - [2023-05-10T18:30:29.371+0000] {dag.py:2690} INFO - Sync 1 DAGs
[2023-05-10T18:30:29.394+0000] {logging_mixin.py:137} INFO - [2023-05-10T18:30:29.393+0000] {dag.py:3441} INFO - Setting next_dagrun for latest_only to 2023-05-10T14:30:29.393739+00:00, run_after=2023-05-10T18:30:29.393739+00:00
[2023-05-10T18:30:29.406+0000] {processor.py:175} INFO - Processing /home/airflow/.local/lib/python3.7/site-packages/airflow/example_dags/example_latest_only.py took 0.092 seconds
[2023-05-10T18:30:59.451+0000] {processor.py:153} INFO - Started process (PID=972) to work on /home/airflow/.local/lib/python3.7/site-packages/airflow/example_dags/example_latest_only.py
[2023-05-10T18:30:59.452+0000] {processor.py:743} INFO - Processing file /home/airflow/.local/lib/python3.7/site-packages/airflow/example_dags/example_latest_only.py for tasks to queue
[2023-05-10T18:30:59.453+0000] {logging_mixin.py:137} INFO - [2023-05-10T18:30:59.453+0000] {dagbag.py:538} INFO - Filling up the DagBag from /home/airflow/.local/lib/python3.7/site-packages/airflow/example_dags/example_latest_only.py
[2023-05-10T18:30:59.461+0000] {processor.py:753} INFO - DAG(s) dict_keys(['latest_only']) retrieved from /home/airflow/.local/lib/python3.7/site-packages/airflow/example_dags/example_latest_only.py
[2023-05-10T18:30:59.477+0000] {logging_mixin.py:137} INFO - [2023-05-10T18:30:59.477+0000] {dag.py:2690} INFO - Sync 1 DAGs
[2023-05-10T18:30:59.490+0000] {logging_mixin.py:137} INFO - [2023-05-10T18:30:59.490+0000] {dag.py:3441} INFO - Setting next_dagrun for latest_only to 2023-05-10T14:30:59.490350+00:00, run_after=2023-05-10T18:30:59.490350+00:00
[2023-05-10T18:30:59.499+0000] {processor.py:175} INFO - Processing /home/airflow/.local/lib/python3.7/site-packages/airflow/example_dags/example_latest_only.py took 0.050 seconds
[2023-05-10T18:47:36.906+0000] {processor.py:153} INFO - Started process (PID=1036) to work on /home/airflow/.local/lib/python3.7/site-packages/airflow/example_dags/example_latest_only.py
[2023-05-10T18:47:36.906+0000] {processor.py:743} INFO - Processing file /home/airflow/.local/lib/python3.7/site-packages/airflow/example_dags/example_latest_only.py for tasks to queue
[2023-05-10T18:47:36.907+0000] {logging_mixin.py:137} INFO - [2023-05-10T18:47:36.907+0000] {dagbag.py:538} INFO - Filling up the DagBag from /home/airflow/.local/lib/python3.7/site-packages/airflow/example_dags/example_latest_only.py
[2023-05-10T18:47:36.915+0000] {processor.py:753} INFO - DAG(s) dict_keys(['latest_only']) retrieved from /home/airflow/.local/lib/python3.7/site-packages/airflow/example_dags/example_latest_only.py
[2023-05-10T18:47:36.931+0000] {logging_mixin.py:137} INFO - [2023-05-10T18:47:36.931+0000] {dag.py:2690} INFO - Sync 1 DAGs
[2023-05-10T18:47:36.944+0000] {logging_mixin.py:137} INFO - [2023-05-10T18:47:36.944+0000] {dag.py:3441} INFO - Setting next_dagrun for latest_only to 2023-05-10T14:47:36.944712+00:00, run_after=2023-05-10T18:47:36.944712+00:00
[2023-05-10T18:47:36.953+0000] {processor.py:175} INFO - Processing /home/airflow/.local/lib/python3.7/site-packages/airflow/example_dags/example_latest_only.py took 0.050 seconds
[2023-05-10T18:48:07.756+0000] {processor.py:153} INFO - Started process (PID=1111) to work on /home/airflow/.local/lib/python3.7/site-packages/airflow/example_dags/example_latest_only.py
[2023-05-10T18:48:07.757+0000] {processor.py:743} INFO - Processing file /home/airflow/.local/lib/python3.7/site-packages/airflow/example_dags/example_latest_only.py for tasks to queue
[2023-05-10T18:48:07.758+0000] {logging_mixin.py:137} INFO - [2023-05-10T18:48:07.758+0000] {dagbag.py:538} INFO - Filling up the DagBag from /home/airflow/.local/lib/python3.7/site-packages/airflow/example_dags/example_latest_only.py
[2023-05-10T18:48:07.766+0000] {processor.py:753} INFO - DAG(s) dict_keys(['latest_only']) retrieved from /home/airflow/.local/lib/python3.7/site-packages/airflow/example_dags/example_latest_only.py
[2023-05-10T18:48:07.782+0000] {logging_mixin.py:137} INFO - [2023-05-10T18:48:07.782+0000] {dag.py:2690} INFO - Sync 1 DAGs
[2023-05-10T18:48:07.795+0000] {logging_mixin.py:137} INFO - [2023-05-10T18:48:07.795+0000] {dag.py:3441} INFO - Setting next_dagrun for latest_only to 2023-05-10T14:48:07.795499+00:00, run_after=2023-05-10T18:48:07.795499+00:00
[2023-05-10T18:48:07.804+0000] {processor.py:175} INFO - Processing /home/airflow/.local/lib/python3.7/site-packages/airflow/example_dags/example_latest_only.py took 0.050 seconds
[2023-05-10T18:49:22.931+0000] {processor.py:153} INFO - Started process (PID=1186) to work on /home/airflow/.local/lib/python3.7/site-packages/airflow/example_dags/example_latest_only.py
[2023-05-10T18:49:22.932+0000] {processor.py:743} INFO - Processing file /home/airflow/.local/lib/python3.7/site-packages/airflow/example_dags/example_latest_only.py for tasks to queue
[2023-05-10T18:49:22.933+0000] {logging_mixin.py:137} INFO - [2023-05-10T18:49:22.933+0000] {dagbag.py:538} INFO - Filling up the DagBag from /home/airflow/.local/lib/python3.7/site-packages/airflow/example_dags/example_latest_only.py
[2023-05-10T18:49:22.942+0000] {processor.py:753} INFO - DAG(s) dict_keys(['latest_only']) retrieved from /home/airflow/.local/lib/python3.7/site-packages/airflow/example_dags/example_latest_only.py
[2023-05-10T18:49:22.958+0000] {logging_mixin.py:137} INFO - [2023-05-10T18:49:22.958+0000] {dag.py:2690} INFO - Sync 1 DAGs
[2023-05-10T18:49:22.971+0000] {logging_mixin.py:137} INFO - [2023-05-10T18:49:22.971+0000] {dag.py:3441} INFO - Setting next_dagrun for latest_only to 2023-05-10T14:49:22.971639+00:00, run_after=2023-05-10T18:49:22.971639+00:00
[2023-05-10T18:49:22.980+0000] {processor.py:175} INFO - Processing /home/airflow/.local/lib/python3.7/site-packages/airflow/example_dags/example_latest_only.py took 0.051 seconds
[2023-05-10T18:49:53.617+0000] {processor.py:153} INFO - Started process (PID=1250) to work on /home/airflow/.local/lib/python3.7/site-packages/airflow/example_dags/example_latest_only.py
[2023-05-10T18:49:53.618+0000] {processor.py:743} INFO - Processing file /home/airflow/.local/lib/python3.7/site-packages/airflow/example_dags/example_latest_only.py for tasks to queue
[2023-05-10T18:49:53.619+0000] {logging_mixin.py:137} INFO - [2023-05-10T18:49:53.618+0000] {dagbag.py:538} INFO - Filling up the DagBag from /home/airflow/.local/lib/python3.7/site-packages/airflow/example_dags/example_latest_only.py
[2023-05-10T18:49:53.627+0000] {processor.py:753} INFO - DAG(s) dict_keys(['latest_only']) retrieved from /home/airflow/.local/lib/python3.7/site-packages/airflow/example_dags/example_latest_only.py
[2023-05-10T18:49:53.645+0000] {logging_mixin.py:137} INFO - [2023-05-10T18:49:53.645+0000] {dag.py:2690} INFO - Sync 1 DAGs
[2023-05-10T18:49:53.659+0000] {logging_mixin.py:137} INFO - [2023-05-10T18:49:53.659+0000] {dag.py:3441} INFO - Setting next_dagrun for latest_only to 2023-05-10T14:49:53.658877+00:00, run_after=2023-05-10T18:49:53.658877+00:00
[2023-05-10T18:49:53.669+0000] {processor.py:175} INFO - Processing /home/airflow/.local/lib/python3.7/site-packages/airflow/example_dags/example_latest_only.py took 0.054 seconds
[2023-05-10T18:50:24.422+0000] {processor.py:153} INFO - Started process (PID=1325) to work on /home/airflow/.local/lib/python3.7/site-packages/airflow/example_dags/example_latest_only.py
[2023-05-10T18:50:24.423+0000] {processor.py:743} INFO - Processing file /home/airflow/.local/lib/python3.7/site-packages/airflow/example_dags/example_latest_only.py for tasks to queue
[2023-05-10T18:50:24.424+0000] {logging_mixin.py:137} INFO - [2023-05-10T18:50:24.424+0000] {dagbag.py:538} INFO - Filling up the DagBag from /home/airflow/.local/lib/python3.7/site-packages/airflow/example_dags/example_latest_only.py
[2023-05-10T18:50:24.432+0000] {processor.py:753} INFO - DAG(s) dict_keys(['latest_only']) retrieved from /home/airflow/.local/lib/python3.7/site-packages/airflow/example_dags/example_latest_only.py
[2023-05-10T18:50:24.449+0000] {logging_mixin.py:137} INFO - [2023-05-10T18:50:24.449+0000] {dag.py:2690} INFO - Sync 1 DAGs
[2023-05-10T18:50:24.463+0000] {logging_mixin.py:137} INFO - [2023-05-10T18:50:24.463+0000] {dag.py:3441} INFO - Setting next_dagrun for latest_only to 2023-05-10T14:50:24.463598+00:00, run_after=2023-05-10T18:50:24.463598+00:00
[2023-05-10T18:50:24.473+0000] {processor.py:175} INFO - Processing /home/airflow/.local/lib/python3.7/site-packages/airflow/example_dags/example_latest_only.py took 0.054 seconds
[2023-05-10T18:50:55.244+0000] {processor.py:153} INFO - Started process (PID=1398) to work on /home/airflow/.local/lib/python3.7/site-packages/airflow/example_dags/example_latest_only.py
[2023-05-10T18:50:55.245+0000] {processor.py:743} INFO - Processing file /home/airflow/.local/lib/python3.7/site-packages/airflow/example_dags/example_latest_only.py for tasks to queue
[2023-05-10T18:50:55.245+0000] {logging_mixin.py:137} INFO - [2023-05-10T18:50:55.245+0000] {dagbag.py:538} INFO - Filling up the DagBag from /home/airflow/.local/lib/python3.7/site-packages/airflow/example_dags/example_latest_only.py
[2023-05-10T18:50:55.255+0000] {processor.py:753} INFO - DAG(s) dict_keys(['latest_only']) retrieved from /home/airflow/.local/lib/python3.7/site-packages/airflow/example_dags/example_latest_only.py
[2023-05-10T18:50:55.272+0000] {logging_mixin.py:137} INFO - [2023-05-10T18:50:55.272+0000] {dag.py:2690} INFO - Sync 1 DAGs
[2023-05-10T18:50:55.285+0000] {logging_mixin.py:137} INFO - [2023-05-10T18:50:55.285+0000] {dag.py:3441} INFO - Setting next_dagrun for latest_only to 2023-05-10T14:50:55.285249+00:00, run_after=2023-05-10T18:50:55.285249+00:00
[2023-05-10T18:50:55.294+0000] {processor.py:175} INFO - Processing /home/airflow/.local/lib/python3.7/site-packages/airflow/example_dags/example_latest_only.py took 0.053 seconds
[2023-05-10T18:51:25.971+0000] {processor.py:153} INFO - Started process (PID=1473) to work on /home/airflow/.local/lib/python3.7/site-packages/airflow/example_dags/example_latest_only.py
[2023-05-10T18:51:25.972+0000] {processor.py:743} INFO - Processing file /home/airflow/.local/lib/python3.7/site-packages/airflow/example_dags/example_latest_only.py for tasks to queue
[2023-05-10T18:51:25.973+0000] {logging_mixin.py:137} INFO - [2023-05-10T18:51:25.973+0000] {dagbag.py:538} INFO - Filling up the DagBag from /home/airflow/.local/lib/python3.7/site-packages/airflow/example_dags/example_latest_only.py
[2023-05-10T18:51:25.981+0000] {processor.py:753} INFO - DAG(s) dict_keys(['latest_only']) retrieved from /home/airflow/.local/lib/python3.7/site-packages/airflow/example_dags/example_latest_only.py
[2023-05-10T18:51:25.998+0000] {logging_mixin.py:137} INFO - [2023-05-10T18:51:25.998+0000] {dag.py:2690} INFO - Sync 1 DAGs
[2023-05-10T18:51:26.011+0000] {logging_mixin.py:137} INFO - [2023-05-10T18:51:26.011+0000] {dag.py:3441} INFO - Setting next_dagrun for latest_only to 2023-05-10T14:51:26.011321+00:00, run_after=2023-05-10T18:51:26.011321+00:00
[2023-05-10T18:51:26.020+0000] {processor.py:175} INFO - Processing /home/airflow/.local/lib/python3.7/site-packages/airflow/example_dags/example_latest_only.py took 0.051 seconds
[2023-05-10T18:51:56.830+0000] {processor.py:153} INFO - Started process (PID=1536) to work on /home/airflow/.local/lib/python3.7/site-packages/airflow/example_dags/example_latest_only.py
[2023-05-10T18:51:56.831+0000] {processor.py:743} INFO - Processing file /home/airflow/.local/lib/python3.7/site-packages/airflow/example_dags/example_latest_only.py for tasks to queue
[2023-05-10T18:51:56.831+0000] {logging_mixin.py:137} INFO - [2023-05-10T18:51:56.831+0000] {dagbag.py:538} INFO - Filling up the DagBag from /home/airflow/.local/lib/python3.7/site-packages/airflow/example_dags/example_latest_only.py
[2023-05-10T18:51:56.840+0000] {processor.py:753} INFO - DAG(s) dict_keys(['latest_only']) retrieved from /home/airflow/.local/lib/python3.7/site-packages/airflow/example_dags/example_latest_only.py
[2023-05-10T18:51:56.857+0000] {logging_mixin.py:137} INFO - [2023-05-10T18:51:56.856+0000] {dag.py:2690} INFO - Sync 1 DAGs
[2023-05-10T18:51:56.870+0000] {logging_mixin.py:137} INFO - [2023-05-10T18:51:56.870+0000] {dag.py:3441} INFO - Setting next_dagrun for latest_only to 2023-05-10T14:51:56.870271+00:00, run_after=2023-05-10T18:51:56.870271+00:00
[2023-05-10T18:51:56.879+0000] {processor.py:175} INFO - Processing /home/airflow/.local/lib/python3.7/site-packages/airflow/example_dags/example_latest_only.py took 0.051 seconds
[2023-05-10T18:52:27.719+0000] {processor.py:153} INFO - Started process (PID=1609) to work on /home/airflow/.local/lib/python3.7/site-packages/airflow/example_dags/example_latest_only.py
[2023-05-10T18:52:27.721+0000] {processor.py:743} INFO - Processing file /home/airflow/.local/lib/python3.7/site-packages/airflow/example_dags/example_latest_only.py for tasks to queue
[2023-05-10T18:52:27.721+0000] {logging_mixin.py:137} INFO - [2023-05-10T18:52:27.721+0000] {dagbag.py:538} INFO - Filling up the DagBag from /home/airflow/.local/lib/python3.7/site-packages/airflow/example_dags/example_latest_only.py
[2023-05-10T18:52:27.730+0000] {processor.py:753} INFO - DAG(s) dict_keys(['latest_only']) retrieved from /home/airflow/.local/lib/python3.7/site-packages/airflow/example_dags/example_latest_only.py
[2023-05-10T18:52:27.749+0000] {logging_mixin.py:137} INFO - [2023-05-10T18:52:27.749+0000] {dag.py:2690} INFO - Sync 1 DAGs
[2023-05-10T18:52:27.764+0000] {logging_mixin.py:137} INFO - [2023-05-10T18:52:27.763+0000] {dag.py:3441} INFO - Setting next_dagrun for latest_only to 2023-05-10T14:52:27.763800+00:00, run_after=2023-05-10T18:52:27.763800+00:00
[2023-05-10T18:52:27.773+0000] {processor.py:175} INFO - Processing /home/airflow/.local/lib/python3.7/site-packages/airflow/example_dags/example_latest_only.py took 0.056 seconds
[2023-05-10T18:52:58.529+0000] {processor.py:153} INFO - Started process (PID=1684) to work on /home/airflow/.local/lib/python3.7/site-packages/airflow/example_dags/example_latest_only.py
[2023-05-10T18:52:58.530+0000] {processor.py:743} INFO - Processing file /home/airflow/.local/lib/python3.7/site-packages/airflow/example_dags/example_latest_only.py for tasks to queue
[2023-05-10T18:52:58.531+0000] {logging_mixin.py:137} INFO - [2023-05-10T18:52:58.531+0000] {dagbag.py:538} INFO - Filling up the DagBag from /home/airflow/.local/lib/python3.7/site-packages/airflow/example_dags/example_latest_only.py
[2023-05-10T18:52:58.539+0000] {processor.py:753} INFO - DAG(s) dict_keys(['latest_only']) retrieved from /home/airflow/.local/lib/python3.7/site-packages/airflow/example_dags/example_latest_only.py
[2023-05-10T18:52:58.557+0000] {logging_mixin.py:137} INFO - [2023-05-10T18:52:58.557+0000] {dag.py:2690} INFO - Sync 1 DAGs
[2023-05-10T18:52:58.571+0000] {logging_mixin.py:137} INFO - [2023-05-10T18:52:58.571+0000] {dag.py:3441} INFO - Setting next_dagrun for latest_only to 2023-05-10T14:52:58.571303+00:00, run_after=2023-05-10T18:52:58.571303+00:00
[2023-05-10T18:52:58.581+0000] {processor.py:175} INFO - Processing /home/airflow/.local/lib/python3.7/site-packages/airflow/example_dags/example_latest_only.py took 0.054 seconds
[2023-05-10T18:53:29.304+0000] {processor.py:153} INFO - Started process (PID=1759) to work on /home/airflow/.local/lib/python3.7/site-packages/airflow/example_dags/example_latest_only.py
[2023-05-10T18:53:29.306+0000] {processor.py:743} INFO - Processing file /home/airflow/.local/lib/python3.7/site-packages/airflow/example_dags/example_latest_only.py for tasks to queue
[2023-05-10T18:53:29.307+0000] {logging_mixin.py:137} INFO - [2023-05-10T18:53:29.307+0000] {dagbag.py:538} INFO - Filling up the DagBag from /home/airflow/.local/lib/python3.7/site-packages/airflow/example_dags/example_latest_only.py
[2023-05-10T18:53:29.316+0000] {processor.py:753} INFO - DAG(s) dict_keys(['latest_only']) retrieved from /home/airflow/.local/lib/python3.7/site-packages/airflow/example_dags/example_latest_only.py
[2023-05-10T18:53:29.333+0000] {logging_mixin.py:137} INFO - [2023-05-10T18:53:29.332+0000] {dag.py:2690} INFO - Sync 1 DAGs
[2023-05-10T18:53:29.346+0000] {logging_mixin.py:137} INFO - [2023-05-10T18:53:29.346+0000] {dag.py:3441} INFO - Setting next_dagrun for latest_only to 2023-05-10T14:53:29.346590+00:00, run_after=2023-05-10T18:53:29.346590+00:00
[2023-05-10T18:53:29.357+0000] {processor.py:175} INFO - Processing /home/airflow/.local/lib/python3.7/site-packages/airflow/example_dags/example_latest_only.py took 0.055 seconds
[2023-05-10T18:54:00.160+0000] {processor.py:153} INFO - Started process (PID=1821) to work on /home/airflow/.local/lib/python3.7/site-packages/airflow/example_dags/example_latest_only.py
[2023-05-10T18:54:00.161+0000] {processor.py:743} INFO - Processing file /home/airflow/.local/lib/python3.7/site-packages/airflow/example_dags/example_latest_only.py for tasks to queue
[2023-05-10T18:54:00.162+0000] {logging_mixin.py:137} INFO - [2023-05-10T18:54:00.162+0000] {dagbag.py:538} INFO - Filling up the DagBag from /home/airflow/.local/lib/python3.7/site-packages/airflow/example_dags/example_latest_only.py
[2023-05-10T18:54:00.170+0000] {processor.py:753} INFO - DAG(s) dict_keys(['latest_only']) retrieved from /home/airflow/.local/lib/python3.7/site-packages/airflow/example_dags/example_latest_only.py
[2023-05-10T18:54:00.187+0000] {logging_mixin.py:137} INFO - [2023-05-10T18:54:00.187+0000] {dag.py:2690} INFO - Sync 1 DAGs
[2023-05-10T18:54:00.200+0000] {logging_mixin.py:137} INFO - [2023-05-10T18:54:00.200+0000] {dag.py:3441} INFO - Setting next_dagrun for latest_only to 2023-05-10T14:54:00.200723+00:00, run_after=2023-05-10T18:54:00.200723+00:00
[2023-05-10T18:54:00.209+0000] {processor.py:175} INFO - Processing /home/airflow/.local/lib/python3.7/site-packages/airflow/example_dags/example_latest_only.py took 0.052 seconds
[2023-05-10T18:54:30.896+0000] {processor.py:153} INFO - Started process (PID=1897) to work on /home/airflow/.local/lib/python3.7/site-packages/airflow/example_dags/example_latest_only.py
[2023-05-10T18:54:30.897+0000] {processor.py:743} INFO - Processing file /home/airflow/.local/lib/python3.7/site-packages/airflow/example_dags/example_latest_only.py for tasks to queue
[2023-05-10T18:54:30.898+0000] {logging_mixin.py:137} INFO - [2023-05-10T18:54:30.898+0000] {dagbag.py:538} INFO - Filling up the DagBag from /home/airflow/.local/lib/python3.7/site-packages/airflow/example_dags/example_latest_only.py
[2023-05-10T18:54:30.906+0000] {processor.py:753} INFO - DAG(s) dict_keys(['latest_only']) retrieved from /home/airflow/.local/lib/python3.7/site-packages/airflow/example_dags/example_latest_only.py
[2023-05-10T18:54:30.922+0000] {logging_mixin.py:137} INFO - [2023-05-10T18:54:30.922+0000] {dag.py:2690} INFO - Sync 1 DAGs
[2023-05-10T18:54:30.935+0000] {logging_mixin.py:137} INFO - [2023-05-10T18:54:30.935+0000] {dag.py:3441} INFO - Setting next_dagrun for latest_only to 2023-05-10T14:54:30.935492+00:00, run_after=2023-05-10T18:54:30.935492+00:00
[2023-05-10T18:54:30.944+0000] {processor.py:175} INFO - Processing /home/airflow/.local/lib/python3.7/site-packages/airflow/example_dags/example_latest_only.py took 0.050 seconds
[2023-05-10T18:55:01.614+0000] {processor.py:153} INFO - Started process (PID=1972) to work on /home/airflow/.local/lib/python3.7/site-packages/airflow/example_dags/example_latest_only.py
[2023-05-10T18:55:01.615+0000] {processor.py:743} INFO - Processing file /home/airflow/.local/lib/python3.7/site-packages/airflow/example_dags/example_latest_only.py for tasks to queue
[2023-05-10T18:55:01.615+0000] {logging_mixin.py:137} INFO - [2023-05-10T18:55:01.615+0000] {dagbag.py:538} INFO - Filling up the DagBag from /home/airflow/.local/lib/python3.7/site-packages/airflow/example_dags/example_latest_only.py
[2023-05-10T18:55:01.624+0000] {processor.py:753} INFO - DAG(s) dict_keys(['latest_only']) retrieved from /home/airflow/.local/lib/python3.7/site-packages/airflow/example_dags/example_latest_only.py
[2023-05-10T18:55:01.640+0000] {logging_mixin.py:137} INFO - [2023-05-10T18:55:01.640+0000] {dag.py:2690} INFO - Sync 1 DAGs
[2023-05-10T18:55:01.654+0000] {logging_mixin.py:137} INFO - [2023-05-10T18:55:01.654+0000] {dag.py:3441} INFO - Setting next_dagrun for latest_only to 2023-05-10T14:55:01.654260+00:00, run_after=2023-05-10T18:55:01.654260+00:00
[2023-05-10T18:55:01.663+0000] {processor.py:175} INFO - Processing /home/airflow/.local/lib/python3.7/site-packages/airflow/example_dags/example_latest_only.py took 0.051 seconds
