[2023-05-10T17:37:11.312+0000] {processor.py:153} INFO - Started process (PID=40) to work on /home/airflow/.local/lib/python3.7/site-packages/airflow/example_dags/example_branch_python_dop_operator_3.py
[2023-05-10T17:37:11.314+0000] {processor.py:743} INFO - Processing file /home/airflow/.local/lib/python3.7/site-packages/airflow/example_dags/example_branch_python_dop_operator_3.py for tasks to queue
[2023-05-10T17:37:11.315+0000] {logging_mixin.py:137} INFO - [2023-05-10T17:37:11.315+0000] {dagbag.py:538} INFO - Filling up the DagBag from /home/airflow/.local/lib/python3.7/site-packages/airflow/example_dags/example_branch_python_dop_operator_3.py
[2023-05-10T17:37:11.343+0000] {processor.py:753} INFO - DAG(s) dict_keys(['example_branch_dop_operator_v3']) retrieved from /home/airflow/.local/lib/python3.7/site-packages/airflow/example_dags/example_branch_python_dop_operator_3.py
[2023-05-10T17:37:11.507+0000] {logging_mixin.py:137} INFO - [2023-05-10T17:37:11.507+0000] {manager.py:504} INFO - Created Permission View: can edit on DAG:example_branch_dop_operator_v3
[2023-05-10T17:37:11.516+0000] {logging_mixin.py:137} INFO - [2023-05-10T17:37:11.516+0000] {manager.py:504} INFO - Created Permission View: can read on DAG:example_branch_dop_operator_v3
[2023-05-10T17:37:11.520+0000] {logging_mixin.py:137} INFO - [2023-05-10T17:37:11.520+0000] {manager.py:504} INFO - Created Permission View: can delete on DAG:example_branch_dop_operator_v3
[2023-05-10T17:37:11.521+0000] {logging_mixin.py:137} INFO - [2023-05-10T17:37:11.521+0000] {dag.py:2690} INFO - Sync 1 DAGs
[2023-05-10T17:37:11.534+0000] {logging_mixin.py:137} INFO - [2023-05-10T17:37:11.534+0000] {dag.py:2711} INFO - Creating ORM DAG for example_branch_dop_operator_v3
[2023-05-10T17:37:11.552+0000] {logging_mixin.py:137} INFO - [2023-05-10T17:37:11.552+0000] {dag.py:3441} INFO - Setting next_dagrun for example_branch_dop_operator_v3 to 2023-05-10T17:36:00+00:00, run_after=2023-05-10T17:37:00+00:00
[2023-05-10T17:37:11.579+0000] {processor.py:175} INFO - Processing /home/airflow/.local/lib/python3.7/site-packages/airflow/example_dags/example_branch_python_dop_operator_3.py took 0.271 seconds
[2023-05-10T17:37:42.522+0000] {processor.py:153} INFO - Started process (PID=114) to work on /home/airflow/.local/lib/python3.7/site-packages/airflow/example_dags/example_branch_python_dop_operator_3.py
[2023-05-10T17:37:42.527+0000] {processor.py:743} INFO - Processing file /home/airflow/.local/lib/python3.7/site-packages/airflow/example_dags/example_branch_python_dop_operator_3.py for tasks to queue
[2023-05-10T17:37:42.528+0000] {logging_mixin.py:137} INFO - [2023-05-10T17:37:42.528+0000] {dagbag.py:538} INFO - Filling up the DagBag from /home/airflow/.local/lib/python3.7/site-packages/airflow/example_dags/example_branch_python_dop_operator_3.py
[2023-05-10T17:37:42.555+0000] {processor.py:753} INFO - DAG(s) dict_keys(['example_branch_dop_operator_v3']) retrieved from /home/airflow/.local/lib/python3.7/site-packages/airflow/example_dags/example_branch_python_dop_operator_3.py
[2023-05-10T17:37:42.597+0000] {logging_mixin.py:137} INFO - [2023-05-10T17:37:42.597+0000] {dag.py:2690} INFO - Sync 1 DAGs
[2023-05-10T17:37:42.655+0000] {logging_mixin.py:137} INFO - [2023-05-10T17:37:42.655+0000] {dag.py:3441} INFO - Setting next_dagrun for example_branch_dop_operator_v3 to 2023-05-10T17:36:00+00:00, run_after=2023-05-10T17:37:00+00:00
[2023-05-10T17:37:42.680+0000] {processor.py:175} INFO - Processing /home/airflow/.local/lib/python3.7/site-packages/airflow/example_dags/example_branch_python_dop_operator_3.py took 0.161 seconds
[2023-05-10T17:38:13.183+0000] {processor.py:153} INFO - Started process (PID=178) to work on /home/airflow/.local/lib/python3.7/site-packages/airflow/example_dags/example_branch_python_dop_operator_3.py
[2023-05-10T17:38:13.187+0000] {processor.py:743} INFO - Processing file /home/airflow/.local/lib/python3.7/site-packages/airflow/example_dags/example_branch_python_dop_operator_3.py for tasks to queue
[2023-05-10T17:38:13.193+0000] {logging_mixin.py:137} INFO - [2023-05-10T17:38:13.193+0000] {dagbag.py:538} INFO - Filling up the DagBag from /home/airflow/.local/lib/python3.7/site-packages/airflow/example_dags/example_branch_python_dop_operator_3.py
[2023-05-10T17:38:13.221+0000] {processor.py:753} INFO - DAG(s) dict_keys(['example_branch_dop_operator_v3']) retrieved from /home/airflow/.local/lib/python3.7/site-packages/airflow/example_dags/example_branch_python_dop_operator_3.py
[2023-05-10T17:38:13.261+0000] {logging_mixin.py:137} INFO - [2023-05-10T17:38:13.261+0000] {dag.py:2690} INFO - Sync 1 DAGs
[2023-05-10T17:38:13.288+0000] {logging_mixin.py:137} INFO - [2023-05-10T17:38:13.288+0000] {dag.py:3441} INFO - Setting next_dagrun for example_branch_dop_operator_v3 to 2023-05-10T17:37:00+00:00, run_after=2023-05-10T17:38:00+00:00
[2023-05-10T17:38:13.319+0000] {processor.py:175} INFO - Processing /home/airflow/.local/lib/python3.7/site-packages/airflow/example_dags/example_branch_python_dop_operator_3.py took 0.140 seconds
[2023-05-10T17:38:43.441+0000] {processor.py:153} INFO - Started process (PID=254) to work on /home/airflow/.local/lib/python3.7/site-packages/airflow/example_dags/example_branch_python_dop_operator_3.py
[2023-05-10T17:38:43.442+0000] {processor.py:743} INFO - Processing file /home/airflow/.local/lib/python3.7/site-packages/airflow/example_dags/example_branch_python_dop_operator_3.py for tasks to queue
[2023-05-10T17:38:43.443+0000] {logging_mixin.py:137} INFO - [2023-05-10T17:38:43.443+0000] {dagbag.py:538} INFO - Filling up the DagBag from /home/airflow/.local/lib/python3.7/site-packages/airflow/example_dags/example_branch_python_dop_operator_3.py
[2023-05-10T17:38:43.464+0000] {processor.py:753} INFO - DAG(s) dict_keys(['example_branch_dop_operator_v3']) retrieved from /home/airflow/.local/lib/python3.7/site-packages/airflow/example_dags/example_branch_python_dop_operator_3.py
[2023-05-10T17:38:43.484+0000] {logging_mixin.py:137} INFO - [2023-05-10T17:38:43.484+0000] {dag.py:2690} INFO - Sync 1 DAGs
[2023-05-10T17:38:43.499+0000] {logging_mixin.py:137} INFO - [2023-05-10T17:38:43.499+0000] {dag.py:3441} INFO - Setting next_dagrun for example_branch_dop_operator_v3 to 2023-05-10T17:37:00+00:00, run_after=2023-05-10T17:38:00+00:00
[2023-05-10T17:38:43.508+0000] {processor.py:175} INFO - Processing /home/airflow/.local/lib/python3.7/site-packages/airflow/example_dags/example_branch_python_dop_operator_3.py took 0.072 seconds
[2023-05-10T17:39:14.469+0000] {processor.py:153} INFO - Started process (PID=330) to work on /home/airflow/.local/lib/python3.7/site-packages/airflow/example_dags/example_branch_python_dop_operator_3.py
[2023-05-10T17:39:14.471+0000] {processor.py:743} INFO - Processing file /home/airflow/.local/lib/python3.7/site-packages/airflow/example_dags/example_branch_python_dop_operator_3.py for tasks to queue
[2023-05-10T17:39:14.472+0000] {logging_mixin.py:137} INFO - [2023-05-10T17:39:14.472+0000] {dagbag.py:538} INFO - Filling up the DagBag from /home/airflow/.local/lib/python3.7/site-packages/airflow/example_dags/example_branch_python_dop_operator_3.py
[2023-05-10T17:39:14.493+0000] {processor.py:753} INFO - DAG(s) dict_keys(['example_branch_dop_operator_v3']) retrieved from /home/airflow/.local/lib/python3.7/site-packages/airflow/example_dags/example_branch_python_dop_operator_3.py
[2023-05-10T17:39:14.512+0000] {logging_mixin.py:137} INFO - [2023-05-10T17:39:14.512+0000] {dag.py:2690} INFO - Sync 1 DAGs
[2023-05-10T17:39:14.527+0000] {logging_mixin.py:137} INFO - [2023-05-10T17:39:14.527+0000] {dag.py:3441} INFO - Setting next_dagrun for example_branch_dop_operator_v3 to 2023-05-10T17:38:00+00:00, run_after=2023-05-10T17:39:00+00:00
[2023-05-10T17:39:14.536+0000] {processor.py:175} INFO - Processing /home/airflow/.local/lib/python3.7/site-packages/airflow/example_dags/example_branch_python_dop_operator_3.py took 0.072 seconds
[2023-05-10T17:39:45.452+0000] {processor.py:153} INFO - Started process (PID=404) to work on /home/airflow/.local/lib/python3.7/site-packages/airflow/example_dags/example_branch_python_dop_operator_3.py
[2023-05-10T17:39:45.453+0000] {processor.py:743} INFO - Processing file /home/airflow/.local/lib/python3.7/site-packages/airflow/example_dags/example_branch_python_dop_operator_3.py for tasks to queue
[2023-05-10T17:39:45.454+0000] {logging_mixin.py:137} INFO - [2023-05-10T17:39:45.454+0000] {dagbag.py:538} INFO - Filling up the DagBag from /home/airflow/.local/lib/python3.7/site-packages/airflow/example_dags/example_branch_python_dop_operator_3.py
[2023-05-10T17:39:45.467+0000] {processor.py:753} INFO - DAG(s) dict_keys(['example_branch_dop_operator_v3']) retrieved from /home/airflow/.local/lib/python3.7/site-packages/airflow/example_dags/example_branch_python_dop_operator_3.py
[2023-05-10T17:39:45.485+0000] {logging_mixin.py:137} INFO - [2023-05-10T17:39:45.485+0000] {dag.py:2690} INFO - Sync 1 DAGs
[2023-05-10T17:39:45.501+0000] {logging_mixin.py:137} INFO - [2023-05-10T17:39:45.501+0000] {dag.py:3441} INFO - Setting next_dagrun for example_branch_dop_operator_v3 to 2023-05-10T17:38:00+00:00, run_after=2023-05-10T17:39:00+00:00
[2023-05-10T17:39:45.510+0000] {processor.py:175} INFO - Processing /home/airflow/.local/lib/python3.7/site-packages/airflow/example_dags/example_branch_python_dop_operator_3.py took 0.060 seconds
[2023-05-10T17:40:16.407+0000] {processor.py:153} INFO - Started process (PID=468) to work on /home/airflow/.local/lib/python3.7/site-packages/airflow/example_dags/example_branch_python_dop_operator_3.py
[2023-05-10T17:40:16.408+0000] {processor.py:743} INFO - Processing file /home/airflow/.local/lib/python3.7/site-packages/airflow/example_dags/example_branch_python_dop_operator_3.py for tasks to queue
[2023-05-10T17:40:16.408+0000] {logging_mixin.py:137} INFO - [2023-05-10T17:40:16.408+0000] {dagbag.py:538} INFO - Filling up the DagBag from /home/airflow/.local/lib/python3.7/site-packages/airflow/example_dags/example_branch_python_dop_operator_3.py
[2023-05-10T17:40:16.421+0000] {processor.py:753} INFO - DAG(s) dict_keys(['example_branch_dop_operator_v3']) retrieved from /home/airflow/.local/lib/python3.7/site-packages/airflow/example_dags/example_branch_python_dop_operator_3.py
[2023-05-10T17:40:16.438+0000] {logging_mixin.py:137} INFO - [2023-05-10T17:40:16.438+0000] {dag.py:2690} INFO - Sync 1 DAGs
[2023-05-10T17:40:16.453+0000] {logging_mixin.py:137} INFO - [2023-05-10T17:40:16.453+0000] {dag.py:3441} INFO - Setting next_dagrun for example_branch_dop_operator_v3 to 2023-05-10T17:39:00+00:00, run_after=2023-05-10T17:40:00+00:00
[2023-05-10T17:40:16.462+0000] {processor.py:175} INFO - Processing /home/airflow/.local/lib/python3.7/site-packages/airflow/example_dags/example_branch_python_dop_operator_3.py took 0.057 seconds
[2023-05-10T17:40:47.268+0000] {processor.py:153} INFO - Started process (PID=544) to work on /home/airflow/.local/lib/python3.7/site-packages/airflow/example_dags/example_branch_python_dop_operator_3.py
[2023-05-10T17:40:47.270+0000] {processor.py:743} INFO - Processing file /home/airflow/.local/lib/python3.7/site-packages/airflow/example_dags/example_branch_python_dop_operator_3.py for tasks to queue
[2023-05-10T17:40:47.271+0000] {logging_mixin.py:137} INFO - [2023-05-10T17:40:47.271+0000] {dagbag.py:538} INFO - Filling up the DagBag from /home/airflow/.local/lib/python3.7/site-packages/airflow/example_dags/example_branch_python_dop_operator_3.py
[2023-05-10T17:40:47.290+0000] {processor.py:753} INFO - DAG(s) dict_keys(['example_branch_dop_operator_v3']) retrieved from /home/airflow/.local/lib/python3.7/site-packages/airflow/example_dags/example_branch_python_dop_operator_3.py
[2023-05-10T17:40:47.309+0000] {logging_mixin.py:137} INFO - [2023-05-10T17:40:47.309+0000] {dag.py:2690} INFO - Sync 1 DAGs
[2023-05-10T17:40:47.324+0000] {logging_mixin.py:137} INFO - [2023-05-10T17:40:47.324+0000] {dag.py:3441} INFO - Setting next_dagrun for example_branch_dop_operator_v3 to 2023-05-10T17:39:00+00:00, run_after=2023-05-10T17:40:00+00:00
[2023-05-10T17:40:47.333+0000] {processor.py:175} INFO - Processing /home/airflow/.local/lib/python3.7/site-packages/airflow/example_dags/example_branch_python_dop_operator_3.py took 0.069 seconds
[2023-05-10T17:41:17.373+0000] {processor.py:153} INFO - Started process (PID=620) to work on /home/airflow/.local/lib/python3.7/site-packages/airflow/example_dags/example_branch_python_dop_operator_3.py
[2023-05-10T17:41:17.375+0000] {processor.py:743} INFO - Processing file /home/airflow/.local/lib/python3.7/site-packages/airflow/example_dags/example_branch_python_dop_operator_3.py for tasks to queue
[2023-05-10T17:41:17.376+0000] {logging_mixin.py:137} INFO - [2023-05-10T17:41:17.376+0000] {dagbag.py:538} INFO - Filling up the DagBag from /home/airflow/.local/lib/python3.7/site-packages/airflow/example_dags/example_branch_python_dop_operator_3.py
[2023-05-10T17:41:17.398+0000] {processor.py:753} INFO - DAG(s) dict_keys(['example_branch_dop_operator_v3']) retrieved from /home/airflow/.local/lib/python3.7/site-packages/airflow/example_dags/example_branch_python_dop_operator_3.py
[2023-05-10T17:41:17.416+0000] {logging_mixin.py:137} INFO - [2023-05-10T17:41:17.416+0000] {dag.py:2690} INFO - Sync 1 DAGs
[2023-05-10T17:41:17.433+0000] {logging_mixin.py:137} INFO - [2023-05-10T17:41:17.433+0000] {dag.py:3441} INFO - Setting next_dagrun for example_branch_dop_operator_v3 to 2023-05-10T17:40:00+00:00, run_after=2023-05-10T17:41:00+00:00
[2023-05-10T17:41:17.442+0000] {processor.py:175} INFO - Processing /home/airflow/.local/lib/python3.7/site-packages/airflow/example_dags/example_branch_python_dop_operator_3.py took 0.075 seconds
[2023-05-10T17:56:35.943+0000] {processor.py:153} INFO - Started process (PID=672) to work on /home/airflow/.local/lib/python3.7/site-packages/airflow/example_dags/example_branch_python_dop_operator_3.py
[2023-05-10T17:56:35.944+0000] {processor.py:743} INFO - Processing file /home/airflow/.local/lib/python3.7/site-packages/airflow/example_dags/example_branch_python_dop_operator_3.py for tasks to queue
[2023-05-10T17:56:35.945+0000] {logging_mixin.py:137} INFO - [2023-05-10T17:56:35.945+0000] {dagbag.py:538} INFO - Filling up the DagBag from /home/airflow/.local/lib/python3.7/site-packages/airflow/example_dags/example_branch_python_dop_operator_3.py
[2023-05-10T17:56:35.958+0000] {processor.py:753} INFO - DAG(s) dict_keys(['example_branch_dop_operator_v3']) retrieved from /home/airflow/.local/lib/python3.7/site-packages/airflow/example_dags/example_branch_python_dop_operator_3.py
[2023-05-10T17:56:35.975+0000] {logging_mixin.py:137} INFO - [2023-05-10T17:56:35.975+0000] {dag.py:2690} INFO - Sync 1 DAGs
[2023-05-10T17:56:35.991+0000] {logging_mixin.py:137} INFO - [2023-05-10T17:56:35.990+0000] {dag.py:3441} INFO - Setting next_dagrun for example_branch_dop_operator_v3 to 2023-05-10T17:55:00+00:00, run_after=2023-05-10T17:56:00+00:00
[2023-05-10T17:56:35.999+0000] {processor.py:175} INFO - Processing /home/airflow/.local/lib/python3.7/site-packages/airflow/example_dags/example_branch_python_dop_operator_3.py took 0.058 seconds
[2023-05-10T18:14:18.622+0000] {processor.py:153} INFO - Started process (PID=748) to work on /home/airflow/.local/lib/python3.7/site-packages/airflow/example_dags/example_branch_python_dop_operator_3.py
[2023-05-10T18:14:18.624+0000] {processor.py:743} INFO - Processing file /home/airflow/.local/lib/python3.7/site-packages/airflow/example_dags/example_branch_python_dop_operator_3.py for tasks to queue
[2023-05-10T18:14:18.625+0000] {logging_mixin.py:137} INFO - [2023-05-10T18:14:18.625+0000] {dagbag.py:538} INFO - Filling up the DagBag from /home/airflow/.local/lib/python3.7/site-packages/airflow/example_dags/example_branch_python_dop_operator_3.py
[2023-05-10T18:14:18.667+0000] {processor.py:753} INFO - DAG(s) dict_keys(['example_branch_dop_operator_v3']) retrieved from /home/airflow/.local/lib/python3.7/site-packages/airflow/example_dags/example_branch_python_dop_operator_3.py
[2023-05-10T18:14:18.707+0000] {logging_mixin.py:137} INFO - [2023-05-10T18:14:18.707+0000] {dag.py:2690} INFO - Sync 1 DAGs
[2023-05-10T18:14:18.745+0000] {logging_mixin.py:137} INFO - [2023-05-10T18:14:18.745+0000] {dag.py:3441} INFO - Setting next_dagrun for example_branch_dop_operator_v3 to 2023-05-10T18:13:00+00:00, run_after=2023-05-10T18:14:00+00:00
[2023-05-10T18:14:18.764+0000] {processor.py:175} INFO - Processing /home/airflow/.local/lib/python3.7/site-packages/airflow/example_dags/example_branch_python_dop_operator_3.py took 0.144 seconds
[2023-05-10T18:14:49.357+0000] {processor.py:153} INFO - Started process (PID=811) to work on /home/airflow/.local/lib/python3.7/site-packages/airflow/example_dags/example_branch_python_dop_operator_3.py
[2023-05-10T18:14:49.357+0000] {processor.py:743} INFO - Processing file /home/airflow/.local/lib/python3.7/site-packages/airflow/example_dags/example_branch_python_dop_operator_3.py for tasks to queue
[2023-05-10T18:14:49.358+0000] {logging_mixin.py:137} INFO - [2023-05-10T18:14:49.358+0000] {dagbag.py:538} INFO - Filling up the DagBag from /home/airflow/.local/lib/python3.7/site-packages/airflow/example_dags/example_branch_python_dop_operator_3.py
[2023-05-10T18:14:49.371+0000] {processor.py:753} INFO - DAG(s) dict_keys(['example_branch_dop_operator_v3']) retrieved from /home/airflow/.local/lib/python3.7/site-packages/airflow/example_dags/example_branch_python_dop_operator_3.py
[2023-05-10T18:14:49.388+0000] {logging_mixin.py:137} INFO - [2023-05-10T18:14:49.388+0000] {dag.py:2690} INFO - Sync 1 DAGs
[2023-05-10T18:14:49.402+0000] {logging_mixin.py:137} INFO - [2023-05-10T18:14:49.402+0000] {dag.py:3441} INFO - Setting next_dagrun for example_branch_dop_operator_v3 to 2023-05-10T18:13:00+00:00, run_after=2023-05-10T18:14:00+00:00
[2023-05-10T18:14:49.411+0000] {processor.py:175} INFO - Processing /home/airflow/.local/lib/python3.7/site-packages/airflow/example_dags/example_branch_python_dop_operator_3.py took 0.057 seconds
[2023-05-10T18:30:28.636+0000] {processor.py:153} INFO - Started process (PID=888) to work on /home/airflow/.local/lib/python3.7/site-packages/airflow/example_dags/example_branch_python_dop_operator_3.py
[2023-05-10T18:30:28.636+0000] {processor.py:743} INFO - Processing file /home/airflow/.local/lib/python3.7/site-packages/airflow/example_dags/example_branch_python_dop_operator_3.py for tasks to queue
[2023-05-10T18:30:28.637+0000] {logging_mixin.py:137} INFO - [2023-05-10T18:30:28.637+0000] {dagbag.py:538} INFO - Filling up the DagBag from /home/airflow/.local/lib/python3.7/site-packages/airflow/example_dags/example_branch_python_dop_operator_3.py
[2023-05-10T18:30:28.650+0000] {processor.py:753} INFO - DAG(s) dict_keys(['example_branch_dop_operator_v3']) retrieved from /home/airflow/.local/lib/python3.7/site-packages/airflow/example_dags/example_branch_python_dop_operator_3.py
[2023-05-10T18:30:28.667+0000] {logging_mixin.py:137} INFO - [2023-05-10T18:30:28.667+0000] {dag.py:2690} INFO - Sync 1 DAGs
[2023-05-10T18:30:28.682+0000] {logging_mixin.py:137} INFO - [2023-05-10T18:30:28.682+0000] {dag.py:3441} INFO - Setting next_dagrun for example_branch_dop_operator_v3 to 2023-05-10T18:29:00+00:00, run_after=2023-05-10T18:30:00+00:00
[2023-05-10T18:30:28.691+0000] {processor.py:175} INFO - Processing /home/airflow/.local/lib/python3.7/site-packages/airflow/example_dags/example_branch_python_dop_operator_3.py took 0.058 seconds
[2023-05-10T18:30:59.109+0000] {processor.py:153} INFO - Started process (PID=964) to work on /home/airflow/.local/lib/python3.7/site-packages/airflow/example_dags/example_branch_python_dop_operator_3.py
[2023-05-10T18:30:59.109+0000] {processor.py:743} INFO - Processing file /home/airflow/.local/lib/python3.7/site-packages/airflow/example_dags/example_branch_python_dop_operator_3.py for tasks to queue
[2023-05-10T18:30:59.110+0000] {logging_mixin.py:137} INFO - [2023-05-10T18:30:59.110+0000] {dagbag.py:538} INFO - Filling up the DagBag from /home/airflow/.local/lib/python3.7/site-packages/airflow/example_dags/example_branch_python_dop_operator_3.py
[2023-05-10T18:30:59.123+0000] {processor.py:753} INFO - DAG(s) dict_keys(['example_branch_dop_operator_v3']) retrieved from /home/airflow/.local/lib/python3.7/site-packages/airflow/example_dags/example_branch_python_dop_operator_3.py
[2023-05-10T18:30:59.140+0000] {logging_mixin.py:137} INFO - [2023-05-10T18:30:59.140+0000] {dag.py:2690} INFO - Sync 1 DAGs
[2023-05-10T18:30:59.156+0000] {logging_mixin.py:137} INFO - [2023-05-10T18:30:59.156+0000] {dag.py:3441} INFO - Setting next_dagrun for example_branch_dop_operator_v3 to 2023-05-10T18:29:00+00:00, run_after=2023-05-10T18:30:00+00:00
[2023-05-10T18:30:59.165+0000] {processor.py:175} INFO - Processing /home/airflow/.local/lib/python3.7/site-packages/airflow/example_dags/example_branch_python_dop_operator_3.py took 0.058 seconds
[2023-05-10T18:47:36.491+0000] {processor.py:153} INFO - Started process (PID=1028) to work on /home/airflow/.local/lib/python3.7/site-packages/airflow/example_dags/example_branch_python_dop_operator_3.py
[2023-05-10T18:47:36.497+0000] {processor.py:743} INFO - Processing file /home/airflow/.local/lib/python3.7/site-packages/airflow/example_dags/example_branch_python_dop_operator_3.py for tasks to queue
[2023-05-10T18:47:36.498+0000] {logging_mixin.py:137} INFO - [2023-05-10T18:47:36.498+0000] {dagbag.py:538} INFO - Filling up the DagBag from /home/airflow/.local/lib/python3.7/site-packages/airflow/example_dags/example_branch_python_dop_operator_3.py
[2023-05-10T18:47:36.532+0000] {processor.py:753} INFO - DAG(s) dict_keys(['example_branch_dop_operator_v3']) retrieved from /home/airflow/.local/lib/python3.7/site-packages/airflow/example_dags/example_branch_python_dop_operator_3.py
[2023-05-10T18:47:36.575+0000] {logging_mixin.py:137} INFO - [2023-05-10T18:47:36.574+0000] {dag.py:2690} INFO - Sync 1 DAGs
[2023-05-10T18:47:36.602+0000] {logging_mixin.py:137} INFO - [2023-05-10T18:47:36.602+0000] {dag.py:3441} INFO - Setting next_dagrun for example_branch_dop_operator_v3 to 2023-05-10T18:46:00+00:00, run_after=2023-05-10T18:47:00+00:00
[2023-05-10T18:47:36.617+0000] {processor.py:175} INFO - Processing /home/airflow/.local/lib/python3.7/site-packages/airflow/example_dags/example_branch_python_dop_operator_3.py took 0.131 seconds
[2023-05-10T18:48:07.455+0000] {processor.py:153} INFO - Started process (PID=1103) to work on /home/airflow/.local/lib/python3.7/site-packages/airflow/example_dags/example_branch_python_dop_operator_3.py
[2023-05-10T18:48:07.456+0000] {processor.py:743} INFO - Processing file /home/airflow/.local/lib/python3.7/site-packages/airflow/example_dags/example_branch_python_dop_operator_3.py for tasks to queue
[2023-05-10T18:48:07.456+0000] {logging_mixin.py:137} INFO - [2023-05-10T18:48:07.456+0000] {dagbag.py:538} INFO - Filling up the DagBag from /home/airflow/.local/lib/python3.7/site-packages/airflow/example_dags/example_branch_python_dop_operator_3.py
[2023-05-10T18:48:07.470+0000] {processor.py:753} INFO - DAG(s) dict_keys(['example_branch_dop_operator_v3']) retrieved from /home/airflow/.local/lib/python3.7/site-packages/airflow/example_dags/example_branch_python_dop_operator_3.py
[2023-05-10T18:48:07.486+0000] {logging_mixin.py:137} INFO - [2023-05-10T18:48:07.486+0000] {dag.py:2690} INFO - Sync 1 DAGs
[2023-05-10T18:48:07.501+0000] {logging_mixin.py:137} INFO - [2023-05-10T18:48:07.501+0000] {dag.py:3441} INFO - Setting next_dagrun for example_branch_dop_operator_v3 to 2023-05-10T18:47:00+00:00, run_after=2023-05-10T18:48:00+00:00
[2023-05-10T18:48:07.510+0000] {processor.py:175} INFO - Processing /home/airflow/.local/lib/python3.7/site-packages/airflow/example_dags/example_branch_python_dop_operator_3.py took 0.058 seconds
[2023-05-10T18:49:22.621+0000] {processor.py:153} INFO - Started process (PID=1178) to work on /home/airflow/.local/lib/python3.7/site-packages/airflow/example_dags/example_branch_python_dop_operator_3.py
[2023-05-10T18:49:22.622+0000] {processor.py:743} INFO - Processing file /home/airflow/.local/lib/python3.7/site-packages/airflow/example_dags/example_branch_python_dop_operator_3.py for tasks to queue
[2023-05-10T18:49:22.623+0000] {logging_mixin.py:137} INFO - [2023-05-10T18:49:22.622+0000] {dagbag.py:538} INFO - Filling up the DagBag from /home/airflow/.local/lib/python3.7/site-packages/airflow/example_dags/example_branch_python_dop_operator_3.py
[2023-05-10T18:49:22.636+0000] {processor.py:753} INFO - DAG(s) dict_keys(['example_branch_dop_operator_v3']) retrieved from /home/airflow/.local/lib/python3.7/site-packages/airflow/example_dags/example_branch_python_dop_operator_3.py
[2023-05-10T18:49:22.654+0000] {logging_mixin.py:137} INFO - [2023-05-10T18:49:22.654+0000] {dag.py:2690} INFO - Sync 1 DAGs
[2023-05-10T18:49:22.670+0000] {logging_mixin.py:137} INFO - [2023-05-10T18:49:22.670+0000] {dag.py:3441} INFO - Setting next_dagrun for example_branch_dop_operator_v3 to 2023-05-10T18:48:00+00:00, run_after=2023-05-10T18:49:00+00:00
[2023-05-10T18:49:22.679+0000] {processor.py:175} INFO - Processing /home/airflow/.local/lib/python3.7/site-packages/airflow/example_dags/example_branch_python_dop_operator_3.py took 0.061 seconds
[2023-05-10T18:49:53.308+0000] {processor.py:153} INFO - Started process (PID=1242) to work on /home/airflow/.local/lib/python3.7/site-packages/airflow/example_dags/example_branch_python_dop_operator_3.py
[2023-05-10T18:49:53.309+0000] {processor.py:743} INFO - Processing file /home/airflow/.local/lib/python3.7/site-packages/airflow/example_dags/example_branch_python_dop_operator_3.py for tasks to queue
[2023-05-10T18:49:53.309+0000] {logging_mixin.py:137} INFO - [2023-05-10T18:49:53.309+0000] {dagbag.py:538} INFO - Filling up the DagBag from /home/airflow/.local/lib/python3.7/site-packages/airflow/example_dags/example_branch_python_dop_operator_3.py
[2023-05-10T18:49:53.324+0000] {processor.py:753} INFO - DAG(s) dict_keys(['example_branch_dop_operator_v3']) retrieved from /home/airflow/.local/lib/python3.7/site-packages/airflow/example_dags/example_branch_python_dop_operator_3.py
[2023-05-10T18:49:53.341+0000] {logging_mixin.py:137} INFO - [2023-05-10T18:49:53.341+0000] {dag.py:2690} INFO - Sync 1 DAGs
[2023-05-10T18:49:53.357+0000] {logging_mixin.py:137} INFO - [2023-05-10T18:49:53.356+0000] {dag.py:3441} INFO - Setting next_dagrun for example_branch_dop_operator_v3 to 2023-05-10T18:48:00+00:00, run_after=2023-05-10T18:49:00+00:00
[2023-05-10T18:49:53.365+0000] {processor.py:175} INFO - Processing /home/airflow/.local/lib/python3.7/site-packages/airflow/example_dags/example_branch_python_dop_operator_3.py took 0.060 seconds
[2023-05-10T18:50:24.112+0000] {processor.py:153} INFO - Started process (PID=1317) to work on /home/airflow/.local/lib/python3.7/site-packages/airflow/example_dags/example_branch_python_dop_operator_3.py
[2023-05-10T18:50:24.113+0000] {processor.py:743} INFO - Processing file /home/airflow/.local/lib/python3.7/site-packages/airflow/example_dags/example_branch_python_dop_operator_3.py for tasks to queue
[2023-05-10T18:50:24.114+0000] {logging_mixin.py:137} INFO - [2023-05-10T18:50:24.114+0000] {dagbag.py:538} INFO - Filling up the DagBag from /home/airflow/.local/lib/python3.7/site-packages/airflow/example_dags/example_branch_python_dop_operator_3.py
[2023-05-10T18:50:24.127+0000] {processor.py:753} INFO - DAG(s) dict_keys(['example_branch_dop_operator_v3']) retrieved from /home/airflow/.local/lib/python3.7/site-packages/airflow/example_dags/example_branch_python_dop_operator_3.py
[2023-05-10T18:50:24.145+0000] {logging_mixin.py:137} INFO - [2023-05-10T18:50:24.145+0000] {dag.py:2690} INFO - Sync 1 DAGs
[2023-05-10T18:50:24.160+0000] {logging_mixin.py:137} INFO - [2023-05-10T18:50:24.160+0000] {dag.py:3441} INFO - Setting next_dagrun for example_branch_dop_operator_v3 to 2023-05-10T18:49:00+00:00, run_after=2023-05-10T18:50:00+00:00
[2023-05-10T18:50:24.169+0000] {processor.py:175} INFO - Processing /home/airflow/.local/lib/python3.7/site-packages/airflow/example_dags/example_branch_python_dop_operator_3.py took 0.060 seconds
[2023-05-10T18:50:54.862+0000] {processor.py:153} INFO - Started process (PID=1390) to work on /home/airflow/.local/lib/python3.7/site-packages/airflow/example_dags/example_branch_python_dop_operator_3.py
[2023-05-10T18:50:54.863+0000] {processor.py:743} INFO - Processing file /home/airflow/.local/lib/python3.7/site-packages/airflow/example_dags/example_branch_python_dop_operator_3.py for tasks to queue
[2023-05-10T18:50:54.864+0000] {logging_mixin.py:137} INFO - [2023-05-10T18:50:54.864+0000] {dagbag.py:538} INFO - Filling up the DagBag from /home/airflow/.local/lib/python3.7/site-packages/airflow/example_dags/example_branch_python_dop_operator_3.py
[2023-05-10T18:50:54.878+0000] {processor.py:753} INFO - DAG(s) dict_keys(['example_branch_dop_operator_v3']) retrieved from /home/airflow/.local/lib/python3.7/site-packages/airflow/example_dags/example_branch_python_dop_operator_3.py
[2023-05-10T18:50:54.905+0000] {logging_mixin.py:137} INFO - [2023-05-10T18:50:54.905+0000] {dag.py:2690} INFO - Sync 1 DAGs
[2023-05-10T18:50:54.921+0000] {logging_mixin.py:137} INFO - [2023-05-10T18:50:54.921+0000] {dag.py:3441} INFO - Setting next_dagrun for example_branch_dop_operator_v3 to 2023-05-10T18:49:00+00:00, run_after=2023-05-10T18:50:00+00:00
[2023-05-10T18:50:54.932+0000] {processor.py:175} INFO - Processing /home/airflow/.local/lib/python3.7/site-packages/airflow/example_dags/example_branch_python_dop_operator_3.py took 0.073 seconds
[2023-05-10T18:51:25.660+0000] {processor.py:153} INFO - Started process (PID=1465) to work on /home/airflow/.local/lib/python3.7/site-packages/airflow/example_dags/example_branch_python_dop_operator_3.py
[2023-05-10T18:51:25.661+0000] {processor.py:743} INFO - Processing file /home/airflow/.local/lib/python3.7/site-packages/airflow/example_dags/example_branch_python_dop_operator_3.py for tasks to queue
[2023-05-10T18:51:25.662+0000] {logging_mixin.py:137} INFO - [2023-05-10T18:51:25.662+0000] {dagbag.py:538} INFO - Filling up the DagBag from /home/airflow/.local/lib/python3.7/site-packages/airflow/example_dags/example_branch_python_dop_operator_3.py
[2023-05-10T18:51:25.676+0000] {processor.py:753} INFO - DAG(s) dict_keys(['example_branch_dop_operator_v3']) retrieved from /home/airflow/.local/lib/python3.7/site-packages/airflow/example_dags/example_branch_python_dop_operator_3.py
[2023-05-10T18:51:25.693+0000] {logging_mixin.py:137} INFO - [2023-05-10T18:51:25.693+0000] {dag.py:2690} INFO - Sync 1 DAGs
[2023-05-10T18:51:25.710+0000] {logging_mixin.py:137} INFO - [2023-05-10T18:51:25.710+0000] {dag.py:3441} INFO - Setting next_dagrun for example_branch_dop_operator_v3 to 2023-05-10T18:50:00+00:00, run_after=2023-05-10T18:51:00+00:00
[2023-05-10T18:51:25.719+0000] {processor.py:175} INFO - Processing /home/airflow/.local/lib/python3.7/site-packages/airflow/example_dags/example_branch_python_dop_operator_3.py took 0.061 seconds
[2023-05-10T18:51:56.513+0000] {processor.py:153} INFO - Started process (PID=1528) to work on /home/airflow/.local/lib/python3.7/site-packages/airflow/example_dags/example_branch_python_dop_operator_3.py
[2023-05-10T18:51:56.514+0000] {processor.py:743} INFO - Processing file /home/airflow/.local/lib/python3.7/site-packages/airflow/example_dags/example_branch_python_dop_operator_3.py for tasks to queue
[2023-05-10T18:51:56.515+0000] {logging_mixin.py:137} INFO - [2023-05-10T18:51:56.515+0000] {dagbag.py:538} INFO - Filling up the DagBag from /home/airflow/.local/lib/python3.7/site-packages/airflow/example_dags/example_branch_python_dop_operator_3.py
[2023-05-10T18:51:56.528+0000] {processor.py:753} INFO - DAG(s) dict_keys(['example_branch_dop_operator_v3']) retrieved from /home/airflow/.local/lib/python3.7/site-packages/airflow/example_dags/example_branch_python_dop_operator_3.py
[2023-05-10T18:51:56.546+0000] {logging_mixin.py:137} INFO - [2023-05-10T18:51:56.545+0000] {dag.py:2690} INFO - Sync 1 DAGs
[2023-05-10T18:51:56.561+0000] {logging_mixin.py:137} INFO - [2023-05-10T18:51:56.561+0000] {dag.py:3441} INFO - Setting next_dagrun for example_branch_dop_operator_v3 to 2023-05-10T18:50:00+00:00, run_after=2023-05-10T18:51:00+00:00
[2023-05-10T18:51:56.571+0000] {processor.py:175} INFO - Processing /home/airflow/.local/lib/python3.7/site-packages/airflow/example_dags/example_branch_python_dop_operator_3.py took 0.060 seconds
[2023-05-10T18:52:27.292+0000] {processor.py:153} INFO - Started process (PID=1601) to work on /home/airflow/.local/lib/python3.7/site-packages/airflow/example_dags/example_branch_python_dop_operator_3.py
[2023-05-10T18:52:27.294+0000] {processor.py:743} INFO - Processing file /home/airflow/.local/lib/python3.7/site-packages/airflow/example_dags/example_branch_python_dop_operator_3.py for tasks to queue
[2023-05-10T18:52:27.295+0000] {logging_mixin.py:137} INFO - [2023-05-10T18:52:27.295+0000] {dagbag.py:538} INFO - Filling up the DagBag from /home/airflow/.local/lib/python3.7/site-packages/airflow/example_dags/example_branch_python_dop_operator_3.py
[2023-05-10T18:52:27.310+0000] {processor.py:753} INFO - DAG(s) dict_keys(['example_branch_dop_operator_v3']) retrieved from /home/airflow/.local/lib/python3.7/site-packages/airflow/example_dags/example_branch_python_dop_operator_3.py
[2023-05-10T18:52:27.333+0000] {logging_mixin.py:137} INFO - [2023-05-10T18:52:27.333+0000] {dag.py:2690} INFO - Sync 1 DAGs
[2023-05-10T18:52:27.350+0000] {logging_mixin.py:137} INFO - [2023-05-10T18:52:27.350+0000] {dag.py:3441} INFO - Setting next_dagrun for example_branch_dop_operator_v3 to 2023-05-10T18:51:00+00:00, run_after=2023-05-10T18:52:00+00:00
[2023-05-10T18:52:27.359+0000] {processor.py:175} INFO - Processing /home/airflow/.local/lib/python3.7/site-packages/airflow/example_dags/example_branch_python_dop_operator_3.py took 0.070 seconds
[2023-05-10T18:52:58.204+0000] {processor.py:153} INFO - Started process (PID=1676) to work on /home/airflow/.local/lib/python3.7/site-packages/airflow/example_dags/example_branch_python_dop_operator_3.py
[2023-05-10T18:52:58.205+0000] {processor.py:743} INFO - Processing file /home/airflow/.local/lib/python3.7/site-packages/airflow/example_dags/example_branch_python_dop_operator_3.py for tasks to queue
[2023-05-10T18:52:58.206+0000] {logging_mixin.py:137} INFO - [2023-05-10T18:52:58.206+0000] {dagbag.py:538} INFO - Filling up the DagBag from /home/airflow/.local/lib/python3.7/site-packages/airflow/example_dags/example_branch_python_dop_operator_3.py
[2023-05-10T18:52:58.220+0000] {processor.py:753} INFO - DAG(s) dict_keys(['example_branch_dop_operator_v3']) retrieved from /home/airflow/.local/lib/python3.7/site-packages/airflow/example_dags/example_branch_python_dop_operator_3.py
[2023-05-10T18:52:58.237+0000] {logging_mixin.py:137} INFO - [2023-05-10T18:52:58.237+0000] {dag.py:2690} INFO - Sync 1 DAGs
[2023-05-10T18:52:58.253+0000] {logging_mixin.py:137} INFO - [2023-05-10T18:52:58.253+0000] {dag.py:3441} INFO - Setting next_dagrun for example_branch_dop_operator_v3 to 2023-05-10T18:51:00+00:00, run_after=2023-05-10T18:52:00+00:00
[2023-05-10T18:52:58.261+0000] {processor.py:175} INFO - Processing /home/airflow/.local/lib/python3.7/site-packages/airflow/example_dags/example_branch_python_dop_operator_3.py took 0.059 seconds
[2023-05-10T18:53:28.958+0000] {processor.py:153} INFO - Started process (PID=1751) to work on /home/airflow/.local/lib/python3.7/site-packages/airflow/example_dags/example_branch_python_dop_operator_3.py
[2023-05-10T18:53:28.959+0000] {processor.py:743} INFO - Processing file /home/airflow/.local/lib/python3.7/site-packages/airflow/example_dags/example_branch_python_dop_operator_3.py for tasks to queue
[2023-05-10T18:53:28.959+0000] {logging_mixin.py:137} INFO - [2023-05-10T18:53:28.959+0000] {dagbag.py:538} INFO - Filling up the DagBag from /home/airflow/.local/lib/python3.7/site-packages/airflow/example_dags/example_branch_python_dop_operator_3.py
[2023-05-10T18:53:28.973+0000] {processor.py:753} INFO - DAG(s) dict_keys(['example_branch_dop_operator_v3']) retrieved from /home/airflow/.local/lib/python3.7/site-packages/airflow/example_dags/example_branch_python_dop_operator_3.py
[2023-05-10T18:53:28.993+0000] {logging_mixin.py:137} INFO - [2023-05-10T18:53:28.993+0000] {dag.py:2690} INFO - Sync 1 DAGs
[2023-05-10T18:53:29.009+0000] {logging_mixin.py:137} INFO - [2023-05-10T18:53:29.009+0000] {dag.py:3441} INFO - Setting next_dagrun for example_branch_dop_operator_v3 to 2023-05-10T18:52:00+00:00, run_after=2023-05-10T18:53:00+00:00
[2023-05-10T18:53:29.018+0000] {processor.py:175} INFO - Processing /home/airflow/.local/lib/python3.7/site-packages/airflow/example_dags/example_branch_python_dop_operator_3.py took 0.063 seconds
[2023-05-10T18:53:59.853+0000] {processor.py:153} INFO - Started process (PID=1813) to work on /home/airflow/.local/lib/python3.7/site-packages/airflow/example_dags/example_branch_python_dop_operator_3.py
[2023-05-10T18:53:59.854+0000] {processor.py:743} INFO - Processing file /home/airflow/.local/lib/python3.7/site-packages/airflow/example_dags/example_branch_python_dop_operator_3.py for tasks to queue
[2023-05-10T18:53:59.854+0000] {logging_mixin.py:137} INFO - [2023-05-10T18:53:59.854+0000] {dagbag.py:538} INFO - Filling up the DagBag from /home/airflow/.local/lib/python3.7/site-packages/airflow/example_dags/example_branch_python_dop_operator_3.py
[2023-05-10T18:53:59.868+0000] {processor.py:753} INFO - DAG(s) dict_keys(['example_branch_dop_operator_v3']) retrieved from /home/airflow/.local/lib/python3.7/site-packages/airflow/example_dags/example_branch_python_dop_operator_3.py
[2023-05-10T18:53:59.885+0000] {logging_mixin.py:137} INFO - [2023-05-10T18:53:59.885+0000] {dag.py:2690} INFO - Sync 1 DAGs
[2023-05-10T18:53:59.901+0000] {logging_mixin.py:137} INFO - [2023-05-10T18:53:59.901+0000] {dag.py:3441} INFO - Setting next_dagrun for example_branch_dop_operator_v3 to 2023-05-10T18:52:00+00:00, run_after=2023-05-10T18:53:00+00:00
[2023-05-10T18:53:59.910+0000] {processor.py:175} INFO - Processing /home/airflow/.local/lib/python3.7/site-packages/airflow/example_dags/example_branch_python_dop_operator_3.py took 0.059 seconds
[2023-05-10T18:54:30.578+0000] {processor.py:153} INFO - Started process (PID=1889) to work on /home/airflow/.local/lib/python3.7/site-packages/airflow/example_dags/example_branch_python_dop_operator_3.py
[2023-05-10T18:54:30.579+0000] {processor.py:743} INFO - Processing file /home/airflow/.local/lib/python3.7/site-packages/airflow/example_dags/example_branch_python_dop_operator_3.py for tasks to queue
[2023-05-10T18:54:30.580+0000] {logging_mixin.py:137} INFO - [2023-05-10T18:54:30.580+0000] {dagbag.py:538} INFO - Filling up the DagBag from /home/airflow/.local/lib/python3.7/site-packages/airflow/example_dags/example_branch_python_dop_operator_3.py
[2023-05-10T18:54:30.593+0000] {processor.py:753} INFO - DAG(s) dict_keys(['example_branch_dop_operator_v3']) retrieved from /home/airflow/.local/lib/python3.7/site-packages/airflow/example_dags/example_branch_python_dop_operator_3.py
[2023-05-10T18:54:30.610+0000] {logging_mixin.py:137} INFO - [2023-05-10T18:54:30.610+0000] {dag.py:2690} INFO - Sync 1 DAGs
[2023-05-10T18:54:30.625+0000] {logging_mixin.py:137} INFO - [2023-05-10T18:54:30.625+0000] {dag.py:3441} INFO - Setting next_dagrun for example_branch_dop_operator_v3 to 2023-05-10T18:53:00+00:00, run_after=2023-05-10T18:54:00+00:00
[2023-05-10T18:54:30.635+0000] {processor.py:175} INFO - Processing /home/airflow/.local/lib/python3.7/site-packages/airflow/example_dags/example_branch_python_dop_operator_3.py took 0.059 seconds
[2023-05-10T18:55:01.310+0000] {processor.py:153} INFO - Started process (PID=1964) to work on /home/airflow/.local/lib/python3.7/site-packages/airflow/example_dags/example_branch_python_dop_operator_3.py
[2023-05-10T18:55:01.311+0000] {processor.py:743} INFO - Processing file /home/airflow/.local/lib/python3.7/site-packages/airflow/example_dags/example_branch_python_dop_operator_3.py for tasks to queue
[2023-05-10T18:55:01.312+0000] {logging_mixin.py:137} INFO - [2023-05-10T18:55:01.311+0000] {dagbag.py:538} INFO - Filling up the DagBag from /home/airflow/.local/lib/python3.7/site-packages/airflow/example_dags/example_branch_python_dop_operator_3.py
[2023-05-10T18:55:01.325+0000] {processor.py:753} INFO - DAG(s) dict_keys(['example_branch_dop_operator_v3']) retrieved from /home/airflow/.local/lib/python3.7/site-packages/airflow/example_dags/example_branch_python_dop_operator_3.py
[2023-05-10T18:55:01.341+0000] {logging_mixin.py:137} INFO - [2023-05-10T18:55:01.341+0000] {dag.py:2690} INFO - Sync 1 DAGs
[2023-05-10T18:55:01.357+0000] {logging_mixin.py:137} INFO - [2023-05-10T18:55:01.356+0000] {dag.py:3441} INFO - Setting next_dagrun for example_branch_dop_operator_v3 to 2023-05-10T18:54:00+00:00, run_after=2023-05-10T18:55:00+00:00
[2023-05-10T18:55:01.366+0000] {processor.py:175} INFO - Processing /home/airflow/.local/lib/python3.7/site-packages/airflow/example_dags/example_branch_python_dop_operator_3.py took 0.059 seconds
