[2023-05-10T17:37:13.295+0000] {processor.py:153} INFO - Started process (PID=54) to work on /home/airflow/.local/lib/python3.7/site-packages/airflow/example_dags/example_sensor_decorator.py
[2023-05-10T17:37:13.297+0000] {processor.py:743} INFO - Processing file /home/airflow/.local/lib/python3.7/site-packages/airflow/example_dags/example_sensor_decorator.py for tasks to queue
[2023-05-10T17:37:13.297+0000] {logging_mixin.py:137} INFO - [2023-05-10T17:37:13.297+0000] {dagbag.py:538} INFO - Filling up the DagBag from /home/airflow/.local/lib/python3.7/site-packages/airflow/example_dags/example_sensor_decorator.py
[2023-05-10T17:37:13.317+0000] {processor.py:753} INFO - DAG(s) dict_keys(['example_sensor_decorator']) retrieved from /home/airflow/.local/lib/python3.7/site-packages/airflow/example_dags/example_sensor_decorator.py
[2023-05-10T17:37:13.382+0000] {logging_mixin.py:137} INFO - [2023-05-10T17:37:13.382+0000] {manager.py:504} INFO - Created Permission View: can edit on DAG:example_sensor_decorator
[2023-05-10T17:37:13.387+0000] {logging_mixin.py:137} INFO - [2023-05-10T17:37:13.387+0000] {manager.py:504} INFO - Created Permission View: can read on DAG:example_sensor_decorator
[2023-05-10T17:37:13.391+0000] {logging_mixin.py:137} INFO - [2023-05-10T17:37:13.391+0000] {manager.py:504} INFO - Created Permission View: can delete on DAG:example_sensor_decorator
[2023-05-10T17:37:13.392+0000] {logging_mixin.py:137} INFO - [2023-05-10T17:37:13.392+0000] {dag.py:2690} INFO - Sync 1 DAGs
[2023-05-10T17:37:13.400+0000] {logging_mixin.py:137} INFO - [2023-05-10T17:37:13.400+0000] {dag.py:2711} INFO - Creating ORM DAG for example_sensor_decorator
[2023-05-10T17:37:13.407+0000] {logging_mixin.py:137} INFO - [2023-05-10T17:37:13.407+0000] {dag.py:3441} INFO - Setting next_dagrun for example_sensor_decorator to None, run_after=None
[2023-05-10T17:37:13.417+0000] {processor.py:175} INFO - Processing /home/airflow/.local/lib/python3.7/site-packages/airflow/example_dags/example_sensor_decorator.py took 0.127 seconds
[2023-05-10T17:37:44.319+0000] {processor.py:153} INFO - Started process (PID=128) to work on /home/airflow/.local/lib/python3.7/site-packages/airflow/example_dags/example_sensor_decorator.py
[2023-05-10T17:37:44.321+0000] {processor.py:743} INFO - Processing file /home/airflow/.local/lib/python3.7/site-packages/airflow/example_dags/example_sensor_decorator.py for tasks to queue
[2023-05-10T17:37:44.323+0000] {logging_mixin.py:137} INFO - [2023-05-10T17:37:44.323+0000] {dagbag.py:538} INFO - Filling up the DagBag from /home/airflow/.local/lib/python3.7/site-packages/airflow/example_dags/example_sensor_decorator.py
[2023-05-10T17:37:44.343+0000] {processor.py:753} INFO - DAG(s) dict_keys(['example_sensor_decorator']) retrieved from /home/airflow/.local/lib/python3.7/site-packages/airflow/example_dags/example_sensor_decorator.py
[2023-05-10T17:37:44.367+0000] {logging_mixin.py:137} INFO - [2023-05-10T17:37:44.367+0000] {dag.py:2690} INFO - Sync 1 DAGs
[2023-05-10T17:37:44.387+0000] {logging_mixin.py:137} INFO - [2023-05-10T17:37:44.387+0000] {dag.py:3441} INFO - Setting next_dagrun for example_sensor_decorator to None, run_after=None
[2023-05-10T17:37:44.406+0000] {processor.py:175} INFO - Processing /home/airflow/.local/lib/python3.7/site-packages/airflow/example_dags/example_sensor_decorator.py took 0.092 seconds
[2023-05-10T17:38:15.536+0000] {processor.py:153} INFO - Started process (PID=201) to work on /home/airflow/.local/lib/python3.7/site-packages/airflow/example_dags/example_sensor_decorator.py
[2023-05-10T17:38:15.537+0000] {processor.py:743} INFO - Processing file /home/airflow/.local/lib/python3.7/site-packages/airflow/example_dags/example_sensor_decorator.py for tasks to queue
[2023-05-10T17:38:15.539+0000] {logging_mixin.py:137} INFO - [2023-05-10T17:38:15.539+0000] {dagbag.py:538} INFO - Filling up the DagBag from /home/airflow/.local/lib/python3.7/site-packages/airflow/example_dags/example_sensor_decorator.py
[2023-05-10T17:38:15.589+0000] {processor.py:753} INFO - DAG(s) dict_keys(['example_sensor_decorator']) retrieved from /home/airflow/.local/lib/python3.7/site-packages/airflow/example_dags/example_sensor_decorator.py
[2023-05-10T17:38:15.626+0000] {logging_mixin.py:137} INFO - [2023-05-10T17:38:15.626+0000] {dag.py:2690} INFO - Sync 1 DAGs
[2023-05-10T17:38:15.653+0000] {logging_mixin.py:137} INFO - [2023-05-10T17:38:15.653+0000] {dag.py:3441} INFO - Setting next_dagrun for example_sensor_decorator to None, run_after=None
[2023-05-10T17:38:15.681+0000] {processor.py:175} INFO - Processing /home/airflow/.local/lib/python3.7/site-packages/airflow/example_dags/example_sensor_decorator.py took 0.148 seconds
[2023-05-10T17:38:46.136+0000] {processor.py:153} INFO - Started process (PID=268) to work on /home/airflow/.local/lib/python3.7/site-packages/airflow/example_dags/example_sensor_decorator.py
[2023-05-10T17:38:46.137+0000] {processor.py:743} INFO - Processing file /home/airflow/.local/lib/python3.7/site-packages/airflow/example_dags/example_sensor_decorator.py for tasks to queue
[2023-05-10T17:38:46.137+0000] {logging_mixin.py:137} INFO - [2023-05-10T17:38:46.137+0000] {dagbag.py:538} INFO - Filling up the DagBag from /home/airflow/.local/lib/python3.7/site-packages/airflow/example_dags/example_sensor_decorator.py
[2023-05-10T17:38:46.150+0000] {processor.py:753} INFO - DAG(s) dict_keys(['example_sensor_decorator']) retrieved from /home/airflow/.local/lib/python3.7/site-packages/airflow/example_dags/example_sensor_decorator.py
[2023-05-10T17:38:46.166+0000] {logging_mixin.py:137} INFO - [2023-05-10T17:38:46.166+0000] {dag.py:2690} INFO - Sync 1 DAGs
[2023-05-10T17:38:46.179+0000] {logging_mixin.py:137} INFO - [2023-05-10T17:38:46.179+0000] {dag.py:3441} INFO - Setting next_dagrun for example_sensor_decorator to None, run_after=None
[2023-05-10T17:38:46.187+0000] {processor.py:175} INFO - Processing /home/airflow/.local/lib/python3.7/site-packages/airflow/example_dags/example_sensor_decorator.py took 0.054 seconds
[2023-05-10T17:39:17.146+0000] {processor.py:153} INFO - Started process (PID=344) to work on /home/airflow/.local/lib/python3.7/site-packages/airflow/example_dags/example_sensor_decorator.py
[2023-05-10T17:39:17.147+0000] {processor.py:743} INFO - Processing file /home/airflow/.local/lib/python3.7/site-packages/airflow/example_dags/example_sensor_decorator.py for tasks to queue
[2023-05-10T17:39:17.148+0000] {logging_mixin.py:137} INFO - [2023-05-10T17:39:17.148+0000] {dagbag.py:538} INFO - Filling up the DagBag from /home/airflow/.local/lib/python3.7/site-packages/airflow/example_dags/example_sensor_decorator.py
[2023-05-10T17:39:17.161+0000] {processor.py:753} INFO - DAG(s) dict_keys(['example_sensor_decorator']) retrieved from /home/airflow/.local/lib/python3.7/site-packages/airflow/example_dags/example_sensor_decorator.py
[2023-05-10T17:39:17.177+0000] {logging_mixin.py:137} INFO - [2023-05-10T17:39:17.177+0000] {dag.py:2690} INFO - Sync 1 DAGs
[2023-05-10T17:39:17.192+0000] {logging_mixin.py:137} INFO - [2023-05-10T17:39:17.192+0000] {dag.py:3441} INFO - Setting next_dagrun for example_sensor_decorator to None, run_after=None
[2023-05-10T17:39:17.201+0000] {processor.py:175} INFO - Processing /home/airflow/.local/lib/python3.7/site-packages/airflow/example_dags/example_sensor_decorator.py took 0.057 seconds
[2023-05-10T17:39:48.112+0000] {processor.py:153} INFO - Started process (PID=418) to work on /home/airflow/.local/lib/python3.7/site-packages/airflow/example_dags/example_sensor_decorator.py
[2023-05-10T17:39:48.113+0000] {processor.py:743} INFO - Processing file /home/airflow/.local/lib/python3.7/site-packages/airflow/example_dags/example_sensor_decorator.py for tasks to queue
[2023-05-10T17:39:48.113+0000] {logging_mixin.py:137} INFO - [2023-05-10T17:39:48.113+0000] {dagbag.py:538} INFO - Filling up the DagBag from /home/airflow/.local/lib/python3.7/site-packages/airflow/example_dags/example_sensor_decorator.py
[2023-05-10T17:39:48.126+0000] {processor.py:753} INFO - DAG(s) dict_keys(['example_sensor_decorator']) retrieved from /home/airflow/.local/lib/python3.7/site-packages/airflow/example_dags/example_sensor_decorator.py
[2023-05-10T17:39:48.143+0000] {logging_mixin.py:137} INFO - [2023-05-10T17:39:48.143+0000] {dag.py:2690} INFO - Sync 1 DAGs
[2023-05-10T17:39:48.156+0000] {logging_mixin.py:137} INFO - [2023-05-10T17:39:48.156+0000] {dag.py:3441} INFO - Setting next_dagrun for example_sensor_decorator to None, run_after=None
[2023-05-10T17:39:48.165+0000] {processor.py:175} INFO - Processing /home/airflow/.local/lib/python3.7/site-packages/airflow/example_dags/example_sensor_decorator.py took 0.056 seconds
[2023-05-10T17:40:19.015+0000] {processor.py:153} INFO - Started process (PID=495) to work on /home/airflow/.local/lib/python3.7/site-packages/airflow/example_dags/example_sensor_decorator.py
[2023-05-10T17:40:19.016+0000] {processor.py:743} INFO - Processing file /home/airflow/.local/lib/python3.7/site-packages/airflow/example_dags/example_sensor_decorator.py for tasks to queue
[2023-05-10T17:40:19.017+0000] {logging_mixin.py:137} INFO - [2023-05-10T17:40:19.017+0000] {dagbag.py:538} INFO - Filling up the DagBag from /home/airflow/.local/lib/python3.7/site-packages/airflow/example_dags/example_sensor_decorator.py
[2023-05-10T17:40:19.030+0000] {processor.py:753} INFO - DAG(s) dict_keys(['example_sensor_decorator']) retrieved from /home/airflow/.local/lib/python3.7/site-packages/airflow/example_dags/example_sensor_decorator.py
[2023-05-10T17:40:19.046+0000] {logging_mixin.py:137} INFO - [2023-05-10T17:40:19.046+0000] {dag.py:2690} INFO - Sync 1 DAGs
[2023-05-10T17:40:19.059+0000] {logging_mixin.py:137} INFO - [2023-05-10T17:40:19.059+0000] {dag.py:3441} INFO - Setting next_dagrun for example_sensor_decorator to None, run_after=None
[2023-05-10T17:40:19.069+0000] {processor.py:175} INFO - Processing /home/airflow/.local/lib/python3.7/site-packages/airflow/example_dags/example_sensor_decorator.py took 0.059 seconds
[2023-05-10T17:40:49.913+0000] {processor.py:153} INFO - Started process (PID=558) to work on /home/airflow/.local/lib/python3.7/site-packages/airflow/example_dags/example_sensor_decorator.py
[2023-05-10T17:40:49.914+0000] {processor.py:743} INFO - Processing file /home/airflow/.local/lib/python3.7/site-packages/airflow/example_dags/example_sensor_decorator.py for tasks to queue
[2023-05-10T17:40:49.914+0000] {logging_mixin.py:137} INFO - [2023-05-10T17:40:49.914+0000] {dagbag.py:538} INFO - Filling up the DagBag from /home/airflow/.local/lib/python3.7/site-packages/airflow/example_dags/example_sensor_decorator.py
[2023-05-10T17:40:49.927+0000] {processor.py:753} INFO - DAG(s) dict_keys(['example_sensor_decorator']) retrieved from /home/airflow/.local/lib/python3.7/site-packages/airflow/example_dags/example_sensor_decorator.py
[2023-05-10T17:40:49.943+0000] {logging_mixin.py:137} INFO - [2023-05-10T17:40:49.943+0000] {dag.py:2690} INFO - Sync 1 DAGs
[2023-05-10T17:40:49.956+0000] {logging_mixin.py:137} INFO - [2023-05-10T17:40:49.956+0000] {dag.py:3441} INFO - Setting next_dagrun for example_sensor_decorator to None, run_after=None
[2023-05-10T17:40:49.965+0000] {processor.py:175} INFO - Processing /home/airflow/.local/lib/python3.7/site-packages/airflow/example_dags/example_sensor_decorator.py took 0.054 seconds
[2023-05-10T17:41:20.085+0000] {processor.py:153} INFO - Started process (PID=635) to work on /home/airflow/.local/lib/python3.7/site-packages/airflow/example_dags/example_sensor_decorator.py
[2023-05-10T17:41:20.086+0000] {processor.py:743} INFO - Processing file /home/airflow/.local/lib/python3.7/site-packages/airflow/example_dags/example_sensor_decorator.py for tasks to queue
[2023-05-10T17:41:20.087+0000] {logging_mixin.py:137} INFO - [2023-05-10T17:41:20.086+0000] {dagbag.py:538} INFO - Filling up the DagBag from /home/airflow/.local/lib/python3.7/site-packages/airflow/example_dags/example_sensor_decorator.py
[2023-05-10T17:41:20.099+0000] {processor.py:753} INFO - DAG(s) dict_keys(['example_sensor_decorator']) retrieved from /home/airflow/.local/lib/python3.7/site-packages/airflow/example_dags/example_sensor_decorator.py
[2023-05-10T17:41:20.115+0000] {logging_mixin.py:137} INFO - [2023-05-10T17:41:20.115+0000] {dag.py:2690} INFO - Sync 1 DAGs
[2023-05-10T17:41:20.128+0000] {logging_mixin.py:137} INFO - [2023-05-10T17:41:20.128+0000] {dag.py:3441} INFO - Setting next_dagrun for example_sensor_decorator to None, run_after=None
[2023-05-10T17:41:20.137+0000] {processor.py:175} INFO - Processing /home/airflow/.local/lib/python3.7/site-packages/airflow/example_dags/example_sensor_decorator.py took 0.054 seconds
[2023-05-10T17:56:36.787+0000] {processor.py:153} INFO - Started process (PID=686) to work on /home/airflow/.local/lib/python3.7/site-packages/airflow/example_dags/example_sensor_decorator.py
[2023-05-10T17:56:36.788+0000] {processor.py:743} INFO - Processing file /home/airflow/.local/lib/python3.7/site-packages/airflow/example_dags/example_sensor_decorator.py for tasks to queue
[2023-05-10T17:56:36.788+0000] {logging_mixin.py:137} INFO - [2023-05-10T17:56:36.788+0000] {dagbag.py:538} INFO - Filling up the DagBag from /home/airflow/.local/lib/python3.7/site-packages/airflow/example_dags/example_sensor_decorator.py
[2023-05-10T17:56:36.804+0000] {processor.py:753} INFO - DAG(s) dict_keys(['example_sensor_decorator']) retrieved from /home/airflow/.local/lib/python3.7/site-packages/airflow/example_dags/example_sensor_decorator.py
[2023-05-10T17:56:36.832+0000] {logging_mixin.py:137} INFO - [2023-05-10T17:56:36.832+0000] {dag.py:2690} INFO - Sync 1 DAGs
[2023-05-10T17:56:36.857+0000] {logging_mixin.py:137} INFO - [2023-05-10T17:56:36.856+0000] {dag.py:3441} INFO - Setting next_dagrun for example_sensor_decorator to None, run_after=None
[2023-05-10T17:56:36.874+0000] {processor.py:175} INFO - Processing /home/airflow/.local/lib/python3.7/site-packages/airflow/example_dags/example_sensor_decorator.py took 0.091 seconds
[2023-05-10T18:14:19.293+0000] {processor.py:153} INFO - Started process (PID=762) to work on /home/airflow/.local/lib/python3.7/site-packages/airflow/example_dags/example_sensor_decorator.py
[2023-05-10T18:14:19.294+0000] {processor.py:743} INFO - Processing file /home/airflow/.local/lib/python3.7/site-packages/airflow/example_dags/example_sensor_decorator.py for tasks to queue
[2023-05-10T18:14:19.294+0000] {logging_mixin.py:137} INFO - [2023-05-10T18:14:19.294+0000] {dagbag.py:538} INFO - Filling up the DagBag from /home/airflow/.local/lib/python3.7/site-packages/airflow/example_dags/example_sensor_decorator.py
[2023-05-10T18:14:19.307+0000] {processor.py:753} INFO - DAG(s) dict_keys(['example_sensor_decorator']) retrieved from /home/airflow/.local/lib/python3.7/site-packages/airflow/example_dags/example_sensor_decorator.py
[2023-05-10T18:14:19.323+0000] {logging_mixin.py:137} INFO - [2023-05-10T18:14:19.323+0000] {dag.py:2690} INFO - Sync 1 DAGs
[2023-05-10T18:14:19.337+0000] {logging_mixin.py:137} INFO - [2023-05-10T18:14:19.337+0000] {dag.py:3441} INFO - Setting next_dagrun for example_sensor_decorator to None, run_after=None
[2023-05-10T18:14:19.346+0000] {processor.py:175} INFO - Processing /home/airflow/.local/lib/python3.7/site-packages/airflow/example_dags/example_sensor_decorator.py took 0.056 seconds
[2023-05-10T18:14:49.897+0000] {processor.py:153} INFO - Started process (PID=825) to work on /home/airflow/.local/lib/python3.7/site-packages/airflow/example_dags/example_sensor_decorator.py
[2023-05-10T18:14:49.898+0000] {processor.py:743} INFO - Processing file /home/airflow/.local/lib/python3.7/site-packages/airflow/example_dags/example_sensor_decorator.py for tasks to queue
[2023-05-10T18:14:49.898+0000] {logging_mixin.py:137} INFO - [2023-05-10T18:14:49.898+0000] {dagbag.py:538} INFO - Filling up the DagBag from /home/airflow/.local/lib/python3.7/site-packages/airflow/example_dags/example_sensor_decorator.py
[2023-05-10T18:14:49.911+0000] {processor.py:753} INFO - DAG(s) dict_keys(['example_sensor_decorator']) retrieved from /home/airflow/.local/lib/python3.7/site-packages/airflow/example_dags/example_sensor_decorator.py
[2023-05-10T18:14:49.928+0000] {logging_mixin.py:137} INFO - [2023-05-10T18:14:49.928+0000] {dag.py:2690} INFO - Sync 1 DAGs
[2023-05-10T18:14:49.941+0000] {logging_mixin.py:137} INFO - [2023-05-10T18:14:49.941+0000] {dag.py:3441} INFO - Setting next_dagrun for example_sensor_decorator to None, run_after=None
[2023-05-10T18:14:49.950+0000] {processor.py:175} INFO - Processing /home/airflow/.local/lib/python3.7/site-packages/airflow/example_dags/example_sensor_decorator.py took 0.055 seconds
[2023-05-10T18:30:29.817+0000] {processor.py:153} INFO - Started process (PID=902) to work on /home/airflow/.local/lib/python3.7/site-packages/airflow/example_dags/example_sensor_decorator.py
[2023-05-10T18:30:29.818+0000] {processor.py:743} INFO - Processing file /home/airflow/.local/lib/python3.7/site-packages/airflow/example_dags/example_sensor_decorator.py for tasks to queue
[2023-05-10T18:30:29.819+0000] {logging_mixin.py:137} INFO - [2023-05-10T18:30:29.819+0000] {dagbag.py:538} INFO - Filling up the DagBag from /home/airflow/.local/lib/python3.7/site-packages/airflow/example_dags/example_sensor_decorator.py
[2023-05-10T18:30:29.840+0000] {processor.py:753} INFO - DAG(s) dict_keys(['example_sensor_decorator']) retrieved from /home/airflow/.local/lib/python3.7/site-packages/airflow/example_dags/example_sensor_decorator.py
[2023-05-10T18:30:29.859+0000] {logging_mixin.py:137} INFO - [2023-05-10T18:30:29.859+0000] {dag.py:2690} INFO - Sync 1 DAGs
[2023-05-10T18:30:29.873+0000] {logging_mixin.py:137} INFO - [2023-05-10T18:30:29.873+0000] {dag.py:3441} INFO - Setting next_dagrun for example_sensor_decorator to None, run_after=None
[2023-05-10T18:30:29.883+0000] {processor.py:175} INFO - Processing /home/airflow/.local/lib/python3.7/site-packages/airflow/example_dags/example_sensor_decorator.py took 0.069 seconds
[2023-05-10T18:31:00.656+0000] {processor.py:153} INFO - Started process (PID=978) to work on /home/airflow/.local/lib/python3.7/site-packages/airflow/example_dags/example_sensor_decorator.py
[2023-05-10T18:31:00.657+0000] {processor.py:743} INFO - Processing file /home/airflow/.local/lib/python3.7/site-packages/airflow/example_dags/example_sensor_decorator.py for tasks to queue
[2023-05-10T18:31:00.657+0000] {logging_mixin.py:137} INFO - [2023-05-10T18:31:00.657+0000] {dagbag.py:538} INFO - Filling up the DagBag from /home/airflow/.local/lib/python3.7/site-packages/airflow/example_dags/example_sensor_decorator.py
[2023-05-10T18:31:00.670+0000] {processor.py:753} INFO - DAG(s) dict_keys(['example_sensor_decorator']) retrieved from /home/airflow/.local/lib/python3.7/site-packages/airflow/example_dags/example_sensor_decorator.py
[2023-05-10T18:31:00.686+0000] {logging_mixin.py:137} INFO - [2023-05-10T18:31:00.685+0000] {dag.py:2690} INFO - Sync 1 DAGs
[2023-05-10T18:31:00.699+0000] {logging_mixin.py:137} INFO - [2023-05-10T18:31:00.699+0000] {dag.py:3441} INFO - Setting next_dagrun for example_sensor_decorator to None, run_after=None
[2023-05-10T18:31:00.707+0000] {processor.py:175} INFO - Processing /home/airflow/.local/lib/python3.7/site-packages/airflow/example_dags/example_sensor_decorator.py took 0.054 seconds
[2023-05-10T18:47:37.130+0000] {processor.py:153} INFO - Started process (PID=1042) to work on /home/airflow/.local/lib/python3.7/site-packages/airflow/example_dags/example_sensor_decorator.py
[2023-05-10T18:47:37.131+0000] {processor.py:743} INFO - Processing file /home/airflow/.local/lib/python3.7/site-packages/airflow/example_dags/example_sensor_decorator.py for tasks to queue
[2023-05-10T18:47:37.132+0000] {logging_mixin.py:137} INFO - [2023-05-10T18:47:37.131+0000] {dagbag.py:538} INFO - Filling up the DagBag from /home/airflow/.local/lib/python3.7/site-packages/airflow/example_dags/example_sensor_decorator.py
[2023-05-10T18:47:37.144+0000] {processor.py:753} INFO - DAG(s) dict_keys(['example_sensor_decorator']) retrieved from /home/airflow/.local/lib/python3.7/site-packages/airflow/example_dags/example_sensor_decorator.py
[2023-05-10T18:47:37.160+0000] {logging_mixin.py:137} INFO - [2023-05-10T18:47:37.160+0000] {dag.py:2690} INFO - Sync 1 DAGs
[2023-05-10T18:47:37.173+0000] {logging_mixin.py:137} INFO - [2023-05-10T18:47:37.173+0000] {dag.py:3441} INFO - Setting next_dagrun for example_sensor_decorator to None, run_after=None
[2023-05-10T18:47:37.182+0000] {processor.py:175} INFO - Processing /home/airflow/.local/lib/python3.7/site-packages/airflow/example_dags/example_sensor_decorator.py took 0.055 seconds
[2023-05-10T18:48:07.975+0000] {processor.py:153} INFO - Started process (PID=1117) to work on /home/airflow/.local/lib/python3.7/site-packages/airflow/example_dags/example_sensor_decorator.py
[2023-05-10T18:48:07.976+0000] {processor.py:743} INFO - Processing file /home/airflow/.local/lib/python3.7/site-packages/airflow/example_dags/example_sensor_decorator.py for tasks to queue
[2023-05-10T18:48:07.976+0000] {logging_mixin.py:137} INFO - [2023-05-10T18:48:07.976+0000] {dagbag.py:538} INFO - Filling up the DagBag from /home/airflow/.local/lib/python3.7/site-packages/airflow/example_dags/example_sensor_decorator.py
[2023-05-10T18:48:07.990+0000] {processor.py:753} INFO - DAG(s) dict_keys(['example_sensor_decorator']) retrieved from /home/airflow/.local/lib/python3.7/site-packages/airflow/example_dags/example_sensor_decorator.py
[2023-05-10T18:48:08.005+0000] {logging_mixin.py:137} INFO - [2023-05-10T18:48:08.005+0000] {dag.py:2690} INFO - Sync 1 DAGs
[2023-05-10T18:48:08.017+0000] {logging_mixin.py:137} INFO - [2023-05-10T18:48:08.017+0000] {dag.py:3441} INFO - Setting next_dagrun for example_sensor_decorator to None, run_after=None
[2023-05-10T18:48:08.026+0000] {processor.py:175} INFO - Processing /home/airflow/.local/lib/python3.7/site-packages/airflow/example_dags/example_sensor_decorator.py took 0.053 seconds
[2023-05-10T18:49:23.155+0000] {processor.py:153} INFO - Started process (PID=1192) to work on /home/airflow/.local/lib/python3.7/site-packages/airflow/example_dags/example_sensor_decorator.py
[2023-05-10T18:49:23.156+0000] {processor.py:743} INFO - Processing file /home/airflow/.local/lib/python3.7/site-packages/airflow/example_dags/example_sensor_decorator.py for tasks to queue
[2023-05-10T18:49:23.157+0000] {logging_mixin.py:137} INFO - [2023-05-10T18:49:23.157+0000] {dagbag.py:538} INFO - Filling up the DagBag from /home/airflow/.local/lib/python3.7/site-packages/airflow/example_dags/example_sensor_decorator.py
[2023-05-10T18:49:23.170+0000] {processor.py:753} INFO - DAG(s) dict_keys(['example_sensor_decorator']) retrieved from /home/airflow/.local/lib/python3.7/site-packages/airflow/example_dags/example_sensor_decorator.py
[2023-05-10T18:49:23.186+0000] {logging_mixin.py:137} INFO - [2023-05-10T18:49:23.186+0000] {dag.py:2690} INFO - Sync 1 DAGs
[2023-05-10T18:49:23.199+0000] {logging_mixin.py:137} INFO - [2023-05-10T18:49:23.199+0000] {dag.py:3441} INFO - Setting next_dagrun for example_sensor_decorator to None, run_after=None
[2023-05-10T18:49:23.208+0000] {processor.py:175} INFO - Processing /home/airflow/.local/lib/python3.7/site-packages/airflow/example_dags/example_sensor_decorator.py took 0.055 seconds
[2023-05-10T18:49:53.844+0000] {processor.py:153} INFO - Started process (PID=1256) to work on /home/airflow/.local/lib/python3.7/site-packages/airflow/example_dags/example_sensor_decorator.py
[2023-05-10T18:49:53.845+0000] {processor.py:743} INFO - Processing file /home/airflow/.local/lib/python3.7/site-packages/airflow/example_dags/example_sensor_decorator.py for tasks to queue
[2023-05-10T18:49:53.845+0000] {logging_mixin.py:137} INFO - [2023-05-10T18:49:53.845+0000] {dagbag.py:538} INFO - Filling up the DagBag from /home/airflow/.local/lib/python3.7/site-packages/airflow/example_dags/example_sensor_decorator.py
[2023-05-10T18:49:53.858+0000] {processor.py:753} INFO - DAG(s) dict_keys(['example_sensor_decorator']) retrieved from /home/airflow/.local/lib/python3.7/site-packages/airflow/example_dags/example_sensor_decorator.py
[2023-05-10T18:49:53.874+0000] {logging_mixin.py:137} INFO - [2023-05-10T18:49:53.874+0000] {dag.py:2690} INFO - Sync 1 DAGs
[2023-05-10T18:49:53.887+0000] {logging_mixin.py:137} INFO - [2023-05-10T18:49:53.887+0000] {dag.py:3441} INFO - Setting next_dagrun for example_sensor_decorator to None, run_after=None
[2023-05-10T18:49:53.896+0000] {processor.py:175} INFO - Processing /home/airflow/.local/lib/python3.7/site-packages/airflow/example_dags/example_sensor_decorator.py took 0.054 seconds
[2023-05-10T18:50:24.654+0000] {processor.py:153} INFO - Started process (PID=1331) to work on /home/airflow/.local/lib/python3.7/site-packages/airflow/example_dags/example_sensor_decorator.py
[2023-05-10T18:50:24.655+0000] {processor.py:743} INFO - Processing file /home/airflow/.local/lib/python3.7/site-packages/airflow/example_dags/example_sensor_decorator.py for tasks to queue
[2023-05-10T18:50:24.656+0000] {logging_mixin.py:137} INFO - [2023-05-10T18:50:24.656+0000] {dagbag.py:538} INFO - Filling up the DagBag from /home/airflow/.local/lib/python3.7/site-packages/airflow/example_dags/example_sensor_decorator.py
[2023-05-10T18:50:24.670+0000] {processor.py:753} INFO - DAG(s) dict_keys(['example_sensor_decorator']) retrieved from /home/airflow/.local/lib/python3.7/site-packages/airflow/example_dags/example_sensor_decorator.py
[2023-05-10T18:50:24.686+0000] {logging_mixin.py:137} INFO - [2023-05-10T18:50:24.686+0000] {dag.py:2690} INFO - Sync 1 DAGs
[2023-05-10T18:50:24.699+0000] {logging_mixin.py:137} INFO - [2023-05-10T18:50:24.699+0000] {dag.py:3441} INFO - Setting next_dagrun for example_sensor_decorator to None, run_after=None
[2023-05-10T18:50:24.708+0000] {processor.py:175} INFO - Processing /home/airflow/.local/lib/python3.7/site-packages/airflow/example_dags/example_sensor_decorator.py took 0.057 seconds
[2023-05-10T18:50:55.495+0000] {processor.py:153} INFO - Started process (PID=1404) to work on /home/airflow/.local/lib/python3.7/site-packages/airflow/example_dags/example_sensor_decorator.py
[2023-05-10T18:50:55.496+0000] {processor.py:743} INFO - Processing file /home/airflow/.local/lib/python3.7/site-packages/airflow/example_dags/example_sensor_decorator.py for tasks to queue
[2023-05-10T18:50:55.496+0000] {logging_mixin.py:137} INFO - [2023-05-10T18:50:55.496+0000] {dagbag.py:538} INFO - Filling up the DagBag from /home/airflow/.local/lib/python3.7/site-packages/airflow/example_dags/example_sensor_decorator.py
[2023-05-10T18:50:55.511+0000] {processor.py:753} INFO - DAG(s) dict_keys(['example_sensor_decorator']) retrieved from /home/airflow/.local/lib/python3.7/site-packages/airflow/example_dags/example_sensor_decorator.py
[2023-05-10T18:50:55.528+0000] {logging_mixin.py:137} INFO - [2023-05-10T18:50:55.528+0000] {dag.py:2690} INFO - Sync 1 DAGs
[2023-05-10T18:50:55.542+0000] {logging_mixin.py:137} INFO - [2023-05-10T18:50:55.542+0000] {dag.py:3441} INFO - Setting next_dagrun for example_sensor_decorator to None, run_after=None
[2023-05-10T18:50:55.552+0000] {processor.py:175} INFO - Processing /home/airflow/.local/lib/python3.7/site-packages/airflow/example_dags/example_sensor_decorator.py took 0.059 seconds
[2023-05-10T18:51:26.224+0000] {processor.py:153} INFO - Started process (PID=1479) to work on /home/airflow/.local/lib/python3.7/site-packages/airflow/example_dags/example_sensor_decorator.py
[2023-05-10T18:51:26.225+0000] {processor.py:743} INFO - Processing file /home/airflow/.local/lib/python3.7/site-packages/airflow/example_dags/example_sensor_decorator.py for tasks to queue
[2023-05-10T18:51:26.226+0000] {logging_mixin.py:137} INFO - [2023-05-10T18:51:26.226+0000] {dagbag.py:538} INFO - Filling up the DagBag from /home/airflow/.local/lib/python3.7/site-packages/airflow/example_dags/example_sensor_decorator.py
[2023-05-10T18:51:26.239+0000] {processor.py:753} INFO - DAG(s) dict_keys(['example_sensor_decorator']) retrieved from /home/airflow/.local/lib/python3.7/site-packages/airflow/example_dags/example_sensor_decorator.py
[2023-05-10T18:51:26.256+0000] {logging_mixin.py:137} INFO - [2023-05-10T18:51:26.255+0000] {dag.py:2690} INFO - Sync 1 DAGs
[2023-05-10T18:51:26.269+0000] {logging_mixin.py:137} INFO - [2023-05-10T18:51:26.269+0000] {dag.py:3441} INFO - Setting next_dagrun for example_sensor_decorator to None, run_after=None
[2023-05-10T18:51:26.279+0000] {processor.py:175} INFO - Processing /home/airflow/.local/lib/python3.7/site-packages/airflow/example_dags/example_sensor_decorator.py took 0.057 seconds
[2023-05-10T18:51:57.054+0000] {processor.py:153} INFO - Started process (PID=1542) to work on /home/airflow/.local/lib/python3.7/site-packages/airflow/example_dags/example_sensor_decorator.py
[2023-05-10T18:51:57.055+0000] {processor.py:743} INFO - Processing file /home/airflow/.local/lib/python3.7/site-packages/airflow/example_dags/example_sensor_decorator.py for tasks to queue
[2023-05-10T18:51:57.056+0000] {logging_mixin.py:137} INFO - [2023-05-10T18:51:57.056+0000] {dagbag.py:538} INFO - Filling up the DagBag from /home/airflow/.local/lib/python3.7/site-packages/airflow/example_dags/example_sensor_decorator.py
[2023-05-10T18:51:57.069+0000] {processor.py:753} INFO - DAG(s) dict_keys(['example_sensor_decorator']) retrieved from /home/airflow/.local/lib/python3.7/site-packages/airflow/example_dags/example_sensor_decorator.py
[2023-05-10T18:51:57.086+0000] {logging_mixin.py:137} INFO - [2023-05-10T18:51:57.086+0000] {dag.py:2690} INFO - Sync 1 DAGs
[2023-05-10T18:51:57.099+0000] {logging_mixin.py:137} INFO - [2023-05-10T18:51:57.099+0000] {dag.py:3441} INFO - Setting next_dagrun for example_sensor_decorator to None, run_after=None
[2023-05-10T18:51:57.108+0000] {processor.py:175} INFO - Processing /home/airflow/.local/lib/python3.7/site-packages/airflow/example_dags/example_sensor_decorator.py took 0.056 seconds
[2023-05-10T18:52:27.968+0000] {processor.py:153} INFO - Started process (PID=1615) to work on /home/airflow/.local/lib/python3.7/site-packages/airflow/example_dags/example_sensor_decorator.py
[2023-05-10T18:52:27.969+0000] {processor.py:743} INFO - Processing file /home/airflow/.local/lib/python3.7/site-packages/airflow/example_dags/example_sensor_decorator.py for tasks to queue
[2023-05-10T18:52:27.970+0000] {logging_mixin.py:137} INFO - [2023-05-10T18:52:27.970+0000] {dagbag.py:538} INFO - Filling up the DagBag from /home/airflow/.local/lib/python3.7/site-packages/airflow/example_dags/example_sensor_decorator.py
[2023-05-10T18:52:27.984+0000] {processor.py:753} INFO - DAG(s) dict_keys(['example_sensor_decorator']) retrieved from /home/airflow/.local/lib/python3.7/site-packages/airflow/example_dags/example_sensor_decorator.py
[2023-05-10T18:52:28.001+0000] {logging_mixin.py:137} INFO - [2023-05-10T18:52:28.001+0000] {dag.py:2690} INFO - Sync 1 DAGs
[2023-05-10T18:52:28.014+0000] {logging_mixin.py:137} INFO - [2023-05-10T18:52:28.014+0000] {dag.py:3441} INFO - Setting next_dagrun for example_sensor_decorator to None, run_after=None
[2023-05-10T18:52:28.024+0000] {processor.py:175} INFO - Processing /home/airflow/.local/lib/python3.7/site-packages/airflow/example_dags/example_sensor_decorator.py took 0.058 seconds
[2023-05-10T18:52:58.757+0000] {processor.py:153} INFO - Started process (PID=1690) to work on /home/airflow/.local/lib/python3.7/site-packages/airflow/example_dags/example_sensor_decorator.py
[2023-05-10T18:52:58.758+0000] {processor.py:743} INFO - Processing file /home/airflow/.local/lib/python3.7/site-packages/airflow/example_dags/example_sensor_decorator.py for tasks to queue
[2023-05-10T18:52:58.759+0000] {logging_mixin.py:137} INFO - [2023-05-10T18:52:58.758+0000] {dagbag.py:538} INFO - Filling up the DagBag from /home/airflow/.local/lib/python3.7/site-packages/airflow/example_dags/example_sensor_decorator.py
[2023-05-10T18:52:58.772+0000] {processor.py:753} INFO - DAG(s) dict_keys(['example_sensor_decorator']) retrieved from /home/airflow/.local/lib/python3.7/site-packages/airflow/example_dags/example_sensor_decorator.py
[2023-05-10T18:52:58.788+0000] {logging_mixin.py:137} INFO - [2023-05-10T18:52:58.788+0000] {dag.py:2690} INFO - Sync 1 DAGs
[2023-05-10T18:52:58.802+0000] {logging_mixin.py:137} INFO - [2023-05-10T18:52:58.802+0000] {dag.py:3441} INFO - Setting next_dagrun for example_sensor_decorator to None, run_after=None
[2023-05-10T18:52:58.811+0000] {processor.py:175} INFO - Processing /home/airflow/.local/lib/python3.7/site-packages/airflow/example_dags/example_sensor_decorator.py took 0.056 seconds
[2023-05-10T18:53:29.558+0000] {processor.py:153} INFO - Started process (PID=1765) to work on /home/airflow/.local/lib/python3.7/site-packages/airflow/example_dags/example_sensor_decorator.py
[2023-05-10T18:53:29.559+0000] {processor.py:743} INFO - Processing file /home/airflow/.local/lib/python3.7/site-packages/airflow/example_dags/example_sensor_decorator.py for tasks to queue
[2023-05-10T18:53:29.559+0000] {logging_mixin.py:137} INFO - [2023-05-10T18:53:29.559+0000] {dagbag.py:538} INFO - Filling up the DagBag from /home/airflow/.local/lib/python3.7/site-packages/airflow/example_dags/example_sensor_decorator.py
[2023-05-10T18:53:29.573+0000] {processor.py:753} INFO - DAG(s) dict_keys(['example_sensor_decorator']) retrieved from /home/airflow/.local/lib/python3.7/site-packages/airflow/example_dags/example_sensor_decorator.py
[2023-05-10T18:53:29.589+0000] {logging_mixin.py:137} INFO - [2023-05-10T18:53:29.589+0000] {dag.py:2690} INFO - Sync 1 DAGs
[2023-05-10T18:53:29.603+0000] {logging_mixin.py:137} INFO - [2023-05-10T18:53:29.603+0000] {dag.py:3441} INFO - Setting next_dagrun for example_sensor_decorator to None, run_after=None
[2023-05-10T18:53:29.612+0000] {processor.py:175} INFO - Processing /home/airflow/.local/lib/python3.7/site-packages/airflow/example_dags/example_sensor_decorator.py took 0.057 seconds
[2023-05-10T18:54:00.386+0000] {processor.py:153} INFO - Started process (PID=1827) to work on /home/airflow/.local/lib/python3.7/site-packages/airflow/example_dags/example_sensor_decorator.py
[2023-05-10T18:54:00.387+0000] {processor.py:743} INFO - Processing file /home/airflow/.local/lib/python3.7/site-packages/airflow/example_dags/example_sensor_decorator.py for tasks to queue
[2023-05-10T18:54:00.387+0000] {logging_mixin.py:137} INFO - [2023-05-10T18:54:00.387+0000] {dagbag.py:538} INFO - Filling up the DagBag from /home/airflow/.local/lib/python3.7/site-packages/airflow/example_dags/example_sensor_decorator.py
[2023-05-10T18:54:00.401+0000] {processor.py:753} INFO - DAG(s) dict_keys(['example_sensor_decorator']) retrieved from /home/airflow/.local/lib/python3.7/site-packages/airflow/example_dags/example_sensor_decorator.py
[2023-05-10T18:54:00.417+0000] {logging_mixin.py:137} INFO - [2023-05-10T18:54:00.417+0000] {dag.py:2690} INFO - Sync 1 DAGs
[2023-05-10T18:54:00.430+0000] {logging_mixin.py:137} INFO - [2023-05-10T18:54:00.430+0000] {dag.py:3441} INFO - Setting next_dagrun for example_sensor_decorator to None, run_after=None
[2023-05-10T18:54:00.439+0000] {processor.py:175} INFO - Processing /home/airflow/.local/lib/python3.7/site-packages/airflow/example_dags/example_sensor_decorator.py took 0.056 seconds
[2023-05-10T18:54:31.118+0000] {processor.py:153} INFO - Started process (PID=1903) to work on /home/airflow/.local/lib/python3.7/site-packages/airflow/example_dags/example_sensor_decorator.py
[2023-05-10T18:54:31.118+0000] {processor.py:743} INFO - Processing file /home/airflow/.local/lib/python3.7/site-packages/airflow/example_dags/example_sensor_decorator.py for tasks to queue
[2023-05-10T18:54:31.119+0000] {logging_mixin.py:137} INFO - [2023-05-10T18:54:31.119+0000] {dagbag.py:538} INFO - Filling up the DagBag from /home/airflow/.local/lib/python3.7/site-packages/airflow/example_dags/example_sensor_decorator.py
[2023-05-10T18:54:31.131+0000] {processor.py:753} INFO - DAG(s) dict_keys(['example_sensor_decorator']) retrieved from /home/airflow/.local/lib/python3.7/site-packages/airflow/example_dags/example_sensor_decorator.py
[2023-05-10T18:54:31.148+0000] {logging_mixin.py:137} INFO - [2023-05-10T18:54:31.148+0000] {dag.py:2690} INFO - Sync 1 DAGs
[2023-05-10T18:54:31.161+0000] {logging_mixin.py:137} INFO - [2023-05-10T18:54:31.161+0000] {dag.py:3441} INFO - Setting next_dagrun for example_sensor_decorator to None, run_after=None
[2023-05-10T18:54:31.170+0000] {processor.py:175} INFO - Processing /home/airflow/.local/lib/python3.7/site-packages/airflow/example_dags/example_sensor_decorator.py took 0.055 seconds
[2023-05-10T18:55:01.840+0000] {processor.py:153} INFO - Started process (PID=1978) to work on /home/airflow/.local/lib/python3.7/site-packages/airflow/example_dags/example_sensor_decorator.py
[2023-05-10T18:55:01.841+0000] {processor.py:743} INFO - Processing file /home/airflow/.local/lib/python3.7/site-packages/airflow/example_dags/example_sensor_decorator.py for tasks to queue
[2023-05-10T18:55:01.842+0000] {logging_mixin.py:137} INFO - [2023-05-10T18:55:01.842+0000] {dagbag.py:538} INFO - Filling up the DagBag from /home/airflow/.local/lib/python3.7/site-packages/airflow/example_dags/example_sensor_decorator.py
[2023-05-10T18:55:01.857+0000] {processor.py:753} INFO - DAG(s) dict_keys(['example_sensor_decorator']) retrieved from /home/airflow/.local/lib/python3.7/site-packages/airflow/example_dags/example_sensor_decorator.py
[2023-05-10T18:55:01.873+0000] {logging_mixin.py:137} INFO - [2023-05-10T18:55:01.873+0000] {dag.py:2690} INFO - Sync 1 DAGs
[2023-05-10T18:55:01.889+0000] {logging_mixin.py:137} INFO - [2023-05-10T18:55:01.889+0000] {dag.py:3441} INFO - Setting next_dagrun for example_sensor_decorator to None, run_after=None
[2023-05-10T18:55:01.899+0000] {processor.py:175} INFO - Processing /home/airflow/.local/lib/python3.7/site-packages/airflow/example_dags/example_sensor_decorator.py took 0.061 seconds
