[2023-05-10T17:37:13.113+0000] {processor.py:153} INFO - Started process (PID=52) to work on /home/airflow/.local/lib/python3.7/site-packages/airflow/example_dags/example_branch_datetime_operator.py
[2023-05-10T17:37:13.115+0000] {processor.py:743} INFO - Processing file /home/airflow/.local/lib/python3.7/site-packages/airflow/example_dags/example_branch_datetime_operator.py for tasks to queue
[2023-05-10T17:37:13.116+0000] {logging_mixin.py:137} INFO - [2023-05-10T17:37:13.116+0000] {dagbag.py:538} INFO - Filling up the DagBag from /home/airflow/.local/lib/python3.7/site-packages/airflow/example_dags/example_branch_datetime_operator.py
[2023-05-10T17:37:13.128+0000] {processor.py:753} INFO - DAG(s) dict_keys(['example_branch_datetime_operator_3', 'example_branch_datetime_operator', 'example_branch_datetime_operator_2']) retrieved from /home/airflow/.local/lib/python3.7/site-packages/airflow/example_dags/example_branch_datetime_operator.py
[2023-05-10T17:37:13.192+0000] {logging_mixin.py:137} INFO - [2023-05-10T17:37:13.192+0000] {manager.py:504} INFO - Created Permission View: can edit on DAG:example_branch_datetime_operator_3
[2023-05-10T17:37:13.197+0000] {logging_mixin.py:137} INFO - [2023-05-10T17:37:13.197+0000] {manager.py:504} INFO - Created Permission View: can read on DAG:example_branch_datetime_operator_3
[2023-05-10T17:37:13.201+0000] {logging_mixin.py:137} INFO - [2023-05-10T17:37:13.201+0000] {manager.py:504} INFO - Created Permission View: can delete on DAG:example_branch_datetime_operator_3
[2023-05-10T17:37:13.207+0000] {logging_mixin.py:137} INFO - [2023-05-10T17:37:13.207+0000] {manager.py:504} INFO - Created Permission View: can edit on DAG:example_branch_datetime_operator
[2023-05-10T17:37:13.212+0000] {logging_mixin.py:137} INFO - [2023-05-10T17:37:13.211+0000] {manager.py:504} INFO - Created Permission View: can read on DAG:example_branch_datetime_operator
[2023-05-10T17:37:13.217+0000] {logging_mixin.py:137} INFO - [2023-05-10T17:37:13.217+0000] {manager.py:504} INFO - Created Permission View: can delete on DAG:example_branch_datetime_operator
[2023-05-10T17:37:13.224+0000] {logging_mixin.py:137} INFO - [2023-05-10T17:37:13.224+0000] {manager.py:504} INFO - Created Permission View: can edit on DAG:example_branch_datetime_operator_2
[2023-05-10T17:37:13.228+0000] {logging_mixin.py:137} INFO - [2023-05-10T17:37:13.228+0000] {manager.py:504} INFO - Created Permission View: can read on DAG:example_branch_datetime_operator_2
[2023-05-10T17:37:13.232+0000] {logging_mixin.py:137} INFO - [2023-05-10T17:37:13.232+0000] {manager.py:504} INFO - Created Permission View: can delete on DAG:example_branch_datetime_operator_2
[2023-05-10T17:37:13.232+0000] {logging_mixin.py:137} INFO - [2023-05-10T17:37:13.232+0000] {dag.py:2690} INFO - Sync 3 DAGs
[2023-05-10T17:37:13.240+0000] {logging_mixin.py:137} INFO - [2023-05-10T17:37:13.239+0000] {dag.py:2711} INFO - Creating ORM DAG for example_branch_datetime_operator
[2023-05-10T17:37:13.240+0000] {logging_mixin.py:137} INFO - [2023-05-10T17:37:13.240+0000] {dag.py:2711} INFO - Creating ORM DAG for example_branch_datetime_operator_3
[2023-05-10T17:37:13.241+0000] {logging_mixin.py:137} INFO - [2023-05-10T17:37:13.241+0000] {dag.py:2711} INFO - Creating ORM DAG for example_branch_datetime_operator_2
[2023-05-10T17:37:13.249+0000] {logging_mixin.py:137} INFO - [2023-05-10T17:37:13.249+0000] {dag.py:3441} INFO - Setting next_dagrun for example_branch_datetime_operator to 2023-05-09T00:00:00+00:00, run_after=2023-05-10T00:00:00+00:00
[2023-05-10T17:37:13.250+0000] {logging_mixin.py:137} INFO - [2023-05-10T17:37:13.250+0000] {dag.py:3441} INFO - Setting next_dagrun for example_branch_datetime_operator_2 to 2023-05-09T00:00:00+00:00, run_after=2023-05-10T00:00:00+00:00
[2023-05-10T17:37:13.251+0000] {logging_mixin.py:137} INFO - [2023-05-10T17:37:13.251+0000] {dag.py:3441} INFO - Setting next_dagrun for example_branch_datetime_operator_3 to 2023-05-09T00:00:00+00:00, run_after=2023-05-10T00:00:00+00:00
[2023-05-10T17:37:13.263+0000] {processor.py:175} INFO - Processing /home/airflow/.local/lib/python3.7/site-packages/airflow/example_dags/example_branch_datetime_operator.py took 0.155 seconds
[2023-05-10T17:37:43.982+0000] {processor.py:153} INFO - Started process (PID=126) to work on /home/airflow/.local/lib/python3.7/site-packages/airflow/example_dags/example_branch_datetime_operator.py
[2023-05-10T17:37:43.984+0000] {processor.py:743} INFO - Processing file /home/airflow/.local/lib/python3.7/site-packages/airflow/example_dags/example_branch_datetime_operator.py for tasks to queue
[2023-05-10T17:37:43.985+0000] {logging_mixin.py:137} INFO - [2023-05-10T17:37:43.985+0000] {dagbag.py:538} INFO - Filling up the DagBag from /home/airflow/.local/lib/python3.7/site-packages/airflow/example_dags/example_branch_datetime_operator.py
[2023-05-10T17:37:44.000+0000] {processor.py:753} INFO - DAG(s) dict_keys(['example_branch_datetime_operator_2', 'example_branch_datetime_operator', 'example_branch_datetime_operator_3']) retrieved from /home/airflow/.local/lib/python3.7/site-packages/airflow/example_dags/example_branch_datetime_operator.py
[2023-05-10T17:37:44.038+0000] {logging_mixin.py:137} INFO - [2023-05-10T17:37:44.038+0000] {dag.py:2690} INFO - Sync 3 DAGs
[2023-05-10T17:37:44.066+0000] {logging_mixin.py:137} INFO - [2023-05-10T17:37:44.066+0000] {dag.py:3441} INFO - Setting next_dagrun for example_branch_datetime_operator to 2023-05-09T00:00:00+00:00, run_after=2023-05-10T00:00:00+00:00
[2023-05-10T17:37:44.092+0000] {logging_mixin.py:137} INFO - [2023-05-10T17:37:44.092+0000] {dag.py:3441} INFO - Setting next_dagrun for example_branch_datetime_operator_2 to 2023-05-09T00:00:00+00:00, run_after=2023-05-10T00:00:00+00:00
[2023-05-10T17:37:44.098+0000] {logging_mixin.py:137} INFO - [2023-05-10T17:37:44.098+0000] {dag.py:3441} INFO - Setting next_dagrun for example_branch_datetime_operator_3 to 2023-05-09T00:00:00+00:00, run_after=2023-05-10T00:00:00+00:00
[2023-05-10T17:37:44.126+0000] {processor.py:175} INFO - Processing /home/airflow/.local/lib/python3.7/site-packages/airflow/example_dags/example_branch_datetime_operator.py took 0.147 seconds
[2023-05-10T17:38:15.279+0000] {processor.py:153} INFO - Started process (PID=199) to work on /home/airflow/.local/lib/python3.7/site-packages/airflow/example_dags/example_branch_datetime_operator.py
[2023-05-10T17:38:15.281+0000] {processor.py:743} INFO - Processing file /home/airflow/.local/lib/python3.7/site-packages/airflow/example_dags/example_branch_datetime_operator.py for tasks to queue
[2023-05-10T17:38:15.282+0000] {logging_mixin.py:137} INFO - [2023-05-10T17:38:15.282+0000] {dagbag.py:538} INFO - Filling up the DagBag from /home/airflow/.local/lib/python3.7/site-packages/airflow/example_dags/example_branch_datetime_operator.py
[2023-05-10T17:38:15.309+0000] {processor.py:753} INFO - DAG(s) dict_keys(['example_branch_datetime_operator_2', 'example_branch_datetime_operator', 'example_branch_datetime_operator_3']) retrieved from /home/airflow/.local/lib/python3.7/site-packages/airflow/example_dags/example_branch_datetime_operator.py
[2023-05-10T17:38:15.373+0000] {logging_mixin.py:137} INFO - [2023-05-10T17:38:15.372+0000] {dag.py:2690} INFO - Sync 3 DAGs
[2023-05-10T17:38:15.437+0000] {logging_mixin.py:137} INFO - [2023-05-10T17:38:15.437+0000] {dag.py:3441} INFO - Setting next_dagrun for example_branch_datetime_operator to 2023-05-09T00:00:00+00:00, run_after=2023-05-10T00:00:00+00:00
[2023-05-10T17:38:15.455+0000] {logging_mixin.py:137} INFO - [2023-05-10T17:38:15.455+0000] {dag.py:3441} INFO - Setting next_dagrun for example_branch_datetime_operator_2 to 2023-05-09T00:00:00+00:00, run_after=2023-05-10T00:00:00+00:00
[2023-05-10T17:38:15.464+0000] {logging_mixin.py:137} INFO - [2023-05-10T17:38:15.464+0000] {dag.py:3441} INFO - Setting next_dagrun for example_branch_datetime_operator_3 to 2023-05-09T00:00:00+00:00, run_after=2023-05-10T00:00:00+00:00
[2023-05-10T17:38:15.495+0000] {processor.py:175} INFO - Processing /home/airflow/.local/lib/python3.7/site-packages/airflow/example_dags/example_branch_datetime_operator.py took 0.222 seconds
[2023-05-10T17:38:46.059+0000] {processor.py:153} INFO - Started process (PID=266) to work on /home/airflow/.local/lib/python3.7/site-packages/airflow/example_dags/example_branch_datetime_operator.py
[2023-05-10T17:38:46.060+0000] {processor.py:743} INFO - Processing file /home/airflow/.local/lib/python3.7/site-packages/airflow/example_dags/example_branch_datetime_operator.py for tasks to queue
[2023-05-10T17:38:46.061+0000] {logging_mixin.py:137} INFO - [2023-05-10T17:38:46.061+0000] {dagbag.py:538} INFO - Filling up the DagBag from /home/airflow/.local/lib/python3.7/site-packages/airflow/example_dags/example_branch_datetime_operator.py
[2023-05-10T17:38:46.071+0000] {processor.py:753} INFO - DAG(s) dict_keys(['example_branch_datetime_operator', 'example_branch_datetime_operator_3', 'example_branch_datetime_operator_2']) retrieved from /home/airflow/.local/lib/python3.7/site-packages/airflow/example_dags/example_branch_datetime_operator.py
[2023-05-10T17:38:46.090+0000] {logging_mixin.py:137} INFO - [2023-05-10T17:38:46.090+0000] {dag.py:2690} INFO - Sync 3 DAGs
[2023-05-10T17:38:46.104+0000] {logging_mixin.py:137} INFO - [2023-05-10T17:38:46.104+0000] {dag.py:3441} INFO - Setting next_dagrun for example_branch_datetime_operator to 2023-05-09T00:00:00+00:00, run_after=2023-05-10T00:00:00+00:00
[2023-05-10T17:38:46.107+0000] {logging_mixin.py:137} INFO - [2023-05-10T17:38:46.106+0000] {dag.py:3441} INFO - Setting next_dagrun for example_branch_datetime_operator_2 to 2023-05-09T00:00:00+00:00, run_after=2023-05-10T00:00:00+00:00
[2023-05-10T17:38:46.108+0000] {logging_mixin.py:137} INFO - [2023-05-10T17:38:46.108+0000] {dag.py:3441} INFO - Setting next_dagrun for example_branch_datetime_operator_3 to 2023-05-09T00:00:00+00:00, run_after=2023-05-10T00:00:00+00:00
[2023-05-10T17:38:46.116+0000] {processor.py:175} INFO - Processing /home/airflow/.local/lib/python3.7/site-packages/airflow/example_dags/example_branch_datetime_operator.py took 0.059 seconds
[2023-05-10T17:39:17.066+0000] {processor.py:153} INFO - Started process (PID=342) to work on /home/airflow/.local/lib/python3.7/site-packages/airflow/example_dags/example_branch_datetime_operator.py
[2023-05-10T17:39:17.068+0000] {processor.py:743} INFO - Processing file /home/airflow/.local/lib/python3.7/site-packages/airflow/example_dags/example_branch_datetime_operator.py for tasks to queue
[2023-05-10T17:39:17.069+0000] {logging_mixin.py:137} INFO - [2023-05-10T17:39:17.069+0000] {dagbag.py:538} INFO - Filling up the DagBag from /home/airflow/.local/lib/python3.7/site-packages/airflow/example_dags/example_branch_datetime_operator.py
[2023-05-10T17:39:17.080+0000] {processor.py:753} INFO - DAG(s) dict_keys(['example_branch_datetime_operator_2', 'example_branch_datetime_operator', 'example_branch_datetime_operator_3']) retrieved from /home/airflow/.local/lib/python3.7/site-packages/airflow/example_dags/example_branch_datetime_operator.py
[2023-05-10T17:39:17.099+0000] {logging_mixin.py:137} INFO - [2023-05-10T17:39:17.099+0000] {dag.py:2690} INFO - Sync 3 DAGs
[2023-05-10T17:39:17.113+0000] {logging_mixin.py:137} INFO - [2023-05-10T17:39:17.113+0000] {dag.py:3441} INFO - Setting next_dagrun for example_branch_datetime_operator to 2023-05-09T00:00:00+00:00, run_after=2023-05-10T00:00:00+00:00
[2023-05-10T17:39:17.116+0000] {logging_mixin.py:137} INFO - [2023-05-10T17:39:17.115+0000] {dag.py:3441} INFO - Setting next_dagrun for example_branch_datetime_operator_2 to 2023-05-09T00:00:00+00:00, run_after=2023-05-10T00:00:00+00:00
[2023-05-10T17:39:17.117+0000] {logging_mixin.py:137} INFO - [2023-05-10T17:39:17.117+0000] {dag.py:3441} INFO - Setting next_dagrun for example_branch_datetime_operator_3 to 2023-05-09T00:00:00+00:00, run_after=2023-05-10T00:00:00+00:00
[2023-05-10T17:39:17.125+0000] {processor.py:175} INFO - Processing /home/airflow/.local/lib/python3.7/site-packages/airflow/example_dags/example_branch_datetime_operator.py took 0.061 seconds
[2023-05-10T17:39:48.036+0000] {processor.py:153} INFO - Started process (PID=416) to work on /home/airflow/.local/lib/python3.7/site-packages/airflow/example_dags/example_branch_datetime_operator.py
[2023-05-10T17:39:48.037+0000] {processor.py:743} INFO - Processing file /home/airflow/.local/lib/python3.7/site-packages/airflow/example_dags/example_branch_datetime_operator.py for tasks to queue
[2023-05-10T17:39:48.038+0000] {logging_mixin.py:137} INFO - [2023-05-10T17:39:48.038+0000] {dagbag.py:538} INFO - Filling up the DagBag from /home/airflow/.local/lib/python3.7/site-packages/airflow/example_dags/example_branch_datetime_operator.py
[2023-05-10T17:39:48.048+0000] {processor.py:753} INFO - DAG(s) dict_keys(['example_branch_datetime_operator_3', 'example_branch_datetime_operator', 'example_branch_datetime_operator_2']) retrieved from /home/airflow/.local/lib/python3.7/site-packages/airflow/example_dags/example_branch_datetime_operator.py
[2023-05-10T17:39:48.067+0000] {logging_mixin.py:137} INFO - [2023-05-10T17:39:48.067+0000] {dag.py:2690} INFO - Sync 3 DAGs
[2023-05-10T17:39:48.080+0000] {logging_mixin.py:137} INFO - [2023-05-10T17:39:48.080+0000] {dag.py:3441} INFO - Setting next_dagrun for example_branch_datetime_operator to 2023-05-09T00:00:00+00:00, run_after=2023-05-10T00:00:00+00:00
[2023-05-10T17:39:48.083+0000] {logging_mixin.py:137} INFO - [2023-05-10T17:39:48.083+0000] {dag.py:3441} INFO - Setting next_dagrun for example_branch_datetime_operator_2 to 2023-05-09T00:00:00+00:00, run_after=2023-05-10T00:00:00+00:00
[2023-05-10T17:39:48.084+0000] {logging_mixin.py:137} INFO - [2023-05-10T17:39:48.084+0000] {dag.py:3441} INFO - Setting next_dagrun for example_branch_datetime_operator_3 to 2023-05-09T00:00:00+00:00, run_after=2023-05-10T00:00:00+00:00
[2023-05-10T17:39:48.092+0000] {processor.py:175} INFO - Processing /home/airflow/.local/lib/python3.7/site-packages/airflow/example_dags/example_branch_datetime_operator.py took 0.058 seconds
[2023-05-10T17:40:18.925+0000] {processor.py:153} INFO - Started process (PID=493) to work on /home/airflow/.local/lib/python3.7/site-packages/airflow/example_dags/example_branch_datetime_operator.py
[2023-05-10T17:40:18.925+0000] {processor.py:743} INFO - Processing file /home/airflow/.local/lib/python3.7/site-packages/airflow/example_dags/example_branch_datetime_operator.py for tasks to queue
[2023-05-10T17:40:18.926+0000] {logging_mixin.py:137} INFO - [2023-05-10T17:40:18.926+0000] {dagbag.py:538} INFO - Filling up the DagBag from /home/airflow/.local/lib/python3.7/site-packages/airflow/example_dags/example_branch_datetime_operator.py
[2023-05-10T17:40:18.936+0000] {processor.py:753} INFO - DAG(s) dict_keys(['example_branch_datetime_operator_3', 'example_branch_datetime_operator', 'example_branch_datetime_operator_2']) retrieved from /home/airflow/.local/lib/python3.7/site-packages/airflow/example_dags/example_branch_datetime_operator.py
[2023-05-10T17:40:18.955+0000] {logging_mixin.py:137} INFO - [2023-05-10T17:40:18.955+0000] {dag.py:2690} INFO - Sync 3 DAGs
[2023-05-10T17:40:18.969+0000] {logging_mixin.py:137} INFO - [2023-05-10T17:40:18.969+0000] {dag.py:3441} INFO - Setting next_dagrun for example_branch_datetime_operator to 2023-05-09T00:00:00+00:00, run_after=2023-05-10T00:00:00+00:00
[2023-05-10T17:40:18.972+0000] {logging_mixin.py:137} INFO - [2023-05-10T17:40:18.972+0000] {dag.py:3441} INFO - Setting next_dagrun for example_branch_datetime_operator_2 to 2023-05-09T00:00:00+00:00, run_after=2023-05-10T00:00:00+00:00
[2023-05-10T17:40:18.973+0000] {logging_mixin.py:137} INFO - [2023-05-10T17:40:18.973+0000] {dag.py:3441} INFO - Setting next_dagrun for example_branch_datetime_operator_3 to 2023-05-09T00:00:00+00:00, run_after=2023-05-10T00:00:00+00:00
[2023-05-10T17:40:18.988+0000] {processor.py:175} INFO - Processing /home/airflow/.local/lib/python3.7/site-packages/airflow/example_dags/example_branch_datetime_operator.py took 0.066 seconds
[2023-05-10T17:40:49.838+0000] {processor.py:153} INFO - Started process (PID=556) to work on /home/airflow/.local/lib/python3.7/site-packages/airflow/example_dags/example_branch_datetime_operator.py
[2023-05-10T17:40:49.839+0000] {processor.py:743} INFO - Processing file /home/airflow/.local/lib/python3.7/site-packages/airflow/example_dags/example_branch_datetime_operator.py for tasks to queue
[2023-05-10T17:40:49.839+0000] {logging_mixin.py:137} INFO - [2023-05-10T17:40:49.839+0000] {dagbag.py:538} INFO - Filling up the DagBag from /home/airflow/.local/lib/python3.7/site-packages/airflow/example_dags/example_branch_datetime_operator.py
[2023-05-10T17:40:49.850+0000] {processor.py:753} INFO - DAG(s) dict_keys(['example_branch_datetime_operator', 'example_branch_datetime_operator_2', 'example_branch_datetime_operator_3']) retrieved from /home/airflow/.local/lib/python3.7/site-packages/airflow/example_dags/example_branch_datetime_operator.py
[2023-05-10T17:40:49.869+0000] {logging_mixin.py:137} INFO - [2023-05-10T17:40:49.869+0000] {dag.py:2690} INFO - Sync 3 DAGs
[2023-05-10T17:40:49.882+0000] {logging_mixin.py:137} INFO - [2023-05-10T17:40:49.882+0000] {dag.py:3441} INFO - Setting next_dagrun for example_branch_datetime_operator to 2023-05-09T00:00:00+00:00, run_after=2023-05-10T00:00:00+00:00
[2023-05-10T17:40:49.885+0000] {logging_mixin.py:137} INFO - [2023-05-10T17:40:49.885+0000] {dag.py:3441} INFO - Setting next_dagrun for example_branch_datetime_operator_2 to 2023-05-09T00:00:00+00:00, run_after=2023-05-10T00:00:00+00:00
[2023-05-10T17:40:49.886+0000] {logging_mixin.py:137} INFO - [2023-05-10T17:40:49.886+0000] {dag.py:3441} INFO - Setting next_dagrun for example_branch_datetime_operator_3 to 2023-05-09T00:00:00+00:00, run_after=2023-05-10T00:00:00+00:00
[2023-05-10T17:40:49.894+0000] {processor.py:175} INFO - Processing /home/airflow/.local/lib/python3.7/site-packages/airflow/example_dags/example_branch_datetime_operator.py took 0.058 seconds
[2023-05-10T17:41:20.010+0000] {processor.py:153} INFO - Started process (PID=633) to work on /home/airflow/.local/lib/python3.7/site-packages/airflow/example_dags/example_branch_datetime_operator.py
[2023-05-10T17:41:20.011+0000] {processor.py:743} INFO - Processing file /home/airflow/.local/lib/python3.7/site-packages/airflow/example_dags/example_branch_datetime_operator.py for tasks to queue
[2023-05-10T17:41:20.012+0000] {logging_mixin.py:137} INFO - [2023-05-10T17:41:20.011+0000] {dagbag.py:538} INFO - Filling up the DagBag from /home/airflow/.local/lib/python3.7/site-packages/airflow/example_dags/example_branch_datetime_operator.py
[2023-05-10T17:41:20.021+0000] {processor.py:753} INFO - DAG(s) dict_keys(['example_branch_datetime_operator_2', 'example_branch_datetime_operator_3', 'example_branch_datetime_operator']) retrieved from /home/airflow/.local/lib/python3.7/site-packages/airflow/example_dags/example_branch_datetime_operator.py
[2023-05-10T17:41:20.041+0000] {logging_mixin.py:137} INFO - [2023-05-10T17:41:20.041+0000] {dag.py:2690} INFO - Sync 3 DAGs
[2023-05-10T17:41:20.054+0000] {logging_mixin.py:137} INFO - [2023-05-10T17:41:20.054+0000] {dag.py:3441} INFO - Setting next_dagrun for example_branch_datetime_operator to 2023-05-09T00:00:00+00:00, run_after=2023-05-10T00:00:00+00:00
[2023-05-10T17:41:20.057+0000] {logging_mixin.py:137} INFO - [2023-05-10T17:41:20.057+0000] {dag.py:3441} INFO - Setting next_dagrun for example_branch_datetime_operator_2 to 2023-05-09T00:00:00+00:00, run_after=2023-05-10T00:00:00+00:00
[2023-05-10T17:41:20.059+0000] {logging_mixin.py:137} INFO - [2023-05-10T17:41:20.058+0000] {dag.py:3441} INFO - Setting next_dagrun for example_branch_datetime_operator_3 to 2023-05-09T00:00:00+00:00, run_after=2023-05-10T00:00:00+00:00
[2023-05-10T17:41:20.067+0000] {processor.py:175} INFO - Processing /home/airflow/.local/lib/python3.7/site-packages/airflow/example_dags/example_branch_datetime_operator.py took 0.058 seconds
[2023-05-10T17:56:36.666+0000] {processor.py:153} INFO - Started process (PID=684) to work on /home/airflow/.local/lib/python3.7/site-packages/airflow/example_dags/example_branch_datetime_operator.py
[2023-05-10T17:56:36.668+0000] {processor.py:743} INFO - Processing file /home/airflow/.local/lib/python3.7/site-packages/airflow/example_dags/example_branch_datetime_operator.py for tasks to queue
[2023-05-10T17:56:36.670+0000] {logging_mixin.py:137} INFO - [2023-05-10T17:56:36.670+0000] {dagbag.py:538} INFO - Filling up the DagBag from /home/airflow/.local/lib/python3.7/site-packages/airflow/example_dags/example_branch_datetime_operator.py
[2023-05-10T17:56:36.685+0000] {processor.py:753} INFO - DAG(s) dict_keys(['example_branch_datetime_operator_3', 'example_branch_datetime_operator', 'example_branch_datetime_operator_2']) retrieved from /home/airflow/.local/lib/python3.7/site-packages/airflow/example_dags/example_branch_datetime_operator.py
[2023-05-10T17:56:36.712+0000] {logging_mixin.py:137} INFO - [2023-05-10T17:56:36.712+0000] {dag.py:2690} INFO - Sync 3 DAGs
[2023-05-10T17:56:36.733+0000] {logging_mixin.py:137} INFO - [2023-05-10T17:56:36.733+0000] {dag.py:3441} INFO - Setting next_dagrun for example_branch_datetime_operator to 2023-05-09T00:00:00+00:00, run_after=2023-05-10T00:00:00+00:00
[2023-05-10T17:56:36.737+0000] {logging_mixin.py:137} INFO - [2023-05-10T17:56:36.737+0000] {dag.py:3441} INFO - Setting next_dagrun for example_branch_datetime_operator_2 to 2023-05-09T00:00:00+00:00, run_after=2023-05-10T00:00:00+00:00
[2023-05-10T17:56:36.739+0000] {logging_mixin.py:137} INFO - [2023-05-10T17:56:36.739+0000] {dag.py:3441} INFO - Setting next_dagrun for example_branch_datetime_operator_3 to 2023-05-09T00:00:00+00:00, run_after=2023-05-10T00:00:00+00:00
[2023-05-10T17:56:36.753+0000] {processor.py:175} INFO - Processing /home/airflow/.local/lib/python3.7/site-packages/airflow/example_dags/example_branch_datetime_operator.py took 0.101 seconds
[2023-05-10T18:14:19.210+0000] {processor.py:153} INFO - Started process (PID=760) to work on /home/airflow/.local/lib/python3.7/site-packages/airflow/example_dags/example_branch_datetime_operator.py
[2023-05-10T18:14:19.211+0000] {processor.py:743} INFO - Processing file /home/airflow/.local/lib/python3.7/site-packages/airflow/example_dags/example_branch_datetime_operator.py for tasks to queue
[2023-05-10T18:14:19.212+0000] {logging_mixin.py:137} INFO - [2023-05-10T18:14:19.212+0000] {dagbag.py:538} INFO - Filling up the DagBag from /home/airflow/.local/lib/python3.7/site-packages/airflow/example_dags/example_branch_datetime_operator.py
[2023-05-10T18:14:19.223+0000] {processor.py:753} INFO - DAG(s) dict_keys(['example_branch_datetime_operator_2', 'example_branch_datetime_operator', 'example_branch_datetime_operator_3']) retrieved from /home/airflow/.local/lib/python3.7/site-packages/airflow/example_dags/example_branch_datetime_operator.py
[2023-05-10T18:14:19.243+0000] {logging_mixin.py:137} INFO - [2023-05-10T18:14:19.243+0000] {dag.py:2690} INFO - Sync 3 DAGs
[2023-05-10T18:14:19.259+0000] {logging_mixin.py:137} INFO - [2023-05-10T18:14:19.259+0000] {dag.py:3441} INFO - Setting next_dagrun for example_branch_datetime_operator to 2023-05-09T00:00:00+00:00, run_after=2023-05-10T00:00:00+00:00
[2023-05-10T18:14:19.262+0000] {logging_mixin.py:137} INFO - [2023-05-10T18:14:19.262+0000] {dag.py:3441} INFO - Setting next_dagrun for example_branch_datetime_operator_2 to 2023-05-09T00:00:00+00:00, run_after=2023-05-10T00:00:00+00:00
[2023-05-10T18:14:19.264+0000] {logging_mixin.py:137} INFO - [2023-05-10T18:14:19.264+0000] {dag.py:3441} INFO - Setting next_dagrun for example_branch_datetime_operator_3 to 2023-05-09T00:00:00+00:00, run_after=2023-05-10T00:00:00+00:00
[2023-05-10T18:14:19.273+0000] {processor.py:175} INFO - Processing /home/airflow/.local/lib/python3.7/site-packages/airflow/example_dags/example_branch_datetime_operator.py took 0.065 seconds
[2023-05-10T18:14:49.821+0000] {processor.py:153} INFO - Started process (PID=823) to work on /home/airflow/.local/lib/python3.7/site-packages/airflow/example_dags/example_branch_datetime_operator.py
[2023-05-10T18:14:49.822+0000] {processor.py:743} INFO - Processing file /home/airflow/.local/lib/python3.7/site-packages/airflow/example_dags/example_branch_datetime_operator.py for tasks to queue
[2023-05-10T18:14:49.823+0000] {logging_mixin.py:137} INFO - [2023-05-10T18:14:49.823+0000] {dagbag.py:538} INFO - Filling up the DagBag from /home/airflow/.local/lib/python3.7/site-packages/airflow/example_dags/example_branch_datetime_operator.py
[2023-05-10T18:14:49.833+0000] {processor.py:753} INFO - DAG(s) dict_keys(['example_branch_datetime_operator', 'example_branch_datetime_operator_2', 'example_branch_datetime_operator_3']) retrieved from /home/airflow/.local/lib/python3.7/site-packages/airflow/example_dags/example_branch_datetime_operator.py
[2023-05-10T18:14:49.852+0000] {logging_mixin.py:137} INFO - [2023-05-10T18:14:49.852+0000] {dag.py:2690} INFO - Sync 3 DAGs
[2023-05-10T18:14:49.866+0000] {logging_mixin.py:137} INFO - [2023-05-10T18:14:49.866+0000] {dag.py:3441} INFO - Setting next_dagrun for example_branch_datetime_operator to 2023-05-09T00:00:00+00:00, run_after=2023-05-10T00:00:00+00:00
[2023-05-10T18:14:49.869+0000] {logging_mixin.py:137} INFO - [2023-05-10T18:14:49.869+0000] {dag.py:3441} INFO - Setting next_dagrun for example_branch_datetime_operator_2 to 2023-05-09T00:00:00+00:00, run_after=2023-05-10T00:00:00+00:00
[2023-05-10T18:14:49.870+0000] {logging_mixin.py:137} INFO - [2023-05-10T18:14:49.870+0000] {dag.py:3441} INFO - Setting next_dagrun for example_branch_datetime_operator_3 to 2023-05-09T00:00:00+00:00, run_after=2023-05-10T00:00:00+00:00
[2023-05-10T18:14:49.878+0000] {processor.py:175} INFO - Processing /home/airflow/.local/lib/python3.7/site-packages/airflow/example_dags/example_branch_datetime_operator.py took 0.059 seconds
[2023-05-10T18:30:29.571+0000] {processor.py:153} INFO - Started process (PID=900) to work on /home/airflow/.local/lib/python3.7/site-packages/airflow/example_dags/example_branch_datetime_operator.py
[2023-05-10T18:30:29.577+0000] {processor.py:743} INFO - Processing file /home/airflow/.local/lib/python3.7/site-packages/airflow/example_dags/example_branch_datetime_operator.py for tasks to queue
[2023-05-10T18:30:29.578+0000] {logging_mixin.py:137} INFO - [2023-05-10T18:30:29.578+0000] {dagbag.py:538} INFO - Filling up the DagBag from /home/airflow/.local/lib/python3.7/site-packages/airflow/example_dags/example_branch_datetime_operator.py
[2023-05-10T18:30:29.608+0000] {processor.py:753} INFO - DAG(s) dict_keys(['example_branch_datetime_operator', 'example_branch_datetime_operator_2', 'example_branch_datetime_operator_3']) retrieved from /home/airflow/.local/lib/python3.7/site-packages/airflow/example_dags/example_branch_datetime_operator.py
[2023-05-10T18:30:29.647+0000] {logging_mixin.py:137} INFO - [2023-05-10T18:30:29.647+0000] {dag.py:2690} INFO - Sync 3 DAGs
[2023-05-10T18:30:29.673+0000] {logging_mixin.py:137} INFO - [2023-05-10T18:30:29.673+0000] {dag.py:3441} INFO - Setting next_dagrun for example_branch_datetime_operator to 2023-05-09T00:00:00+00:00, run_after=2023-05-10T00:00:00+00:00
[2023-05-10T18:30:29.681+0000] {logging_mixin.py:137} INFO - [2023-05-10T18:30:29.680+0000] {dag.py:3441} INFO - Setting next_dagrun for example_branch_datetime_operator_2 to 2023-05-09T00:00:00+00:00, run_after=2023-05-10T00:00:00+00:00
[2023-05-10T18:30:29.683+0000] {logging_mixin.py:137} INFO - [2023-05-10T18:30:29.683+0000] {dag.py:3441} INFO - Setting next_dagrun for example_branch_datetime_operator_3 to 2023-05-09T00:00:00+00:00, run_after=2023-05-10T00:00:00+00:00
[2023-05-10T18:30:29.700+0000] {processor.py:175} INFO - Processing /home/airflow/.local/lib/python3.7/site-packages/airflow/example_dags/example_branch_datetime_operator.py took 0.138 seconds
[2023-05-10T18:31:00.579+0000] {processor.py:153} INFO - Started process (PID=976) to work on /home/airflow/.local/lib/python3.7/site-packages/airflow/example_dags/example_branch_datetime_operator.py
[2023-05-10T18:31:00.580+0000] {processor.py:743} INFO - Processing file /home/airflow/.local/lib/python3.7/site-packages/airflow/example_dags/example_branch_datetime_operator.py for tasks to queue
[2023-05-10T18:31:00.581+0000] {logging_mixin.py:137} INFO - [2023-05-10T18:31:00.580+0000] {dagbag.py:538} INFO - Filling up the DagBag from /home/airflow/.local/lib/python3.7/site-packages/airflow/example_dags/example_branch_datetime_operator.py
[2023-05-10T18:31:00.590+0000] {processor.py:753} INFO - DAG(s) dict_keys(['example_branch_datetime_operator', 'example_branch_datetime_operator_2', 'example_branch_datetime_operator_3']) retrieved from /home/airflow/.local/lib/python3.7/site-packages/airflow/example_dags/example_branch_datetime_operator.py
[2023-05-10T18:31:00.609+0000] {logging_mixin.py:137} INFO - [2023-05-10T18:31:00.609+0000] {dag.py:2690} INFO - Sync 3 DAGs
[2023-05-10T18:31:00.623+0000] {logging_mixin.py:137} INFO - [2023-05-10T18:31:00.623+0000] {dag.py:3441} INFO - Setting next_dagrun for example_branch_datetime_operator to 2023-05-09T00:00:00+00:00, run_after=2023-05-10T00:00:00+00:00
[2023-05-10T18:31:00.626+0000] {logging_mixin.py:137} INFO - [2023-05-10T18:31:00.626+0000] {dag.py:3441} INFO - Setting next_dagrun for example_branch_datetime_operator_2 to 2023-05-09T00:00:00+00:00, run_after=2023-05-10T00:00:00+00:00
[2023-05-10T18:31:00.627+0000] {logging_mixin.py:137} INFO - [2023-05-10T18:31:00.627+0000] {dag.py:3441} INFO - Setting next_dagrun for example_branch_datetime_operator_3 to 2023-05-09T00:00:00+00:00, run_after=2023-05-10T00:00:00+00:00
[2023-05-10T18:31:00.635+0000] {processor.py:175} INFO - Processing /home/airflow/.local/lib/python3.7/site-packages/airflow/example_dags/example_branch_datetime_operator.py took 0.058 seconds
[2023-05-10T18:47:37.051+0000] {processor.py:153} INFO - Started process (PID=1040) to work on /home/airflow/.local/lib/python3.7/site-packages/airflow/example_dags/example_branch_datetime_operator.py
[2023-05-10T18:47:37.054+0000] {processor.py:743} INFO - Processing file /home/airflow/.local/lib/python3.7/site-packages/airflow/example_dags/example_branch_datetime_operator.py for tasks to queue
[2023-05-10T18:47:37.054+0000] {logging_mixin.py:137} INFO - [2023-05-10T18:47:37.054+0000] {dagbag.py:538} INFO - Filling up the DagBag from /home/airflow/.local/lib/python3.7/site-packages/airflow/example_dags/example_branch_datetime_operator.py
[2023-05-10T18:47:37.064+0000] {processor.py:753} INFO - DAG(s) dict_keys(['example_branch_datetime_operator', 'example_branch_datetime_operator_3', 'example_branch_datetime_operator_2']) retrieved from /home/airflow/.local/lib/python3.7/site-packages/airflow/example_dags/example_branch_datetime_operator.py
[2023-05-10T18:47:37.084+0000] {logging_mixin.py:137} INFO - [2023-05-10T18:47:37.084+0000] {dag.py:2690} INFO - Sync 3 DAGs
[2023-05-10T18:47:37.098+0000] {logging_mixin.py:137} INFO - [2023-05-10T18:47:37.097+0000] {dag.py:3441} INFO - Setting next_dagrun for example_branch_datetime_operator to 2023-05-09T00:00:00+00:00, run_after=2023-05-10T00:00:00+00:00
[2023-05-10T18:47:37.100+0000] {logging_mixin.py:137} INFO - [2023-05-10T18:47:37.100+0000] {dag.py:3441} INFO - Setting next_dagrun for example_branch_datetime_operator_2 to 2023-05-09T00:00:00+00:00, run_after=2023-05-10T00:00:00+00:00
[2023-05-10T18:47:37.101+0000] {logging_mixin.py:137} INFO - [2023-05-10T18:47:37.101+0000] {dag.py:3441} INFO - Setting next_dagrun for example_branch_datetime_operator_3 to 2023-05-09T00:00:00+00:00, run_after=2023-05-10T00:00:00+00:00
[2023-05-10T18:47:37.109+0000] {processor.py:175} INFO - Processing /home/airflow/.local/lib/python3.7/site-packages/airflow/example_dags/example_branch_datetime_operator.py took 0.060 seconds
[2023-05-10T18:48:07.898+0000] {processor.py:153} INFO - Started process (PID=1115) to work on /home/airflow/.local/lib/python3.7/site-packages/airflow/example_dags/example_branch_datetime_operator.py
[2023-05-10T18:48:07.899+0000] {processor.py:743} INFO - Processing file /home/airflow/.local/lib/python3.7/site-packages/airflow/example_dags/example_branch_datetime_operator.py for tasks to queue
[2023-05-10T18:48:07.899+0000] {logging_mixin.py:137} INFO - [2023-05-10T18:48:07.899+0000] {dagbag.py:538} INFO - Filling up the DagBag from /home/airflow/.local/lib/python3.7/site-packages/airflow/example_dags/example_branch_datetime_operator.py
[2023-05-10T18:48:07.910+0000] {processor.py:753} INFO - DAG(s) dict_keys(['example_branch_datetime_operator_2', 'example_branch_datetime_operator_3', 'example_branch_datetime_operator']) retrieved from /home/airflow/.local/lib/python3.7/site-packages/airflow/example_dags/example_branch_datetime_operator.py
[2023-05-10T18:48:07.930+0000] {logging_mixin.py:137} INFO - [2023-05-10T18:48:07.930+0000] {dag.py:2690} INFO - Sync 3 DAGs
[2023-05-10T18:48:07.944+0000] {logging_mixin.py:137} INFO - [2023-05-10T18:48:07.944+0000] {dag.py:3441} INFO - Setting next_dagrun for example_branch_datetime_operator to 2023-05-09T00:00:00+00:00, run_after=2023-05-10T00:00:00+00:00
[2023-05-10T18:48:07.946+0000] {logging_mixin.py:137} INFO - [2023-05-10T18:48:07.946+0000] {dag.py:3441} INFO - Setting next_dagrun for example_branch_datetime_operator_2 to 2023-05-09T00:00:00+00:00, run_after=2023-05-10T00:00:00+00:00
[2023-05-10T18:48:07.948+0000] {logging_mixin.py:137} INFO - [2023-05-10T18:48:07.948+0000] {dag.py:3441} INFO - Setting next_dagrun for example_branch_datetime_operator_3 to 2023-05-09T00:00:00+00:00, run_after=2023-05-10T00:00:00+00:00
[2023-05-10T18:48:07.955+0000] {processor.py:175} INFO - Processing /home/airflow/.local/lib/python3.7/site-packages/airflow/example_dags/example_branch_datetime_operator.py took 0.060 seconds
[2023-05-10T18:49:23.077+0000] {processor.py:153} INFO - Started process (PID=1190) to work on /home/airflow/.local/lib/python3.7/site-packages/airflow/example_dags/example_branch_datetime_operator.py
[2023-05-10T18:49:23.078+0000] {processor.py:743} INFO - Processing file /home/airflow/.local/lib/python3.7/site-packages/airflow/example_dags/example_branch_datetime_operator.py for tasks to queue
[2023-05-10T18:49:23.078+0000] {logging_mixin.py:137} INFO - [2023-05-10T18:49:23.078+0000] {dagbag.py:538} INFO - Filling up the DagBag from /home/airflow/.local/lib/python3.7/site-packages/airflow/example_dags/example_branch_datetime_operator.py
[2023-05-10T18:49:23.089+0000] {processor.py:753} INFO - DAG(s) dict_keys(['example_branch_datetime_operator_3', 'example_branch_datetime_operator', 'example_branch_datetime_operator_2']) retrieved from /home/airflow/.local/lib/python3.7/site-packages/airflow/example_dags/example_branch_datetime_operator.py
[2023-05-10T18:49:23.109+0000] {logging_mixin.py:137} INFO - [2023-05-10T18:49:23.109+0000] {dag.py:2690} INFO - Sync 3 DAGs
[2023-05-10T18:49:23.123+0000] {logging_mixin.py:137} INFO - [2023-05-10T18:49:23.122+0000] {dag.py:3441} INFO - Setting next_dagrun for example_branch_datetime_operator to 2023-05-09T00:00:00+00:00, run_after=2023-05-10T00:00:00+00:00
[2023-05-10T18:49:23.126+0000] {logging_mixin.py:137} INFO - [2023-05-10T18:49:23.126+0000] {dag.py:3441} INFO - Setting next_dagrun for example_branch_datetime_operator_2 to 2023-05-09T00:00:00+00:00, run_after=2023-05-10T00:00:00+00:00
[2023-05-10T18:49:23.127+0000] {logging_mixin.py:137} INFO - [2023-05-10T18:49:23.127+0000] {dag.py:3441} INFO - Setting next_dagrun for example_branch_datetime_operator_3 to 2023-05-09T00:00:00+00:00, run_after=2023-05-10T00:00:00+00:00
[2023-05-10T18:49:23.135+0000] {processor.py:175} INFO - Processing /home/airflow/.local/lib/python3.7/site-packages/airflow/example_dags/example_branch_datetime_operator.py took 0.060 seconds
[2023-05-10T18:49:53.766+0000] {processor.py:153} INFO - Started process (PID=1254) to work on /home/airflow/.local/lib/python3.7/site-packages/airflow/example_dags/example_branch_datetime_operator.py
[2023-05-10T18:49:53.767+0000] {processor.py:743} INFO - Processing file /home/airflow/.local/lib/python3.7/site-packages/airflow/example_dags/example_branch_datetime_operator.py for tasks to queue
[2023-05-10T18:49:53.767+0000] {logging_mixin.py:137} INFO - [2023-05-10T18:49:53.767+0000] {dagbag.py:538} INFO - Filling up the DagBag from /home/airflow/.local/lib/python3.7/site-packages/airflow/example_dags/example_branch_datetime_operator.py
[2023-05-10T18:49:53.778+0000] {processor.py:753} INFO - DAG(s) dict_keys(['example_branch_datetime_operator', 'example_branch_datetime_operator_3', 'example_branch_datetime_operator_2']) retrieved from /home/airflow/.local/lib/python3.7/site-packages/airflow/example_dags/example_branch_datetime_operator.py
[2023-05-10T18:49:53.798+0000] {logging_mixin.py:137} INFO - [2023-05-10T18:49:53.798+0000] {dag.py:2690} INFO - Sync 3 DAGs
[2023-05-10T18:49:53.813+0000] {logging_mixin.py:137} INFO - [2023-05-10T18:49:53.813+0000] {dag.py:3441} INFO - Setting next_dagrun for example_branch_datetime_operator to 2023-05-09T00:00:00+00:00, run_after=2023-05-10T00:00:00+00:00
[2023-05-10T18:49:53.815+0000] {logging_mixin.py:137} INFO - [2023-05-10T18:49:53.815+0000] {dag.py:3441} INFO - Setting next_dagrun for example_branch_datetime_operator_2 to 2023-05-09T00:00:00+00:00, run_after=2023-05-10T00:00:00+00:00
[2023-05-10T18:49:53.816+0000] {logging_mixin.py:137} INFO - [2023-05-10T18:49:53.816+0000] {dag.py:3441} INFO - Setting next_dagrun for example_branch_datetime_operator_3 to 2023-05-09T00:00:00+00:00, run_after=2023-05-10T00:00:00+00:00
[2023-05-10T18:49:53.824+0000] {processor.py:175} INFO - Processing /home/airflow/.local/lib/python3.7/site-packages/airflow/example_dags/example_branch_datetime_operator.py took 0.061 seconds
[2023-05-10T18:50:24.572+0000] {processor.py:153} INFO - Started process (PID=1329) to work on /home/airflow/.local/lib/python3.7/site-packages/airflow/example_dags/example_branch_datetime_operator.py
[2023-05-10T18:50:24.572+0000] {processor.py:743} INFO - Processing file /home/airflow/.local/lib/python3.7/site-packages/airflow/example_dags/example_branch_datetime_operator.py for tasks to queue
[2023-05-10T18:50:24.574+0000] {logging_mixin.py:137} INFO - [2023-05-10T18:50:24.574+0000] {dagbag.py:538} INFO - Filling up the DagBag from /home/airflow/.local/lib/python3.7/site-packages/airflow/example_dags/example_branch_datetime_operator.py
[2023-05-10T18:50:24.584+0000] {processor.py:753} INFO - DAG(s) dict_keys(['example_branch_datetime_operator_3', 'example_branch_datetime_operator_2', 'example_branch_datetime_operator']) retrieved from /home/airflow/.local/lib/python3.7/site-packages/airflow/example_dags/example_branch_datetime_operator.py
[2023-05-10T18:50:24.606+0000] {logging_mixin.py:137} INFO - [2023-05-10T18:50:24.606+0000] {dag.py:2690} INFO - Sync 3 DAGs
[2023-05-10T18:50:24.621+0000] {logging_mixin.py:137} INFO - [2023-05-10T18:50:24.621+0000] {dag.py:3441} INFO - Setting next_dagrun for example_branch_datetime_operator to 2023-05-09T00:00:00+00:00, run_after=2023-05-10T00:00:00+00:00
[2023-05-10T18:50:24.623+0000] {logging_mixin.py:137} INFO - [2023-05-10T18:50:24.623+0000] {dag.py:3441} INFO - Setting next_dagrun for example_branch_datetime_operator_2 to 2023-05-09T00:00:00+00:00, run_after=2023-05-10T00:00:00+00:00
[2023-05-10T18:50:24.625+0000] {logging_mixin.py:137} INFO - [2023-05-10T18:50:24.625+0000] {dag.py:3441} INFO - Setting next_dagrun for example_branch_datetime_operator_3 to 2023-05-09T00:00:00+00:00, run_after=2023-05-10T00:00:00+00:00
[2023-05-10T18:50:24.633+0000] {processor.py:175} INFO - Processing /home/airflow/.local/lib/python3.7/site-packages/airflow/example_dags/example_branch_datetime_operator.py took 0.064 seconds
[2023-05-10T18:50:55.403+0000] {processor.py:153} INFO - Started process (PID=1402) to work on /home/airflow/.local/lib/python3.7/site-packages/airflow/example_dags/example_branch_datetime_operator.py
[2023-05-10T18:50:55.404+0000] {processor.py:743} INFO - Processing file /home/airflow/.local/lib/python3.7/site-packages/airflow/example_dags/example_branch_datetime_operator.py for tasks to queue
[2023-05-10T18:50:55.405+0000] {logging_mixin.py:137} INFO - [2023-05-10T18:50:55.405+0000] {dagbag.py:538} INFO - Filling up the DagBag from /home/airflow/.local/lib/python3.7/site-packages/airflow/example_dags/example_branch_datetime_operator.py
[2023-05-10T18:50:55.419+0000] {processor.py:753} INFO - DAG(s) dict_keys(['example_branch_datetime_operator', 'example_branch_datetime_operator_2', 'example_branch_datetime_operator_3']) retrieved from /home/airflow/.local/lib/python3.7/site-packages/airflow/example_dags/example_branch_datetime_operator.py
[2023-05-10T18:50:55.442+0000] {logging_mixin.py:137} INFO - [2023-05-10T18:50:55.442+0000] {dag.py:2690} INFO - Sync 3 DAGs
[2023-05-10T18:50:55.458+0000] {logging_mixin.py:137} INFO - [2023-05-10T18:50:55.458+0000] {dag.py:3441} INFO - Setting next_dagrun for example_branch_datetime_operator to 2023-05-09T00:00:00+00:00, run_after=2023-05-10T00:00:00+00:00
[2023-05-10T18:50:55.461+0000] {logging_mixin.py:137} INFO - [2023-05-10T18:50:55.461+0000] {dag.py:3441} INFO - Setting next_dagrun for example_branch_datetime_operator_2 to 2023-05-09T00:00:00+00:00, run_after=2023-05-10T00:00:00+00:00
[2023-05-10T18:50:55.462+0000] {logging_mixin.py:137} INFO - [2023-05-10T18:50:55.462+0000] {dag.py:3441} INFO - Setting next_dagrun for example_branch_datetime_operator_3 to 2023-05-09T00:00:00+00:00, run_after=2023-05-10T00:00:00+00:00
[2023-05-10T18:50:55.471+0000] {processor.py:175} INFO - Processing /home/airflow/.local/lib/python3.7/site-packages/airflow/example_dags/example_branch_datetime_operator.py took 0.071 seconds
[2023-05-10T18:51:26.135+0000] {processor.py:153} INFO - Started process (PID=1477) to work on /home/airflow/.local/lib/python3.7/site-packages/airflow/example_dags/example_branch_datetime_operator.py
[2023-05-10T18:51:26.136+0000] {processor.py:743} INFO - Processing file /home/airflow/.local/lib/python3.7/site-packages/airflow/example_dags/example_branch_datetime_operator.py for tasks to queue
[2023-05-10T18:51:26.137+0000] {logging_mixin.py:137} INFO - [2023-05-10T18:51:26.137+0000] {dagbag.py:538} INFO - Filling up the DagBag from /home/airflow/.local/lib/python3.7/site-packages/airflow/example_dags/example_branch_datetime_operator.py
[2023-05-10T18:51:26.150+0000] {processor.py:753} INFO - DAG(s) dict_keys(['example_branch_datetime_operator_2', 'example_branch_datetime_operator_3', 'example_branch_datetime_operator']) retrieved from /home/airflow/.local/lib/python3.7/site-packages/airflow/example_dags/example_branch_datetime_operator.py
[2023-05-10T18:51:26.175+0000] {logging_mixin.py:137} INFO - [2023-05-10T18:51:26.174+0000] {dag.py:2690} INFO - Sync 3 DAGs
[2023-05-10T18:51:26.192+0000] {logging_mixin.py:137} INFO - [2023-05-10T18:51:26.192+0000] {dag.py:3441} INFO - Setting next_dagrun for example_branch_datetime_operator to 2023-05-09T00:00:00+00:00, run_after=2023-05-10T00:00:00+00:00
[2023-05-10T18:51:26.194+0000] {logging_mixin.py:137} INFO - [2023-05-10T18:51:26.194+0000] {dag.py:3441} INFO - Setting next_dagrun for example_branch_datetime_operator_2 to 2023-05-09T00:00:00+00:00, run_after=2023-05-10T00:00:00+00:00
[2023-05-10T18:51:26.196+0000] {logging_mixin.py:137} INFO - [2023-05-10T18:51:26.196+0000] {dag.py:3441} INFO - Setting next_dagrun for example_branch_datetime_operator_3 to 2023-05-09T00:00:00+00:00, run_after=2023-05-10T00:00:00+00:00
[2023-05-10T18:51:26.204+0000] {processor.py:175} INFO - Processing /home/airflow/.local/lib/python3.7/site-packages/airflow/example_dags/example_branch_datetime_operator.py took 0.072 seconds
[2023-05-10T18:51:56.977+0000] {processor.py:153} INFO - Started process (PID=1540) to work on /home/airflow/.local/lib/python3.7/site-packages/airflow/example_dags/example_branch_datetime_operator.py
[2023-05-10T18:51:56.978+0000] {processor.py:743} INFO - Processing file /home/airflow/.local/lib/python3.7/site-packages/airflow/example_dags/example_branch_datetime_operator.py for tasks to queue
[2023-05-10T18:51:56.978+0000] {logging_mixin.py:137} INFO - [2023-05-10T18:51:56.978+0000] {dagbag.py:538} INFO - Filling up the DagBag from /home/airflow/.local/lib/python3.7/site-packages/airflow/example_dags/example_branch_datetime_operator.py
[2023-05-10T18:51:56.988+0000] {processor.py:753} INFO - DAG(s) dict_keys(['example_branch_datetime_operator', 'example_branch_datetime_operator_3', 'example_branch_datetime_operator_2']) retrieved from /home/airflow/.local/lib/python3.7/site-packages/airflow/example_dags/example_branch_datetime_operator.py
[2023-05-10T18:51:57.009+0000] {logging_mixin.py:137} INFO - [2023-05-10T18:51:57.009+0000] {dag.py:2690} INFO - Sync 3 DAGs
[2023-05-10T18:51:57.023+0000] {logging_mixin.py:137} INFO - [2023-05-10T18:51:57.023+0000] {dag.py:3441} INFO - Setting next_dagrun for example_branch_datetime_operator to 2023-05-09T00:00:00+00:00, run_after=2023-05-10T00:00:00+00:00
[2023-05-10T18:51:57.026+0000] {logging_mixin.py:137} INFO - [2023-05-10T18:51:57.026+0000] {dag.py:3441} INFO - Setting next_dagrun for example_branch_datetime_operator_2 to 2023-05-09T00:00:00+00:00, run_after=2023-05-10T00:00:00+00:00
[2023-05-10T18:51:57.027+0000] {logging_mixin.py:137} INFO - [2023-05-10T18:51:57.027+0000] {dag.py:3441} INFO - Setting next_dagrun for example_branch_datetime_operator_3 to 2023-05-09T00:00:00+00:00, run_after=2023-05-10T00:00:00+00:00
[2023-05-10T18:51:57.035+0000] {processor.py:175} INFO - Processing /home/airflow/.local/lib/python3.7/site-packages/airflow/example_dags/example_branch_datetime_operator.py took 0.061 seconds
[2023-05-10T18:52:27.883+0000] {processor.py:153} INFO - Started process (PID=1613) to work on /home/airflow/.local/lib/python3.7/site-packages/airflow/example_dags/example_branch_datetime_operator.py
[2023-05-10T18:52:27.884+0000] {processor.py:743} INFO - Processing file /home/airflow/.local/lib/python3.7/site-packages/airflow/example_dags/example_branch_datetime_operator.py for tasks to queue
[2023-05-10T18:52:27.885+0000] {logging_mixin.py:137} INFO - [2023-05-10T18:52:27.884+0000] {dagbag.py:538} INFO - Filling up the DagBag from /home/airflow/.local/lib/python3.7/site-packages/airflow/example_dags/example_branch_datetime_operator.py
[2023-05-10T18:52:27.896+0000] {processor.py:753} INFO - DAG(s) dict_keys(['example_branch_datetime_operator_3', 'example_branch_datetime_operator_2', 'example_branch_datetime_operator']) retrieved from /home/airflow/.local/lib/python3.7/site-packages/airflow/example_dags/example_branch_datetime_operator.py
[2023-05-10T18:52:27.919+0000] {logging_mixin.py:137} INFO - [2023-05-10T18:52:27.919+0000] {dag.py:2690} INFO - Sync 3 DAGs
[2023-05-10T18:52:27.934+0000] {logging_mixin.py:137} INFO - [2023-05-10T18:52:27.933+0000] {dag.py:3441} INFO - Setting next_dagrun for example_branch_datetime_operator to 2023-05-09T00:00:00+00:00, run_after=2023-05-10T00:00:00+00:00
[2023-05-10T18:52:27.936+0000] {logging_mixin.py:137} INFO - [2023-05-10T18:52:27.936+0000] {dag.py:3441} INFO - Setting next_dagrun for example_branch_datetime_operator_2 to 2023-05-09T00:00:00+00:00, run_after=2023-05-10T00:00:00+00:00
[2023-05-10T18:52:27.938+0000] {logging_mixin.py:137} INFO - [2023-05-10T18:52:27.938+0000] {dag.py:3441} INFO - Setting next_dagrun for example_branch_datetime_operator_3 to 2023-05-09T00:00:00+00:00, run_after=2023-05-10T00:00:00+00:00
[2023-05-10T18:52:27.946+0000] {processor.py:175} INFO - Processing /home/airflow/.local/lib/python3.7/site-packages/airflow/example_dags/example_branch_datetime_operator.py took 0.066 seconds
[2023-05-10T18:52:58.679+0000] {processor.py:153} INFO - Started process (PID=1688) to work on /home/airflow/.local/lib/python3.7/site-packages/airflow/example_dags/example_branch_datetime_operator.py
[2023-05-10T18:52:58.680+0000] {processor.py:743} INFO - Processing file /home/airflow/.local/lib/python3.7/site-packages/airflow/example_dags/example_branch_datetime_operator.py for tasks to queue
[2023-05-10T18:52:58.681+0000] {logging_mixin.py:137} INFO - [2023-05-10T18:52:58.681+0000] {dagbag.py:538} INFO - Filling up the DagBag from /home/airflow/.local/lib/python3.7/site-packages/airflow/example_dags/example_branch_datetime_operator.py
[2023-05-10T18:52:58.691+0000] {processor.py:753} INFO - DAG(s) dict_keys(['example_branch_datetime_operator_3', 'example_branch_datetime_operator_2', 'example_branch_datetime_operator']) retrieved from /home/airflow/.local/lib/python3.7/site-packages/airflow/example_dags/example_branch_datetime_operator.py
[2023-05-10T18:52:58.711+0000] {logging_mixin.py:137} INFO - [2023-05-10T18:52:58.711+0000] {dag.py:2690} INFO - Sync 3 DAGs
[2023-05-10T18:52:58.725+0000] {logging_mixin.py:137} INFO - [2023-05-10T18:52:58.725+0000] {dag.py:3441} INFO - Setting next_dagrun for example_branch_datetime_operator to 2023-05-09T00:00:00+00:00, run_after=2023-05-10T00:00:00+00:00
[2023-05-10T18:52:58.729+0000] {logging_mixin.py:137} INFO - [2023-05-10T18:52:58.728+0000] {dag.py:3441} INFO - Setting next_dagrun for example_branch_datetime_operator_2 to 2023-05-09T00:00:00+00:00, run_after=2023-05-10T00:00:00+00:00
[2023-05-10T18:52:58.730+0000] {logging_mixin.py:137} INFO - [2023-05-10T18:52:58.730+0000] {dag.py:3441} INFO - Setting next_dagrun for example_branch_datetime_operator_3 to 2023-05-09T00:00:00+00:00, run_after=2023-05-10T00:00:00+00:00
[2023-05-10T18:52:58.738+0000] {processor.py:175} INFO - Processing /home/airflow/.local/lib/python3.7/site-packages/airflow/example_dags/example_branch_datetime_operator.py took 0.061 seconds
[2023-05-10T18:53:29.469+0000] {processor.py:153} INFO - Started process (PID=1763) to work on /home/airflow/.local/lib/python3.7/site-packages/airflow/example_dags/example_branch_datetime_operator.py
[2023-05-10T18:53:29.471+0000] {processor.py:743} INFO - Processing file /home/airflow/.local/lib/python3.7/site-packages/airflow/example_dags/example_branch_datetime_operator.py for tasks to queue
[2023-05-10T18:53:29.472+0000] {logging_mixin.py:137} INFO - [2023-05-10T18:53:29.471+0000] {dagbag.py:538} INFO - Filling up the DagBag from /home/airflow/.local/lib/python3.7/site-packages/airflow/example_dags/example_branch_datetime_operator.py
[2023-05-10T18:53:29.483+0000] {processor.py:753} INFO - DAG(s) dict_keys(['example_branch_datetime_operator', 'example_branch_datetime_operator_2', 'example_branch_datetime_operator_3']) retrieved from /home/airflow/.local/lib/python3.7/site-packages/airflow/example_dags/example_branch_datetime_operator.py
[2023-05-10T18:53:29.507+0000] {logging_mixin.py:137} INFO - [2023-05-10T18:53:29.507+0000] {dag.py:2690} INFO - Sync 3 DAGs
[2023-05-10T18:53:29.523+0000] {logging_mixin.py:137} INFO - [2023-05-10T18:53:29.523+0000] {dag.py:3441} INFO - Setting next_dagrun for example_branch_datetime_operator to 2023-05-09T00:00:00+00:00, run_after=2023-05-10T00:00:00+00:00
[2023-05-10T18:53:29.526+0000] {logging_mixin.py:137} INFO - [2023-05-10T18:53:29.526+0000] {dag.py:3441} INFO - Setting next_dagrun for example_branch_datetime_operator_2 to 2023-05-09T00:00:00+00:00, run_after=2023-05-10T00:00:00+00:00
[2023-05-10T18:53:29.528+0000] {logging_mixin.py:137} INFO - [2023-05-10T18:53:29.528+0000] {dag.py:3441} INFO - Setting next_dagrun for example_branch_datetime_operator_3 to 2023-05-09T00:00:00+00:00, run_after=2023-05-10T00:00:00+00:00
[2023-05-10T18:53:29.537+0000] {processor.py:175} INFO - Processing /home/airflow/.local/lib/python3.7/site-packages/airflow/example_dags/example_branch_datetime_operator.py took 0.070 seconds
[2023-05-10T18:54:00.308+0000] {processor.py:153} INFO - Started process (PID=1825) to work on /home/airflow/.local/lib/python3.7/site-packages/airflow/example_dags/example_branch_datetime_operator.py
[2023-05-10T18:54:00.309+0000] {processor.py:743} INFO - Processing file /home/airflow/.local/lib/python3.7/site-packages/airflow/example_dags/example_branch_datetime_operator.py for tasks to queue
[2023-05-10T18:54:00.310+0000] {logging_mixin.py:137} INFO - [2023-05-10T18:54:00.310+0000] {dagbag.py:538} INFO - Filling up the DagBag from /home/airflow/.local/lib/python3.7/site-packages/airflow/example_dags/example_branch_datetime_operator.py
[2023-05-10T18:54:00.319+0000] {processor.py:753} INFO - DAG(s) dict_keys(['example_branch_datetime_operator_3', 'example_branch_datetime_operator', 'example_branch_datetime_operator_2']) retrieved from /home/airflow/.local/lib/python3.7/site-packages/airflow/example_dags/example_branch_datetime_operator.py
[2023-05-10T18:54:00.340+0000] {logging_mixin.py:137} INFO - [2023-05-10T18:54:00.340+0000] {dag.py:2690} INFO - Sync 3 DAGs
[2023-05-10T18:54:00.354+0000] {logging_mixin.py:137} INFO - [2023-05-10T18:54:00.354+0000] {dag.py:3441} INFO - Setting next_dagrun for example_branch_datetime_operator to 2023-05-09T00:00:00+00:00, run_after=2023-05-10T00:00:00+00:00
[2023-05-10T18:54:00.357+0000] {logging_mixin.py:137} INFO - [2023-05-10T18:54:00.357+0000] {dag.py:3441} INFO - Setting next_dagrun for example_branch_datetime_operator_2 to 2023-05-09T00:00:00+00:00, run_after=2023-05-10T00:00:00+00:00
[2023-05-10T18:54:00.358+0000] {logging_mixin.py:137} INFO - [2023-05-10T18:54:00.358+0000] {dag.py:3441} INFO - Setting next_dagrun for example_branch_datetime_operator_3 to 2023-05-09T00:00:00+00:00, run_after=2023-05-10T00:00:00+00:00
[2023-05-10T18:54:00.366+0000] {processor.py:175} INFO - Processing /home/airflow/.local/lib/python3.7/site-packages/airflow/example_dags/example_branch_datetime_operator.py took 0.061 seconds
[2023-05-10T18:54:31.041+0000] {processor.py:153} INFO - Started process (PID=1901) to work on /home/airflow/.local/lib/python3.7/site-packages/airflow/example_dags/example_branch_datetime_operator.py
[2023-05-10T18:54:31.041+0000] {processor.py:743} INFO - Processing file /home/airflow/.local/lib/python3.7/site-packages/airflow/example_dags/example_branch_datetime_operator.py for tasks to queue
[2023-05-10T18:54:31.042+0000] {logging_mixin.py:137} INFO - [2023-05-10T18:54:31.042+0000] {dagbag.py:538} INFO - Filling up the DagBag from /home/airflow/.local/lib/python3.7/site-packages/airflow/example_dags/example_branch_datetime_operator.py
[2023-05-10T18:54:31.052+0000] {processor.py:753} INFO - DAG(s) dict_keys(['example_branch_datetime_operator', 'example_branch_datetime_operator_3', 'example_branch_datetime_operator_2']) retrieved from /home/airflow/.local/lib/python3.7/site-packages/airflow/example_dags/example_branch_datetime_operator.py
[2023-05-10T18:54:31.074+0000] {logging_mixin.py:137} INFO - [2023-05-10T18:54:31.074+0000] {dag.py:2690} INFO - Sync 3 DAGs
[2023-05-10T18:54:31.088+0000] {logging_mixin.py:137} INFO - [2023-05-10T18:54:31.088+0000] {dag.py:3441} INFO - Setting next_dagrun for example_branch_datetime_operator to 2023-05-09T00:00:00+00:00, run_after=2023-05-10T00:00:00+00:00
[2023-05-10T18:54:31.090+0000] {logging_mixin.py:137} INFO - [2023-05-10T18:54:31.090+0000] {dag.py:3441} INFO - Setting next_dagrun for example_branch_datetime_operator_2 to 2023-05-09T00:00:00+00:00, run_after=2023-05-10T00:00:00+00:00
[2023-05-10T18:54:31.091+0000] {logging_mixin.py:137} INFO - [2023-05-10T18:54:31.091+0000] {dag.py:3441} INFO - Setting next_dagrun for example_branch_datetime_operator_3 to 2023-05-09T00:00:00+00:00, run_after=2023-05-10T00:00:00+00:00
[2023-05-10T18:54:31.099+0000] {processor.py:175} INFO - Processing /home/airflow/.local/lib/python3.7/site-packages/airflow/example_dags/example_branch_datetime_operator.py took 0.061 seconds
[2023-05-10T18:55:01.761+0000] {processor.py:153} INFO - Started process (PID=1976) to work on /home/airflow/.local/lib/python3.7/site-packages/airflow/example_dags/example_branch_datetime_operator.py
[2023-05-10T18:55:01.762+0000] {processor.py:743} INFO - Processing file /home/airflow/.local/lib/python3.7/site-packages/airflow/example_dags/example_branch_datetime_operator.py for tasks to queue
[2023-05-10T18:55:01.762+0000] {logging_mixin.py:137} INFO - [2023-05-10T18:55:01.762+0000] {dagbag.py:538} INFO - Filling up the DagBag from /home/airflow/.local/lib/python3.7/site-packages/airflow/example_dags/example_branch_datetime_operator.py
[2023-05-10T18:55:01.772+0000] {processor.py:753} INFO - DAG(s) dict_keys(['example_branch_datetime_operator_3', 'example_branch_datetime_operator_2', 'example_branch_datetime_operator']) retrieved from /home/airflow/.local/lib/python3.7/site-packages/airflow/example_dags/example_branch_datetime_operator.py
[2023-05-10T18:55:01.792+0000] {logging_mixin.py:137} INFO - [2023-05-10T18:55:01.792+0000] {dag.py:2690} INFO - Sync 3 DAGs
[2023-05-10T18:55:01.809+0000] {logging_mixin.py:137} INFO - [2023-05-10T18:55:01.809+0000] {dag.py:3441} INFO - Setting next_dagrun for example_branch_datetime_operator to 2023-05-09T00:00:00+00:00, run_after=2023-05-10T00:00:00+00:00
[2023-05-10T18:55:01.811+0000] {logging_mixin.py:137} INFO - [2023-05-10T18:55:01.811+0000] {dag.py:3441} INFO - Setting next_dagrun for example_branch_datetime_operator_2 to 2023-05-09T00:00:00+00:00, run_after=2023-05-10T00:00:00+00:00
[2023-05-10T18:55:01.813+0000] {logging_mixin.py:137} INFO - [2023-05-10T18:55:01.813+0000] {dag.py:3441} INFO - Setting next_dagrun for example_branch_datetime_operator_3 to 2023-05-09T00:00:00+00:00, run_after=2023-05-10T00:00:00+00:00
[2023-05-10T18:55:01.821+0000] {processor.py:175} INFO - Processing /home/airflow/.local/lib/python3.7/site-packages/airflow/example_dags/example_branch_datetime_operator.py took 0.062 seconds
