[2023-05-10T17:37:13.033+0000] {processor.py:153} INFO - Started process (PID=51) to work on /home/airflow/.local/lib/python3.7/site-packages/airflow/example_dags/example_task_group_decorator.py
[2023-05-10T17:37:13.034+0000] {processor.py:743} INFO - Processing file /home/airflow/.local/lib/python3.7/site-packages/airflow/example_dags/example_task_group_decorator.py for tasks to queue
[2023-05-10T17:37:13.035+0000] {logging_mixin.py:137} INFO - [2023-05-10T17:37:13.035+0000] {dagbag.py:538} INFO - Filling up the DagBag from /home/airflow/.local/lib/python3.7/site-packages/airflow/example_dags/example_task_group_decorator.py
[2023-05-10T17:37:13.056+0000] {processor.py:753} INFO - DAG(s) dict_keys(['example_task_group_decorator']) retrieved from /home/airflow/.local/lib/python3.7/site-packages/airflow/example_dags/example_task_group_decorator.py
[2023-05-10T17:37:13.126+0000] {logging_mixin.py:137} INFO - [2023-05-10T17:37:13.126+0000] {manager.py:504} INFO - Created Permission View: can edit on DAG:example_task_group_decorator
[2023-05-10T17:37:13.131+0000] {logging_mixin.py:137} INFO - [2023-05-10T17:37:13.131+0000] {manager.py:504} INFO - Created Permission View: can read on DAG:example_task_group_decorator
[2023-05-10T17:37:13.135+0000] {logging_mixin.py:137} INFO - [2023-05-10T17:37:13.134+0000] {manager.py:504} INFO - Created Permission View: can delete on DAG:example_task_group_decorator
[2023-05-10T17:37:13.135+0000] {logging_mixin.py:137} INFO - [2023-05-10T17:37:13.135+0000] {dag.py:2690} INFO - Sync 1 DAGs
[2023-05-10T17:37:13.142+0000] {logging_mixin.py:137} INFO - [2023-05-10T17:37:13.142+0000] {dag.py:2711} INFO - Creating ORM DAG for example_task_group_decorator
[2023-05-10T17:37:13.148+0000] {logging_mixin.py:137} INFO - [2023-05-10T17:37:13.148+0000] {dag.py:3441} INFO - Setting next_dagrun for example_task_group_decorator to 2023-05-09T17:37:13.148054+00:00, run_after=2023-05-10T17:37:13.148054+00:00
[2023-05-10T17:37:13.158+0000] {processor.py:175} INFO - Processing /home/airflow/.local/lib/python3.7/site-packages/airflow/example_dags/example_task_group_decorator.py took 0.128 seconds
[2023-05-10T17:37:43.829+0000] {processor.py:153} INFO - Started process (PID=125) to work on /home/airflow/.local/lib/python3.7/site-packages/airflow/example_dags/example_task_group_decorator.py
[2023-05-10T17:37:43.832+0000] {processor.py:743} INFO - Processing file /home/airflow/.local/lib/python3.7/site-packages/airflow/example_dags/example_task_group_decorator.py for tasks to queue
[2023-05-10T17:37:43.834+0000] {logging_mixin.py:137} INFO - [2023-05-10T17:37:43.833+0000] {dagbag.py:538} INFO - Filling up the DagBag from /home/airflow/.local/lib/python3.7/site-packages/airflow/example_dags/example_task_group_decorator.py
[2023-05-10T17:37:43.859+0000] {processor.py:753} INFO - DAG(s) dict_keys(['example_task_group_decorator']) retrieved from /home/airflow/.local/lib/python3.7/site-packages/airflow/example_dags/example_task_group_decorator.py
[2023-05-10T17:37:43.894+0000] {logging_mixin.py:137} INFO - [2023-05-10T17:37:43.894+0000] {dag.py:2690} INFO - Sync 1 DAGs
[2023-05-10T17:37:43.917+0000] {logging_mixin.py:137} INFO - [2023-05-10T17:37:43.917+0000] {dag.py:3441} INFO - Setting next_dagrun for example_task_group_decorator to 2023-05-09T17:37:43.916933+00:00, run_after=2023-05-10T17:37:43.916933+00:00
[2023-05-10T17:37:43.940+0000] {processor.py:175} INFO - Processing /home/airflow/.local/lib/python3.7/site-packages/airflow/example_dags/example_task_group_decorator.py took 0.116 seconds
[2023-05-10T17:38:15.244+0000] {processor.py:153} INFO - Started process (PID=198) to work on /home/airflow/.local/lib/python3.7/site-packages/airflow/example_dags/example_task_group_decorator.py
[2023-05-10T17:38:15.256+0000] {processor.py:743} INFO - Processing file /home/airflow/.local/lib/python3.7/site-packages/airflow/example_dags/example_task_group_decorator.py for tasks to queue
[2023-05-10T17:38:15.265+0000] {logging_mixin.py:137} INFO - [2023-05-10T17:38:15.264+0000] {dagbag.py:538} INFO - Filling up the DagBag from /home/airflow/.local/lib/python3.7/site-packages/airflow/example_dags/example_task_group_decorator.py
[2023-05-10T17:38:15.328+0000] {processor.py:753} INFO - DAG(s) dict_keys(['example_task_group_decorator']) retrieved from /home/airflow/.local/lib/python3.7/site-packages/airflow/example_dags/example_task_group_decorator.py
[2023-05-10T17:38:15.365+0000] {logging_mixin.py:137} INFO - [2023-05-10T17:38:15.364+0000] {dag.py:2690} INFO - Sync 1 DAGs
[2023-05-10T17:38:15.400+0000] {logging_mixin.py:137} INFO - [2023-05-10T17:38:15.399+0000] {dag.py:3441} INFO - Setting next_dagrun for example_task_group_decorator to 2023-05-09T17:38:15.399466+00:00, run_after=2023-05-10T17:38:15.399466+00:00
[2023-05-10T17:38:15.424+0000] {processor.py:175} INFO - Processing /home/airflow/.local/lib/python3.7/site-packages/airflow/example_dags/example_task_group_decorator.py took 0.185 seconds
[2023-05-10T17:38:46.052+0000] {processor.py:153} INFO - Started process (PID=265) to work on /home/airflow/.local/lib/python3.7/site-packages/airflow/example_dags/example_task_group_decorator.py
[2023-05-10T17:38:46.053+0000] {processor.py:743} INFO - Processing file /home/airflow/.local/lib/python3.7/site-packages/airflow/example_dags/example_task_group_decorator.py for tasks to queue
[2023-05-10T17:38:46.054+0000] {logging_mixin.py:137} INFO - [2023-05-10T17:38:46.054+0000] {dagbag.py:538} INFO - Filling up the DagBag from /home/airflow/.local/lib/python3.7/site-packages/airflow/example_dags/example_task_group_decorator.py
[2023-05-10T17:38:46.070+0000] {processor.py:753} INFO - DAG(s) dict_keys(['example_task_group_decorator']) retrieved from /home/airflow/.local/lib/python3.7/site-packages/airflow/example_dags/example_task_group_decorator.py
[2023-05-10T17:38:46.088+0000] {logging_mixin.py:137} INFO - [2023-05-10T17:38:46.088+0000] {dag.py:2690} INFO - Sync 1 DAGs
[2023-05-10T17:38:46.101+0000] {logging_mixin.py:137} INFO - [2023-05-10T17:38:46.101+0000] {dag.py:3441} INFO - Setting next_dagrun for example_task_group_decorator to 2023-05-09T17:38:46.100882+00:00, run_after=2023-05-10T17:38:46.100882+00:00
[2023-05-10T17:38:46.110+0000] {processor.py:175} INFO - Processing /home/airflow/.local/lib/python3.7/site-packages/airflow/example_dags/example_task_group_decorator.py took 0.059 seconds
[2023-05-10T17:39:17.053+0000] {processor.py:153} INFO - Started process (PID=341) to work on /home/airflow/.local/lib/python3.7/site-packages/airflow/example_dags/example_task_group_decorator.py
[2023-05-10T17:39:17.053+0000] {processor.py:743} INFO - Processing file /home/airflow/.local/lib/python3.7/site-packages/airflow/example_dags/example_task_group_decorator.py for tasks to queue
[2023-05-10T17:39:17.054+0000] {logging_mixin.py:137} INFO - [2023-05-10T17:39:17.054+0000] {dagbag.py:538} INFO - Filling up the DagBag from /home/airflow/.local/lib/python3.7/site-packages/airflow/example_dags/example_task_group_decorator.py
[2023-05-10T17:39:17.073+0000] {processor.py:753} INFO - DAG(s) dict_keys(['example_task_group_decorator']) retrieved from /home/airflow/.local/lib/python3.7/site-packages/airflow/example_dags/example_task_group_decorator.py
[2023-05-10T17:39:17.090+0000] {logging_mixin.py:137} INFO - [2023-05-10T17:39:17.090+0000] {dag.py:2690} INFO - Sync 1 DAGs
[2023-05-10T17:39:17.104+0000] {logging_mixin.py:137} INFO - [2023-05-10T17:39:17.104+0000] {dag.py:3441} INFO - Setting next_dagrun for example_task_group_decorator to 2023-05-09T17:39:17.103921+00:00, run_after=2023-05-10T17:39:17.103921+00:00
[2023-05-10T17:39:17.114+0000] {processor.py:175} INFO - Processing /home/airflow/.local/lib/python3.7/site-packages/airflow/example_dags/example_task_group_decorator.py took 0.063 seconds
[2023-05-10T17:39:48.028+0000] {processor.py:153} INFO - Started process (PID=415) to work on /home/airflow/.local/lib/python3.7/site-packages/airflow/example_dags/example_task_group_decorator.py
[2023-05-10T17:39:48.029+0000] {processor.py:743} INFO - Processing file /home/airflow/.local/lib/python3.7/site-packages/airflow/example_dags/example_task_group_decorator.py for tasks to queue
[2023-05-10T17:39:48.030+0000] {logging_mixin.py:137} INFO - [2023-05-10T17:39:48.030+0000] {dagbag.py:538} INFO - Filling up the DagBag from /home/airflow/.local/lib/python3.7/site-packages/airflow/example_dags/example_task_group_decorator.py
[2023-05-10T17:39:48.045+0000] {processor.py:753} INFO - DAG(s) dict_keys(['example_task_group_decorator']) retrieved from /home/airflow/.local/lib/python3.7/site-packages/airflow/example_dags/example_task_group_decorator.py
[2023-05-10T17:39:48.063+0000] {logging_mixin.py:137} INFO - [2023-05-10T17:39:48.063+0000] {dag.py:2690} INFO - Sync 1 DAGs
[2023-05-10T17:39:48.077+0000] {logging_mixin.py:137} INFO - [2023-05-10T17:39:48.077+0000] {dag.py:3441} INFO - Setting next_dagrun for example_task_group_decorator to 2023-05-09T17:39:48.077087+00:00, run_after=2023-05-10T17:39:48.077087+00:00
[2023-05-10T17:39:48.086+0000] {processor.py:175} INFO - Processing /home/airflow/.local/lib/python3.7/site-packages/airflow/example_dags/example_task_group_decorator.py took 0.060 seconds
[2023-05-10T17:40:18.914+0000] {processor.py:153} INFO - Started process (PID=492) to work on /home/airflow/.local/lib/python3.7/site-packages/airflow/example_dags/example_task_group_decorator.py
[2023-05-10T17:40:18.915+0000] {processor.py:743} INFO - Processing file /home/airflow/.local/lib/python3.7/site-packages/airflow/example_dags/example_task_group_decorator.py for tasks to queue
[2023-05-10T17:40:18.915+0000] {logging_mixin.py:137} INFO - [2023-05-10T17:40:18.915+0000] {dagbag.py:538} INFO - Filling up the DagBag from /home/airflow/.local/lib/python3.7/site-packages/airflow/example_dags/example_task_group_decorator.py
[2023-05-10T17:40:18.932+0000] {processor.py:753} INFO - DAG(s) dict_keys(['example_task_group_decorator']) retrieved from /home/airflow/.local/lib/python3.7/site-packages/airflow/example_dags/example_task_group_decorator.py
[2023-05-10T17:40:18.950+0000] {logging_mixin.py:137} INFO - [2023-05-10T17:40:18.950+0000] {dag.py:2690} INFO - Sync 1 DAGs
[2023-05-10T17:40:18.963+0000] {logging_mixin.py:137} INFO - [2023-05-10T17:40:18.963+0000] {dag.py:3441} INFO - Setting next_dagrun for example_task_group_decorator to 2023-05-09T17:40:18.963229+00:00, run_after=2023-05-10T17:40:18.963229+00:00
[2023-05-10T17:40:18.972+0000] {processor.py:175} INFO - Processing /home/airflow/.local/lib/python3.7/site-packages/airflow/example_dags/example_task_group_decorator.py took 0.061 seconds
[2023-05-10T17:40:49.826+0000] {processor.py:153} INFO - Started process (PID=555) to work on /home/airflow/.local/lib/python3.7/site-packages/airflow/example_dags/example_task_group_decorator.py
[2023-05-10T17:40:49.827+0000] {processor.py:743} INFO - Processing file /home/airflow/.local/lib/python3.7/site-packages/airflow/example_dags/example_task_group_decorator.py for tasks to queue
[2023-05-10T17:40:49.827+0000] {logging_mixin.py:137} INFO - [2023-05-10T17:40:49.827+0000] {dagbag.py:538} INFO - Filling up the DagBag from /home/airflow/.local/lib/python3.7/site-packages/airflow/example_dags/example_task_group_decorator.py
[2023-05-10T17:40:49.843+0000] {processor.py:753} INFO - DAG(s) dict_keys(['example_task_group_decorator']) retrieved from /home/airflow/.local/lib/python3.7/site-packages/airflow/example_dags/example_task_group_decorator.py
[2023-05-10T17:40:49.860+0000] {logging_mixin.py:137} INFO - [2023-05-10T17:40:49.860+0000] {dag.py:2690} INFO - Sync 1 DAGs
[2023-05-10T17:40:49.873+0000] {logging_mixin.py:137} INFO - [2023-05-10T17:40:49.873+0000] {dag.py:3441} INFO - Setting next_dagrun for example_task_group_decorator to 2023-05-09T17:40:49.873306+00:00, run_after=2023-05-10T17:40:49.873306+00:00
[2023-05-10T17:40:49.882+0000] {processor.py:175} INFO - Processing /home/airflow/.local/lib/python3.7/site-packages/airflow/example_dags/example_task_group_decorator.py took 0.059 seconds
[2023-05-10T17:41:20.001+0000] {processor.py:153} INFO - Started process (PID=632) to work on /home/airflow/.local/lib/python3.7/site-packages/airflow/example_dags/example_task_group_decorator.py
[2023-05-10T17:41:20.001+0000] {processor.py:743} INFO - Processing file /home/airflow/.local/lib/python3.7/site-packages/airflow/example_dags/example_task_group_decorator.py for tasks to queue
[2023-05-10T17:41:20.002+0000] {logging_mixin.py:137} INFO - [2023-05-10T17:41:20.002+0000] {dagbag.py:538} INFO - Filling up the DagBag from /home/airflow/.local/lib/python3.7/site-packages/airflow/example_dags/example_task_group_decorator.py
[2023-05-10T17:41:20.018+0000] {processor.py:753} INFO - DAG(s) dict_keys(['example_task_group_decorator']) retrieved from /home/airflow/.local/lib/python3.7/site-packages/airflow/example_dags/example_task_group_decorator.py
[2023-05-10T17:41:20.036+0000] {logging_mixin.py:137} INFO - [2023-05-10T17:41:20.035+0000] {dag.py:2690} INFO - Sync 1 DAGs
[2023-05-10T17:41:20.049+0000] {logging_mixin.py:137} INFO - [2023-05-10T17:41:20.049+0000] {dag.py:3441} INFO - Setting next_dagrun for example_task_group_decorator to 2023-05-09T17:41:20.048961+00:00, run_after=2023-05-10T17:41:20.048961+00:00
[2023-05-10T17:41:20.058+0000] {processor.py:175} INFO - Processing /home/airflow/.local/lib/python3.7/site-packages/airflow/example_dags/example_task_group_decorator.py took 0.060 seconds
[2023-05-10T17:56:36.520+0000] {processor.py:153} INFO - Started process (PID=683) to work on /home/airflow/.local/lib/python3.7/site-packages/airflow/example_dags/example_task_group_decorator.py
[2023-05-10T17:56:36.521+0000] {processor.py:743} INFO - Processing file /home/airflow/.local/lib/python3.7/site-packages/airflow/example_dags/example_task_group_decorator.py for tasks to queue
[2023-05-10T17:56:36.523+0000] {logging_mixin.py:137} INFO - [2023-05-10T17:56:36.523+0000] {dagbag.py:538} INFO - Filling up the DagBag from /home/airflow/.local/lib/python3.7/site-packages/airflow/example_dags/example_task_group_decorator.py
[2023-05-10T17:56:36.551+0000] {processor.py:753} INFO - DAG(s) dict_keys(['example_task_group_decorator']) retrieved from /home/airflow/.local/lib/python3.7/site-packages/airflow/example_dags/example_task_group_decorator.py
[2023-05-10T17:56:36.595+0000] {logging_mixin.py:137} INFO - [2023-05-10T17:56:36.595+0000] {dag.py:2690} INFO - Sync 1 DAGs
[2023-05-10T17:56:36.624+0000] {logging_mixin.py:137} INFO - [2023-05-10T17:56:36.624+0000] {dag.py:3441} INFO - Setting next_dagrun for example_task_group_decorator to 2023-05-09T17:56:36.624409+00:00, run_after=2023-05-10T17:56:36.624409+00:00
[2023-05-10T17:56:36.662+0000] {processor.py:175} INFO - Processing /home/airflow/.local/lib/python3.7/site-packages/airflow/example_dags/example_task_group_decorator.py took 0.145 seconds
[2023-05-10T18:14:19.192+0000] {processor.py:153} INFO - Started process (PID=759) to work on /home/airflow/.local/lib/python3.7/site-packages/airflow/example_dags/example_task_group_decorator.py
[2023-05-10T18:14:19.193+0000] {processor.py:743} INFO - Processing file /home/airflow/.local/lib/python3.7/site-packages/airflow/example_dags/example_task_group_decorator.py for tasks to queue
[2023-05-10T18:14:19.193+0000] {logging_mixin.py:137} INFO - [2023-05-10T18:14:19.193+0000] {dagbag.py:538} INFO - Filling up the DagBag from /home/airflow/.local/lib/python3.7/site-packages/airflow/example_dags/example_task_group_decorator.py
[2023-05-10T18:14:19.210+0000] {processor.py:753} INFO - DAG(s) dict_keys(['example_task_group_decorator']) retrieved from /home/airflow/.local/lib/python3.7/site-packages/airflow/example_dags/example_task_group_decorator.py
[2023-05-10T18:14:19.228+0000] {logging_mixin.py:137} INFO - [2023-05-10T18:14:19.228+0000] {dag.py:2690} INFO - Sync 1 DAGs
[2023-05-10T18:14:19.241+0000] {logging_mixin.py:137} INFO - [2023-05-10T18:14:19.241+0000] {dag.py:3441} INFO - Setting next_dagrun for example_task_group_decorator to 2023-05-09T18:14:19.241304+00:00, run_after=2023-05-10T18:14:19.241304+00:00
[2023-05-10T18:14:19.251+0000] {processor.py:175} INFO - Processing /home/airflow/.local/lib/python3.7/site-packages/airflow/example_dags/example_task_group_decorator.py took 0.062 seconds
[2023-05-10T18:14:49.795+0000] {processor.py:153} INFO - Started process (PID=822) to work on /home/airflow/.local/lib/python3.7/site-packages/airflow/example_dags/example_task_group_decorator.py
[2023-05-10T18:14:49.796+0000] {processor.py:743} INFO - Processing file /home/airflow/.local/lib/python3.7/site-packages/airflow/example_dags/example_task_group_decorator.py for tasks to queue
[2023-05-10T18:14:49.797+0000] {logging_mixin.py:137} INFO - [2023-05-10T18:14:49.797+0000] {dagbag.py:538} INFO - Filling up the DagBag from /home/airflow/.local/lib/python3.7/site-packages/airflow/example_dags/example_task_group_decorator.py
[2023-05-10T18:14:49.813+0000] {processor.py:753} INFO - DAG(s) dict_keys(['example_task_group_decorator']) retrieved from /home/airflow/.local/lib/python3.7/site-packages/airflow/example_dags/example_task_group_decorator.py
[2023-05-10T18:14:49.830+0000] {logging_mixin.py:137} INFO - [2023-05-10T18:14:49.830+0000] {dag.py:2690} INFO - Sync 1 DAGs
[2023-05-10T18:14:49.843+0000] {logging_mixin.py:137} INFO - [2023-05-10T18:14:49.843+0000] {dag.py:3441} INFO - Setting next_dagrun for example_task_group_decorator to 2023-05-09T18:14:49.843113+00:00, run_after=2023-05-10T18:14:49.843113+00:00
[2023-05-10T18:14:49.852+0000] {processor.py:175} INFO - Processing /home/airflow/.local/lib/python3.7/site-packages/airflow/example_dags/example_task_group_decorator.py took 0.059 seconds
[2023-05-10T18:30:29.574+0000] {processor.py:153} INFO - Started process (PID=899) to work on /home/airflow/.local/lib/python3.7/site-packages/airflow/example_dags/example_task_group_decorator.py
[2023-05-10T18:30:29.575+0000] {processor.py:743} INFO - Processing file /home/airflow/.local/lib/python3.7/site-packages/airflow/example_dags/example_task_group_decorator.py for tasks to queue
[2023-05-10T18:30:29.577+0000] {logging_mixin.py:137} INFO - [2023-05-10T18:30:29.577+0000] {dagbag.py:538} INFO - Filling up the DagBag from /home/airflow/.local/lib/python3.7/site-packages/airflow/example_dags/example_task_group_decorator.py
[2023-05-10T18:30:29.615+0000] {processor.py:753} INFO - DAG(s) dict_keys(['example_task_group_decorator']) retrieved from /home/airflow/.local/lib/python3.7/site-packages/airflow/example_dags/example_task_group_decorator.py
[2023-05-10T18:30:29.647+0000] {logging_mixin.py:137} INFO - [2023-05-10T18:30:29.647+0000] {dag.py:2690} INFO - Sync 1 DAGs
[2023-05-10T18:30:29.684+0000] {logging_mixin.py:137} INFO - [2023-05-10T18:30:29.684+0000] {dag.py:3441} INFO - Setting next_dagrun for example_task_group_decorator to 2023-05-09T18:30:29.684513+00:00, run_after=2023-05-10T18:30:29.684513+00:00
[2023-05-10T18:30:29.703+0000] {processor.py:175} INFO - Processing /home/airflow/.local/lib/python3.7/site-packages/airflow/example_dags/example_task_group_decorator.py took 0.139 seconds
[2023-05-10T18:31:00.498+0000] {processor.py:153} INFO - Started process (PID=975) to work on /home/airflow/.local/lib/python3.7/site-packages/airflow/example_dags/example_task_group_decorator.py
[2023-05-10T18:31:00.499+0000] {processor.py:743} INFO - Processing file /home/airflow/.local/lib/python3.7/site-packages/airflow/example_dags/example_task_group_decorator.py for tasks to queue
[2023-05-10T18:31:00.500+0000] {logging_mixin.py:137} INFO - [2023-05-10T18:31:00.500+0000] {dagbag.py:538} INFO - Filling up the DagBag from /home/airflow/.local/lib/python3.7/site-packages/airflow/example_dags/example_task_group_decorator.py
[2023-05-10T18:31:00.522+0000] {processor.py:753} INFO - DAG(s) dict_keys(['example_task_group_decorator']) retrieved from /home/airflow/.local/lib/python3.7/site-packages/airflow/example_dags/example_task_group_decorator.py
[2023-05-10T18:31:00.540+0000] {logging_mixin.py:137} INFO - [2023-05-10T18:31:00.540+0000] {dag.py:2690} INFO - Sync 1 DAGs
[2023-05-10T18:31:00.553+0000] {logging_mixin.py:137} INFO - [2023-05-10T18:31:00.553+0000] {dag.py:3441} INFO - Setting next_dagrun for example_task_group_decorator to 2023-05-09T18:31:00.552848+00:00, run_after=2023-05-10T18:31:00.552848+00:00
[2023-05-10T18:31:00.561+0000] {processor.py:175} INFO - Processing /home/airflow/.local/lib/python3.7/site-packages/airflow/example_dags/example_task_group_decorator.py took 0.069 seconds
[2023-05-10T18:47:37.033+0000] {processor.py:153} INFO - Started process (PID=1039) to work on /home/airflow/.local/lib/python3.7/site-packages/airflow/example_dags/example_task_group_decorator.py
[2023-05-10T18:47:37.034+0000] {processor.py:743} INFO - Processing file /home/airflow/.local/lib/python3.7/site-packages/airflow/example_dags/example_task_group_decorator.py for tasks to queue
[2023-05-10T18:47:37.035+0000] {logging_mixin.py:137} INFO - [2023-05-10T18:47:37.034+0000] {dagbag.py:538} INFO - Filling up the DagBag from /home/airflow/.local/lib/python3.7/site-packages/airflow/example_dags/example_task_group_decorator.py
[2023-05-10T18:47:37.051+0000] {processor.py:753} INFO - DAG(s) dict_keys(['example_task_group_decorator']) retrieved from /home/airflow/.local/lib/python3.7/site-packages/airflow/example_dags/example_task_group_decorator.py
[2023-05-10T18:47:37.068+0000] {logging_mixin.py:137} INFO - [2023-05-10T18:47:37.068+0000] {dag.py:2690} INFO - Sync 1 DAGs
[2023-05-10T18:47:37.081+0000] {logging_mixin.py:137} INFO - [2023-05-10T18:47:37.081+0000] {dag.py:3441} INFO - Setting next_dagrun for example_task_group_decorator to 2023-05-09T18:47:37.081143+00:00, run_after=2023-05-10T18:47:37.081143+00:00
[2023-05-10T18:47:37.090+0000] {processor.py:175} INFO - Processing /home/airflow/.local/lib/python3.7/site-packages/airflow/example_dags/example_task_group_decorator.py took 0.059 seconds
[2023-05-10T18:48:07.851+0000] {processor.py:153} INFO - Started process (PID=1114) to work on /home/airflow/.local/lib/python3.7/site-packages/airflow/example_dags/example_task_group_decorator.py
[2023-05-10T18:48:07.852+0000] {processor.py:743} INFO - Processing file /home/airflow/.local/lib/python3.7/site-packages/airflow/example_dags/example_task_group_decorator.py for tasks to queue
[2023-05-10T18:48:07.852+0000] {logging_mixin.py:137} INFO - [2023-05-10T18:48:07.852+0000] {dagbag.py:538} INFO - Filling up the DagBag from /home/airflow/.local/lib/python3.7/site-packages/airflow/example_dags/example_task_group_decorator.py
[2023-05-10T18:48:07.867+0000] {processor.py:753} INFO - DAG(s) dict_keys(['example_task_group_decorator']) retrieved from /home/airflow/.local/lib/python3.7/site-packages/airflow/example_dags/example_task_group_decorator.py
[2023-05-10T18:48:07.885+0000] {logging_mixin.py:137} INFO - [2023-05-10T18:48:07.885+0000] {dag.py:2690} INFO - Sync 1 DAGs
[2023-05-10T18:48:07.899+0000] {logging_mixin.py:137} INFO - [2023-05-10T18:48:07.898+0000] {dag.py:3441} INFO - Setting next_dagrun for example_task_group_decorator to 2023-05-09T18:48:07.898782+00:00, run_after=2023-05-10T18:48:07.898782+00:00
[2023-05-10T18:48:07.908+0000] {processor.py:175} INFO - Processing /home/airflow/.local/lib/python3.7/site-packages/airflow/example_dags/example_task_group_decorator.py took 0.059 seconds
[2023-05-10T18:49:23.036+0000] {processor.py:153} INFO - Started process (PID=1189) to work on /home/airflow/.local/lib/python3.7/site-packages/airflow/example_dags/example_task_group_decorator.py
[2023-05-10T18:49:23.037+0000] {processor.py:743} INFO - Processing file /home/airflow/.local/lib/python3.7/site-packages/airflow/example_dags/example_task_group_decorator.py for tasks to queue
[2023-05-10T18:49:23.038+0000] {logging_mixin.py:137} INFO - [2023-05-10T18:49:23.038+0000] {dagbag.py:538} INFO - Filling up the DagBag from /home/airflow/.local/lib/python3.7/site-packages/airflow/example_dags/example_task_group_decorator.py
[2023-05-10T18:49:23.053+0000] {processor.py:753} INFO - DAG(s) dict_keys(['example_task_group_decorator']) retrieved from /home/airflow/.local/lib/python3.7/site-packages/airflow/example_dags/example_task_group_decorator.py
[2023-05-10T18:49:23.071+0000] {logging_mixin.py:137} INFO - [2023-05-10T18:49:23.071+0000] {dag.py:2690} INFO - Sync 1 DAGs
[2023-05-10T18:49:23.084+0000] {logging_mixin.py:137} INFO - [2023-05-10T18:49:23.084+0000] {dag.py:3441} INFO - Setting next_dagrun for example_task_group_decorator to 2023-05-09T18:49:23.084444+00:00, run_after=2023-05-10T18:49:23.084444+00:00
[2023-05-10T18:49:23.093+0000] {processor.py:175} INFO - Processing /home/airflow/.local/lib/python3.7/site-packages/airflow/example_dags/example_task_group_decorator.py took 0.060 seconds
[2023-05-10T18:49:53.734+0000] {processor.py:153} INFO - Started process (PID=1253) to work on /home/airflow/.local/lib/python3.7/site-packages/airflow/example_dags/example_task_group_decorator.py
[2023-05-10T18:49:53.735+0000] {processor.py:743} INFO - Processing file /home/airflow/.local/lib/python3.7/site-packages/airflow/example_dags/example_task_group_decorator.py for tasks to queue
[2023-05-10T18:49:53.735+0000] {logging_mixin.py:137} INFO - [2023-05-10T18:49:53.735+0000] {dagbag.py:538} INFO - Filling up the DagBag from /home/airflow/.local/lib/python3.7/site-packages/airflow/example_dags/example_task_group_decorator.py
[2023-05-10T18:49:53.752+0000] {processor.py:753} INFO - DAG(s) dict_keys(['example_task_group_decorator']) retrieved from /home/airflow/.local/lib/python3.7/site-packages/airflow/example_dags/example_task_group_decorator.py
[2023-05-10T18:49:53.770+0000] {logging_mixin.py:137} INFO - [2023-05-10T18:49:53.770+0000] {dag.py:2690} INFO - Sync 1 DAGs
[2023-05-10T18:49:53.783+0000] {logging_mixin.py:137} INFO - [2023-05-10T18:49:53.783+0000] {dag.py:3441} INFO - Setting next_dagrun for example_task_group_decorator to 2023-05-09T18:49:53.782891+00:00, run_after=2023-05-10T18:49:53.782891+00:00
[2023-05-10T18:49:53.791+0000] {processor.py:175} INFO - Processing /home/airflow/.local/lib/python3.7/site-packages/airflow/example_dags/example_task_group_decorator.py took 0.060 seconds
[2023-05-10T18:50:24.538+0000] {processor.py:153} INFO - Started process (PID=1328) to work on /home/airflow/.local/lib/python3.7/site-packages/airflow/example_dags/example_task_group_decorator.py
[2023-05-10T18:50:24.539+0000] {processor.py:743} INFO - Processing file /home/airflow/.local/lib/python3.7/site-packages/airflow/example_dags/example_task_group_decorator.py for tasks to queue
[2023-05-10T18:50:24.540+0000] {logging_mixin.py:137} INFO - [2023-05-10T18:50:24.540+0000] {dagbag.py:538} INFO - Filling up the DagBag from /home/airflow/.local/lib/python3.7/site-packages/airflow/example_dags/example_task_group_decorator.py
[2023-05-10T18:50:24.556+0000] {processor.py:753} INFO - DAG(s) dict_keys(['example_task_group_decorator']) retrieved from /home/airflow/.local/lib/python3.7/site-packages/airflow/example_dags/example_task_group_decorator.py
[2023-05-10T18:50:24.574+0000] {logging_mixin.py:137} INFO - [2023-05-10T18:50:24.574+0000] {dag.py:2690} INFO - Sync 1 DAGs
[2023-05-10T18:50:24.587+0000] {logging_mixin.py:137} INFO - [2023-05-10T18:50:24.587+0000] {dag.py:3441} INFO - Setting next_dagrun for example_task_group_decorator to 2023-05-09T18:50:24.587722+00:00, run_after=2023-05-10T18:50:24.587722+00:00
[2023-05-10T18:50:24.596+0000] {processor.py:175} INFO - Processing /home/airflow/.local/lib/python3.7/site-packages/airflow/example_dags/example_task_group_decorator.py took 0.060 seconds
[2023-05-10T18:50:55.342+0000] {processor.py:153} INFO - Started process (PID=1401) to work on /home/airflow/.local/lib/python3.7/site-packages/airflow/example_dags/example_task_group_decorator.py
[2023-05-10T18:50:55.343+0000] {processor.py:743} INFO - Processing file /home/airflow/.local/lib/python3.7/site-packages/airflow/example_dags/example_task_group_decorator.py for tasks to queue
[2023-05-10T18:50:55.343+0000] {logging_mixin.py:137} INFO - [2023-05-10T18:50:55.343+0000] {dagbag.py:538} INFO - Filling up the DagBag from /home/airflow/.local/lib/python3.7/site-packages/airflow/example_dags/example_task_group_decorator.py
[2023-05-10T18:50:55.360+0000] {processor.py:753} INFO - DAG(s) dict_keys(['example_task_group_decorator']) retrieved from /home/airflow/.local/lib/python3.7/site-packages/airflow/example_dags/example_task_group_decorator.py
[2023-05-10T18:50:55.381+0000] {logging_mixin.py:137} INFO - [2023-05-10T18:50:55.381+0000] {dag.py:2690} INFO - Sync 1 DAGs
[2023-05-10T18:50:55.397+0000] {logging_mixin.py:137} INFO - [2023-05-10T18:50:55.397+0000] {dag.py:3441} INFO - Setting next_dagrun for example_task_group_decorator to 2023-05-09T18:50:55.397355+00:00, run_after=2023-05-10T18:50:55.397355+00:00
[2023-05-10T18:50:55.409+0000] {processor.py:175} INFO - Processing /home/airflow/.local/lib/python3.7/site-packages/airflow/example_dags/example_task_group_decorator.py took 0.071 seconds
[2023-05-10T18:51:26.097+0000] {processor.py:153} INFO - Started process (PID=1476) to work on /home/airflow/.local/lib/python3.7/site-packages/airflow/example_dags/example_task_group_decorator.py
[2023-05-10T18:51:26.098+0000] {processor.py:743} INFO - Processing file /home/airflow/.local/lib/python3.7/site-packages/airflow/example_dags/example_task_group_decorator.py for tasks to queue
[2023-05-10T18:51:26.098+0000] {logging_mixin.py:137} INFO - [2023-05-10T18:51:26.098+0000] {dagbag.py:538} INFO - Filling up the DagBag from /home/airflow/.local/lib/python3.7/site-packages/airflow/example_dags/example_task_group_decorator.py
[2023-05-10T18:51:26.116+0000] {processor.py:753} INFO - DAG(s) dict_keys(['example_task_group_decorator']) retrieved from /home/airflow/.local/lib/python3.7/site-packages/airflow/example_dags/example_task_group_decorator.py
[2023-05-10T18:51:26.142+0000] {logging_mixin.py:137} INFO - [2023-05-10T18:51:26.142+0000] {dag.py:2690} INFO - Sync 1 DAGs
[2023-05-10T18:51:26.159+0000] {logging_mixin.py:137} INFO - [2023-05-10T18:51:26.159+0000] {dag.py:3441} INFO - Setting next_dagrun for example_task_group_decorator to 2023-05-09T18:51:26.159320+00:00, run_after=2023-05-10T18:51:26.159320+00:00
[2023-05-10T18:51:26.178+0000] {processor.py:175} INFO - Processing /home/airflow/.local/lib/python3.7/site-packages/airflow/example_dags/example_task_group_decorator.py took 0.084 seconds
[2023-05-10T18:51:56.942+0000] {processor.py:153} INFO - Started process (PID=1539) to work on /home/airflow/.local/lib/python3.7/site-packages/airflow/example_dags/example_task_group_decorator.py
[2023-05-10T18:51:56.943+0000] {processor.py:743} INFO - Processing file /home/airflow/.local/lib/python3.7/site-packages/airflow/example_dags/example_task_group_decorator.py for tasks to queue
[2023-05-10T18:51:56.943+0000] {logging_mixin.py:137} INFO - [2023-05-10T18:51:56.943+0000] {dagbag.py:538} INFO - Filling up the DagBag from /home/airflow/.local/lib/python3.7/site-packages/airflow/example_dags/example_task_group_decorator.py
[2023-05-10T18:51:56.959+0000] {processor.py:753} INFO - DAG(s) dict_keys(['example_task_group_decorator']) retrieved from /home/airflow/.local/lib/python3.7/site-packages/airflow/example_dags/example_task_group_decorator.py
[2023-05-10T18:51:56.977+0000] {logging_mixin.py:137} INFO - [2023-05-10T18:51:56.977+0000] {dag.py:2690} INFO - Sync 1 DAGs
[2023-05-10T18:51:56.990+0000] {logging_mixin.py:137} INFO - [2023-05-10T18:51:56.990+0000] {dag.py:3441} INFO - Setting next_dagrun for example_task_group_decorator to 2023-05-09T18:51:56.990442+00:00, run_after=2023-05-10T18:51:56.990442+00:00
[2023-05-10T18:51:57.000+0000] {processor.py:175} INFO - Processing /home/airflow/.local/lib/python3.7/site-packages/airflow/example_dags/example_task_group_decorator.py took 0.060 seconds
[2023-05-10T18:52:27.835+0000] {processor.py:153} INFO - Started process (PID=1612) to work on /home/airflow/.local/lib/python3.7/site-packages/airflow/example_dags/example_task_group_decorator.py
[2023-05-10T18:52:27.836+0000] {processor.py:743} INFO - Processing file /home/airflow/.local/lib/python3.7/site-packages/airflow/example_dags/example_task_group_decorator.py for tasks to queue
[2023-05-10T18:52:27.837+0000] {logging_mixin.py:137} INFO - [2023-05-10T18:52:27.837+0000] {dagbag.py:538} INFO - Filling up the DagBag from /home/airflow/.local/lib/python3.7/site-packages/airflow/example_dags/example_task_group_decorator.py
[2023-05-10T18:52:27.854+0000] {processor.py:753} INFO - DAG(s) dict_keys(['example_task_group_decorator']) retrieved from /home/airflow/.local/lib/python3.7/site-packages/airflow/example_dags/example_task_group_decorator.py
[2023-05-10T18:52:27.873+0000] {logging_mixin.py:137} INFO - [2023-05-10T18:52:27.873+0000] {dag.py:2690} INFO - Sync 1 DAGs
[2023-05-10T18:52:27.889+0000] {logging_mixin.py:137} INFO - [2023-05-10T18:52:27.889+0000] {dag.py:3441} INFO - Setting next_dagrun for example_task_group_decorator to 2023-05-09T18:52:27.888984+00:00, run_after=2023-05-10T18:52:27.888984+00:00
[2023-05-10T18:52:27.899+0000] {processor.py:175} INFO - Processing /home/airflow/.local/lib/python3.7/site-packages/airflow/example_dags/example_task_group_decorator.py took 0.066 seconds
[2023-05-10T18:52:58.642+0000] {processor.py:153} INFO - Started process (PID=1687) to work on /home/airflow/.local/lib/python3.7/site-packages/airflow/example_dags/example_task_group_decorator.py
[2023-05-10T18:52:58.643+0000] {processor.py:743} INFO - Processing file /home/airflow/.local/lib/python3.7/site-packages/airflow/example_dags/example_task_group_decorator.py for tasks to queue
[2023-05-10T18:52:58.644+0000] {logging_mixin.py:137} INFO - [2023-05-10T18:52:58.644+0000] {dagbag.py:538} INFO - Filling up the DagBag from /home/airflow/.local/lib/python3.7/site-packages/airflow/example_dags/example_task_group_decorator.py
[2023-05-10T18:52:58.660+0000] {processor.py:753} INFO - DAG(s) dict_keys(['example_task_group_decorator']) retrieved from /home/airflow/.local/lib/python3.7/site-packages/airflow/example_dags/example_task_group_decorator.py
[2023-05-10T18:52:58.678+0000] {logging_mixin.py:137} INFO - [2023-05-10T18:52:58.678+0000] {dag.py:2690} INFO - Sync 1 DAGs
[2023-05-10T18:52:58.691+0000] {logging_mixin.py:137} INFO - [2023-05-10T18:52:58.691+0000] {dag.py:3441} INFO - Setting next_dagrun for example_task_group_decorator to 2023-05-09T18:52:58.691230+00:00, run_after=2023-05-10T18:52:58.691230+00:00
[2023-05-10T18:52:58.700+0000] {processor.py:175} INFO - Processing /home/airflow/.local/lib/python3.7/site-packages/airflow/example_dags/example_task_group_decorator.py took 0.060 seconds
[2023-05-10T18:53:29.419+0000] {processor.py:153} INFO - Started process (PID=1762) to work on /home/airflow/.local/lib/python3.7/site-packages/airflow/example_dags/example_task_group_decorator.py
[2023-05-10T18:53:29.420+0000] {processor.py:743} INFO - Processing file /home/airflow/.local/lib/python3.7/site-packages/airflow/example_dags/example_task_group_decorator.py for tasks to queue
[2023-05-10T18:53:29.420+0000] {logging_mixin.py:137} INFO - [2023-05-10T18:53:29.420+0000] {dagbag.py:538} INFO - Filling up the DagBag from /home/airflow/.local/lib/python3.7/site-packages/airflow/example_dags/example_task_group_decorator.py
[2023-05-10T18:53:29.440+0000] {processor.py:753} INFO - DAG(s) dict_keys(['example_task_group_decorator']) retrieved from /home/airflow/.local/lib/python3.7/site-packages/airflow/example_dags/example_task_group_decorator.py
[2023-05-10T18:53:29.463+0000] {logging_mixin.py:137} INFO - [2023-05-10T18:53:29.463+0000] {dag.py:2690} INFO - Sync 1 DAGs
[2023-05-10T18:53:29.478+0000] {logging_mixin.py:137} INFO - [2023-05-10T18:53:29.478+0000] {dag.py:3441} INFO - Setting next_dagrun for example_task_group_decorator to 2023-05-09T18:53:29.477922+00:00, run_after=2023-05-10T18:53:29.477922+00:00
[2023-05-10T18:53:29.488+0000] {processor.py:175} INFO - Processing /home/airflow/.local/lib/python3.7/site-packages/airflow/example_dags/example_task_group_decorator.py took 0.072 seconds
[2023-05-10T18:54:00.271+0000] {processor.py:153} INFO - Started process (PID=1824) to work on /home/airflow/.local/lib/python3.7/site-packages/airflow/example_dags/example_task_group_decorator.py
[2023-05-10T18:54:00.272+0000] {processor.py:743} INFO - Processing file /home/airflow/.local/lib/python3.7/site-packages/airflow/example_dags/example_task_group_decorator.py for tasks to queue
[2023-05-10T18:54:00.273+0000] {logging_mixin.py:137} INFO - [2023-05-10T18:54:00.273+0000] {dagbag.py:538} INFO - Filling up the DagBag from /home/airflow/.local/lib/python3.7/site-packages/airflow/example_dags/example_task_group_decorator.py
[2023-05-10T18:54:00.289+0000] {processor.py:753} INFO - DAG(s) dict_keys(['example_task_group_decorator']) retrieved from /home/airflow/.local/lib/python3.7/site-packages/airflow/example_dags/example_task_group_decorator.py
[2023-05-10T18:54:00.307+0000] {logging_mixin.py:137} INFO - [2023-05-10T18:54:00.307+0000] {dag.py:2690} INFO - Sync 1 DAGs
[2023-05-10T18:54:00.320+0000] {logging_mixin.py:137} INFO - [2023-05-10T18:54:00.320+0000] {dag.py:3441} INFO - Setting next_dagrun for example_task_group_decorator to 2023-05-09T18:54:00.320003+00:00, run_after=2023-05-10T18:54:00.320003+00:00
[2023-05-10T18:54:00.329+0000] {processor.py:175} INFO - Processing /home/airflow/.local/lib/python3.7/site-packages/airflow/example_dags/example_task_group_decorator.py took 0.060 seconds
[2023-05-10T18:54:31.013+0000] {processor.py:153} INFO - Started process (PID=1900) to work on /home/airflow/.local/lib/python3.7/site-packages/airflow/example_dags/example_task_group_decorator.py
[2023-05-10T18:54:31.014+0000] {processor.py:743} INFO - Processing file /home/airflow/.local/lib/python3.7/site-packages/airflow/example_dags/example_task_group_decorator.py for tasks to queue
[2023-05-10T18:54:31.015+0000] {logging_mixin.py:137} INFO - [2023-05-10T18:54:31.015+0000] {dagbag.py:538} INFO - Filling up the DagBag from /home/airflow/.local/lib/python3.7/site-packages/airflow/example_dags/example_task_group_decorator.py
[2023-05-10T18:54:31.031+0000] {processor.py:753} INFO - DAG(s) dict_keys(['example_task_group_decorator']) retrieved from /home/airflow/.local/lib/python3.7/site-packages/airflow/example_dags/example_task_group_decorator.py
[2023-05-10T18:54:31.048+0000] {logging_mixin.py:137} INFO - [2023-05-10T18:54:31.048+0000] {dag.py:2690} INFO - Sync 1 DAGs
[2023-05-10T18:54:31.061+0000] {logging_mixin.py:137} INFO - [2023-05-10T18:54:31.061+0000] {dag.py:3441} INFO - Setting next_dagrun for example_task_group_decorator to 2023-05-09T18:54:31.060953+00:00, run_after=2023-05-10T18:54:31.060953+00:00
[2023-05-10T18:54:31.070+0000] {processor.py:175} INFO - Processing /home/airflow/.local/lib/python3.7/site-packages/airflow/example_dags/example_task_group_decorator.py took 0.059 seconds
[2023-05-10T18:55:01.727+0000] {processor.py:153} INFO - Started process (PID=1975) to work on /home/airflow/.local/lib/python3.7/site-packages/airflow/example_dags/example_task_group_decorator.py
[2023-05-10T18:55:01.728+0000] {processor.py:743} INFO - Processing file /home/airflow/.local/lib/python3.7/site-packages/airflow/example_dags/example_task_group_decorator.py for tasks to queue
[2023-05-10T18:55:01.729+0000] {logging_mixin.py:137} INFO - [2023-05-10T18:55:01.728+0000] {dagbag.py:538} INFO - Filling up the DagBag from /home/airflow/.local/lib/python3.7/site-packages/airflow/example_dags/example_task_group_decorator.py
[2023-05-10T18:55:01.745+0000] {processor.py:753} INFO - DAG(s) dict_keys(['example_task_group_decorator']) retrieved from /home/airflow/.local/lib/python3.7/site-packages/airflow/example_dags/example_task_group_decorator.py
[2023-05-10T18:55:01.762+0000] {logging_mixin.py:137} INFO - [2023-05-10T18:55:01.762+0000] {dag.py:2690} INFO - Sync 1 DAGs
[2023-05-10T18:55:01.776+0000] {logging_mixin.py:137} INFO - [2023-05-10T18:55:01.776+0000] {dag.py:3441} INFO - Setting next_dagrun for example_task_group_decorator to 2023-05-09T18:55:01.776098+00:00, run_after=2023-05-10T18:55:01.776098+00:00
[2023-05-10T18:55:01.785+0000] {processor.py:175} INFO - Processing /home/airflow/.local/lib/python3.7/site-packages/airflow/example_dags/example_task_group_decorator.py took 0.061 seconds
