[2023-05-10T17:37:15.741+0000] {processor.py:153} INFO - Started process (PID=79) to work on /home/airflow/.local/lib/python3.7/site-packages/airflow/example_dags/example_trigger_controller_dag.py
[2023-05-10T17:37:15.742+0000] {processor.py:743} INFO - Processing file /home/airflow/.local/lib/python3.7/site-packages/airflow/example_dags/example_trigger_controller_dag.py for tasks to queue
[2023-05-10T17:37:15.743+0000] {logging_mixin.py:137} INFO - [2023-05-10T17:37:15.743+0000] {dagbag.py:538} INFO - Filling up the DagBag from /home/airflow/.local/lib/python3.7/site-packages/airflow/example_dags/example_trigger_controller_dag.py
[2023-05-10T17:37:15.751+0000] {processor.py:753} INFO - DAG(s) dict_keys(['example_trigger_controller_dag']) retrieved from /home/airflow/.local/lib/python3.7/site-packages/airflow/example_dags/example_trigger_controller_dag.py
[2023-05-10T17:37:15.813+0000] {logging_mixin.py:137} INFO - [2023-05-10T17:37:15.813+0000] {manager.py:504} INFO - Created Permission View: can edit on DAG:example_trigger_controller_dag
[2023-05-10T17:37:15.819+0000] {logging_mixin.py:137} INFO - [2023-05-10T17:37:15.819+0000] {manager.py:504} INFO - Created Permission View: can read on DAG:example_trigger_controller_dag
[2023-05-10T17:37:15.826+0000] {logging_mixin.py:137} INFO - [2023-05-10T17:37:15.826+0000] {manager.py:504} INFO - Created Permission View: can delete on DAG:example_trigger_controller_dag
[2023-05-10T17:37:15.827+0000] {logging_mixin.py:137} INFO - [2023-05-10T17:37:15.827+0000] {dag.py:2690} INFO - Sync 1 DAGs
[2023-05-10T17:37:15.836+0000] {logging_mixin.py:137} INFO - [2023-05-10T17:37:15.836+0000] {dag.py:2711} INFO - Creating ORM DAG for example_trigger_controller_dag
[2023-05-10T17:37:15.844+0000] {logging_mixin.py:137} INFO - [2023-05-10T17:37:15.843+0000] {dag.py:3441} INFO - Setting next_dagrun for example_trigger_controller_dag to 2021-01-01T00:00:00+00:00, run_after=2021-01-01T00:00:00+00:00
[2023-05-10T17:37:15.854+0000] {processor.py:175} INFO - Processing /home/airflow/.local/lib/python3.7/site-packages/airflow/example_dags/example_trigger_controller_dag.py took 0.116 seconds
[2023-05-10T17:37:46.405+0000] {processor.py:153} INFO - Started process (PID=142) to work on /home/airflow/.local/lib/python3.7/site-packages/airflow/example_dags/example_trigger_controller_dag.py
[2023-05-10T17:37:46.408+0000] {processor.py:743} INFO - Processing file /home/airflow/.local/lib/python3.7/site-packages/airflow/example_dags/example_trigger_controller_dag.py for tasks to queue
[2023-05-10T17:37:46.410+0000] {logging_mixin.py:137} INFO - [2023-05-10T17:37:46.409+0000] {dagbag.py:538} INFO - Filling up the DagBag from /home/airflow/.local/lib/python3.7/site-packages/airflow/example_dags/example_trigger_controller_dag.py
[2023-05-10T17:37:46.422+0000] {processor.py:753} INFO - DAG(s) dict_keys(['example_trigger_controller_dag']) retrieved from /home/airflow/.local/lib/python3.7/site-packages/airflow/example_dags/example_trigger_controller_dag.py
[2023-05-10T17:37:46.461+0000] {logging_mixin.py:137} INFO - [2023-05-10T17:37:46.461+0000] {dag.py:2690} INFO - Sync 1 DAGs
[2023-05-10T17:37:46.482+0000] {logging_mixin.py:137} INFO - [2023-05-10T17:37:46.482+0000] {dag.py:3441} INFO - Setting next_dagrun for example_trigger_controller_dag to 2021-01-01T00:00:00+00:00, run_after=2021-01-01T00:00:00+00:00
[2023-05-10T17:37:46.507+0000] {processor.py:175} INFO - Processing /home/airflow/.local/lib/python3.7/site-packages/airflow/example_dags/example_trigger_controller_dag.py took 0.109 seconds
[2023-05-10T17:38:16.790+0000] {processor.py:153} INFO - Started process (PID=218) to work on /home/airflow/.local/lib/python3.7/site-packages/airflow/example_dags/example_trigger_controller_dag.py
[2023-05-10T17:38:16.792+0000] {processor.py:743} INFO - Processing file /home/airflow/.local/lib/python3.7/site-packages/airflow/example_dags/example_trigger_controller_dag.py for tasks to queue
[2023-05-10T17:38:16.794+0000] {logging_mixin.py:137} INFO - [2023-05-10T17:38:16.794+0000] {dagbag.py:538} INFO - Filling up the DagBag from /home/airflow/.local/lib/python3.7/site-packages/airflow/example_dags/example_trigger_controller_dag.py
[2023-05-10T17:38:16.809+0000] {processor.py:753} INFO - DAG(s) dict_keys(['example_trigger_controller_dag']) retrieved from /home/airflow/.local/lib/python3.7/site-packages/airflow/example_dags/example_trigger_controller_dag.py
[2023-05-10T17:38:16.839+0000] {logging_mixin.py:137} INFO - [2023-05-10T17:38:16.839+0000] {dag.py:2690} INFO - Sync 1 DAGs
[2023-05-10T17:38:16.861+0000] {logging_mixin.py:137} INFO - [2023-05-10T17:38:16.861+0000] {dag.py:3441} INFO - Setting next_dagrun for example_trigger_controller_dag to 2021-01-01T00:00:00+00:00, run_after=2021-01-01T00:00:00+00:00
[2023-05-10T17:38:16.883+0000] {processor.py:175} INFO - Processing /home/airflow/.local/lib/python3.7/site-packages/airflow/example_dags/example_trigger_controller_dag.py took 0.097 seconds
[2023-05-10T17:38:46.926+0000] {processor.py:153} INFO - Started process (PID=282) to work on /home/airflow/.local/lib/python3.7/site-packages/airflow/example_dags/example_trigger_controller_dag.py
[2023-05-10T17:38:46.926+0000] {processor.py:743} INFO - Processing file /home/airflow/.local/lib/python3.7/site-packages/airflow/example_dags/example_trigger_controller_dag.py for tasks to queue
[2023-05-10T17:38:46.927+0000] {logging_mixin.py:137} INFO - [2023-05-10T17:38:46.927+0000] {dagbag.py:538} INFO - Filling up the DagBag from /home/airflow/.local/lib/python3.7/site-packages/airflow/example_dags/example_trigger_controller_dag.py
[2023-05-10T17:38:46.936+0000] {processor.py:753} INFO - DAG(s) dict_keys(['example_trigger_controller_dag']) retrieved from /home/airflow/.local/lib/python3.7/site-packages/airflow/example_dags/example_trigger_controller_dag.py
[2023-05-10T17:38:46.953+0000] {logging_mixin.py:137} INFO - [2023-05-10T17:38:46.953+0000] {dag.py:2690} INFO - Sync 1 DAGs
[2023-05-10T17:38:46.966+0000] {logging_mixin.py:137} INFO - [2023-05-10T17:38:46.966+0000] {dag.py:3441} INFO - Setting next_dagrun for example_trigger_controller_dag to 2021-01-01T00:00:00+00:00, run_after=2021-01-01T00:00:00+00:00
[2023-05-10T17:38:46.975+0000] {processor.py:175} INFO - Processing /home/airflow/.local/lib/python3.7/site-packages/airflow/example_dags/example_trigger_controller_dag.py took 0.051 seconds
[2023-05-10T17:39:17.831+0000] {processor.py:153} INFO - Started process (PID=359) to work on /home/airflow/.local/lib/python3.7/site-packages/airflow/example_dags/example_trigger_controller_dag.py
[2023-05-10T17:39:17.831+0000] {processor.py:743} INFO - Processing file /home/airflow/.local/lib/python3.7/site-packages/airflow/example_dags/example_trigger_controller_dag.py for tasks to queue
[2023-05-10T17:39:17.832+0000] {logging_mixin.py:137} INFO - [2023-05-10T17:39:17.832+0000] {dagbag.py:538} INFO - Filling up the DagBag from /home/airflow/.local/lib/python3.7/site-packages/airflow/example_dags/example_trigger_controller_dag.py
[2023-05-10T17:39:17.840+0000] {processor.py:753} INFO - DAG(s) dict_keys(['example_trigger_controller_dag']) retrieved from /home/airflow/.local/lib/python3.7/site-packages/airflow/example_dags/example_trigger_controller_dag.py
[2023-05-10T17:39:17.857+0000] {logging_mixin.py:137} INFO - [2023-05-10T17:39:17.857+0000] {dag.py:2690} INFO - Sync 1 DAGs
[2023-05-10T17:39:17.869+0000] {logging_mixin.py:137} INFO - [2023-05-10T17:39:17.869+0000] {dag.py:3441} INFO - Setting next_dagrun for example_trigger_controller_dag to 2021-01-01T00:00:00+00:00, run_after=2021-01-01T00:00:00+00:00
[2023-05-10T17:39:17.878+0000] {processor.py:175} INFO - Processing /home/airflow/.local/lib/python3.7/site-packages/airflow/example_dags/example_trigger_controller_dag.py took 0.049 seconds
[2023-05-10T17:39:48.758+0000] {processor.py:153} INFO - Started process (PID=432) to work on /home/airflow/.local/lib/python3.7/site-packages/airflow/example_dags/example_trigger_controller_dag.py
[2023-05-10T17:39:48.759+0000] {processor.py:743} INFO - Processing file /home/airflow/.local/lib/python3.7/site-packages/airflow/example_dags/example_trigger_controller_dag.py for tasks to queue
[2023-05-10T17:39:48.760+0000] {logging_mixin.py:137} INFO - [2023-05-10T17:39:48.759+0000] {dagbag.py:538} INFO - Filling up the DagBag from /home/airflow/.local/lib/python3.7/site-packages/airflow/example_dags/example_trigger_controller_dag.py
[2023-05-10T17:39:48.767+0000] {processor.py:753} INFO - DAG(s) dict_keys(['example_trigger_controller_dag']) retrieved from /home/airflow/.local/lib/python3.7/site-packages/airflow/example_dags/example_trigger_controller_dag.py
[2023-05-10T17:39:48.784+0000] {logging_mixin.py:137} INFO - [2023-05-10T17:39:48.784+0000] {dag.py:2690} INFO - Sync 1 DAGs
[2023-05-10T17:39:48.797+0000] {logging_mixin.py:137} INFO - [2023-05-10T17:39:48.797+0000] {dag.py:3441} INFO - Setting next_dagrun for example_trigger_controller_dag to 2021-01-01T00:00:00+00:00, run_after=2021-01-01T00:00:00+00:00
[2023-05-10T17:39:48.807+0000] {processor.py:175} INFO - Processing /home/airflow/.local/lib/python3.7/site-packages/airflow/example_dags/example_trigger_controller_dag.py took 0.051 seconds
[2023-05-10T17:40:19.567+0000] {processor.py:153} INFO - Started process (PID=509) to work on /home/airflow/.local/lib/python3.7/site-packages/airflow/example_dags/example_trigger_controller_dag.py
[2023-05-10T17:40:19.568+0000] {processor.py:743} INFO - Processing file /home/airflow/.local/lib/python3.7/site-packages/airflow/example_dags/example_trigger_controller_dag.py for tasks to queue
[2023-05-10T17:40:19.568+0000] {logging_mixin.py:137} INFO - [2023-05-10T17:40:19.568+0000] {dagbag.py:538} INFO - Filling up the DagBag from /home/airflow/.local/lib/python3.7/site-packages/airflow/example_dags/example_trigger_controller_dag.py
[2023-05-10T17:40:19.575+0000] {processor.py:753} INFO - DAG(s) dict_keys(['example_trigger_controller_dag']) retrieved from /home/airflow/.local/lib/python3.7/site-packages/airflow/example_dags/example_trigger_controller_dag.py
[2023-05-10T17:40:19.592+0000] {logging_mixin.py:137} INFO - [2023-05-10T17:40:19.592+0000] {dag.py:2690} INFO - Sync 1 DAGs
[2023-05-10T17:40:19.606+0000] {logging_mixin.py:137} INFO - [2023-05-10T17:40:19.606+0000] {dag.py:3441} INFO - Setting next_dagrun for example_trigger_controller_dag to 2021-01-01T00:00:00+00:00, run_after=2021-01-01T00:00:00+00:00
[2023-05-10T17:40:19.615+0000] {processor.py:175} INFO - Processing /home/airflow/.local/lib/python3.7/site-packages/airflow/example_dags/example_trigger_controller_dag.py took 0.050 seconds
[2023-05-10T17:40:50.544+0000] {processor.py:153} INFO - Started process (PID=572) to work on /home/airflow/.local/lib/python3.7/site-packages/airflow/example_dags/example_trigger_controller_dag.py
[2023-05-10T17:40:50.545+0000] {processor.py:743} INFO - Processing file /home/airflow/.local/lib/python3.7/site-packages/airflow/example_dags/example_trigger_controller_dag.py for tasks to queue
[2023-05-10T17:40:50.545+0000] {logging_mixin.py:137} INFO - [2023-05-10T17:40:50.545+0000] {dagbag.py:538} INFO - Filling up the DagBag from /home/airflow/.local/lib/python3.7/site-packages/airflow/example_dags/example_trigger_controller_dag.py
[2023-05-10T17:40:50.553+0000] {processor.py:753} INFO - DAG(s) dict_keys(['example_trigger_controller_dag']) retrieved from /home/airflow/.local/lib/python3.7/site-packages/airflow/example_dags/example_trigger_controller_dag.py
[2023-05-10T17:40:50.570+0000] {logging_mixin.py:137} INFO - [2023-05-10T17:40:50.570+0000] {dag.py:2690} INFO - Sync 1 DAGs
[2023-05-10T17:40:50.583+0000] {logging_mixin.py:137} INFO - [2023-05-10T17:40:50.583+0000] {dag.py:3441} INFO - Setting next_dagrun for example_trigger_controller_dag to 2021-01-01T00:00:00+00:00, run_after=2021-01-01T00:00:00+00:00
[2023-05-10T17:40:50.592+0000] {processor.py:175} INFO - Processing /home/airflow/.local/lib/python3.7/site-packages/airflow/example_dags/example_trigger_controller_dag.py took 0.050 seconds
[2023-05-10T17:41:20.806+0000] {processor.py:153} INFO - Started process (PID=649) to work on /home/airflow/.local/lib/python3.7/site-packages/airflow/example_dags/example_trigger_controller_dag.py
[2023-05-10T17:41:20.807+0000] {processor.py:743} INFO - Processing file /home/airflow/.local/lib/python3.7/site-packages/airflow/example_dags/example_trigger_controller_dag.py for tasks to queue
[2023-05-10T17:41:20.808+0000] {logging_mixin.py:137} INFO - [2023-05-10T17:41:20.808+0000] {dagbag.py:538} INFO - Filling up the DagBag from /home/airflow/.local/lib/python3.7/site-packages/airflow/example_dags/example_trigger_controller_dag.py
[2023-05-10T17:41:20.815+0000] {processor.py:753} INFO - DAG(s) dict_keys(['example_trigger_controller_dag']) retrieved from /home/airflow/.local/lib/python3.7/site-packages/airflow/example_dags/example_trigger_controller_dag.py
[2023-05-10T17:41:20.832+0000] {logging_mixin.py:137} INFO - [2023-05-10T17:41:20.832+0000] {dag.py:2690} INFO - Sync 1 DAGs
[2023-05-10T17:41:20.846+0000] {logging_mixin.py:137} INFO - [2023-05-10T17:41:20.846+0000] {dag.py:3441} INFO - Setting next_dagrun for example_trigger_controller_dag to 2021-01-01T00:00:00+00:00, run_after=2021-01-01T00:00:00+00:00
[2023-05-10T17:41:20.855+0000] {processor.py:175} INFO - Processing /home/airflow/.local/lib/python3.7/site-packages/airflow/example_dags/example_trigger_controller_dag.py took 0.051 seconds
[2023-05-10T17:56:37.556+0000] {processor.py:153} INFO - Started process (PID=700) to work on /home/airflow/.local/lib/python3.7/site-packages/airflow/example_dags/example_trigger_controller_dag.py
[2023-05-10T17:56:37.557+0000] {processor.py:743} INFO - Processing file /home/airflow/.local/lib/python3.7/site-packages/airflow/example_dags/example_trigger_controller_dag.py for tasks to queue
[2023-05-10T17:56:37.558+0000] {logging_mixin.py:137} INFO - [2023-05-10T17:56:37.558+0000] {dagbag.py:538} INFO - Filling up the DagBag from /home/airflow/.local/lib/python3.7/site-packages/airflow/example_dags/example_trigger_controller_dag.py
[2023-05-10T17:56:37.565+0000] {processor.py:753} INFO - DAG(s) dict_keys(['example_trigger_controller_dag']) retrieved from /home/airflow/.local/lib/python3.7/site-packages/airflow/example_dags/example_trigger_controller_dag.py
[2023-05-10T17:56:37.582+0000] {logging_mixin.py:137} INFO - [2023-05-10T17:56:37.582+0000] {dag.py:2690} INFO - Sync 1 DAGs
[2023-05-10T17:56:37.595+0000] {logging_mixin.py:137} INFO - [2023-05-10T17:56:37.595+0000] {dag.py:3441} INFO - Setting next_dagrun for example_trigger_controller_dag to 2021-01-01T00:00:00+00:00, run_after=2021-01-01T00:00:00+00:00
[2023-05-10T17:56:37.604+0000] {processor.py:175} INFO - Processing /home/airflow/.local/lib/python3.7/site-packages/airflow/example_dags/example_trigger_controller_dag.py took 0.050 seconds
[2023-05-10T18:14:19.805+0000] {processor.py:153} INFO - Started process (PID=776) to work on /home/airflow/.local/lib/python3.7/site-packages/airflow/example_dags/example_trigger_controller_dag.py
[2023-05-10T18:14:19.806+0000] {processor.py:743} INFO - Processing file /home/airflow/.local/lib/python3.7/site-packages/airflow/example_dags/example_trigger_controller_dag.py for tasks to queue
[2023-05-10T18:14:19.807+0000] {logging_mixin.py:137} INFO - [2023-05-10T18:14:19.807+0000] {dagbag.py:538} INFO - Filling up the DagBag from /home/airflow/.local/lib/python3.7/site-packages/airflow/example_dags/example_trigger_controller_dag.py
[2023-05-10T18:14:19.814+0000] {processor.py:753} INFO - DAG(s) dict_keys(['example_trigger_controller_dag']) retrieved from /home/airflow/.local/lib/python3.7/site-packages/airflow/example_dags/example_trigger_controller_dag.py
[2023-05-10T18:14:19.831+0000] {logging_mixin.py:137} INFO - [2023-05-10T18:14:19.831+0000] {dag.py:2690} INFO - Sync 1 DAGs
[2023-05-10T18:14:19.845+0000] {logging_mixin.py:137} INFO - [2023-05-10T18:14:19.844+0000] {dag.py:3441} INFO - Setting next_dagrun for example_trigger_controller_dag to 2021-01-01T00:00:00+00:00, run_after=2021-01-01T00:00:00+00:00
[2023-05-10T18:14:19.853+0000] {processor.py:175} INFO - Processing /home/airflow/.local/lib/python3.7/site-packages/airflow/example_dags/example_trigger_controller_dag.py took 0.050 seconds
[2023-05-10T18:14:50.398+0000] {processor.py:153} INFO - Started process (PID=839) to work on /home/airflow/.local/lib/python3.7/site-packages/airflow/example_dags/example_trigger_controller_dag.py
[2023-05-10T18:14:50.399+0000] {processor.py:743} INFO - Processing file /home/airflow/.local/lib/python3.7/site-packages/airflow/example_dags/example_trigger_controller_dag.py for tasks to queue
[2023-05-10T18:14:50.400+0000] {logging_mixin.py:137} INFO - [2023-05-10T18:14:50.400+0000] {dagbag.py:538} INFO - Filling up the DagBag from /home/airflow/.local/lib/python3.7/site-packages/airflow/example_dags/example_trigger_controller_dag.py
[2023-05-10T18:14:50.407+0000] {processor.py:753} INFO - DAG(s) dict_keys(['example_trigger_controller_dag']) retrieved from /home/airflow/.local/lib/python3.7/site-packages/airflow/example_dags/example_trigger_controller_dag.py
[2023-05-10T18:14:50.424+0000] {logging_mixin.py:137} INFO - [2023-05-10T18:14:50.424+0000] {dag.py:2690} INFO - Sync 1 DAGs
[2023-05-10T18:14:50.436+0000] {logging_mixin.py:137} INFO - [2023-05-10T18:14:50.436+0000] {dag.py:3441} INFO - Setting next_dagrun for example_trigger_controller_dag to 2021-01-01T00:00:00+00:00, run_after=2021-01-01T00:00:00+00:00
[2023-05-10T18:14:50.445+0000] {processor.py:175} INFO - Processing /home/airflow/.local/lib/python3.7/site-packages/airflow/example_dags/example_trigger_controller_dag.py took 0.049 seconds
[2023-05-10T18:30:30.394+0000] {processor.py:153} INFO - Started process (PID=916) to work on /home/airflow/.local/lib/python3.7/site-packages/airflow/example_dags/example_trigger_controller_dag.py
[2023-05-10T18:30:30.395+0000] {processor.py:743} INFO - Processing file /home/airflow/.local/lib/python3.7/site-packages/airflow/example_dags/example_trigger_controller_dag.py for tasks to queue
[2023-05-10T18:30:30.397+0000] {logging_mixin.py:137} INFO - [2023-05-10T18:30:30.396+0000] {dagbag.py:538} INFO - Filling up the DagBag from /home/airflow/.local/lib/python3.7/site-packages/airflow/example_dags/example_trigger_controller_dag.py
[2023-05-10T18:30:30.404+0000] {processor.py:753} INFO - DAG(s) dict_keys(['example_trigger_controller_dag']) retrieved from /home/airflow/.local/lib/python3.7/site-packages/airflow/example_dags/example_trigger_controller_dag.py
[2023-05-10T18:30:30.421+0000] {logging_mixin.py:137} INFO - [2023-05-10T18:30:30.421+0000] {dag.py:2690} INFO - Sync 1 DAGs
[2023-05-10T18:30:30.434+0000] {logging_mixin.py:137} INFO - [2023-05-10T18:30:30.434+0000] {dag.py:3441} INFO - Setting next_dagrun for example_trigger_controller_dag to 2021-01-01T00:00:00+00:00, run_after=2021-01-01T00:00:00+00:00
[2023-05-10T18:30:30.443+0000] {processor.py:175} INFO - Processing /home/airflow/.local/lib/python3.7/site-packages/airflow/example_dags/example_trigger_controller_dag.py took 0.051 seconds
[2023-05-10T18:31:01.252+0000] {processor.py:153} INFO - Started process (PID=992) to work on /home/airflow/.local/lib/python3.7/site-packages/airflow/example_dags/example_trigger_controller_dag.py
[2023-05-10T18:31:01.253+0000] {processor.py:743} INFO - Processing file /home/airflow/.local/lib/python3.7/site-packages/airflow/example_dags/example_trigger_controller_dag.py for tasks to queue
[2023-05-10T18:31:01.254+0000] {logging_mixin.py:137} INFO - [2023-05-10T18:31:01.254+0000] {dagbag.py:538} INFO - Filling up the DagBag from /home/airflow/.local/lib/python3.7/site-packages/airflow/example_dags/example_trigger_controller_dag.py
[2023-05-10T18:31:01.260+0000] {processor.py:753} INFO - DAG(s) dict_keys(['example_trigger_controller_dag']) retrieved from /home/airflow/.local/lib/python3.7/site-packages/airflow/example_dags/example_trigger_controller_dag.py
[2023-05-10T18:31:01.277+0000] {logging_mixin.py:137} INFO - [2023-05-10T18:31:01.277+0000] {dag.py:2690} INFO - Sync 1 DAGs
[2023-05-10T18:31:01.290+0000] {logging_mixin.py:137} INFO - [2023-05-10T18:31:01.290+0000] {dag.py:3441} INFO - Setting next_dagrun for example_trigger_controller_dag to 2021-01-01T00:00:00+00:00, run_after=2021-01-01T00:00:00+00:00
[2023-05-10T18:31:01.299+0000] {processor.py:175} INFO - Processing /home/airflow/.local/lib/python3.7/site-packages/airflow/example_dags/example_trigger_controller_dag.py took 0.049 seconds
[2023-05-10T18:47:37.686+0000] {processor.py:153} INFO - Started process (PID=1065) to work on /home/airflow/.local/lib/python3.7/site-packages/airflow/example_dags/example_trigger_controller_dag.py
[2023-05-10T18:47:37.687+0000] {processor.py:743} INFO - Processing file /home/airflow/.local/lib/python3.7/site-packages/airflow/example_dags/example_trigger_controller_dag.py for tasks to queue
[2023-05-10T18:47:37.688+0000] {logging_mixin.py:137} INFO - [2023-05-10T18:47:37.688+0000] {dagbag.py:538} INFO - Filling up the DagBag from /home/airflow/.local/lib/python3.7/site-packages/airflow/example_dags/example_trigger_controller_dag.py
[2023-05-10T18:47:37.696+0000] {processor.py:753} INFO - DAG(s) dict_keys(['example_trigger_controller_dag']) retrieved from /home/airflow/.local/lib/python3.7/site-packages/airflow/example_dags/example_trigger_controller_dag.py
[2023-05-10T18:47:37.713+0000] {logging_mixin.py:137} INFO - [2023-05-10T18:47:37.713+0000] {dag.py:2690} INFO - Sync 1 DAGs
[2023-05-10T18:47:37.726+0000] {logging_mixin.py:137} INFO - [2023-05-10T18:47:37.726+0000] {dag.py:3441} INFO - Setting next_dagrun for example_trigger_controller_dag to 2021-01-01T00:00:00+00:00, run_after=2021-01-01T00:00:00+00:00
[2023-05-10T18:47:37.736+0000] {processor.py:175} INFO - Processing /home/airflow/.local/lib/python3.7/site-packages/airflow/example_dags/example_trigger_controller_dag.py took 0.052 seconds
[2023-05-10T18:48:08.479+0000] {processor.py:153} INFO - Started process (PID=1131) to work on /home/airflow/.local/lib/python3.7/site-packages/airflow/example_dags/example_trigger_controller_dag.py
[2023-05-10T18:48:08.480+0000] {processor.py:743} INFO - Processing file /home/airflow/.local/lib/python3.7/site-packages/airflow/example_dags/example_trigger_controller_dag.py for tasks to queue
[2023-05-10T18:48:08.480+0000] {logging_mixin.py:137} INFO - [2023-05-10T18:48:08.480+0000] {dagbag.py:538} INFO - Filling up the DagBag from /home/airflow/.local/lib/python3.7/site-packages/airflow/example_dags/example_trigger_controller_dag.py
[2023-05-10T18:48:08.487+0000] {processor.py:753} INFO - DAG(s) dict_keys(['example_trigger_controller_dag']) retrieved from /home/airflow/.local/lib/python3.7/site-packages/airflow/example_dags/example_trigger_controller_dag.py
[2023-05-10T18:48:08.505+0000] {logging_mixin.py:137} INFO - [2023-05-10T18:48:08.504+0000] {dag.py:2690} INFO - Sync 1 DAGs
[2023-05-10T18:48:08.518+0000] {logging_mixin.py:137} INFO - [2023-05-10T18:48:08.518+0000] {dag.py:3441} INFO - Setting next_dagrun for example_trigger_controller_dag to 2021-01-01T00:00:00+00:00, run_after=2021-01-01T00:00:00+00:00
[2023-05-10T18:48:08.527+0000] {processor.py:175} INFO - Processing /home/airflow/.local/lib/python3.7/site-packages/airflow/example_dags/example_trigger_controller_dag.py took 0.050 seconds
[2023-05-10T18:49:23.665+0000] {processor.py:153} INFO - Started process (PID=1206) to work on /home/airflow/.local/lib/python3.7/site-packages/airflow/example_dags/example_trigger_controller_dag.py
[2023-05-10T18:49:23.666+0000] {processor.py:743} INFO - Processing file /home/airflow/.local/lib/python3.7/site-packages/airflow/example_dags/example_trigger_controller_dag.py for tasks to queue
[2023-05-10T18:49:23.667+0000] {logging_mixin.py:137} INFO - [2023-05-10T18:49:23.667+0000] {dagbag.py:538} INFO - Filling up the DagBag from /home/airflow/.local/lib/python3.7/site-packages/airflow/example_dags/example_trigger_controller_dag.py
[2023-05-10T18:49:23.673+0000] {processor.py:753} INFO - DAG(s) dict_keys(['example_trigger_controller_dag']) retrieved from /home/airflow/.local/lib/python3.7/site-packages/airflow/example_dags/example_trigger_controller_dag.py
[2023-05-10T18:49:23.690+0000] {logging_mixin.py:137} INFO - [2023-05-10T18:49:23.690+0000] {dag.py:2690} INFO - Sync 1 DAGs
[2023-05-10T18:49:23.704+0000] {logging_mixin.py:137} INFO - [2023-05-10T18:49:23.704+0000] {dag.py:3441} INFO - Setting next_dagrun for example_trigger_controller_dag to 2021-01-01T00:00:00+00:00, run_after=2021-01-01T00:00:00+00:00
[2023-05-10T18:49:23.713+0000] {processor.py:175} INFO - Processing /home/airflow/.local/lib/python3.7/site-packages/airflow/example_dags/example_trigger_controller_dag.py took 0.050 seconds
[2023-05-10T18:49:54.386+0000] {processor.py:153} INFO - Started process (PID=1277) to work on /home/airflow/.local/lib/python3.7/site-packages/airflow/example_dags/example_trigger_controller_dag.py
[2023-05-10T18:49:54.387+0000] {processor.py:743} INFO - Processing file /home/airflow/.local/lib/python3.7/site-packages/airflow/example_dags/example_trigger_controller_dag.py for tasks to queue
[2023-05-10T18:49:54.388+0000] {logging_mixin.py:137} INFO - [2023-05-10T18:49:54.388+0000] {dagbag.py:538} INFO - Filling up the DagBag from /home/airflow/.local/lib/python3.7/site-packages/airflow/example_dags/example_trigger_controller_dag.py
[2023-05-10T18:49:54.395+0000] {processor.py:753} INFO - DAG(s) dict_keys(['example_trigger_controller_dag']) retrieved from /home/airflow/.local/lib/python3.7/site-packages/airflow/example_dags/example_trigger_controller_dag.py
[2023-05-10T18:49:54.414+0000] {logging_mixin.py:137} INFO - [2023-05-10T18:49:54.413+0000] {dag.py:2690} INFO - Sync 1 DAGs
[2023-05-10T18:49:54.427+0000] {logging_mixin.py:137} INFO - [2023-05-10T18:49:54.427+0000] {dag.py:3441} INFO - Setting next_dagrun for example_trigger_controller_dag to 2021-01-01T00:00:00+00:00, run_after=2021-01-01T00:00:00+00:00
[2023-05-10T18:49:54.442+0000] {processor.py:175} INFO - Processing /home/airflow/.local/lib/python3.7/site-packages/airflow/example_dags/example_trigger_controller_dag.py took 0.058 seconds
[2023-05-10T18:50:25.171+0000] {processor.py:153} INFO - Started process (PID=1345) to work on /home/airflow/.local/lib/python3.7/site-packages/airflow/example_dags/example_trigger_controller_dag.py
[2023-05-10T18:50:25.172+0000] {processor.py:743} INFO - Processing file /home/airflow/.local/lib/python3.7/site-packages/airflow/example_dags/example_trigger_controller_dag.py for tasks to queue
[2023-05-10T18:50:25.172+0000] {logging_mixin.py:137} INFO - [2023-05-10T18:50:25.172+0000] {dagbag.py:538} INFO - Filling up the DagBag from /home/airflow/.local/lib/python3.7/site-packages/airflow/example_dags/example_trigger_controller_dag.py
[2023-05-10T18:50:25.180+0000] {processor.py:753} INFO - DAG(s) dict_keys(['example_trigger_controller_dag']) retrieved from /home/airflow/.local/lib/python3.7/site-packages/airflow/example_dags/example_trigger_controller_dag.py
[2023-05-10T18:50:25.197+0000] {logging_mixin.py:137} INFO - [2023-05-10T18:50:25.197+0000] {dag.py:2690} INFO - Sync 1 DAGs
[2023-05-10T18:50:25.210+0000] {logging_mixin.py:137} INFO - [2023-05-10T18:50:25.210+0000] {dag.py:3441} INFO - Setting next_dagrun for example_trigger_controller_dag to 2021-01-01T00:00:00+00:00, run_after=2021-01-01T00:00:00+00:00
[2023-05-10T18:50:25.220+0000] {processor.py:175} INFO - Processing /home/airflow/.local/lib/python3.7/site-packages/airflow/example_dags/example_trigger_controller_dag.py took 0.051 seconds
[2023-05-10T18:50:56.035+0000] {processor.py:153} INFO - Started process (PID=1418) to work on /home/airflow/.local/lib/python3.7/site-packages/airflow/example_dags/example_trigger_controller_dag.py
[2023-05-10T18:50:56.036+0000] {processor.py:743} INFO - Processing file /home/airflow/.local/lib/python3.7/site-packages/airflow/example_dags/example_trigger_controller_dag.py for tasks to queue
[2023-05-10T18:50:56.037+0000] {logging_mixin.py:137} INFO - [2023-05-10T18:50:56.037+0000] {dagbag.py:538} INFO - Filling up the DagBag from /home/airflow/.local/lib/python3.7/site-packages/airflow/example_dags/example_trigger_controller_dag.py
[2023-05-10T18:50:56.044+0000] {processor.py:753} INFO - DAG(s) dict_keys(['example_trigger_controller_dag']) retrieved from /home/airflow/.local/lib/python3.7/site-packages/airflow/example_dags/example_trigger_controller_dag.py
[2023-05-10T18:50:56.062+0000] {logging_mixin.py:137} INFO - [2023-05-10T18:50:56.062+0000] {dag.py:2690} INFO - Sync 1 DAGs
[2023-05-10T18:50:56.076+0000] {logging_mixin.py:137} INFO - [2023-05-10T18:50:56.076+0000] {dag.py:3441} INFO - Setting next_dagrun for example_trigger_controller_dag to 2021-01-01T00:00:00+00:00, run_after=2021-01-01T00:00:00+00:00
[2023-05-10T18:50:56.086+0000] {processor.py:175} INFO - Processing /home/airflow/.local/lib/python3.7/site-packages/airflow/example_dags/example_trigger_controller_dag.py took 0.053 seconds
[2023-05-10T18:51:26.747+0000] {processor.py:153} INFO - Started process (PID=1493) to work on /home/airflow/.local/lib/python3.7/site-packages/airflow/example_dags/example_trigger_controller_dag.py
[2023-05-10T18:51:26.748+0000] {processor.py:743} INFO - Processing file /home/airflow/.local/lib/python3.7/site-packages/airflow/example_dags/example_trigger_controller_dag.py for tasks to queue
[2023-05-10T18:51:26.749+0000] {logging_mixin.py:137} INFO - [2023-05-10T18:51:26.749+0000] {dagbag.py:538} INFO - Filling up the DagBag from /home/airflow/.local/lib/python3.7/site-packages/airflow/example_dags/example_trigger_controller_dag.py
[2023-05-10T18:51:26.756+0000] {processor.py:753} INFO - DAG(s) dict_keys(['example_trigger_controller_dag']) retrieved from /home/airflow/.local/lib/python3.7/site-packages/airflow/example_dags/example_trigger_controller_dag.py
[2023-05-10T18:51:26.773+0000] {logging_mixin.py:137} INFO - [2023-05-10T18:51:26.773+0000] {dag.py:2690} INFO - Sync 1 DAGs
[2023-05-10T18:51:26.787+0000] {logging_mixin.py:137} INFO - [2023-05-10T18:51:26.787+0000] {dag.py:3441} INFO - Setting next_dagrun for example_trigger_controller_dag to 2021-01-01T00:00:00+00:00, run_after=2021-01-01T00:00:00+00:00
[2023-05-10T18:51:26.797+0000] {processor.py:175} INFO - Processing /home/airflow/.local/lib/python3.7/site-packages/airflow/example_dags/example_trigger_controller_dag.py took 0.052 seconds
[2023-05-10T18:51:57.580+0000] {processor.py:153} INFO - Started process (PID=1562) to work on /home/airflow/.local/lib/python3.7/site-packages/airflow/example_dags/example_trigger_controller_dag.py
[2023-05-10T18:51:57.581+0000] {processor.py:743} INFO - Processing file /home/airflow/.local/lib/python3.7/site-packages/airflow/example_dags/example_trigger_controller_dag.py for tasks to queue
[2023-05-10T18:51:57.581+0000] {logging_mixin.py:137} INFO - [2023-05-10T18:51:57.581+0000] {dagbag.py:538} INFO - Filling up the DagBag from /home/airflow/.local/lib/python3.7/site-packages/airflow/example_dags/example_trigger_controller_dag.py
[2023-05-10T18:51:57.594+0000] {processor.py:753} INFO - DAG(s) dict_keys(['example_trigger_controller_dag']) retrieved from /home/airflow/.local/lib/python3.7/site-packages/airflow/example_dags/example_trigger_controller_dag.py
[2023-05-10T18:51:57.614+0000] {logging_mixin.py:137} INFO - [2023-05-10T18:51:57.614+0000] {dag.py:2690} INFO - Sync 1 DAGs
[2023-05-10T18:51:57.629+0000] {logging_mixin.py:137} INFO - [2023-05-10T18:51:57.629+0000] {dag.py:3441} INFO - Setting next_dagrun for example_trigger_controller_dag to 2021-01-01T00:00:00+00:00, run_after=2021-01-01T00:00:00+00:00
[2023-05-10T18:51:57.638+0000] {processor.py:175} INFO - Processing /home/airflow/.local/lib/python3.7/site-packages/airflow/example_dags/example_trigger_controller_dag.py took 0.065 seconds
[2023-05-10T18:52:28.515+0000] {processor.py:153} INFO - Started process (PID=1629) to work on /home/airflow/.local/lib/python3.7/site-packages/airflow/example_dags/example_trigger_controller_dag.py
[2023-05-10T18:52:28.516+0000] {processor.py:743} INFO - Processing file /home/airflow/.local/lib/python3.7/site-packages/airflow/example_dags/example_trigger_controller_dag.py for tasks to queue
[2023-05-10T18:52:28.517+0000] {logging_mixin.py:137} INFO - [2023-05-10T18:52:28.517+0000] {dagbag.py:538} INFO - Filling up the DagBag from /home/airflow/.local/lib/python3.7/site-packages/airflow/example_dags/example_trigger_controller_dag.py
[2023-05-10T18:52:28.525+0000] {processor.py:753} INFO - DAG(s) dict_keys(['example_trigger_controller_dag']) retrieved from /home/airflow/.local/lib/python3.7/site-packages/airflow/example_dags/example_trigger_controller_dag.py
[2023-05-10T18:52:28.543+0000] {logging_mixin.py:137} INFO - [2023-05-10T18:52:28.543+0000] {dag.py:2690} INFO - Sync 1 DAGs
[2023-05-10T18:52:28.557+0000] {logging_mixin.py:137} INFO - [2023-05-10T18:52:28.557+0000] {dag.py:3441} INFO - Setting next_dagrun for example_trigger_controller_dag to 2021-01-01T00:00:00+00:00, run_after=2021-01-01T00:00:00+00:00
[2023-05-10T18:52:28.567+0000] {processor.py:175} INFO - Processing /home/airflow/.local/lib/python3.7/site-packages/airflow/example_dags/example_trigger_controller_dag.py took 0.055 seconds
[2023-05-10T18:52:59.291+0000] {processor.py:153} INFO - Started process (PID=1704) to work on /home/airflow/.local/lib/python3.7/site-packages/airflow/example_dags/example_trigger_controller_dag.py
[2023-05-10T18:52:59.292+0000] {processor.py:743} INFO - Processing file /home/airflow/.local/lib/python3.7/site-packages/airflow/example_dags/example_trigger_controller_dag.py for tasks to queue
[2023-05-10T18:52:59.293+0000] {logging_mixin.py:137} INFO - [2023-05-10T18:52:59.293+0000] {dagbag.py:538} INFO - Filling up the DagBag from /home/airflow/.local/lib/python3.7/site-packages/airflow/example_dags/example_trigger_controller_dag.py
[2023-05-10T18:52:59.300+0000] {processor.py:753} INFO - DAG(s) dict_keys(['example_trigger_controller_dag']) retrieved from /home/airflow/.local/lib/python3.7/site-packages/airflow/example_dags/example_trigger_controller_dag.py
[2023-05-10T18:52:59.317+0000] {logging_mixin.py:137} INFO - [2023-05-10T18:52:59.317+0000] {dag.py:2690} INFO - Sync 1 DAGs
[2023-05-10T18:52:59.331+0000] {logging_mixin.py:137} INFO - [2023-05-10T18:52:59.330+0000] {dag.py:3441} INFO - Setting next_dagrun for example_trigger_controller_dag to 2021-01-01T00:00:00+00:00, run_after=2021-01-01T00:00:00+00:00
[2023-05-10T18:52:59.339+0000] {processor.py:175} INFO - Processing /home/airflow/.local/lib/python3.7/site-packages/airflow/example_dags/example_trigger_controller_dag.py took 0.051 seconds
[2023-05-10T18:53:30.075+0000] {processor.py:153} INFO - Started process (PID=1779) to work on /home/airflow/.local/lib/python3.7/site-packages/airflow/example_dags/example_trigger_controller_dag.py
[2023-05-10T18:53:30.076+0000] {processor.py:743} INFO - Processing file /home/airflow/.local/lib/python3.7/site-packages/airflow/example_dags/example_trigger_controller_dag.py for tasks to queue
[2023-05-10T18:53:30.077+0000] {logging_mixin.py:137} INFO - [2023-05-10T18:53:30.077+0000] {dagbag.py:538} INFO - Filling up the DagBag from /home/airflow/.local/lib/python3.7/site-packages/airflow/example_dags/example_trigger_controller_dag.py
[2023-05-10T18:53:30.084+0000] {processor.py:753} INFO - DAG(s) dict_keys(['example_trigger_controller_dag']) retrieved from /home/airflow/.local/lib/python3.7/site-packages/airflow/example_dags/example_trigger_controller_dag.py
[2023-05-10T18:53:30.101+0000] {logging_mixin.py:137} INFO - [2023-05-10T18:53:30.101+0000] {dag.py:2690} INFO - Sync 1 DAGs
[2023-05-10T18:53:30.114+0000] {logging_mixin.py:137} INFO - [2023-05-10T18:53:30.114+0000] {dag.py:3441} INFO - Setting next_dagrun for example_trigger_controller_dag to 2021-01-01T00:00:00+00:00, run_after=2021-01-01T00:00:00+00:00
[2023-05-10T18:53:30.123+0000] {processor.py:175} INFO - Processing /home/airflow/.local/lib/python3.7/site-packages/airflow/example_dags/example_trigger_controller_dag.py took 0.051 seconds
[2023-05-10T18:54:00.909+0000] {processor.py:153} INFO - Started process (PID=1841) to work on /home/airflow/.local/lib/python3.7/site-packages/airflow/example_dags/example_trigger_controller_dag.py
[2023-05-10T18:54:00.910+0000] {processor.py:743} INFO - Processing file /home/airflow/.local/lib/python3.7/site-packages/airflow/example_dags/example_trigger_controller_dag.py for tasks to queue
[2023-05-10T18:54:00.911+0000] {logging_mixin.py:137} INFO - [2023-05-10T18:54:00.911+0000] {dagbag.py:538} INFO - Filling up the DagBag from /home/airflow/.local/lib/python3.7/site-packages/airflow/example_dags/example_trigger_controller_dag.py
[2023-05-10T18:54:00.918+0000] {processor.py:753} INFO - DAG(s) dict_keys(['example_trigger_controller_dag']) retrieved from /home/airflow/.local/lib/python3.7/site-packages/airflow/example_dags/example_trigger_controller_dag.py
[2023-05-10T18:54:00.941+0000] {logging_mixin.py:137} INFO - [2023-05-10T18:54:00.941+0000] {dag.py:2690} INFO - Sync 1 DAGs
[2023-05-10T18:54:00.954+0000] {logging_mixin.py:137} INFO - [2023-05-10T18:54:00.954+0000] {dag.py:3441} INFO - Setting next_dagrun for example_trigger_controller_dag to 2021-01-01T00:00:00+00:00, run_after=2021-01-01T00:00:00+00:00
[2023-05-10T18:54:00.963+0000] {processor.py:175} INFO - Processing /home/airflow/.local/lib/python3.7/site-packages/airflow/example_dags/example_trigger_controller_dag.py took 0.056 seconds
[2023-05-10T18:54:31.637+0000] {processor.py:153} INFO - Started process (PID=1917) to work on /home/airflow/.local/lib/python3.7/site-packages/airflow/example_dags/example_trigger_controller_dag.py
[2023-05-10T18:54:31.638+0000] {processor.py:743} INFO - Processing file /home/airflow/.local/lib/python3.7/site-packages/airflow/example_dags/example_trigger_controller_dag.py for tasks to queue
[2023-05-10T18:54:31.639+0000] {logging_mixin.py:137} INFO - [2023-05-10T18:54:31.639+0000] {dagbag.py:538} INFO - Filling up the DagBag from /home/airflow/.local/lib/python3.7/site-packages/airflow/example_dags/example_trigger_controller_dag.py
[2023-05-10T18:54:31.646+0000] {processor.py:753} INFO - DAG(s) dict_keys(['example_trigger_controller_dag']) retrieved from /home/airflow/.local/lib/python3.7/site-packages/airflow/example_dags/example_trigger_controller_dag.py
[2023-05-10T18:54:31.663+0000] {logging_mixin.py:137} INFO - [2023-05-10T18:54:31.663+0000] {dag.py:2690} INFO - Sync 1 DAGs
[2023-05-10T18:54:31.676+0000] {logging_mixin.py:137} INFO - [2023-05-10T18:54:31.676+0000] {dag.py:3441} INFO - Setting next_dagrun for example_trigger_controller_dag to 2021-01-01T00:00:00+00:00, run_after=2021-01-01T00:00:00+00:00
[2023-05-10T18:54:31.686+0000] {processor.py:175} INFO - Processing /home/airflow/.local/lib/python3.7/site-packages/airflow/example_dags/example_trigger_controller_dag.py took 0.052 seconds
[2023-05-10T18:55:02.384+0000] {processor.py:153} INFO - Started process (PID=1992) to work on /home/airflow/.local/lib/python3.7/site-packages/airflow/example_dags/example_trigger_controller_dag.py
[2023-05-10T18:55:02.385+0000] {processor.py:743} INFO - Processing file /home/airflow/.local/lib/python3.7/site-packages/airflow/example_dags/example_trigger_controller_dag.py for tasks to queue
[2023-05-10T18:55:02.386+0000] {logging_mixin.py:137} INFO - [2023-05-10T18:55:02.386+0000] {dagbag.py:538} INFO - Filling up the DagBag from /home/airflow/.local/lib/python3.7/site-packages/airflow/example_dags/example_trigger_controller_dag.py
[2023-05-10T18:55:02.393+0000] {processor.py:753} INFO - DAG(s) dict_keys(['example_trigger_controller_dag']) retrieved from /home/airflow/.local/lib/python3.7/site-packages/airflow/example_dags/example_trigger_controller_dag.py
[2023-05-10T18:55:02.410+0000] {logging_mixin.py:137} INFO - [2023-05-10T18:55:02.410+0000] {dag.py:2690} INFO - Sync 1 DAGs
[2023-05-10T18:55:02.423+0000] {logging_mixin.py:137} INFO - [2023-05-10T18:55:02.423+0000] {dag.py:3441} INFO - Setting next_dagrun for example_trigger_controller_dag to 2021-01-01T00:00:00+00:00, run_after=2021-01-01T00:00:00+00:00
[2023-05-10T18:55:02.432+0000] {processor.py:175} INFO - Processing /home/airflow/.local/lib/python3.7/site-packages/airflow/example_dags/example_trigger_controller_dag.py took 0.050 seconds
