[2023-05-10T17:37:10.283+0000] {processor.py:153} INFO - Started process (PID=34) to work on /home/airflow/.local/lib/python3.7/site-packages/airflow/example_dags/example_short_circuit_operator.py
[2023-05-10T17:37:10.285+0000] {processor.py:743} INFO - Processing file /home/airflow/.local/lib/python3.7/site-packages/airflow/example_dags/example_short_circuit_operator.py for tasks to queue
[2023-05-10T17:37:10.290+0000] {logging_mixin.py:137} INFO - [2023-05-10T17:37:10.290+0000] {dagbag.py:538} INFO - Filling up the DagBag from /home/airflow/.local/lib/python3.7/site-packages/airflow/example_dags/example_short_circuit_operator.py
[2023-05-10T17:37:10.323+0000] {processor.py:753} INFO - DAG(s) dict_keys(['example_short_circuit_operator']) retrieved from /home/airflow/.local/lib/python3.7/site-packages/airflow/example_dags/example_short_circuit_operator.py
[2023-05-10T17:37:10.509+0000] {logging_mixin.py:137} INFO - [2023-05-10T17:37:10.509+0000] {manager.py:504} INFO - Created Permission View: can edit on DAG:example_short_circuit_operator
[2023-05-10T17:37:10.533+0000] {logging_mixin.py:137} INFO - [2023-05-10T17:37:10.533+0000] {manager.py:504} INFO - Created Permission View: can read on DAG:example_short_circuit_operator
[2023-05-10T17:37:10.544+0000] {logging_mixin.py:137} INFO - [2023-05-10T17:37:10.543+0000] {manager.py:504} INFO - Created Permission View: can delete on DAG:example_short_circuit_operator
[2023-05-10T17:37:10.544+0000] {logging_mixin.py:137} INFO - [2023-05-10T17:37:10.544+0000] {dag.py:2690} INFO - Sync 1 DAGs
[2023-05-10T17:37:10.559+0000] {logging_mixin.py:137} INFO - [2023-05-10T17:37:10.559+0000] {dag.py:2711} INFO - Creating ORM DAG for example_short_circuit_operator
[2023-05-10T17:37:10.572+0000] {logging_mixin.py:137} INFO - [2023-05-10T17:37:10.572+0000] {dag.py:3441} INFO - Setting next_dagrun for example_short_circuit_operator to 2023-05-09T17:37:10.571910+00:00, run_after=2023-05-10T17:37:10.571910+00:00
[2023-05-10T17:37:10.594+0000] {processor.py:175} INFO - Processing /home/airflow/.local/lib/python3.7/site-packages/airflow/example_dags/example_short_circuit_operator.py took 0.315 seconds
[2023-05-10T17:37:41.237+0000] {processor.py:153} INFO - Started process (PID=108) to work on /home/airflow/.local/lib/python3.7/site-packages/airflow/example_dags/example_short_circuit_operator.py
[2023-05-10T17:37:41.238+0000] {processor.py:743} INFO - Processing file /home/airflow/.local/lib/python3.7/site-packages/airflow/example_dags/example_short_circuit_operator.py for tasks to queue
[2023-05-10T17:37:41.239+0000] {logging_mixin.py:137} INFO - [2023-05-10T17:37:41.239+0000] {dagbag.py:538} INFO - Filling up the DagBag from /home/airflow/.local/lib/python3.7/site-packages/airflow/example_dags/example_short_circuit_operator.py
[2023-05-10T17:37:41.252+0000] {processor.py:753} INFO - DAG(s) dict_keys(['example_short_circuit_operator']) retrieved from /home/airflow/.local/lib/python3.7/site-packages/airflow/example_dags/example_short_circuit_operator.py
[2023-05-10T17:37:41.273+0000] {logging_mixin.py:137} INFO - [2023-05-10T17:37:41.272+0000] {dag.py:2690} INFO - Sync 1 DAGs
[2023-05-10T17:37:41.294+0000] {logging_mixin.py:137} INFO - [2023-05-10T17:37:41.293+0000] {dag.py:3441} INFO - Setting next_dagrun for example_short_circuit_operator to 2023-05-09T17:37:41.293462+00:00, run_after=2023-05-10T17:37:41.293462+00:00
[2023-05-10T17:37:41.306+0000] {processor.py:175} INFO - Processing /home/airflow/.local/lib/python3.7/site-packages/airflow/example_dags/example_short_circuit_operator.py took 0.072 seconds
[2023-05-10T17:38:11.912+0000] {processor.py:153} INFO - Started process (PID=172) to work on /home/airflow/.local/lib/python3.7/site-packages/airflow/example_dags/example_short_circuit_operator.py
[2023-05-10T17:38:11.914+0000] {processor.py:743} INFO - Processing file /home/airflow/.local/lib/python3.7/site-packages/airflow/example_dags/example_short_circuit_operator.py for tasks to queue
[2023-05-10T17:38:11.915+0000] {logging_mixin.py:137} INFO - [2023-05-10T17:38:11.915+0000] {dagbag.py:538} INFO - Filling up the DagBag from /home/airflow/.local/lib/python3.7/site-packages/airflow/example_dags/example_short_circuit_operator.py
[2023-05-10T17:38:11.930+0000] {processor.py:753} INFO - DAG(s) dict_keys(['example_short_circuit_operator']) retrieved from /home/airflow/.local/lib/python3.7/site-packages/airflow/example_dags/example_short_circuit_operator.py
[2023-05-10T17:38:11.953+0000] {logging_mixin.py:137} INFO - [2023-05-10T17:38:11.953+0000] {dag.py:2690} INFO - Sync 1 DAGs
[2023-05-10T17:38:11.968+0000] {logging_mixin.py:137} INFO - [2023-05-10T17:38:11.968+0000] {dag.py:3441} INFO - Setting next_dagrun for example_short_circuit_operator to 2023-05-09T17:38:11.968554+00:00, run_after=2023-05-10T17:38:11.968554+00:00
[2023-05-10T17:38:11.979+0000] {processor.py:175} INFO - Processing /home/airflow/.local/lib/python3.7/site-packages/airflow/example_dags/example_short_circuit_operator.py took 0.069 seconds
[2023-05-10T17:38:42.233+0000] {processor.py:153} INFO - Started process (PID=248) to work on /home/airflow/.local/lib/python3.7/site-packages/airflow/example_dags/example_short_circuit_operator.py
[2023-05-10T17:38:42.234+0000] {processor.py:743} INFO - Processing file /home/airflow/.local/lib/python3.7/site-packages/airflow/example_dags/example_short_circuit_operator.py for tasks to queue
[2023-05-10T17:38:42.234+0000] {logging_mixin.py:137} INFO - [2023-05-10T17:38:42.234+0000] {dagbag.py:538} INFO - Filling up the DagBag from /home/airflow/.local/lib/python3.7/site-packages/airflow/example_dags/example_short_circuit_operator.py
[2023-05-10T17:38:42.245+0000] {processor.py:753} INFO - DAG(s) dict_keys(['example_short_circuit_operator']) retrieved from /home/airflow/.local/lib/python3.7/site-packages/airflow/example_dags/example_short_circuit_operator.py
[2023-05-10T17:38:42.261+0000] {logging_mixin.py:137} INFO - [2023-05-10T17:38:42.261+0000] {dag.py:2690} INFO - Sync 1 DAGs
[2023-05-10T17:38:42.275+0000] {logging_mixin.py:137} INFO - [2023-05-10T17:38:42.275+0000] {dag.py:3441} INFO - Setting next_dagrun for example_short_circuit_operator to 2023-05-09T17:38:42.275031+00:00, run_after=2023-05-10T17:38:42.275031+00:00
[2023-05-10T17:38:42.284+0000] {processor.py:175} INFO - Processing /home/airflow/.local/lib/python3.7/site-packages/airflow/example_dags/example_short_circuit_operator.py took 0.053 seconds
[2023-05-10T17:39:13.264+0000] {processor.py:153} INFO - Started process (PID=324) to work on /home/airflow/.local/lib/python3.7/site-packages/airflow/example_dags/example_short_circuit_operator.py
[2023-05-10T17:39:13.265+0000] {processor.py:743} INFO - Processing file /home/airflow/.local/lib/python3.7/site-packages/airflow/example_dags/example_short_circuit_operator.py for tasks to queue
[2023-05-10T17:39:13.266+0000] {logging_mixin.py:137} INFO - [2023-05-10T17:39:13.265+0000] {dagbag.py:538} INFO - Filling up the DagBag from /home/airflow/.local/lib/python3.7/site-packages/airflow/example_dags/example_short_circuit_operator.py
[2023-05-10T17:39:13.276+0000] {processor.py:753} INFO - DAG(s) dict_keys(['example_short_circuit_operator']) retrieved from /home/airflow/.local/lib/python3.7/site-packages/airflow/example_dags/example_short_circuit_operator.py
[2023-05-10T17:39:13.293+0000] {logging_mixin.py:137} INFO - [2023-05-10T17:39:13.293+0000] {dag.py:2690} INFO - Sync 1 DAGs
[2023-05-10T17:39:13.306+0000] {logging_mixin.py:137} INFO - [2023-05-10T17:39:13.306+0000] {dag.py:3441} INFO - Setting next_dagrun for example_short_circuit_operator to 2023-05-09T17:39:13.305885+00:00, run_after=2023-05-10T17:39:13.305885+00:00
[2023-05-10T17:39:13.315+0000] {processor.py:175} INFO - Processing /home/airflow/.local/lib/python3.7/site-packages/airflow/example_dags/example_short_circuit_operator.py took 0.053 seconds
[2023-05-10T17:39:44.274+0000] {processor.py:153} INFO - Started process (PID=386) to work on /home/airflow/.local/lib/python3.7/site-packages/airflow/example_dags/example_short_circuit_operator.py
[2023-05-10T17:39:44.275+0000] {processor.py:743} INFO - Processing file /home/airflow/.local/lib/python3.7/site-packages/airflow/example_dags/example_short_circuit_operator.py for tasks to queue
[2023-05-10T17:39:44.277+0000] {logging_mixin.py:137} INFO - [2023-05-10T17:39:44.277+0000] {dagbag.py:538} INFO - Filling up the DagBag from /home/airflow/.local/lib/python3.7/site-packages/airflow/example_dags/example_short_circuit_operator.py
[2023-05-10T17:39:44.288+0000] {processor.py:753} INFO - DAG(s) dict_keys(['example_short_circuit_operator']) retrieved from /home/airflow/.local/lib/python3.7/site-packages/airflow/example_dags/example_short_circuit_operator.py
[2023-05-10T17:39:44.305+0000] {logging_mixin.py:137} INFO - [2023-05-10T17:39:44.304+0000] {dag.py:2690} INFO - Sync 1 DAGs
[2023-05-10T17:39:44.318+0000] {logging_mixin.py:137} INFO - [2023-05-10T17:39:44.318+0000] {dag.py:3441} INFO - Setting next_dagrun for example_short_circuit_operator to 2023-05-09T17:39:44.318067+00:00, run_after=2023-05-10T17:39:44.318067+00:00
[2023-05-10T17:39:44.328+0000] {processor.py:175} INFO - Processing /home/airflow/.local/lib/python3.7/site-packages/airflow/example_dags/example_short_circuit_operator.py took 0.056 seconds
[2023-05-10T17:40:15.227+0000] {processor.py:153} INFO - Started process (PID=462) to work on /home/airflow/.local/lib/python3.7/site-packages/airflow/example_dags/example_short_circuit_operator.py
[2023-05-10T17:40:15.228+0000] {processor.py:743} INFO - Processing file /home/airflow/.local/lib/python3.7/site-packages/airflow/example_dags/example_short_circuit_operator.py for tasks to queue
[2023-05-10T17:40:15.228+0000] {logging_mixin.py:137} INFO - [2023-05-10T17:40:15.228+0000] {dagbag.py:538} INFO - Filling up the DagBag from /home/airflow/.local/lib/python3.7/site-packages/airflow/example_dags/example_short_circuit_operator.py
[2023-05-10T17:40:15.240+0000] {processor.py:753} INFO - DAG(s) dict_keys(['example_short_circuit_operator']) retrieved from /home/airflow/.local/lib/python3.7/site-packages/airflow/example_dags/example_short_circuit_operator.py
[2023-05-10T17:40:15.258+0000] {logging_mixin.py:137} INFO - [2023-05-10T17:40:15.258+0000] {dag.py:2690} INFO - Sync 1 DAGs
[2023-05-10T17:40:15.272+0000] {logging_mixin.py:137} INFO - [2023-05-10T17:40:15.272+0000] {dag.py:3441} INFO - Setting next_dagrun for example_short_circuit_operator to 2023-05-09T17:40:15.271867+00:00, run_after=2023-05-10T17:40:15.271867+00:00
[2023-05-10T17:40:15.281+0000] {processor.py:175} INFO - Processing /home/airflow/.local/lib/python3.7/site-packages/airflow/example_dags/example_short_circuit_operator.py took 0.057 seconds
[2023-05-10T17:40:46.069+0000] {processor.py:153} INFO - Started process (PID=538) to work on /home/airflow/.local/lib/python3.7/site-packages/airflow/example_dags/example_short_circuit_operator.py
[2023-05-10T17:40:46.070+0000] {processor.py:743} INFO - Processing file /home/airflow/.local/lib/python3.7/site-packages/airflow/example_dags/example_short_circuit_operator.py for tasks to queue
[2023-05-10T17:40:46.071+0000] {logging_mixin.py:137} INFO - [2023-05-10T17:40:46.071+0000] {dagbag.py:538} INFO - Filling up the DagBag from /home/airflow/.local/lib/python3.7/site-packages/airflow/example_dags/example_short_circuit_operator.py
[2023-05-10T17:40:46.081+0000] {processor.py:753} INFO - DAG(s) dict_keys(['example_short_circuit_operator']) retrieved from /home/airflow/.local/lib/python3.7/site-packages/airflow/example_dags/example_short_circuit_operator.py
[2023-05-10T17:40:46.097+0000] {logging_mixin.py:137} INFO - [2023-05-10T17:40:46.097+0000] {dag.py:2690} INFO - Sync 1 DAGs
[2023-05-10T17:40:46.110+0000] {logging_mixin.py:137} INFO - [2023-05-10T17:40:46.110+0000] {dag.py:3441} INFO - Setting next_dagrun for example_short_circuit_operator to 2023-05-09T17:40:46.110494+00:00, run_after=2023-05-10T17:40:46.110494+00:00
[2023-05-10T17:40:46.119+0000] {processor.py:175} INFO - Processing /home/airflow/.local/lib/python3.7/site-packages/airflow/example_dags/example_short_circuit_operator.py took 0.052 seconds
[2023-05-10T17:41:16.178+0000] {processor.py:153} INFO - Started process (PID=615) to work on /home/airflow/.local/lib/python3.7/site-packages/airflow/example_dags/example_short_circuit_operator.py
[2023-05-10T17:41:16.179+0000] {processor.py:743} INFO - Processing file /home/airflow/.local/lib/python3.7/site-packages/airflow/example_dags/example_short_circuit_operator.py for tasks to queue
[2023-05-10T17:41:16.179+0000] {logging_mixin.py:137} INFO - [2023-05-10T17:41:16.179+0000] {dagbag.py:538} INFO - Filling up the DagBag from /home/airflow/.local/lib/python3.7/site-packages/airflow/example_dags/example_short_circuit_operator.py
[2023-05-10T17:41:16.190+0000] {processor.py:753} INFO - DAG(s) dict_keys(['example_short_circuit_operator']) retrieved from /home/airflow/.local/lib/python3.7/site-packages/airflow/example_dags/example_short_circuit_operator.py
[2023-05-10T17:41:16.206+0000] {logging_mixin.py:137} INFO - [2023-05-10T17:41:16.206+0000] {dag.py:2690} INFO - Sync 1 DAGs
[2023-05-10T17:41:16.219+0000] {logging_mixin.py:137} INFO - [2023-05-10T17:41:16.219+0000] {dag.py:3441} INFO - Setting next_dagrun for example_short_circuit_operator to 2023-05-09T17:41:16.219328+00:00, run_after=2023-05-10T17:41:16.219328+00:00
[2023-05-10T17:41:16.228+0000] {processor.py:175} INFO - Processing /home/airflow/.local/lib/python3.7/site-packages/airflow/example_dags/example_short_circuit_operator.py took 0.053 seconds
[2023-05-10T17:56:35.736+0000] {processor.py:153} INFO - Started process (PID=666) to work on /home/airflow/.local/lib/python3.7/site-packages/airflow/example_dags/example_short_circuit_operator.py
[2023-05-10T17:56:35.736+0000] {processor.py:743} INFO - Processing file /home/airflow/.local/lib/python3.7/site-packages/airflow/example_dags/example_short_circuit_operator.py for tasks to queue
[2023-05-10T17:56:35.737+0000] {logging_mixin.py:137} INFO - [2023-05-10T17:56:35.737+0000] {dagbag.py:538} INFO - Filling up the DagBag from /home/airflow/.local/lib/python3.7/site-packages/airflow/example_dags/example_short_circuit_operator.py
[2023-05-10T17:56:35.747+0000] {processor.py:753} INFO - DAG(s) dict_keys(['example_short_circuit_operator']) retrieved from /home/airflow/.local/lib/python3.7/site-packages/airflow/example_dags/example_short_circuit_operator.py
[2023-05-10T17:56:35.763+0000] {logging_mixin.py:137} INFO - [2023-05-10T17:56:35.763+0000] {dag.py:2690} INFO - Sync 1 DAGs
[2023-05-10T17:56:35.776+0000] {logging_mixin.py:137} INFO - [2023-05-10T17:56:35.776+0000] {dag.py:3441} INFO - Setting next_dagrun for example_short_circuit_operator to 2023-05-09T17:56:35.775899+00:00, run_after=2023-05-10T17:56:35.775899+00:00
[2023-05-10T17:56:35.785+0000] {processor.py:175} INFO - Processing /home/airflow/.local/lib/python3.7/site-packages/airflow/example_dags/example_short_circuit_operator.py took 0.052 seconds
[2023-05-10T18:14:17.893+0000] {processor.py:153} INFO - Started process (PID=742) to work on /home/airflow/.local/lib/python3.7/site-packages/airflow/example_dags/example_short_circuit_operator.py
[2023-05-10T18:14:17.897+0000] {processor.py:743} INFO - Processing file /home/airflow/.local/lib/python3.7/site-packages/airflow/example_dags/example_short_circuit_operator.py for tasks to queue
[2023-05-10T18:14:17.898+0000] {logging_mixin.py:137} INFO - [2023-05-10T18:14:17.898+0000] {dagbag.py:538} INFO - Filling up the DagBag from /home/airflow/.local/lib/python3.7/site-packages/airflow/example_dags/example_short_circuit_operator.py
[2023-05-10T18:14:17.915+0000] {processor.py:753} INFO - DAG(s) dict_keys(['example_short_circuit_operator']) retrieved from /home/airflow/.local/lib/python3.7/site-packages/airflow/example_dags/example_short_circuit_operator.py
[2023-05-10T18:14:17.940+0000] {logging_mixin.py:137} INFO - [2023-05-10T18:14:17.940+0000] {dag.py:2690} INFO - Sync 1 DAGs
[2023-05-10T18:14:17.957+0000] {logging_mixin.py:137} INFO - [2023-05-10T18:14:17.956+0000] {dag.py:3441} INFO - Setting next_dagrun for example_short_circuit_operator to 2023-05-09T18:14:17.956741+00:00, run_after=2023-05-10T18:14:17.956741+00:00
[2023-05-10T18:14:17.967+0000] {processor.py:175} INFO - Processing /home/airflow/.local/lib/python3.7/site-packages/airflow/example_dags/example_short_circuit_operator.py took 0.077 seconds
[2023-05-10T18:14:48.188+0000] {processor.py:153} INFO - Started process (PID=805) to work on /home/airflow/.local/lib/python3.7/site-packages/airflow/example_dags/example_short_circuit_operator.py
[2023-05-10T18:14:48.189+0000] {processor.py:743} INFO - Processing file /home/airflow/.local/lib/python3.7/site-packages/airflow/example_dags/example_short_circuit_operator.py for tasks to queue
[2023-05-10T18:14:48.190+0000] {logging_mixin.py:137} INFO - [2023-05-10T18:14:48.190+0000] {dagbag.py:538} INFO - Filling up the DagBag from /home/airflow/.local/lib/python3.7/site-packages/airflow/example_dags/example_short_circuit_operator.py
[2023-05-10T18:14:48.200+0000] {processor.py:753} INFO - DAG(s) dict_keys(['example_short_circuit_operator']) retrieved from /home/airflow/.local/lib/python3.7/site-packages/airflow/example_dags/example_short_circuit_operator.py
[2023-05-10T18:14:48.216+0000] {logging_mixin.py:137} INFO - [2023-05-10T18:14:48.216+0000] {dag.py:2690} INFO - Sync 1 DAGs
[2023-05-10T18:14:48.230+0000] {logging_mixin.py:137} INFO - [2023-05-10T18:14:48.230+0000] {dag.py:3441} INFO - Setting next_dagrun for example_short_circuit_operator to 2023-05-09T18:14:48.229963+00:00, run_after=2023-05-10T18:14:48.229963+00:00
[2023-05-10T18:14:48.239+0000] {processor.py:175} INFO - Processing /home/airflow/.local/lib/python3.7/site-packages/airflow/example_dags/example_short_circuit_operator.py took 0.053 seconds
[2023-05-10T18:30:28.428+0000] {processor.py:153} INFO - Started process (PID=882) to work on /home/airflow/.local/lib/python3.7/site-packages/airflow/example_dags/example_short_circuit_operator.py
[2023-05-10T18:30:28.429+0000] {processor.py:743} INFO - Processing file /home/airflow/.local/lib/python3.7/site-packages/airflow/example_dags/example_short_circuit_operator.py for tasks to queue
[2023-05-10T18:30:28.430+0000] {logging_mixin.py:137} INFO - [2023-05-10T18:30:28.430+0000] {dagbag.py:538} INFO - Filling up the DagBag from /home/airflow/.local/lib/python3.7/site-packages/airflow/example_dags/example_short_circuit_operator.py
[2023-05-10T18:30:28.440+0000] {processor.py:753} INFO - DAG(s) dict_keys(['example_short_circuit_operator']) retrieved from /home/airflow/.local/lib/python3.7/site-packages/airflow/example_dags/example_short_circuit_operator.py
[2023-05-10T18:30:28.456+0000] {logging_mixin.py:137} INFO - [2023-05-10T18:30:28.456+0000] {dag.py:2690} INFO - Sync 1 DAGs
[2023-05-10T18:30:28.469+0000] {logging_mixin.py:137} INFO - [2023-05-10T18:30:28.469+0000] {dag.py:3441} INFO - Setting next_dagrun for example_short_circuit_operator to 2023-05-09T18:30:28.469390+00:00, run_after=2023-05-10T18:30:28.469390+00:00
[2023-05-10T18:30:28.478+0000] {processor.py:175} INFO - Processing /home/airflow/.local/lib/python3.7/site-packages/airflow/example_dags/example_short_circuit_operator.py took 0.052 seconds
[2023-05-10T18:30:58.898+0000] {processor.py:153} INFO - Started process (PID=958) to work on /home/airflow/.local/lib/python3.7/site-packages/airflow/example_dags/example_short_circuit_operator.py
[2023-05-10T18:30:58.899+0000] {processor.py:743} INFO - Processing file /home/airflow/.local/lib/python3.7/site-packages/airflow/example_dags/example_short_circuit_operator.py for tasks to queue
[2023-05-10T18:30:58.899+0000] {logging_mixin.py:137} INFO - [2023-05-10T18:30:58.899+0000] {dagbag.py:538} INFO - Filling up the DagBag from /home/airflow/.local/lib/python3.7/site-packages/airflow/example_dags/example_short_circuit_operator.py
[2023-05-10T18:30:58.909+0000] {processor.py:753} INFO - DAG(s) dict_keys(['example_short_circuit_operator']) retrieved from /home/airflow/.local/lib/python3.7/site-packages/airflow/example_dags/example_short_circuit_operator.py
[2023-05-10T18:30:58.926+0000] {logging_mixin.py:137} INFO - [2023-05-10T18:30:58.925+0000] {dag.py:2690} INFO - Sync 1 DAGs
[2023-05-10T18:30:58.939+0000] {logging_mixin.py:137} INFO - [2023-05-10T18:30:58.939+0000] {dag.py:3441} INFO - Setting next_dagrun for example_short_circuit_operator to 2023-05-09T18:30:58.939435+00:00, run_after=2023-05-10T18:30:58.939435+00:00
[2023-05-10T18:30:58.948+0000] {processor.py:175} INFO - Processing /home/airflow/.local/lib/python3.7/site-packages/airflow/example_dags/example_short_circuit_operator.py took 0.053 seconds
[2023-05-10T18:47:36.073+0000] {processor.py:153} INFO - Started process (PID=1022) to work on /home/airflow/.local/lib/python3.7/site-packages/airflow/example_dags/example_short_circuit_operator.py
[2023-05-10T18:47:36.078+0000] {processor.py:743} INFO - Processing file /home/airflow/.local/lib/python3.7/site-packages/airflow/example_dags/example_short_circuit_operator.py for tasks to queue
[2023-05-10T18:47:36.078+0000] {logging_mixin.py:137} INFO - [2023-05-10T18:47:36.078+0000] {dagbag.py:538} INFO - Filling up the DagBag from /home/airflow/.local/lib/python3.7/site-packages/airflow/example_dags/example_short_circuit_operator.py
[2023-05-10T18:47:36.100+0000] {processor.py:753} INFO - DAG(s) dict_keys(['example_short_circuit_operator']) retrieved from /home/airflow/.local/lib/python3.7/site-packages/airflow/example_dags/example_short_circuit_operator.py
[2023-05-10T18:47:36.126+0000] {logging_mixin.py:137} INFO - [2023-05-10T18:47:36.126+0000] {dag.py:2690} INFO - Sync 1 DAGs
[2023-05-10T18:47:36.143+0000] {logging_mixin.py:137} INFO - [2023-05-10T18:47:36.143+0000] {dag.py:3441} INFO - Setting next_dagrun for example_short_circuit_operator to 2023-05-09T18:47:36.143139+00:00, run_after=2023-05-10T18:47:36.143139+00:00
[2023-05-10T18:47:36.155+0000] {processor.py:175} INFO - Processing /home/airflow/.local/lib/python3.7/site-packages/airflow/example_dags/example_short_circuit_operator.py took 0.085 seconds
[2023-05-10T18:48:06.186+0000] {processor.py:153} INFO - Started process (PID=1097) to work on /home/airflow/.local/lib/python3.7/site-packages/airflow/example_dags/example_short_circuit_operator.py
[2023-05-10T18:48:06.187+0000] {processor.py:743} INFO - Processing file /home/airflow/.local/lib/python3.7/site-packages/airflow/example_dags/example_short_circuit_operator.py for tasks to queue
[2023-05-10T18:48:06.187+0000] {logging_mixin.py:137} INFO - [2023-05-10T18:48:06.187+0000] {dagbag.py:538} INFO - Filling up the DagBag from /home/airflow/.local/lib/python3.7/site-packages/airflow/example_dags/example_short_circuit_operator.py
[2023-05-10T18:48:06.196+0000] {processor.py:753} INFO - DAG(s) dict_keys(['example_short_circuit_operator']) retrieved from /home/airflow/.local/lib/python3.7/site-packages/airflow/example_dags/example_short_circuit_operator.py
[2023-05-10T18:48:06.212+0000] {logging_mixin.py:137} INFO - [2023-05-10T18:48:06.212+0000] {dag.py:2690} INFO - Sync 1 DAGs
[2023-05-10T18:48:06.224+0000] {logging_mixin.py:137} INFO - [2023-05-10T18:48:06.224+0000] {dag.py:3441} INFO - Setting next_dagrun for example_short_circuit_operator to 2023-05-09T18:48:06.224620+00:00, run_after=2023-05-10T18:48:06.224620+00:00
[2023-05-10T18:48:06.235+0000] {processor.py:175} INFO - Processing /home/airflow/.local/lib/python3.7/site-packages/airflow/example_dags/example_short_circuit_operator.py took 0.051 seconds
[2023-05-10T18:49:22.405+0000] {processor.py:153} INFO - Started process (PID=1172) to work on /home/airflow/.local/lib/python3.7/site-packages/airflow/example_dags/example_short_circuit_operator.py
[2023-05-10T18:49:22.406+0000] {processor.py:743} INFO - Processing file /home/airflow/.local/lib/python3.7/site-packages/airflow/example_dags/example_short_circuit_operator.py for tasks to queue
[2023-05-10T18:49:22.406+0000] {logging_mixin.py:137} INFO - [2023-05-10T18:49:22.406+0000] {dagbag.py:538} INFO - Filling up the DagBag from /home/airflow/.local/lib/python3.7/site-packages/airflow/example_dags/example_short_circuit_operator.py
[2023-05-10T18:49:22.417+0000] {processor.py:753} INFO - DAG(s) dict_keys(['example_short_circuit_operator']) retrieved from /home/airflow/.local/lib/python3.7/site-packages/airflow/example_dags/example_short_circuit_operator.py
[2023-05-10T18:49:22.433+0000] {logging_mixin.py:137} INFO - [2023-05-10T18:49:22.433+0000] {dag.py:2690} INFO - Sync 1 DAGs
[2023-05-10T18:49:22.447+0000] {logging_mixin.py:137} INFO - [2023-05-10T18:49:22.447+0000] {dag.py:3441} INFO - Setting next_dagrun for example_short_circuit_operator to 2023-05-09T18:49:22.447116+00:00, run_after=2023-05-10T18:49:22.447116+00:00
[2023-05-10T18:49:22.456+0000] {processor.py:175} INFO - Processing /home/airflow/.local/lib/python3.7/site-packages/airflow/example_dags/example_short_circuit_operator.py took 0.054 seconds
[2023-05-10T18:49:53.089+0000] {processor.py:153} INFO - Started process (PID=1236) to work on /home/airflow/.local/lib/python3.7/site-packages/airflow/example_dags/example_short_circuit_operator.py
[2023-05-10T18:49:53.090+0000] {processor.py:743} INFO - Processing file /home/airflow/.local/lib/python3.7/site-packages/airflow/example_dags/example_short_circuit_operator.py for tasks to queue
[2023-05-10T18:49:53.092+0000] {logging_mixin.py:137} INFO - [2023-05-10T18:49:53.092+0000] {dagbag.py:538} INFO - Filling up the DagBag from /home/airflow/.local/lib/python3.7/site-packages/airflow/example_dags/example_short_circuit_operator.py
[2023-05-10T18:49:53.103+0000] {processor.py:753} INFO - DAG(s) dict_keys(['example_short_circuit_operator']) retrieved from /home/airflow/.local/lib/python3.7/site-packages/airflow/example_dags/example_short_circuit_operator.py
[2023-05-10T18:49:53.122+0000] {logging_mixin.py:137} INFO - [2023-05-10T18:49:53.121+0000] {dag.py:2690} INFO - Sync 1 DAGs
[2023-05-10T18:49:53.136+0000] {logging_mixin.py:137} INFO - [2023-05-10T18:49:53.135+0000] {dag.py:3441} INFO - Setting next_dagrun for example_short_circuit_operator to 2023-05-09T18:49:53.135782+00:00, run_after=2023-05-10T18:49:53.135782+00:00
[2023-05-10T18:49:53.145+0000] {processor.py:175} INFO - Processing /home/airflow/.local/lib/python3.7/site-packages/airflow/example_dags/example_short_circuit_operator.py took 0.058 seconds
[2023-05-10T18:50:23.900+0000] {processor.py:153} INFO - Started process (PID=1311) to work on /home/airflow/.local/lib/python3.7/site-packages/airflow/example_dags/example_short_circuit_operator.py
[2023-05-10T18:50:23.901+0000] {processor.py:743} INFO - Processing file /home/airflow/.local/lib/python3.7/site-packages/airflow/example_dags/example_short_circuit_operator.py for tasks to queue
[2023-05-10T18:50:23.901+0000] {logging_mixin.py:137} INFO - [2023-05-10T18:50:23.901+0000] {dagbag.py:538} INFO - Filling up the DagBag from /home/airflow/.local/lib/python3.7/site-packages/airflow/example_dags/example_short_circuit_operator.py
[2023-05-10T18:50:23.912+0000] {processor.py:753} INFO - DAG(s) dict_keys(['example_short_circuit_operator']) retrieved from /home/airflow/.local/lib/python3.7/site-packages/airflow/example_dags/example_short_circuit_operator.py
[2023-05-10T18:50:23.928+0000] {logging_mixin.py:137} INFO - [2023-05-10T18:50:23.928+0000] {dag.py:2690} INFO - Sync 1 DAGs
[2023-05-10T18:50:23.941+0000] {logging_mixin.py:137} INFO - [2023-05-10T18:50:23.941+0000] {dag.py:3441} INFO - Setting next_dagrun for example_short_circuit_operator to 2023-05-09T18:50:23.941639+00:00, run_after=2023-05-10T18:50:23.941639+00:00
[2023-05-10T18:50:23.951+0000] {processor.py:175} INFO - Processing /home/airflow/.local/lib/python3.7/site-packages/airflow/example_dags/example_short_circuit_operator.py took 0.053 seconds
[2023-05-10T18:50:54.633+0000] {processor.py:153} INFO - Started process (PID=1384) to work on /home/airflow/.local/lib/python3.7/site-packages/airflow/example_dags/example_short_circuit_operator.py
[2023-05-10T18:50:54.634+0000] {processor.py:743} INFO - Processing file /home/airflow/.local/lib/python3.7/site-packages/airflow/example_dags/example_short_circuit_operator.py for tasks to queue
[2023-05-10T18:50:54.635+0000] {logging_mixin.py:137} INFO - [2023-05-10T18:50:54.635+0000] {dagbag.py:538} INFO - Filling up the DagBag from /home/airflow/.local/lib/python3.7/site-packages/airflow/example_dags/example_short_circuit_operator.py
[2023-05-10T18:50:54.645+0000] {processor.py:753} INFO - DAG(s) dict_keys(['example_short_circuit_operator']) retrieved from /home/airflow/.local/lib/python3.7/site-packages/airflow/example_dags/example_short_circuit_operator.py
[2023-05-10T18:50:54.667+0000] {logging_mixin.py:137} INFO - [2023-05-10T18:50:54.667+0000] {dag.py:2690} INFO - Sync 1 DAGs
[2023-05-10T18:50:54.680+0000] {logging_mixin.py:137} INFO - [2023-05-10T18:50:54.680+0000] {dag.py:3441} INFO - Setting next_dagrun for example_short_circuit_operator to 2023-05-09T18:50:54.680141+00:00, run_after=2023-05-10T18:50:54.680141+00:00
[2023-05-10T18:50:54.689+0000] {processor.py:175} INFO - Processing /home/airflow/.local/lib/python3.7/site-packages/airflow/example_dags/example_short_circuit_operator.py took 0.058 seconds
[2023-05-10T18:51:25.419+0000] {processor.py:153} INFO - Started process (PID=1459) to work on /home/airflow/.local/lib/python3.7/site-packages/airflow/example_dags/example_short_circuit_operator.py
[2023-05-10T18:51:25.420+0000] {processor.py:743} INFO - Processing file /home/airflow/.local/lib/python3.7/site-packages/airflow/example_dags/example_short_circuit_operator.py for tasks to queue
[2023-05-10T18:51:25.421+0000] {logging_mixin.py:137} INFO - [2023-05-10T18:51:25.421+0000] {dagbag.py:538} INFO - Filling up the DagBag from /home/airflow/.local/lib/python3.7/site-packages/airflow/example_dags/example_short_circuit_operator.py
[2023-05-10T18:51:25.431+0000] {processor.py:753} INFO - DAG(s) dict_keys(['example_short_circuit_operator']) retrieved from /home/airflow/.local/lib/python3.7/site-packages/airflow/example_dags/example_short_circuit_operator.py
[2023-05-10T18:51:25.447+0000] {logging_mixin.py:137} INFO - [2023-05-10T18:51:25.447+0000] {dag.py:2690} INFO - Sync 1 DAGs
[2023-05-10T18:51:25.461+0000] {logging_mixin.py:137} INFO - [2023-05-10T18:51:25.461+0000] {dag.py:3441} INFO - Setting next_dagrun for example_short_circuit_operator to 2023-05-09T18:51:25.461227+00:00, run_after=2023-05-10T18:51:25.461227+00:00
[2023-05-10T18:51:25.470+0000] {processor.py:175} INFO - Processing /home/airflow/.local/lib/python3.7/site-packages/airflow/example_dags/example_short_circuit_operator.py took 0.053 seconds
[2023-05-10T18:51:56.290+0000] {processor.py:153} INFO - Started process (PID=1522) to work on /home/airflow/.local/lib/python3.7/site-packages/airflow/example_dags/example_short_circuit_operator.py
[2023-05-10T18:51:56.291+0000] {processor.py:743} INFO - Processing file /home/airflow/.local/lib/python3.7/site-packages/airflow/example_dags/example_short_circuit_operator.py for tasks to queue
[2023-05-10T18:51:56.292+0000] {logging_mixin.py:137} INFO - [2023-05-10T18:51:56.292+0000] {dagbag.py:538} INFO - Filling up the DagBag from /home/airflow/.local/lib/python3.7/site-packages/airflow/example_dags/example_short_circuit_operator.py
[2023-05-10T18:51:56.303+0000] {processor.py:753} INFO - DAG(s) dict_keys(['example_short_circuit_operator']) retrieved from /home/airflow/.local/lib/python3.7/site-packages/airflow/example_dags/example_short_circuit_operator.py
[2023-05-10T18:51:56.321+0000] {logging_mixin.py:137} INFO - [2023-05-10T18:51:56.320+0000] {dag.py:2690} INFO - Sync 1 DAGs
[2023-05-10T18:51:56.335+0000] {logging_mixin.py:137} INFO - [2023-05-10T18:51:56.335+0000] {dag.py:3441} INFO - Setting next_dagrun for example_short_circuit_operator to 2023-05-09T18:51:56.335361+00:00, run_after=2023-05-10T18:51:56.335361+00:00
[2023-05-10T18:51:56.345+0000] {processor.py:175} INFO - Processing /home/airflow/.local/lib/python3.7/site-packages/airflow/example_dags/example_short_circuit_operator.py took 0.057 seconds
[2023-05-10T18:52:27.071+0000] {processor.py:153} INFO - Started process (PID=1595) to work on /home/airflow/.local/lib/python3.7/site-packages/airflow/example_dags/example_short_circuit_operator.py
[2023-05-10T18:52:27.072+0000] {processor.py:743} INFO - Processing file /home/airflow/.local/lib/python3.7/site-packages/airflow/example_dags/example_short_circuit_operator.py for tasks to queue
[2023-05-10T18:52:27.072+0000] {logging_mixin.py:137} INFO - [2023-05-10T18:52:27.072+0000] {dagbag.py:538} INFO - Filling up the DagBag from /home/airflow/.local/lib/python3.7/site-packages/airflow/example_dags/example_short_circuit_operator.py
[2023-05-10T18:52:27.083+0000] {processor.py:753} INFO - DAG(s) dict_keys(['example_short_circuit_operator']) retrieved from /home/airflow/.local/lib/python3.7/site-packages/airflow/example_dags/example_short_circuit_operator.py
[2023-05-10T18:52:27.099+0000] {logging_mixin.py:137} INFO - [2023-05-10T18:52:27.099+0000] {dag.py:2690} INFO - Sync 1 DAGs
[2023-05-10T18:52:27.112+0000] {logging_mixin.py:137} INFO - [2023-05-10T18:52:27.112+0000] {dag.py:3441} INFO - Setting next_dagrun for example_short_circuit_operator to 2023-05-09T18:52:27.112733+00:00, run_after=2023-05-10T18:52:27.112733+00:00
[2023-05-10T18:52:27.122+0000] {processor.py:175} INFO - Processing /home/airflow/.local/lib/python3.7/site-packages/airflow/example_dags/example_short_circuit_operator.py took 0.054 seconds
[2023-05-10T18:52:57.980+0000] {processor.py:153} INFO - Started process (PID=1670) to work on /home/airflow/.local/lib/python3.7/site-packages/airflow/example_dags/example_short_circuit_operator.py
[2023-05-10T18:52:57.982+0000] {processor.py:743} INFO - Processing file /home/airflow/.local/lib/python3.7/site-packages/airflow/example_dags/example_short_circuit_operator.py for tasks to queue
[2023-05-10T18:52:57.983+0000] {logging_mixin.py:137} INFO - [2023-05-10T18:52:57.982+0000] {dagbag.py:538} INFO - Filling up the DagBag from /home/airflow/.local/lib/python3.7/site-packages/airflow/example_dags/example_short_circuit_operator.py
[2023-05-10T18:52:57.993+0000] {processor.py:753} INFO - DAG(s) dict_keys(['example_short_circuit_operator']) retrieved from /home/airflow/.local/lib/python3.7/site-packages/airflow/example_dags/example_short_circuit_operator.py
[2023-05-10T18:52:58.011+0000] {logging_mixin.py:137} INFO - [2023-05-10T18:52:58.011+0000] {dag.py:2690} INFO - Sync 1 DAGs
[2023-05-10T18:52:58.025+0000] {logging_mixin.py:137} INFO - [2023-05-10T18:52:58.025+0000] {dag.py:3441} INFO - Setting next_dagrun for example_short_circuit_operator to 2023-05-09T18:52:58.025420+00:00, run_after=2023-05-10T18:52:58.025420+00:00
[2023-05-10T18:52:58.036+0000] {processor.py:175} INFO - Processing /home/airflow/.local/lib/python3.7/site-packages/airflow/example_dags/example_short_circuit_operator.py took 0.058 seconds
[2023-05-10T18:53:28.737+0000] {processor.py:153} INFO - Started process (PID=1745) to work on /home/airflow/.local/lib/python3.7/site-packages/airflow/example_dags/example_short_circuit_operator.py
[2023-05-10T18:53:28.738+0000] {processor.py:743} INFO - Processing file /home/airflow/.local/lib/python3.7/site-packages/airflow/example_dags/example_short_circuit_operator.py for tasks to queue
[2023-05-10T18:53:28.741+0000] {logging_mixin.py:137} INFO - [2023-05-10T18:53:28.741+0000] {dagbag.py:538} INFO - Filling up the DagBag from /home/airflow/.local/lib/python3.7/site-packages/airflow/example_dags/example_short_circuit_operator.py
[2023-05-10T18:53:28.751+0000] {processor.py:753} INFO - DAG(s) dict_keys(['example_short_circuit_operator']) retrieved from /home/airflow/.local/lib/python3.7/site-packages/airflow/example_dags/example_short_circuit_operator.py
[2023-05-10T18:53:28.768+0000] {logging_mixin.py:137} INFO - [2023-05-10T18:53:28.768+0000] {dag.py:2690} INFO - Sync 1 DAGs
[2023-05-10T18:53:28.781+0000] {logging_mixin.py:137} INFO - [2023-05-10T18:53:28.781+0000] {dag.py:3441} INFO - Setting next_dagrun for example_short_circuit_operator to 2023-05-09T18:53:28.781640+00:00, run_after=2023-05-10T18:53:28.781640+00:00
[2023-05-10T18:53:28.791+0000] {processor.py:175} INFO - Processing /home/airflow/.local/lib/python3.7/site-packages/airflow/example_dags/example_short_circuit_operator.py took 0.056 seconds
[2023-05-10T18:53:59.636+0000] {processor.py:153} INFO - Started process (PID=1807) to work on /home/airflow/.local/lib/python3.7/site-packages/airflow/example_dags/example_short_circuit_operator.py
[2023-05-10T18:53:59.637+0000] {processor.py:743} INFO - Processing file /home/airflow/.local/lib/python3.7/site-packages/airflow/example_dags/example_short_circuit_operator.py for tasks to queue
[2023-05-10T18:53:59.638+0000] {logging_mixin.py:137} INFO - [2023-05-10T18:53:59.638+0000] {dagbag.py:538} INFO - Filling up the DagBag from /home/airflow/.local/lib/python3.7/site-packages/airflow/example_dags/example_short_circuit_operator.py
[2023-05-10T18:53:59.648+0000] {processor.py:753} INFO - DAG(s) dict_keys(['example_short_circuit_operator']) retrieved from /home/airflow/.local/lib/python3.7/site-packages/airflow/example_dags/example_short_circuit_operator.py
[2023-05-10T18:53:59.665+0000] {logging_mixin.py:137} INFO - [2023-05-10T18:53:59.665+0000] {dag.py:2690} INFO - Sync 1 DAGs
[2023-05-10T18:53:59.678+0000] {logging_mixin.py:137} INFO - [2023-05-10T18:53:59.678+0000] {dag.py:3441} INFO - Setting next_dagrun for example_short_circuit_operator to 2023-05-09T18:53:59.678314+00:00, run_after=2023-05-10T18:53:59.678314+00:00
[2023-05-10T18:53:59.687+0000] {processor.py:175} INFO - Processing /home/airflow/.local/lib/python3.7/site-packages/airflow/example_dags/example_short_circuit_operator.py took 0.054 seconds
[2023-05-10T18:54:30.369+0000] {processor.py:153} INFO - Started process (PID=1883) to work on /home/airflow/.local/lib/python3.7/site-packages/airflow/example_dags/example_short_circuit_operator.py
[2023-05-10T18:54:30.369+0000] {processor.py:743} INFO - Processing file /home/airflow/.local/lib/python3.7/site-packages/airflow/example_dags/example_short_circuit_operator.py for tasks to queue
[2023-05-10T18:54:30.370+0000] {logging_mixin.py:137} INFO - [2023-05-10T18:54:30.370+0000] {dagbag.py:538} INFO - Filling up the DagBag from /home/airflow/.local/lib/python3.7/site-packages/airflow/example_dags/example_short_circuit_operator.py
[2023-05-10T18:54:30.380+0000] {processor.py:753} INFO - DAG(s) dict_keys(['example_short_circuit_operator']) retrieved from /home/airflow/.local/lib/python3.7/site-packages/airflow/example_dags/example_short_circuit_operator.py
[2023-05-10T18:54:30.397+0000] {logging_mixin.py:137} INFO - [2023-05-10T18:54:30.397+0000] {dag.py:2690} INFO - Sync 1 DAGs
[2023-05-10T18:54:30.410+0000] {logging_mixin.py:137} INFO - [2023-05-10T18:54:30.410+0000] {dag.py:3441} INFO - Setting next_dagrun for example_short_circuit_operator to 2023-05-09T18:54:30.410124+00:00, run_after=2023-05-10T18:54:30.410124+00:00
[2023-05-10T18:54:30.419+0000] {processor.py:175} INFO - Processing /home/airflow/.local/lib/python3.7/site-packages/airflow/example_dags/example_short_circuit_operator.py took 0.053 seconds
[2023-05-10T18:55:01.101+0000] {processor.py:153} INFO - Started process (PID=1958) to work on /home/airflow/.local/lib/python3.7/site-packages/airflow/example_dags/example_short_circuit_operator.py
[2023-05-10T18:55:01.102+0000] {processor.py:743} INFO - Processing file /home/airflow/.local/lib/python3.7/site-packages/airflow/example_dags/example_short_circuit_operator.py for tasks to queue
[2023-05-10T18:55:01.103+0000] {logging_mixin.py:137} INFO - [2023-05-10T18:55:01.102+0000] {dagbag.py:538} INFO - Filling up the DagBag from /home/airflow/.local/lib/python3.7/site-packages/airflow/example_dags/example_short_circuit_operator.py
[2023-05-10T18:55:01.112+0000] {processor.py:753} INFO - DAG(s) dict_keys(['example_short_circuit_operator']) retrieved from /home/airflow/.local/lib/python3.7/site-packages/airflow/example_dags/example_short_circuit_operator.py
[2023-05-10T18:55:01.129+0000] {logging_mixin.py:137} INFO - [2023-05-10T18:55:01.129+0000] {dag.py:2690} INFO - Sync 1 DAGs
[2023-05-10T18:55:01.142+0000] {logging_mixin.py:137} INFO - [2023-05-10T18:55:01.142+0000] {dag.py:3441} INFO - Setting next_dagrun for example_short_circuit_operator to 2023-05-09T18:55:01.142705+00:00, run_after=2023-05-10T18:55:01.142705+00:00
[2023-05-10T18:55:01.151+0000] {processor.py:175} INFO - Processing /home/airflow/.local/lib/python3.7/site-packages/airflow/example_dags/example_short_circuit_operator.py took 0.052 seconds
