[2023-05-10T17:37:12.581+0000] {processor.py:153} INFO - Started process (PID=47) to work on /home/airflow/.local/lib/python3.7/site-packages/airflow/example_dags/example_bash_operator.py
[2023-05-10T17:37:12.583+0000] {processor.py:743} INFO - Processing file /home/airflow/.local/lib/python3.7/site-packages/airflow/example_dags/example_bash_operator.py for tasks to queue
[2023-05-10T17:37:12.584+0000] {logging_mixin.py:137} INFO - [2023-05-10T17:37:12.584+0000] {dagbag.py:538} INFO - Filling up the DagBag from /home/airflow/.local/lib/python3.7/site-packages/airflow/example_dags/example_bash_operator.py
[2023-05-10T17:37:12.622+0000] {processor.py:753} INFO - DAG(s) dict_keys(['example_bash_operator']) retrieved from /home/airflow/.local/lib/python3.7/site-packages/airflow/example_dags/example_bash_operator.py
[2023-05-10T17:37:12.747+0000] {logging_mixin.py:137} INFO - [2023-05-10T17:37:12.746+0000] {manager.py:504} INFO - Created Permission View: can edit on DAG:example_bash_operator
[2023-05-10T17:37:12.764+0000] {logging_mixin.py:137} INFO - [2023-05-10T17:37:12.763+0000] {manager.py:504} INFO - Created Permission View: can read on DAG:example_bash_operator
[2023-05-10T17:37:12.771+0000] {logging_mixin.py:137} INFO - [2023-05-10T17:37:12.771+0000] {manager.py:504} INFO - Created Permission View: can delete on DAG:example_bash_operator
[2023-05-10T17:37:12.772+0000] {logging_mixin.py:137} INFO - [2023-05-10T17:37:12.772+0000] {dag.py:2690} INFO - Sync 1 DAGs
[2023-05-10T17:37:12.783+0000] {logging_mixin.py:137} INFO - [2023-05-10T17:37:12.783+0000] {dag.py:2711} INFO - Creating ORM DAG for example_bash_operator
[2023-05-10T17:37:12.798+0000] {logging_mixin.py:137} INFO - [2023-05-10T17:37:12.798+0000] {dag.py:3441} INFO - Setting next_dagrun for example_bash_operator to 2023-05-09T00:00:00+00:00, run_after=2023-05-10T00:00:00+00:00
[2023-05-10T17:37:12.821+0000] {processor.py:175} INFO - Processing /home/airflow/.local/lib/python3.7/site-packages/airflow/example_dags/example_bash_operator.py took 0.259 seconds
[2023-05-10T17:37:43.496+0000] {processor.py:153} INFO - Started process (PID=121) to work on /home/airflow/.local/lib/python3.7/site-packages/airflow/example_dags/example_bash_operator.py
[2023-05-10T17:37:43.500+0000] {processor.py:743} INFO - Processing file /home/airflow/.local/lib/python3.7/site-packages/airflow/example_dags/example_bash_operator.py for tasks to queue
[2023-05-10T17:37:43.502+0000] {logging_mixin.py:137} INFO - [2023-05-10T17:37:43.502+0000] {dagbag.py:538} INFO - Filling up the DagBag from /home/airflow/.local/lib/python3.7/site-packages/airflow/example_dags/example_bash_operator.py
[2023-05-10T17:37:43.522+0000] {processor.py:753} INFO - DAG(s) dict_keys(['example_bash_operator']) retrieved from /home/airflow/.local/lib/python3.7/site-packages/airflow/example_dags/example_bash_operator.py
[2023-05-10T17:37:43.564+0000] {logging_mixin.py:137} INFO - [2023-05-10T17:37:43.564+0000] {dag.py:2690} INFO - Sync 1 DAGs
[2023-05-10T17:37:43.597+0000] {logging_mixin.py:137} INFO - [2023-05-10T17:37:43.597+0000] {dag.py:3441} INFO - Setting next_dagrun for example_bash_operator to 2023-05-09T00:00:00+00:00, run_after=2023-05-10T00:00:00+00:00
[2023-05-10T17:37:43.623+0000] {processor.py:175} INFO - Processing /home/airflow/.local/lib/python3.7/site-packages/airflow/example_dags/example_bash_operator.py took 0.130 seconds
[2023-05-10T17:38:14.391+0000] {processor.py:153} INFO - Started process (PID=185) to work on /home/airflow/.local/lib/python3.7/site-packages/airflow/example_dags/example_bash_operator.py
[2023-05-10T17:38:14.394+0000] {processor.py:743} INFO - Processing file /home/airflow/.local/lib/python3.7/site-packages/airflow/example_dags/example_bash_operator.py for tasks to queue
[2023-05-10T17:38:14.396+0000] {logging_mixin.py:137} INFO - [2023-05-10T17:38:14.396+0000] {dagbag.py:538} INFO - Filling up the DagBag from /home/airflow/.local/lib/python3.7/site-packages/airflow/example_dags/example_bash_operator.py
[2023-05-10T17:38:14.452+0000] {processor.py:753} INFO - DAG(s) dict_keys(['example_bash_operator']) retrieved from /home/airflow/.local/lib/python3.7/site-packages/airflow/example_dags/example_bash_operator.py
[2023-05-10T17:38:14.564+0000] {logging_mixin.py:137} INFO - [2023-05-10T17:38:14.564+0000] {dag.py:2690} INFO - Sync 1 DAGs
[2023-05-10T17:38:14.611+0000] {logging_mixin.py:137} INFO - [2023-05-10T17:38:14.611+0000] {dag.py:3441} INFO - Setting next_dagrun for example_bash_operator to 2023-05-09T00:00:00+00:00, run_after=2023-05-10T00:00:00+00:00
[2023-05-10T17:38:14.639+0000] {processor.py:175} INFO - Processing /home/airflow/.local/lib/python3.7/site-packages/airflow/example_dags/example_bash_operator.py took 0.252 seconds
[2023-05-10T17:38:44.870+0000] {processor.py:153} INFO - Started process (PID=261) to work on /home/airflow/.local/lib/python3.7/site-packages/airflow/example_dags/example_bash_operator.py
[2023-05-10T17:38:44.871+0000] {processor.py:743} INFO - Processing file /home/airflow/.local/lib/python3.7/site-packages/airflow/example_dags/example_bash_operator.py for tasks to queue
[2023-05-10T17:38:44.872+0000] {logging_mixin.py:137} INFO - [2023-05-10T17:38:44.872+0000] {dagbag.py:538} INFO - Filling up the DagBag from /home/airflow/.local/lib/python3.7/site-packages/airflow/example_dags/example_bash_operator.py
[2023-05-10T17:38:44.885+0000] {processor.py:753} INFO - DAG(s) dict_keys(['example_bash_operator']) retrieved from /home/airflow/.local/lib/python3.7/site-packages/airflow/example_dags/example_bash_operator.py
[2023-05-10T17:38:44.907+0000] {logging_mixin.py:137} INFO - [2023-05-10T17:38:44.907+0000] {dag.py:2690} INFO - Sync 1 DAGs
[2023-05-10T17:38:44.920+0000] {logging_mixin.py:137} INFO - [2023-05-10T17:38:44.920+0000] {dag.py:3441} INFO - Setting next_dagrun for example_bash_operator to 2023-05-09T00:00:00+00:00, run_after=2023-05-10T00:00:00+00:00
[2023-05-10T17:38:44.929+0000] {processor.py:175} INFO - Processing /home/airflow/.local/lib/python3.7/site-packages/airflow/example_dags/example_bash_operator.py took 0.061 seconds
[2023-05-10T17:39:15.891+0000] {processor.py:153} INFO - Started process (PID=337) to work on /home/airflow/.local/lib/python3.7/site-packages/airflow/example_dags/example_bash_operator.py
[2023-05-10T17:39:15.892+0000] {processor.py:743} INFO - Processing file /home/airflow/.local/lib/python3.7/site-packages/airflow/example_dags/example_bash_operator.py for tasks to queue
[2023-05-10T17:39:15.892+0000] {logging_mixin.py:137} INFO - [2023-05-10T17:39:15.892+0000] {dagbag.py:538} INFO - Filling up the DagBag from /home/airflow/.local/lib/python3.7/site-packages/airflow/example_dags/example_bash_operator.py
[2023-05-10T17:39:15.905+0000] {processor.py:753} INFO - DAG(s) dict_keys(['example_bash_operator']) retrieved from /home/airflow/.local/lib/python3.7/site-packages/airflow/example_dags/example_bash_operator.py
[2023-05-10T17:39:15.926+0000] {logging_mixin.py:137} INFO - [2023-05-10T17:39:15.926+0000] {dag.py:2690} INFO - Sync 1 DAGs
[2023-05-10T17:39:15.939+0000] {logging_mixin.py:137} INFO - [2023-05-10T17:39:15.939+0000] {dag.py:3441} INFO - Setting next_dagrun for example_bash_operator to 2023-05-09T00:00:00+00:00, run_after=2023-05-10T00:00:00+00:00
[2023-05-10T17:39:15.948+0000] {processor.py:175} INFO - Processing /home/airflow/.local/lib/python3.7/site-packages/airflow/example_dags/example_bash_operator.py took 0.060 seconds
[2023-05-10T17:39:46.861+0000] {processor.py:153} INFO - Started process (PID=411) to work on /home/airflow/.local/lib/python3.7/site-packages/airflow/example_dags/example_bash_operator.py
[2023-05-10T17:39:46.862+0000] {processor.py:743} INFO - Processing file /home/airflow/.local/lib/python3.7/site-packages/airflow/example_dags/example_bash_operator.py for tasks to queue
[2023-05-10T17:39:46.862+0000] {logging_mixin.py:137} INFO - [2023-05-10T17:39:46.862+0000] {dagbag.py:538} INFO - Filling up the DagBag from /home/airflow/.local/lib/python3.7/site-packages/airflow/example_dags/example_bash_operator.py
[2023-05-10T17:39:46.875+0000] {processor.py:753} INFO - DAG(s) dict_keys(['example_bash_operator']) retrieved from /home/airflow/.local/lib/python3.7/site-packages/airflow/example_dags/example_bash_operator.py
[2023-05-10T17:39:46.896+0000] {logging_mixin.py:137} INFO - [2023-05-10T17:39:46.896+0000] {dag.py:2690} INFO - Sync 1 DAGs
[2023-05-10T17:39:46.910+0000] {logging_mixin.py:137} INFO - [2023-05-10T17:39:46.910+0000] {dag.py:3441} INFO - Setting next_dagrun for example_bash_operator to 2023-05-09T00:00:00+00:00, run_after=2023-05-10T00:00:00+00:00
[2023-05-10T17:39:46.919+0000] {processor.py:175} INFO - Processing /home/airflow/.local/lib/python3.7/site-packages/airflow/example_dags/example_bash_operator.py took 0.060 seconds
[2023-05-10T17:40:17.758+0000] {processor.py:153} INFO - Started process (PID=475) to work on /home/airflow/.local/lib/python3.7/site-packages/airflow/example_dags/example_bash_operator.py
[2023-05-10T17:40:17.759+0000] {processor.py:743} INFO - Processing file /home/airflow/.local/lib/python3.7/site-packages/airflow/example_dags/example_bash_operator.py for tasks to queue
[2023-05-10T17:40:17.759+0000] {logging_mixin.py:137} INFO - [2023-05-10T17:40:17.759+0000] {dagbag.py:538} INFO - Filling up the DagBag from /home/airflow/.local/lib/python3.7/site-packages/airflow/example_dags/example_bash_operator.py
[2023-05-10T17:40:17.773+0000] {processor.py:753} INFO - DAG(s) dict_keys(['example_bash_operator']) retrieved from /home/airflow/.local/lib/python3.7/site-packages/airflow/example_dags/example_bash_operator.py
[2023-05-10T17:40:17.794+0000] {logging_mixin.py:137} INFO - [2023-05-10T17:40:17.794+0000] {dag.py:2690} INFO - Sync 1 DAGs
[2023-05-10T17:40:17.808+0000] {logging_mixin.py:137} INFO - [2023-05-10T17:40:17.808+0000] {dag.py:3441} INFO - Setting next_dagrun for example_bash_operator to 2023-05-09T00:00:00+00:00, run_after=2023-05-10T00:00:00+00:00
[2023-05-10T17:40:17.817+0000] {processor.py:175} INFO - Processing /home/airflow/.local/lib/python3.7/site-packages/airflow/example_dags/example_bash_operator.py took 0.061 seconds
[2023-05-10T17:40:48.636+0000] {processor.py:153} INFO - Started process (PID=551) to work on /home/airflow/.local/lib/python3.7/site-packages/airflow/example_dags/example_bash_operator.py
[2023-05-10T17:40:48.637+0000] {processor.py:743} INFO - Processing file /home/airflow/.local/lib/python3.7/site-packages/airflow/example_dags/example_bash_operator.py for tasks to queue
[2023-05-10T17:40:48.637+0000] {logging_mixin.py:137} INFO - [2023-05-10T17:40:48.637+0000] {dagbag.py:538} INFO - Filling up the DagBag from /home/airflow/.local/lib/python3.7/site-packages/airflow/example_dags/example_bash_operator.py
[2023-05-10T17:40:48.650+0000] {processor.py:753} INFO - DAG(s) dict_keys(['example_bash_operator']) retrieved from /home/airflow/.local/lib/python3.7/site-packages/airflow/example_dags/example_bash_operator.py
[2023-05-10T17:40:48.670+0000] {logging_mixin.py:137} INFO - [2023-05-10T17:40:48.670+0000] {dag.py:2690} INFO - Sync 1 DAGs
[2023-05-10T17:40:48.683+0000] {logging_mixin.py:137} INFO - [2023-05-10T17:40:48.683+0000] {dag.py:3441} INFO - Setting next_dagrun for example_bash_operator to 2023-05-09T00:00:00+00:00, run_after=2023-05-10T00:00:00+00:00
[2023-05-10T17:40:48.692+0000] {processor.py:175} INFO - Processing /home/airflow/.local/lib/python3.7/site-packages/airflow/example_dags/example_bash_operator.py took 0.058 seconds
[2023-05-10T17:41:18.805+0000] {processor.py:153} INFO - Started process (PID=628) to work on /home/airflow/.local/lib/python3.7/site-packages/airflow/example_dags/example_bash_operator.py
[2023-05-10T17:41:18.806+0000] {processor.py:743} INFO - Processing file /home/airflow/.local/lib/python3.7/site-packages/airflow/example_dags/example_bash_operator.py for tasks to queue
[2023-05-10T17:41:18.806+0000] {logging_mixin.py:137} INFO - [2023-05-10T17:41:18.806+0000] {dagbag.py:538} INFO - Filling up the DagBag from /home/airflow/.local/lib/python3.7/site-packages/airflow/example_dags/example_bash_operator.py
[2023-05-10T17:41:18.818+0000] {processor.py:753} INFO - DAG(s) dict_keys(['example_bash_operator']) retrieved from /home/airflow/.local/lib/python3.7/site-packages/airflow/example_dags/example_bash_operator.py
[2023-05-10T17:41:18.839+0000] {logging_mixin.py:137} INFO - [2023-05-10T17:41:18.839+0000] {dag.py:2690} INFO - Sync 1 DAGs
[2023-05-10T17:41:18.852+0000] {logging_mixin.py:137} INFO - [2023-05-10T17:41:18.852+0000] {dag.py:3441} INFO - Setting next_dagrun for example_bash_operator to 2023-05-09T00:00:00+00:00, run_after=2023-05-10T00:00:00+00:00
[2023-05-10T17:41:18.860+0000] {processor.py:175} INFO - Processing /home/airflow/.local/lib/python3.7/site-packages/airflow/example_dags/example_bash_operator.py took 0.058 seconds
[2023-05-10T17:56:36.253+0000] {processor.py:153} INFO - Started process (PID=679) to work on /home/airflow/.local/lib/python3.7/site-packages/airflow/example_dags/example_bash_operator.py
[2023-05-10T17:56:36.254+0000] {processor.py:743} INFO - Processing file /home/airflow/.local/lib/python3.7/site-packages/airflow/example_dags/example_bash_operator.py for tasks to queue
[2023-05-10T17:56:36.255+0000] {logging_mixin.py:137} INFO - [2023-05-10T17:56:36.255+0000] {dagbag.py:538} INFO - Filling up the DagBag from /home/airflow/.local/lib/python3.7/site-packages/airflow/example_dags/example_bash_operator.py
[2023-05-10T17:56:36.277+0000] {processor.py:753} INFO - DAG(s) dict_keys(['example_bash_operator']) retrieved from /home/airflow/.local/lib/python3.7/site-packages/airflow/example_dags/example_bash_operator.py
[2023-05-10T17:56:36.310+0000] {logging_mixin.py:137} INFO - [2023-05-10T17:56:36.310+0000] {dag.py:2690} INFO - Sync 1 DAGs
[2023-05-10T17:56:36.338+0000] {logging_mixin.py:137} INFO - [2023-05-10T17:56:36.338+0000] {dag.py:3441} INFO - Setting next_dagrun for example_bash_operator to 2023-05-09T00:00:00+00:00, run_after=2023-05-10T00:00:00+00:00
[2023-05-10T17:56:36.363+0000] {processor.py:175} INFO - Processing /home/airflow/.local/lib/python3.7/site-packages/airflow/example_dags/example_bash_operator.py took 0.120 seconds
[2023-05-10T18:14:19.054+0000] {processor.py:153} INFO - Started process (PID=755) to work on /home/airflow/.local/lib/python3.7/site-packages/airflow/example_dags/example_bash_operator.py
[2023-05-10T18:14:19.055+0000] {processor.py:743} INFO - Processing file /home/airflow/.local/lib/python3.7/site-packages/airflow/example_dags/example_bash_operator.py for tasks to queue
[2023-05-10T18:14:19.056+0000] {logging_mixin.py:137} INFO - [2023-05-10T18:14:19.056+0000] {dagbag.py:538} INFO - Filling up the DagBag from /home/airflow/.local/lib/python3.7/site-packages/airflow/example_dags/example_bash_operator.py
[2023-05-10T18:14:19.069+0000] {processor.py:753} INFO - DAG(s) dict_keys(['example_bash_operator']) retrieved from /home/airflow/.local/lib/python3.7/site-packages/airflow/example_dags/example_bash_operator.py
[2023-05-10T18:14:19.090+0000] {logging_mixin.py:137} INFO - [2023-05-10T18:14:19.090+0000] {dag.py:2690} INFO - Sync 1 DAGs
[2023-05-10T18:14:19.103+0000] {logging_mixin.py:137} INFO - [2023-05-10T18:14:19.103+0000] {dag.py:3441} INFO - Setting next_dagrun for example_bash_operator to 2023-05-09T00:00:00+00:00, run_after=2023-05-10T00:00:00+00:00
[2023-05-10T18:14:19.112+0000] {processor.py:175} INFO - Processing /home/airflow/.local/lib/python3.7/site-packages/airflow/example_dags/example_bash_operator.py took 0.060 seconds
[2023-05-10T18:14:49.650+0000] {processor.py:153} INFO - Started process (PID=818) to work on /home/airflow/.local/lib/python3.7/site-packages/airflow/example_dags/example_bash_operator.py
[2023-05-10T18:14:49.651+0000] {processor.py:743} INFO - Processing file /home/airflow/.local/lib/python3.7/site-packages/airflow/example_dags/example_bash_operator.py for tasks to queue
[2023-05-10T18:14:49.651+0000] {logging_mixin.py:137} INFO - [2023-05-10T18:14:49.651+0000] {dagbag.py:538} INFO - Filling up the DagBag from /home/airflow/.local/lib/python3.7/site-packages/airflow/example_dags/example_bash_operator.py
[2023-05-10T18:14:49.665+0000] {processor.py:753} INFO - DAG(s) dict_keys(['example_bash_operator']) retrieved from /home/airflow/.local/lib/python3.7/site-packages/airflow/example_dags/example_bash_operator.py
[2023-05-10T18:14:49.685+0000] {logging_mixin.py:137} INFO - [2023-05-10T18:14:49.685+0000] {dag.py:2690} INFO - Sync 1 DAGs
[2023-05-10T18:14:49.698+0000] {logging_mixin.py:137} INFO - [2023-05-10T18:14:49.698+0000] {dag.py:3441} INFO - Setting next_dagrun for example_bash_operator to 2023-05-09T00:00:00+00:00, run_after=2023-05-10T00:00:00+00:00
[2023-05-10T18:14:49.707+0000] {processor.py:175} INFO - Processing /home/airflow/.local/lib/python3.7/site-packages/airflow/example_dags/example_bash_operator.py took 0.060 seconds
[2023-05-10T18:30:29.167+0000] {processor.py:153} INFO - Started process (PID=895) to work on /home/airflow/.local/lib/python3.7/site-packages/airflow/example_dags/example_bash_operator.py
[2023-05-10T18:30:29.168+0000] {processor.py:743} INFO - Processing file /home/airflow/.local/lib/python3.7/site-packages/airflow/example_dags/example_bash_operator.py for tasks to queue
[2023-05-10T18:30:29.169+0000] {logging_mixin.py:137} INFO - [2023-05-10T18:30:29.169+0000] {dagbag.py:538} INFO - Filling up the DagBag from /home/airflow/.local/lib/python3.7/site-packages/airflow/example_dags/example_bash_operator.py
[2023-05-10T18:30:29.197+0000] {processor.py:753} INFO - DAG(s) dict_keys(['example_bash_operator']) retrieved from /home/airflow/.local/lib/python3.7/site-packages/airflow/example_dags/example_bash_operator.py
[2023-05-10T18:30:29.238+0000] {logging_mixin.py:137} INFO - [2023-05-10T18:30:29.237+0000] {dag.py:2690} INFO - Sync 1 DAGs
[2023-05-10T18:30:29.257+0000] {logging_mixin.py:137} INFO - [2023-05-10T18:30:29.257+0000] {dag.py:3441} INFO - Setting next_dagrun for example_bash_operator to 2023-05-09T00:00:00+00:00, run_after=2023-05-10T00:00:00+00:00
[2023-05-10T18:30:29.271+0000] {processor.py:175} INFO - Processing /home/airflow/.local/lib/python3.7/site-packages/airflow/example_dags/example_bash_operator.py took 0.107 seconds
[2023-05-10T18:30:59.377+0000] {processor.py:153} INFO - Started process (PID=971) to work on /home/airflow/.local/lib/python3.7/site-packages/airflow/example_dags/example_bash_operator.py
[2023-05-10T18:30:59.378+0000] {processor.py:743} INFO - Processing file /home/airflow/.local/lib/python3.7/site-packages/airflow/example_dags/example_bash_operator.py for tasks to queue
[2023-05-10T18:30:59.379+0000] {logging_mixin.py:137} INFO - [2023-05-10T18:30:59.379+0000] {dagbag.py:538} INFO - Filling up the DagBag from /home/airflow/.local/lib/python3.7/site-packages/airflow/example_dags/example_bash_operator.py
[2023-05-10T18:30:59.391+0000] {processor.py:753} INFO - DAG(s) dict_keys(['example_bash_operator']) retrieved from /home/airflow/.local/lib/python3.7/site-packages/airflow/example_dags/example_bash_operator.py
[2023-05-10T18:30:59.412+0000] {logging_mixin.py:137} INFO - [2023-05-10T18:30:59.412+0000] {dag.py:2690} INFO - Sync 1 DAGs
[2023-05-10T18:30:59.425+0000] {logging_mixin.py:137} INFO - [2023-05-10T18:30:59.425+0000] {dag.py:3441} INFO - Setting next_dagrun for example_bash_operator to 2023-05-09T00:00:00+00:00, run_after=2023-05-10T00:00:00+00:00
[2023-05-10T18:30:59.433+0000] {processor.py:175} INFO - Processing /home/airflow/.local/lib/python3.7/site-packages/airflow/example_dags/example_bash_operator.py took 0.059 seconds
[2023-05-10T18:47:36.885+0000] {processor.py:153} INFO - Started process (PID=1035) to work on /home/airflow/.local/lib/python3.7/site-packages/airflow/example_dags/example_bash_operator.py
[2023-05-10T18:47:36.886+0000] {processor.py:743} INFO - Processing file /home/airflow/.local/lib/python3.7/site-packages/airflow/example_dags/example_bash_operator.py for tasks to queue
[2023-05-10T18:47:36.887+0000] {logging_mixin.py:137} INFO - [2023-05-10T18:47:36.887+0000] {dagbag.py:538} INFO - Filling up the DagBag from /home/airflow/.local/lib/python3.7/site-packages/airflow/example_dags/example_bash_operator.py
[2023-05-10T18:47:36.900+0000] {processor.py:753} INFO - DAG(s) dict_keys(['example_bash_operator']) retrieved from /home/airflow/.local/lib/python3.7/site-packages/airflow/example_dags/example_bash_operator.py
[2023-05-10T18:47:36.921+0000] {logging_mixin.py:137} INFO - [2023-05-10T18:47:36.921+0000] {dag.py:2690} INFO - Sync 1 DAGs
[2023-05-10T18:47:36.935+0000] {logging_mixin.py:137} INFO - [2023-05-10T18:47:36.935+0000] {dag.py:3441} INFO - Setting next_dagrun for example_bash_operator to 2023-05-09T00:00:00+00:00, run_after=2023-05-10T00:00:00+00:00
[2023-05-10T18:47:36.944+0000] {processor.py:175} INFO - Processing /home/airflow/.local/lib/python3.7/site-packages/airflow/example_dags/example_bash_operator.py took 0.061 seconds
[2023-05-10T18:48:07.707+0000] {processor.py:153} INFO - Started process (PID=1110) to work on /home/airflow/.local/lib/python3.7/site-packages/airflow/example_dags/example_bash_operator.py
[2023-05-10T18:48:07.708+0000] {processor.py:743} INFO - Processing file /home/airflow/.local/lib/python3.7/site-packages/airflow/example_dags/example_bash_operator.py for tasks to queue
[2023-05-10T18:48:07.709+0000] {logging_mixin.py:137} INFO - [2023-05-10T18:48:07.709+0000] {dagbag.py:538} INFO - Filling up the DagBag from /home/airflow/.local/lib/python3.7/site-packages/airflow/example_dags/example_bash_operator.py
[2023-05-10T18:48:07.721+0000] {processor.py:753} INFO - DAG(s) dict_keys(['example_bash_operator']) retrieved from /home/airflow/.local/lib/python3.7/site-packages/airflow/example_dags/example_bash_operator.py
[2023-05-10T18:48:07.742+0000] {logging_mixin.py:137} INFO - [2023-05-10T18:48:07.742+0000] {dag.py:2690} INFO - Sync 1 DAGs
[2023-05-10T18:48:07.756+0000] {logging_mixin.py:137} INFO - [2023-05-10T18:48:07.756+0000] {dag.py:3441} INFO - Setting next_dagrun for example_bash_operator to 2023-05-09T00:00:00+00:00, run_after=2023-05-10T00:00:00+00:00
[2023-05-10T18:48:07.765+0000] {processor.py:175} INFO - Processing /home/airflow/.local/lib/python3.7/site-packages/airflow/example_dags/example_bash_operator.py took 0.060 seconds
[2023-05-10T18:49:22.890+0000] {processor.py:153} INFO - Started process (PID=1185) to work on /home/airflow/.local/lib/python3.7/site-packages/airflow/example_dags/example_bash_operator.py
[2023-05-10T18:49:22.891+0000] {processor.py:743} INFO - Processing file /home/airflow/.local/lib/python3.7/site-packages/airflow/example_dags/example_bash_operator.py for tasks to queue
[2023-05-10T18:49:22.892+0000] {logging_mixin.py:137} INFO - [2023-05-10T18:49:22.892+0000] {dagbag.py:538} INFO - Filling up the DagBag from /home/airflow/.local/lib/python3.7/site-packages/airflow/example_dags/example_bash_operator.py
[2023-05-10T18:49:22.904+0000] {processor.py:753} INFO - DAG(s) dict_keys(['example_bash_operator']) retrieved from /home/airflow/.local/lib/python3.7/site-packages/airflow/example_dags/example_bash_operator.py
[2023-05-10T18:49:22.926+0000] {logging_mixin.py:137} INFO - [2023-05-10T18:49:22.926+0000] {dag.py:2690} INFO - Sync 1 DAGs
[2023-05-10T18:49:22.940+0000] {logging_mixin.py:137} INFO - [2023-05-10T18:49:22.940+0000] {dag.py:3441} INFO - Setting next_dagrun for example_bash_operator to 2023-05-09T00:00:00+00:00, run_after=2023-05-10T00:00:00+00:00
[2023-05-10T18:49:22.949+0000] {processor.py:175} INFO - Processing /home/airflow/.local/lib/python3.7/site-packages/airflow/example_dags/example_bash_operator.py took 0.061 seconds
[2023-05-10T18:49:53.584+0000] {processor.py:153} INFO - Started process (PID=1249) to work on /home/airflow/.local/lib/python3.7/site-packages/airflow/example_dags/example_bash_operator.py
[2023-05-10T18:49:53.585+0000] {processor.py:743} INFO - Processing file /home/airflow/.local/lib/python3.7/site-packages/airflow/example_dags/example_bash_operator.py for tasks to queue
[2023-05-10T18:49:53.585+0000] {logging_mixin.py:137} INFO - [2023-05-10T18:49:53.585+0000] {dagbag.py:538} INFO - Filling up the DagBag from /home/airflow/.local/lib/python3.7/site-packages/airflow/example_dags/example_bash_operator.py
[2023-05-10T18:49:53.598+0000] {processor.py:753} INFO - DAG(s) dict_keys(['example_bash_operator']) retrieved from /home/airflow/.local/lib/python3.7/site-packages/airflow/example_dags/example_bash_operator.py
[2023-05-10T18:49:53.620+0000] {logging_mixin.py:137} INFO - [2023-05-10T18:49:53.620+0000] {dag.py:2690} INFO - Sync 1 DAGs
[2023-05-10T18:49:53.634+0000] {logging_mixin.py:137} INFO - [2023-05-10T18:49:53.634+0000] {dag.py:3441} INFO - Setting next_dagrun for example_bash_operator to 2023-05-09T00:00:00+00:00, run_after=2023-05-10T00:00:00+00:00
[2023-05-10T18:49:53.643+0000] {processor.py:175} INFO - Processing /home/airflow/.local/lib/python3.7/site-packages/airflow/example_dags/example_bash_operator.py took 0.062 seconds
[2023-05-10T18:50:24.387+0000] {processor.py:153} INFO - Started process (PID=1324) to work on /home/airflow/.local/lib/python3.7/site-packages/airflow/example_dags/example_bash_operator.py
[2023-05-10T18:50:24.388+0000] {processor.py:743} INFO - Processing file /home/airflow/.local/lib/python3.7/site-packages/airflow/example_dags/example_bash_operator.py for tasks to queue
[2023-05-10T18:50:24.389+0000] {logging_mixin.py:137} INFO - [2023-05-10T18:50:24.389+0000] {dagbag.py:538} INFO - Filling up the DagBag from /home/airflow/.local/lib/python3.7/site-packages/airflow/example_dags/example_bash_operator.py
[2023-05-10T18:50:24.402+0000] {processor.py:753} INFO - DAG(s) dict_keys(['example_bash_operator']) retrieved from /home/airflow/.local/lib/python3.7/site-packages/airflow/example_dags/example_bash_operator.py
[2023-05-10T18:50:24.425+0000] {logging_mixin.py:137} INFO - [2023-05-10T18:50:24.425+0000] {dag.py:2690} INFO - Sync 1 DAGs
[2023-05-10T18:50:24.439+0000] {logging_mixin.py:137} INFO - [2023-05-10T18:50:24.439+0000] {dag.py:3441} INFO - Setting next_dagrun for example_bash_operator to 2023-05-09T00:00:00+00:00, run_after=2023-05-10T00:00:00+00:00
[2023-05-10T18:50:24.448+0000] {processor.py:175} INFO - Processing /home/airflow/.local/lib/python3.7/site-packages/airflow/example_dags/example_bash_operator.py took 0.064 seconds
[2023-05-10T18:50:55.186+0000] {processor.py:153} INFO - Started process (PID=1397) to work on /home/airflow/.local/lib/python3.7/site-packages/airflow/example_dags/example_bash_operator.py
[2023-05-10T18:50:55.187+0000] {processor.py:743} INFO - Processing file /home/airflow/.local/lib/python3.7/site-packages/airflow/example_dags/example_bash_operator.py for tasks to queue
[2023-05-10T18:50:55.187+0000] {logging_mixin.py:137} INFO - [2023-05-10T18:50:55.187+0000] {dagbag.py:538} INFO - Filling up the DagBag from /home/airflow/.local/lib/python3.7/site-packages/airflow/example_dags/example_bash_operator.py
[2023-05-10T18:50:55.200+0000] {processor.py:753} INFO - DAG(s) dict_keys(['example_bash_operator']) retrieved from /home/airflow/.local/lib/python3.7/site-packages/airflow/example_dags/example_bash_operator.py
[2023-05-10T18:50:55.222+0000] {logging_mixin.py:137} INFO - [2023-05-10T18:50:55.222+0000] {dag.py:2690} INFO - Sync 1 DAGs
[2023-05-10T18:50:55.237+0000] {logging_mixin.py:137} INFO - [2023-05-10T18:50:55.236+0000] {dag.py:3441} INFO - Setting next_dagrun for example_bash_operator to 2023-05-09T00:00:00+00:00, run_after=2023-05-10T00:00:00+00:00
[2023-05-10T18:50:55.246+0000] {processor.py:175} INFO - Processing /home/airflow/.local/lib/python3.7/site-packages/airflow/example_dags/example_bash_operator.py took 0.063 seconds
[2023-05-10T18:51:25.940+0000] {processor.py:153} INFO - Started process (PID=1472) to work on /home/airflow/.local/lib/python3.7/site-packages/airflow/example_dags/example_bash_operator.py
[2023-05-10T18:51:25.941+0000] {processor.py:743} INFO - Processing file /home/airflow/.local/lib/python3.7/site-packages/airflow/example_dags/example_bash_operator.py for tasks to queue
[2023-05-10T18:51:25.942+0000] {logging_mixin.py:137} INFO - [2023-05-10T18:51:25.942+0000] {dagbag.py:538} INFO - Filling up the DagBag from /home/airflow/.local/lib/python3.7/site-packages/airflow/example_dags/example_bash_operator.py
[2023-05-10T18:51:25.955+0000] {processor.py:753} INFO - DAG(s) dict_keys(['example_bash_operator']) retrieved from /home/airflow/.local/lib/python3.7/site-packages/airflow/example_dags/example_bash_operator.py
[2023-05-10T18:51:25.977+0000] {logging_mixin.py:137} INFO - [2023-05-10T18:51:25.976+0000] {dag.py:2690} INFO - Sync 1 DAGs
[2023-05-10T18:51:25.991+0000] {logging_mixin.py:137} INFO - [2023-05-10T18:51:25.991+0000] {dag.py:3441} INFO - Setting next_dagrun for example_bash_operator to 2023-05-09T00:00:00+00:00, run_after=2023-05-10T00:00:00+00:00
[2023-05-10T18:51:26.000+0000] {processor.py:175} INFO - Processing /home/airflow/.local/lib/python3.7/site-packages/airflow/example_dags/example_bash_operator.py took 0.062 seconds
[2023-05-10T18:51:56.794+0000] {processor.py:153} INFO - Started process (PID=1535) to work on /home/airflow/.local/lib/python3.7/site-packages/airflow/example_dags/example_bash_operator.py
[2023-05-10T18:51:56.795+0000] {processor.py:743} INFO - Processing file /home/airflow/.local/lib/python3.7/site-packages/airflow/example_dags/example_bash_operator.py for tasks to queue
[2023-05-10T18:51:56.795+0000] {logging_mixin.py:137} INFO - [2023-05-10T18:51:56.795+0000] {dagbag.py:538} INFO - Filling up the DagBag from /home/airflow/.local/lib/python3.7/site-packages/airflow/example_dags/example_bash_operator.py
[2023-05-10T18:51:56.808+0000] {processor.py:753} INFO - DAG(s) dict_keys(['example_bash_operator']) retrieved from /home/airflow/.local/lib/python3.7/site-packages/airflow/example_dags/example_bash_operator.py
[2023-05-10T18:51:56.831+0000] {logging_mixin.py:137} INFO - [2023-05-10T18:51:56.830+0000] {dag.py:2690} INFO - Sync 1 DAGs
[2023-05-10T18:51:56.844+0000] {logging_mixin.py:137} INFO - [2023-05-10T18:51:56.844+0000] {dag.py:3441} INFO - Setting next_dagrun for example_bash_operator to 2023-05-09T00:00:00+00:00, run_after=2023-05-10T00:00:00+00:00
[2023-05-10T18:51:56.854+0000] {processor.py:175} INFO - Processing /home/airflow/.local/lib/python3.7/site-packages/airflow/example_dags/example_bash_operator.py took 0.062 seconds
[2023-05-10T18:52:27.653+0000] {processor.py:153} INFO - Started process (PID=1608) to work on /home/airflow/.local/lib/python3.7/site-packages/airflow/example_dags/example_bash_operator.py
[2023-05-10T18:52:27.655+0000] {processor.py:743} INFO - Processing file /home/airflow/.local/lib/python3.7/site-packages/airflow/example_dags/example_bash_operator.py for tasks to queue
[2023-05-10T18:52:27.657+0000] {logging_mixin.py:137} INFO - [2023-05-10T18:52:27.657+0000] {dagbag.py:538} INFO - Filling up the DagBag from /home/airflow/.local/lib/python3.7/site-packages/airflow/example_dags/example_bash_operator.py
[2023-05-10T18:52:27.674+0000] {processor.py:753} INFO - DAG(s) dict_keys(['example_bash_operator']) retrieved from /home/airflow/.local/lib/python3.7/site-packages/airflow/example_dags/example_bash_operator.py
[2023-05-10T18:52:27.708+0000] {logging_mixin.py:137} INFO - [2023-05-10T18:52:27.708+0000] {dag.py:2690} INFO - Sync 1 DAGs
[2023-05-10T18:52:27.728+0000] {logging_mixin.py:137} INFO - [2023-05-10T18:52:27.728+0000] {dag.py:3441} INFO - Setting next_dagrun for example_bash_operator to 2023-05-09T00:00:00+00:00, run_after=2023-05-10T00:00:00+00:00
[2023-05-10T18:52:27.737+0000] {processor.py:175} INFO - Processing /home/airflow/.local/lib/python3.7/site-packages/airflow/example_dags/example_bash_operator.py took 0.087 seconds
[2023-05-10T18:52:58.491+0000] {processor.py:153} INFO - Started process (PID=1683) to work on /home/airflow/.local/lib/python3.7/site-packages/airflow/example_dags/example_bash_operator.py
[2023-05-10T18:52:58.492+0000] {processor.py:743} INFO - Processing file /home/airflow/.local/lib/python3.7/site-packages/airflow/example_dags/example_bash_operator.py for tasks to queue
[2023-05-10T18:52:58.493+0000] {logging_mixin.py:137} INFO - [2023-05-10T18:52:58.493+0000] {dagbag.py:538} INFO - Filling up the DagBag from /home/airflow/.local/lib/python3.7/site-packages/airflow/example_dags/example_bash_operator.py
[2023-05-10T18:52:58.506+0000] {processor.py:753} INFO - DAG(s) dict_keys(['example_bash_operator']) retrieved from /home/airflow/.local/lib/python3.7/site-packages/airflow/example_dags/example_bash_operator.py
[2023-05-10T18:52:58.528+0000] {logging_mixin.py:137} INFO - [2023-05-10T18:52:58.528+0000] {dag.py:2690} INFO - Sync 1 DAGs
[2023-05-10T18:52:58.542+0000] {logging_mixin.py:137} INFO - [2023-05-10T18:52:58.542+0000] {dag.py:3441} INFO - Setting next_dagrun for example_bash_operator to 2023-05-09T00:00:00+00:00, run_after=2023-05-10T00:00:00+00:00
[2023-05-10T18:52:58.552+0000] {processor.py:175} INFO - Processing /home/airflow/.local/lib/python3.7/site-packages/airflow/example_dags/example_bash_operator.py took 0.063 seconds
[2023-05-10T18:53:29.253+0000] {processor.py:153} INFO - Started process (PID=1758) to work on /home/airflow/.local/lib/python3.7/site-packages/airflow/example_dags/example_bash_operator.py
[2023-05-10T18:53:29.254+0000] {processor.py:743} INFO - Processing file /home/airflow/.local/lib/python3.7/site-packages/airflow/example_dags/example_bash_operator.py for tasks to queue
[2023-05-10T18:53:29.254+0000] {logging_mixin.py:137} INFO - [2023-05-10T18:53:29.254+0000] {dagbag.py:538} INFO - Filling up the DagBag from /home/airflow/.local/lib/python3.7/site-packages/airflow/example_dags/example_bash_operator.py
[2023-05-10T18:53:29.267+0000] {processor.py:753} INFO - DAG(s) dict_keys(['example_bash_operator']) retrieved from /home/airflow/.local/lib/python3.7/site-packages/airflow/example_dags/example_bash_operator.py
[2023-05-10T18:53:29.290+0000] {logging_mixin.py:137} INFO - [2023-05-10T18:53:29.289+0000] {dag.py:2690} INFO - Sync 1 DAGs
[2023-05-10T18:53:29.305+0000] {logging_mixin.py:137} INFO - [2023-05-10T18:53:29.305+0000] {dag.py:3441} INFO - Setting next_dagrun for example_bash_operator to 2023-05-09T00:00:00+00:00, run_after=2023-05-10T00:00:00+00:00
[2023-05-10T18:53:29.318+0000] {processor.py:175} INFO - Processing /home/airflow/.local/lib/python3.7/site-packages/airflow/example_dags/example_bash_operator.py took 0.068 seconds
[2023-05-10T18:54:00.125+0000] {processor.py:153} INFO - Started process (PID=1820) to work on /home/airflow/.local/lib/python3.7/site-packages/airflow/example_dags/example_bash_operator.py
[2023-05-10T18:54:00.126+0000] {processor.py:743} INFO - Processing file /home/airflow/.local/lib/python3.7/site-packages/airflow/example_dags/example_bash_operator.py for tasks to queue
[2023-05-10T18:54:00.127+0000] {logging_mixin.py:137} INFO - [2023-05-10T18:54:00.127+0000] {dagbag.py:538} INFO - Filling up the DagBag from /home/airflow/.local/lib/python3.7/site-packages/airflow/example_dags/example_bash_operator.py
[2023-05-10T18:54:00.139+0000] {processor.py:753} INFO - DAG(s) dict_keys(['example_bash_operator']) retrieved from /home/airflow/.local/lib/python3.7/site-packages/airflow/example_dags/example_bash_operator.py
[2023-05-10T18:54:00.161+0000] {logging_mixin.py:137} INFO - [2023-05-10T18:54:00.161+0000] {dag.py:2690} INFO - Sync 1 DAGs
[2023-05-10T18:54:00.175+0000] {logging_mixin.py:137} INFO - [2023-05-10T18:54:00.175+0000] {dag.py:3441} INFO - Setting next_dagrun for example_bash_operator to 2023-05-09T00:00:00+00:00, run_after=2023-05-10T00:00:00+00:00
[2023-05-10T18:54:00.184+0000] {processor.py:175} INFO - Processing /home/airflow/.local/lib/python3.7/site-packages/airflow/example_dags/example_bash_operator.py took 0.061 seconds
[2023-05-10T18:54:30.865+0000] {processor.py:153} INFO - Started process (PID=1896) to work on /home/airflow/.local/lib/python3.7/site-packages/airflow/example_dags/example_bash_operator.py
[2023-05-10T18:54:30.866+0000] {processor.py:743} INFO - Processing file /home/airflow/.local/lib/python3.7/site-packages/airflow/example_dags/example_bash_operator.py for tasks to queue
[2023-05-10T18:54:30.866+0000] {logging_mixin.py:137} INFO - [2023-05-10T18:54:30.866+0000] {dagbag.py:538} INFO - Filling up the DagBag from /home/airflow/.local/lib/python3.7/site-packages/airflow/example_dags/example_bash_operator.py
[2023-05-10T18:54:30.879+0000] {processor.py:753} INFO - DAG(s) dict_keys(['example_bash_operator']) retrieved from /home/airflow/.local/lib/python3.7/site-packages/airflow/example_dags/example_bash_operator.py
[2023-05-10T18:54:30.901+0000] {logging_mixin.py:137} INFO - [2023-05-10T18:54:30.901+0000] {dag.py:2690} INFO - Sync 1 DAGs
[2023-05-10T18:54:30.914+0000] {logging_mixin.py:137} INFO - [2023-05-10T18:54:30.914+0000] {dag.py:3441} INFO - Setting next_dagrun for example_bash_operator to 2023-05-09T00:00:00+00:00, run_after=2023-05-10T00:00:00+00:00
[2023-05-10T18:54:30.924+0000] {processor.py:175} INFO - Processing /home/airflow/.local/lib/python3.7/site-packages/airflow/example_dags/example_bash_operator.py took 0.061 seconds
[2023-05-10T18:55:01.581+0000] {processor.py:153} INFO - Started process (PID=1971) to work on /home/airflow/.local/lib/python3.7/site-packages/airflow/example_dags/example_bash_operator.py
[2023-05-10T18:55:01.582+0000] {processor.py:743} INFO - Processing file /home/airflow/.local/lib/python3.7/site-packages/airflow/example_dags/example_bash_operator.py for tasks to queue
[2023-05-10T18:55:01.583+0000] {logging_mixin.py:137} INFO - [2023-05-10T18:55:01.582+0000] {dagbag.py:538} INFO - Filling up the DagBag from /home/airflow/.local/lib/python3.7/site-packages/airflow/example_dags/example_bash_operator.py
[2023-05-10T18:55:01.596+0000] {processor.py:753} INFO - DAG(s) dict_keys(['example_bash_operator']) retrieved from /home/airflow/.local/lib/python3.7/site-packages/airflow/example_dags/example_bash_operator.py
[2023-05-10T18:55:01.616+0000] {logging_mixin.py:137} INFO - [2023-05-10T18:55:01.616+0000] {dag.py:2690} INFO - Sync 1 DAGs
[2023-05-10T18:55:01.630+0000] {logging_mixin.py:137} INFO - [2023-05-10T18:55:01.630+0000] {dag.py:3441} INFO - Setting next_dagrun for example_bash_operator to 2023-05-09T00:00:00+00:00, run_after=2023-05-10T00:00:00+00:00
[2023-05-10T18:55:01.639+0000] {processor.py:175} INFO - Processing /home/airflow/.local/lib/python3.7/site-packages/airflow/example_dags/example_bash_operator.py took 0.060 seconds
