[2023-05-10T17:37:12.918+0000] {processor.py:153} INFO - Started process (PID=50) to work on /home/airflow/.local/lib/python3.7/site-packages/airflow/example_dags/example_xcomargs.py
[2023-05-10T17:37:12.922+0000] {processor.py:743} INFO - Processing file /home/airflow/.local/lib/python3.7/site-packages/airflow/example_dags/example_xcomargs.py for tasks to queue
[2023-05-10T17:37:12.923+0000] {logging_mixin.py:137} INFO - [2023-05-10T17:37:12.923+0000] {dagbag.py:538} INFO - Filling up the DagBag from /home/airflow/.local/lib/python3.7/site-packages/airflow/example_dags/example_xcomargs.py
[2023-05-10T17:37:12.946+0000] {processor.py:753} INFO - DAG(s) dict_keys(['example_xcom_args_with_operators', 'example_xcom_args']) retrieved from /home/airflow/.local/lib/python3.7/site-packages/airflow/example_dags/example_xcomargs.py
[2023-05-10T17:37:13.019+0000] {logging_mixin.py:137} INFO - [2023-05-10T17:37:13.019+0000] {manager.py:504} INFO - Created Permission View: can edit on DAG:example_xcom_args_with_operators
[2023-05-10T17:37:13.025+0000] {logging_mixin.py:137} INFO - [2023-05-10T17:37:13.025+0000] {manager.py:504} INFO - Created Permission View: can read on DAG:example_xcom_args_with_operators
[2023-05-10T17:37:13.029+0000] {logging_mixin.py:137} INFO - [2023-05-10T17:37:13.029+0000] {manager.py:504} INFO - Created Permission View: can delete on DAG:example_xcom_args_with_operators
[2023-05-10T17:37:13.042+0000] {logging_mixin.py:137} INFO - [2023-05-10T17:37:13.041+0000] {manager.py:504} INFO - Created Permission View: can edit on DAG:example_xcom_args
[2023-05-10T17:37:13.045+0000] {logging_mixin.py:137} INFO - [2023-05-10T17:37:13.045+0000] {manager.py:504} INFO - Created Permission View: can read on DAG:example_xcom_args
[2023-05-10T17:37:13.049+0000] {logging_mixin.py:137} INFO - [2023-05-10T17:37:13.049+0000] {manager.py:504} INFO - Created Permission View: can delete on DAG:example_xcom_args
[2023-05-10T17:37:13.050+0000] {logging_mixin.py:137} INFO - [2023-05-10T17:37:13.050+0000] {dag.py:2690} INFO - Sync 2 DAGs
[2023-05-10T17:37:13.058+0000] {logging_mixin.py:137} INFO - [2023-05-10T17:37:13.058+0000] {dag.py:2711} INFO - Creating ORM DAG for example_xcom_args_with_operators
[2023-05-10T17:37:13.059+0000] {logging_mixin.py:137} INFO - [2023-05-10T17:37:13.058+0000] {dag.py:2711} INFO - Creating ORM DAG for example_xcom_args
[2023-05-10T17:37:13.065+0000] {logging_mixin.py:137} INFO - [2023-05-10T17:37:13.065+0000] {dag.py:3441} INFO - Setting next_dagrun for example_xcom_args to None, run_after=None
[2023-05-10T17:37:13.066+0000] {logging_mixin.py:137} INFO - [2023-05-10T17:37:13.066+0000] {dag.py:3441} INFO - Setting next_dagrun for example_xcom_args_with_operators to None, run_after=None
[2023-05-10T17:37:13.078+0000] {processor.py:175} INFO - Processing /home/airflow/.local/lib/python3.7/site-packages/airflow/example_dags/example_xcomargs.py took 0.164 seconds
[2023-05-10T17:37:43.823+0000] {processor.py:153} INFO - Started process (PID=124) to work on /home/airflow/.local/lib/python3.7/site-packages/airflow/example_dags/example_xcomargs.py
[2023-05-10T17:37:43.825+0000] {processor.py:743} INFO - Processing file /home/airflow/.local/lib/python3.7/site-packages/airflow/example_dags/example_xcomargs.py for tasks to queue
[2023-05-10T17:37:43.827+0000] {logging_mixin.py:137} INFO - [2023-05-10T17:37:43.826+0000] {dagbag.py:538} INFO - Filling up the DagBag from /home/airflow/.local/lib/python3.7/site-packages/airflow/example_dags/example_xcomargs.py
[2023-05-10T17:37:43.844+0000] {processor.py:753} INFO - DAG(s) dict_keys(['example_xcom_args', 'example_xcom_args_with_operators']) retrieved from /home/airflow/.local/lib/python3.7/site-packages/airflow/example_dags/example_xcomargs.py
[2023-05-10T17:37:43.876+0000] {logging_mixin.py:137} INFO - [2023-05-10T17:37:43.876+0000] {dag.py:2690} INFO - Sync 2 DAGs
[2023-05-10T17:37:43.906+0000] {logging_mixin.py:137} INFO - [2023-05-10T17:37:43.906+0000] {dag.py:3441} INFO - Setting next_dagrun for example_xcom_args to None, run_after=None
[2023-05-10T17:37:43.912+0000] {logging_mixin.py:137} INFO - [2023-05-10T17:37:43.912+0000] {dag.py:3441} INFO - Setting next_dagrun for example_xcom_args_with_operators to None, run_after=None
[2023-05-10T17:37:43.937+0000] {processor.py:175} INFO - Processing /home/airflow/.local/lib/python3.7/site-packages/airflow/example_dags/example_xcomargs.py took 0.117 seconds
[2023-05-10T17:38:14.863+0000] {processor.py:153} INFO - Started process (PID=195) to work on /home/airflow/.local/lib/python3.7/site-packages/airflow/example_dags/example_xcomargs.py
[2023-05-10T17:38:14.866+0000] {processor.py:743} INFO - Processing file /home/airflow/.local/lib/python3.7/site-packages/airflow/example_dags/example_xcomargs.py for tasks to queue
[2023-05-10T17:38:14.867+0000] {logging_mixin.py:137} INFO - [2023-05-10T17:38:14.867+0000] {dagbag.py:538} INFO - Filling up the DagBag from /home/airflow/.local/lib/python3.7/site-packages/airflow/example_dags/example_xcomargs.py
[2023-05-10T17:38:14.969+0000] {processor.py:753} INFO - DAG(s) dict_keys(['example_xcom_args_with_operators', 'example_xcom_args']) retrieved from /home/airflow/.local/lib/python3.7/site-packages/airflow/example_dags/example_xcomargs.py
[2023-05-10T17:38:15.049+0000] {logging_mixin.py:137} INFO - [2023-05-10T17:38:15.049+0000] {dag.py:2690} INFO - Sync 2 DAGs
[2023-05-10T17:38:15.163+0000] {logging_mixin.py:137} INFO - [2023-05-10T17:38:15.163+0000] {dag.py:3441} INFO - Setting next_dagrun for example_xcom_args to None, run_after=None
[2023-05-10T17:38:15.176+0000] {logging_mixin.py:137} INFO - [2023-05-10T17:38:15.176+0000] {dag.py:3441} INFO - Setting next_dagrun for example_xcom_args_with_operators to None, run_after=None
[2023-05-10T17:38:15.232+0000] {processor.py:175} INFO - Processing /home/airflow/.local/lib/python3.7/site-packages/airflow/example_dags/example_xcomargs.py took 0.381 seconds
[2023-05-10T17:38:45.976+0000] {processor.py:153} INFO - Started process (PID=264) to work on /home/airflow/.local/lib/python3.7/site-packages/airflow/example_dags/example_xcomargs.py
[2023-05-10T17:38:45.977+0000] {processor.py:743} INFO - Processing file /home/airflow/.local/lib/python3.7/site-packages/airflow/example_dags/example_xcomargs.py for tasks to queue
[2023-05-10T17:38:45.978+0000] {logging_mixin.py:137} INFO - [2023-05-10T17:38:45.978+0000] {dagbag.py:538} INFO - Filling up the DagBag from /home/airflow/.local/lib/python3.7/site-packages/airflow/example_dags/example_xcomargs.py
[2023-05-10T17:38:45.997+0000] {processor.py:753} INFO - DAG(s) dict_keys(['example_xcom_args', 'example_xcom_args_with_operators']) retrieved from /home/airflow/.local/lib/python3.7/site-packages/airflow/example_dags/example_xcomargs.py
[2023-05-10T17:38:46.017+0000] {logging_mixin.py:137} INFO - [2023-05-10T17:38:46.017+0000] {dag.py:2690} INFO - Sync 2 DAGs
[2023-05-10T17:38:46.030+0000] {logging_mixin.py:137} INFO - [2023-05-10T17:38:46.030+0000] {dag.py:3441} INFO - Setting next_dagrun for example_xcom_args to None, run_after=None
[2023-05-10T17:38:46.032+0000] {logging_mixin.py:137} INFO - [2023-05-10T17:38:46.031+0000] {dag.py:3441} INFO - Setting next_dagrun for example_xcom_args_with_operators to None, run_after=None
[2023-05-10T17:38:46.039+0000] {processor.py:175} INFO - Processing /home/airflow/.local/lib/python3.7/site-packages/airflow/example_dags/example_xcomargs.py took 0.067 seconds
[2023-05-10T17:39:16.981+0000] {processor.py:153} INFO - Started process (PID=340) to work on /home/airflow/.local/lib/python3.7/site-packages/airflow/example_dags/example_xcomargs.py
[2023-05-10T17:39:16.982+0000] {processor.py:743} INFO - Processing file /home/airflow/.local/lib/python3.7/site-packages/airflow/example_dags/example_xcomargs.py for tasks to queue
[2023-05-10T17:39:16.983+0000] {logging_mixin.py:137} INFO - [2023-05-10T17:39:16.983+0000] {dagbag.py:538} INFO - Filling up the DagBag from /home/airflow/.local/lib/python3.7/site-packages/airflow/example_dags/example_xcomargs.py
[2023-05-10T17:39:16.999+0000] {processor.py:753} INFO - DAG(s) dict_keys(['example_xcom_args', 'example_xcom_args_with_operators']) retrieved from /home/airflow/.local/lib/python3.7/site-packages/airflow/example_dags/example_xcomargs.py
[2023-05-10T17:39:17.017+0000] {logging_mixin.py:137} INFO - [2023-05-10T17:39:17.017+0000] {dag.py:2690} INFO - Sync 2 DAGs
[2023-05-10T17:39:17.030+0000] {logging_mixin.py:137} INFO - [2023-05-10T17:39:17.030+0000] {dag.py:3441} INFO - Setting next_dagrun for example_xcom_args to None, run_after=None
[2023-05-10T17:39:17.032+0000] {logging_mixin.py:137} INFO - [2023-05-10T17:39:17.032+0000] {dag.py:3441} INFO - Setting next_dagrun for example_xcom_args_with_operators to None, run_after=None
[2023-05-10T17:39:17.040+0000] {processor.py:175} INFO - Processing /home/airflow/.local/lib/python3.7/site-packages/airflow/example_dags/example_xcomargs.py took 0.063 seconds
[2023-05-10T17:39:47.954+0000] {processor.py:153} INFO - Started process (PID=414) to work on /home/airflow/.local/lib/python3.7/site-packages/airflow/example_dags/example_xcomargs.py
[2023-05-10T17:39:47.956+0000] {processor.py:743} INFO - Processing file /home/airflow/.local/lib/python3.7/site-packages/airflow/example_dags/example_xcomargs.py for tasks to queue
[2023-05-10T17:39:47.957+0000] {logging_mixin.py:137} INFO - [2023-05-10T17:39:47.957+0000] {dagbag.py:538} INFO - Filling up the DagBag from /home/airflow/.local/lib/python3.7/site-packages/airflow/example_dags/example_xcomargs.py
[2023-05-10T17:39:47.975+0000] {processor.py:753} INFO - DAG(s) dict_keys(['example_xcom_args_with_operators', 'example_xcom_args']) retrieved from /home/airflow/.local/lib/python3.7/site-packages/airflow/example_dags/example_xcomargs.py
[2023-05-10T17:39:47.994+0000] {logging_mixin.py:137} INFO - [2023-05-10T17:39:47.994+0000] {dag.py:2690} INFO - Sync 2 DAGs
[2023-05-10T17:39:48.007+0000] {logging_mixin.py:137} INFO - [2023-05-10T17:39:48.007+0000] {dag.py:3441} INFO - Setting next_dagrun for example_xcom_args to None, run_after=None
[2023-05-10T17:39:48.008+0000] {logging_mixin.py:137} INFO - [2023-05-10T17:39:48.008+0000] {dag.py:3441} INFO - Setting next_dagrun for example_xcom_args_with_operators to None, run_after=None
[2023-05-10T17:39:48.016+0000] {processor.py:175} INFO - Processing /home/airflow/.local/lib/python3.7/site-packages/airflow/example_dags/example_xcomargs.py took 0.065 seconds
[2023-05-10T17:40:18.846+0000] {processor.py:153} INFO - Started process (PID=491) to work on /home/airflow/.local/lib/python3.7/site-packages/airflow/example_dags/example_xcomargs.py
[2023-05-10T17:40:18.847+0000] {processor.py:743} INFO - Processing file /home/airflow/.local/lib/python3.7/site-packages/airflow/example_dags/example_xcomargs.py for tasks to queue
[2023-05-10T17:40:18.847+0000] {logging_mixin.py:137} INFO - [2023-05-10T17:40:18.847+0000] {dagbag.py:538} INFO - Filling up the DagBag from /home/airflow/.local/lib/python3.7/site-packages/airflow/example_dags/example_xcomargs.py
[2023-05-10T17:40:18.861+0000] {processor.py:753} INFO - DAG(s) dict_keys(['example_xcom_args', 'example_xcom_args_with_operators']) retrieved from /home/airflow/.local/lib/python3.7/site-packages/airflow/example_dags/example_xcomargs.py
[2023-05-10T17:40:18.879+0000] {logging_mixin.py:137} INFO - [2023-05-10T17:40:18.879+0000] {dag.py:2690} INFO - Sync 2 DAGs
[2023-05-10T17:40:18.892+0000] {logging_mixin.py:137} INFO - [2023-05-10T17:40:18.892+0000] {dag.py:3441} INFO - Setting next_dagrun for example_xcom_args to None, run_after=None
[2023-05-10T17:40:18.893+0000] {logging_mixin.py:137} INFO - [2023-05-10T17:40:18.893+0000] {dag.py:3441} INFO - Setting next_dagrun for example_xcom_args_with_operators to None, run_after=None
[2023-05-10T17:40:18.902+0000] {processor.py:175} INFO - Processing /home/airflow/.local/lib/python3.7/site-packages/airflow/example_dags/example_xcomargs.py took 0.058 seconds
[2023-05-10T17:40:49.750+0000] {processor.py:153} INFO - Started process (PID=554) to work on /home/airflow/.local/lib/python3.7/site-packages/airflow/example_dags/example_xcomargs.py
[2023-05-10T17:40:49.751+0000] {processor.py:743} INFO - Processing file /home/airflow/.local/lib/python3.7/site-packages/airflow/example_dags/example_xcomargs.py for tasks to queue
[2023-05-10T17:40:49.753+0000] {logging_mixin.py:137} INFO - [2023-05-10T17:40:49.753+0000] {dagbag.py:538} INFO - Filling up the DagBag from /home/airflow/.local/lib/python3.7/site-packages/airflow/example_dags/example_xcomargs.py
[2023-05-10T17:40:49.773+0000] {processor.py:753} INFO - DAG(s) dict_keys(['example_xcom_args', 'example_xcom_args_with_operators']) retrieved from /home/airflow/.local/lib/python3.7/site-packages/airflow/example_dags/example_xcomargs.py
[2023-05-10T17:40:49.793+0000] {logging_mixin.py:137} INFO - [2023-05-10T17:40:49.793+0000] {dag.py:2690} INFO - Sync 2 DAGs
[2023-05-10T17:40:49.806+0000] {logging_mixin.py:137} INFO - [2023-05-10T17:40:49.806+0000] {dag.py:3441} INFO - Setting next_dagrun for example_xcom_args to None, run_after=None
[2023-05-10T17:40:49.808+0000] {logging_mixin.py:137} INFO - [2023-05-10T17:40:49.808+0000] {dag.py:3441} INFO - Setting next_dagrun for example_xcom_args_with_operators to None, run_after=None
[2023-05-10T17:40:49.818+0000] {processor.py:175} INFO - Processing /home/airflow/.local/lib/python3.7/site-packages/airflow/example_dags/example_xcomargs.py took 0.074 seconds
[2023-05-10T17:41:19.925+0000] {processor.py:153} INFO - Started process (PID=631) to work on /home/airflow/.local/lib/python3.7/site-packages/airflow/example_dags/example_xcomargs.py
[2023-05-10T17:41:19.927+0000] {processor.py:743} INFO - Processing file /home/airflow/.local/lib/python3.7/site-packages/airflow/example_dags/example_xcomargs.py for tasks to queue
[2023-05-10T17:41:19.928+0000] {logging_mixin.py:137} INFO - [2023-05-10T17:41:19.928+0000] {dagbag.py:538} INFO - Filling up the DagBag from /home/airflow/.local/lib/python3.7/site-packages/airflow/example_dags/example_xcomargs.py
[2023-05-10T17:41:19.949+0000] {processor.py:753} INFO - DAG(s) dict_keys(['example_xcom_args', 'example_xcom_args_with_operators']) retrieved from /home/airflow/.local/lib/python3.7/site-packages/airflow/example_dags/example_xcomargs.py
[2023-05-10T17:41:19.968+0000] {logging_mixin.py:137} INFO - [2023-05-10T17:41:19.968+0000] {dag.py:2690} INFO - Sync 2 DAGs
[2023-05-10T17:41:19.981+0000] {logging_mixin.py:137} INFO - [2023-05-10T17:41:19.981+0000] {dag.py:3441} INFO - Setting next_dagrun for example_xcom_args to None, run_after=None
[2023-05-10T17:41:19.982+0000] {logging_mixin.py:137} INFO - [2023-05-10T17:41:19.982+0000] {dag.py:3441} INFO - Setting next_dagrun for example_xcom_args_with_operators to None, run_after=None
[2023-05-10T17:41:19.991+0000] {processor.py:175} INFO - Processing /home/airflow/.local/lib/python3.7/site-packages/airflow/example_dags/example_xcomargs.py took 0.070 seconds
[2023-05-10T17:56:36.485+0000] {processor.py:153} INFO - Started process (PID=682) to work on /home/airflow/.local/lib/python3.7/site-packages/airflow/example_dags/example_xcomargs.py
[2023-05-10T17:56:36.489+0000] {processor.py:743} INFO - Processing file /home/airflow/.local/lib/python3.7/site-packages/airflow/example_dags/example_xcomargs.py for tasks to queue
[2023-05-10T17:56:36.493+0000] {logging_mixin.py:137} INFO - [2023-05-10T17:56:36.493+0000] {dagbag.py:538} INFO - Filling up the DagBag from /home/airflow/.local/lib/python3.7/site-packages/airflow/example_dags/example_xcomargs.py
[2023-05-10T17:56:36.518+0000] {processor.py:753} INFO - DAG(s) dict_keys(['example_xcom_args_with_operators', 'example_xcom_args']) retrieved from /home/airflow/.local/lib/python3.7/site-packages/airflow/example_dags/example_xcomargs.py
[2023-05-10T17:56:36.560+0000] {logging_mixin.py:137} INFO - [2023-05-10T17:56:36.560+0000] {dag.py:2690} INFO - Sync 2 DAGs
[2023-05-10T17:56:36.594+0000] {logging_mixin.py:137} INFO - [2023-05-10T17:56:36.593+0000] {dag.py:3441} INFO - Setting next_dagrun for example_xcom_args to None, run_after=None
[2023-05-10T17:56:36.599+0000] {logging_mixin.py:137} INFO - [2023-05-10T17:56:36.599+0000] {dag.py:3441} INFO - Setting next_dagrun for example_xcom_args_with_operators to None, run_after=None
[2023-05-10T17:56:36.616+0000] {processor.py:175} INFO - Processing /home/airflow/.local/lib/python3.7/site-packages/airflow/example_dags/example_xcomargs.py took 0.136 seconds
[2023-05-10T18:14:19.132+0000] {processor.py:153} INFO - Started process (PID=758) to work on /home/airflow/.local/lib/python3.7/site-packages/airflow/example_dags/example_xcomargs.py
[2023-05-10T18:14:19.133+0000] {processor.py:743} INFO - Processing file /home/airflow/.local/lib/python3.7/site-packages/airflow/example_dags/example_xcomargs.py for tasks to queue
[2023-05-10T18:14:19.133+0000] {logging_mixin.py:137} INFO - [2023-05-10T18:14:19.133+0000] {dagbag.py:538} INFO - Filling up the DagBag from /home/airflow/.local/lib/python3.7/site-packages/airflow/example_dags/example_xcomargs.py
[2023-05-10T18:14:19.147+0000] {processor.py:753} INFO - DAG(s) dict_keys(['example_xcom_args', 'example_xcom_args_with_operators']) retrieved from /home/airflow/.local/lib/python3.7/site-packages/airflow/example_dags/example_xcomargs.py
[2023-05-10T18:14:19.166+0000] {logging_mixin.py:137} INFO - [2023-05-10T18:14:19.166+0000] {dag.py:2690} INFO - Sync 2 DAGs
[2023-05-10T18:14:19.179+0000] {logging_mixin.py:137} INFO - [2023-05-10T18:14:19.179+0000] {dag.py:3441} INFO - Setting next_dagrun for example_xcom_args to None, run_after=None
[2023-05-10T18:14:19.181+0000] {logging_mixin.py:137} INFO - [2023-05-10T18:14:19.181+0000] {dag.py:3441} INFO - Setting next_dagrun for example_xcom_args_with_operators to None, run_after=None
[2023-05-10T18:14:19.189+0000] {processor.py:175} INFO - Processing /home/airflow/.local/lib/python3.7/site-packages/airflow/example_dags/example_xcomargs.py took 0.059 seconds
[2023-05-10T18:14:49.744+0000] {processor.py:153} INFO - Started process (PID=821) to work on /home/airflow/.local/lib/python3.7/site-packages/airflow/example_dags/example_xcomargs.py
[2023-05-10T18:14:49.745+0000] {processor.py:743} INFO - Processing file /home/airflow/.local/lib/python3.7/site-packages/airflow/example_dags/example_xcomargs.py for tasks to queue
[2023-05-10T18:14:49.746+0000] {logging_mixin.py:137} INFO - [2023-05-10T18:14:49.746+0000] {dagbag.py:538} INFO - Filling up the DagBag from /home/airflow/.local/lib/python3.7/site-packages/airflow/example_dags/example_xcomargs.py
[2023-05-10T18:14:49.760+0000] {processor.py:753} INFO - DAG(s) dict_keys(['example_xcom_args_with_operators', 'example_xcom_args']) retrieved from /home/airflow/.local/lib/python3.7/site-packages/airflow/example_dags/example_xcomargs.py
[2023-05-10T18:14:49.778+0000] {logging_mixin.py:137} INFO - [2023-05-10T18:14:49.778+0000] {dag.py:2690} INFO - Sync 2 DAGs
[2023-05-10T18:14:49.791+0000] {logging_mixin.py:137} INFO - [2023-05-10T18:14:49.791+0000] {dag.py:3441} INFO - Setting next_dagrun for example_xcom_args to None, run_after=None
[2023-05-10T18:14:49.793+0000] {logging_mixin.py:137} INFO - [2023-05-10T18:14:49.793+0000] {dag.py:3441} INFO - Setting next_dagrun for example_xcom_args_with_operators to None, run_after=None
[2023-05-10T18:14:49.801+0000] {processor.py:175} INFO - Processing /home/airflow/.local/lib/python3.7/site-packages/airflow/example_dags/example_xcomargs.py took 0.060 seconds
[2023-05-10T18:30:29.445+0000] {processor.py:153} INFO - Started process (PID=898) to work on /home/airflow/.local/lib/python3.7/site-packages/airflow/example_dags/example_xcomargs.py
[2023-05-10T18:30:29.446+0000] {processor.py:743} INFO - Processing file /home/airflow/.local/lib/python3.7/site-packages/airflow/example_dags/example_xcomargs.py for tasks to queue
[2023-05-10T18:30:29.446+0000] {logging_mixin.py:137} INFO - [2023-05-10T18:30:29.446+0000] {dagbag.py:538} INFO - Filling up the DagBag from /home/airflow/.local/lib/python3.7/site-packages/airflow/example_dags/example_xcomargs.py
[2023-05-10T18:30:29.469+0000] {processor.py:753} INFO - DAG(s) dict_keys(['example_xcom_args', 'example_xcom_args_with_operators']) retrieved from /home/airflow/.local/lib/python3.7/site-packages/airflow/example_dags/example_xcomargs.py
[2023-05-10T18:30:29.495+0000] {logging_mixin.py:137} INFO - [2023-05-10T18:30:29.495+0000] {dag.py:2690} INFO - Sync 2 DAGs
[2023-05-10T18:30:29.515+0000] {logging_mixin.py:137} INFO - [2023-05-10T18:30:29.515+0000] {dag.py:3441} INFO - Setting next_dagrun for example_xcom_args to None, run_after=None
[2023-05-10T18:30:29.518+0000] {logging_mixin.py:137} INFO - [2023-05-10T18:30:29.518+0000] {dag.py:3441} INFO - Setting next_dagrun for example_xcom_args_with_operators to None, run_after=None
[2023-05-10T18:30:29.527+0000] {processor.py:175} INFO - Processing /home/airflow/.local/lib/python3.7/site-packages/airflow/example_dags/example_xcomargs.py took 0.086 seconds
[2023-05-10T18:31:00.491+0000] {processor.py:153} INFO - Started process (PID=974) to work on /home/airflow/.local/lib/python3.7/site-packages/airflow/example_dags/example_xcomargs.py
[2023-05-10T18:31:00.493+0000] {processor.py:743} INFO - Processing file /home/airflow/.local/lib/python3.7/site-packages/airflow/example_dags/example_xcomargs.py for tasks to queue
[2023-05-10T18:31:00.494+0000] {logging_mixin.py:137} INFO - [2023-05-10T18:31:00.493+0000] {dagbag.py:538} INFO - Filling up the DagBag from /home/airflow/.local/lib/python3.7/site-packages/airflow/example_dags/example_xcomargs.py
[2023-05-10T18:31:00.515+0000] {processor.py:753} INFO - DAG(s) dict_keys(['example_xcom_args_with_operators', 'example_xcom_args']) retrieved from /home/airflow/.local/lib/python3.7/site-packages/airflow/example_dags/example_xcomargs.py
[2023-05-10T18:31:00.537+0000] {logging_mixin.py:137} INFO - [2023-05-10T18:31:00.537+0000] {dag.py:2690} INFO - Sync 2 DAGs
[2023-05-10T18:31:00.550+0000] {logging_mixin.py:137} INFO - [2023-05-10T18:31:00.550+0000] {dag.py:3441} INFO - Setting next_dagrun for example_xcom_args to None, run_after=None
[2023-05-10T18:31:00.552+0000] {logging_mixin.py:137} INFO - [2023-05-10T18:31:00.552+0000] {dag.py:3441} INFO - Setting next_dagrun for example_xcom_args_with_operators to None, run_after=None
[2023-05-10T18:31:00.561+0000] {processor.py:175} INFO - Processing /home/airflow/.local/lib/python3.7/site-packages/airflow/example_dags/example_xcomargs.py took 0.077 seconds
[2023-05-10T18:47:36.973+0000] {processor.py:153} INFO - Started process (PID=1038) to work on /home/airflow/.local/lib/python3.7/site-packages/airflow/example_dags/example_xcomargs.py
[2023-05-10T18:47:36.974+0000] {processor.py:743} INFO - Processing file /home/airflow/.local/lib/python3.7/site-packages/airflow/example_dags/example_xcomargs.py for tasks to queue
[2023-05-10T18:47:36.975+0000] {logging_mixin.py:137} INFO - [2023-05-10T18:47:36.975+0000] {dagbag.py:538} INFO - Filling up the DagBag from /home/airflow/.local/lib/python3.7/site-packages/airflow/example_dags/example_xcomargs.py
[2023-05-10T18:47:36.988+0000] {processor.py:753} INFO - DAG(s) dict_keys(['example_xcom_args_with_operators', 'example_xcom_args']) retrieved from /home/airflow/.local/lib/python3.7/site-packages/airflow/example_dags/example_xcomargs.py
[2023-05-10T18:47:37.008+0000] {logging_mixin.py:137} INFO - [2023-05-10T18:47:37.008+0000] {dag.py:2690} INFO - Sync 2 DAGs
[2023-05-10T18:47:37.022+0000] {logging_mixin.py:137} INFO - [2023-05-10T18:47:37.022+0000] {dag.py:3441} INFO - Setting next_dagrun for example_xcom_args to None, run_after=None
[2023-05-10T18:47:37.024+0000] {logging_mixin.py:137} INFO - [2023-05-10T18:47:37.024+0000] {dag.py:3441} INFO - Setting next_dagrun for example_xcom_args_with_operators to None, run_after=None
[2023-05-10T18:47:37.032+0000] {processor.py:175} INFO - Processing /home/airflow/.local/lib/python3.7/site-packages/airflow/example_dags/example_xcomargs.py took 0.061 seconds
[2023-05-10T18:48:07.823+0000] {processor.py:153} INFO - Started process (PID=1113) to work on /home/airflow/.local/lib/python3.7/site-packages/airflow/example_dags/example_xcomargs.py
[2023-05-10T18:48:07.824+0000] {processor.py:743} INFO - Processing file /home/airflow/.local/lib/python3.7/site-packages/airflow/example_dags/example_xcomargs.py for tasks to queue
[2023-05-10T18:48:07.824+0000] {logging_mixin.py:137} INFO - [2023-05-10T18:48:07.824+0000] {dagbag.py:538} INFO - Filling up the DagBag from /home/airflow/.local/lib/python3.7/site-packages/airflow/example_dags/example_xcomargs.py
[2023-05-10T18:48:07.838+0000] {processor.py:753} INFO - DAG(s) dict_keys(['example_xcom_args_with_operators', 'example_xcom_args']) retrieved from /home/airflow/.local/lib/python3.7/site-packages/airflow/example_dags/example_xcomargs.py
[2023-05-10T18:48:07.856+0000] {logging_mixin.py:137} INFO - [2023-05-10T18:48:07.856+0000] {dag.py:2690} INFO - Sync 2 DAGs
[2023-05-10T18:48:07.869+0000] {logging_mixin.py:137} INFO - [2023-05-10T18:48:07.869+0000] {dag.py:3441} INFO - Setting next_dagrun for example_xcom_args to None, run_after=None
[2023-05-10T18:48:07.870+0000] {logging_mixin.py:137} INFO - [2023-05-10T18:48:07.870+0000] {dag.py:3441} INFO - Setting next_dagrun for example_xcom_args_with_operators to None, run_after=None
[2023-05-10T18:48:07.879+0000] {processor.py:175} INFO - Processing /home/airflow/.local/lib/python3.7/site-packages/airflow/example_dags/example_xcomargs.py took 0.058 seconds
[2023-05-10T18:49:23.000+0000] {processor.py:153} INFO - Started process (PID=1188) to work on /home/airflow/.local/lib/python3.7/site-packages/airflow/example_dags/example_xcomargs.py
[2023-05-10T18:49:23.001+0000] {processor.py:743} INFO - Processing file /home/airflow/.local/lib/python3.7/site-packages/airflow/example_dags/example_xcomargs.py for tasks to queue
[2023-05-10T18:49:23.002+0000] {logging_mixin.py:137} INFO - [2023-05-10T18:49:23.002+0000] {dagbag.py:538} INFO - Filling up the DagBag from /home/airflow/.local/lib/python3.7/site-packages/airflow/example_dags/example_xcomargs.py
[2023-05-10T18:49:23.015+0000] {processor.py:753} INFO - DAG(s) dict_keys(['example_xcom_args_with_operators', 'example_xcom_args']) retrieved from /home/airflow/.local/lib/python3.7/site-packages/airflow/example_dags/example_xcomargs.py
[2023-05-10T18:49:23.035+0000] {logging_mixin.py:137} INFO - [2023-05-10T18:49:23.034+0000] {dag.py:2690} INFO - Sync 2 DAGs
[2023-05-10T18:49:23.048+0000] {logging_mixin.py:137} INFO - [2023-05-10T18:49:23.048+0000] {dag.py:3441} INFO - Setting next_dagrun for example_xcom_args to None, run_after=None
[2023-05-10T18:49:23.050+0000] {logging_mixin.py:137} INFO - [2023-05-10T18:49:23.050+0000] {dag.py:3441} INFO - Setting next_dagrun for example_xcom_args_with_operators to None, run_after=None
[2023-05-10T18:49:23.057+0000] {processor.py:175} INFO - Processing /home/airflow/.local/lib/python3.7/site-packages/airflow/example_dags/example_xcomargs.py took 0.060 seconds
[2023-05-10T18:49:53.689+0000] {processor.py:153} INFO - Started process (PID=1252) to work on /home/airflow/.local/lib/python3.7/site-packages/airflow/example_dags/example_xcomargs.py
[2023-05-10T18:49:53.690+0000] {processor.py:743} INFO - Processing file /home/airflow/.local/lib/python3.7/site-packages/airflow/example_dags/example_xcomargs.py for tasks to queue
[2023-05-10T18:49:53.691+0000] {logging_mixin.py:137} INFO - [2023-05-10T18:49:53.691+0000] {dagbag.py:538} INFO - Filling up the DagBag from /home/airflow/.local/lib/python3.7/site-packages/airflow/example_dags/example_xcomargs.py
[2023-05-10T18:49:53.704+0000] {processor.py:753} INFO - DAG(s) dict_keys(['example_xcom_args', 'example_xcom_args_with_operators']) retrieved from /home/airflow/.local/lib/python3.7/site-packages/airflow/example_dags/example_xcomargs.py
[2023-05-10T18:49:53.723+0000] {logging_mixin.py:137} INFO - [2023-05-10T18:49:53.723+0000] {dag.py:2690} INFO - Sync 2 DAGs
[2023-05-10T18:49:53.737+0000] {logging_mixin.py:137} INFO - [2023-05-10T18:49:53.737+0000] {dag.py:3441} INFO - Setting next_dagrun for example_xcom_args to None, run_after=None
[2023-05-10T18:49:53.739+0000] {logging_mixin.py:137} INFO - [2023-05-10T18:49:53.739+0000] {dag.py:3441} INFO - Setting next_dagrun for example_xcom_args_with_operators to None, run_after=None
[2023-05-10T18:49:53.746+0000] {processor.py:175} INFO - Processing /home/airflow/.local/lib/python3.7/site-packages/airflow/example_dags/example_xcomargs.py took 0.060 seconds
[2023-05-10T18:50:24.493+0000] {processor.py:153} INFO - Started process (PID=1327) to work on /home/airflow/.local/lib/python3.7/site-packages/airflow/example_dags/example_xcomargs.py
[2023-05-10T18:50:24.494+0000] {processor.py:743} INFO - Processing file /home/airflow/.local/lib/python3.7/site-packages/airflow/example_dags/example_xcomargs.py for tasks to queue
[2023-05-10T18:50:24.495+0000] {logging_mixin.py:137} INFO - [2023-05-10T18:50:24.495+0000] {dagbag.py:538} INFO - Filling up the DagBag from /home/airflow/.local/lib/python3.7/site-packages/airflow/example_dags/example_xcomargs.py
[2023-05-10T18:50:24.509+0000] {processor.py:753} INFO - DAG(s) dict_keys(['example_xcom_args', 'example_xcom_args_with_operators']) retrieved from /home/airflow/.local/lib/python3.7/site-packages/airflow/example_dags/example_xcomargs.py
[2023-05-10T18:50:24.528+0000] {logging_mixin.py:137} INFO - [2023-05-10T18:50:24.528+0000] {dag.py:2690} INFO - Sync 2 DAGs
[2023-05-10T18:50:24.541+0000] {logging_mixin.py:137} INFO - [2023-05-10T18:50:24.541+0000] {dag.py:3441} INFO - Setting next_dagrun for example_xcom_args to None, run_after=None
[2023-05-10T18:50:24.543+0000] {logging_mixin.py:137} INFO - [2023-05-10T18:50:24.543+0000] {dag.py:3441} INFO - Setting next_dagrun for example_xcom_args_with_operators to None, run_after=None
[2023-05-10T18:50:24.551+0000] {processor.py:175} INFO - Processing /home/airflow/.local/lib/python3.7/site-packages/airflow/example_dags/example_xcomargs.py took 0.060 seconds
[2023-05-10T18:50:55.315+0000] {processor.py:153} INFO - Started process (PID=1400) to work on /home/airflow/.local/lib/python3.7/site-packages/airflow/example_dags/example_xcomargs.py
[2023-05-10T18:50:55.316+0000] {processor.py:743} INFO - Processing file /home/airflow/.local/lib/python3.7/site-packages/airflow/example_dags/example_xcomargs.py for tasks to queue
[2023-05-10T18:50:55.317+0000] {logging_mixin.py:137} INFO - [2023-05-10T18:50:55.317+0000] {dagbag.py:538} INFO - Filling up the DagBag from /home/airflow/.local/lib/python3.7/site-packages/airflow/example_dags/example_xcomargs.py
[2023-05-10T18:50:55.331+0000] {processor.py:753} INFO - DAG(s) dict_keys(['example_xcom_args', 'example_xcom_args_with_operators']) retrieved from /home/airflow/.local/lib/python3.7/site-packages/airflow/example_dags/example_xcomargs.py
[2023-05-10T18:50:55.352+0000] {logging_mixin.py:137} INFO - [2023-05-10T18:50:55.352+0000] {dag.py:2690} INFO - Sync 2 DAGs
[2023-05-10T18:50:55.368+0000] {logging_mixin.py:137} INFO - [2023-05-10T18:50:55.368+0000] {dag.py:3441} INFO - Setting next_dagrun for example_xcom_args to None, run_after=None
[2023-05-10T18:50:55.370+0000] {logging_mixin.py:137} INFO - [2023-05-10T18:50:55.370+0000] {dag.py:3441} INFO - Setting next_dagrun for example_xcom_args_with_operators to None, run_after=None
[2023-05-10T18:50:55.379+0000] {processor.py:175} INFO - Processing /home/airflow/.local/lib/python3.7/site-packages/airflow/example_dags/example_xcomargs.py took 0.066 seconds
[2023-05-10T18:51:26.042+0000] {processor.py:153} INFO - Started process (PID=1475) to work on /home/airflow/.local/lib/python3.7/site-packages/airflow/example_dags/example_xcomargs.py
[2023-05-10T18:51:26.044+0000] {processor.py:743} INFO - Processing file /home/airflow/.local/lib/python3.7/site-packages/airflow/example_dags/example_xcomargs.py for tasks to queue
[2023-05-10T18:51:26.045+0000] {logging_mixin.py:137} INFO - [2023-05-10T18:51:26.045+0000] {dagbag.py:538} INFO - Filling up the DagBag from /home/airflow/.local/lib/python3.7/site-packages/airflow/example_dags/example_xcomargs.py
[2023-05-10T18:51:26.060+0000] {processor.py:753} INFO - DAG(s) dict_keys(['example_xcom_args_with_operators', 'example_xcom_args']) retrieved from /home/airflow/.local/lib/python3.7/site-packages/airflow/example_dags/example_xcomargs.py
[2023-05-10T18:51:26.080+0000] {logging_mixin.py:137} INFO - [2023-05-10T18:51:26.080+0000] {dag.py:2690} INFO - Sync 2 DAGs
[2023-05-10T18:51:26.094+0000] {logging_mixin.py:137} INFO - [2023-05-10T18:51:26.094+0000] {dag.py:3441} INFO - Setting next_dagrun for example_xcom_args to None, run_after=None
[2023-05-10T18:51:26.096+0000] {logging_mixin.py:137} INFO - [2023-05-10T18:51:26.096+0000] {dag.py:3441} INFO - Setting next_dagrun for example_xcom_args_with_operators to None, run_after=None
[2023-05-10T18:51:26.105+0000] {processor.py:175} INFO - Processing /home/airflow/.local/lib/python3.7/site-packages/airflow/example_dags/example_xcomargs.py took 0.065 seconds
[2023-05-10T18:51:56.899+0000] {processor.py:153} INFO - Started process (PID=1538) to work on /home/airflow/.local/lib/python3.7/site-packages/airflow/example_dags/example_xcomargs.py
[2023-05-10T18:51:56.901+0000] {processor.py:743} INFO - Processing file /home/airflow/.local/lib/python3.7/site-packages/airflow/example_dags/example_xcomargs.py for tasks to queue
[2023-05-10T18:51:56.902+0000] {logging_mixin.py:137} INFO - [2023-05-10T18:51:56.902+0000] {dagbag.py:538} INFO - Filling up the DagBag from /home/airflow/.local/lib/python3.7/site-packages/airflow/example_dags/example_xcomargs.py
[2023-05-10T18:51:56.915+0000] {processor.py:753} INFO - DAG(s) dict_keys(['example_xcom_args_with_operators', 'example_xcom_args']) retrieved from /home/airflow/.local/lib/python3.7/site-packages/airflow/example_dags/example_xcomargs.py
[2023-05-10T18:51:56.934+0000] {logging_mixin.py:137} INFO - [2023-05-10T18:51:56.934+0000] {dag.py:2690} INFO - Sync 2 DAGs
[2023-05-10T18:51:56.947+0000] {logging_mixin.py:137} INFO - [2023-05-10T18:51:56.947+0000] {dag.py:3441} INFO - Setting next_dagrun for example_xcom_args to None, run_after=None
[2023-05-10T18:51:56.949+0000] {logging_mixin.py:137} INFO - [2023-05-10T18:51:56.949+0000] {dag.py:3441} INFO - Setting next_dagrun for example_xcom_args_with_operators to None, run_after=None
[2023-05-10T18:51:56.957+0000] {processor.py:175} INFO - Processing /home/airflow/.local/lib/python3.7/site-packages/airflow/example_dags/example_xcomargs.py took 0.060 seconds
[2023-05-10T18:52:27.796+0000] {processor.py:153} INFO - Started process (PID=1611) to work on /home/airflow/.local/lib/python3.7/site-packages/airflow/example_dags/example_xcomargs.py
[2023-05-10T18:52:27.797+0000] {processor.py:743} INFO - Processing file /home/airflow/.local/lib/python3.7/site-packages/airflow/example_dags/example_xcomargs.py for tasks to queue
[2023-05-10T18:52:27.798+0000] {logging_mixin.py:137} INFO - [2023-05-10T18:52:27.798+0000] {dagbag.py:538} INFO - Filling up the DagBag from /home/airflow/.local/lib/python3.7/site-packages/airflow/example_dags/example_xcomargs.py
[2023-05-10T18:52:27.813+0000] {processor.py:753} INFO - DAG(s) dict_keys(['example_xcom_args', 'example_xcom_args_with_operators']) retrieved from /home/airflow/.local/lib/python3.7/site-packages/airflow/example_dags/example_xcomargs.py
[2023-05-10T18:52:27.835+0000] {logging_mixin.py:137} INFO - [2023-05-10T18:52:27.835+0000] {dag.py:2690} INFO - Sync 2 DAGs
[2023-05-10T18:52:27.850+0000] {logging_mixin.py:137} INFO - [2023-05-10T18:52:27.849+0000] {dag.py:3441} INFO - Setting next_dagrun for example_xcom_args to None, run_after=None
[2023-05-10T18:52:27.852+0000] {logging_mixin.py:137} INFO - [2023-05-10T18:52:27.852+0000] {dag.py:3441} INFO - Setting next_dagrun for example_xcom_args_with_operators to None, run_after=None
[2023-05-10T18:52:27.861+0000] {processor.py:175} INFO - Processing /home/airflow/.local/lib/python3.7/site-packages/airflow/example_dags/example_xcomargs.py took 0.067 seconds
[2023-05-10T18:52:58.601+0000] {processor.py:153} INFO - Started process (PID=1686) to work on /home/airflow/.local/lib/python3.7/site-packages/airflow/example_dags/example_xcomargs.py
[2023-05-10T18:52:58.602+0000] {processor.py:743} INFO - Processing file /home/airflow/.local/lib/python3.7/site-packages/airflow/example_dags/example_xcomargs.py for tasks to queue
[2023-05-10T18:52:58.602+0000] {logging_mixin.py:137} INFO - [2023-05-10T18:52:58.602+0000] {dagbag.py:538} INFO - Filling up the DagBag from /home/airflow/.local/lib/python3.7/site-packages/airflow/example_dags/example_xcomargs.py
[2023-05-10T18:52:58.616+0000] {processor.py:753} INFO - DAG(s) dict_keys(['example_xcom_args', 'example_xcom_args_with_operators']) retrieved from /home/airflow/.local/lib/python3.7/site-packages/airflow/example_dags/example_xcomargs.py
[2023-05-10T18:52:58.635+0000] {logging_mixin.py:137} INFO - [2023-05-10T18:52:58.635+0000] {dag.py:2690} INFO - Sync 2 DAGs
[2023-05-10T18:52:58.649+0000] {logging_mixin.py:137} INFO - [2023-05-10T18:52:58.649+0000] {dag.py:3441} INFO - Setting next_dagrun for example_xcom_args to None, run_after=None
[2023-05-10T18:52:58.651+0000] {logging_mixin.py:137} INFO - [2023-05-10T18:52:58.651+0000] {dag.py:3441} INFO - Setting next_dagrun for example_xcom_args_with_operators to None, run_after=None
[2023-05-10T18:52:58.659+0000] {processor.py:175} INFO - Processing /home/airflow/.local/lib/python3.7/site-packages/airflow/example_dags/example_xcomargs.py took 0.060 seconds
[2023-05-10T18:53:29.379+0000] {processor.py:153} INFO - Started process (PID=1761) to work on /home/airflow/.local/lib/python3.7/site-packages/airflow/example_dags/example_xcomargs.py
[2023-05-10T18:53:29.380+0000] {processor.py:743} INFO - Processing file /home/airflow/.local/lib/python3.7/site-packages/airflow/example_dags/example_xcomargs.py for tasks to queue
[2023-05-10T18:53:29.381+0000] {logging_mixin.py:137} INFO - [2023-05-10T18:53:29.381+0000] {dagbag.py:538} INFO - Filling up the DagBag from /home/airflow/.local/lib/python3.7/site-packages/airflow/example_dags/example_xcomargs.py
[2023-05-10T18:53:29.398+0000] {processor.py:753} INFO - DAG(s) dict_keys(['example_xcom_args', 'example_xcom_args_with_operators']) retrieved from /home/airflow/.local/lib/python3.7/site-packages/airflow/example_dags/example_xcomargs.py
[2023-05-10T18:53:29.420+0000] {logging_mixin.py:137} INFO - [2023-05-10T18:53:29.420+0000] {dag.py:2690} INFO - Sync 2 DAGs
[2023-05-10T18:53:29.435+0000] {logging_mixin.py:137} INFO - [2023-05-10T18:53:29.435+0000] {dag.py:3441} INFO - Setting next_dagrun for example_xcom_args to None, run_after=None
[2023-05-10T18:53:29.438+0000] {logging_mixin.py:137} INFO - [2023-05-10T18:53:29.438+0000] {dag.py:3441} INFO - Setting next_dagrun for example_xcom_args_with_operators to None, run_after=None
[2023-05-10T18:53:29.446+0000] {processor.py:175} INFO - Processing /home/airflow/.local/lib/python3.7/site-packages/airflow/example_dags/example_xcomargs.py took 0.070 seconds
[2023-05-10T18:54:00.229+0000] {processor.py:153} INFO - Started process (PID=1823) to work on /home/airflow/.local/lib/python3.7/site-packages/airflow/example_dags/example_xcomargs.py
[2023-05-10T18:54:00.230+0000] {processor.py:743} INFO - Processing file /home/airflow/.local/lib/python3.7/site-packages/airflow/example_dags/example_xcomargs.py for tasks to queue
[2023-05-10T18:54:00.231+0000] {logging_mixin.py:137} INFO - [2023-05-10T18:54:00.231+0000] {dagbag.py:538} INFO - Filling up the DagBag from /home/airflow/.local/lib/python3.7/site-packages/airflow/example_dags/example_xcomargs.py
[2023-05-10T18:54:00.245+0000] {processor.py:753} INFO - DAG(s) dict_keys(['example_xcom_args', 'example_xcom_args_with_operators']) retrieved from /home/airflow/.local/lib/python3.7/site-packages/airflow/example_dags/example_xcomargs.py
[2023-05-10T18:54:00.266+0000] {logging_mixin.py:137} INFO - [2023-05-10T18:54:00.266+0000] {dag.py:2690} INFO - Sync 2 DAGs
[2023-05-10T18:54:00.279+0000] {logging_mixin.py:137} INFO - [2023-05-10T18:54:00.279+0000] {dag.py:3441} INFO - Setting next_dagrun for example_xcom_args to None, run_after=None
[2023-05-10T18:54:00.281+0000] {logging_mixin.py:137} INFO - [2023-05-10T18:54:00.281+0000] {dag.py:3441} INFO - Setting next_dagrun for example_xcom_args_with_operators to None, run_after=None
[2023-05-10T18:54:00.288+0000] {processor.py:175} INFO - Processing /home/airflow/.local/lib/python3.7/site-packages/airflow/example_dags/example_xcomargs.py took 0.061 seconds
[2023-05-10T18:54:30.964+0000] {processor.py:153} INFO - Started process (PID=1899) to work on /home/airflow/.local/lib/python3.7/site-packages/airflow/example_dags/example_xcomargs.py
[2023-05-10T18:54:30.965+0000] {processor.py:743} INFO - Processing file /home/airflow/.local/lib/python3.7/site-packages/airflow/example_dags/example_xcomargs.py for tasks to queue
[2023-05-10T18:54:30.966+0000] {logging_mixin.py:137} INFO - [2023-05-10T18:54:30.966+0000] {dagbag.py:538} INFO - Filling up the DagBag from /home/airflow/.local/lib/python3.7/site-packages/airflow/example_dags/example_xcomargs.py
[2023-05-10T18:54:30.979+0000] {processor.py:753} INFO - DAG(s) dict_keys(['example_xcom_args', 'example_xcom_args_with_operators']) retrieved from /home/airflow/.local/lib/python3.7/site-packages/airflow/example_dags/example_xcomargs.py
[2023-05-10T18:54:30.998+0000] {logging_mixin.py:137} INFO - [2023-05-10T18:54:30.998+0000] {dag.py:2690} INFO - Sync 2 DAGs
[2023-05-10T18:54:31.011+0000] {logging_mixin.py:137} INFO - [2023-05-10T18:54:31.011+0000] {dag.py:3441} INFO - Setting next_dagrun for example_xcom_args to None, run_after=None
[2023-05-10T18:54:31.013+0000] {logging_mixin.py:137} INFO - [2023-05-10T18:54:31.013+0000] {dag.py:3441} INFO - Setting next_dagrun for example_xcom_args_with_operators to None, run_after=None
[2023-05-10T18:54:31.021+0000] {processor.py:175} INFO - Processing /home/airflow/.local/lib/python3.7/site-packages/airflow/example_dags/example_xcomargs.py took 0.059 seconds
[2023-05-10T18:55:01.681+0000] {processor.py:153} INFO - Started process (PID=1974) to work on /home/airflow/.local/lib/python3.7/site-packages/airflow/example_dags/example_xcomargs.py
[2023-05-10T18:55:01.682+0000] {processor.py:743} INFO - Processing file /home/airflow/.local/lib/python3.7/site-packages/airflow/example_dags/example_xcomargs.py for tasks to queue
[2023-05-10T18:55:01.683+0000] {logging_mixin.py:137} INFO - [2023-05-10T18:55:01.683+0000] {dagbag.py:538} INFO - Filling up the DagBag from /home/airflow/.local/lib/python3.7/site-packages/airflow/example_dags/example_xcomargs.py
[2023-05-10T18:55:01.696+0000] {processor.py:753} INFO - DAG(s) dict_keys(['example_xcom_args_with_operators', 'example_xcom_args']) retrieved from /home/airflow/.local/lib/python3.7/site-packages/airflow/example_dags/example_xcomargs.py
[2023-05-10T18:55:01.717+0000] {logging_mixin.py:137} INFO - [2023-05-10T18:55:01.717+0000] {dag.py:2690} INFO - Sync 2 DAGs
[2023-05-10T18:55:01.732+0000] {logging_mixin.py:137} INFO - [2023-05-10T18:55:01.732+0000] {dag.py:3441} INFO - Setting next_dagrun for example_xcom_args to None, run_after=None
[2023-05-10T18:55:01.734+0000] {logging_mixin.py:137} INFO - [2023-05-10T18:55:01.734+0000] {dag.py:3441} INFO - Setting next_dagrun for example_xcom_args_with_operators to None, run_after=None
[2023-05-10T18:55:01.741+0000] {processor.py:175} INFO - Processing /home/airflow/.local/lib/python3.7/site-packages/airflow/example_dags/example_xcomargs.py took 0.062 seconds
