[2023-05-10T17:37:11.195+0000] {processor.py:153} INFO - Started process (PID=39) to work on /home/airflow/.local/lib/python3.7/site-packages/airflow/example_dags/example_dag_decorator.py
[2023-05-10T17:37:11.200+0000] {processor.py:743} INFO - Processing file /home/airflow/.local/lib/python3.7/site-packages/airflow/example_dags/example_dag_decorator.py for tasks to queue
[2023-05-10T17:37:11.201+0000] {logging_mixin.py:137} INFO - [2023-05-10T17:37:11.201+0000] {dagbag.py:538} INFO - Filling up the DagBag from /home/airflow/.local/lib/python3.7/site-packages/airflow/example_dags/example_dag_decorator.py
[2023-05-10T17:37:11.220+0000] {logging_mixin.py:137} INFO - [2023-05-10T17:37:11.220+0000] {taskmixin.py:205} WARNING - Dependency <Task(_PythonDecoratedOperator): prepare_email>, send_email already registered for DAG: example_dag_decorator
[2023-05-10T17:37:11.221+0000] {logging_mixin.py:137} INFO - [2023-05-10T17:37:11.221+0000] {taskmixin.py:205} WARNING - Dependency <Task(EmailOperator): send_email>, prepare_email already registered for DAG: example_dag_decorator
[2023-05-10T17:37:11.289+0000] {processor.py:753} INFO - DAG(s) dict_keys(['example_dag_decorator']) retrieved from /home/airflow/.local/lib/python3.7/site-packages/airflow/example_dags/example_dag_decorator.py
[2023-05-10T17:37:11.441+0000] {logging_mixin.py:137} INFO - [2023-05-10T17:37:11.441+0000] {manager.py:504} INFO - Created Permission View: can edit on DAG:example_dag_decorator
[2023-05-10T17:37:11.459+0000] {logging_mixin.py:137} INFO - [2023-05-10T17:37:11.458+0000] {manager.py:504} INFO - Created Permission View: can read on DAG:example_dag_decorator
[2023-05-10T17:37:11.470+0000] {logging_mixin.py:137} INFO - [2023-05-10T17:37:11.469+0000] {manager.py:504} INFO - Created Permission View: can delete on DAG:example_dag_decorator
[2023-05-10T17:37:11.471+0000] {logging_mixin.py:137} INFO - [2023-05-10T17:37:11.471+0000] {dag.py:2690} INFO - Sync 1 DAGs
[2023-05-10T17:37:11.493+0000] {logging_mixin.py:137} INFO - [2023-05-10T17:37:11.493+0000] {dag.py:2711} INFO - Creating ORM DAG for example_dag_decorator
[2023-05-10T17:37:11.506+0000] {logging_mixin.py:137} INFO - [2023-05-10T17:37:11.506+0000] {dag.py:3441} INFO - Setting next_dagrun for example_dag_decorator to None, run_after=None
[2023-05-10T17:37:11.524+0000] {processor.py:175} INFO - Processing /home/airflow/.local/lib/python3.7/site-packages/airflow/example_dags/example_dag_decorator.py took 0.331 seconds
[2023-05-10T17:37:42.522+0000] {processor.py:153} INFO - Started process (PID=113) to work on /home/airflow/.local/lib/python3.7/site-packages/airflow/example_dags/example_dag_decorator.py
[2023-05-10T17:37:42.526+0000] {processor.py:743} INFO - Processing file /home/airflow/.local/lib/python3.7/site-packages/airflow/example_dags/example_dag_decorator.py for tasks to queue
[2023-05-10T17:37:42.528+0000] {logging_mixin.py:137} INFO - [2023-05-10T17:37:42.528+0000] {dagbag.py:538} INFO - Filling up the DagBag from /home/airflow/.local/lib/python3.7/site-packages/airflow/example_dags/example_dag_decorator.py
[2023-05-10T17:37:42.547+0000] {logging_mixin.py:137} INFO - [2023-05-10T17:37:42.547+0000] {taskmixin.py:205} WARNING - Dependency <Task(_PythonDecoratedOperator): prepare_email>, send_email already registered for DAG: example_dag_decorator
[2023-05-10T17:37:42.552+0000] {logging_mixin.py:137} INFO - [2023-05-10T17:37:42.552+0000] {taskmixin.py:205} WARNING - Dependency <Task(EmailOperator): send_email>, prepare_email already registered for DAG: example_dag_decorator
[2023-05-10T17:37:42.570+0000] {processor.py:753} INFO - DAG(s) dict_keys(['example_dag_decorator']) retrieved from /home/airflow/.local/lib/python3.7/site-packages/airflow/example_dags/example_dag_decorator.py
[2023-05-10T17:37:42.637+0000] {logging_mixin.py:137} INFO - [2023-05-10T17:37:42.636+0000] {dag.py:2690} INFO - Sync 1 DAGs
[2023-05-10T17:37:42.667+0000] {logging_mixin.py:137} INFO - [2023-05-10T17:37:42.667+0000] {dag.py:3441} INFO - Setting next_dagrun for example_dag_decorator to None, run_after=None
[2023-05-10T17:37:42.699+0000] {processor.py:175} INFO - Processing /home/airflow/.local/lib/python3.7/site-packages/airflow/example_dags/example_dag_decorator.py took 0.182 seconds
[2023-05-10T17:38:13.178+0000] {processor.py:153} INFO - Started process (PID=177) to work on /home/airflow/.local/lib/python3.7/site-packages/airflow/example_dags/example_dag_decorator.py
[2023-05-10T17:38:13.180+0000] {processor.py:743} INFO - Processing file /home/airflow/.local/lib/python3.7/site-packages/airflow/example_dags/example_dag_decorator.py for tasks to queue
[2023-05-10T17:38:13.182+0000] {logging_mixin.py:137} INFO - [2023-05-10T17:38:13.182+0000] {dagbag.py:538} INFO - Filling up the DagBag from /home/airflow/.local/lib/python3.7/site-packages/airflow/example_dags/example_dag_decorator.py
[2023-05-10T17:38:13.203+0000] {logging_mixin.py:137} INFO - [2023-05-10T17:38:13.203+0000] {taskmixin.py:205} WARNING - Dependency <Task(_PythonDecoratedOperator): prepare_email>, send_email already registered for DAG: example_dag_decorator
[2023-05-10T17:38:13.208+0000] {logging_mixin.py:137} INFO - [2023-05-10T17:38:13.208+0000] {taskmixin.py:205} WARNING - Dependency <Task(EmailOperator): send_email>, prepare_email already registered for DAG: example_dag_decorator
[2023-05-10T17:38:13.221+0000] {processor.py:753} INFO - DAG(s) dict_keys(['example_dag_decorator']) retrieved from /home/airflow/.local/lib/python3.7/site-packages/airflow/example_dags/example_dag_decorator.py
[2023-05-10T17:38:13.290+0000] {logging_mixin.py:137} INFO - [2023-05-10T17:38:13.290+0000] {dag.py:2690} INFO - Sync 1 DAGs
[2023-05-10T17:38:13.318+0000] {logging_mixin.py:137} INFO - [2023-05-10T17:38:13.318+0000] {dag.py:3441} INFO - Setting next_dagrun for example_dag_decorator to None, run_after=None
[2023-05-10T17:38:13.346+0000] {processor.py:175} INFO - Processing /home/airflow/.local/lib/python3.7/site-packages/airflow/example_dags/example_dag_decorator.py took 0.171 seconds
[2023-05-10T17:38:43.435+0000] {processor.py:153} INFO - Started process (PID=253) to work on /home/airflow/.local/lib/python3.7/site-packages/airflow/example_dags/example_dag_decorator.py
[2023-05-10T17:38:43.437+0000] {processor.py:743} INFO - Processing file /home/airflow/.local/lib/python3.7/site-packages/airflow/example_dags/example_dag_decorator.py for tasks to queue
[2023-05-10T17:38:43.439+0000] {logging_mixin.py:137} INFO - [2023-05-10T17:38:43.438+0000] {dagbag.py:538} INFO - Filling up the DagBag from /home/airflow/.local/lib/python3.7/site-packages/airflow/example_dags/example_dag_decorator.py
[2023-05-10T17:38:43.456+0000] {logging_mixin.py:137} INFO - [2023-05-10T17:38:43.456+0000] {taskmixin.py:205} WARNING - Dependency <Task(_PythonDecoratedOperator): prepare_email>, send_email already registered for DAG: example_dag_decorator
[2023-05-10T17:38:43.457+0000] {logging_mixin.py:137} INFO - [2023-05-10T17:38:43.457+0000] {taskmixin.py:205} WARNING - Dependency <Task(EmailOperator): send_email>, prepare_email already registered for DAG: example_dag_decorator
[2023-05-10T17:38:43.467+0000] {processor.py:753} INFO - DAG(s) dict_keys(['example_dag_decorator']) retrieved from /home/airflow/.local/lib/python3.7/site-packages/airflow/example_dags/example_dag_decorator.py
[2023-05-10T17:38:43.505+0000] {logging_mixin.py:137} INFO - [2023-05-10T17:38:43.505+0000] {dag.py:2690} INFO - Sync 1 DAGs
[2023-05-10T17:38:43.517+0000] {logging_mixin.py:137} INFO - [2023-05-10T17:38:43.517+0000] {dag.py:3441} INFO - Setting next_dagrun for example_dag_decorator to None, run_after=None
[2023-05-10T17:38:43.526+0000] {processor.py:175} INFO - Processing /home/airflow/.local/lib/python3.7/site-packages/airflow/example_dags/example_dag_decorator.py took 0.096 seconds
[2023-05-10T17:39:14.462+0000] {processor.py:153} INFO - Started process (PID=329) to work on /home/airflow/.local/lib/python3.7/site-packages/airflow/example_dags/example_dag_decorator.py
[2023-05-10T17:39:14.464+0000] {processor.py:743} INFO - Processing file /home/airflow/.local/lib/python3.7/site-packages/airflow/example_dags/example_dag_decorator.py for tasks to queue
[2023-05-10T17:39:14.466+0000] {logging_mixin.py:137} INFO - [2023-05-10T17:39:14.466+0000] {dagbag.py:538} INFO - Filling up the DagBag from /home/airflow/.local/lib/python3.7/site-packages/airflow/example_dags/example_dag_decorator.py
[2023-05-10T17:39:14.484+0000] {logging_mixin.py:137} INFO - [2023-05-10T17:39:14.484+0000] {taskmixin.py:205} WARNING - Dependency <Task(_PythonDecoratedOperator): prepare_email>, send_email already registered for DAG: example_dag_decorator
[2023-05-10T17:39:14.485+0000] {logging_mixin.py:137} INFO - [2023-05-10T17:39:14.485+0000] {taskmixin.py:205} WARNING - Dependency <Task(EmailOperator): send_email>, prepare_email already registered for DAG: example_dag_decorator
[2023-05-10T17:39:14.495+0000] {processor.py:753} INFO - DAG(s) dict_keys(['example_dag_decorator']) retrieved from /home/airflow/.local/lib/python3.7/site-packages/airflow/example_dags/example_dag_decorator.py
[2023-05-10T17:39:14.532+0000] {logging_mixin.py:137} INFO - [2023-05-10T17:39:14.532+0000] {dag.py:2690} INFO - Sync 1 DAGs
[2023-05-10T17:39:14.544+0000] {logging_mixin.py:137} INFO - [2023-05-10T17:39:14.544+0000] {dag.py:3441} INFO - Setting next_dagrun for example_dag_decorator to None, run_after=None
[2023-05-10T17:39:14.553+0000] {processor.py:175} INFO - Processing /home/airflow/.local/lib/python3.7/site-packages/airflow/example_dags/example_dag_decorator.py took 0.097 seconds
[2023-05-10T17:39:45.448+0000] {processor.py:153} INFO - Started process (PID=403) to work on /home/airflow/.local/lib/python3.7/site-packages/airflow/example_dags/example_dag_decorator.py
[2023-05-10T17:39:45.449+0000] {processor.py:743} INFO - Processing file /home/airflow/.local/lib/python3.7/site-packages/airflow/example_dags/example_dag_decorator.py for tasks to queue
[2023-05-10T17:39:45.450+0000] {logging_mixin.py:137} INFO - [2023-05-10T17:39:45.450+0000] {dagbag.py:538} INFO - Filling up the DagBag from /home/airflow/.local/lib/python3.7/site-packages/airflow/example_dags/example_dag_decorator.py
[2023-05-10T17:39:45.460+0000] {logging_mixin.py:137} INFO - [2023-05-10T17:39:45.460+0000] {taskmixin.py:205} WARNING - Dependency <Task(_PythonDecoratedOperator): prepare_email>, send_email already registered for DAG: example_dag_decorator
[2023-05-10T17:39:45.461+0000] {logging_mixin.py:137} INFO - [2023-05-10T17:39:45.461+0000] {taskmixin.py:205} WARNING - Dependency <Task(EmailOperator): send_email>, prepare_email already registered for DAG: example_dag_decorator
[2023-05-10T17:39:45.468+0000] {processor.py:753} INFO - DAG(s) dict_keys(['example_dag_decorator']) retrieved from /home/airflow/.local/lib/python3.7/site-packages/airflow/example_dags/example_dag_decorator.py
[2023-05-10T17:39:45.505+0000] {logging_mixin.py:137} INFO - [2023-05-10T17:39:45.505+0000] {dag.py:2690} INFO - Sync 1 DAGs
[2023-05-10T17:39:45.517+0000] {logging_mixin.py:137} INFO - [2023-05-10T17:39:45.517+0000] {dag.py:3441} INFO - Setting next_dagrun for example_dag_decorator to None, run_after=None
[2023-05-10T17:39:45.527+0000] {processor.py:175} INFO - Processing /home/airflow/.local/lib/python3.7/site-packages/airflow/example_dags/example_dag_decorator.py took 0.081 seconds
[2023-05-10T17:40:16.403+0000] {processor.py:153} INFO - Started process (PID=467) to work on /home/airflow/.local/lib/python3.7/site-packages/airflow/example_dags/example_dag_decorator.py
[2023-05-10T17:40:16.404+0000] {processor.py:743} INFO - Processing file /home/airflow/.local/lib/python3.7/site-packages/airflow/example_dags/example_dag_decorator.py for tasks to queue
[2023-05-10T17:40:16.404+0000] {logging_mixin.py:137} INFO - [2023-05-10T17:40:16.404+0000] {dagbag.py:538} INFO - Filling up the DagBag from /home/airflow/.local/lib/python3.7/site-packages/airflow/example_dags/example_dag_decorator.py
[2023-05-10T17:40:16.415+0000] {logging_mixin.py:137} INFO - [2023-05-10T17:40:16.415+0000] {taskmixin.py:205} WARNING - Dependency <Task(_PythonDecoratedOperator): prepare_email>, send_email already registered for DAG: example_dag_decorator
[2023-05-10T17:40:16.415+0000] {logging_mixin.py:137} INFO - [2023-05-10T17:40:16.415+0000] {taskmixin.py:205} WARNING - Dependency <Task(EmailOperator): send_email>, prepare_email already registered for DAG: example_dag_decorator
[2023-05-10T17:40:16.422+0000] {processor.py:753} INFO - DAG(s) dict_keys(['example_dag_decorator']) retrieved from /home/airflow/.local/lib/python3.7/site-packages/airflow/example_dags/example_dag_decorator.py
[2023-05-10T17:40:16.457+0000] {logging_mixin.py:137} INFO - [2023-05-10T17:40:16.457+0000] {dag.py:2690} INFO - Sync 1 DAGs
[2023-05-10T17:40:16.469+0000] {logging_mixin.py:137} INFO - [2023-05-10T17:40:16.469+0000] {dag.py:3441} INFO - Setting next_dagrun for example_dag_decorator to None, run_after=None
[2023-05-10T17:40:16.478+0000] {processor.py:175} INFO - Processing /home/airflow/.local/lib/python3.7/site-packages/airflow/example_dags/example_dag_decorator.py took 0.077 seconds
[2023-05-10T17:40:47.266+0000] {processor.py:153} INFO - Started process (PID=543) to work on /home/airflow/.local/lib/python3.7/site-packages/airflow/example_dags/example_dag_decorator.py
[2023-05-10T17:40:47.267+0000] {processor.py:743} INFO - Processing file /home/airflow/.local/lib/python3.7/site-packages/airflow/example_dags/example_dag_decorator.py for tasks to queue
[2023-05-10T17:40:47.268+0000] {logging_mixin.py:137} INFO - [2023-05-10T17:40:47.268+0000] {dagbag.py:538} INFO - Filling up the DagBag from /home/airflow/.local/lib/python3.7/site-packages/airflow/example_dags/example_dag_decorator.py
[2023-05-10T17:40:47.284+0000] {logging_mixin.py:137} INFO - [2023-05-10T17:40:47.284+0000] {taskmixin.py:205} WARNING - Dependency <Task(_PythonDecoratedOperator): prepare_email>, send_email already registered for DAG: example_dag_decorator
[2023-05-10T17:40:47.284+0000] {logging_mixin.py:137} INFO - [2023-05-10T17:40:47.284+0000] {taskmixin.py:205} WARNING - Dependency <Task(EmailOperator): send_email>, prepare_email already registered for DAG: example_dag_decorator
[2023-05-10T17:40:47.294+0000] {processor.py:753} INFO - DAG(s) dict_keys(['example_dag_decorator']) retrieved from /home/airflow/.local/lib/python3.7/site-packages/airflow/example_dags/example_dag_decorator.py
[2023-05-10T17:40:47.330+0000] {logging_mixin.py:137} INFO - [2023-05-10T17:40:47.330+0000] {dag.py:2690} INFO - Sync 1 DAGs
[2023-05-10T17:40:47.342+0000] {logging_mixin.py:137} INFO - [2023-05-10T17:40:47.342+0000] {dag.py:3441} INFO - Setting next_dagrun for example_dag_decorator to None, run_after=None
[2023-05-10T17:40:47.350+0000] {processor.py:175} INFO - Processing /home/airflow/.local/lib/python3.7/site-packages/airflow/example_dags/example_dag_decorator.py took 0.091 seconds
[2023-05-10T17:41:17.400+0000] {processor.py:153} INFO - Started process (PID=621) to work on /home/airflow/.local/lib/python3.7/site-packages/airflow/example_dags/example_dag_decorator.py
[2023-05-10T17:41:17.401+0000] {processor.py:743} INFO - Processing file /home/airflow/.local/lib/python3.7/site-packages/airflow/example_dags/example_dag_decorator.py for tasks to queue
[2023-05-10T17:41:17.402+0000] {logging_mixin.py:137} INFO - [2023-05-10T17:41:17.402+0000] {dagbag.py:538} INFO - Filling up the DagBag from /home/airflow/.local/lib/python3.7/site-packages/airflow/example_dags/example_dag_decorator.py
[2023-05-10T17:41:17.413+0000] {logging_mixin.py:137} INFO - [2023-05-10T17:41:17.413+0000] {taskmixin.py:205} WARNING - Dependency <Task(_PythonDecoratedOperator): prepare_email>, send_email already registered for DAG: example_dag_decorator
[2023-05-10T17:41:17.414+0000] {logging_mixin.py:137} INFO - [2023-05-10T17:41:17.414+0000] {taskmixin.py:205} WARNING - Dependency <Task(EmailOperator): send_email>, prepare_email already registered for DAG: example_dag_decorator
[2023-05-10T17:41:17.421+0000] {processor.py:753} INFO - DAG(s) dict_keys(['example_dag_decorator']) retrieved from /home/airflow/.local/lib/python3.7/site-packages/airflow/example_dags/example_dag_decorator.py
[2023-05-10T17:41:17.457+0000] {logging_mixin.py:137} INFO - [2023-05-10T17:41:17.457+0000] {dag.py:2690} INFO - Sync 1 DAGs
[2023-05-10T17:41:17.468+0000] {logging_mixin.py:137} INFO - [2023-05-10T17:41:17.468+0000] {dag.py:3441} INFO - Setting next_dagrun for example_dag_decorator to None, run_after=None
[2023-05-10T17:41:17.477+0000] {processor.py:175} INFO - Processing /home/airflow/.local/lib/python3.7/site-packages/airflow/example_dags/example_dag_decorator.py took 0.080 seconds
[2023-05-10T17:56:35.896+0000] {processor.py:153} INFO - Started process (PID=671) to work on /home/airflow/.local/lib/python3.7/site-packages/airflow/example_dags/example_dag_decorator.py
[2023-05-10T17:56:35.897+0000] {processor.py:743} INFO - Processing file /home/airflow/.local/lib/python3.7/site-packages/airflow/example_dags/example_dag_decorator.py for tasks to queue
[2023-05-10T17:56:35.898+0000] {logging_mixin.py:137} INFO - [2023-05-10T17:56:35.898+0000] {dagbag.py:538} INFO - Filling up the DagBag from /home/airflow/.local/lib/python3.7/site-packages/airflow/example_dags/example_dag_decorator.py
[2023-05-10T17:56:35.908+0000] {logging_mixin.py:137} INFO - [2023-05-10T17:56:35.908+0000] {taskmixin.py:205} WARNING - Dependency <Task(_PythonDecoratedOperator): prepare_email>, send_email already registered for DAG: example_dag_decorator
[2023-05-10T17:56:35.908+0000] {logging_mixin.py:137} INFO - [2023-05-10T17:56:35.908+0000] {taskmixin.py:205} WARNING - Dependency <Task(EmailOperator): send_email>, prepare_email already registered for DAG: example_dag_decorator
[2023-05-10T17:56:35.915+0000] {processor.py:753} INFO - DAG(s) dict_keys(['example_dag_decorator']) retrieved from /home/airflow/.local/lib/python3.7/site-packages/airflow/example_dags/example_dag_decorator.py
[2023-05-10T17:56:35.951+0000] {logging_mixin.py:137} INFO - [2023-05-10T17:56:35.951+0000] {dag.py:2690} INFO - Sync 1 DAGs
[2023-05-10T17:56:35.963+0000] {logging_mixin.py:137} INFO - [2023-05-10T17:56:35.962+0000] {dag.py:3441} INFO - Setting next_dagrun for example_dag_decorator to None, run_after=None
[2023-05-10T17:56:35.972+0000] {processor.py:175} INFO - Processing /home/airflow/.local/lib/python3.7/site-packages/airflow/example_dags/example_dag_decorator.py took 0.078 seconds
[2023-05-10T18:14:18.395+0000] {processor.py:153} INFO - Started process (PID=747) to work on /home/airflow/.local/lib/python3.7/site-packages/airflow/example_dags/example_dag_decorator.py
[2023-05-10T18:14:18.397+0000] {processor.py:743} INFO - Processing file /home/airflow/.local/lib/python3.7/site-packages/airflow/example_dags/example_dag_decorator.py for tasks to queue
[2023-05-10T18:14:18.400+0000] {logging_mixin.py:137} INFO - [2023-05-10T18:14:18.400+0000] {dagbag.py:538} INFO - Filling up the DagBag from /home/airflow/.local/lib/python3.7/site-packages/airflow/example_dags/example_dag_decorator.py
[2023-05-10T18:14:18.427+0000] {logging_mixin.py:137} INFO - [2023-05-10T18:14:18.427+0000] {taskmixin.py:205} WARNING - Dependency <Task(_PythonDecoratedOperator): prepare_email>, send_email already registered for DAG: example_dag_decorator
[2023-05-10T18:14:18.430+0000] {logging_mixin.py:137} INFO - [2023-05-10T18:14:18.429+0000] {taskmixin.py:205} WARNING - Dependency <Task(EmailOperator): send_email>, prepare_email already registered for DAG: example_dag_decorator
[2023-05-10T18:14:18.446+0000] {processor.py:753} INFO - DAG(s) dict_keys(['example_dag_decorator']) retrieved from /home/airflow/.local/lib/python3.7/site-packages/airflow/example_dags/example_dag_decorator.py
[2023-05-10T18:14:18.524+0000] {logging_mixin.py:137} INFO - [2023-05-10T18:14:18.524+0000] {dag.py:2690} INFO - Sync 1 DAGs
[2023-05-10T18:14:18.547+0000] {logging_mixin.py:137} INFO - [2023-05-10T18:14:18.547+0000] {dag.py:3441} INFO - Setting next_dagrun for example_dag_decorator to None, run_after=None
[2023-05-10T18:14:18.566+0000] {processor.py:175} INFO - Processing /home/airflow/.local/lib/python3.7/site-packages/airflow/example_dags/example_dag_decorator.py took 0.174 seconds
[2023-05-10T18:14:49.354+0000] {processor.py:153} INFO - Started process (PID=810) to work on /home/airflow/.local/lib/python3.7/site-packages/airflow/example_dags/example_dag_decorator.py
[2023-05-10T18:14:49.355+0000] {processor.py:743} INFO - Processing file /home/airflow/.local/lib/python3.7/site-packages/airflow/example_dags/example_dag_decorator.py for tasks to queue
[2023-05-10T18:14:49.356+0000] {logging_mixin.py:137} INFO - [2023-05-10T18:14:49.356+0000] {dagbag.py:538} INFO - Filling up the DagBag from /home/airflow/.local/lib/python3.7/site-packages/airflow/example_dags/example_dag_decorator.py
[2023-05-10T18:14:49.366+0000] {logging_mixin.py:137} INFO - [2023-05-10T18:14:49.366+0000] {taskmixin.py:205} WARNING - Dependency <Task(_PythonDecoratedOperator): prepare_email>, send_email already registered for DAG: example_dag_decorator
[2023-05-10T18:14:49.366+0000] {logging_mixin.py:137} INFO - [2023-05-10T18:14:49.366+0000] {taskmixin.py:205} WARNING - Dependency <Task(EmailOperator): send_email>, prepare_email already registered for DAG: example_dag_decorator
[2023-05-10T18:14:49.374+0000] {processor.py:753} INFO - DAG(s) dict_keys(['example_dag_decorator']) retrieved from /home/airflow/.local/lib/python3.7/site-packages/airflow/example_dags/example_dag_decorator.py
[2023-05-10T18:14:49.408+0000] {logging_mixin.py:137} INFO - [2023-05-10T18:14:49.408+0000] {dag.py:2690} INFO - Sync 1 DAGs
[2023-05-10T18:14:49.420+0000] {logging_mixin.py:137} INFO - [2023-05-10T18:14:49.420+0000] {dag.py:3441} INFO - Setting next_dagrun for example_dag_decorator to None, run_after=None
[2023-05-10T18:14:49.430+0000] {processor.py:175} INFO - Processing /home/airflow/.local/lib/python3.7/site-packages/airflow/example_dags/example_dag_decorator.py took 0.078 seconds
[2023-05-10T18:30:28.589+0000] {processor.py:153} INFO - Started process (PID=887) to work on /home/airflow/.local/lib/python3.7/site-packages/airflow/example_dags/example_dag_decorator.py
[2023-05-10T18:30:28.590+0000] {processor.py:743} INFO - Processing file /home/airflow/.local/lib/python3.7/site-packages/airflow/example_dags/example_dag_decorator.py for tasks to queue
[2023-05-10T18:30:28.590+0000] {logging_mixin.py:137} INFO - [2023-05-10T18:30:28.590+0000] {dagbag.py:538} INFO - Filling up the DagBag from /home/airflow/.local/lib/python3.7/site-packages/airflow/example_dags/example_dag_decorator.py
[2023-05-10T18:30:28.600+0000] {logging_mixin.py:137} INFO - [2023-05-10T18:30:28.600+0000] {taskmixin.py:205} WARNING - Dependency <Task(_PythonDecoratedOperator): prepare_email>, send_email already registered for DAG: example_dag_decorator
[2023-05-10T18:30:28.600+0000] {logging_mixin.py:137} INFO - [2023-05-10T18:30:28.600+0000] {taskmixin.py:205} WARNING - Dependency <Task(EmailOperator): send_email>, prepare_email already registered for DAG: example_dag_decorator
[2023-05-10T18:30:28.607+0000] {processor.py:753} INFO - DAG(s) dict_keys(['example_dag_decorator']) retrieved from /home/airflow/.local/lib/python3.7/site-packages/airflow/example_dags/example_dag_decorator.py
[2023-05-10T18:30:28.643+0000] {logging_mixin.py:137} INFO - [2023-05-10T18:30:28.643+0000] {dag.py:2690} INFO - Sync 1 DAGs
[2023-05-10T18:30:28.654+0000] {logging_mixin.py:137} INFO - [2023-05-10T18:30:28.654+0000] {dag.py:3441} INFO - Setting next_dagrun for example_dag_decorator to None, run_after=None
[2023-05-10T18:30:28.664+0000] {processor.py:175} INFO - Processing /home/airflow/.local/lib/python3.7/site-packages/airflow/example_dags/example_dag_decorator.py took 0.078 seconds
[2023-05-10T18:30:59.057+0000] {processor.py:153} INFO - Started process (PID=963) to work on /home/airflow/.local/lib/python3.7/site-packages/airflow/example_dags/example_dag_decorator.py
[2023-05-10T18:30:59.058+0000] {processor.py:743} INFO - Processing file /home/airflow/.local/lib/python3.7/site-packages/airflow/example_dags/example_dag_decorator.py for tasks to queue
[2023-05-10T18:30:59.058+0000] {logging_mixin.py:137} INFO - [2023-05-10T18:30:59.058+0000] {dagbag.py:538} INFO - Filling up the DagBag from /home/airflow/.local/lib/python3.7/site-packages/airflow/example_dags/example_dag_decorator.py
[2023-05-10T18:30:59.068+0000] {logging_mixin.py:137} INFO - [2023-05-10T18:30:59.068+0000] {taskmixin.py:205} WARNING - Dependency <Task(_PythonDecoratedOperator): prepare_email>, send_email already registered for DAG: example_dag_decorator
[2023-05-10T18:30:59.069+0000] {logging_mixin.py:137} INFO - [2023-05-10T18:30:59.069+0000] {taskmixin.py:205} WARNING - Dependency <Task(EmailOperator): send_email>, prepare_email already registered for DAG: example_dag_decorator
[2023-05-10T18:30:59.076+0000] {processor.py:753} INFO - DAG(s) dict_keys(['example_dag_decorator']) retrieved from /home/airflow/.local/lib/python3.7/site-packages/airflow/example_dags/example_dag_decorator.py
[2023-05-10T18:30:59.113+0000] {logging_mixin.py:137} INFO - [2023-05-10T18:30:59.113+0000] {dag.py:2690} INFO - Sync 1 DAGs
[2023-05-10T18:30:59.124+0000] {logging_mixin.py:137} INFO - [2023-05-10T18:30:59.124+0000] {dag.py:3441} INFO - Setting next_dagrun for example_dag_decorator to None, run_after=None
[2023-05-10T18:30:59.133+0000] {processor.py:175} INFO - Processing /home/airflow/.local/lib/python3.7/site-packages/airflow/example_dags/example_dag_decorator.py took 0.079 seconds
[2023-05-10T18:47:36.468+0000] {processor.py:153} INFO - Started process (PID=1027) to work on /home/airflow/.local/lib/python3.7/site-packages/airflow/example_dags/example_dag_decorator.py
[2023-05-10T18:47:36.473+0000] {processor.py:743} INFO - Processing file /home/airflow/.local/lib/python3.7/site-packages/airflow/example_dags/example_dag_decorator.py for tasks to queue
[2023-05-10T18:47:36.475+0000] {logging_mixin.py:137} INFO - [2023-05-10T18:47:36.475+0000] {dagbag.py:538} INFO - Filling up the DagBag from /home/airflow/.local/lib/python3.7/site-packages/airflow/example_dags/example_dag_decorator.py
[2023-05-10T18:47:36.500+0000] {logging_mixin.py:137} INFO - [2023-05-10T18:47:36.500+0000] {taskmixin.py:205} WARNING - Dependency <Task(_PythonDecoratedOperator): prepare_email>, send_email already registered for DAG: example_dag_decorator
[2023-05-10T18:47:36.500+0000] {logging_mixin.py:137} INFO - [2023-05-10T18:47:36.500+0000] {taskmixin.py:205} WARNING - Dependency <Task(EmailOperator): send_email>, prepare_email already registered for DAG: example_dag_decorator
[2023-05-10T18:47:36.519+0000] {processor.py:753} INFO - DAG(s) dict_keys(['example_dag_decorator']) retrieved from /home/airflow/.local/lib/python3.7/site-packages/airflow/example_dags/example_dag_decorator.py
[2023-05-10T18:47:36.590+0000] {logging_mixin.py:137} INFO - [2023-05-10T18:47:36.590+0000] {dag.py:2690} INFO - Sync 1 DAGs
[2023-05-10T18:47:36.610+0000] {logging_mixin.py:137} INFO - [2023-05-10T18:47:36.610+0000] {dag.py:3441} INFO - Setting next_dagrun for example_dag_decorator to None, run_after=None
[2023-05-10T18:47:36.630+0000] {processor.py:175} INFO - Processing /home/airflow/.local/lib/python3.7/site-packages/airflow/example_dags/example_dag_decorator.py took 0.174 seconds
[2023-05-10T18:48:07.385+0000] {processor.py:153} INFO - Started process (PID=1102) to work on /home/airflow/.local/lib/python3.7/site-packages/airflow/example_dags/example_dag_decorator.py
[2023-05-10T18:48:07.386+0000] {processor.py:743} INFO - Processing file /home/airflow/.local/lib/python3.7/site-packages/airflow/example_dags/example_dag_decorator.py for tasks to queue
[2023-05-10T18:48:07.386+0000] {logging_mixin.py:137} INFO - [2023-05-10T18:48:07.386+0000] {dagbag.py:538} INFO - Filling up the DagBag from /home/airflow/.local/lib/python3.7/site-packages/airflow/example_dags/example_dag_decorator.py
[2023-05-10T18:48:07.396+0000] {logging_mixin.py:137} INFO - [2023-05-10T18:48:07.396+0000] {taskmixin.py:205} WARNING - Dependency <Task(_PythonDecoratedOperator): prepare_email>, send_email already registered for DAG: example_dag_decorator
[2023-05-10T18:48:07.396+0000] {logging_mixin.py:137} INFO - [2023-05-10T18:48:07.396+0000] {taskmixin.py:205} WARNING - Dependency <Task(EmailOperator): send_email>, prepare_email already registered for DAG: example_dag_decorator
[2023-05-10T18:48:07.403+0000] {processor.py:753} INFO - DAG(s) dict_keys(['example_dag_decorator']) retrieved from /home/airflow/.local/lib/python3.7/site-packages/airflow/example_dags/example_dag_decorator.py
[2023-05-10T18:48:07.440+0000] {logging_mixin.py:137} INFO - [2023-05-10T18:48:07.440+0000] {dag.py:2690} INFO - Sync 1 DAGs
[2023-05-10T18:48:07.452+0000] {logging_mixin.py:137} INFO - [2023-05-10T18:48:07.452+0000] {dag.py:3441} INFO - Setting next_dagrun for example_dag_decorator to None, run_after=None
[2023-05-10T18:48:07.461+0000] {processor.py:175} INFO - Processing /home/airflow/.local/lib/python3.7/site-packages/airflow/example_dags/example_dag_decorator.py took 0.079 seconds
[2023-05-10T18:49:22.571+0000] {processor.py:153} INFO - Started process (PID=1177) to work on /home/airflow/.local/lib/python3.7/site-packages/airflow/example_dags/example_dag_decorator.py
[2023-05-10T18:49:22.573+0000] {processor.py:743} INFO - Processing file /home/airflow/.local/lib/python3.7/site-packages/airflow/example_dags/example_dag_decorator.py for tasks to queue
[2023-05-10T18:49:22.573+0000] {logging_mixin.py:137} INFO - [2023-05-10T18:49:22.573+0000] {dagbag.py:538} INFO - Filling up the DagBag from /home/airflow/.local/lib/python3.7/site-packages/airflow/example_dags/example_dag_decorator.py
[2023-05-10T18:49:22.583+0000] {logging_mixin.py:137} INFO - [2023-05-10T18:49:22.583+0000] {taskmixin.py:205} WARNING - Dependency <Task(_PythonDecoratedOperator): prepare_email>, send_email already registered for DAG: example_dag_decorator
[2023-05-10T18:49:22.584+0000] {logging_mixin.py:137} INFO - [2023-05-10T18:49:22.583+0000] {taskmixin.py:205} WARNING - Dependency <Task(EmailOperator): send_email>, prepare_email already registered for DAG: example_dag_decorator
[2023-05-10T18:49:22.592+0000] {processor.py:753} INFO - DAG(s) dict_keys(['example_dag_decorator']) retrieved from /home/airflow/.local/lib/python3.7/site-packages/airflow/example_dags/example_dag_decorator.py
[2023-05-10T18:49:22.629+0000] {logging_mixin.py:137} INFO - [2023-05-10T18:49:22.629+0000] {dag.py:2690} INFO - Sync 1 DAGs
[2023-05-10T18:49:22.641+0000] {logging_mixin.py:137} INFO - [2023-05-10T18:49:22.640+0000] {dag.py:3441} INFO - Setting next_dagrun for example_dag_decorator to None, run_after=None
[2023-05-10T18:49:22.650+0000] {processor.py:175} INFO - Processing /home/airflow/.local/lib/python3.7/site-packages/airflow/example_dags/example_dag_decorator.py took 0.081 seconds
[2023-05-10T18:49:53.261+0000] {processor.py:153} INFO - Started process (PID=1241) to work on /home/airflow/.local/lib/python3.7/site-packages/airflow/example_dags/example_dag_decorator.py
[2023-05-10T18:49:53.262+0000] {processor.py:743} INFO - Processing file /home/airflow/.local/lib/python3.7/site-packages/airflow/example_dags/example_dag_decorator.py for tasks to queue
[2023-05-10T18:49:53.262+0000] {logging_mixin.py:137} INFO - [2023-05-10T18:49:53.262+0000] {dagbag.py:538} INFO - Filling up the DagBag from /home/airflow/.local/lib/python3.7/site-packages/airflow/example_dags/example_dag_decorator.py
[2023-05-10T18:49:53.272+0000] {logging_mixin.py:137} INFO - [2023-05-10T18:49:53.272+0000] {taskmixin.py:205} WARNING - Dependency <Task(_PythonDecoratedOperator): prepare_email>, send_email already registered for DAG: example_dag_decorator
[2023-05-10T18:49:53.273+0000] {logging_mixin.py:137} INFO - [2023-05-10T18:49:53.273+0000] {taskmixin.py:205} WARNING - Dependency <Task(EmailOperator): send_email>, prepare_email already registered for DAG: example_dag_decorator
[2023-05-10T18:49:53.280+0000] {processor.py:753} INFO - DAG(s) dict_keys(['example_dag_decorator']) retrieved from /home/airflow/.local/lib/python3.7/site-packages/airflow/example_dags/example_dag_decorator.py
[2023-05-10T18:49:53.317+0000] {logging_mixin.py:137} INFO - [2023-05-10T18:49:53.317+0000] {dag.py:2690} INFO - Sync 1 DAGs
[2023-05-10T18:49:53.329+0000] {logging_mixin.py:137} INFO - [2023-05-10T18:49:53.329+0000] {dag.py:3441} INFO - Setting next_dagrun for example_dag_decorator to None, run_after=None
[2023-05-10T18:49:53.339+0000] {processor.py:175} INFO - Processing /home/airflow/.local/lib/python3.7/site-packages/airflow/example_dags/example_dag_decorator.py took 0.081 seconds
[2023-05-10T18:50:24.065+0000] {processor.py:153} INFO - Started process (PID=1316) to work on /home/airflow/.local/lib/python3.7/site-packages/airflow/example_dags/example_dag_decorator.py
[2023-05-10T18:50:24.066+0000] {processor.py:743} INFO - Processing file /home/airflow/.local/lib/python3.7/site-packages/airflow/example_dags/example_dag_decorator.py for tasks to queue
[2023-05-10T18:50:24.066+0000] {logging_mixin.py:137} INFO - [2023-05-10T18:50:24.066+0000] {dagbag.py:538} INFO - Filling up the DagBag from /home/airflow/.local/lib/python3.7/site-packages/airflow/example_dags/example_dag_decorator.py
[2023-05-10T18:50:24.076+0000] {logging_mixin.py:137} INFO - [2023-05-10T18:50:24.076+0000] {taskmixin.py:205} WARNING - Dependency <Task(_PythonDecoratedOperator): prepare_email>, send_email already registered for DAG: example_dag_decorator
[2023-05-10T18:50:24.077+0000] {logging_mixin.py:137} INFO - [2023-05-10T18:50:24.077+0000] {taskmixin.py:205} WARNING - Dependency <Task(EmailOperator): send_email>, prepare_email already registered for DAG: example_dag_decorator
[2023-05-10T18:50:24.084+0000] {processor.py:753} INFO - DAG(s) dict_keys(['example_dag_decorator']) retrieved from /home/airflow/.local/lib/python3.7/site-packages/airflow/example_dags/example_dag_decorator.py
[2023-05-10T18:50:24.120+0000] {logging_mixin.py:137} INFO - [2023-05-10T18:50:24.120+0000] {dag.py:2690} INFO - Sync 1 DAGs
[2023-05-10T18:50:24.132+0000] {logging_mixin.py:137} INFO - [2023-05-10T18:50:24.132+0000] {dag.py:3441} INFO - Setting next_dagrun for example_dag_decorator to None, run_after=None
[2023-05-10T18:50:24.142+0000] {processor.py:175} INFO - Processing /home/airflow/.local/lib/python3.7/site-packages/airflow/example_dags/example_dag_decorator.py took 0.079 seconds
[2023-05-10T18:50:54.802+0000] {processor.py:153} INFO - Started process (PID=1389) to work on /home/airflow/.local/lib/python3.7/site-packages/airflow/example_dags/example_dag_decorator.py
[2023-05-10T18:50:54.803+0000] {processor.py:743} INFO - Processing file /home/airflow/.local/lib/python3.7/site-packages/airflow/example_dags/example_dag_decorator.py for tasks to queue
[2023-05-10T18:50:54.804+0000] {logging_mixin.py:137} INFO - [2023-05-10T18:50:54.804+0000] {dagbag.py:538} INFO - Filling up the DagBag from /home/airflow/.local/lib/python3.7/site-packages/airflow/example_dags/example_dag_decorator.py
[2023-05-10T18:50:54.814+0000] {logging_mixin.py:137} INFO - [2023-05-10T18:50:54.814+0000] {taskmixin.py:205} WARNING - Dependency <Task(_PythonDecoratedOperator): prepare_email>, send_email already registered for DAG: example_dag_decorator
[2023-05-10T18:50:54.814+0000] {logging_mixin.py:137} INFO - [2023-05-10T18:50:54.814+0000] {taskmixin.py:205} WARNING - Dependency <Task(EmailOperator): send_email>, prepare_email already registered for DAG: example_dag_decorator
[2023-05-10T18:50:54.822+0000] {processor.py:753} INFO - DAG(s) dict_keys(['example_dag_decorator']) retrieved from /home/airflow/.local/lib/python3.7/site-packages/airflow/example_dags/example_dag_decorator.py
[2023-05-10T18:50:54.862+0000] {logging_mixin.py:137} INFO - [2023-05-10T18:50:54.862+0000] {dag.py:2690} INFO - Sync 1 DAGs
[2023-05-10T18:50:54.875+0000] {logging_mixin.py:137} INFO - [2023-05-10T18:50:54.875+0000] {dag.py:3441} INFO - Setting next_dagrun for example_dag_decorator to None, run_after=None
[2023-05-10T18:50:54.885+0000] {processor.py:175} INFO - Processing /home/airflow/.local/lib/python3.7/site-packages/airflow/example_dags/example_dag_decorator.py took 0.085 seconds
[2023-05-10T18:51:25.597+0000] {processor.py:153} INFO - Started process (PID=1464) to work on /home/airflow/.local/lib/python3.7/site-packages/airflow/example_dags/example_dag_decorator.py
[2023-05-10T18:51:25.599+0000] {processor.py:743} INFO - Processing file /home/airflow/.local/lib/python3.7/site-packages/airflow/example_dags/example_dag_decorator.py for tasks to queue
[2023-05-10T18:51:25.601+0000] {logging_mixin.py:137} INFO - [2023-05-10T18:51:25.600+0000] {dagbag.py:538} INFO - Filling up the DagBag from /home/airflow/.local/lib/python3.7/site-packages/airflow/example_dags/example_dag_decorator.py
[2023-05-10T18:51:25.617+0000] {logging_mixin.py:137} INFO - [2023-05-10T18:51:25.617+0000] {taskmixin.py:205} WARNING - Dependency <Task(_PythonDecoratedOperator): prepare_email>, send_email already registered for DAG: example_dag_decorator
[2023-05-10T18:51:25.618+0000] {logging_mixin.py:137} INFO - [2023-05-10T18:51:25.618+0000] {taskmixin.py:205} WARNING - Dependency <Task(EmailOperator): send_email>, prepare_email already registered for DAG: example_dag_decorator
[2023-05-10T18:51:25.626+0000] {processor.py:753} INFO - DAG(s) dict_keys(['example_dag_decorator']) retrieved from /home/airflow/.local/lib/python3.7/site-packages/airflow/example_dags/example_dag_decorator.py
[2023-05-10T18:51:25.669+0000] {logging_mixin.py:137} INFO - [2023-05-10T18:51:25.669+0000] {dag.py:2690} INFO - Sync 1 DAGs
[2023-05-10T18:51:25.681+0000] {logging_mixin.py:137} INFO - [2023-05-10T18:51:25.681+0000] {dag.py:3441} INFO - Setting next_dagrun for example_dag_decorator to None, run_after=None
[2023-05-10T18:51:25.690+0000] {processor.py:175} INFO - Processing /home/airflow/.local/lib/python3.7/site-packages/airflow/example_dags/example_dag_decorator.py took 0.096 seconds
[2023-05-10T18:51:56.466+0000] {processor.py:153} INFO - Started process (PID=1527) to work on /home/airflow/.local/lib/python3.7/site-packages/airflow/example_dags/example_dag_decorator.py
[2023-05-10T18:51:56.467+0000] {processor.py:743} INFO - Processing file /home/airflow/.local/lib/python3.7/site-packages/airflow/example_dags/example_dag_decorator.py for tasks to queue
[2023-05-10T18:51:56.468+0000] {logging_mixin.py:137} INFO - [2023-05-10T18:51:56.467+0000] {dagbag.py:538} INFO - Filling up the DagBag from /home/airflow/.local/lib/python3.7/site-packages/airflow/example_dags/example_dag_decorator.py
[2023-05-10T18:51:56.477+0000] {logging_mixin.py:137} INFO - [2023-05-10T18:51:56.477+0000] {taskmixin.py:205} WARNING - Dependency <Task(_PythonDecoratedOperator): prepare_email>, send_email already registered for DAG: example_dag_decorator
[2023-05-10T18:51:56.478+0000] {logging_mixin.py:137} INFO - [2023-05-10T18:51:56.478+0000] {taskmixin.py:205} WARNING - Dependency <Task(EmailOperator): send_email>, prepare_email already registered for DAG: example_dag_decorator
[2023-05-10T18:51:56.485+0000] {processor.py:753} INFO - DAG(s) dict_keys(['example_dag_decorator']) retrieved from /home/airflow/.local/lib/python3.7/site-packages/airflow/example_dags/example_dag_decorator.py
[2023-05-10T18:51:56.521+0000] {logging_mixin.py:137} INFO - [2023-05-10T18:51:56.521+0000] {dag.py:2690} INFO - Sync 1 DAGs
[2023-05-10T18:51:56.533+0000] {logging_mixin.py:137} INFO - [2023-05-10T18:51:56.533+0000] {dag.py:3441} INFO - Setting next_dagrun for example_dag_decorator to None, run_after=None
[2023-05-10T18:51:56.543+0000] {processor.py:175} INFO - Processing /home/airflow/.local/lib/python3.7/site-packages/airflow/example_dags/example_dag_decorator.py took 0.079 seconds
[2023-05-10T18:52:27.236+0000] {processor.py:153} INFO - Started process (PID=1600) to work on /home/airflow/.local/lib/python3.7/site-packages/airflow/example_dags/example_dag_decorator.py
[2023-05-10T18:52:27.237+0000] {processor.py:743} INFO - Processing file /home/airflow/.local/lib/python3.7/site-packages/airflow/example_dags/example_dag_decorator.py for tasks to queue
[2023-05-10T18:52:27.238+0000] {logging_mixin.py:137} INFO - [2023-05-10T18:52:27.238+0000] {dagbag.py:538} INFO - Filling up the DagBag from /home/airflow/.local/lib/python3.7/site-packages/airflow/example_dags/example_dag_decorator.py
[2023-05-10T18:52:27.249+0000] {logging_mixin.py:137} INFO - [2023-05-10T18:52:27.249+0000] {taskmixin.py:205} WARNING - Dependency <Task(_PythonDecoratedOperator): prepare_email>, send_email already registered for DAG: example_dag_decorator
[2023-05-10T18:52:27.249+0000] {logging_mixin.py:137} INFO - [2023-05-10T18:52:27.249+0000] {taskmixin.py:205} WARNING - Dependency <Task(EmailOperator): send_email>, prepare_email already registered for DAG: example_dag_decorator
[2023-05-10T18:52:27.258+0000] {processor.py:753} INFO - DAG(s) dict_keys(['example_dag_decorator']) retrieved from /home/airflow/.local/lib/python3.7/site-packages/airflow/example_dags/example_dag_decorator.py
[2023-05-10T18:52:27.296+0000] {logging_mixin.py:137} INFO - [2023-05-10T18:52:27.296+0000] {dag.py:2690} INFO - Sync 1 DAGs
[2023-05-10T18:52:27.309+0000] {logging_mixin.py:137} INFO - [2023-05-10T18:52:27.309+0000] {dag.py:3441} INFO - Setting next_dagrun for example_dag_decorator to None, run_after=None
[2023-05-10T18:52:27.321+0000] {processor.py:175} INFO - Processing /home/airflow/.local/lib/python3.7/site-packages/airflow/example_dags/example_dag_decorator.py took 0.088 seconds
[2023-05-10T18:52:58.153+0000] {processor.py:153} INFO - Started process (PID=1675) to work on /home/airflow/.local/lib/python3.7/site-packages/airflow/example_dags/example_dag_decorator.py
[2023-05-10T18:52:58.154+0000] {processor.py:743} INFO - Processing file /home/airflow/.local/lib/python3.7/site-packages/airflow/example_dags/example_dag_decorator.py for tasks to queue
[2023-05-10T18:52:58.154+0000] {logging_mixin.py:137} INFO - [2023-05-10T18:52:58.154+0000] {dagbag.py:538} INFO - Filling up the DagBag from /home/airflow/.local/lib/python3.7/site-packages/airflow/example_dags/example_dag_decorator.py
[2023-05-10T18:52:58.165+0000] {logging_mixin.py:137} INFO - [2023-05-10T18:52:58.164+0000] {taskmixin.py:205} WARNING - Dependency <Task(_PythonDecoratedOperator): prepare_email>, send_email already registered for DAG: example_dag_decorator
[2023-05-10T18:52:58.165+0000] {logging_mixin.py:137} INFO - [2023-05-10T18:52:58.165+0000] {taskmixin.py:205} WARNING - Dependency <Task(EmailOperator): send_email>, prepare_email already registered for DAG: example_dag_decorator
[2023-05-10T18:52:58.172+0000] {processor.py:753} INFO - DAG(s) dict_keys(['example_dag_decorator']) retrieved from /home/airflow/.local/lib/python3.7/site-packages/airflow/example_dags/example_dag_decorator.py
[2023-05-10T18:52:58.211+0000] {logging_mixin.py:137} INFO - [2023-05-10T18:52:58.211+0000] {dag.py:2690} INFO - Sync 1 DAGs
[2023-05-10T18:52:58.222+0000] {logging_mixin.py:137} INFO - [2023-05-10T18:52:58.222+0000] {dag.py:3441} INFO - Setting next_dagrun for example_dag_decorator to None, run_after=None
[2023-05-10T18:52:58.232+0000] {processor.py:175} INFO - Processing /home/airflow/.local/lib/python3.7/site-packages/airflow/example_dags/example_dag_decorator.py took 0.081 seconds
[2023-05-10T18:53:28.902+0000] {processor.py:153} INFO - Started process (PID=1750) to work on /home/airflow/.local/lib/python3.7/site-packages/airflow/example_dags/example_dag_decorator.py
[2023-05-10T18:53:28.903+0000] {processor.py:743} INFO - Processing file /home/airflow/.local/lib/python3.7/site-packages/airflow/example_dags/example_dag_decorator.py for tasks to queue
[2023-05-10T18:53:28.904+0000] {logging_mixin.py:137} INFO - [2023-05-10T18:53:28.904+0000] {dagbag.py:538} INFO - Filling up the DagBag from /home/airflow/.local/lib/python3.7/site-packages/airflow/example_dags/example_dag_decorator.py
[2023-05-10T18:53:28.914+0000] {logging_mixin.py:137} INFO - [2023-05-10T18:53:28.914+0000] {taskmixin.py:205} WARNING - Dependency <Task(_PythonDecoratedOperator): prepare_email>, send_email already registered for DAG: example_dag_decorator
[2023-05-10T18:53:28.914+0000] {logging_mixin.py:137} INFO - [2023-05-10T18:53:28.914+0000] {taskmixin.py:205} WARNING - Dependency <Task(EmailOperator): send_email>, prepare_email already registered for DAG: example_dag_decorator
[2023-05-10T18:53:28.921+0000] {processor.py:753} INFO - DAG(s) dict_keys(['example_dag_decorator']) retrieved from /home/airflow/.local/lib/python3.7/site-packages/airflow/example_dags/example_dag_decorator.py
[2023-05-10T18:53:28.961+0000] {logging_mixin.py:137} INFO - [2023-05-10T18:53:28.961+0000] {dag.py:2690} INFO - Sync 1 DAGs
[2023-05-10T18:53:28.972+0000] {logging_mixin.py:137} INFO - [2023-05-10T18:53:28.972+0000] {dag.py:3441} INFO - Setting next_dagrun for example_dag_decorator to None, run_after=None
[2023-05-10T18:53:28.982+0000] {processor.py:175} INFO - Processing /home/airflow/.local/lib/python3.7/site-packages/airflow/example_dags/example_dag_decorator.py took 0.083 seconds
[2023-05-10T18:53:59.803+0000] {processor.py:153} INFO - Started process (PID=1812) to work on /home/airflow/.local/lib/python3.7/site-packages/airflow/example_dags/example_dag_decorator.py
[2023-05-10T18:53:59.804+0000] {processor.py:743} INFO - Processing file /home/airflow/.local/lib/python3.7/site-packages/airflow/example_dags/example_dag_decorator.py for tasks to queue
[2023-05-10T18:53:59.804+0000] {logging_mixin.py:137} INFO - [2023-05-10T18:53:59.804+0000] {dagbag.py:538} INFO - Filling up the DagBag from /home/airflow/.local/lib/python3.7/site-packages/airflow/example_dags/example_dag_decorator.py
[2023-05-10T18:53:59.814+0000] {logging_mixin.py:137} INFO - [2023-05-10T18:53:59.814+0000] {taskmixin.py:205} WARNING - Dependency <Task(_PythonDecoratedOperator): prepare_email>, send_email already registered for DAG: example_dag_decorator
[2023-05-10T18:53:59.814+0000] {logging_mixin.py:137} INFO - [2023-05-10T18:53:59.814+0000] {taskmixin.py:205} WARNING - Dependency <Task(EmailOperator): send_email>, prepare_email already registered for DAG: example_dag_decorator
[2023-05-10T18:53:59.821+0000] {processor.py:753} INFO - DAG(s) dict_keys(['example_dag_decorator']) retrieved from /home/airflow/.local/lib/python3.7/site-packages/airflow/example_dags/example_dag_decorator.py
[2023-05-10T18:53:59.858+0000] {logging_mixin.py:137} INFO - [2023-05-10T18:53:59.858+0000] {dag.py:2690} INFO - Sync 1 DAGs
[2023-05-10T18:53:59.870+0000] {logging_mixin.py:137} INFO - [2023-05-10T18:53:59.870+0000] {dag.py:3441} INFO - Setting next_dagrun for example_dag_decorator to None, run_after=None
[2023-05-10T18:53:59.880+0000] {processor.py:175} INFO - Processing /home/airflow/.local/lib/python3.7/site-packages/airflow/example_dags/example_dag_decorator.py took 0.080 seconds
[2023-05-10T18:54:30.531+0000] {processor.py:153} INFO - Started process (PID=1888) to work on /home/airflow/.local/lib/python3.7/site-packages/airflow/example_dags/example_dag_decorator.py
[2023-05-10T18:54:30.532+0000] {processor.py:743} INFO - Processing file /home/airflow/.local/lib/python3.7/site-packages/airflow/example_dags/example_dag_decorator.py for tasks to queue
[2023-05-10T18:54:30.533+0000] {logging_mixin.py:137} INFO - [2023-05-10T18:54:30.533+0000] {dagbag.py:538} INFO - Filling up the DagBag from /home/airflow/.local/lib/python3.7/site-packages/airflow/example_dags/example_dag_decorator.py
[2023-05-10T18:54:30.542+0000] {logging_mixin.py:137} INFO - [2023-05-10T18:54:30.542+0000] {taskmixin.py:205} WARNING - Dependency <Task(_PythonDecoratedOperator): prepare_email>, send_email already registered for DAG: example_dag_decorator
[2023-05-10T18:54:30.543+0000] {logging_mixin.py:137} INFO - [2023-05-10T18:54:30.543+0000] {taskmixin.py:205} WARNING - Dependency <Task(EmailOperator): send_email>, prepare_email already registered for DAG: example_dag_decorator
[2023-05-10T18:54:30.550+0000] {processor.py:753} INFO - DAG(s) dict_keys(['example_dag_decorator']) retrieved from /home/airflow/.local/lib/python3.7/site-packages/airflow/example_dags/example_dag_decorator.py
[2023-05-10T18:54:30.586+0000] {logging_mixin.py:137} INFO - [2023-05-10T18:54:30.586+0000] {dag.py:2690} INFO - Sync 1 DAGs
[2023-05-10T18:54:30.598+0000] {logging_mixin.py:137} INFO - [2023-05-10T18:54:30.598+0000] {dag.py:3441} INFO - Setting next_dagrun for example_dag_decorator to None, run_after=None
[2023-05-10T18:54:30.607+0000] {processor.py:175} INFO - Processing /home/airflow/.local/lib/python3.7/site-packages/airflow/example_dags/example_dag_decorator.py took 0.078 seconds
[2023-05-10T18:55:01.265+0000] {processor.py:153} INFO - Started process (PID=1963) to work on /home/airflow/.local/lib/python3.7/site-packages/airflow/example_dags/example_dag_decorator.py
[2023-05-10T18:55:01.266+0000] {processor.py:743} INFO - Processing file /home/airflow/.local/lib/python3.7/site-packages/airflow/example_dags/example_dag_decorator.py for tasks to queue
[2023-05-10T18:55:01.267+0000] {logging_mixin.py:137} INFO - [2023-05-10T18:55:01.267+0000] {dagbag.py:538} INFO - Filling up the DagBag from /home/airflow/.local/lib/python3.7/site-packages/airflow/example_dags/example_dag_decorator.py
[2023-05-10T18:55:01.277+0000] {logging_mixin.py:137} INFO - [2023-05-10T18:55:01.277+0000] {taskmixin.py:205} WARNING - Dependency <Task(_PythonDecoratedOperator): prepare_email>, send_email already registered for DAG: example_dag_decorator
[2023-05-10T18:55:01.277+0000] {logging_mixin.py:137} INFO - [2023-05-10T18:55:01.277+0000] {taskmixin.py:205} WARNING - Dependency <Task(EmailOperator): send_email>, prepare_email already registered for DAG: example_dag_decorator
[2023-05-10T18:55:01.284+0000] {processor.py:753} INFO - DAG(s) dict_keys(['example_dag_decorator']) retrieved from /home/airflow/.local/lib/python3.7/site-packages/airflow/example_dags/example_dag_decorator.py
[2023-05-10T18:55:01.323+0000] {logging_mixin.py:137} INFO - [2023-05-10T18:55:01.322+0000] {dag.py:2690} INFO - Sync 1 DAGs
[2023-05-10T18:55:01.334+0000] {logging_mixin.py:137} INFO - [2023-05-10T18:55:01.334+0000] {dag.py:3441} INFO - Setting next_dagrun for example_dag_decorator to None, run_after=None
[2023-05-10T18:55:01.342+0000] {processor.py:175} INFO - Processing /home/airflow/.local/lib/python3.7/site-packages/airflow/example_dags/example_dag_decorator.py took 0.079 seconds
