[2023-05-10T17:37:11.915+0000] {processor.py:153} INFO - Started process (PID=43) to work on /home/airflow/.local/lib/python3.7/site-packages/airflow/example_dags/tutorial_dag.py
[2023-05-10T17:37:11.916+0000] {processor.py:743} INFO - Processing file /home/airflow/.local/lib/python3.7/site-packages/airflow/example_dags/tutorial_dag.py for tasks to queue
[2023-05-10T17:37:11.917+0000] {logging_mixin.py:137} INFO - [2023-05-10T17:37:11.917+0000] {dagbag.py:538} INFO - Filling up the DagBag from /home/airflow/.local/lib/python3.7/site-packages/airflow/example_dags/tutorial_dag.py
[2023-05-10T17:37:11.937+0000] {processor.py:753} INFO - DAG(s) dict_keys(['tutorial_dag']) retrieved from /home/airflow/.local/lib/python3.7/site-packages/airflow/example_dags/tutorial_dag.py
[2023-05-10T17:37:12.109+0000] {logging_mixin.py:137} INFO - [2023-05-10T17:37:12.109+0000] {manager.py:504} INFO - Created Permission View: can edit on DAG:tutorial_dag
[2023-05-10T17:37:12.132+0000] {logging_mixin.py:137} INFO - [2023-05-10T17:37:12.131+0000] {manager.py:504} INFO - Created Permission View: can read on DAG:tutorial_dag
[2023-05-10T17:37:12.143+0000] {logging_mixin.py:137} INFO - [2023-05-10T17:37:12.143+0000] {manager.py:504} INFO - Created Permission View: can delete on DAG:tutorial_dag
[2023-05-10T17:37:12.144+0000] {logging_mixin.py:137} INFO - [2023-05-10T17:37:12.144+0000] {dag.py:2690} INFO - Sync 1 DAGs
[2023-05-10T17:37:12.157+0000] {logging_mixin.py:137} INFO - [2023-05-10T17:37:12.156+0000] {dag.py:2711} INFO - Creating ORM DAG for tutorial_dag
[2023-05-10T17:37:12.168+0000] {logging_mixin.py:137} INFO - [2023-05-10T17:37:12.167+0000] {dag.py:3441} INFO - Setting next_dagrun for tutorial_dag to None, run_after=None
[2023-05-10T17:37:12.194+0000] {processor.py:175} INFO - Processing /home/airflow/.local/lib/python3.7/site-packages/airflow/example_dags/tutorial_dag.py took 0.282 seconds
[2023-05-10T17:37:42.945+0000] {processor.py:153} INFO - Started process (PID=117) to work on /home/airflow/.local/lib/python3.7/site-packages/airflow/example_dags/tutorial_dag.py
[2023-05-10T17:37:42.958+0000] {processor.py:743} INFO - Processing file /home/airflow/.local/lib/python3.7/site-packages/airflow/example_dags/tutorial_dag.py for tasks to queue
[2023-05-10T17:37:42.960+0000] {logging_mixin.py:137} INFO - [2023-05-10T17:37:42.960+0000] {dagbag.py:538} INFO - Filling up the DagBag from /home/airflow/.local/lib/python3.7/site-packages/airflow/example_dags/tutorial_dag.py
[2023-05-10T17:37:42.977+0000] {processor.py:753} INFO - DAG(s) dict_keys(['tutorial_dag']) retrieved from /home/airflow/.local/lib/python3.7/site-packages/airflow/example_dags/tutorial_dag.py
[2023-05-10T17:37:43.065+0000] {logging_mixin.py:137} INFO - [2023-05-10T17:37:43.064+0000] {dag.py:2690} INFO - Sync 1 DAGs
[2023-05-10T17:37:43.093+0000] {logging_mixin.py:137} INFO - [2023-05-10T17:37:43.093+0000] {dag.py:3441} INFO - Setting next_dagrun for tutorial_dag to None, run_after=None
[2023-05-10T17:37:43.111+0000] {processor.py:175} INFO - Processing /home/airflow/.local/lib/python3.7/site-packages/airflow/example_dags/tutorial_dag.py took 0.171 seconds
[2023-05-10T17:38:13.666+0000] {processor.py:153} INFO - Started process (PID=181) to work on /home/airflow/.local/lib/python3.7/site-packages/airflow/example_dags/tutorial_dag.py
[2023-05-10T17:38:13.670+0000] {processor.py:743} INFO - Processing file /home/airflow/.local/lib/python3.7/site-packages/airflow/example_dags/tutorial_dag.py for tasks to queue
[2023-05-10T17:38:13.672+0000] {logging_mixin.py:137} INFO - [2023-05-10T17:38:13.672+0000] {dagbag.py:538} INFO - Filling up the DagBag from /home/airflow/.local/lib/python3.7/site-packages/airflow/example_dags/tutorial_dag.py
[2023-05-10T17:38:13.704+0000] {processor.py:753} INFO - DAG(s) dict_keys(['tutorial_dag']) retrieved from /home/airflow/.local/lib/python3.7/site-packages/airflow/example_dags/tutorial_dag.py
[2023-05-10T17:38:13.734+0000] {logging_mixin.py:137} INFO - [2023-05-10T17:38:13.734+0000] {dag.py:2690} INFO - Sync 1 DAGs
[2023-05-10T17:38:13.771+0000] {logging_mixin.py:137} INFO - [2023-05-10T17:38:13.771+0000] {dag.py:3441} INFO - Setting next_dagrun for tutorial_dag to None, run_after=None
[2023-05-10T17:38:13.791+0000] {processor.py:175} INFO - Processing /home/airflow/.local/lib/python3.7/site-packages/airflow/example_dags/tutorial_dag.py took 0.129 seconds
[2023-05-10T17:38:44.655+0000] {processor.py:153} INFO - Started process (PID=257) to work on /home/airflow/.local/lib/python3.7/site-packages/airflow/example_dags/tutorial_dag.py
[2023-05-10T17:38:44.656+0000] {processor.py:743} INFO - Processing file /home/airflow/.local/lib/python3.7/site-packages/airflow/example_dags/tutorial_dag.py for tasks to queue
[2023-05-10T17:38:44.657+0000] {logging_mixin.py:137} INFO - [2023-05-10T17:38:44.657+0000] {dagbag.py:538} INFO - Filling up the DagBag from /home/airflow/.local/lib/python3.7/site-packages/airflow/example_dags/tutorial_dag.py
[2023-05-10T17:38:44.664+0000] {processor.py:753} INFO - DAG(s) dict_keys(['tutorial_dag']) retrieved from /home/airflow/.local/lib/python3.7/site-packages/airflow/example_dags/tutorial_dag.py
[2023-05-10T17:38:44.681+0000] {logging_mixin.py:137} INFO - [2023-05-10T17:38:44.681+0000] {dag.py:2690} INFO - Sync 1 DAGs
[2023-05-10T17:38:44.694+0000] {logging_mixin.py:137} INFO - [2023-05-10T17:38:44.694+0000] {dag.py:3441} INFO - Setting next_dagrun for tutorial_dag to None, run_after=None
[2023-05-10T17:38:44.704+0000] {processor.py:175} INFO - Processing /home/airflow/.local/lib/python3.7/site-packages/airflow/example_dags/tutorial_dag.py took 0.050 seconds
[2023-05-10T17:39:15.680+0000] {processor.py:153} INFO - Started process (PID=333) to work on /home/airflow/.local/lib/python3.7/site-packages/airflow/example_dags/tutorial_dag.py
[2023-05-10T17:39:15.681+0000] {processor.py:743} INFO - Processing file /home/airflow/.local/lib/python3.7/site-packages/airflow/example_dags/tutorial_dag.py for tasks to queue
[2023-05-10T17:39:15.681+0000] {logging_mixin.py:137} INFO - [2023-05-10T17:39:15.681+0000] {dagbag.py:538} INFO - Filling up the DagBag from /home/airflow/.local/lib/python3.7/site-packages/airflow/example_dags/tutorial_dag.py
[2023-05-10T17:39:15.689+0000] {processor.py:753} INFO - DAG(s) dict_keys(['tutorial_dag']) retrieved from /home/airflow/.local/lib/python3.7/site-packages/airflow/example_dags/tutorial_dag.py
[2023-05-10T17:39:15.705+0000] {logging_mixin.py:137} INFO - [2023-05-10T17:39:15.705+0000] {dag.py:2690} INFO - Sync 1 DAGs
[2023-05-10T17:39:15.718+0000] {logging_mixin.py:137} INFO - [2023-05-10T17:39:15.718+0000] {dag.py:3441} INFO - Setting next_dagrun for tutorial_dag to None, run_after=None
[2023-05-10T17:39:15.726+0000] {processor.py:175} INFO - Processing /home/airflow/.local/lib/python3.7/site-packages/airflow/example_dags/tutorial_dag.py took 0.048 seconds
[2023-05-10T17:39:46.646+0000] {processor.py:153} INFO - Started process (PID=407) to work on /home/airflow/.local/lib/python3.7/site-packages/airflow/example_dags/tutorial_dag.py
[2023-05-10T17:39:46.647+0000] {processor.py:743} INFO - Processing file /home/airflow/.local/lib/python3.7/site-packages/airflow/example_dags/tutorial_dag.py for tasks to queue
[2023-05-10T17:39:46.647+0000] {logging_mixin.py:137} INFO - [2023-05-10T17:39:46.647+0000] {dagbag.py:538} INFO - Filling up the DagBag from /home/airflow/.local/lib/python3.7/site-packages/airflow/example_dags/tutorial_dag.py
[2023-05-10T17:39:46.655+0000] {processor.py:753} INFO - DAG(s) dict_keys(['tutorial_dag']) retrieved from /home/airflow/.local/lib/python3.7/site-packages/airflow/example_dags/tutorial_dag.py
[2023-05-10T17:39:46.672+0000] {logging_mixin.py:137} INFO - [2023-05-10T17:39:46.672+0000] {dag.py:2690} INFO - Sync 1 DAGs
[2023-05-10T17:39:46.684+0000] {logging_mixin.py:137} INFO - [2023-05-10T17:39:46.684+0000] {dag.py:3441} INFO - Setting next_dagrun for tutorial_dag to None, run_after=None
[2023-05-10T17:39:46.693+0000] {processor.py:175} INFO - Processing /home/airflow/.local/lib/python3.7/site-packages/airflow/example_dags/tutorial_dag.py took 0.049 seconds
[2023-05-10T17:40:17.602+0000] {processor.py:153} INFO - Started process (PID=471) to work on /home/airflow/.local/lib/python3.7/site-packages/airflow/example_dags/tutorial_dag.py
[2023-05-10T17:40:17.603+0000] {processor.py:743} INFO - Processing file /home/airflow/.local/lib/python3.7/site-packages/airflow/example_dags/tutorial_dag.py for tasks to queue
[2023-05-10T17:40:17.604+0000] {logging_mixin.py:137} INFO - [2023-05-10T17:40:17.604+0000] {dagbag.py:538} INFO - Filling up the DagBag from /home/airflow/.local/lib/python3.7/site-packages/airflow/example_dags/tutorial_dag.py
[2023-05-10T17:40:17.612+0000] {processor.py:753} INFO - DAG(s) dict_keys(['tutorial_dag']) retrieved from /home/airflow/.local/lib/python3.7/site-packages/airflow/example_dags/tutorial_dag.py
[2023-05-10T17:40:17.629+0000] {logging_mixin.py:137} INFO - [2023-05-10T17:40:17.629+0000] {dag.py:2690} INFO - Sync 1 DAGs
[2023-05-10T17:40:17.643+0000] {logging_mixin.py:137} INFO - [2023-05-10T17:40:17.643+0000] {dag.py:3441} INFO - Setting next_dagrun for tutorial_dag to None, run_after=None
[2023-05-10T17:40:17.653+0000] {processor.py:175} INFO - Processing /home/airflow/.local/lib/python3.7/site-packages/airflow/example_dags/tutorial_dag.py took 0.053 seconds
[2023-05-10T17:40:48.488+0000] {processor.py:153} INFO - Started process (PID=547) to work on /home/airflow/.local/lib/python3.7/site-packages/airflow/example_dags/tutorial_dag.py
[2023-05-10T17:40:48.489+0000] {processor.py:743} INFO - Processing file /home/airflow/.local/lib/python3.7/site-packages/airflow/example_dags/tutorial_dag.py for tasks to queue
[2023-05-10T17:40:48.489+0000] {logging_mixin.py:137} INFO - [2023-05-10T17:40:48.489+0000] {dagbag.py:538} INFO - Filling up the DagBag from /home/airflow/.local/lib/python3.7/site-packages/airflow/example_dags/tutorial_dag.py
[2023-05-10T17:40:48.497+0000] {processor.py:753} INFO - DAG(s) dict_keys(['tutorial_dag']) retrieved from /home/airflow/.local/lib/python3.7/site-packages/airflow/example_dags/tutorial_dag.py
[2023-05-10T17:40:48.515+0000] {logging_mixin.py:137} INFO - [2023-05-10T17:40:48.515+0000] {dag.py:2690} INFO - Sync 1 DAGs
[2023-05-10T17:40:48.528+0000] {logging_mixin.py:137} INFO - [2023-05-10T17:40:48.528+0000] {dag.py:3441} INFO - Setting next_dagrun for tutorial_dag to None, run_after=None
[2023-05-10T17:40:48.537+0000] {processor.py:175} INFO - Processing /home/airflow/.local/lib/python3.7/site-packages/airflow/example_dags/tutorial_dag.py took 0.051 seconds
[2023-05-10T17:41:18.598+0000] {processor.py:153} INFO - Started process (PID=624) to work on /home/airflow/.local/lib/python3.7/site-packages/airflow/example_dags/tutorial_dag.py
[2023-05-10T17:41:18.599+0000] {processor.py:743} INFO - Processing file /home/airflow/.local/lib/python3.7/site-packages/airflow/example_dags/tutorial_dag.py for tasks to queue
[2023-05-10T17:41:18.599+0000] {logging_mixin.py:137} INFO - [2023-05-10T17:41:18.599+0000] {dagbag.py:538} INFO - Filling up the DagBag from /home/airflow/.local/lib/python3.7/site-packages/airflow/example_dags/tutorial_dag.py
[2023-05-10T17:41:18.607+0000] {processor.py:753} INFO - DAG(s) dict_keys(['tutorial_dag']) retrieved from /home/airflow/.local/lib/python3.7/site-packages/airflow/example_dags/tutorial_dag.py
[2023-05-10T17:41:18.623+0000] {logging_mixin.py:137} INFO - [2023-05-10T17:41:18.623+0000] {dag.py:2690} INFO - Sync 1 DAGs
[2023-05-10T17:41:18.636+0000] {logging_mixin.py:137} INFO - [2023-05-10T17:41:18.635+0000] {dag.py:3441} INFO - Setting next_dagrun for tutorial_dag to None, run_after=None
[2023-05-10T17:41:18.644+0000] {processor.py:175} INFO - Processing /home/airflow/.local/lib/python3.7/site-packages/airflow/example_dags/tutorial_dag.py took 0.048 seconds
[2023-05-10T17:56:36.071+0000] {processor.py:153} INFO - Started process (PID=675) to work on /home/airflow/.local/lib/python3.7/site-packages/airflow/example_dags/tutorial_dag.py
[2023-05-10T17:56:36.071+0000] {processor.py:743} INFO - Processing file /home/airflow/.local/lib/python3.7/site-packages/airflow/example_dags/tutorial_dag.py for tasks to queue
[2023-05-10T17:56:36.072+0000] {logging_mixin.py:137} INFO - [2023-05-10T17:56:36.072+0000] {dagbag.py:538} INFO - Filling up the DagBag from /home/airflow/.local/lib/python3.7/site-packages/airflow/example_dags/tutorial_dag.py
[2023-05-10T17:56:36.081+0000] {processor.py:753} INFO - DAG(s) dict_keys(['tutorial_dag']) retrieved from /home/airflow/.local/lib/python3.7/site-packages/airflow/example_dags/tutorial_dag.py
[2023-05-10T17:56:36.097+0000] {logging_mixin.py:137} INFO - [2023-05-10T17:56:36.097+0000] {dag.py:2690} INFO - Sync 1 DAGs
[2023-05-10T17:56:36.110+0000] {logging_mixin.py:137} INFO - [2023-05-10T17:56:36.110+0000] {dag.py:3441} INFO - Setting next_dagrun for tutorial_dag to None, run_after=None
[2023-05-10T17:56:36.119+0000] {processor.py:175} INFO - Processing /home/airflow/.local/lib/python3.7/site-packages/airflow/example_dags/tutorial_dag.py took 0.051 seconds
[2023-05-10T18:14:18.839+0000] {processor.py:153} INFO - Started process (PID=751) to work on /home/airflow/.local/lib/python3.7/site-packages/airflow/example_dags/tutorial_dag.py
[2023-05-10T18:14:18.840+0000] {processor.py:743} INFO - Processing file /home/airflow/.local/lib/python3.7/site-packages/airflow/example_dags/tutorial_dag.py for tasks to queue
[2023-05-10T18:14:18.841+0000] {logging_mixin.py:137} INFO - [2023-05-10T18:14:18.841+0000] {dagbag.py:538} INFO - Filling up the DagBag from /home/airflow/.local/lib/python3.7/site-packages/airflow/example_dags/tutorial_dag.py
[2023-05-10T18:14:18.850+0000] {processor.py:753} INFO - DAG(s) dict_keys(['tutorial_dag']) retrieved from /home/airflow/.local/lib/python3.7/site-packages/airflow/example_dags/tutorial_dag.py
[2023-05-10T18:14:18.866+0000] {logging_mixin.py:137} INFO - [2023-05-10T18:14:18.866+0000] {dag.py:2690} INFO - Sync 1 DAGs
[2023-05-10T18:14:18.881+0000] {logging_mixin.py:137} INFO - [2023-05-10T18:14:18.881+0000] {dag.py:3441} INFO - Setting next_dagrun for tutorial_dag to None, run_after=None
[2023-05-10T18:14:18.891+0000] {processor.py:175} INFO - Processing /home/airflow/.local/lib/python3.7/site-packages/airflow/example_dags/tutorial_dag.py took 0.054 seconds
[2023-05-10T18:14:49.510+0000] {processor.py:153} INFO - Started process (PID=814) to work on /home/airflow/.local/lib/python3.7/site-packages/airflow/example_dags/tutorial_dag.py
[2023-05-10T18:14:49.511+0000] {processor.py:743} INFO - Processing file /home/airflow/.local/lib/python3.7/site-packages/airflow/example_dags/tutorial_dag.py for tasks to queue
[2023-05-10T18:14:49.511+0000] {logging_mixin.py:137} INFO - [2023-05-10T18:14:49.511+0000] {dagbag.py:538} INFO - Filling up the DagBag from /home/airflow/.local/lib/python3.7/site-packages/airflow/example_dags/tutorial_dag.py
[2023-05-10T18:14:49.520+0000] {processor.py:753} INFO - DAG(s) dict_keys(['tutorial_dag']) retrieved from /home/airflow/.local/lib/python3.7/site-packages/airflow/example_dags/tutorial_dag.py
[2023-05-10T18:14:49.536+0000] {logging_mixin.py:137} INFO - [2023-05-10T18:14:49.536+0000] {dag.py:2690} INFO - Sync 1 DAGs
[2023-05-10T18:14:49.549+0000] {logging_mixin.py:137} INFO - [2023-05-10T18:14:49.549+0000] {dag.py:3441} INFO - Setting next_dagrun for tutorial_dag to None, run_after=None
[2023-05-10T18:14:49.558+0000] {processor.py:175} INFO - Processing /home/airflow/.local/lib/python3.7/site-packages/airflow/example_dags/tutorial_dag.py took 0.051 seconds
[2023-05-10T18:30:28.848+0000] {processor.py:153} INFO - Started process (PID=891) to work on /home/airflow/.local/lib/python3.7/site-packages/airflow/example_dags/tutorial_dag.py
[2023-05-10T18:30:28.849+0000] {processor.py:743} INFO - Processing file /home/airflow/.local/lib/python3.7/site-packages/airflow/example_dags/tutorial_dag.py for tasks to queue
[2023-05-10T18:30:28.852+0000] {logging_mixin.py:137} INFO - [2023-05-10T18:30:28.852+0000] {dagbag.py:538} INFO - Filling up the DagBag from /home/airflow/.local/lib/python3.7/site-packages/airflow/example_dags/tutorial_dag.py
[2023-05-10T18:30:28.867+0000] {processor.py:753} INFO - DAG(s) dict_keys(['tutorial_dag']) retrieved from /home/airflow/.local/lib/python3.7/site-packages/airflow/example_dags/tutorial_dag.py
[2023-05-10T18:30:28.913+0000] {logging_mixin.py:137} INFO - [2023-05-10T18:30:28.912+0000] {dag.py:2690} INFO - Sync 1 DAGs
[2023-05-10T18:30:28.942+0000] {logging_mixin.py:137} INFO - [2023-05-10T18:30:28.942+0000] {dag.py:3441} INFO - Setting next_dagrun for tutorial_dag to None, run_after=None
[2023-05-10T18:30:28.971+0000] {processor.py:175} INFO - Processing /home/airflow/.local/lib/python3.7/site-packages/airflow/example_dags/tutorial_dag.py took 0.126 seconds
[2023-05-10T18:30:59.233+0000] {processor.py:153} INFO - Started process (PID=967) to work on /home/airflow/.local/lib/python3.7/site-packages/airflow/example_dags/tutorial_dag.py
[2023-05-10T18:30:59.234+0000] {processor.py:743} INFO - Processing file /home/airflow/.local/lib/python3.7/site-packages/airflow/example_dags/tutorial_dag.py for tasks to queue
[2023-05-10T18:30:59.234+0000] {logging_mixin.py:137} INFO - [2023-05-10T18:30:59.234+0000] {dagbag.py:538} INFO - Filling up the DagBag from /home/airflow/.local/lib/python3.7/site-packages/airflow/example_dags/tutorial_dag.py
[2023-05-10T18:30:59.243+0000] {processor.py:753} INFO - DAG(s) dict_keys(['tutorial_dag']) retrieved from /home/airflow/.local/lib/python3.7/site-packages/airflow/example_dags/tutorial_dag.py
[2023-05-10T18:30:59.260+0000] {logging_mixin.py:137} INFO - [2023-05-10T18:30:59.260+0000] {dag.py:2690} INFO - Sync 1 DAGs
[2023-05-10T18:30:59.273+0000] {logging_mixin.py:137} INFO - [2023-05-10T18:30:59.273+0000] {dag.py:3441} INFO - Setting next_dagrun for tutorial_dag to None, run_after=None
[2023-05-10T18:30:59.282+0000] {processor.py:175} INFO - Processing /home/airflow/.local/lib/python3.7/site-packages/airflow/example_dags/tutorial_dag.py took 0.051 seconds
[2023-05-10T18:47:36.740+0000] {processor.py:153} INFO - Started process (PID=1031) to work on /home/airflow/.local/lib/python3.7/site-packages/airflow/example_dags/tutorial_dag.py
[2023-05-10T18:47:36.741+0000] {processor.py:743} INFO - Processing file /home/airflow/.local/lib/python3.7/site-packages/airflow/example_dags/tutorial_dag.py for tasks to queue
[2023-05-10T18:47:36.742+0000] {logging_mixin.py:137} INFO - [2023-05-10T18:47:36.742+0000] {dagbag.py:538} INFO - Filling up the DagBag from /home/airflow/.local/lib/python3.7/site-packages/airflow/example_dags/tutorial_dag.py
[2023-05-10T18:47:36.750+0000] {processor.py:753} INFO - DAG(s) dict_keys(['tutorial_dag']) retrieved from /home/airflow/.local/lib/python3.7/site-packages/airflow/example_dags/tutorial_dag.py
[2023-05-10T18:47:36.768+0000] {logging_mixin.py:137} INFO - [2023-05-10T18:47:36.768+0000] {dag.py:2690} INFO - Sync 1 DAGs
[2023-05-10T18:47:36.781+0000] {logging_mixin.py:137} INFO - [2023-05-10T18:47:36.781+0000] {dag.py:3441} INFO - Setting next_dagrun for tutorial_dag to None, run_after=None
[2023-05-10T18:47:36.790+0000] {processor.py:175} INFO - Processing /home/airflow/.local/lib/python3.7/site-packages/airflow/example_dags/tutorial_dag.py took 0.052 seconds
[2023-05-10T18:48:07.563+0000] {processor.py:153} INFO - Started process (PID=1106) to work on /home/airflow/.local/lib/python3.7/site-packages/airflow/example_dags/tutorial_dag.py
[2023-05-10T18:48:07.564+0000] {processor.py:743} INFO - Processing file /home/airflow/.local/lib/python3.7/site-packages/airflow/example_dags/tutorial_dag.py for tasks to queue
[2023-05-10T18:48:07.564+0000] {logging_mixin.py:137} INFO - [2023-05-10T18:48:07.564+0000] {dagbag.py:538} INFO - Filling up the DagBag from /home/airflow/.local/lib/python3.7/site-packages/airflow/example_dags/tutorial_dag.py
[2023-05-10T18:48:07.573+0000] {processor.py:753} INFO - DAG(s) dict_keys(['tutorial_dag']) retrieved from /home/airflow/.local/lib/python3.7/site-packages/airflow/example_dags/tutorial_dag.py
[2023-05-10T18:48:07.591+0000] {logging_mixin.py:137} INFO - [2023-05-10T18:48:07.591+0000] {dag.py:2690} INFO - Sync 1 DAGs
[2023-05-10T18:48:07.603+0000] {logging_mixin.py:137} INFO - [2023-05-10T18:48:07.603+0000] {dag.py:3441} INFO - Setting next_dagrun for tutorial_dag to None, run_after=None
[2023-05-10T18:48:07.612+0000] {processor.py:175} INFO - Processing /home/airflow/.local/lib/python3.7/site-packages/airflow/example_dags/tutorial_dag.py took 0.052 seconds
[2023-05-10T18:49:22.750+0000] {processor.py:153} INFO - Started process (PID=1181) to work on /home/airflow/.local/lib/python3.7/site-packages/airflow/example_dags/tutorial_dag.py
[2023-05-10T18:49:22.751+0000] {processor.py:743} INFO - Processing file /home/airflow/.local/lib/python3.7/site-packages/airflow/example_dags/tutorial_dag.py for tasks to queue
[2023-05-10T18:49:22.752+0000] {logging_mixin.py:137} INFO - [2023-05-10T18:49:22.752+0000] {dagbag.py:538} INFO - Filling up the DagBag from /home/airflow/.local/lib/python3.7/site-packages/airflow/example_dags/tutorial_dag.py
[2023-05-10T18:49:22.760+0000] {processor.py:753} INFO - DAG(s) dict_keys(['tutorial_dag']) retrieved from /home/airflow/.local/lib/python3.7/site-packages/airflow/example_dags/tutorial_dag.py
[2023-05-10T18:49:22.777+0000] {logging_mixin.py:137} INFO - [2023-05-10T18:49:22.777+0000] {dag.py:2690} INFO - Sync 1 DAGs
[2023-05-10T18:49:22.789+0000] {logging_mixin.py:137} INFO - [2023-05-10T18:49:22.789+0000] {dag.py:3441} INFO - Setting next_dagrun for tutorial_dag to None, run_after=None
[2023-05-10T18:49:22.799+0000] {processor.py:175} INFO - Processing /home/airflow/.local/lib/python3.7/site-packages/airflow/example_dags/tutorial_dag.py took 0.052 seconds
[2023-05-10T18:49:53.441+0000] {processor.py:153} INFO - Started process (PID=1245) to work on /home/airflow/.local/lib/python3.7/site-packages/airflow/example_dags/tutorial_dag.py
[2023-05-10T18:49:53.442+0000] {processor.py:743} INFO - Processing file /home/airflow/.local/lib/python3.7/site-packages/airflow/example_dags/tutorial_dag.py for tasks to queue
[2023-05-10T18:49:53.442+0000] {logging_mixin.py:137} INFO - [2023-05-10T18:49:53.442+0000] {dagbag.py:538} INFO - Filling up the DagBag from /home/airflow/.local/lib/python3.7/site-packages/airflow/example_dags/tutorial_dag.py
[2023-05-10T18:49:53.451+0000] {processor.py:753} INFO - DAG(s) dict_keys(['tutorial_dag']) retrieved from /home/airflow/.local/lib/python3.7/site-packages/airflow/example_dags/tutorial_dag.py
[2023-05-10T18:49:53.467+0000] {logging_mixin.py:137} INFO - [2023-05-10T18:49:53.467+0000] {dag.py:2690} INFO - Sync 1 DAGs
[2023-05-10T18:49:53.481+0000] {logging_mixin.py:137} INFO - [2023-05-10T18:49:53.481+0000] {dag.py:3441} INFO - Setting next_dagrun for tutorial_dag to None, run_after=None
[2023-05-10T18:49:53.489+0000] {processor.py:175} INFO - Processing /home/airflow/.local/lib/python3.7/site-packages/airflow/example_dags/tutorial_dag.py took 0.051 seconds
[2023-05-10T18:50:24.244+0000] {processor.py:153} INFO - Started process (PID=1320) to work on /home/airflow/.local/lib/python3.7/site-packages/airflow/example_dags/tutorial_dag.py
[2023-05-10T18:50:24.245+0000] {processor.py:743} INFO - Processing file /home/airflow/.local/lib/python3.7/site-packages/airflow/example_dags/tutorial_dag.py for tasks to queue
[2023-05-10T18:50:24.245+0000] {logging_mixin.py:137} INFO - [2023-05-10T18:50:24.245+0000] {dagbag.py:538} INFO - Filling up the DagBag from /home/airflow/.local/lib/python3.7/site-packages/airflow/example_dags/tutorial_dag.py
[2023-05-10T18:50:24.254+0000] {processor.py:753} INFO - DAG(s) dict_keys(['tutorial_dag']) retrieved from /home/airflow/.local/lib/python3.7/site-packages/airflow/example_dags/tutorial_dag.py
[2023-05-10T18:50:24.271+0000] {logging_mixin.py:137} INFO - [2023-05-10T18:50:24.271+0000] {dag.py:2690} INFO - Sync 1 DAGs
[2023-05-10T18:50:24.285+0000] {logging_mixin.py:137} INFO - [2023-05-10T18:50:24.285+0000] {dag.py:3441} INFO - Setting next_dagrun for tutorial_dag to None, run_after=None
[2023-05-10T18:50:24.293+0000] {processor.py:175} INFO - Processing /home/airflow/.local/lib/python3.7/site-packages/airflow/example_dags/tutorial_dag.py took 0.052 seconds
[2023-05-10T18:50:54.999+0000] {processor.py:153} INFO - Started process (PID=1393) to work on /home/airflow/.local/lib/python3.7/site-packages/airflow/example_dags/tutorial_dag.py
[2023-05-10T18:50:55.000+0000] {processor.py:743} INFO - Processing file /home/airflow/.local/lib/python3.7/site-packages/airflow/example_dags/tutorial_dag.py for tasks to queue
[2023-05-10T18:50:55.001+0000] {logging_mixin.py:137} INFO - [2023-05-10T18:50:55.000+0000] {dagbag.py:538} INFO - Filling up the DagBag from /home/airflow/.local/lib/python3.7/site-packages/airflow/example_dags/tutorial_dag.py
[2023-05-10T18:50:55.009+0000] {processor.py:753} INFO - DAG(s) dict_keys(['tutorial_dag']) retrieved from /home/airflow/.local/lib/python3.7/site-packages/airflow/example_dags/tutorial_dag.py
[2023-05-10T18:50:55.033+0000] {logging_mixin.py:137} INFO - [2023-05-10T18:50:55.033+0000] {dag.py:2690} INFO - Sync 1 DAGs
[2023-05-10T18:50:55.047+0000] {logging_mixin.py:137} INFO - [2023-05-10T18:50:55.047+0000] {dag.py:3441} INFO - Setting next_dagrun for tutorial_dag to None, run_after=None
[2023-05-10T18:50:55.056+0000] {processor.py:175} INFO - Processing /home/airflow/.local/lib/python3.7/site-packages/airflow/example_dags/tutorial_dag.py took 0.061 seconds
[2023-05-10T18:51:25.794+0000] {processor.py:153} INFO - Started process (PID=1468) to work on /home/airflow/.local/lib/python3.7/site-packages/airflow/example_dags/tutorial_dag.py
[2023-05-10T18:51:25.795+0000] {processor.py:743} INFO - Processing file /home/airflow/.local/lib/python3.7/site-packages/airflow/example_dags/tutorial_dag.py for tasks to queue
[2023-05-10T18:51:25.795+0000] {logging_mixin.py:137} INFO - [2023-05-10T18:51:25.795+0000] {dagbag.py:538} INFO - Filling up the DagBag from /home/airflow/.local/lib/python3.7/site-packages/airflow/example_dags/tutorial_dag.py
[2023-05-10T18:51:25.805+0000] {processor.py:753} INFO - DAG(s) dict_keys(['tutorial_dag']) retrieved from /home/airflow/.local/lib/python3.7/site-packages/airflow/example_dags/tutorial_dag.py
[2023-05-10T18:51:25.822+0000] {logging_mixin.py:137} INFO - [2023-05-10T18:51:25.822+0000] {dag.py:2690} INFO - Sync 1 DAGs
[2023-05-10T18:51:25.835+0000] {logging_mixin.py:137} INFO - [2023-05-10T18:51:25.835+0000] {dag.py:3441} INFO - Setting next_dagrun for tutorial_dag to None, run_after=None
[2023-05-10T18:51:25.845+0000] {processor.py:175} INFO - Processing /home/airflow/.local/lib/python3.7/site-packages/airflow/example_dags/tutorial_dag.py took 0.053 seconds
[2023-05-10T18:51:56.651+0000] {processor.py:153} INFO - Started process (PID=1531) to work on /home/airflow/.local/lib/python3.7/site-packages/airflow/example_dags/tutorial_dag.py
[2023-05-10T18:51:56.652+0000] {processor.py:743} INFO - Processing file /home/airflow/.local/lib/python3.7/site-packages/airflow/example_dags/tutorial_dag.py for tasks to queue
[2023-05-10T18:51:56.652+0000] {logging_mixin.py:137} INFO - [2023-05-10T18:51:56.652+0000] {dagbag.py:538} INFO - Filling up the DagBag from /home/airflow/.local/lib/python3.7/site-packages/airflow/example_dags/tutorial_dag.py
[2023-05-10T18:51:56.660+0000] {processor.py:753} INFO - DAG(s) dict_keys(['tutorial_dag']) retrieved from /home/airflow/.local/lib/python3.7/site-packages/airflow/example_dags/tutorial_dag.py
[2023-05-10T18:51:56.677+0000] {logging_mixin.py:137} INFO - [2023-05-10T18:51:56.677+0000] {dag.py:2690} INFO - Sync 1 DAGs
[2023-05-10T18:51:56.690+0000] {logging_mixin.py:137} INFO - [2023-05-10T18:51:56.690+0000] {dag.py:3441} INFO - Setting next_dagrun for tutorial_dag to None, run_after=None
[2023-05-10T18:51:56.699+0000] {processor.py:175} INFO - Processing /home/airflow/.local/lib/python3.7/site-packages/airflow/example_dags/tutorial_dag.py took 0.051 seconds
[2023-05-10T18:52:27.435+0000] {processor.py:153} INFO - Started process (PID=1604) to work on /home/airflow/.local/lib/python3.7/site-packages/airflow/example_dags/tutorial_dag.py
[2023-05-10T18:52:27.436+0000] {processor.py:743} INFO - Processing file /home/airflow/.local/lib/python3.7/site-packages/airflow/example_dags/tutorial_dag.py for tasks to queue
[2023-05-10T18:52:27.437+0000] {logging_mixin.py:137} INFO - [2023-05-10T18:52:27.437+0000] {dagbag.py:538} INFO - Filling up the DagBag from /home/airflow/.local/lib/python3.7/site-packages/airflow/example_dags/tutorial_dag.py
[2023-05-10T18:52:27.447+0000] {processor.py:753} INFO - DAG(s) dict_keys(['tutorial_dag']) retrieved from /home/airflow/.local/lib/python3.7/site-packages/airflow/example_dags/tutorial_dag.py
[2023-05-10T18:52:27.465+0000] {logging_mixin.py:137} INFO - [2023-05-10T18:52:27.465+0000] {dag.py:2690} INFO - Sync 1 DAGs
[2023-05-10T18:52:27.481+0000] {logging_mixin.py:137} INFO - [2023-05-10T18:52:27.481+0000] {dag.py:3441} INFO - Setting next_dagrun for tutorial_dag to None, run_after=None
[2023-05-10T18:52:27.490+0000] {processor.py:175} INFO - Processing /home/airflow/.local/lib/python3.7/site-packages/airflow/example_dags/tutorial_dag.py took 0.058 seconds
[2023-05-10T18:52:58.346+0000] {processor.py:153} INFO - Started process (PID=1679) to work on /home/airflow/.local/lib/python3.7/site-packages/airflow/example_dags/tutorial_dag.py
[2023-05-10T18:52:58.347+0000] {processor.py:743} INFO - Processing file /home/airflow/.local/lib/python3.7/site-packages/airflow/example_dags/tutorial_dag.py for tasks to queue
[2023-05-10T18:52:58.347+0000] {logging_mixin.py:137} INFO - [2023-05-10T18:52:58.347+0000] {dagbag.py:538} INFO - Filling up the DagBag from /home/airflow/.local/lib/python3.7/site-packages/airflow/example_dags/tutorial_dag.py
[2023-05-10T18:52:58.355+0000] {processor.py:753} INFO - DAG(s) dict_keys(['tutorial_dag']) retrieved from /home/airflow/.local/lib/python3.7/site-packages/airflow/example_dags/tutorial_dag.py
[2023-05-10T18:52:58.373+0000] {logging_mixin.py:137} INFO - [2023-05-10T18:52:58.373+0000] {dag.py:2690} INFO - Sync 1 DAGs
[2023-05-10T18:52:58.386+0000] {logging_mixin.py:137} INFO - [2023-05-10T18:52:58.386+0000] {dag.py:3441} INFO - Setting next_dagrun for tutorial_dag to None, run_after=None
[2023-05-10T18:52:58.396+0000] {processor.py:175} INFO - Processing /home/airflow/.local/lib/python3.7/site-packages/airflow/example_dags/tutorial_dag.py took 0.053 seconds
[2023-05-10T18:53:29.092+0000] {processor.py:153} INFO - Started process (PID=1754) to work on /home/airflow/.local/lib/python3.7/site-packages/airflow/example_dags/tutorial_dag.py
[2023-05-10T18:53:29.096+0000] {processor.py:743} INFO - Processing file /home/airflow/.local/lib/python3.7/site-packages/airflow/example_dags/tutorial_dag.py for tasks to queue
[2023-05-10T18:53:29.097+0000] {logging_mixin.py:137} INFO - [2023-05-10T18:53:29.096+0000] {dagbag.py:538} INFO - Filling up the DagBag from /home/airflow/.local/lib/python3.7/site-packages/airflow/example_dags/tutorial_dag.py
[2023-05-10T18:53:29.105+0000] {processor.py:753} INFO - DAG(s) dict_keys(['tutorial_dag']) retrieved from /home/airflow/.local/lib/python3.7/site-packages/airflow/example_dags/tutorial_dag.py
[2023-05-10T18:53:29.129+0000] {logging_mixin.py:137} INFO - [2023-05-10T18:53:29.129+0000] {dag.py:2690} INFO - Sync 1 DAGs
[2023-05-10T18:53:29.144+0000] {logging_mixin.py:137} INFO - [2023-05-10T18:53:29.144+0000] {dag.py:3441} INFO - Setting next_dagrun for tutorial_dag to None, run_after=None
[2023-05-10T18:53:29.153+0000] {processor.py:175} INFO - Processing /home/airflow/.local/lib/python3.7/site-packages/airflow/example_dags/tutorial_dag.py took 0.063 seconds
[2023-05-10T18:53:59.981+0000] {processor.py:153} INFO - Started process (PID=1816) to work on /home/airflow/.local/lib/python3.7/site-packages/airflow/example_dags/tutorial_dag.py
[2023-05-10T18:53:59.982+0000] {processor.py:743} INFO - Processing file /home/airflow/.local/lib/python3.7/site-packages/airflow/example_dags/tutorial_dag.py for tasks to queue
[2023-05-10T18:53:59.982+0000] {logging_mixin.py:137} INFO - [2023-05-10T18:53:59.982+0000] {dagbag.py:538} INFO - Filling up the DagBag from /home/airflow/.local/lib/python3.7/site-packages/airflow/example_dags/tutorial_dag.py
[2023-05-10T18:53:59.991+0000] {processor.py:753} INFO - DAG(s) dict_keys(['tutorial_dag']) retrieved from /home/airflow/.local/lib/python3.7/site-packages/airflow/example_dags/tutorial_dag.py
[2023-05-10T18:54:00.009+0000] {logging_mixin.py:137} INFO - [2023-05-10T18:54:00.009+0000] {dag.py:2690} INFO - Sync 1 DAGs
[2023-05-10T18:54:00.022+0000] {logging_mixin.py:137} INFO - [2023-05-10T18:54:00.022+0000] {dag.py:3441} INFO - Setting next_dagrun for tutorial_dag to None, run_after=None
[2023-05-10T18:54:00.031+0000] {processor.py:175} INFO - Processing /home/airflow/.local/lib/python3.7/site-packages/airflow/example_dags/tutorial_dag.py took 0.053 seconds
[2023-05-10T18:54:30.718+0000] {processor.py:153} INFO - Started process (PID=1892) to work on /home/airflow/.local/lib/python3.7/site-packages/airflow/example_dags/tutorial_dag.py
[2023-05-10T18:54:30.719+0000] {processor.py:743} INFO - Processing file /home/airflow/.local/lib/python3.7/site-packages/airflow/example_dags/tutorial_dag.py for tasks to queue
[2023-05-10T18:54:30.720+0000] {logging_mixin.py:137} INFO - [2023-05-10T18:54:30.720+0000] {dagbag.py:538} INFO - Filling up the DagBag from /home/airflow/.local/lib/python3.7/site-packages/airflow/example_dags/tutorial_dag.py
[2023-05-10T18:54:30.728+0000] {processor.py:753} INFO - DAG(s) dict_keys(['tutorial_dag']) retrieved from /home/airflow/.local/lib/python3.7/site-packages/airflow/example_dags/tutorial_dag.py
[2023-05-10T18:54:30.747+0000] {logging_mixin.py:137} INFO - [2023-05-10T18:54:30.747+0000] {dag.py:2690} INFO - Sync 1 DAGs
[2023-05-10T18:54:30.761+0000] {logging_mixin.py:137} INFO - [2023-05-10T18:54:30.761+0000] {dag.py:3441} INFO - Setting next_dagrun for tutorial_dag to None, run_after=None
[2023-05-10T18:54:30.770+0000] {processor.py:175} INFO - Processing /home/airflow/.local/lib/python3.7/site-packages/airflow/example_dags/tutorial_dag.py took 0.055 seconds
[2023-05-10T18:55:01.440+0000] {processor.py:153} INFO - Started process (PID=1967) to work on /home/airflow/.local/lib/python3.7/site-packages/airflow/example_dags/tutorial_dag.py
[2023-05-10T18:55:01.441+0000] {processor.py:743} INFO - Processing file /home/airflow/.local/lib/python3.7/site-packages/airflow/example_dags/tutorial_dag.py for tasks to queue
[2023-05-10T18:55:01.442+0000] {logging_mixin.py:137} INFO - [2023-05-10T18:55:01.441+0000] {dagbag.py:538} INFO - Filling up the DagBag from /home/airflow/.local/lib/python3.7/site-packages/airflow/example_dags/tutorial_dag.py
[2023-05-10T18:55:01.450+0000] {processor.py:753} INFO - DAG(s) dict_keys(['tutorial_dag']) retrieved from /home/airflow/.local/lib/python3.7/site-packages/airflow/example_dags/tutorial_dag.py
[2023-05-10T18:55:01.467+0000] {logging_mixin.py:137} INFO - [2023-05-10T18:55:01.467+0000] {dag.py:2690} INFO - Sync 1 DAGs
[2023-05-10T18:55:01.480+0000] {logging_mixin.py:137} INFO - [2023-05-10T18:55:01.480+0000] {dag.py:3441} INFO - Setting next_dagrun for tutorial_dag to None, run_after=None
[2023-05-10T18:55:01.489+0000] {processor.py:175} INFO - Processing /home/airflow/.local/lib/python3.7/site-packages/airflow/example_dags/tutorial_dag.py took 0.051 seconds
