[2023-05-10T17:37:15.705+0000] {processor.py:153} INFO - Started process (PID=78) to work on /home/airflow/.local/lib/python3.7/site-packages/airflow/example_dags/tutorial.py
[2023-05-10T17:37:15.707+0000] {processor.py:743} INFO - Processing file /home/airflow/.local/lib/python3.7/site-packages/airflow/example_dags/tutorial.py for tasks to queue
[2023-05-10T17:37:15.708+0000] {logging_mixin.py:137} INFO - [2023-05-10T17:37:15.708+0000] {dagbag.py:538} INFO - Filling up the DagBag from /home/airflow/.local/lib/python3.7/site-packages/airflow/example_dags/tutorial.py
[2023-05-10T17:37:15.723+0000] {processor.py:753} INFO - DAG(s) dict_keys(['tutorial']) retrieved from /home/airflow/.local/lib/python3.7/site-packages/airflow/example_dags/tutorial.py
[2023-05-10T17:37:15.787+0000] {logging_mixin.py:137} INFO - [2023-05-10T17:37:15.787+0000] {manager.py:504} INFO - Created Permission View: can edit on DAG:tutorial
[2023-05-10T17:37:15.792+0000] {logging_mixin.py:137} INFO - [2023-05-10T17:37:15.792+0000] {manager.py:504} INFO - Created Permission View: can read on DAG:tutorial
[2023-05-10T17:37:15.796+0000] {logging_mixin.py:137} INFO - [2023-05-10T17:37:15.796+0000] {manager.py:504} INFO - Created Permission View: can delete on DAG:tutorial
[2023-05-10T17:37:15.796+0000] {logging_mixin.py:137} INFO - [2023-05-10T17:37:15.796+0000] {dag.py:2690} INFO - Sync 1 DAGs
[2023-05-10T17:37:15.803+0000] {logging_mixin.py:137} INFO - [2023-05-10T17:37:15.803+0000] {dag.py:2711} INFO - Creating ORM DAG for tutorial
[2023-05-10T17:37:15.809+0000] {logging_mixin.py:137} INFO - [2023-05-10T17:37:15.809+0000] {dag.py:3441} INFO - Setting next_dagrun for tutorial to 2023-05-09T17:37:15.809602+00:00, run_after=2023-05-10T17:37:15.809602+00:00
[2023-05-10T17:37:15.822+0000] {processor.py:175} INFO - Processing /home/airflow/.local/lib/python3.7/site-packages/airflow/example_dags/tutorial.py took 0.120 seconds
[2023-05-10T17:37:46.267+0000] {processor.py:153} INFO - Started process (PID=141) to work on /home/airflow/.local/lib/python3.7/site-packages/airflow/example_dags/tutorial.py
[2023-05-10T17:37:46.269+0000] {processor.py:743} INFO - Processing file /home/airflow/.local/lib/python3.7/site-packages/airflow/example_dags/tutorial.py for tasks to queue
[2023-05-10T17:37:46.271+0000] {logging_mixin.py:137} INFO - [2023-05-10T17:37:46.270+0000] {dagbag.py:538} INFO - Filling up the DagBag from /home/airflow/.local/lib/python3.7/site-packages/airflow/example_dags/tutorial.py
[2023-05-10T17:37:46.280+0000] {processor.py:753} INFO - DAG(s) dict_keys(['tutorial']) retrieved from /home/airflow/.local/lib/python3.7/site-packages/airflow/example_dags/tutorial.py
[2023-05-10T17:37:46.311+0000] {logging_mixin.py:137} INFO - [2023-05-10T17:37:46.311+0000] {dag.py:2690} INFO - Sync 1 DAGs
[2023-05-10T17:37:46.345+0000] {logging_mixin.py:137} INFO - [2023-05-10T17:37:46.345+0000] {dag.py:3441} INFO - Setting next_dagrun for tutorial to 2023-05-09T17:37:46.344792+00:00, run_after=2023-05-10T17:37:46.344792+00:00
[2023-05-10T17:37:46.361+0000] {processor.py:175} INFO - Processing /home/airflow/.local/lib/python3.7/site-packages/airflow/example_dags/tutorial.py took 0.098 seconds
[2023-05-10T17:38:16.706+0000] {processor.py:153} INFO - Started process (PID=217) to work on /home/airflow/.local/lib/python3.7/site-packages/airflow/example_dags/tutorial.py
[2023-05-10T17:38:16.709+0000] {processor.py:743} INFO - Processing file /home/airflow/.local/lib/python3.7/site-packages/airflow/example_dags/tutorial.py for tasks to queue
[2023-05-10T17:38:16.711+0000] {logging_mixin.py:137} INFO - [2023-05-10T17:38:16.711+0000] {dagbag.py:538} INFO - Filling up the DagBag from /home/airflow/.local/lib/python3.7/site-packages/airflow/example_dags/tutorial.py
[2023-05-10T17:38:16.724+0000] {processor.py:753} INFO - DAG(s) dict_keys(['tutorial']) retrieved from /home/airflow/.local/lib/python3.7/site-packages/airflow/example_dags/tutorial.py
[2023-05-10T17:38:16.752+0000] {logging_mixin.py:137} INFO - [2023-05-10T17:38:16.752+0000] {dag.py:2690} INFO - Sync 1 DAGs
[2023-05-10T17:38:16.779+0000] {logging_mixin.py:137} INFO - [2023-05-10T17:38:16.778+0000] {dag.py:3441} INFO - Setting next_dagrun for tutorial to 2023-05-09T17:38:16.778558+00:00, run_after=2023-05-10T17:38:16.778558+00:00
[2023-05-10T17:38:16.797+0000] {processor.py:175} INFO - Processing /home/airflow/.local/lib/python3.7/site-packages/airflow/example_dags/tutorial.py took 0.094 seconds
[2023-05-10T17:38:46.856+0000] {processor.py:153} INFO - Started process (PID=281) to work on /home/airflow/.local/lib/python3.7/site-packages/airflow/example_dags/tutorial.py
[2023-05-10T17:38:46.857+0000] {processor.py:743} INFO - Processing file /home/airflow/.local/lib/python3.7/site-packages/airflow/example_dags/tutorial.py for tasks to queue
[2023-05-10T17:38:46.857+0000] {logging_mixin.py:137} INFO - [2023-05-10T17:38:46.857+0000] {dagbag.py:538} INFO - Filling up the DagBag from /home/airflow/.local/lib/python3.7/site-packages/airflow/example_dags/tutorial.py
[2023-05-10T17:38:46.866+0000] {processor.py:753} INFO - DAG(s) dict_keys(['tutorial']) retrieved from /home/airflow/.local/lib/python3.7/site-packages/airflow/example_dags/tutorial.py
[2023-05-10T17:38:46.883+0000] {logging_mixin.py:137} INFO - [2023-05-10T17:38:46.883+0000] {dag.py:2690} INFO - Sync 1 DAGs
[2023-05-10T17:38:46.897+0000] {logging_mixin.py:137} INFO - [2023-05-10T17:38:46.897+0000] {dag.py:3441} INFO - Setting next_dagrun for tutorial to 2023-05-09T17:38:46.897530+00:00, run_after=2023-05-10T17:38:46.897530+00:00
[2023-05-10T17:38:46.906+0000] {processor.py:175} INFO - Processing /home/airflow/.local/lib/python3.7/site-packages/airflow/example_dags/tutorial.py took 0.053 seconds
[2023-05-10T17:39:17.735+0000] {processor.py:153} INFO - Started process (PID=357) to work on /home/airflow/.local/lib/python3.7/site-packages/airflow/example_dags/tutorial.py
[2023-05-10T17:39:17.735+0000] {processor.py:743} INFO - Processing file /home/airflow/.local/lib/python3.7/site-packages/airflow/example_dags/tutorial.py for tasks to queue
[2023-05-10T17:39:17.736+0000] {logging_mixin.py:137} INFO - [2023-05-10T17:39:17.736+0000] {dagbag.py:538} INFO - Filling up the DagBag from /home/airflow/.local/lib/python3.7/site-packages/airflow/example_dags/tutorial.py
[2023-05-10T17:39:17.745+0000] {processor.py:753} INFO - DAG(s) dict_keys(['tutorial']) retrieved from /home/airflow/.local/lib/python3.7/site-packages/airflow/example_dags/tutorial.py
[2023-05-10T17:39:17.761+0000] {logging_mixin.py:137} INFO - [2023-05-10T17:39:17.761+0000] {dag.py:2690} INFO - Sync 1 DAGs
[2023-05-10T17:39:17.774+0000] {logging_mixin.py:137} INFO - [2023-05-10T17:39:17.774+0000] {dag.py:3441} INFO - Setting next_dagrun for tutorial to 2023-05-09T17:39:17.774450+00:00, run_after=2023-05-10T17:39:17.774450+00:00
[2023-05-10T17:39:17.783+0000] {processor.py:175} INFO - Processing /home/airflow/.local/lib/python3.7/site-packages/airflow/example_dags/tutorial.py took 0.051 seconds
[2023-05-10T17:39:48.690+0000] {processor.py:153} INFO - Started process (PID=431) to work on /home/airflow/.local/lib/python3.7/site-packages/airflow/example_dags/tutorial.py
[2023-05-10T17:39:48.691+0000] {processor.py:743} INFO - Processing file /home/airflow/.local/lib/python3.7/site-packages/airflow/example_dags/tutorial.py for tasks to queue
[2023-05-10T17:39:48.692+0000] {logging_mixin.py:137} INFO - [2023-05-10T17:39:48.692+0000] {dagbag.py:538} INFO - Filling up the DagBag from /home/airflow/.local/lib/python3.7/site-packages/airflow/example_dags/tutorial.py
[2023-05-10T17:39:48.700+0000] {processor.py:753} INFO - DAG(s) dict_keys(['tutorial']) retrieved from /home/airflow/.local/lib/python3.7/site-packages/airflow/example_dags/tutorial.py
[2023-05-10T17:39:48.717+0000] {logging_mixin.py:137} INFO - [2023-05-10T17:39:48.717+0000] {dag.py:2690} INFO - Sync 1 DAGs
[2023-05-10T17:39:48.730+0000] {logging_mixin.py:137} INFO - [2023-05-10T17:39:48.730+0000] {dag.py:3441} INFO - Setting next_dagrun for tutorial to 2023-05-09T17:39:48.730063+00:00, run_after=2023-05-10T17:39:48.730063+00:00
[2023-05-10T17:39:48.739+0000] {processor.py:175} INFO - Processing /home/airflow/.local/lib/python3.7/site-packages/airflow/example_dags/tutorial.py took 0.051 seconds
[2023-05-10T17:40:19.554+0000] {processor.py:153} INFO - Started process (PID=508) to work on /home/airflow/.local/lib/python3.7/site-packages/airflow/example_dags/tutorial.py
[2023-05-10T17:40:19.555+0000] {processor.py:743} INFO - Processing file /home/airflow/.local/lib/python3.7/site-packages/airflow/example_dags/tutorial.py for tasks to queue
[2023-05-10T17:40:19.555+0000] {logging_mixin.py:137} INFO - [2023-05-10T17:40:19.555+0000] {dagbag.py:538} INFO - Filling up the DagBag from /home/airflow/.local/lib/python3.7/site-packages/airflow/example_dags/tutorial.py
[2023-05-10T17:40:19.565+0000] {processor.py:753} INFO - DAG(s) dict_keys(['tutorial']) retrieved from /home/airflow/.local/lib/python3.7/site-packages/airflow/example_dags/tutorial.py
[2023-05-10T17:40:19.581+0000] {logging_mixin.py:137} INFO - [2023-05-10T17:40:19.581+0000] {dag.py:2690} INFO - Sync 1 DAGs
[2023-05-10T17:40:19.595+0000] {logging_mixin.py:137} INFO - [2023-05-10T17:40:19.595+0000] {dag.py:3441} INFO - Setting next_dagrun for tutorial to 2023-05-09T17:40:19.594850+00:00, run_after=2023-05-10T17:40:19.594850+00:00
[2023-05-10T17:40:19.604+0000] {processor.py:175} INFO - Processing /home/airflow/.local/lib/python3.7/site-packages/airflow/example_dags/tutorial.py took 0.052 seconds
[2023-05-10T17:40:50.480+0000] {processor.py:153} INFO - Started process (PID=571) to work on /home/airflow/.local/lib/python3.7/site-packages/airflow/example_dags/tutorial.py
[2023-05-10T17:40:50.481+0000] {processor.py:743} INFO - Processing file /home/airflow/.local/lib/python3.7/site-packages/airflow/example_dags/tutorial.py for tasks to queue
[2023-05-10T17:40:50.481+0000] {logging_mixin.py:137} INFO - [2023-05-10T17:40:50.481+0000] {dagbag.py:538} INFO - Filling up the DagBag from /home/airflow/.local/lib/python3.7/site-packages/airflow/example_dags/tutorial.py
[2023-05-10T17:40:50.489+0000] {processor.py:753} INFO - DAG(s) dict_keys(['tutorial']) retrieved from /home/airflow/.local/lib/python3.7/site-packages/airflow/example_dags/tutorial.py
[2023-05-10T17:40:50.505+0000] {logging_mixin.py:137} INFO - [2023-05-10T17:40:50.505+0000] {dag.py:2690} INFO - Sync 1 DAGs
[2023-05-10T17:40:50.518+0000] {logging_mixin.py:137} INFO - [2023-05-10T17:40:50.518+0000] {dag.py:3441} INFO - Setting next_dagrun for tutorial to 2023-05-09T17:40:50.517863+00:00, run_after=2023-05-10T17:40:50.517863+00:00
[2023-05-10T17:40:50.527+0000] {processor.py:175} INFO - Processing /home/airflow/.local/lib/python3.7/site-packages/airflow/example_dags/tutorial.py took 0.049 seconds
[2023-05-10T17:41:20.741+0000] {processor.py:153} INFO - Started process (PID=648) to work on /home/airflow/.local/lib/python3.7/site-packages/airflow/example_dags/tutorial.py
[2023-05-10T17:41:20.742+0000] {processor.py:743} INFO - Processing file /home/airflow/.local/lib/python3.7/site-packages/airflow/example_dags/tutorial.py for tasks to queue
[2023-05-10T17:41:20.743+0000] {logging_mixin.py:137} INFO - [2023-05-10T17:41:20.743+0000] {dagbag.py:538} INFO - Filling up the DagBag from /home/airflow/.local/lib/python3.7/site-packages/airflow/example_dags/tutorial.py
[2023-05-10T17:41:20.751+0000] {processor.py:753} INFO - DAG(s) dict_keys(['tutorial']) retrieved from /home/airflow/.local/lib/python3.7/site-packages/airflow/example_dags/tutorial.py
[2023-05-10T17:41:20.766+0000] {logging_mixin.py:137} INFO - [2023-05-10T17:41:20.766+0000] {dag.py:2690} INFO - Sync 1 DAGs
[2023-05-10T17:41:20.779+0000] {logging_mixin.py:137} INFO - [2023-05-10T17:41:20.779+0000] {dag.py:3441} INFO - Setting next_dagrun for tutorial to 2023-05-09T17:41:20.779373+00:00, run_after=2023-05-10T17:41:20.779373+00:00
[2023-05-10T17:41:20.788+0000] {processor.py:175} INFO - Processing /home/airflow/.local/lib/python3.7/site-packages/airflow/example_dags/tutorial.py took 0.049 seconds
[2023-05-10T17:56:37.530+0000] {processor.py:153} INFO - Started process (PID=699) to work on /home/airflow/.local/lib/python3.7/site-packages/airflow/example_dags/tutorial.py
[2023-05-10T17:56:37.531+0000] {processor.py:743} INFO - Processing file /home/airflow/.local/lib/python3.7/site-packages/airflow/example_dags/tutorial.py for tasks to queue
[2023-05-10T17:56:37.531+0000] {logging_mixin.py:137} INFO - [2023-05-10T17:56:37.531+0000] {dagbag.py:538} INFO - Filling up the DagBag from /home/airflow/.local/lib/python3.7/site-packages/airflow/example_dags/tutorial.py
[2023-05-10T17:56:37.541+0000] {processor.py:753} INFO - DAG(s) dict_keys(['tutorial']) retrieved from /home/airflow/.local/lib/python3.7/site-packages/airflow/example_dags/tutorial.py
[2023-05-10T17:56:37.560+0000] {logging_mixin.py:137} INFO - [2023-05-10T17:56:37.560+0000] {dag.py:2690} INFO - Sync 1 DAGs
[2023-05-10T17:56:37.573+0000] {logging_mixin.py:137} INFO - [2023-05-10T17:56:37.573+0000] {dag.py:3441} INFO - Setting next_dagrun for tutorial to 2023-05-09T17:56:37.573712+00:00, run_after=2023-05-10T17:56:37.573712+00:00
[2023-05-10T17:56:37.582+0000] {processor.py:175} INFO - Processing /home/airflow/.local/lib/python3.7/site-packages/airflow/example_dags/tutorial.py took 0.055 seconds
[2023-05-10T18:14:19.792+0000] {processor.py:153} INFO - Started process (PID=775) to work on /home/airflow/.local/lib/python3.7/site-packages/airflow/example_dags/tutorial.py
[2023-05-10T18:14:19.793+0000] {processor.py:743} INFO - Processing file /home/airflow/.local/lib/python3.7/site-packages/airflow/example_dags/tutorial.py for tasks to queue
[2023-05-10T18:14:19.793+0000] {logging_mixin.py:137} INFO - [2023-05-10T18:14:19.793+0000] {dagbag.py:538} INFO - Filling up the DagBag from /home/airflow/.local/lib/python3.7/site-packages/airflow/example_dags/tutorial.py
[2023-05-10T18:14:19.803+0000] {processor.py:753} INFO - DAG(s) dict_keys(['tutorial']) retrieved from /home/airflow/.local/lib/python3.7/site-packages/airflow/example_dags/tutorial.py
[2023-05-10T18:14:19.819+0000] {logging_mixin.py:137} INFO - [2023-05-10T18:14:19.819+0000] {dag.py:2690} INFO - Sync 1 DAGs
[2023-05-10T18:14:19.833+0000] {logging_mixin.py:137} INFO - [2023-05-10T18:14:19.833+0000] {dag.py:3441} INFO - Setting next_dagrun for tutorial to 2023-05-09T18:14:19.833109+00:00, run_after=2023-05-10T18:14:19.833109+00:00
[2023-05-10T18:14:19.842+0000] {processor.py:175} INFO - Processing /home/airflow/.local/lib/python3.7/site-packages/airflow/example_dags/tutorial.py took 0.052 seconds
[2023-05-10T18:14:50.388+0000] {processor.py:153} INFO - Started process (PID=838) to work on /home/airflow/.local/lib/python3.7/site-packages/airflow/example_dags/tutorial.py
[2023-05-10T18:14:50.389+0000] {processor.py:743} INFO - Processing file /home/airflow/.local/lib/python3.7/site-packages/airflow/example_dags/tutorial.py for tasks to queue
[2023-05-10T18:14:50.389+0000] {logging_mixin.py:137} INFO - [2023-05-10T18:14:50.389+0000] {dagbag.py:538} INFO - Filling up the DagBag from /home/airflow/.local/lib/python3.7/site-packages/airflow/example_dags/tutorial.py
[2023-05-10T18:14:50.398+0000] {processor.py:753} INFO - DAG(s) dict_keys(['tutorial']) retrieved from /home/airflow/.local/lib/python3.7/site-packages/airflow/example_dags/tutorial.py
[2023-05-10T18:14:50.415+0000] {logging_mixin.py:137} INFO - [2023-05-10T18:14:50.415+0000] {dag.py:2690} INFO - Sync 1 DAGs
[2023-05-10T18:14:50.427+0000] {logging_mixin.py:137} INFO - [2023-05-10T18:14:50.427+0000] {dag.py:3441} INFO - Setting next_dagrun for tutorial to 2023-05-09T18:14:50.427662+00:00, run_after=2023-05-10T18:14:50.427662+00:00
[2023-05-10T18:14:50.436+0000] {processor.py:175} INFO - Processing /home/airflow/.local/lib/python3.7/site-packages/airflow/example_dags/tutorial.py took 0.051 seconds
[2023-05-10T18:30:30.394+0000] {processor.py:153} INFO - Started process (PID=915) to work on /home/airflow/.local/lib/python3.7/site-packages/airflow/example_dags/tutorial.py
[2023-05-10T18:30:30.395+0000] {processor.py:743} INFO - Processing file /home/airflow/.local/lib/python3.7/site-packages/airflow/example_dags/tutorial.py for tasks to queue
[2023-05-10T18:30:30.397+0000] {logging_mixin.py:137} INFO - [2023-05-10T18:30:30.396+0000] {dagbag.py:538} INFO - Filling up the DagBag from /home/airflow/.local/lib/python3.7/site-packages/airflow/example_dags/tutorial.py
[2023-05-10T18:30:30.405+0000] {processor.py:753} INFO - DAG(s) dict_keys(['tutorial']) retrieved from /home/airflow/.local/lib/python3.7/site-packages/airflow/example_dags/tutorial.py
[2023-05-10T18:30:30.421+0000] {logging_mixin.py:137} INFO - [2023-05-10T18:30:30.421+0000] {dag.py:2690} INFO - Sync 1 DAGs
[2023-05-10T18:30:30.435+0000] {logging_mixin.py:137} INFO - [2023-05-10T18:30:30.435+0000] {dag.py:3441} INFO - Setting next_dagrun for tutorial to 2023-05-09T18:30:30.434885+00:00, run_after=2023-05-10T18:30:30.434885+00:00
[2023-05-10T18:30:30.448+0000] {processor.py:175} INFO - Processing /home/airflow/.local/lib/python3.7/site-packages/airflow/example_dags/tutorial.py took 0.056 seconds
[2023-05-10T18:31:01.250+0000] {processor.py:153} INFO - Started process (PID=991) to work on /home/airflow/.local/lib/python3.7/site-packages/airflow/example_dags/tutorial.py
[2023-05-10T18:31:01.251+0000] {processor.py:743} INFO - Processing file /home/airflow/.local/lib/python3.7/site-packages/airflow/example_dags/tutorial.py for tasks to queue
[2023-05-10T18:31:01.252+0000] {logging_mixin.py:137} INFO - [2023-05-10T18:31:01.251+0000] {dagbag.py:538} INFO - Filling up the DagBag from /home/airflow/.local/lib/python3.7/site-packages/airflow/example_dags/tutorial.py
[2023-05-10T18:31:01.260+0000] {processor.py:753} INFO - DAG(s) dict_keys(['tutorial']) retrieved from /home/airflow/.local/lib/python3.7/site-packages/airflow/example_dags/tutorial.py
[2023-05-10T18:31:01.277+0000] {logging_mixin.py:137} INFO - [2023-05-10T18:31:01.276+0000] {dag.py:2690} INFO - Sync 1 DAGs
[2023-05-10T18:31:01.290+0000] {logging_mixin.py:137} INFO - [2023-05-10T18:31:01.290+0000] {dag.py:3441} INFO - Setting next_dagrun for tutorial to 2023-05-09T18:31:01.290258+00:00, run_after=2023-05-10T18:31:01.290258+00:00
[2023-05-10T18:31:01.299+0000] {processor.py:175} INFO - Processing /home/airflow/.local/lib/python3.7/site-packages/airflow/example_dags/tutorial.py took 0.052 seconds
[2023-05-10T18:47:37.686+0000] {processor.py:153} INFO - Started process (PID=1064) to work on /home/airflow/.local/lib/python3.7/site-packages/airflow/example_dags/tutorial.py
[2023-05-10T18:47:37.687+0000] {processor.py:743} INFO - Processing file /home/airflow/.local/lib/python3.7/site-packages/airflow/example_dags/tutorial.py for tasks to queue
[2023-05-10T18:47:37.688+0000] {logging_mixin.py:137} INFO - [2023-05-10T18:47:37.688+0000] {dagbag.py:538} INFO - Filling up the DagBag from /home/airflow/.local/lib/python3.7/site-packages/airflow/example_dags/tutorial.py
[2023-05-10T18:47:37.697+0000] {processor.py:753} INFO - DAG(s) dict_keys(['tutorial']) retrieved from /home/airflow/.local/lib/python3.7/site-packages/airflow/example_dags/tutorial.py
[2023-05-10T18:47:37.713+0000] {logging_mixin.py:137} INFO - [2023-05-10T18:47:37.713+0000] {dag.py:2690} INFO - Sync 1 DAGs
[2023-05-10T18:47:37.726+0000] {logging_mixin.py:137} INFO - [2023-05-10T18:47:37.726+0000] {dag.py:3441} INFO - Setting next_dagrun for tutorial to 2023-05-09T18:47:37.726653+00:00, run_after=2023-05-10T18:47:37.726653+00:00
[2023-05-10T18:47:37.740+0000] {processor.py:175} INFO - Processing /home/airflow/.local/lib/python3.7/site-packages/airflow/example_dags/tutorial.py took 0.056 seconds
[2023-05-10T18:48:08.452+0000] {processor.py:153} INFO - Started process (PID=1130) to work on /home/airflow/.local/lib/python3.7/site-packages/airflow/example_dags/tutorial.py
[2023-05-10T18:48:08.453+0000] {processor.py:743} INFO - Processing file /home/airflow/.local/lib/python3.7/site-packages/airflow/example_dags/tutorial.py for tasks to queue
[2023-05-10T18:48:08.453+0000] {logging_mixin.py:137} INFO - [2023-05-10T18:48:08.453+0000] {dagbag.py:538} INFO - Filling up the DagBag from /home/airflow/.local/lib/python3.7/site-packages/airflow/example_dags/tutorial.py
[2023-05-10T18:48:08.463+0000] {processor.py:753} INFO - DAG(s) dict_keys(['tutorial']) retrieved from /home/airflow/.local/lib/python3.7/site-packages/airflow/example_dags/tutorial.py
[2023-05-10T18:48:08.480+0000] {logging_mixin.py:137} INFO - [2023-05-10T18:48:08.480+0000] {dag.py:2690} INFO - Sync 1 DAGs
[2023-05-10T18:48:08.492+0000] {logging_mixin.py:137} INFO - [2023-05-10T18:48:08.492+0000] {dag.py:3441} INFO - Setting next_dagrun for tutorial to 2023-05-09T18:48:08.492594+00:00, run_after=2023-05-10T18:48:08.492594+00:00
[2023-05-10T18:48:08.501+0000] {processor.py:175} INFO - Processing /home/airflow/.local/lib/python3.7/site-packages/airflow/example_dags/tutorial.py took 0.051 seconds
[2023-05-10T18:49:23.635+0000] {processor.py:153} INFO - Started process (PID=1205) to work on /home/airflow/.local/lib/python3.7/site-packages/airflow/example_dags/tutorial.py
[2023-05-10T18:49:23.635+0000] {processor.py:743} INFO - Processing file /home/airflow/.local/lib/python3.7/site-packages/airflow/example_dags/tutorial.py for tasks to queue
[2023-05-10T18:49:23.636+0000] {logging_mixin.py:137} INFO - [2023-05-10T18:49:23.636+0000] {dagbag.py:538} INFO - Filling up the DagBag from /home/airflow/.local/lib/python3.7/site-packages/airflow/example_dags/tutorial.py
[2023-05-10T18:49:23.645+0000] {processor.py:753} INFO - DAG(s) dict_keys(['tutorial']) retrieved from /home/airflow/.local/lib/python3.7/site-packages/airflow/example_dags/tutorial.py
[2023-05-10T18:49:23.661+0000] {logging_mixin.py:137} INFO - [2023-05-10T18:49:23.661+0000] {dag.py:2690} INFO - Sync 1 DAGs
[2023-05-10T18:49:23.674+0000] {logging_mixin.py:137} INFO - [2023-05-10T18:49:23.674+0000] {dag.py:3441} INFO - Setting next_dagrun for tutorial to 2023-05-09T18:49:23.674756+00:00, run_after=2023-05-10T18:49:23.674756+00:00
[2023-05-10T18:49:23.683+0000] {processor.py:175} INFO - Processing /home/airflow/.local/lib/python3.7/site-packages/airflow/example_dags/tutorial.py took 0.051 seconds
[2023-05-10T18:49:54.379+0000] {processor.py:153} INFO - Started process (PID=1276) to work on /home/airflow/.local/lib/python3.7/site-packages/airflow/example_dags/tutorial.py
[2023-05-10T18:49:54.380+0000] {processor.py:743} INFO - Processing file /home/airflow/.local/lib/python3.7/site-packages/airflow/example_dags/tutorial.py for tasks to queue
[2023-05-10T18:49:54.380+0000] {logging_mixin.py:137} INFO - [2023-05-10T18:49:54.380+0000] {dagbag.py:538} INFO - Filling up the DagBag from /home/airflow/.local/lib/python3.7/site-packages/airflow/example_dags/tutorial.py
[2023-05-10T18:49:54.391+0000] {processor.py:753} INFO - DAG(s) dict_keys(['tutorial']) retrieved from /home/airflow/.local/lib/python3.7/site-packages/airflow/example_dags/tutorial.py
[2023-05-10T18:49:54.408+0000] {logging_mixin.py:137} INFO - [2023-05-10T18:49:54.408+0000] {dag.py:2690} INFO - Sync 1 DAGs
[2023-05-10T18:49:54.422+0000] {logging_mixin.py:137} INFO - [2023-05-10T18:49:54.422+0000] {dag.py:3441} INFO - Setting next_dagrun for tutorial to 2023-05-09T18:49:54.422499+00:00, run_after=2023-05-10T18:49:54.422499+00:00
[2023-05-10T18:49:54.432+0000] {processor.py:175} INFO - Processing /home/airflow/.local/lib/python3.7/site-packages/airflow/example_dags/tutorial.py took 0.055 seconds
[2023-05-10T18:50:25.146+0000] {processor.py:153} INFO - Started process (PID=1344) to work on /home/airflow/.local/lib/python3.7/site-packages/airflow/example_dags/tutorial.py
[2023-05-10T18:50:25.147+0000] {processor.py:743} INFO - Processing file /home/airflow/.local/lib/python3.7/site-packages/airflow/example_dags/tutorial.py for tasks to queue
[2023-05-10T18:50:25.148+0000] {logging_mixin.py:137} INFO - [2023-05-10T18:50:25.148+0000] {dagbag.py:538} INFO - Filling up the DagBag from /home/airflow/.local/lib/python3.7/site-packages/airflow/example_dags/tutorial.py
[2023-05-10T18:50:25.157+0000] {processor.py:753} INFO - DAG(s) dict_keys(['tutorial']) retrieved from /home/airflow/.local/lib/python3.7/site-packages/airflow/example_dags/tutorial.py
[2023-05-10T18:50:25.174+0000] {logging_mixin.py:137} INFO - [2023-05-10T18:50:25.174+0000] {dag.py:2690} INFO - Sync 1 DAGs
[2023-05-10T18:50:25.188+0000] {logging_mixin.py:137} INFO - [2023-05-10T18:50:25.188+0000] {dag.py:3441} INFO - Setting next_dagrun for tutorial to 2023-05-09T18:50:25.187836+00:00, run_after=2023-05-10T18:50:25.187836+00:00
[2023-05-10T18:50:25.197+0000] {processor.py:175} INFO - Processing /home/airflow/.local/lib/python3.7/site-packages/airflow/example_dags/tutorial.py took 0.053 seconds
[2023-05-10T18:50:55.991+0000] {processor.py:153} INFO - Started process (PID=1417) to work on /home/airflow/.local/lib/python3.7/site-packages/airflow/example_dags/tutorial.py
[2023-05-10T18:50:55.992+0000] {processor.py:743} INFO - Processing file /home/airflow/.local/lib/python3.7/site-packages/airflow/example_dags/tutorial.py for tasks to queue
[2023-05-10T18:50:55.993+0000] {logging_mixin.py:137} INFO - [2023-05-10T18:50:55.993+0000] {dagbag.py:538} INFO - Filling up the DagBag from /home/airflow/.local/lib/python3.7/site-packages/airflow/example_dags/tutorial.py
[2023-05-10T18:50:56.002+0000] {processor.py:753} INFO - DAG(s) dict_keys(['tutorial']) retrieved from /home/airflow/.local/lib/python3.7/site-packages/airflow/example_dags/tutorial.py
[2023-05-10T18:50:56.019+0000] {logging_mixin.py:137} INFO - [2023-05-10T18:50:56.019+0000] {dag.py:2690} INFO - Sync 1 DAGs
[2023-05-10T18:50:56.032+0000] {logging_mixin.py:137} INFO - [2023-05-10T18:50:56.032+0000] {dag.py:3441} INFO - Setting next_dagrun for tutorial to 2023-05-09T18:50:56.032478+00:00, run_after=2023-05-10T18:50:56.032478+00:00
[2023-05-10T18:50:56.042+0000] {processor.py:175} INFO - Processing /home/airflow/.local/lib/python3.7/site-packages/airflow/example_dags/tutorial.py took 0.053 seconds
[2023-05-10T18:51:26.731+0000] {processor.py:153} INFO - Started process (PID=1492) to work on /home/airflow/.local/lib/python3.7/site-packages/airflow/example_dags/tutorial.py
[2023-05-10T18:51:26.732+0000] {processor.py:743} INFO - Processing file /home/airflow/.local/lib/python3.7/site-packages/airflow/example_dags/tutorial.py for tasks to queue
[2023-05-10T18:51:26.732+0000] {logging_mixin.py:137} INFO - [2023-05-10T18:51:26.732+0000] {dagbag.py:538} INFO - Filling up the DagBag from /home/airflow/.local/lib/python3.7/site-packages/airflow/example_dags/tutorial.py
[2023-05-10T18:51:26.742+0000] {processor.py:753} INFO - DAG(s) dict_keys(['tutorial']) retrieved from /home/airflow/.local/lib/python3.7/site-packages/airflow/example_dags/tutorial.py
[2023-05-10T18:51:26.758+0000] {logging_mixin.py:137} INFO - [2023-05-10T18:51:26.758+0000] {dag.py:2690} INFO - Sync 1 DAGs
[2023-05-10T18:51:26.772+0000] {logging_mixin.py:137} INFO - [2023-05-10T18:51:26.772+0000] {dag.py:3441} INFO - Setting next_dagrun for tutorial to 2023-05-09T18:51:26.771989+00:00, run_after=2023-05-10T18:51:26.771989+00:00
[2023-05-10T18:51:26.782+0000] {processor.py:175} INFO - Processing /home/airflow/.local/lib/python3.7/site-packages/airflow/example_dags/tutorial.py took 0.054 seconds
[2023-05-10T18:51:57.546+0000] {processor.py:153} INFO - Started process (PID=1555) to work on /home/airflow/.local/lib/python3.7/site-packages/airflow/example_dags/tutorial.py
[2023-05-10T18:51:57.547+0000] {processor.py:743} INFO - Processing file /home/airflow/.local/lib/python3.7/site-packages/airflow/example_dags/tutorial.py for tasks to queue
[2023-05-10T18:51:57.547+0000] {logging_mixin.py:137} INFO - [2023-05-10T18:51:57.547+0000] {dagbag.py:538} INFO - Filling up the DagBag from /home/airflow/.local/lib/python3.7/site-packages/airflow/example_dags/tutorial.py
[2023-05-10T18:51:57.557+0000] {processor.py:753} INFO - DAG(s) dict_keys(['tutorial']) retrieved from /home/airflow/.local/lib/python3.7/site-packages/airflow/example_dags/tutorial.py
[2023-05-10T18:51:57.581+0000] {logging_mixin.py:137} INFO - [2023-05-10T18:51:57.581+0000] {dag.py:2690} INFO - Sync 1 DAGs
[2023-05-10T18:51:57.595+0000] {logging_mixin.py:137} INFO - [2023-05-10T18:51:57.595+0000] {dag.py:3441} INFO - Setting next_dagrun for tutorial to 2023-05-09T18:51:57.594893+00:00, run_after=2023-05-10T18:51:57.594893+00:00
[2023-05-10T18:51:57.608+0000] {processor.py:175} INFO - Processing /home/airflow/.local/lib/python3.7/site-packages/airflow/example_dags/tutorial.py took 0.065 seconds
[2023-05-10T18:52:28.468+0000] {processor.py:153} INFO - Started process (PID=1628) to work on /home/airflow/.local/lib/python3.7/site-packages/airflow/example_dags/tutorial.py
[2023-05-10T18:52:28.469+0000] {processor.py:743} INFO - Processing file /home/airflow/.local/lib/python3.7/site-packages/airflow/example_dags/tutorial.py for tasks to queue
[2023-05-10T18:52:28.470+0000] {logging_mixin.py:137} INFO - [2023-05-10T18:52:28.470+0000] {dagbag.py:538} INFO - Filling up the DagBag from /home/airflow/.local/lib/python3.7/site-packages/airflow/example_dags/tutorial.py
[2023-05-10T18:52:28.479+0000] {processor.py:753} INFO - DAG(s) dict_keys(['tutorial']) retrieved from /home/airflow/.local/lib/python3.7/site-packages/airflow/example_dags/tutorial.py
[2023-05-10T18:52:28.499+0000] {logging_mixin.py:137} INFO - [2023-05-10T18:52:28.499+0000] {dag.py:2690} INFO - Sync 1 DAGs
[2023-05-10T18:52:28.514+0000] {logging_mixin.py:137} INFO - [2023-05-10T18:52:28.514+0000] {dag.py:3441} INFO - Setting next_dagrun for tutorial to 2023-05-09T18:52:28.514128+00:00, run_after=2023-05-10T18:52:28.514128+00:00
[2023-05-10T18:52:28.524+0000] {processor.py:175} INFO - Processing /home/airflow/.local/lib/python3.7/site-packages/airflow/example_dags/tutorial.py took 0.058 seconds
[2023-05-10T18:52:59.255+0000] {processor.py:153} INFO - Started process (PID=1703) to work on /home/airflow/.local/lib/python3.7/site-packages/airflow/example_dags/tutorial.py
[2023-05-10T18:52:59.256+0000] {processor.py:743} INFO - Processing file /home/airflow/.local/lib/python3.7/site-packages/airflow/example_dags/tutorial.py for tasks to queue
[2023-05-10T18:52:59.257+0000] {logging_mixin.py:137} INFO - [2023-05-10T18:52:59.257+0000] {dagbag.py:538} INFO - Filling up the DagBag from /home/airflow/.local/lib/python3.7/site-packages/airflow/example_dags/tutorial.py
[2023-05-10T18:52:59.266+0000] {processor.py:753} INFO - DAG(s) dict_keys(['tutorial']) retrieved from /home/airflow/.local/lib/python3.7/site-packages/airflow/example_dags/tutorial.py
[2023-05-10T18:52:59.282+0000] {logging_mixin.py:137} INFO - [2023-05-10T18:52:59.282+0000] {dag.py:2690} INFO - Sync 1 DAGs
[2023-05-10T18:52:59.297+0000] {logging_mixin.py:137} INFO - [2023-05-10T18:52:59.297+0000] {dag.py:3441} INFO - Setting next_dagrun for tutorial to 2023-05-09T18:52:59.297318+00:00, run_after=2023-05-10T18:52:59.297318+00:00
[2023-05-10T18:52:59.306+0000] {processor.py:175} INFO - Processing /home/airflow/.local/lib/python3.7/site-packages/airflow/example_dags/tutorial.py took 0.053 seconds
[2023-05-10T18:53:30.048+0000] {processor.py:153} INFO - Started process (PID=1778) to work on /home/airflow/.local/lib/python3.7/site-packages/airflow/example_dags/tutorial.py
[2023-05-10T18:53:30.049+0000] {processor.py:743} INFO - Processing file /home/airflow/.local/lib/python3.7/site-packages/airflow/example_dags/tutorial.py for tasks to queue
[2023-05-10T18:53:30.050+0000] {logging_mixin.py:137} INFO - [2023-05-10T18:53:30.050+0000] {dagbag.py:538} INFO - Filling up the DagBag from /home/airflow/.local/lib/python3.7/site-packages/airflow/example_dags/tutorial.py
[2023-05-10T18:53:30.059+0000] {processor.py:753} INFO - DAG(s) dict_keys(['tutorial']) retrieved from /home/airflow/.local/lib/python3.7/site-packages/airflow/example_dags/tutorial.py
[2023-05-10T18:53:30.076+0000] {logging_mixin.py:137} INFO - [2023-05-10T18:53:30.076+0000] {dag.py:2690} INFO - Sync 1 DAGs
[2023-05-10T18:53:30.089+0000] {logging_mixin.py:137} INFO - [2023-05-10T18:53:30.089+0000] {dag.py:3441} INFO - Setting next_dagrun for tutorial to 2023-05-09T18:53:30.089304+00:00, run_after=2023-05-10T18:53:30.089304+00:00
[2023-05-10T18:53:30.098+0000] {processor.py:175} INFO - Processing /home/airflow/.local/lib/python3.7/site-packages/airflow/example_dags/tutorial.py took 0.052 seconds
[2023-05-10T18:54:00.872+0000] {processor.py:153} INFO - Started process (PID=1840) to work on /home/airflow/.local/lib/python3.7/site-packages/airflow/example_dags/tutorial.py
[2023-05-10T18:54:00.873+0000] {processor.py:743} INFO - Processing file /home/airflow/.local/lib/python3.7/site-packages/airflow/example_dags/tutorial.py for tasks to queue
[2023-05-10T18:54:00.874+0000] {logging_mixin.py:137} INFO - [2023-05-10T18:54:00.874+0000] {dagbag.py:538} INFO - Filling up the DagBag from /home/airflow/.local/lib/python3.7/site-packages/airflow/example_dags/tutorial.py
[2023-05-10T18:54:00.883+0000] {processor.py:753} INFO - DAG(s) dict_keys(['tutorial']) retrieved from /home/airflow/.local/lib/python3.7/site-packages/airflow/example_dags/tutorial.py
[2023-05-10T18:54:00.901+0000] {logging_mixin.py:137} INFO - [2023-05-10T18:54:00.901+0000] {dag.py:2690} INFO - Sync 1 DAGs
[2023-05-10T18:54:00.915+0000] {logging_mixin.py:137} INFO - [2023-05-10T18:54:00.915+0000] {dag.py:3441} INFO - Setting next_dagrun for tutorial to 2023-05-09T18:54:00.915176+00:00, run_after=2023-05-10T18:54:00.915176+00:00
[2023-05-10T18:54:00.924+0000] {processor.py:175} INFO - Processing /home/airflow/.local/lib/python3.7/site-packages/airflow/example_dags/tutorial.py took 0.054 seconds
[2023-05-10T18:54:31.613+0000] {processor.py:153} INFO - Started process (PID=1916) to work on /home/airflow/.local/lib/python3.7/site-packages/airflow/example_dags/tutorial.py
[2023-05-10T18:54:31.614+0000] {processor.py:743} INFO - Processing file /home/airflow/.local/lib/python3.7/site-packages/airflow/example_dags/tutorial.py for tasks to queue
[2023-05-10T18:54:31.614+0000] {logging_mixin.py:137} INFO - [2023-05-10T18:54:31.614+0000] {dagbag.py:538} INFO - Filling up the DagBag from /home/airflow/.local/lib/python3.7/site-packages/airflow/example_dags/tutorial.py
[2023-05-10T18:54:31.623+0000] {processor.py:753} INFO - DAG(s) dict_keys(['tutorial']) retrieved from /home/airflow/.local/lib/python3.7/site-packages/airflow/example_dags/tutorial.py
[2023-05-10T18:54:31.640+0000] {logging_mixin.py:137} INFO - [2023-05-10T18:54:31.640+0000] {dag.py:2690} INFO - Sync 1 DAGs
[2023-05-10T18:54:31.653+0000] {logging_mixin.py:137} INFO - [2023-05-10T18:54:31.653+0000] {dag.py:3441} INFO - Setting next_dagrun for tutorial to 2023-05-09T18:54:31.653426+00:00, run_after=2023-05-10T18:54:31.653426+00:00
[2023-05-10T18:54:31.663+0000] {processor.py:175} INFO - Processing /home/airflow/.local/lib/python3.7/site-packages/airflow/example_dags/tutorial.py took 0.052 seconds
[2023-05-10T18:55:02.368+0000] {processor.py:153} INFO - Started process (PID=1991) to work on /home/airflow/.local/lib/python3.7/site-packages/airflow/example_dags/tutorial.py
[2023-05-10T18:55:02.369+0000] {processor.py:743} INFO - Processing file /home/airflow/.local/lib/python3.7/site-packages/airflow/example_dags/tutorial.py for tasks to queue
[2023-05-10T18:55:02.370+0000] {logging_mixin.py:137} INFO - [2023-05-10T18:55:02.370+0000] {dagbag.py:538} INFO - Filling up the DagBag from /home/airflow/.local/lib/python3.7/site-packages/airflow/example_dags/tutorial.py
[2023-05-10T18:55:02.379+0000] {processor.py:753} INFO - DAG(s) dict_keys(['tutorial']) retrieved from /home/airflow/.local/lib/python3.7/site-packages/airflow/example_dags/tutorial.py
[2023-05-10T18:55:02.395+0000] {logging_mixin.py:137} INFO - [2023-05-10T18:55:02.395+0000] {dag.py:2690} INFO - Sync 1 DAGs
[2023-05-10T18:55:02.409+0000] {logging_mixin.py:137} INFO - [2023-05-10T18:55:02.408+0000] {dag.py:3441} INFO - Setting next_dagrun for tutorial to 2023-05-09T18:55:02.408770+00:00, run_after=2023-05-10T18:55:02.408770+00:00
[2023-05-10T18:55:02.418+0000] {processor.py:175} INFO - Processing /home/airflow/.local/lib/python3.7/site-packages/airflow/example_dags/tutorial.py took 0.052 seconds
