[2023-05-13T06:22:38.247+0000] {processor.py:153} INFO - Started process (PID=57) to work on /home/airflow/.local/lib/python3.7/site-packages/airflow/example_dags/example_latest_only_with_trigger.py
[2023-05-13T06:22:38.247+0000] {processor.py:743} INFO - Processing file /home/airflow/.local/lib/python3.7/site-packages/airflow/example_dags/example_latest_only_with_trigger.py for tasks to queue
[2023-05-13T06:22:38.248+0000] {logging_mixin.py:137} INFO - [2023-05-13T06:22:38.248+0000] {dagbag.py:538} INFO - Filling up the DagBag from /home/airflow/.local/lib/python3.7/site-packages/airflow/example_dags/example_latest_only_with_trigger.py
[2023-05-13T06:22:38.260+0000] {processor.py:753} INFO - DAG(s) dict_keys(['latest_only_with_trigger']) retrieved from /home/airflow/.local/lib/python3.7/site-packages/airflow/example_dags/example_latest_only_with_trigger.py
[2023-05-13T06:22:38.277+0000] {logging_mixin.py:137} INFO - [2023-05-13T06:22:38.277+0000] {dag.py:2690} INFO - Sync 1 DAGs
[2023-05-13T06:22:38.299+0000] {logging_mixin.py:137} INFO - [2023-05-13T06:22:38.299+0000] {dag.py:3441} INFO - Setting next_dagrun for latest_only_with_trigger to 2023-05-13T02:22:38.299490+00:00, run_after=2023-05-13T06:22:38.299490+00:00
[2023-05-13T06:22:38.311+0000] {processor.py:175} INFO - Processing /home/airflow/.local/lib/python3.7/site-packages/airflow/example_dags/example_latest_only_with_trigger.py took 0.066 seconds
[2023-05-13T06:23:09.233+0000] {processor.py:153} INFO - Started process (PID=132) to work on /home/airflow/.local/lib/python3.7/site-packages/airflow/example_dags/example_latest_only_with_trigger.py
[2023-05-13T06:23:09.234+0000] {processor.py:743} INFO - Processing file /home/airflow/.local/lib/python3.7/site-packages/airflow/example_dags/example_latest_only_with_trigger.py for tasks to queue
[2023-05-13T06:23:09.234+0000] {logging_mixin.py:137} INFO - [2023-05-13T06:23:09.234+0000] {dagbag.py:538} INFO - Filling up the DagBag from /home/airflow/.local/lib/python3.7/site-packages/airflow/example_dags/example_latest_only_with_trigger.py
[2023-05-13T06:23:09.243+0000] {processor.py:753} INFO - DAG(s) dict_keys(['latest_only_with_trigger']) retrieved from /home/airflow/.local/lib/python3.7/site-packages/airflow/example_dags/example_latest_only_with_trigger.py
[2023-05-13T06:23:09.259+0000] {logging_mixin.py:137} INFO - [2023-05-13T06:23:09.259+0000] {dag.py:2690} INFO - Sync 1 DAGs
[2023-05-13T06:23:09.273+0000] {logging_mixin.py:137} INFO - [2023-05-13T06:23:09.273+0000] {dag.py:3441} INFO - Setting next_dagrun for latest_only_with_trigger to 2023-05-13T02:23:09.273579+00:00, run_after=2023-05-13T06:23:09.273579+00:00
[2023-05-13T06:23:09.282+0000] {processor.py:175} INFO - Processing /home/airflow/.local/lib/python3.7/site-packages/airflow/example_dags/example_latest_only_with_trigger.py took 0.052 seconds
[2023-05-13T06:23:40.046+0000] {processor.py:153} INFO - Started process (PID=207) to work on /home/airflow/.local/lib/python3.7/site-packages/airflow/example_dags/example_latest_only_with_trigger.py
[2023-05-13T06:23:40.047+0000] {processor.py:743} INFO - Processing file /home/airflow/.local/lib/python3.7/site-packages/airflow/example_dags/example_latest_only_with_trigger.py for tasks to queue
[2023-05-13T06:23:40.049+0000] {logging_mixin.py:137} INFO - [2023-05-13T06:23:40.049+0000] {dagbag.py:538} INFO - Filling up the DagBag from /home/airflow/.local/lib/python3.7/site-packages/airflow/example_dags/example_latest_only_with_trigger.py
[2023-05-13T06:23:40.060+0000] {processor.py:753} INFO - DAG(s) dict_keys(['latest_only_with_trigger']) retrieved from /home/airflow/.local/lib/python3.7/site-packages/airflow/example_dags/example_latest_only_with_trigger.py
[2023-05-13T06:23:40.084+0000] {logging_mixin.py:137} INFO - [2023-05-13T06:23:40.084+0000] {dag.py:2690} INFO - Sync 1 DAGs
[2023-05-13T06:23:40.104+0000] {logging_mixin.py:137} INFO - [2023-05-13T06:23:40.104+0000] {dag.py:3441} INFO - Setting next_dagrun for latest_only_with_trigger to 2023-05-13T02:23:40.103776+00:00, run_after=2023-05-13T06:23:40.103776+00:00
[2023-05-13T06:23:40.115+0000] {processor.py:175} INFO - Processing /home/airflow/.local/lib/python3.7/site-packages/airflow/example_dags/example_latest_only_with_trigger.py took 0.073 seconds
[2023-05-13T06:24:11.016+0000] {processor.py:153} INFO - Started process (PID=271) to work on /home/airflow/.local/lib/python3.7/site-packages/airflow/example_dags/example_latest_only_with_trigger.py
[2023-05-13T06:24:11.017+0000] {processor.py:743} INFO - Processing file /home/airflow/.local/lib/python3.7/site-packages/airflow/example_dags/example_latest_only_with_trigger.py for tasks to queue
[2023-05-13T06:24:11.018+0000] {logging_mixin.py:137} INFO - [2023-05-13T06:24:11.018+0000] {dagbag.py:538} INFO - Filling up the DagBag from /home/airflow/.local/lib/python3.7/site-packages/airflow/example_dags/example_latest_only_with_trigger.py
[2023-05-13T06:24:11.027+0000] {processor.py:753} INFO - DAG(s) dict_keys(['latest_only_with_trigger']) retrieved from /home/airflow/.local/lib/python3.7/site-packages/airflow/example_dags/example_latest_only_with_trigger.py
[2023-05-13T06:24:11.043+0000] {logging_mixin.py:137} INFO - [2023-05-13T06:24:11.043+0000] {dag.py:2690} INFO - Sync 1 DAGs
[2023-05-13T06:24:11.057+0000] {logging_mixin.py:137} INFO - [2023-05-13T06:24:11.057+0000] {dag.py:3441} INFO - Setting next_dagrun for latest_only_with_trigger to 2023-05-13T02:24:11.056912+00:00, run_after=2023-05-13T06:24:11.056912+00:00
[2023-05-13T06:24:11.066+0000] {processor.py:175} INFO - Processing /home/airflow/.local/lib/python3.7/site-packages/airflow/example_dags/example_latest_only_with_trigger.py took 0.052 seconds
[2023-05-13T06:24:41.709+0000] {processor.py:153} INFO - Started process (PID=346) to work on /home/airflow/.local/lib/python3.7/site-packages/airflow/example_dags/example_latest_only_with_trigger.py
[2023-05-13T06:24:41.710+0000] {processor.py:743} INFO - Processing file /home/airflow/.local/lib/python3.7/site-packages/airflow/example_dags/example_latest_only_with_trigger.py for tasks to queue
[2023-05-13T06:24:41.710+0000] {logging_mixin.py:137} INFO - [2023-05-13T06:24:41.710+0000] {dagbag.py:538} INFO - Filling up the DagBag from /home/airflow/.local/lib/python3.7/site-packages/airflow/example_dags/example_latest_only_with_trigger.py
[2023-05-13T06:24:41.719+0000] {processor.py:753} INFO - DAG(s) dict_keys(['latest_only_with_trigger']) retrieved from /home/airflow/.local/lib/python3.7/site-packages/airflow/example_dags/example_latest_only_with_trigger.py
[2023-05-13T06:24:41.735+0000] {logging_mixin.py:137} INFO - [2023-05-13T06:24:41.735+0000] {dag.py:2690} INFO - Sync 1 DAGs
[2023-05-13T06:24:41.749+0000] {logging_mixin.py:137} INFO - [2023-05-13T06:24:41.749+0000] {dag.py:3441} INFO - Setting next_dagrun for latest_only_with_trigger to 2023-05-13T02:24:41.749491+00:00, run_after=2023-05-13T06:24:41.749491+00:00
[2023-05-13T06:24:41.759+0000] {processor.py:175} INFO - Processing /home/airflow/.local/lib/python3.7/site-packages/airflow/example_dags/example_latest_only_with_trigger.py took 0.052 seconds
[2023-05-13T06:25:12.496+0000] {processor.py:153} INFO - Started process (PID=420) to work on /home/airflow/.local/lib/python3.7/site-packages/airflow/example_dags/example_latest_only_with_trigger.py
[2023-05-13T06:25:12.497+0000] {processor.py:743} INFO - Processing file /home/airflow/.local/lib/python3.7/site-packages/airflow/example_dags/example_latest_only_with_trigger.py for tasks to queue
[2023-05-13T06:25:12.498+0000] {logging_mixin.py:137} INFO - [2023-05-13T06:25:12.498+0000] {dagbag.py:538} INFO - Filling up the DagBag from /home/airflow/.local/lib/python3.7/site-packages/airflow/example_dags/example_latest_only_with_trigger.py
[2023-05-13T06:25:12.507+0000] {processor.py:753} INFO - DAG(s) dict_keys(['latest_only_with_trigger']) retrieved from /home/airflow/.local/lib/python3.7/site-packages/airflow/example_dags/example_latest_only_with_trigger.py
[2023-05-13T06:25:12.527+0000] {logging_mixin.py:137} INFO - [2023-05-13T06:25:12.527+0000] {dag.py:2690} INFO - Sync 1 DAGs
[2023-05-13T06:25:12.542+0000] {logging_mixin.py:137} INFO - [2023-05-13T06:25:12.542+0000] {dag.py:3441} INFO - Setting next_dagrun for latest_only_with_trigger to 2023-05-13T02:25:12.542494+00:00, run_after=2023-05-13T06:25:12.542494+00:00
[2023-05-13T06:25:12.551+0000] {processor.py:175} INFO - Processing /home/airflow/.local/lib/python3.7/site-packages/airflow/example_dags/example_latest_only_with_trigger.py took 0.058 seconds
[2023-05-13T06:25:43.425+0000] {processor.py:153} INFO - Started process (PID=494) to work on /home/airflow/.local/lib/python3.7/site-packages/airflow/example_dags/example_latest_only_with_trigger.py
[2023-05-13T06:25:43.426+0000] {processor.py:743} INFO - Processing file /home/airflow/.local/lib/python3.7/site-packages/airflow/example_dags/example_latest_only_with_trigger.py for tasks to queue
[2023-05-13T06:25:43.427+0000] {logging_mixin.py:137} INFO - [2023-05-13T06:25:43.427+0000] {dagbag.py:538} INFO - Filling up the DagBag from /home/airflow/.local/lib/python3.7/site-packages/airflow/example_dags/example_latest_only_with_trigger.py
[2023-05-13T06:25:43.437+0000] {processor.py:753} INFO - DAG(s) dict_keys(['latest_only_with_trigger']) retrieved from /home/airflow/.local/lib/python3.7/site-packages/airflow/example_dags/example_latest_only_with_trigger.py
[2023-05-13T06:25:43.456+0000] {logging_mixin.py:137} INFO - [2023-05-13T06:25:43.456+0000] {dag.py:2690} INFO - Sync 1 DAGs
[2023-05-13T06:25:43.472+0000] {logging_mixin.py:137} INFO - [2023-05-13T06:25:43.472+0000] {dag.py:3441} INFO - Setting next_dagrun for latest_only_with_trigger to 2023-05-13T02:25:43.472359+00:00, run_after=2023-05-13T06:25:43.472359+00:00
[2023-05-13T06:25:43.484+0000] {processor.py:175} INFO - Processing /home/airflow/.local/lib/python3.7/site-packages/airflow/example_dags/example_latest_only_with_trigger.py took 0.062 seconds
[2023-05-13T06:26:13.599+0000] {processor.py:153} INFO - Started process (PID=558) to work on /home/airflow/.local/lib/python3.7/site-packages/airflow/example_dags/example_latest_only_with_trigger.py
[2023-05-13T06:26:13.600+0000] {processor.py:743} INFO - Processing file /home/airflow/.local/lib/python3.7/site-packages/airflow/example_dags/example_latest_only_with_trigger.py for tasks to queue
[2023-05-13T06:26:13.600+0000] {logging_mixin.py:137} INFO - [2023-05-13T06:26:13.600+0000] {dagbag.py:538} INFO - Filling up the DagBag from /home/airflow/.local/lib/python3.7/site-packages/airflow/example_dags/example_latest_only_with_trigger.py
[2023-05-13T06:26:13.609+0000] {processor.py:753} INFO - DAG(s) dict_keys(['latest_only_with_trigger']) retrieved from /home/airflow/.local/lib/python3.7/site-packages/airflow/example_dags/example_latest_only_with_trigger.py
[2023-05-13T06:26:13.625+0000] {logging_mixin.py:137} INFO - [2023-05-13T06:26:13.625+0000] {dag.py:2690} INFO - Sync 1 DAGs
[2023-05-13T06:26:13.639+0000] {logging_mixin.py:137} INFO - [2023-05-13T06:26:13.638+0000] {dag.py:3441} INFO - Setting next_dagrun for latest_only_with_trigger to 2023-05-13T02:26:13.638819+00:00, run_after=2023-05-13T06:26:13.638819+00:00
[2023-05-13T06:26:13.648+0000] {processor.py:175} INFO - Processing /home/airflow/.local/lib/python3.7/site-packages/airflow/example_dags/example_latest_only_with_trigger.py took 0.052 seconds
[2023-05-13T06:26:44.397+0000] {processor.py:153} INFO - Started process (PID=633) to work on /home/airflow/.local/lib/python3.7/site-packages/airflow/example_dags/example_latest_only_with_trigger.py
[2023-05-13T06:26:44.398+0000] {processor.py:743} INFO - Processing file /home/airflow/.local/lib/python3.7/site-packages/airflow/example_dags/example_latest_only_with_trigger.py for tasks to queue
[2023-05-13T06:26:44.399+0000] {logging_mixin.py:137} INFO - [2023-05-13T06:26:44.399+0000] {dagbag.py:538} INFO - Filling up the DagBag from /home/airflow/.local/lib/python3.7/site-packages/airflow/example_dags/example_latest_only_with_trigger.py
[2023-05-13T06:26:44.407+0000] {processor.py:753} INFO - DAG(s) dict_keys(['latest_only_with_trigger']) retrieved from /home/airflow/.local/lib/python3.7/site-packages/airflow/example_dags/example_latest_only_with_trigger.py
[2023-05-13T06:26:44.424+0000] {logging_mixin.py:137} INFO - [2023-05-13T06:26:44.424+0000] {dag.py:2690} INFO - Sync 1 DAGs
[2023-05-13T06:26:44.438+0000] {logging_mixin.py:137} INFO - [2023-05-13T06:26:44.438+0000] {dag.py:3441} INFO - Setting next_dagrun for latest_only_with_trigger to 2023-05-13T02:26:44.438061+00:00, run_after=2023-05-13T06:26:44.438061+00:00
[2023-05-13T06:26:44.447+0000] {processor.py:175} INFO - Processing /home/airflow/.local/lib/python3.7/site-packages/airflow/example_dags/example_latest_only_with_trigger.py took 0.053 seconds
[2023-05-13T06:27:14.695+0000] {processor.py:153} INFO - Started process (PID=708) to work on /home/airflow/.local/lib/python3.7/site-packages/airflow/example_dags/example_latest_only_with_trigger.py
[2023-05-13T06:27:14.696+0000] {processor.py:743} INFO - Processing file /home/airflow/.local/lib/python3.7/site-packages/airflow/example_dags/example_latest_only_with_trigger.py for tasks to queue
[2023-05-13T06:27:14.696+0000] {logging_mixin.py:137} INFO - [2023-05-13T06:27:14.696+0000] {dagbag.py:538} INFO - Filling up the DagBag from /home/airflow/.local/lib/python3.7/site-packages/airflow/example_dags/example_latest_only_with_trigger.py
[2023-05-13T06:27:14.705+0000] {processor.py:753} INFO - DAG(s) dict_keys(['latest_only_with_trigger']) retrieved from /home/airflow/.local/lib/python3.7/site-packages/airflow/example_dags/example_latest_only_with_trigger.py
[2023-05-13T06:27:14.721+0000] {logging_mixin.py:137} INFO - [2023-05-13T06:27:14.721+0000] {dag.py:2690} INFO - Sync 1 DAGs
[2023-05-13T06:27:14.734+0000] {logging_mixin.py:137} INFO - [2023-05-13T06:27:14.734+0000] {dag.py:3441} INFO - Setting next_dagrun for latest_only_with_trigger to 2023-05-13T02:27:14.734246+00:00, run_after=2023-05-13T06:27:14.734246+00:00
[2023-05-13T06:27:14.743+0000] {processor.py:175} INFO - Processing /home/airflow/.local/lib/python3.7/site-packages/airflow/example_dags/example_latest_only_with_trigger.py took 0.051 seconds
[2023-05-13T06:27:45.723+0000] {processor.py:153} INFO - Started process (PID=772) to work on /home/airflow/.local/lib/python3.7/site-packages/airflow/example_dags/example_latest_only_with_trigger.py
[2023-05-13T06:27:45.724+0000] {processor.py:743} INFO - Processing file /home/airflow/.local/lib/python3.7/site-packages/airflow/example_dags/example_latest_only_with_trigger.py for tasks to queue
[2023-05-13T06:27:45.724+0000] {logging_mixin.py:137} INFO - [2023-05-13T06:27:45.724+0000] {dagbag.py:538} INFO - Filling up the DagBag from /home/airflow/.local/lib/python3.7/site-packages/airflow/example_dags/example_latest_only_with_trigger.py
[2023-05-13T06:27:45.733+0000] {processor.py:753} INFO - DAG(s) dict_keys(['latest_only_with_trigger']) retrieved from /home/airflow/.local/lib/python3.7/site-packages/airflow/example_dags/example_latest_only_with_trigger.py
[2023-05-13T06:27:45.748+0000] {logging_mixin.py:137} INFO - [2023-05-13T06:27:45.748+0000] {dag.py:2690} INFO - Sync 1 DAGs
[2023-05-13T06:27:45.761+0000] {logging_mixin.py:137} INFO - [2023-05-13T06:27:45.761+0000] {dag.py:3441} INFO - Setting next_dagrun for latest_only_with_trigger to 2023-05-13T02:27:45.761540+00:00, run_after=2023-05-13T06:27:45.761540+00:00
[2023-05-13T06:27:45.770+0000] {processor.py:175} INFO - Processing /home/airflow/.local/lib/python3.7/site-packages/airflow/example_dags/example_latest_only_with_trigger.py took 0.050 seconds
[2023-05-13T06:28:15.824+0000] {processor.py:153} INFO - Started process (PID=847) to work on /home/airflow/.local/lib/python3.7/site-packages/airflow/example_dags/example_latest_only_with_trigger.py
[2023-05-13T06:28:15.825+0000] {processor.py:743} INFO - Processing file /home/airflow/.local/lib/python3.7/site-packages/airflow/example_dags/example_latest_only_with_trigger.py for tasks to queue
[2023-05-13T06:28:15.826+0000] {logging_mixin.py:137} INFO - [2023-05-13T06:28:15.826+0000] {dagbag.py:538} INFO - Filling up the DagBag from /home/airflow/.local/lib/python3.7/site-packages/airflow/example_dags/example_latest_only_with_trigger.py
[2023-05-13T06:28:15.834+0000] {processor.py:753} INFO - DAG(s) dict_keys(['latest_only_with_trigger']) retrieved from /home/airflow/.local/lib/python3.7/site-packages/airflow/example_dags/example_latest_only_with_trigger.py
[2023-05-13T06:28:15.850+0000] {logging_mixin.py:137} INFO - [2023-05-13T06:28:15.850+0000] {dag.py:2690} INFO - Sync 1 DAGs
[2023-05-13T06:28:15.864+0000] {logging_mixin.py:137} INFO - [2023-05-13T06:28:15.864+0000] {dag.py:3441} INFO - Setting next_dagrun for latest_only_with_trigger to 2023-05-13T02:28:15.864333+00:00, run_after=2023-05-13T06:28:15.864333+00:00
[2023-05-13T06:28:15.873+0000] {processor.py:175} INFO - Processing /home/airflow/.local/lib/python3.7/site-packages/airflow/example_dags/example_latest_only_with_trigger.py took 0.051 seconds
[2023-05-13T06:28:45.946+0000] {processor.py:153} INFO - Started process (PID=922) to work on /home/airflow/.local/lib/python3.7/site-packages/airflow/example_dags/example_latest_only_with_trigger.py
[2023-05-13T06:28:45.947+0000] {processor.py:743} INFO - Processing file /home/airflow/.local/lib/python3.7/site-packages/airflow/example_dags/example_latest_only_with_trigger.py for tasks to queue
[2023-05-13T06:28:45.947+0000] {logging_mixin.py:137} INFO - [2023-05-13T06:28:45.947+0000] {dagbag.py:538} INFO - Filling up the DagBag from /home/airflow/.local/lib/python3.7/site-packages/airflow/example_dags/example_latest_only_with_trigger.py
[2023-05-13T06:28:45.956+0000] {processor.py:753} INFO - DAG(s) dict_keys(['latest_only_with_trigger']) retrieved from /home/airflow/.local/lib/python3.7/site-packages/airflow/example_dags/example_latest_only_with_trigger.py
[2023-05-13T06:28:45.973+0000] {logging_mixin.py:137} INFO - [2023-05-13T06:28:45.973+0000] {dag.py:2690} INFO - Sync 1 DAGs
[2023-05-13T06:28:45.987+0000] {logging_mixin.py:137} INFO - [2023-05-13T06:28:45.987+0000] {dag.py:3441} INFO - Setting next_dagrun for latest_only_with_trigger to 2023-05-13T02:28:45.987035+00:00, run_after=2023-05-13T06:28:45.987035+00:00
[2023-05-13T06:28:45.996+0000] {processor.py:175} INFO - Processing /home/airflow/.local/lib/python3.7/site-packages/airflow/example_dags/example_latest_only_with_trigger.py took 0.052 seconds
[2023-05-13T06:29:16.981+0000] {processor.py:153} INFO - Started process (PID=997) to work on /home/airflow/.local/lib/python3.7/site-packages/airflow/example_dags/example_latest_only_with_trigger.py
[2023-05-13T06:29:16.982+0000] {processor.py:743} INFO - Processing file /home/airflow/.local/lib/python3.7/site-packages/airflow/example_dags/example_latest_only_with_trigger.py for tasks to queue
[2023-05-13T06:29:16.982+0000] {logging_mixin.py:137} INFO - [2023-05-13T06:29:16.982+0000] {dagbag.py:538} INFO - Filling up the DagBag from /home/airflow/.local/lib/python3.7/site-packages/airflow/example_dags/example_latest_only_with_trigger.py
[2023-05-13T06:29:16.992+0000] {processor.py:753} INFO - DAG(s) dict_keys(['latest_only_with_trigger']) retrieved from /home/airflow/.local/lib/python3.7/site-packages/airflow/example_dags/example_latest_only_with_trigger.py
[2023-05-13T06:29:17.010+0000] {logging_mixin.py:137} INFO - [2023-05-13T06:29:17.010+0000] {dag.py:2690} INFO - Sync 1 DAGs
[2023-05-13T06:29:17.027+0000] {logging_mixin.py:137} INFO - [2023-05-13T06:29:17.027+0000] {dag.py:3441} INFO - Setting next_dagrun for latest_only_with_trigger to 2023-05-13T02:29:17.026985+00:00, run_after=2023-05-13T06:29:17.026985+00:00
[2023-05-13T06:29:17.040+0000] {processor.py:175} INFO - Processing /home/airflow/.local/lib/python3.7/site-packages/airflow/example_dags/example_latest_only_with_trigger.py took 0.061 seconds
[2023-05-13T06:29:47.196+0000] {processor.py:153} INFO - Started process (PID=1060) to work on /home/airflow/.local/lib/python3.7/site-packages/airflow/example_dags/example_latest_only_with_trigger.py
[2023-05-13T06:29:47.197+0000] {processor.py:743} INFO - Processing file /home/airflow/.local/lib/python3.7/site-packages/airflow/example_dags/example_latest_only_with_trigger.py for tasks to queue
[2023-05-13T06:29:47.197+0000] {logging_mixin.py:137} INFO - [2023-05-13T06:29:47.197+0000] {dagbag.py:538} INFO - Filling up the DagBag from /home/airflow/.local/lib/python3.7/site-packages/airflow/example_dags/example_latest_only_with_trigger.py
[2023-05-13T06:29:47.206+0000] {processor.py:753} INFO - DAG(s) dict_keys(['latest_only_with_trigger']) retrieved from /home/airflow/.local/lib/python3.7/site-packages/airflow/example_dags/example_latest_only_with_trigger.py
[2023-05-13T06:29:47.221+0000] {logging_mixin.py:137} INFO - [2023-05-13T06:29:47.221+0000] {dag.py:2690} INFO - Sync 1 DAGs
[2023-05-13T06:29:47.236+0000] {logging_mixin.py:137} INFO - [2023-05-13T06:29:47.236+0000] {dag.py:3441} INFO - Setting next_dagrun for latest_only_with_trigger to 2023-05-13T02:29:47.235824+00:00, run_after=2023-05-13T06:29:47.235824+00:00
[2023-05-13T06:29:47.246+0000] {processor.py:175} INFO - Processing /home/airflow/.local/lib/python3.7/site-packages/airflow/example_dags/example_latest_only_with_trigger.py took 0.052 seconds
[2023-05-13T06:30:17.436+0000] {processor.py:153} INFO - Started process (PID=1135) to work on /home/airflow/.local/lib/python3.7/site-packages/airflow/example_dags/example_latest_only_with_trigger.py
[2023-05-13T06:30:17.437+0000] {processor.py:743} INFO - Processing file /home/airflow/.local/lib/python3.7/site-packages/airflow/example_dags/example_latest_only_with_trigger.py for tasks to queue
[2023-05-13T06:30:17.438+0000] {logging_mixin.py:137} INFO - [2023-05-13T06:30:17.438+0000] {dagbag.py:538} INFO - Filling up the DagBag from /home/airflow/.local/lib/python3.7/site-packages/airflow/example_dags/example_latest_only_with_trigger.py
[2023-05-13T06:30:17.447+0000] {processor.py:753} INFO - DAG(s) dict_keys(['latest_only_with_trigger']) retrieved from /home/airflow/.local/lib/python3.7/site-packages/airflow/example_dags/example_latest_only_with_trigger.py
[2023-05-13T06:30:17.463+0000] {logging_mixin.py:137} INFO - [2023-05-13T06:30:17.463+0000] {dag.py:2690} INFO - Sync 1 DAGs
[2023-05-13T06:30:17.476+0000] {logging_mixin.py:137} INFO - [2023-05-13T06:30:17.476+0000] {dag.py:3441} INFO - Setting next_dagrun for latest_only_with_trigger to 2023-05-13T02:30:17.476772+00:00, run_after=2023-05-13T06:30:17.476772+00:00
[2023-05-13T06:30:17.486+0000] {processor.py:175} INFO - Processing /home/airflow/.local/lib/python3.7/site-packages/airflow/example_dags/example_latest_only_with_trigger.py took 0.053 seconds
[2023-05-13T06:30:47.527+0000] {processor.py:153} INFO - Started process (PID=1209) to work on /home/airflow/.local/lib/python3.7/site-packages/airflow/example_dags/example_latest_only_with_trigger.py
[2023-05-13T06:30:47.527+0000] {processor.py:743} INFO - Processing file /home/airflow/.local/lib/python3.7/site-packages/airflow/example_dags/example_latest_only_with_trigger.py for tasks to queue
[2023-05-13T06:30:47.528+0000] {logging_mixin.py:137} INFO - [2023-05-13T06:30:47.528+0000] {dagbag.py:538} INFO - Filling up the DagBag from /home/airflow/.local/lib/python3.7/site-packages/airflow/example_dags/example_latest_only_with_trigger.py
[2023-05-13T06:30:47.536+0000] {processor.py:753} INFO - DAG(s) dict_keys(['latest_only_with_trigger']) retrieved from /home/airflow/.local/lib/python3.7/site-packages/airflow/example_dags/example_latest_only_with_trigger.py
[2023-05-13T06:30:47.552+0000] {logging_mixin.py:137} INFO - [2023-05-13T06:30:47.552+0000] {dag.py:2690} INFO - Sync 1 DAGs
[2023-05-13T06:30:47.566+0000] {logging_mixin.py:137} INFO - [2023-05-13T06:30:47.566+0000] {dag.py:3441} INFO - Setting next_dagrun for latest_only_with_trigger to 2023-05-13T02:30:47.566321+00:00, run_after=2023-05-13T06:30:47.566321+00:00
[2023-05-13T06:30:47.575+0000] {processor.py:175} INFO - Processing /home/airflow/.local/lib/python3.7/site-packages/airflow/example_dags/example_latest_only_with_trigger.py took 0.051 seconds
[2023-05-13T06:31:18.628+0000] {processor.py:153} INFO - Started process (PID=1273) to work on /home/airflow/.local/lib/python3.7/site-packages/airflow/example_dags/example_latest_only_with_trigger.py
[2023-05-13T06:31:18.628+0000] {processor.py:743} INFO - Processing file /home/airflow/.local/lib/python3.7/site-packages/airflow/example_dags/example_latest_only_with_trigger.py for tasks to queue
[2023-05-13T06:31:18.629+0000] {logging_mixin.py:137} INFO - [2023-05-13T06:31:18.629+0000] {dagbag.py:538} INFO - Filling up the DagBag from /home/airflow/.local/lib/python3.7/site-packages/airflow/example_dags/example_latest_only_with_trigger.py
[2023-05-13T06:31:18.637+0000] {processor.py:753} INFO - DAG(s) dict_keys(['latest_only_with_trigger']) retrieved from /home/airflow/.local/lib/python3.7/site-packages/airflow/example_dags/example_latest_only_with_trigger.py
[2023-05-13T06:31:18.652+0000] {logging_mixin.py:137} INFO - [2023-05-13T06:31:18.652+0000] {dag.py:2690} INFO - Sync 1 DAGs
[2023-05-13T06:31:18.666+0000] {logging_mixin.py:137} INFO - [2023-05-13T06:31:18.666+0000] {dag.py:3441} INFO - Setting next_dagrun for latest_only_with_trigger to 2023-05-13T02:31:18.665809+00:00, run_after=2023-05-13T06:31:18.665809+00:00
[2023-05-13T06:31:18.675+0000] {processor.py:175} INFO - Processing /home/airflow/.local/lib/python3.7/site-packages/airflow/example_dags/example_latest_only_with_trigger.py took 0.050 seconds
[2023-05-13T06:31:48.746+0000] {processor.py:153} INFO - Started process (PID=1347) to work on /home/airflow/.local/lib/python3.7/site-packages/airflow/example_dags/example_latest_only_with_trigger.py
[2023-05-13T06:31:48.747+0000] {processor.py:743} INFO - Processing file /home/airflow/.local/lib/python3.7/site-packages/airflow/example_dags/example_latest_only_with_trigger.py for tasks to queue
[2023-05-13T06:31:48.748+0000] {logging_mixin.py:137} INFO - [2023-05-13T06:31:48.748+0000] {dagbag.py:538} INFO - Filling up the DagBag from /home/airflow/.local/lib/python3.7/site-packages/airflow/example_dags/example_latest_only_with_trigger.py
[2023-05-13T06:31:48.757+0000] {processor.py:753} INFO - DAG(s) dict_keys(['latest_only_with_trigger']) retrieved from /home/airflow/.local/lib/python3.7/site-packages/airflow/example_dags/example_latest_only_with_trigger.py
[2023-05-13T06:31:48.774+0000] {logging_mixin.py:137} INFO - [2023-05-13T06:31:48.773+0000] {dag.py:2690} INFO - Sync 1 DAGs
[2023-05-13T06:31:48.787+0000] {logging_mixin.py:137} INFO - [2023-05-13T06:31:48.787+0000] {dag.py:3441} INFO - Setting next_dagrun for latest_only_with_trigger to 2023-05-13T02:31:48.787256+00:00, run_after=2023-05-13T06:31:48.787256+00:00
[2023-05-13T06:31:48.797+0000] {processor.py:175} INFO - Processing /home/airflow/.local/lib/python3.7/site-packages/airflow/example_dags/example_latest_only_with_trigger.py took 0.053 seconds
[2023-05-13T06:32:18.825+0000] {processor.py:153} INFO - Started process (PID=1422) to work on /home/airflow/.local/lib/python3.7/site-packages/airflow/example_dags/example_latest_only_with_trigger.py
[2023-05-13T06:32:18.826+0000] {processor.py:743} INFO - Processing file /home/airflow/.local/lib/python3.7/site-packages/airflow/example_dags/example_latest_only_with_trigger.py for tasks to queue
[2023-05-13T06:32:18.826+0000] {logging_mixin.py:137} INFO - [2023-05-13T06:32:18.826+0000] {dagbag.py:538} INFO - Filling up the DagBag from /home/airflow/.local/lib/python3.7/site-packages/airflow/example_dags/example_latest_only_with_trigger.py
[2023-05-13T06:32:18.835+0000] {processor.py:753} INFO - DAG(s) dict_keys(['latest_only_with_trigger']) retrieved from /home/airflow/.local/lib/python3.7/site-packages/airflow/example_dags/example_latest_only_with_trigger.py
[2023-05-13T06:32:18.851+0000] {logging_mixin.py:137} INFO - [2023-05-13T06:32:18.851+0000] {dag.py:2690} INFO - Sync 1 DAGs
[2023-05-13T06:32:18.865+0000] {logging_mixin.py:137} INFO - [2023-05-13T06:32:18.865+0000] {dag.py:3441} INFO - Setting next_dagrun for latest_only_with_trigger to 2023-05-13T02:32:18.865607+00:00, run_after=2023-05-13T06:32:18.865607+00:00
[2023-05-13T06:32:18.874+0000] {processor.py:175} INFO - Processing /home/airflow/.local/lib/python3.7/site-packages/airflow/example_dags/example_latest_only_with_trigger.py took 0.052 seconds
[2023-05-13T06:32:50.068+0000] {processor.py:153} INFO - Started process (PID=1498) to work on /home/airflow/.local/lib/python3.7/site-packages/airflow/example_dags/example_latest_only_with_trigger.py
[2023-05-13T06:32:50.070+0000] {processor.py:743} INFO - Processing file /home/airflow/.local/lib/python3.7/site-packages/airflow/example_dags/example_latest_only_with_trigger.py for tasks to queue
[2023-05-13T06:32:50.071+0000] {logging_mixin.py:137} INFO - [2023-05-13T06:32:50.071+0000] {dagbag.py:538} INFO - Filling up the DagBag from /home/airflow/.local/lib/python3.7/site-packages/airflow/example_dags/example_latest_only_with_trigger.py
[2023-05-13T06:32:50.097+0000] {processor.py:753} INFO - DAG(s) dict_keys(['latest_only_with_trigger']) retrieved from /home/airflow/.local/lib/python3.7/site-packages/airflow/example_dags/example_latest_only_with_trigger.py
[2023-05-13T06:32:50.128+0000] {logging_mixin.py:137} INFO - [2023-05-13T06:32:50.128+0000] {dag.py:2690} INFO - Sync 1 DAGs
[2023-05-13T06:32:50.158+0000] {logging_mixin.py:137} INFO - [2023-05-13T06:32:50.158+0000] {dag.py:3441} INFO - Setting next_dagrun for latest_only_with_trigger to 2023-05-13T02:32:50.158501+00:00, run_after=2023-05-13T06:32:50.158501+00:00
[2023-05-13T06:32:50.184+0000] {processor.py:175} INFO - Processing /home/airflow/.local/lib/python3.7/site-packages/airflow/example_dags/example_latest_only_with_trigger.py took 0.122 seconds
[2023-05-13T06:33:20.353+0000] {processor.py:153} INFO - Started process (PID=1561) to work on /home/airflow/.local/lib/python3.7/site-packages/airflow/example_dags/example_latest_only_with_trigger.py
[2023-05-13T06:33:20.354+0000] {processor.py:743} INFO - Processing file /home/airflow/.local/lib/python3.7/site-packages/airflow/example_dags/example_latest_only_with_trigger.py for tasks to queue
[2023-05-13T06:33:20.354+0000] {logging_mixin.py:137} INFO - [2023-05-13T06:33:20.354+0000] {dagbag.py:538} INFO - Filling up the DagBag from /home/airflow/.local/lib/python3.7/site-packages/airflow/example_dags/example_latest_only_with_trigger.py
[2023-05-13T06:33:20.362+0000] {processor.py:753} INFO - DAG(s) dict_keys(['latest_only_with_trigger']) retrieved from /home/airflow/.local/lib/python3.7/site-packages/airflow/example_dags/example_latest_only_with_trigger.py
[2023-05-13T06:33:20.378+0000] {logging_mixin.py:137} INFO - [2023-05-13T06:33:20.378+0000] {dag.py:2690} INFO - Sync 1 DAGs
[2023-05-13T06:33:20.391+0000] {logging_mixin.py:137} INFO - [2023-05-13T06:33:20.391+0000] {dag.py:3441} INFO - Setting next_dagrun for latest_only_with_trigger to 2023-05-13T02:33:20.391570+00:00, run_after=2023-05-13T06:33:20.391570+00:00
[2023-05-13T06:33:20.401+0000] {processor.py:175} INFO - Processing /home/airflow/.local/lib/python3.7/site-packages/airflow/example_dags/example_latest_only_with_trigger.py took 0.051 seconds
[2023-05-13T06:33:50.422+0000] {processor.py:153} INFO - Started process (PID=1634) to work on /home/airflow/.local/lib/python3.7/site-packages/airflow/example_dags/example_latest_only_with_trigger.py
[2023-05-13T06:33:50.423+0000] {processor.py:743} INFO - Processing file /home/airflow/.local/lib/python3.7/site-packages/airflow/example_dags/example_latest_only_with_trigger.py for tasks to queue
[2023-05-13T06:33:50.423+0000] {logging_mixin.py:137} INFO - [2023-05-13T06:33:50.423+0000] {dagbag.py:538} INFO - Filling up the DagBag from /home/airflow/.local/lib/python3.7/site-packages/airflow/example_dags/example_latest_only_with_trigger.py
[2023-05-13T06:33:50.432+0000] {processor.py:753} INFO - DAG(s) dict_keys(['latest_only_with_trigger']) retrieved from /home/airflow/.local/lib/python3.7/site-packages/airflow/example_dags/example_latest_only_with_trigger.py
[2023-05-13T06:33:50.449+0000] {logging_mixin.py:137} INFO - [2023-05-13T06:33:50.449+0000] {dag.py:2690} INFO - Sync 1 DAGs
[2023-05-13T06:33:50.463+0000] {logging_mixin.py:137} INFO - [2023-05-13T06:33:50.463+0000] {dag.py:3441} INFO - Setting next_dagrun for latest_only_with_trigger to 2023-05-13T02:33:50.463333+00:00, run_after=2023-05-13T06:33:50.463333+00:00
[2023-05-13T06:33:50.473+0000] {processor.py:175} INFO - Processing /home/airflow/.local/lib/python3.7/site-packages/airflow/example_dags/example_latest_only_with_trigger.py took 0.054 seconds
[2023-05-13T06:34:20.647+0000] {processor.py:153} INFO - Started process (PID=1711) to work on /home/airflow/.local/lib/python3.7/site-packages/airflow/example_dags/example_latest_only_with_trigger.py
[2023-05-13T06:34:20.648+0000] {processor.py:743} INFO - Processing file /home/airflow/.local/lib/python3.7/site-packages/airflow/example_dags/example_latest_only_with_trigger.py for tasks to queue
[2023-05-13T06:34:20.649+0000] {logging_mixin.py:137} INFO - [2023-05-13T06:34:20.649+0000] {dagbag.py:538} INFO - Filling up the DagBag from /home/airflow/.local/lib/python3.7/site-packages/airflow/example_dags/example_latest_only_with_trigger.py
[2023-05-13T06:34:20.658+0000] {processor.py:753} INFO - DAG(s) dict_keys(['latest_only_with_trigger']) retrieved from /home/airflow/.local/lib/python3.7/site-packages/airflow/example_dags/example_latest_only_with_trigger.py
[2023-05-13T06:34:20.674+0000] {logging_mixin.py:137} INFO - [2023-05-13T06:34:20.674+0000] {dag.py:2690} INFO - Sync 1 DAGs
[2023-05-13T06:34:20.687+0000] {logging_mixin.py:137} INFO - [2023-05-13T06:34:20.687+0000] {dag.py:3441} INFO - Setting next_dagrun for latest_only_with_trigger to 2023-05-13T02:34:20.687694+00:00, run_after=2023-05-13T06:34:20.687694+00:00
[2023-05-13T06:34:20.696+0000] {processor.py:175} INFO - Processing /home/airflow/.local/lib/python3.7/site-packages/airflow/example_dags/example_latest_only_with_trigger.py took 0.052 seconds
[2023-05-13T06:34:51.566+0000] {processor.py:153} INFO - Started process (PID=1774) to work on /home/airflow/.local/lib/python3.7/site-packages/airflow/example_dags/example_latest_only_with_trigger.py
[2023-05-13T06:34:51.567+0000] {processor.py:743} INFO - Processing file /home/airflow/.local/lib/python3.7/site-packages/airflow/example_dags/example_latest_only_with_trigger.py for tasks to queue
[2023-05-13T06:34:51.568+0000] {logging_mixin.py:137} INFO - [2023-05-13T06:34:51.568+0000] {dagbag.py:538} INFO - Filling up the DagBag from /home/airflow/.local/lib/python3.7/site-packages/airflow/example_dags/example_latest_only_with_trigger.py
[2023-05-13T06:34:51.576+0000] {processor.py:753} INFO - DAG(s) dict_keys(['latest_only_with_trigger']) retrieved from /home/airflow/.local/lib/python3.7/site-packages/airflow/example_dags/example_latest_only_with_trigger.py
[2023-05-13T06:34:51.593+0000] {logging_mixin.py:137} INFO - [2023-05-13T06:34:51.593+0000] {dag.py:2690} INFO - Sync 1 DAGs
[2023-05-13T06:34:51.609+0000] {logging_mixin.py:137} INFO - [2023-05-13T06:34:51.609+0000] {dag.py:3441} INFO - Setting next_dagrun for latest_only_with_trigger to 2023-05-13T02:34:51.609448+00:00, run_after=2023-05-13T06:34:51.609448+00:00
[2023-05-13T06:34:51.618+0000] {processor.py:175} INFO - Processing /home/airflow/.local/lib/python3.7/site-packages/airflow/example_dags/example_latest_only_with_trigger.py took 0.054 seconds
[2023-05-13T06:35:22.651+0000] {processor.py:153} INFO - Started process (PID=1848) to work on /home/airflow/.local/lib/python3.7/site-packages/airflow/example_dags/example_latest_only_with_trigger.py
[2023-05-13T06:35:22.651+0000] {processor.py:743} INFO - Processing file /home/airflow/.local/lib/python3.7/site-packages/airflow/example_dags/example_latest_only_with_trigger.py for tasks to queue
[2023-05-13T06:35:22.652+0000] {logging_mixin.py:137} INFO - [2023-05-13T06:35:22.652+0000] {dagbag.py:538} INFO - Filling up the DagBag from /home/airflow/.local/lib/python3.7/site-packages/airflow/example_dags/example_latest_only_with_trigger.py
[2023-05-13T06:35:22.660+0000] {processor.py:753} INFO - DAG(s) dict_keys(['latest_only_with_trigger']) retrieved from /home/airflow/.local/lib/python3.7/site-packages/airflow/example_dags/example_latest_only_with_trigger.py
[2023-05-13T06:35:22.676+0000] {logging_mixin.py:137} INFO - [2023-05-13T06:35:22.676+0000] {dag.py:2690} INFO - Sync 1 DAGs
[2023-05-13T06:35:22.689+0000] {logging_mixin.py:137} INFO - [2023-05-13T06:35:22.689+0000] {dag.py:3441} INFO - Setting next_dagrun for latest_only_with_trigger to 2023-05-13T02:35:22.689087+00:00, run_after=2023-05-13T06:35:22.689087+00:00
[2023-05-13T06:35:22.698+0000] {processor.py:175} INFO - Processing /home/airflow/.local/lib/python3.7/site-packages/airflow/example_dags/example_latest_only_with_trigger.py took 0.050 seconds
[2023-05-13T06:35:52.739+0000] {processor.py:153} INFO - Started process (PID=1923) to work on /home/airflow/.local/lib/python3.7/site-packages/airflow/example_dags/example_latest_only_with_trigger.py
[2023-05-13T06:35:52.740+0000] {processor.py:743} INFO - Processing file /home/airflow/.local/lib/python3.7/site-packages/airflow/example_dags/example_latest_only_with_trigger.py for tasks to queue
[2023-05-13T06:35:52.740+0000] {logging_mixin.py:137} INFO - [2023-05-13T06:35:52.740+0000] {dagbag.py:538} INFO - Filling up the DagBag from /home/airflow/.local/lib/python3.7/site-packages/airflow/example_dags/example_latest_only_with_trigger.py
[2023-05-13T06:35:52.750+0000] {processor.py:753} INFO - DAG(s) dict_keys(['latest_only_with_trigger']) retrieved from /home/airflow/.local/lib/python3.7/site-packages/airflow/example_dags/example_latest_only_with_trigger.py
[2023-05-13T06:35:52.766+0000] {logging_mixin.py:137} INFO - [2023-05-13T06:35:52.766+0000] {dag.py:2690} INFO - Sync 1 DAGs
[2023-05-13T06:35:52.780+0000] {logging_mixin.py:137} INFO - [2023-05-13T06:35:52.780+0000] {dag.py:3441} INFO - Setting next_dagrun for latest_only_with_trigger to 2023-05-13T02:35:52.780688+00:00, run_after=2023-05-13T06:35:52.780688+00:00
[2023-05-13T06:35:52.790+0000] {processor.py:175} INFO - Processing /home/airflow/.local/lib/python3.7/site-packages/airflow/example_dags/example_latest_only_with_trigger.py took 0.053 seconds
[2023-05-13T06:36:23.857+0000] {processor.py:153} INFO - Started process (PID=1997) to work on /home/airflow/.local/lib/python3.7/site-packages/airflow/example_dags/example_latest_only_with_trigger.py
[2023-05-13T06:36:23.858+0000] {processor.py:743} INFO - Processing file /home/airflow/.local/lib/python3.7/site-packages/airflow/example_dags/example_latest_only_with_trigger.py for tasks to queue
[2023-05-13T06:36:23.858+0000] {logging_mixin.py:137} INFO - [2023-05-13T06:36:23.858+0000] {dagbag.py:538} INFO - Filling up the DagBag from /home/airflow/.local/lib/python3.7/site-packages/airflow/example_dags/example_latest_only_with_trigger.py
[2023-05-13T06:36:23.868+0000] {processor.py:753} INFO - DAG(s) dict_keys(['latest_only_with_trigger']) retrieved from /home/airflow/.local/lib/python3.7/site-packages/airflow/example_dags/example_latest_only_with_trigger.py
[2023-05-13T06:36:23.884+0000] {logging_mixin.py:137} INFO - [2023-05-13T06:36:23.884+0000] {dag.py:2690} INFO - Sync 1 DAGs
[2023-05-13T06:36:23.899+0000] {logging_mixin.py:137} INFO - [2023-05-13T06:36:23.899+0000] {dag.py:3441} INFO - Setting next_dagrun for latest_only_with_trigger to 2023-05-13T02:36:23.899117+00:00, run_after=2023-05-13T06:36:23.899117+00:00
[2023-05-13T06:36:23.909+0000] {processor.py:175} INFO - Processing /home/airflow/.local/lib/python3.7/site-packages/airflow/example_dags/example_latest_only_with_trigger.py took 0.057 seconds
[2023-05-13T06:42:13.318+0000] {processor.py:153} INFO - Started process (PID=2730) to work on /home/airflow/.local/lib/python3.7/site-packages/airflow/example_dags/example_latest_only_with_trigger.py
[2023-05-13T06:42:13.319+0000] {processor.py:743} INFO - Processing file /home/airflow/.local/lib/python3.7/site-packages/airflow/example_dags/example_latest_only_with_trigger.py for tasks to queue
[2023-05-13T06:42:13.320+0000] {logging_mixin.py:137} INFO - [2023-05-13T06:42:13.320+0000] {dagbag.py:538} INFO - Filling up the DagBag from /home/airflow/.local/lib/python3.7/site-packages/airflow/example_dags/example_latest_only_with_trigger.py
[2023-05-13T06:42:13.329+0000] {processor.py:753} INFO - DAG(s) dict_keys(['latest_only_with_trigger']) retrieved from /home/airflow/.local/lib/python3.7/site-packages/airflow/example_dags/example_latest_only_with_trigger.py
[2023-05-13T06:42:13.364+0000] {logging_mixin.py:137} INFO - [2023-05-13T06:42:13.364+0000] {dag.py:2690} INFO - Sync 1 DAGs
[2023-05-13T06:42:13.376+0000] {logging_mixin.py:137} INFO - [2023-05-13T06:42:13.376+0000] {dag.py:3441} INFO - Setting next_dagrun for latest_only_with_trigger to 2023-05-13T02:42:13.376401+00:00, run_after=2023-05-13T06:42:13.376401+00:00
[2023-05-13T06:42:13.385+0000] {processor.py:175} INFO - Processing /home/airflow/.local/lib/python3.7/site-packages/airflow/example_dags/example_latest_only_with_trigger.py took 0.070 seconds
