[2023-05-13T06:22:38.193+0000] {processor.py:153} INFO - Started process (PID=56) to work on /home/airflow/.local/lib/python3.7/site-packages/airflow/example_dags/example_external_task_marker_dag.py
[2023-05-13T06:22:38.194+0000] {processor.py:743} INFO - Processing file /home/airflow/.local/lib/python3.7/site-packages/airflow/example_dags/example_external_task_marker_dag.py for tasks to queue
[2023-05-13T06:22:38.194+0000] {logging_mixin.py:137} INFO - [2023-05-13T06:22:38.194+0000] {dagbag.py:538} INFO - Filling up the DagBag from /home/airflow/.local/lib/python3.7/site-packages/airflow/example_dags/example_external_task_marker_dag.py
[2023-05-13T06:22:38.206+0000] {processor.py:753} INFO - DAG(s) dict_keys(['example_external_task_marker_child', 'example_external_task_marker_parent']) retrieved from /home/airflow/.local/lib/python3.7/site-packages/airflow/example_dags/example_external_task_marker_dag.py
[2023-05-13T06:22:38.249+0000] {logging_mixin.py:137} INFO - [2023-05-13T06:22:38.249+0000] {dag.py:2690} INFO - Sync 2 DAGs
[2023-05-13T06:22:38.262+0000] {logging_mixin.py:137} INFO - [2023-05-13T06:22:38.262+0000] {dag.py:3441} INFO - Setting next_dagrun for example_external_task_marker_child to None, run_after=None
[2023-05-13T06:22:38.264+0000] {logging_mixin.py:137} INFO - [2023-05-13T06:22:38.264+0000] {dag.py:3441} INFO - Setting next_dagrun for example_external_task_marker_parent to None, run_after=None
[2023-05-13T06:22:38.276+0000] {processor.py:175} INFO - Processing /home/airflow/.local/lib/python3.7/site-packages/airflow/example_dags/example_external_task_marker_dag.py took 0.086 seconds
[2023-05-13T06:23:09.165+0000] {processor.py:153} INFO - Started process (PID=131) to work on /home/airflow/.local/lib/python3.7/site-packages/airflow/example_dags/example_external_task_marker_dag.py
[2023-05-13T06:23:09.166+0000] {processor.py:743} INFO - Processing file /home/airflow/.local/lib/python3.7/site-packages/airflow/example_dags/example_external_task_marker_dag.py for tasks to queue
[2023-05-13T06:23:09.167+0000] {logging_mixin.py:137} INFO - [2023-05-13T06:23:09.166+0000] {dagbag.py:538} INFO - Filling up the DagBag from /home/airflow/.local/lib/python3.7/site-packages/airflow/example_dags/example_external_task_marker_dag.py
[2023-05-13T06:23:09.174+0000] {processor.py:753} INFO - DAG(s) dict_keys(['example_external_task_marker_parent', 'example_external_task_marker_child']) retrieved from /home/airflow/.local/lib/python3.7/site-packages/airflow/example_dags/example_external_task_marker_dag.py
[2023-05-13T06:23:09.191+0000] {logging_mixin.py:137} INFO - [2023-05-13T06:23:09.191+0000] {dag.py:2690} INFO - Sync 2 DAGs
[2023-05-13T06:23:09.204+0000] {logging_mixin.py:137} INFO - [2023-05-13T06:23:09.204+0000] {dag.py:3441} INFO - Setting next_dagrun for example_external_task_marker_child to None, run_after=None
[2023-05-13T06:23:09.207+0000] {logging_mixin.py:137} INFO - [2023-05-13T06:23:09.206+0000] {dag.py:3441} INFO - Setting next_dagrun for example_external_task_marker_parent to None, run_after=None
[2023-05-13T06:23:09.215+0000] {processor.py:175} INFO - Processing /home/airflow/.local/lib/python3.7/site-packages/airflow/example_dags/example_external_task_marker_dag.py took 0.052 seconds
[2023-05-13T06:23:39.995+0000] {processor.py:153} INFO - Started process (PID=206) to work on /home/airflow/.local/lib/python3.7/site-packages/airflow/example_dags/example_external_task_marker_dag.py
[2023-05-13T06:23:39.997+0000] {processor.py:743} INFO - Processing file /home/airflow/.local/lib/python3.7/site-packages/airflow/example_dags/example_external_task_marker_dag.py for tasks to queue
[2023-05-13T06:23:39.998+0000] {logging_mixin.py:137} INFO - [2023-05-13T06:23:39.998+0000] {dagbag.py:538} INFO - Filling up the DagBag from /home/airflow/.local/lib/python3.7/site-packages/airflow/example_dags/example_external_task_marker_dag.py
[2023-05-13T06:23:40.013+0000] {processor.py:753} INFO - DAG(s) dict_keys(['example_external_task_marker_parent', 'example_external_task_marker_child']) retrieved from /home/airflow/.local/lib/python3.7/site-packages/airflow/example_dags/example_external_task_marker_dag.py
[2023-05-13T06:23:40.045+0000] {logging_mixin.py:137} INFO - [2023-05-13T06:23:40.045+0000] {dag.py:2690} INFO - Sync 2 DAGs
[2023-05-13T06:23:40.062+0000] {logging_mixin.py:137} INFO - [2023-05-13T06:23:40.062+0000] {dag.py:3441} INFO - Setting next_dagrun for example_external_task_marker_child to None, run_after=None
[2023-05-13T06:23:40.065+0000] {logging_mixin.py:137} INFO - [2023-05-13T06:23:40.065+0000] {dag.py:3441} INFO - Setting next_dagrun for example_external_task_marker_parent to None, run_after=None
[2023-05-13T06:23:40.077+0000] {processor.py:175} INFO - Processing /home/airflow/.local/lib/python3.7/site-packages/airflow/example_dags/example_external_task_marker_dag.py took 0.086 seconds
[2023-05-13T06:24:10.947+0000] {processor.py:153} INFO - Started process (PID=270) to work on /home/airflow/.local/lib/python3.7/site-packages/airflow/example_dags/example_external_task_marker_dag.py
[2023-05-13T06:24:10.948+0000] {processor.py:743} INFO - Processing file /home/airflow/.local/lib/python3.7/site-packages/airflow/example_dags/example_external_task_marker_dag.py for tasks to queue
[2023-05-13T06:24:10.948+0000] {logging_mixin.py:137} INFO - [2023-05-13T06:24:10.948+0000] {dagbag.py:538} INFO - Filling up the DagBag from /home/airflow/.local/lib/python3.7/site-packages/airflow/example_dags/example_external_task_marker_dag.py
[2023-05-13T06:24:10.956+0000] {processor.py:753} INFO - DAG(s) dict_keys(['example_external_task_marker_child', 'example_external_task_marker_parent']) retrieved from /home/airflow/.local/lib/python3.7/site-packages/airflow/example_dags/example_external_task_marker_dag.py
[2023-05-13T06:24:10.973+0000] {logging_mixin.py:137} INFO - [2023-05-13T06:24:10.973+0000] {dag.py:2690} INFO - Sync 2 DAGs
[2023-05-13T06:24:10.987+0000] {logging_mixin.py:137} INFO - [2023-05-13T06:24:10.987+0000] {dag.py:3441} INFO - Setting next_dagrun for example_external_task_marker_child to None, run_after=None
[2023-05-13T06:24:10.990+0000] {logging_mixin.py:137} INFO - [2023-05-13T06:24:10.990+0000] {dag.py:3441} INFO - Setting next_dagrun for example_external_task_marker_parent to None, run_after=None
[2023-05-13T06:24:10.998+0000] {processor.py:175} INFO - Processing /home/airflow/.local/lib/python3.7/site-packages/airflow/example_dags/example_external_task_marker_dag.py took 0.053 seconds
[2023-05-13T06:24:41.685+0000] {processor.py:153} INFO - Started process (PID=345) to work on /home/airflow/.local/lib/python3.7/site-packages/airflow/example_dags/example_external_task_marker_dag.py
[2023-05-13T06:24:41.686+0000] {processor.py:743} INFO - Processing file /home/airflow/.local/lib/python3.7/site-packages/airflow/example_dags/example_external_task_marker_dag.py for tasks to queue
[2023-05-13T06:24:41.687+0000] {logging_mixin.py:137} INFO - [2023-05-13T06:24:41.687+0000] {dagbag.py:538} INFO - Filling up the DagBag from /home/airflow/.local/lib/python3.7/site-packages/airflow/example_dags/example_external_task_marker_dag.py
[2023-05-13T06:24:41.696+0000] {processor.py:753} INFO - DAG(s) dict_keys(['example_external_task_marker_child', 'example_external_task_marker_parent']) retrieved from /home/airflow/.local/lib/python3.7/site-packages/airflow/example_dags/example_external_task_marker_dag.py
[2023-05-13T06:24:41.713+0000] {logging_mixin.py:137} INFO - [2023-05-13T06:24:41.713+0000] {dag.py:2690} INFO - Sync 2 DAGs
[2023-05-13T06:24:41.727+0000] {logging_mixin.py:137} INFO - [2023-05-13T06:24:41.727+0000] {dag.py:3441} INFO - Setting next_dagrun for example_external_task_marker_child to None, run_after=None
[2023-05-13T06:24:41.729+0000] {logging_mixin.py:137} INFO - [2023-05-13T06:24:41.729+0000] {dag.py:3441} INFO - Setting next_dagrun for example_external_task_marker_parent to None, run_after=None
[2023-05-13T06:24:41.737+0000] {processor.py:175} INFO - Processing /home/airflow/.local/lib/python3.7/site-packages/airflow/example_dags/example_external_task_marker_dag.py took 0.055 seconds
[2023-05-13T06:25:12.454+0000] {processor.py:153} INFO - Started process (PID=419) to work on /home/airflow/.local/lib/python3.7/site-packages/airflow/example_dags/example_external_task_marker_dag.py
[2023-05-13T06:25:12.455+0000] {processor.py:743} INFO - Processing file /home/airflow/.local/lib/python3.7/site-packages/airflow/example_dags/example_external_task_marker_dag.py for tasks to queue
[2023-05-13T06:25:12.456+0000] {logging_mixin.py:137} INFO - [2023-05-13T06:25:12.456+0000] {dagbag.py:538} INFO - Filling up the DagBag from /home/airflow/.local/lib/python3.7/site-packages/airflow/example_dags/example_external_task_marker_dag.py
[2023-05-13T06:25:12.465+0000] {processor.py:753} INFO - DAG(s) dict_keys(['example_external_task_marker_parent', 'example_external_task_marker_child']) retrieved from /home/airflow/.local/lib/python3.7/site-packages/airflow/example_dags/example_external_task_marker_dag.py
[2023-05-13T06:25:12.486+0000] {logging_mixin.py:137} INFO - [2023-05-13T06:25:12.486+0000] {dag.py:2690} INFO - Sync 2 DAGs
[2023-05-13T06:25:12.501+0000] {logging_mixin.py:137} INFO - [2023-05-13T06:25:12.501+0000] {dag.py:3441} INFO - Setting next_dagrun for example_external_task_marker_child to None, run_after=None
[2023-05-13T06:25:12.504+0000] {logging_mixin.py:137} INFO - [2023-05-13T06:25:12.504+0000] {dag.py:3441} INFO - Setting next_dagrun for example_external_task_marker_parent to None, run_after=None
[2023-05-13T06:25:12.512+0000] {processor.py:175} INFO - Processing /home/airflow/.local/lib/python3.7/site-packages/airflow/example_dags/example_external_task_marker_dag.py took 0.061 seconds
[2023-05-13T06:25:43.364+0000] {processor.py:153} INFO - Started process (PID=493) to work on /home/airflow/.local/lib/python3.7/site-packages/airflow/example_dags/example_external_task_marker_dag.py
[2023-05-13T06:25:43.365+0000] {processor.py:743} INFO - Processing file /home/airflow/.local/lib/python3.7/site-packages/airflow/example_dags/example_external_task_marker_dag.py for tasks to queue
[2023-05-13T06:25:43.365+0000] {logging_mixin.py:137} INFO - [2023-05-13T06:25:43.365+0000] {dagbag.py:538} INFO - Filling up the DagBag from /home/airflow/.local/lib/python3.7/site-packages/airflow/example_dags/example_external_task_marker_dag.py
[2023-05-13T06:25:43.374+0000] {processor.py:753} INFO - DAG(s) dict_keys(['example_external_task_marker_child', 'example_external_task_marker_parent']) retrieved from /home/airflow/.local/lib/python3.7/site-packages/airflow/example_dags/example_external_task_marker_dag.py
[2023-05-13T06:25:43.402+0000] {logging_mixin.py:137} INFO - [2023-05-13T06:25:43.402+0000] {dag.py:2690} INFO - Sync 2 DAGs
[2023-05-13T06:25:43.420+0000] {logging_mixin.py:137} INFO - [2023-05-13T06:25:43.420+0000] {dag.py:3441} INFO - Setting next_dagrun for example_external_task_marker_child to None, run_after=None
[2023-05-13T06:25:43.423+0000] {logging_mixin.py:137} INFO - [2023-05-13T06:25:43.423+0000] {dag.py:3441} INFO - Setting next_dagrun for example_external_task_marker_parent to None, run_after=None
[2023-05-13T06:25:43.432+0000] {processor.py:175} INFO - Processing /home/airflow/.local/lib/python3.7/site-packages/airflow/example_dags/example_external_task_marker_dag.py took 0.071 seconds
[2023-05-13T06:26:13.531+0000] {processor.py:153} INFO - Started process (PID=557) to work on /home/airflow/.local/lib/python3.7/site-packages/airflow/example_dags/example_external_task_marker_dag.py
[2023-05-13T06:26:13.532+0000] {processor.py:743} INFO - Processing file /home/airflow/.local/lib/python3.7/site-packages/airflow/example_dags/example_external_task_marker_dag.py for tasks to queue
[2023-05-13T06:26:13.533+0000] {logging_mixin.py:137} INFO - [2023-05-13T06:26:13.532+0000] {dagbag.py:538} INFO - Filling up the DagBag from /home/airflow/.local/lib/python3.7/site-packages/airflow/example_dags/example_external_task_marker_dag.py
[2023-05-13T06:26:13.540+0000] {processor.py:753} INFO - DAG(s) dict_keys(['example_external_task_marker_parent', 'example_external_task_marker_child']) retrieved from /home/airflow/.local/lib/python3.7/site-packages/airflow/example_dags/example_external_task_marker_dag.py
[2023-05-13T06:26:13.557+0000] {logging_mixin.py:137} INFO - [2023-05-13T06:26:13.557+0000] {dag.py:2690} INFO - Sync 2 DAGs
[2023-05-13T06:26:13.571+0000] {logging_mixin.py:137} INFO - [2023-05-13T06:26:13.570+0000] {dag.py:3441} INFO - Setting next_dagrun for example_external_task_marker_child to None, run_after=None
[2023-05-13T06:26:13.573+0000] {logging_mixin.py:137} INFO - [2023-05-13T06:26:13.573+0000] {dag.py:3441} INFO - Setting next_dagrun for example_external_task_marker_parent to None, run_after=None
[2023-05-13T06:26:13.581+0000] {processor.py:175} INFO - Processing /home/airflow/.local/lib/python3.7/site-packages/airflow/example_dags/example_external_task_marker_dag.py took 0.052 seconds
[2023-05-13T06:26:44.375+0000] {processor.py:153} INFO - Started process (PID=632) to work on /home/airflow/.local/lib/python3.7/site-packages/airflow/example_dags/example_external_task_marker_dag.py
[2023-05-13T06:26:44.376+0000] {processor.py:743} INFO - Processing file /home/airflow/.local/lib/python3.7/site-packages/airflow/example_dags/example_external_task_marker_dag.py for tasks to queue
[2023-05-13T06:26:44.377+0000] {logging_mixin.py:137} INFO - [2023-05-13T06:26:44.377+0000] {dagbag.py:538} INFO - Filling up the DagBag from /home/airflow/.local/lib/python3.7/site-packages/airflow/example_dags/example_external_task_marker_dag.py
[2023-05-13T06:26:44.386+0000] {processor.py:753} INFO - DAG(s) dict_keys(['example_external_task_marker_parent', 'example_external_task_marker_child']) retrieved from /home/airflow/.local/lib/python3.7/site-packages/airflow/example_dags/example_external_task_marker_dag.py
[2023-05-13T06:26:44.404+0000] {logging_mixin.py:137} INFO - [2023-05-13T06:26:44.404+0000] {dag.py:2690} INFO - Sync 2 DAGs
[2023-05-13T06:26:44.418+0000] {logging_mixin.py:137} INFO - [2023-05-13T06:26:44.417+0000] {dag.py:3441} INFO - Setting next_dagrun for example_external_task_marker_child to None, run_after=None
[2023-05-13T06:26:44.420+0000] {logging_mixin.py:137} INFO - [2023-05-13T06:26:44.420+0000] {dag.py:3441} INFO - Setting next_dagrun for example_external_task_marker_parent to None, run_after=None
[2023-05-13T06:26:44.428+0000] {processor.py:175} INFO - Processing /home/airflow/.local/lib/python3.7/site-packages/airflow/example_dags/example_external_task_marker_dag.py took 0.055 seconds
[2023-05-13T06:27:14.627+0000] {processor.py:153} INFO - Started process (PID=707) to work on /home/airflow/.local/lib/python3.7/site-packages/airflow/example_dags/example_external_task_marker_dag.py
[2023-05-13T06:27:14.628+0000] {processor.py:743} INFO - Processing file /home/airflow/.local/lib/python3.7/site-packages/airflow/example_dags/example_external_task_marker_dag.py for tasks to queue
[2023-05-13T06:27:14.629+0000] {logging_mixin.py:137} INFO - [2023-05-13T06:27:14.628+0000] {dagbag.py:538} INFO - Filling up the DagBag from /home/airflow/.local/lib/python3.7/site-packages/airflow/example_dags/example_external_task_marker_dag.py
[2023-05-13T06:27:14.636+0000] {processor.py:753} INFO - DAG(s) dict_keys(['example_external_task_marker_child', 'example_external_task_marker_parent']) retrieved from /home/airflow/.local/lib/python3.7/site-packages/airflow/example_dags/example_external_task_marker_dag.py
[2023-05-13T06:27:14.655+0000] {logging_mixin.py:137} INFO - [2023-05-13T06:27:14.655+0000] {dag.py:2690} INFO - Sync 2 DAGs
[2023-05-13T06:27:14.668+0000] {logging_mixin.py:137} INFO - [2023-05-13T06:27:14.668+0000] {dag.py:3441} INFO - Setting next_dagrun for example_external_task_marker_child to None, run_after=None
[2023-05-13T06:27:14.670+0000] {logging_mixin.py:137} INFO - [2023-05-13T06:27:14.670+0000] {dag.py:3441} INFO - Setting next_dagrun for example_external_task_marker_parent to None, run_after=None
[2023-05-13T06:27:14.678+0000] {processor.py:175} INFO - Processing /home/airflow/.local/lib/python3.7/site-packages/airflow/example_dags/example_external_task_marker_dag.py took 0.053 seconds
[2023-05-13T06:27:45.651+0000] {processor.py:153} INFO - Started process (PID=771) to work on /home/airflow/.local/lib/python3.7/site-packages/airflow/example_dags/example_external_task_marker_dag.py
[2023-05-13T06:27:45.653+0000] {processor.py:743} INFO - Processing file /home/airflow/.local/lib/python3.7/site-packages/airflow/example_dags/example_external_task_marker_dag.py for tasks to queue
[2023-05-13T06:27:45.654+0000] {logging_mixin.py:137} INFO - [2023-05-13T06:27:45.654+0000] {dagbag.py:538} INFO - Filling up the DagBag from /home/airflow/.local/lib/python3.7/site-packages/airflow/example_dags/example_external_task_marker_dag.py
[2023-05-13T06:27:45.663+0000] {processor.py:753} INFO - DAG(s) dict_keys(['example_external_task_marker_child', 'example_external_task_marker_parent']) retrieved from /home/airflow/.local/lib/python3.7/site-packages/airflow/example_dags/example_external_task_marker_dag.py
[2023-05-13T06:27:45.680+0000] {logging_mixin.py:137} INFO - [2023-05-13T06:27:45.680+0000] {dag.py:2690} INFO - Sync 2 DAGs
[2023-05-13T06:27:45.694+0000] {logging_mixin.py:137} INFO - [2023-05-13T06:27:45.694+0000] {dag.py:3441} INFO - Setting next_dagrun for example_external_task_marker_child to None, run_after=None
[2023-05-13T06:27:45.696+0000] {logging_mixin.py:137} INFO - [2023-05-13T06:27:45.696+0000] {dag.py:3441} INFO - Setting next_dagrun for example_external_task_marker_parent to None, run_after=None
[2023-05-13T06:27:45.704+0000] {processor.py:175} INFO - Processing /home/airflow/.local/lib/python3.7/site-packages/airflow/example_dags/example_external_task_marker_dag.py took 0.055 seconds
[2023-05-13T06:28:15.754+0000] {processor.py:153} INFO - Started process (PID=846) to work on /home/airflow/.local/lib/python3.7/site-packages/airflow/example_dags/example_external_task_marker_dag.py
[2023-05-13T06:28:15.755+0000] {processor.py:743} INFO - Processing file /home/airflow/.local/lib/python3.7/site-packages/airflow/example_dags/example_external_task_marker_dag.py for tasks to queue
[2023-05-13T06:28:15.755+0000] {logging_mixin.py:137} INFO - [2023-05-13T06:28:15.755+0000] {dagbag.py:538} INFO - Filling up the DagBag from /home/airflow/.local/lib/python3.7/site-packages/airflow/example_dags/example_external_task_marker_dag.py
[2023-05-13T06:28:15.763+0000] {processor.py:753} INFO - DAG(s) dict_keys(['example_external_task_marker_parent', 'example_external_task_marker_child']) retrieved from /home/airflow/.local/lib/python3.7/site-packages/airflow/example_dags/example_external_task_marker_dag.py
[2023-05-13T06:28:15.782+0000] {logging_mixin.py:137} INFO - [2023-05-13T06:28:15.782+0000] {dag.py:2690} INFO - Sync 2 DAGs
[2023-05-13T06:28:15.795+0000] {logging_mixin.py:137} INFO - [2023-05-13T06:28:15.795+0000] {dag.py:3441} INFO - Setting next_dagrun for example_external_task_marker_child to None, run_after=None
[2023-05-13T06:28:15.798+0000] {logging_mixin.py:137} INFO - [2023-05-13T06:28:15.798+0000] {dag.py:3441} INFO - Setting next_dagrun for example_external_task_marker_parent to None, run_after=None
[2023-05-13T06:28:15.805+0000] {processor.py:175} INFO - Processing /home/airflow/.local/lib/python3.7/site-packages/airflow/example_dags/example_external_task_marker_dag.py took 0.054 seconds
[2023-05-13T06:28:45.929+0000] {processor.py:153} INFO - Started process (PID=921) to work on /home/airflow/.local/lib/python3.7/site-packages/airflow/example_dags/example_external_task_marker_dag.py
[2023-05-13T06:28:45.930+0000] {processor.py:743} INFO - Processing file /home/airflow/.local/lib/python3.7/site-packages/airflow/example_dags/example_external_task_marker_dag.py for tasks to queue
[2023-05-13T06:28:45.931+0000] {logging_mixin.py:137} INFO - [2023-05-13T06:28:45.930+0000] {dagbag.py:538} INFO - Filling up the DagBag from /home/airflow/.local/lib/python3.7/site-packages/airflow/example_dags/example_external_task_marker_dag.py
[2023-05-13T06:28:45.939+0000] {processor.py:753} INFO - DAG(s) dict_keys(['example_external_task_marker_parent', 'example_external_task_marker_child']) retrieved from /home/airflow/.local/lib/python3.7/site-packages/airflow/example_dags/example_external_task_marker_dag.py
[2023-05-13T06:28:45.957+0000] {logging_mixin.py:137} INFO - [2023-05-13T06:28:45.957+0000] {dag.py:2690} INFO - Sync 2 DAGs
[2023-05-13T06:28:45.971+0000] {logging_mixin.py:137} INFO - [2023-05-13T06:28:45.971+0000] {dag.py:3441} INFO - Setting next_dagrun for example_external_task_marker_child to None, run_after=None
[2023-05-13T06:28:45.973+0000] {logging_mixin.py:137} INFO - [2023-05-13T06:28:45.973+0000] {dag.py:3441} INFO - Setting next_dagrun for example_external_task_marker_parent to None, run_after=None
[2023-05-13T06:28:45.981+0000] {processor.py:175} INFO - Processing /home/airflow/.local/lib/python3.7/site-packages/airflow/example_dags/example_external_task_marker_dag.py took 0.055 seconds
[2023-05-13T06:29:16.977+0000] {processor.py:153} INFO - Started process (PID=996) to work on /home/airflow/.local/lib/python3.7/site-packages/airflow/example_dags/example_external_task_marker_dag.py
[2023-05-13T06:29:16.978+0000] {processor.py:743} INFO - Processing file /home/airflow/.local/lib/python3.7/site-packages/airflow/example_dags/example_external_task_marker_dag.py for tasks to queue
[2023-05-13T06:29:16.979+0000] {logging_mixin.py:137} INFO - [2023-05-13T06:29:16.979+0000] {dagbag.py:538} INFO - Filling up the DagBag from /home/airflow/.local/lib/python3.7/site-packages/airflow/example_dags/example_external_task_marker_dag.py
[2023-05-13T06:29:16.989+0000] {processor.py:753} INFO - DAG(s) dict_keys(['example_external_task_marker_parent', 'example_external_task_marker_child']) retrieved from /home/airflow/.local/lib/python3.7/site-packages/airflow/example_dags/example_external_task_marker_dag.py
[2023-05-13T06:29:17.008+0000] {logging_mixin.py:137} INFO - [2023-05-13T06:29:17.008+0000] {dag.py:2690} INFO - Sync 2 DAGs
[2023-05-13T06:29:17.026+0000] {logging_mixin.py:137} INFO - [2023-05-13T06:29:17.026+0000] {dag.py:3441} INFO - Setting next_dagrun for example_external_task_marker_child to None, run_after=None
[2023-05-13T06:29:17.030+0000] {logging_mixin.py:137} INFO - [2023-05-13T06:29:17.030+0000] {dag.py:3441} INFO - Setting next_dagrun for example_external_task_marker_parent to None, run_after=None
[2023-05-13T06:29:17.043+0000] {processor.py:175} INFO - Processing /home/airflow/.local/lib/python3.7/site-packages/airflow/example_dags/example_external_task_marker_dag.py took 0.069 seconds
[2023-05-13T06:29:47.194+0000] {processor.py:153} INFO - Started process (PID=1059) to work on /home/airflow/.local/lib/python3.7/site-packages/airflow/example_dags/example_external_task_marker_dag.py
[2023-05-13T06:29:47.195+0000] {processor.py:743} INFO - Processing file /home/airflow/.local/lib/python3.7/site-packages/airflow/example_dags/example_external_task_marker_dag.py for tasks to queue
[2023-05-13T06:29:47.195+0000] {logging_mixin.py:137} INFO - [2023-05-13T06:29:47.195+0000] {dagbag.py:538} INFO - Filling up the DagBag from /home/airflow/.local/lib/python3.7/site-packages/airflow/example_dags/example_external_task_marker_dag.py
[2023-05-13T06:29:47.204+0000] {processor.py:753} INFO - DAG(s) dict_keys(['example_external_task_marker_child', 'example_external_task_marker_parent']) retrieved from /home/airflow/.local/lib/python3.7/site-packages/airflow/example_dags/example_external_task_marker_dag.py
[2023-05-13T06:29:47.222+0000] {logging_mixin.py:137} INFO - [2023-05-13T06:29:47.222+0000] {dag.py:2690} INFO - Sync 2 DAGs
[2023-05-13T06:29:47.236+0000] {logging_mixin.py:137} INFO - [2023-05-13T06:29:47.235+0000] {dag.py:3441} INFO - Setting next_dagrun for example_external_task_marker_child to None, run_after=None
[2023-05-13T06:29:47.238+0000] {logging_mixin.py:137} INFO - [2023-05-13T06:29:47.238+0000] {dag.py:3441} INFO - Setting next_dagrun for example_external_task_marker_parent to None, run_after=None
[2023-05-13T06:29:47.246+0000] {processor.py:175} INFO - Processing /home/airflow/.local/lib/python3.7/site-packages/airflow/example_dags/example_external_task_marker_dag.py took 0.054 seconds
[2023-05-13T06:30:17.358+0000] {processor.py:153} INFO - Started process (PID=1134) to work on /home/airflow/.local/lib/python3.7/site-packages/airflow/example_dags/example_external_task_marker_dag.py
[2023-05-13T06:30:17.359+0000] {processor.py:743} INFO - Processing file /home/airflow/.local/lib/python3.7/site-packages/airflow/example_dags/example_external_task_marker_dag.py for tasks to queue
[2023-05-13T06:30:17.360+0000] {logging_mixin.py:137} INFO - [2023-05-13T06:30:17.360+0000] {dagbag.py:538} INFO - Filling up the DagBag from /home/airflow/.local/lib/python3.7/site-packages/airflow/example_dags/example_external_task_marker_dag.py
[2023-05-13T06:30:17.368+0000] {processor.py:753} INFO - DAG(s) dict_keys(['example_external_task_marker_parent', 'example_external_task_marker_child']) retrieved from /home/airflow/.local/lib/python3.7/site-packages/airflow/example_dags/example_external_task_marker_dag.py
[2023-05-13T06:30:17.386+0000] {logging_mixin.py:137} INFO - [2023-05-13T06:30:17.386+0000] {dag.py:2690} INFO - Sync 2 DAGs
[2023-05-13T06:30:17.400+0000] {logging_mixin.py:137} INFO - [2023-05-13T06:30:17.400+0000] {dag.py:3441} INFO - Setting next_dagrun for example_external_task_marker_child to None, run_after=None
[2023-05-13T06:30:17.402+0000] {logging_mixin.py:137} INFO - [2023-05-13T06:30:17.402+0000] {dag.py:3441} INFO - Setting next_dagrun for example_external_task_marker_parent to None, run_after=None
[2023-05-13T06:30:17.411+0000] {processor.py:175} INFO - Processing /home/airflow/.local/lib/python3.7/site-packages/airflow/example_dags/example_external_task_marker_dag.py took 0.055 seconds
[2023-05-13T06:30:47.500+0000] {processor.py:153} INFO - Started process (PID=1208) to work on /home/airflow/.local/lib/python3.7/site-packages/airflow/example_dags/example_external_task_marker_dag.py
[2023-05-13T06:30:47.501+0000] {processor.py:743} INFO - Processing file /home/airflow/.local/lib/python3.7/site-packages/airflow/example_dags/example_external_task_marker_dag.py for tasks to queue
[2023-05-13T06:30:47.502+0000] {logging_mixin.py:137} INFO - [2023-05-13T06:30:47.502+0000] {dagbag.py:538} INFO - Filling up the DagBag from /home/airflow/.local/lib/python3.7/site-packages/airflow/example_dags/example_external_task_marker_dag.py
[2023-05-13T06:30:47.510+0000] {processor.py:753} INFO - DAG(s) dict_keys(['example_external_task_marker_child', 'example_external_task_marker_parent']) retrieved from /home/airflow/.local/lib/python3.7/site-packages/airflow/example_dags/example_external_task_marker_dag.py
[2023-05-13T06:30:47.528+0000] {logging_mixin.py:137} INFO - [2023-05-13T06:30:47.528+0000] {dag.py:2690} INFO - Sync 2 DAGs
[2023-05-13T06:30:47.541+0000] {logging_mixin.py:137} INFO - [2023-05-13T06:30:47.541+0000] {dag.py:3441} INFO - Setting next_dagrun for example_external_task_marker_child to None, run_after=None
[2023-05-13T06:30:47.543+0000] {logging_mixin.py:137} INFO - [2023-05-13T06:30:47.543+0000] {dag.py:3441} INFO - Setting next_dagrun for example_external_task_marker_parent to None, run_after=None
[2023-05-13T06:30:47.551+0000] {processor.py:175} INFO - Processing /home/airflow/.local/lib/python3.7/site-packages/airflow/example_dags/example_external_task_marker_dag.py took 0.054 seconds
[2023-05-13T06:31:18.554+0000] {processor.py:153} INFO - Started process (PID=1272) to work on /home/airflow/.local/lib/python3.7/site-packages/airflow/example_dags/example_external_task_marker_dag.py
[2023-05-13T06:31:18.555+0000] {processor.py:743} INFO - Processing file /home/airflow/.local/lib/python3.7/site-packages/airflow/example_dags/example_external_task_marker_dag.py for tasks to queue
[2023-05-13T06:31:18.557+0000] {logging_mixin.py:137} INFO - [2023-05-13T06:31:18.557+0000] {dagbag.py:538} INFO - Filling up the DagBag from /home/airflow/.local/lib/python3.7/site-packages/airflow/example_dags/example_external_task_marker_dag.py
[2023-05-13T06:31:18.568+0000] {processor.py:753} INFO - DAG(s) dict_keys(['example_external_task_marker_parent', 'example_external_task_marker_child']) retrieved from /home/airflow/.local/lib/python3.7/site-packages/airflow/example_dags/example_external_task_marker_dag.py
[2023-05-13T06:31:18.586+0000] {logging_mixin.py:137} INFO - [2023-05-13T06:31:18.585+0000] {dag.py:2690} INFO - Sync 2 DAGs
[2023-05-13T06:31:18.599+0000] {logging_mixin.py:137} INFO - [2023-05-13T06:31:18.599+0000] {dag.py:3441} INFO - Setting next_dagrun for example_external_task_marker_child to None, run_after=None
[2023-05-13T06:31:18.601+0000] {logging_mixin.py:137} INFO - [2023-05-13T06:31:18.601+0000] {dag.py:3441} INFO - Setting next_dagrun for example_external_task_marker_parent to None, run_after=None
[2023-05-13T06:31:18.609+0000] {processor.py:175} INFO - Processing /home/airflow/.local/lib/python3.7/site-packages/airflow/example_dags/example_external_task_marker_dag.py took 0.058 seconds
[2023-05-13T06:31:48.673+0000] {processor.py:153} INFO - Started process (PID=1346) to work on /home/airflow/.local/lib/python3.7/site-packages/airflow/example_dags/example_external_task_marker_dag.py
[2023-05-13T06:31:48.674+0000] {processor.py:743} INFO - Processing file /home/airflow/.local/lib/python3.7/site-packages/airflow/example_dags/example_external_task_marker_dag.py for tasks to queue
[2023-05-13T06:31:48.674+0000] {logging_mixin.py:137} INFO - [2023-05-13T06:31:48.674+0000] {dagbag.py:538} INFO - Filling up the DagBag from /home/airflow/.local/lib/python3.7/site-packages/airflow/example_dags/example_external_task_marker_dag.py
[2023-05-13T06:31:48.682+0000] {processor.py:753} INFO - DAG(s) dict_keys(['example_external_task_marker_parent', 'example_external_task_marker_child']) retrieved from /home/airflow/.local/lib/python3.7/site-packages/airflow/example_dags/example_external_task_marker_dag.py
[2023-05-13T06:31:48.701+0000] {logging_mixin.py:137} INFO - [2023-05-13T06:31:48.701+0000] {dag.py:2690} INFO - Sync 2 DAGs
[2023-05-13T06:31:48.714+0000] {logging_mixin.py:137} INFO - [2023-05-13T06:31:48.714+0000] {dag.py:3441} INFO - Setting next_dagrun for example_external_task_marker_child to None, run_after=None
[2023-05-13T06:31:48.716+0000] {logging_mixin.py:137} INFO - [2023-05-13T06:31:48.716+0000] {dag.py:3441} INFO - Setting next_dagrun for example_external_task_marker_parent to None, run_after=None
[2023-05-13T06:31:48.724+0000] {processor.py:175} INFO - Processing /home/airflow/.local/lib/python3.7/site-packages/airflow/example_dags/example_external_task_marker_dag.py took 0.053 seconds
[2023-05-13T06:32:18.815+0000] {processor.py:153} INFO - Started process (PID=1421) to work on /home/airflow/.local/lib/python3.7/site-packages/airflow/example_dags/example_external_task_marker_dag.py
[2023-05-13T06:32:18.816+0000] {processor.py:743} INFO - Processing file /home/airflow/.local/lib/python3.7/site-packages/airflow/example_dags/example_external_task_marker_dag.py for tasks to queue
[2023-05-13T06:32:18.816+0000] {logging_mixin.py:137} INFO - [2023-05-13T06:32:18.816+0000] {dagbag.py:538} INFO - Filling up the DagBag from /home/airflow/.local/lib/python3.7/site-packages/airflow/example_dags/example_external_task_marker_dag.py
[2023-05-13T06:32:18.825+0000] {processor.py:753} INFO - DAG(s) dict_keys(['example_external_task_marker_child', 'example_external_task_marker_parent']) retrieved from /home/airflow/.local/lib/python3.7/site-packages/airflow/example_dags/example_external_task_marker_dag.py
[2023-05-13T06:32:18.843+0000] {logging_mixin.py:137} INFO - [2023-05-13T06:32:18.842+0000] {dag.py:2690} INFO - Sync 2 DAGs
[2023-05-13T06:32:18.857+0000] {logging_mixin.py:137} INFO - [2023-05-13T06:32:18.857+0000] {dag.py:3441} INFO - Setting next_dagrun for example_external_task_marker_child to None, run_after=None
[2023-05-13T06:32:18.859+0000] {logging_mixin.py:137} INFO - [2023-05-13T06:32:18.859+0000] {dag.py:3441} INFO - Setting next_dagrun for example_external_task_marker_parent to None, run_after=None
[2023-05-13T06:32:18.868+0000] {processor.py:175} INFO - Processing /home/airflow/.local/lib/python3.7/site-packages/airflow/example_dags/example_external_task_marker_dag.py took 0.055 seconds
[2023-05-13T06:32:50.015+0000] {processor.py:153} INFO - Started process (PID=1497) to work on /home/airflow/.local/lib/python3.7/site-packages/airflow/example_dags/example_external_task_marker_dag.py
[2023-05-13T06:32:50.016+0000] {processor.py:743} INFO - Processing file /home/airflow/.local/lib/python3.7/site-packages/airflow/example_dags/example_external_task_marker_dag.py for tasks to queue
[2023-05-13T06:32:50.017+0000] {logging_mixin.py:137} INFO - [2023-05-13T06:32:50.017+0000] {dagbag.py:538} INFO - Filling up the DagBag from /home/airflow/.local/lib/python3.7/site-packages/airflow/example_dags/example_external_task_marker_dag.py
[2023-05-13T06:32:50.033+0000] {processor.py:753} INFO - DAG(s) dict_keys(['example_external_task_marker_parent', 'example_external_task_marker_child']) retrieved from /home/airflow/.local/lib/python3.7/site-packages/airflow/example_dags/example_external_task_marker_dag.py
[2023-05-13T06:32:50.059+0000] {logging_mixin.py:137} INFO - [2023-05-13T06:32:50.059+0000] {dag.py:2690} INFO - Sync 2 DAGs
[2023-05-13T06:32:50.085+0000] {logging_mixin.py:137} INFO - [2023-05-13T06:32:50.085+0000] {dag.py:3441} INFO - Setting next_dagrun for example_external_task_marker_child to None, run_after=None
[2023-05-13T06:32:50.093+0000] {logging_mixin.py:137} INFO - [2023-05-13T06:32:50.093+0000] {dag.py:3441} INFO - Setting next_dagrun for example_external_task_marker_parent to None, run_after=None
[2023-05-13T06:32:50.113+0000] {processor.py:175} INFO - Processing /home/airflow/.local/lib/python3.7/site-packages/airflow/example_dags/example_external_task_marker_dag.py took 0.101 seconds
[2023-05-13T06:33:20.350+0000] {processor.py:153} INFO - Started process (PID=1560) to work on /home/airflow/.local/lib/python3.7/site-packages/airflow/example_dags/example_external_task_marker_dag.py
[2023-05-13T06:33:20.351+0000] {processor.py:743} INFO - Processing file /home/airflow/.local/lib/python3.7/site-packages/airflow/example_dags/example_external_task_marker_dag.py for tasks to queue
[2023-05-13T06:33:20.351+0000] {logging_mixin.py:137} INFO - [2023-05-13T06:33:20.351+0000] {dagbag.py:538} INFO - Filling up the DagBag from /home/airflow/.local/lib/python3.7/site-packages/airflow/example_dags/example_external_task_marker_dag.py
[2023-05-13T06:33:20.360+0000] {processor.py:753} INFO - DAG(s) dict_keys(['example_external_task_marker_parent', 'example_external_task_marker_child']) retrieved from /home/airflow/.local/lib/python3.7/site-packages/airflow/example_dags/example_external_task_marker_dag.py
[2023-05-13T06:33:20.378+0000] {logging_mixin.py:137} INFO - [2023-05-13T06:33:20.378+0000] {dag.py:2690} INFO - Sync 2 DAGs
[2023-05-13T06:33:20.391+0000] {logging_mixin.py:137} INFO - [2023-05-13T06:33:20.391+0000] {dag.py:3441} INFO - Setting next_dagrun for example_external_task_marker_child to None, run_after=None
[2023-05-13T06:33:20.393+0000] {logging_mixin.py:137} INFO - [2023-05-13T06:33:20.393+0000] {dag.py:3441} INFO - Setting next_dagrun for example_external_task_marker_parent to None, run_after=None
[2023-05-13T06:33:20.401+0000] {processor.py:175} INFO - Processing /home/airflow/.local/lib/python3.7/site-packages/airflow/example_dags/example_external_task_marker_dag.py took 0.054 seconds
[2023-05-13T06:33:50.453+0000] {processor.py:153} INFO - Started process (PID=1635) to work on /home/airflow/.local/lib/python3.7/site-packages/airflow/example_dags/example_external_task_marker_dag.py
[2023-05-13T06:33:50.454+0000] {processor.py:743} INFO - Processing file /home/airflow/.local/lib/python3.7/site-packages/airflow/example_dags/example_external_task_marker_dag.py for tasks to queue
[2023-05-13T06:33:50.455+0000] {logging_mixin.py:137} INFO - [2023-05-13T06:33:50.455+0000] {dagbag.py:538} INFO - Filling up the DagBag from /home/airflow/.local/lib/python3.7/site-packages/airflow/example_dags/example_external_task_marker_dag.py
[2023-05-13T06:33:50.463+0000] {processor.py:753} INFO - DAG(s) dict_keys(['example_external_task_marker_child', 'example_external_task_marker_parent']) retrieved from /home/airflow/.local/lib/python3.7/site-packages/airflow/example_dags/example_external_task_marker_dag.py
[2023-05-13T06:33:50.482+0000] {logging_mixin.py:137} INFO - [2023-05-13T06:33:50.482+0000] {dag.py:2690} INFO - Sync 2 DAGs
[2023-05-13T06:33:50.497+0000] {logging_mixin.py:137} INFO - [2023-05-13T06:33:50.496+0000] {dag.py:3441} INFO - Setting next_dagrun for example_external_task_marker_child to None, run_after=None
[2023-05-13T06:33:50.498+0000] {logging_mixin.py:137} INFO - [2023-05-13T06:33:50.498+0000] {dag.py:3441} INFO - Setting next_dagrun for example_external_task_marker_parent to None, run_after=None
[2023-05-13T06:33:50.506+0000] {processor.py:175} INFO - Processing /home/airflow/.local/lib/python3.7/site-packages/airflow/example_dags/example_external_task_marker_dag.py took 0.055 seconds
[2023-05-13T06:34:20.602+0000] {processor.py:153} INFO - Started process (PID=1710) to work on /home/airflow/.local/lib/python3.7/site-packages/airflow/example_dags/example_external_task_marker_dag.py
[2023-05-13T06:34:20.603+0000] {processor.py:743} INFO - Processing file /home/airflow/.local/lib/python3.7/site-packages/airflow/example_dags/example_external_task_marker_dag.py for tasks to queue
[2023-05-13T06:34:20.603+0000] {logging_mixin.py:137} INFO - [2023-05-13T06:34:20.603+0000] {dagbag.py:538} INFO - Filling up the DagBag from /home/airflow/.local/lib/python3.7/site-packages/airflow/example_dags/example_external_task_marker_dag.py
[2023-05-13T06:34:20.612+0000] {processor.py:753} INFO - DAG(s) dict_keys(['example_external_task_marker_child', 'example_external_task_marker_parent']) retrieved from /home/airflow/.local/lib/python3.7/site-packages/airflow/example_dags/example_external_task_marker_dag.py
[2023-05-13T06:34:20.631+0000] {logging_mixin.py:137} INFO - [2023-05-13T06:34:20.631+0000] {dag.py:2690} INFO - Sync 2 DAGs
[2023-05-13T06:34:20.645+0000] {logging_mixin.py:137} INFO - [2023-05-13T06:34:20.645+0000] {dag.py:3441} INFO - Setting next_dagrun for example_external_task_marker_child to None, run_after=None
[2023-05-13T06:34:20.647+0000] {logging_mixin.py:137} INFO - [2023-05-13T06:34:20.647+0000] {dag.py:3441} INFO - Setting next_dagrun for example_external_task_marker_parent to None, run_after=None
[2023-05-13T06:34:20.655+0000] {processor.py:175} INFO - Processing /home/airflow/.local/lib/python3.7/site-packages/airflow/example_dags/example_external_task_marker_dag.py took 0.055 seconds
[2023-05-13T06:34:51.541+0000] {processor.py:153} INFO - Started process (PID=1773) to work on /home/airflow/.local/lib/python3.7/site-packages/airflow/example_dags/example_external_task_marker_dag.py
[2023-05-13T06:34:51.542+0000] {processor.py:743} INFO - Processing file /home/airflow/.local/lib/python3.7/site-packages/airflow/example_dags/example_external_task_marker_dag.py for tasks to queue
[2023-05-13T06:34:51.543+0000] {logging_mixin.py:137} INFO - [2023-05-13T06:34:51.543+0000] {dagbag.py:538} INFO - Filling up the DagBag from /home/airflow/.local/lib/python3.7/site-packages/airflow/example_dags/example_external_task_marker_dag.py
[2023-05-13T06:34:51.551+0000] {processor.py:753} INFO - DAG(s) dict_keys(['example_external_task_marker_child', 'example_external_task_marker_parent']) retrieved from /home/airflow/.local/lib/python3.7/site-packages/airflow/example_dags/example_external_task_marker_dag.py
[2023-05-13T06:34:51.570+0000] {logging_mixin.py:137} INFO - [2023-05-13T06:34:51.570+0000] {dag.py:2690} INFO - Sync 2 DAGs
[2023-05-13T06:34:51.583+0000] {logging_mixin.py:137} INFO - [2023-05-13T06:34:51.583+0000] {dag.py:3441} INFO - Setting next_dagrun for example_external_task_marker_child to None, run_after=None
[2023-05-13T06:34:51.585+0000] {logging_mixin.py:137} INFO - [2023-05-13T06:34:51.585+0000] {dag.py:3441} INFO - Setting next_dagrun for example_external_task_marker_parent to None, run_after=None
[2023-05-13T06:34:51.593+0000] {processor.py:175} INFO - Processing /home/airflow/.local/lib/python3.7/site-packages/airflow/example_dags/example_external_task_marker_dag.py took 0.054 seconds
[2023-05-13T06:35:22.581+0000] {processor.py:153} INFO - Started process (PID=1847) to work on /home/airflow/.local/lib/python3.7/site-packages/airflow/example_dags/example_external_task_marker_dag.py
[2023-05-13T06:35:22.582+0000] {processor.py:743} INFO - Processing file /home/airflow/.local/lib/python3.7/site-packages/airflow/example_dags/example_external_task_marker_dag.py for tasks to queue
[2023-05-13T06:35:22.583+0000] {logging_mixin.py:137} INFO - [2023-05-13T06:35:22.583+0000] {dagbag.py:538} INFO - Filling up the DagBag from /home/airflow/.local/lib/python3.7/site-packages/airflow/example_dags/example_external_task_marker_dag.py
[2023-05-13T06:35:22.591+0000] {processor.py:753} INFO - DAG(s) dict_keys(['example_external_task_marker_parent', 'example_external_task_marker_child']) retrieved from /home/airflow/.local/lib/python3.7/site-packages/airflow/example_dags/example_external_task_marker_dag.py
[2023-05-13T06:35:22.609+0000] {logging_mixin.py:137} INFO - [2023-05-13T06:35:22.609+0000] {dag.py:2690} INFO - Sync 2 DAGs
[2023-05-13T06:35:22.622+0000] {logging_mixin.py:137} INFO - [2023-05-13T06:35:22.622+0000] {dag.py:3441} INFO - Setting next_dagrun for example_external_task_marker_child to None, run_after=None
[2023-05-13T06:35:22.624+0000] {logging_mixin.py:137} INFO - [2023-05-13T06:35:22.624+0000] {dag.py:3441} INFO - Setting next_dagrun for example_external_task_marker_parent to None, run_after=None
[2023-05-13T06:35:22.632+0000] {processor.py:175} INFO - Processing /home/airflow/.local/lib/python3.7/site-packages/airflow/example_dags/example_external_task_marker_dag.py took 0.053 seconds
[2023-05-13T06:35:52.724+0000] {processor.py:153} INFO - Started process (PID=1922) to work on /home/airflow/.local/lib/python3.7/site-packages/airflow/example_dags/example_external_task_marker_dag.py
[2023-05-13T06:35:52.725+0000] {processor.py:743} INFO - Processing file /home/airflow/.local/lib/python3.7/site-packages/airflow/example_dags/example_external_task_marker_dag.py for tasks to queue
[2023-05-13T06:35:52.726+0000] {logging_mixin.py:137} INFO - [2023-05-13T06:35:52.726+0000] {dagbag.py:538} INFO - Filling up the DagBag from /home/airflow/.local/lib/python3.7/site-packages/airflow/example_dags/example_external_task_marker_dag.py
[2023-05-13T06:35:52.735+0000] {processor.py:753} INFO - DAG(s) dict_keys(['example_external_task_marker_child', 'example_external_task_marker_parent']) retrieved from /home/airflow/.local/lib/python3.7/site-packages/airflow/example_dags/example_external_task_marker_dag.py
[2023-05-13T06:35:52.752+0000] {logging_mixin.py:137} INFO - [2023-05-13T06:35:52.752+0000] {dag.py:2690} INFO - Sync 2 DAGs
[2023-05-13T06:35:52.766+0000] {logging_mixin.py:137} INFO - [2023-05-13T06:35:52.766+0000] {dag.py:3441} INFO - Setting next_dagrun for example_external_task_marker_child to None, run_after=None
[2023-05-13T06:35:52.769+0000] {logging_mixin.py:137} INFO - [2023-05-13T06:35:52.769+0000] {dag.py:3441} INFO - Setting next_dagrun for example_external_task_marker_parent to None, run_after=None
[2023-05-13T06:35:52.777+0000] {processor.py:175} INFO - Processing /home/airflow/.local/lib/python3.7/site-packages/airflow/example_dags/example_external_task_marker_dag.py took 0.055 seconds
[2023-05-13T06:36:23.785+0000] {processor.py:153} INFO - Started process (PID=1996) to work on /home/airflow/.local/lib/python3.7/site-packages/airflow/example_dags/example_external_task_marker_dag.py
[2023-05-13T06:36:23.787+0000] {processor.py:743} INFO - Processing file /home/airflow/.local/lib/python3.7/site-packages/airflow/example_dags/example_external_task_marker_dag.py for tasks to queue
[2023-05-13T06:36:23.788+0000] {logging_mixin.py:137} INFO - [2023-05-13T06:36:23.788+0000] {dagbag.py:538} INFO - Filling up the DagBag from /home/airflow/.local/lib/python3.7/site-packages/airflow/example_dags/example_external_task_marker_dag.py
[2023-05-13T06:36:23.798+0000] {processor.py:753} INFO - DAG(s) dict_keys(['example_external_task_marker_parent', 'example_external_task_marker_child']) retrieved from /home/airflow/.local/lib/python3.7/site-packages/airflow/example_dags/example_external_task_marker_dag.py
[2023-05-13T06:36:23.814+0000] {logging_mixin.py:137} INFO - [2023-05-13T06:36:23.814+0000] {dag.py:2690} INFO - Sync 2 DAGs
[2023-05-13T06:36:23.829+0000] {logging_mixin.py:137} INFO - [2023-05-13T06:36:23.829+0000] {dag.py:3441} INFO - Setting next_dagrun for example_external_task_marker_child to None, run_after=None
[2023-05-13T06:36:23.831+0000] {logging_mixin.py:137} INFO - [2023-05-13T06:36:23.831+0000] {dag.py:3441} INFO - Setting next_dagrun for example_external_task_marker_parent to None, run_after=None
[2023-05-13T06:36:23.843+0000] {processor.py:175} INFO - Processing /home/airflow/.local/lib/python3.7/site-packages/airflow/example_dags/example_external_task_marker_dag.py took 0.063 seconds
[2023-05-13T06:42:13.247+0000] {processor.py:153} INFO - Started process (PID=2729) to work on /home/airflow/.local/lib/python3.7/site-packages/airflow/example_dags/example_external_task_marker_dag.py
[2023-05-13T06:42:13.248+0000] {processor.py:743} INFO - Processing file /home/airflow/.local/lib/python3.7/site-packages/airflow/example_dags/example_external_task_marker_dag.py for tasks to queue
[2023-05-13T06:42:13.249+0000] {logging_mixin.py:137} INFO - [2023-05-13T06:42:13.249+0000] {dagbag.py:538} INFO - Filling up the DagBag from /home/airflow/.local/lib/python3.7/site-packages/airflow/example_dags/example_external_task_marker_dag.py
[2023-05-13T06:42:13.257+0000] {processor.py:753} INFO - DAG(s) dict_keys(['example_external_task_marker_parent', 'example_external_task_marker_child']) retrieved from /home/airflow/.local/lib/python3.7/site-packages/airflow/example_dags/example_external_task_marker_dag.py
[2023-05-13T06:42:13.296+0000] {logging_mixin.py:137} INFO - [2023-05-13T06:42:13.296+0000] {dag.py:2690} INFO - Sync 2 DAGs
[2023-05-13T06:42:13.308+0000] {logging_mixin.py:137} INFO - [2023-05-13T06:42:13.308+0000] {dag.py:3441} INFO - Setting next_dagrun for example_external_task_marker_child to None, run_after=None
[2023-05-13T06:42:13.310+0000] {logging_mixin.py:137} INFO - [2023-05-13T06:42:13.310+0000] {dag.py:3441} INFO - Setting next_dagrun for example_external_task_marker_parent to None, run_after=None
[2023-05-13T06:42:13.320+0000] {processor.py:175} INFO - Processing /home/airflow/.local/lib/python3.7/site-packages/airflow/example_dags/example_external_task_marker_dag.py took 0.075 seconds
