[2023-05-13T06:22:37.937+0000] {processor.py:153} INFO - Started process (PID=51) to work on /home/airflow/.local/lib/python3.7/site-packages/airflow/example_dags/example_xcomargs.py
[2023-05-13T06:22:37.938+0000] {processor.py:743} INFO - Processing file /home/airflow/.local/lib/python3.7/site-packages/airflow/example_dags/example_xcomargs.py for tasks to queue
[2023-05-13T06:22:37.939+0000] {logging_mixin.py:137} INFO - [2023-05-13T06:22:37.939+0000] {dagbag.py:538} INFO - Filling up the DagBag from /home/airflow/.local/lib/python3.7/site-packages/airflow/example_dags/example_xcomargs.py
[2023-05-13T06:22:37.958+0000] {processor.py:753} INFO - DAG(s) dict_keys(['example_xcom_args_with_operators', 'example_xcom_args']) retrieved from /home/airflow/.local/lib/python3.7/site-packages/airflow/example_dags/example_xcomargs.py
[2023-05-13T06:22:37.978+0000] {logging_mixin.py:137} INFO - [2023-05-13T06:22:37.978+0000] {dag.py:2690} INFO - Sync 2 DAGs
[2023-05-13T06:22:38.009+0000] {logging_mixin.py:137} INFO - [2023-05-13T06:22:38.009+0000] {dag.py:3441} INFO - Setting next_dagrun for example_xcom_args to None, run_after=None
[2023-05-13T06:22:38.013+0000] {logging_mixin.py:137} INFO - [2023-05-13T06:22:38.013+0000] {dag.py:3441} INFO - Setting next_dagrun for example_xcom_args_with_operators to None, run_after=None
[2023-05-13T06:22:38.023+0000] {processor.py:175} INFO - Processing /home/airflow/.local/lib/python3.7/site-packages/airflow/example_dags/example_xcomargs.py took 0.091 seconds
[2023-05-13T06:23:08.946+0000] {processor.py:153} INFO - Started process (PID=126) to work on /home/airflow/.local/lib/python3.7/site-packages/airflow/example_dags/example_xcomargs.py
[2023-05-13T06:23:08.947+0000] {processor.py:743} INFO - Processing file /home/airflow/.local/lib/python3.7/site-packages/airflow/example_dags/example_xcomargs.py for tasks to queue
[2023-05-13T06:23:08.948+0000] {logging_mixin.py:137} INFO - [2023-05-13T06:23:08.948+0000] {dagbag.py:538} INFO - Filling up the DagBag from /home/airflow/.local/lib/python3.7/site-packages/airflow/example_dags/example_xcomargs.py
[2023-05-13T06:23:08.961+0000] {processor.py:753} INFO - DAG(s) dict_keys(['example_xcom_args_with_operators', 'example_xcom_args']) retrieved from /home/airflow/.local/lib/python3.7/site-packages/airflow/example_dags/example_xcomargs.py
[2023-05-13T06:23:08.979+0000] {logging_mixin.py:137} INFO - [2023-05-13T06:23:08.979+0000] {dag.py:2690} INFO - Sync 2 DAGs
[2023-05-13T06:23:08.992+0000] {logging_mixin.py:137} INFO - [2023-05-13T06:23:08.992+0000] {dag.py:3441} INFO - Setting next_dagrun for example_xcom_args to None, run_after=None
[2023-05-13T06:23:08.994+0000] {logging_mixin.py:137} INFO - [2023-05-13T06:23:08.994+0000] {dag.py:3441} INFO - Setting next_dagrun for example_xcom_args_with_operators to None, run_after=None
[2023-05-13T06:23:09.002+0000] {processor.py:175} INFO - Processing /home/airflow/.local/lib/python3.7/site-packages/airflow/example_dags/example_xcomargs.py took 0.058 seconds
[2023-05-13T06:23:39.714+0000] {processor.py:153} INFO - Started process (PID=201) to work on /home/airflow/.local/lib/python3.7/site-packages/airflow/example_dags/example_xcomargs.py
[2023-05-13T06:23:39.716+0000] {processor.py:743} INFO - Processing file /home/airflow/.local/lib/python3.7/site-packages/airflow/example_dags/example_xcomargs.py for tasks to queue
[2023-05-13T06:23:39.716+0000] {logging_mixin.py:137} INFO - [2023-05-13T06:23:39.716+0000] {dagbag.py:538} INFO - Filling up the DagBag from /home/airflow/.local/lib/python3.7/site-packages/airflow/example_dags/example_xcomargs.py
[2023-05-13T06:23:39.730+0000] {processor.py:753} INFO - DAG(s) dict_keys(['example_xcom_args_with_operators', 'example_xcom_args']) retrieved from /home/airflow/.local/lib/python3.7/site-packages/airflow/example_dags/example_xcomargs.py
[2023-05-13T06:23:39.753+0000] {logging_mixin.py:137} INFO - [2023-05-13T06:23:39.753+0000] {dag.py:2690} INFO - Sync 2 DAGs
[2023-05-13T06:23:39.772+0000] {logging_mixin.py:137} INFO - [2023-05-13T06:23:39.772+0000] {dag.py:3441} INFO - Setting next_dagrun for example_xcom_args to None, run_after=None
[2023-05-13T06:23:39.775+0000] {logging_mixin.py:137} INFO - [2023-05-13T06:23:39.775+0000] {dag.py:3441} INFO - Setting next_dagrun for example_xcom_args_with_operators to None, run_after=None
[2023-05-13T06:23:39.785+0000] {processor.py:175} INFO - Processing /home/airflow/.local/lib/python3.7/site-packages/airflow/example_dags/example_xcomargs.py took 0.073 seconds
[2023-05-13T06:24:10.714+0000] {processor.py:153} INFO - Started process (PID=265) to work on /home/airflow/.local/lib/python3.7/site-packages/airflow/example_dags/example_xcomargs.py
[2023-05-13T06:24:10.715+0000] {processor.py:743} INFO - Processing file /home/airflow/.local/lib/python3.7/site-packages/airflow/example_dags/example_xcomargs.py for tasks to queue
[2023-05-13T06:24:10.715+0000] {logging_mixin.py:137} INFO - [2023-05-13T06:24:10.715+0000] {dagbag.py:538} INFO - Filling up the DagBag from /home/airflow/.local/lib/python3.7/site-packages/airflow/example_dags/example_xcomargs.py
[2023-05-13T06:24:10.729+0000] {processor.py:753} INFO - DAG(s) dict_keys(['example_xcom_args_with_operators', 'example_xcom_args']) retrieved from /home/airflow/.local/lib/python3.7/site-packages/airflow/example_dags/example_xcomargs.py
[2023-05-13T06:24:10.747+0000] {logging_mixin.py:137} INFO - [2023-05-13T06:24:10.747+0000] {dag.py:2690} INFO - Sync 2 DAGs
[2023-05-13T06:24:10.761+0000] {logging_mixin.py:137} INFO - [2023-05-13T06:24:10.761+0000] {dag.py:3441} INFO - Setting next_dagrun for example_xcom_args to None, run_after=None
[2023-05-13T06:24:10.763+0000] {logging_mixin.py:137} INFO - [2023-05-13T06:24:10.763+0000] {dag.py:3441} INFO - Setting next_dagrun for example_xcom_args_with_operators to None, run_after=None
[2023-05-13T06:24:10.771+0000] {processor.py:175} INFO - Processing /home/airflow/.local/lib/python3.7/site-packages/airflow/example_dags/example_xcomargs.py took 0.060 seconds
[2023-05-13T06:24:41.478+0000] {processor.py:153} INFO - Started process (PID=340) to work on /home/airflow/.local/lib/python3.7/site-packages/airflow/example_dags/example_xcomargs.py
[2023-05-13T06:24:41.479+0000] {processor.py:743} INFO - Processing file /home/airflow/.local/lib/python3.7/site-packages/airflow/example_dags/example_xcomargs.py for tasks to queue
[2023-05-13T06:24:41.479+0000] {logging_mixin.py:137} INFO - [2023-05-13T06:24:41.479+0000] {dagbag.py:538} INFO - Filling up the DagBag from /home/airflow/.local/lib/python3.7/site-packages/airflow/example_dags/example_xcomargs.py
[2023-05-13T06:24:41.493+0000] {processor.py:753} INFO - DAG(s) dict_keys(['example_xcom_args_with_operators', 'example_xcom_args']) retrieved from /home/airflow/.local/lib/python3.7/site-packages/airflow/example_dags/example_xcomargs.py
[2023-05-13T06:24:41.512+0000] {logging_mixin.py:137} INFO - [2023-05-13T06:24:41.512+0000] {dag.py:2690} INFO - Sync 2 DAGs
[2023-05-13T06:24:41.526+0000] {logging_mixin.py:137} INFO - [2023-05-13T06:24:41.525+0000] {dag.py:3441} INFO - Setting next_dagrun for example_xcom_args to None, run_after=None
[2023-05-13T06:24:41.528+0000] {logging_mixin.py:137} INFO - [2023-05-13T06:24:41.528+0000] {dag.py:3441} INFO - Setting next_dagrun for example_xcom_args_with_operators to None, run_after=None
[2023-05-13T06:24:41.536+0000] {processor.py:175} INFO - Processing /home/airflow/.local/lib/python3.7/site-packages/airflow/example_dags/example_xcomargs.py took 0.060 seconds
[2023-05-13T06:25:12.236+0000] {processor.py:153} INFO - Started process (PID=414) to work on /home/airflow/.local/lib/python3.7/site-packages/airflow/example_dags/example_xcomargs.py
[2023-05-13T06:25:12.237+0000] {processor.py:743} INFO - Processing file /home/airflow/.local/lib/python3.7/site-packages/airflow/example_dags/example_xcomargs.py for tasks to queue
[2023-05-13T06:25:12.238+0000] {logging_mixin.py:137} INFO - [2023-05-13T06:25:12.237+0000] {dagbag.py:538} INFO - Filling up the DagBag from /home/airflow/.local/lib/python3.7/site-packages/airflow/example_dags/example_xcomargs.py
[2023-05-13T06:25:12.251+0000] {processor.py:753} INFO - DAG(s) dict_keys(['example_xcom_args_with_operators', 'example_xcom_args']) retrieved from /home/airflow/.local/lib/python3.7/site-packages/airflow/example_dags/example_xcomargs.py
[2023-05-13T06:25:12.271+0000] {logging_mixin.py:137} INFO - [2023-05-13T06:25:12.271+0000] {dag.py:2690} INFO - Sync 2 DAGs
[2023-05-13T06:25:12.285+0000] {logging_mixin.py:137} INFO - [2023-05-13T06:25:12.285+0000] {dag.py:3441} INFO - Setting next_dagrun for example_xcom_args to None, run_after=None
[2023-05-13T06:25:12.287+0000] {logging_mixin.py:137} INFO - [2023-05-13T06:25:12.287+0000] {dag.py:3441} INFO - Setting next_dagrun for example_xcom_args_with_operators to None, run_after=None
[2023-05-13T06:25:12.295+0000] {processor.py:175} INFO - Processing /home/airflow/.local/lib/python3.7/site-packages/airflow/example_dags/example_xcomargs.py took 0.062 seconds
[2023-05-13T06:25:43.145+0000] {processor.py:153} INFO - Started process (PID=488) to work on /home/airflow/.local/lib/python3.7/site-packages/airflow/example_dags/example_xcomargs.py
[2023-05-13T06:25:43.146+0000] {processor.py:743} INFO - Processing file /home/airflow/.local/lib/python3.7/site-packages/airflow/example_dags/example_xcomargs.py for tasks to queue
[2023-05-13T06:25:43.146+0000] {logging_mixin.py:137} INFO - [2023-05-13T06:25:43.146+0000] {dagbag.py:538} INFO - Filling up the DagBag from /home/airflow/.local/lib/python3.7/site-packages/airflow/example_dags/example_xcomargs.py
[2023-05-13T06:25:43.161+0000] {processor.py:753} INFO - DAG(s) dict_keys(['example_xcom_args_with_operators', 'example_xcom_args']) retrieved from /home/airflow/.local/lib/python3.7/site-packages/airflow/example_dags/example_xcomargs.py
[2023-05-13T06:25:43.181+0000] {logging_mixin.py:137} INFO - [2023-05-13T06:25:43.181+0000] {dag.py:2690} INFO - Sync 2 DAGs
[2023-05-13T06:25:43.196+0000] {logging_mixin.py:137} INFO - [2023-05-13T06:25:43.196+0000] {dag.py:3441} INFO - Setting next_dagrun for example_xcom_args to None, run_after=None
[2023-05-13T06:25:43.198+0000] {logging_mixin.py:137} INFO - [2023-05-13T06:25:43.198+0000] {dag.py:3441} INFO - Setting next_dagrun for example_xcom_args_with_operators to None, run_after=None
[2023-05-13T06:25:43.209+0000] {processor.py:175} INFO - Processing /home/airflow/.local/lib/python3.7/site-packages/airflow/example_dags/example_xcomargs.py took 0.067 seconds
[2023-05-13T06:26:13.247+0000] {processor.py:153} INFO - Started process (PID=552) to work on /home/airflow/.local/lib/python3.7/site-packages/airflow/example_dags/example_xcomargs.py
[2023-05-13T06:26:13.248+0000] {processor.py:743} INFO - Processing file /home/airflow/.local/lib/python3.7/site-packages/airflow/example_dags/example_xcomargs.py for tasks to queue
[2023-05-13T06:26:13.248+0000] {logging_mixin.py:137} INFO - [2023-05-13T06:26:13.248+0000] {dagbag.py:538} INFO - Filling up the DagBag from /home/airflow/.local/lib/python3.7/site-packages/airflow/example_dags/example_xcomargs.py
[2023-05-13T06:26:13.260+0000] {processor.py:753} INFO - DAG(s) dict_keys(['example_xcom_args', 'example_xcom_args_with_operators']) retrieved from /home/airflow/.local/lib/python3.7/site-packages/airflow/example_dags/example_xcomargs.py
[2023-05-13T06:26:13.278+0000] {logging_mixin.py:137} INFO - [2023-05-13T06:26:13.278+0000] {dag.py:2690} INFO - Sync 2 DAGs
[2023-05-13T06:26:13.292+0000] {logging_mixin.py:137} INFO - [2023-05-13T06:26:13.292+0000] {dag.py:3441} INFO - Setting next_dagrun for example_xcom_args to None, run_after=None
[2023-05-13T06:26:13.294+0000] {logging_mixin.py:137} INFO - [2023-05-13T06:26:13.293+0000] {dag.py:3441} INFO - Setting next_dagrun for example_xcom_args_with_operators to None, run_after=None
[2023-05-13T06:26:13.301+0000] {processor.py:175} INFO - Processing /home/airflow/.local/lib/python3.7/site-packages/airflow/example_dags/example_xcomargs.py took 0.056 seconds
[2023-05-13T06:26:44.163+0000] {processor.py:153} INFO - Started process (PID=627) to work on /home/airflow/.local/lib/python3.7/site-packages/airflow/example_dags/example_xcomargs.py
[2023-05-13T06:26:44.164+0000] {processor.py:743} INFO - Processing file /home/airflow/.local/lib/python3.7/site-packages/airflow/example_dags/example_xcomargs.py for tasks to queue
[2023-05-13T06:26:44.165+0000] {logging_mixin.py:137} INFO - [2023-05-13T06:26:44.165+0000] {dagbag.py:538} INFO - Filling up the DagBag from /home/airflow/.local/lib/python3.7/site-packages/airflow/example_dags/example_xcomargs.py
[2023-05-13T06:26:44.178+0000] {processor.py:753} INFO - DAG(s) dict_keys(['example_xcom_args', 'example_xcom_args_with_operators']) retrieved from /home/airflow/.local/lib/python3.7/site-packages/airflow/example_dags/example_xcomargs.py
[2023-05-13T06:26:44.197+0000] {logging_mixin.py:137} INFO - [2023-05-13T06:26:44.197+0000] {dag.py:2690} INFO - Sync 2 DAGs
[2023-05-13T06:26:44.210+0000] {logging_mixin.py:137} INFO - [2023-05-13T06:26:44.210+0000] {dag.py:3441} INFO - Setting next_dagrun for example_xcom_args to None, run_after=None
[2023-05-13T06:26:44.212+0000] {logging_mixin.py:137} INFO - [2023-05-13T06:26:44.212+0000] {dag.py:3441} INFO - Setting next_dagrun for example_xcom_args_with_operators to None, run_after=None
[2023-05-13T06:26:44.221+0000] {processor.py:175} INFO - Processing /home/airflow/.local/lib/python3.7/site-packages/airflow/example_dags/example_xcomargs.py took 0.060 seconds
[2023-05-13T06:27:14.405+0000] {processor.py:153} INFO - Started process (PID=702) to work on /home/airflow/.local/lib/python3.7/site-packages/airflow/example_dags/example_xcomargs.py
[2023-05-13T06:27:14.406+0000] {processor.py:743} INFO - Processing file /home/airflow/.local/lib/python3.7/site-packages/airflow/example_dags/example_xcomargs.py for tasks to queue
[2023-05-13T06:27:14.406+0000] {logging_mixin.py:137} INFO - [2023-05-13T06:27:14.406+0000] {dagbag.py:538} INFO - Filling up the DagBag from /home/airflow/.local/lib/python3.7/site-packages/airflow/example_dags/example_xcomargs.py
[2023-05-13T06:27:14.419+0000] {processor.py:753} INFO - DAG(s) dict_keys(['example_xcom_args_with_operators', 'example_xcom_args']) retrieved from /home/airflow/.local/lib/python3.7/site-packages/airflow/example_dags/example_xcomargs.py
[2023-05-13T06:27:14.437+0000] {logging_mixin.py:137} INFO - [2023-05-13T06:27:14.437+0000] {dag.py:2690} INFO - Sync 2 DAGs
[2023-05-13T06:27:14.450+0000] {logging_mixin.py:137} INFO - [2023-05-13T06:27:14.450+0000] {dag.py:3441} INFO - Setting next_dagrun for example_xcom_args to None, run_after=None
[2023-05-13T06:27:14.452+0000] {logging_mixin.py:137} INFO - [2023-05-13T06:27:14.452+0000] {dag.py:3441} INFO - Setting next_dagrun for example_xcom_args_with_operators to None, run_after=None
[2023-05-13T06:27:14.460+0000] {processor.py:175} INFO - Processing /home/airflow/.local/lib/python3.7/site-packages/airflow/example_dags/example_xcomargs.py took 0.057 seconds
[2023-05-13T06:27:45.430+0000] {processor.py:153} INFO - Started process (PID=766) to work on /home/airflow/.local/lib/python3.7/site-packages/airflow/example_dags/example_xcomargs.py
[2023-05-13T06:27:45.431+0000] {processor.py:743} INFO - Processing file /home/airflow/.local/lib/python3.7/site-packages/airflow/example_dags/example_xcomargs.py for tasks to queue
[2023-05-13T06:27:45.431+0000] {logging_mixin.py:137} INFO - [2023-05-13T06:27:45.431+0000] {dagbag.py:538} INFO - Filling up the DagBag from /home/airflow/.local/lib/python3.7/site-packages/airflow/example_dags/example_xcomargs.py
[2023-05-13T06:27:45.443+0000] {processor.py:753} INFO - DAG(s) dict_keys(['example_xcom_args_with_operators', 'example_xcom_args']) retrieved from /home/airflow/.local/lib/python3.7/site-packages/airflow/example_dags/example_xcomargs.py
[2023-05-13T06:27:45.461+0000] {logging_mixin.py:137} INFO - [2023-05-13T06:27:45.461+0000] {dag.py:2690} INFO - Sync 2 DAGs
[2023-05-13T06:27:45.473+0000] {logging_mixin.py:137} INFO - [2023-05-13T06:27:45.473+0000] {dag.py:3441} INFO - Setting next_dagrun for example_xcom_args to None, run_after=None
[2023-05-13T06:27:45.475+0000] {logging_mixin.py:137} INFO - [2023-05-13T06:27:45.475+0000] {dag.py:3441} INFO - Setting next_dagrun for example_xcom_args_with_operators to None, run_after=None
[2023-05-13T06:27:45.484+0000] {processor.py:175} INFO - Processing /home/airflow/.local/lib/python3.7/site-packages/airflow/example_dags/example_xcomargs.py took 0.056 seconds
[2023-05-13T06:28:15.532+0000] {processor.py:153} INFO - Started process (PID=841) to work on /home/airflow/.local/lib/python3.7/site-packages/airflow/example_dags/example_xcomargs.py
[2023-05-13T06:28:15.533+0000] {processor.py:743} INFO - Processing file /home/airflow/.local/lib/python3.7/site-packages/airflow/example_dags/example_xcomargs.py for tasks to queue
[2023-05-13T06:28:15.533+0000] {logging_mixin.py:137} INFO - [2023-05-13T06:28:15.533+0000] {dagbag.py:538} INFO - Filling up the DagBag from /home/airflow/.local/lib/python3.7/site-packages/airflow/example_dags/example_xcomargs.py
[2023-05-13T06:28:15.545+0000] {processor.py:753} INFO - DAG(s) dict_keys(['example_xcom_args', 'example_xcom_args_with_operators']) retrieved from /home/airflow/.local/lib/python3.7/site-packages/airflow/example_dags/example_xcomargs.py
[2023-05-13T06:28:15.563+0000] {logging_mixin.py:137} INFO - [2023-05-13T06:28:15.563+0000] {dag.py:2690} INFO - Sync 2 DAGs
[2023-05-13T06:28:15.577+0000] {logging_mixin.py:137} INFO - [2023-05-13T06:28:15.577+0000] {dag.py:3441} INFO - Setting next_dagrun for example_xcom_args to None, run_after=None
[2023-05-13T06:28:15.579+0000] {logging_mixin.py:137} INFO - [2023-05-13T06:28:15.579+0000] {dag.py:3441} INFO - Setting next_dagrun for example_xcom_args_with_operators to None, run_after=None
[2023-05-13T06:28:15.587+0000] {processor.py:175} INFO - Processing /home/airflow/.local/lib/python3.7/site-packages/airflow/example_dags/example_xcomargs.py took 0.057 seconds
[2023-05-13T06:28:45.718+0000] {processor.py:153} INFO - Started process (PID=916) to work on /home/airflow/.local/lib/python3.7/site-packages/airflow/example_dags/example_xcomargs.py
[2023-05-13T06:28:45.719+0000] {processor.py:743} INFO - Processing file /home/airflow/.local/lib/python3.7/site-packages/airflow/example_dags/example_xcomargs.py for tasks to queue
[2023-05-13T06:28:45.719+0000] {logging_mixin.py:137} INFO - [2023-05-13T06:28:45.719+0000] {dagbag.py:538} INFO - Filling up the DagBag from /home/airflow/.local/lib/python3.7/site-packages/airflow/example_dags/example_xcomargs.py
[2023-05-13T06:28:45.732+0000] {processor.py:753} INFO - DAG(s) dict_keys(['example_xcom_args_with_operators', 'example_xcom_args']) retrieved from /home/airflow/.local/lib/python3.7/site-packages/airflow/example_dags/example_xcomargs.py
[2023-05-13T06:28:45.751+0000] {logging_mixin.py:137} INFO - [2023-05-13T06:28:45.751+0000] {dag.py:2690} INFO - Sync 2 DAGs
[2023-05-13T06:28:45.764+0000] {logging_mixin.py:137} INFO - [2023-05-13T06:28:45.764+0000] {dag.py:3441} INFO - Setting next_dagrun for example_xcom_args to None, run_after=None
[2023-05-13T06:28:45.766+0000] {logging_mixin.py:137} INFO - [2023-05-13T06:28:45.766+0000] {dag.py:3441} INFO - Setting next_dagrun for example_xcom_args_with_operators to None, run_after=None
[2023-05-13T06:28:45.774+0000] {processor.py:175} INFO - Processing /home/airflow/.local/lib/python3.7/site-packages/airflow/example_dags/example_xcomargs.py took 0.058 seconds
[2023-05-13T06:29:16.693+0000] {processor.py:153} INFO - Started process (PID=991) to work on /home/airflow/.local/lib/python3.7/site-packages/airflow/example_dags/example_xcomargs.py
[2023-05-13T06:29:16.695+0000] {processor.py:743} INFO - Processing file /home/airflow/.local/lib/python3.7/site-packages/airflow/example_dags/example_xcomargs.py for tasks to queue
[2023-05-13T06:29:16.695+0000] {logging_mixin.py:137} INFO - [2023-05-13T06:29:16.695+0000] {dagbag.py:538} INFO - Filling up the DagBag from /home/airflow/.local/lib/python3.7/site-packages/airflow/example_dags/example_xcomargs.py
[2023-05-13T06:29:16.715+0000] {processor.py:753} INFO - DAG(s) dict_keys(['example_xcom_args', 'example_xcom_args_with_operators']) retrieved from /home/airflow/.local/lib/python3.7/site-packages/airflow/example_dags/example_xcomargs.py
[2023-05-13T06:29:16.739+0000] {logging_mixin.py:137} INFO - [2023-05-13T06:29:16.739+0000] {dag.py:2690} INFO - Sync 2 DAGs
[2023-05-13T06:29:16.755+0000] {logging_mixin.py:137} INFO - [2023-05-13T06:29:16.755+0000] {dag.py:3441} INFO - Setting next_dagrun for example_xcom_args to None, run_after=None
[2023-05-13T06:29:16.757+0000] {logging_mixin.py:137} INFO - [2023-05-13T06:29:16.757+0000] {dag.py:3441} INFO - Setting next_dagrun for example_xcom_args_with_operators to None, run_after=None
[2023-05-13T06:29:16.774+0000] {processor.py:175} INFO - Processing /home/airflow/.local/lib/python3.7/site-packages/airflow/example_dags/example_xcomargs.py took 0.082 seconds
[2023-05-13T06:29:46.902+0000] {processor.py:153} INFO - Started process (PID=1054) to work on /home/airflow/.local/lib/python3.7/site-packages/airflow/example_dags/example_xcomargs.py
[2023-05-13T06:29:46.903+0000] {processor.py:743} INFO - Processing file /home/airflow/.local/lib/python3.7/site-packages/airflow/example_dags/example_xcomargs.py for tasks to queue
[2023-05-13T06:29:46.904+0000] {logging_mixin.py:137} INFO - [2023-05-13T06:29:46.904+0000] {dagbag.py:538} INFO - Filling up the DagBag from /home/airflow/.local/lib/python3.7/site-packages/airflow/example_dags/example_xcomargs.py
[2023-05-13T06:29:46.916+0000] {processor.py:753} INFO - DAG(s) dict_keys(['example_xcom_args', 'example_xcom_args_with_operators']) retrieved from /home/airflow/.local/lib/python3.7/site-packages/airflow/example_dags/example_xcomargs.py
[2023-05-13T06:29:46.933+0000] {logging_mixin.py:137} INFO - [2023-05-13T06:29:46.933+0000] {dag.py:2690} INFO - Sync 2 DAGs
[2023-05-13T06:29:46.946+0000] {logging_mixin.py:137} INFO - [2023-05-13T06:29:46.946+0000] {dag.py:3441} INFO - Setting next_dagrun for example_xcom_args to None, run_after=None
[2023-05-13T06:29:46.949+0000] {logging_mixin.py:137} INFO - [2023-05-13T06:29:46.949+0000] {dag.py:3441} INFO - Setting next_dagrun for example_xcom_args_with_operators to None, run_after=None
[2023-05-13T06:29:46.957+0000] {processor.py:175} INFO - Processing /home/airflow/.local/lib/python3.7/site-packages/airflow/example_dags/example_xcomargs.py took 0.057 seconds
[2023-05-13T06:30:17.137+0000] {processor.py:153} INFO - Started process (PID=1129) to work on /home/airflow/.local/lib/python3.7/site-packages/airflow/example_dags/example_xcomargs.py
[2023-05-13T06:30:17.138+0000] {processor.py:743} INFO - Processing file /home/airflow/.local/lib/python3.7/site-packages/airflow/example_dags/example_xcomargs.py for tasks to queue
[2023-05-13T06:30:17.138+0000] {logging_mixin.py:137} INFO - [2023-05-13T06:30:17.138+0000] {dagbag.py:538} INFO - Filling up the DagBag from /home/airflow/.local/lib/python3.7/site-packages/airflow/example_dags/example_xcomargs.py
[2023-05-13T06:30:17.151+0000] {processor.py:753} INFO - DAG(s) dict_keys(['example_xcom_args_with_operators', 'example_xcom_args']) retrieved from /home/airflow/.local/lib/python3.7/site-packages/airflow/example_dags/example_xcomargs.py
[2023-05-13T06:30:17.168+0000] {logging_mixin.py:137} INFO - [2023-05-13T06:30:17.168+0000] {dag.py:2690} INFO - Sync 2 DAGs
[2023-05-13T06:30:17.182+0000] {logging_mixin.py:137} INFO - [2023-05-13T06:30:17.182+0000] {dag.py:3441} INFO - Setting next_dagrun for example_xcom_args to None, run_after=None
[2023-05-13T06:30:17.184+0000] {logging_mixin.py:137} INFO - [2023-05-13T06:30:17.184+0000] {dag.py:3441} INFO - Setting next_dagrun for example_xcom_args_with_operators to None, run_after=None
[2023-05-13T06:30:17.191+0000] {processor.py:175} INFO - Processing /home/airflow/.local/lib/python3.7/site-packages/airflow/example_dags/example_xcomargs.py took 0.056 seconds
[2023-05-13T06:30:47.296+0000] {processor.py:153} INFO - Started process (PID=1203) to work on /home/airflow/.local/lib/python3.7/site-packages/airflow/example_dags/example_xcomargs.py
[2023-05-13T06:30:47.296+0000] {processor.py:743} INFO - Processing file /home/airflow/.local/lib/python3.7/site-packages/airflow/example_dags/example_xcomargs.py for tasks to queue
[2023-05-13T06:30:47.297+0000] {logging_mixin.py:137} INFO - [2023-05-13T06:30:47.297+0000] {dagbag.py:538} INFO - Filling up the DagBag from /home/airflow/.local/lib/python3.7/site-packages/airflow/example_dags/example_xcomargs.py
[2023-05-13T06:30:47.310+0000] {processor.py:753} INFO - DAG(s) dict_keys(['example_xcom_args_with_operators', 'example_xcom_args']) retrieved from /home/airflow/.local/lib/python3.7/site-packages/airflow/example_dags/example_xcomargs.py
[2023-05-13T06:30:47.329+0000] {logging_mixin.py:137} INFO - [2023-05-13T06:30:47.329+0000] {dag.py:2690} INFO - Sync 2 DAGs
[2023-05-13T06:30:47.342+0000] {logging_mixin.py:137} INFO - [2023-05-13T06:30:47.342+0000] {dag.py:3441} INFO - Setting next_dagrun for example_xcom_args to None, run_after=None
[2023-05-13T06:30:47.345+0000] {logging_mixin.py:137} INFO - [2023-05-13T06:30:47.345+0000] {dag.py:3441} INFO - Setting next_dagrun for example_xcom_args_with_operators to None, run_after=None
[2023-05-13T06:30:47.353+0000] {processor.py:175} INFO - Processing /home/airflow/.local/lib/python3.7/site-packages/airflow/example_dags/example_xcomargs.py took 0.060 seconds
[2023-05-13T06:31:18.313+0000] {processor.py:153} INFO - Started process (PID=1267) to work on /home/airflow/.local/lib/python3.7/site-packages/airflow/example_dags/example_xcomargs.py
[2023-05-13T06:31:18.314+0000] {processor.py:743} INFO - Processing file /home/airflow/.local/lib/python3.7/site-packages/airflow/example_dags/example_xcomargs.py for tasks to queue
[2023-05-13T06:31:18.314+0000] {logging_mixin.py:137} INFO - [2023-05-13T06:31:18.314+0000] {dagbag.py:538} INFO - Filling up the DagBag from /home/airflow/.local/lib/python3.7/site-packages/airflow/example_dags/example_xcomargs.py
[2023-05-13T06:31:18.328+0000] {processor.py:753} INFO - DAG(s) dict_keys(['example_xcom_args', 'example_xcom_args_with_operators']) retrieved from /home/airflow/.local/lib/python3.7/site-packages/airflow/example_dags/example_xcomargs.py
[2023-05-13T06:31:18.346+0000] {logging_mixin.py:137} INFO - [2023-05-13T06:31:18.346+0000] {dag.py:2690} INFO - Sync 2 DAGs
[2023-05-13T06:31:18.360+0000] {logging_mixin.py:137} INFO - [2023-05-13T06:31:18.360+0000] {dag.py:3441} INFO - Setting next_dagrun for example_xcom_args to None, run_after=None
[2023-05-13T06:31:18.362+0000] {logging_mixin.py:137} INFO - [2023-05-13T06:31:18.362+0000] {dag.py:3441} INFO - Setting next_dagrun for example_xcom_args_with_operators to None, run_after=None
[2023-05-13T06:31:18.370+0000] {processor.py:175} INFO - Processing /home/airflow/.local/lib/python3.7/site-packages/airflow/example_dags/example_xcomargs.py took 0.059 seconds
[2023-05-13T06:31:48.444+0000] {processor.py:153} INFO - Started process (PID=1341) to work on /home/airflow/.local/lib/python3.7/site-packages/airflow/example_dags/example_xcomargs.py
[2023-05-13T06:31:48.445+0000] {processor.py:743} INFO - Processing file /home/airflow/.local/lib/python3.7/site-packages/airflow/example_dags/example_xcomargs.py for tasks to queue
[2023-05-13T06:31:48.445+0000] {logging_mixin.py:137} INFO - [2023-05-13T06:31:48.445+0000] {dagbag.py:538} INFO - Filling up the DagBag from /home/airflow/.local/lib/python3.7/site-packages/airflow/example_dags/example_xcomargs.py
[2023-05-13T06:31:48.462+0000] {processor.py:753} INFO - DAG(s) dict_keys(['example_xcom_args', 'example_xcom_args_with_operators']) retrieved from /home/airflow/.local/lib/python3.7/site-packages/airflow/example_dags/example_xcomargs.py
[2023-05-13T06:31:48.484+0000] {logging_mixin.py:137} INFO - [2023-05-13T06:31:48.484+0000] {dag.py:2690} INFO - Sync 2 DAGs
[2023-05-13T06:31:48.498+0000] {logging_mixin.py:137} INFO - [2023-05-13T06:31:48.498+0000] {dag.py:3441} INFO - Setting next_dagrun for example_xcom_args to None, run_after=None
[2023-05-13T06:31:48.500+0000] {logging_mixin.py:137} INFO - [2023-05-13T06:31:48.500+0000] {dag.py:3441} INFO - Setting next_dagrun for example_xcom_args_with_operators to None, run_after=None
[2023-05-13T06:31:48.508+0000] {processor.py:175} INFO - Processing /home/airflow/.local/lib/python3.7/site-packages/airflow/example_dags/example_xcomargs.py took 0.067 seconds
[2023-05-13T06:32:18.577+0000] {processor.py:153} INFO - Started process (PID=1416) to work on /home/airflow/.local/lib/python3.7/site-packages/airflow/example_dags/example_xcomargs.py
[2023-05-13T06:32:18.578+0000] {processor.py:743} INFO - Processing file /home/airflow/.local/lib/python3.7/site-packages/airflow/example_dags/example_xcomargs.py for tasks to queue
[2023-05-13T06:32:18.578+0000] {logging_mixin.py:137} INFO - [2023-05-13T06:32:18.578+0000] {dagbag.py:538} INFO - Filling up the DagBag from /home/airflow/.local/lib/python3.7/site-packages/airflow/example_dags/example_xcomargs.py
[2023-05-13T06:32:18.592+0000] {processor.py:753} INFO - DAG(s) dict_keys(['example_xcom_args', 'example_xcom_args_with_operators']) retrieved from /home/airflow/.local/lib/python3.7/site-packages/airflow/example_dags/example_xcomargs.py
[2023-05-13T06:32:18.610+0000] {logging_mixin.py:137} INFO - [2023-05-13T06:32:18.610+0000] {dag.py:2690} INFO - Sync 2 DAGs
[2023-05-13T06:32:18.624+0000] {logging_mixin.py:137} INFO - [2023-05-13T06:32:18.624+0000] {dag.py:3441} INFO - Setting next_dagrun for example_xcom_args to None, run_after=None
[2023-05-13T06:32:18.626+0000] {logging_mixin.py:137} INFO - [2023-05-13T06:32:18.626+0000] {dag.py:3441} INFO - Setting next_dagrun for example_xcom_args_with_operators to None, run_after=None
[2023-05-13T06:32:18.635+0000] {processor.py:175} INFO - Processing /home/airflow/.local/lib/python3.7/site-packages/airflow/example_dags/example_xcomargs.py took 0.060 seconds
[2023-05-13T06:32:49.769+0000] {processor.py:153} INFO - Started process (PID=1492) to work on /home/airflow/.local/lib/python3.7/site-packages/airflow/example_dags/example_xcomargs.py
[2023-05-13T06:32:49.771+0000] {processor.py:743} INFO - Processing file /home/airflow/.local/lib/python3.7/site-packages/airflow/example_dags/example_xcomargs.py for tasks to queue
[2023-05-13T06:32:49.771+0000] {logging_mixin.py:137} INFO - [2023-05-13T06:32:49.771+0000] {dagbag.py:538} INFO - Filling up the DagBag from /home/airflow/.local/lib/python3.7/site-packages/airflow/example_dags/example_xcomargs.py
[2023-05-13T06:32:49.786+0000] {processor.py:753} INFO - DAG(s) dict_keys(['example_xcom_args', 'example_xcom_args_with_operators']) retrieved from /home/airflow/.local/lib/python3.7/site-packages/airflow/example_dags/example_xcomargs.py
[2023-05-13T06:32:49.806+0000] {logging_mixin.py:137} INFO - [2023-05-13T06:32:49.806+0000] {dag.py:2690} INFO - Sync 2 DAGs
[2023-05-13T06:32:49.821+0000] {logging_mixin.py:137} INFO - [2023-05-13T06:32:49.821+0000] {dag.py:3441} INFO - Setting next_dagrun for example_xcom_args to None, run_after=None
[2023-05-13T06:32:49.824+0000] {logging_mixin.py:137} INFO - [2023-05-13T06:32:49.824+0000] {dag.py:3441} INFO - Setting next_dagrun for example_xcom_args_with_operators to None, run_after=None
[2023-05-13T06:32:49.834+0000] {processor.py:175} INFO - Processing /home/airflow/.local/lib/python3.7/site-packages/airflow/example_dags/example_xcomargs.py took 0.067 seconds
[2023-05-13T06:33:20.064+0000] {processor.py:153} INFO - Started process (PID=1555) to work on /home/airflow/.local/lib/python3.7/site-packages/airflow/example_dags/example_xcomargs.py
[2023-05-13T06:33:20.065+0000] {processor.py:743} INFO - Processing file /home/airflow/.local/lib/python3.7/site-packages/airflow/example_dags/example_xcomargs.py for tasks to queue
[2023-05-13T06:33:20.065+0000] {logging_mixin.py:137} INFO - [2023-05-13T06:33:20.065+0000] {dagbag.py:538} INFO - Filling up the DagBag from /home/airflow/.local/lib/python3.7/site-packages/airflow/example_dags/example_xcomargs.py
[2023-05-13T06:33:20.078+0000] {processor.py:753} INFO - DAG(s) dict_keys(['example_xcom_args', 'example_xcom_args_with_operators']) retrieved from /home/airflow/.local/lib/python3.7/site-packages/airflow/example_dags/example_xcomargs.py
[2023-05-13T06:33:20.095+0000] {logging_mixin.py:137} INFO - [2023-05-13T06:33:20.095+0000] {dag.py:2690} INFO - Sync 2 DAGs
[2023-05-13T06:33:20.108+0000] {logging_mixin.py:137} INFO - [2023-05-13T06:33:20.108+0000] {dag.py:3441} INFO - Setting next_dagrun for example_xcom_args to None, run_after=None
[2023-05-13T06:33:20.111+0000] {logging_mixin.py:137} INFO - [2023-05-13T06:33:20.111+0000] {dag.py:3441} INFO - Setting next_dagrun for example_xcom_args_with_operators to None, run_after=None
[2023-05-13T06:33:20.119+0000] {processor.py:175} INFO - Processing /home/airflow/.local/lib/python3.7/site-packages/airflow/example_dags/example_xcomargs.py took 0.057 seconds
[2023-05-13T06:33:50.187+0000] {processor.py:153} INFO - Started process (PID=1629) to work on /home/airflow/.local/lib/python3.7/site-packages/airflow/example_dags/example_xcomargs.py
[2023-05-13T06:33:50.188+0000] {processor.py:743} INFO - Processing file /home/airflow/.local/lib/python3.7/site-packages/airflow/example_dags/example_xcomargs.py for tasks to queue
[2023-05-13T06:33:50.189+0000] {logging_mixin.py:137} INFO - [2023-05-13T06:33:50.189+0000] {dagbag.py:538} INFO - Filling up the DagBag from /home/airflow/.local/lib/python3.7/site-packages/airflow/example_dags/example_xcomargs.py
[2023-05-13T06:33:50.205+0000] {processor.py:753} INFO - DAG(s) dict_keys(['example_xcom_args', 'example_xcom_args_with_operators']) retrieved from /home/airflow/.local/lib/python3.7/site-packages/airflow/example_dags/example_xcomargs.py
[2023-05-13T06:33:50.226+0000] {logging_mixin.py:137} INFO - [2023-05-13T06:33:50.226+0000] {dag.py:2690} INFO - Sync 2 DAGs
[2023-05-13T06:33:50.244+0000] {logging_mixin.py:137} INFO - [2023-05-13T06:33:50.244+0000] {dag.py:3441} INFO - Setting next_dagrun for example_xcom_args to None, run_after=None
[2023-05-13T06:33:50.247+0000] {logging_mixin.py:137} INFO - [2023-05-13T06:33:50.247+0000] {dag.py:3441} INFO - Setting next_dagrun for example_xcom_args_with_operators to None, run_after=None
[2023-05-13T06:33:50.256+0000] {processor.py:175} INFO - Processing /home/airflow/.local/lib/python3.7/site-packages/airflow/example_dags/example_xcomargs.py took 0.071 seconds
[2023-05-13T06:34:20.396+0000] {processor.py:153} INFO - Started process (PID=1705) to work on /home/airflow/.local/lib/python3.7/site-packages/airflow/example_dags/example_xcomargs.py
[2023-05-13T06:34:20.398+0000] {processor.py:743} INFO - Processing file /home/airflow/.local/lib/python3.7/site-packages/airflow/example_dags/example_xcomargs.py for tasks to queue
[2023-05-13T06:34:20.402+0000] {logging_mixin.py:137} INFO - [2023-05-13T06:34:20.402+0000] {dagbag.py:538} INFO - Filling up the DagBag from /home/airflow/.local/lib/python3.7/site-packages/airflow/example_dags/example_xcomargs.py
[2023-05-13T06:34:20.418+0000] {processor.py:753} INFO - DAG(s) dict_keys(['example_xcom_args', 'example_xcom_args_with_operators']) retrieved from /home/airflow/.local/lib/python3.7/site-packages/airflow/example_dags/example_xcomargs.py
[2023-05-13T06:34:20.441+0000] {logging_mixin.py:137} INFO - [2023-05-13T06:34:20.441+0000] {dag.py:2690} INFO - Sync 2 DAGs
[2023-05-13T06:34:20.456+0000] {logging_mixin.py:137} INFO - [2023-05-13T06:34:20.456+0000] {dag.py:3441} INFO - Setting next_dagrun for example_xcom_args to None, run_after=None
[2023-05-13T06:34:20.458+0000] {logging_mixin.py:137} INFO - [2023-05-13T06:34:20.458+0000] {dag.py:3441} INFO - Setting next_dagrun for example_xcom_args_with_operators to None, run_after=None
[2023-05-13T06:34:20.467+0000] {processor.py:175} INFO - Processing /home/airflow/.local/lib/python3.7/site-packages/airflow/example_dags/example_xcomargs.py took 0.075 seconds
[2023-05-13T06:34:51.338+0000] {processor.py:153} INFO - Started process (PID=1768) to work on /home/airflow/.local/lib/python3.7/site-packages/airflow/example_dags/example_xcomargs.py
[2023-05-13T06:34:51.339+0000] {processor.py:743} INFO - Processing file /home/airflow/.local/lib/python3.7/site-packages/airflow/example_dags/example_xcomargs.py for tasks to queue
[2023-05-13T06:34:51.340+0000] {logging_mixin.py:137} INFO - [2023-05-13T06:34:51.340+0000] {dagbag.py:538} INFO - Filling up the DagBag from /home/airflow/.local/lib/python3.7/site-packages/airflow/example_dags/example_xcomargs.py
[2023-05-13T06:34:51.354+0000] {processor.py:753} INFO - DAG(s) dict_keys(['example_xcom_args', 'example_xcom_args_with_operators']) retrieved from /home/airflow/.local/lib/python3.7/site-packages/airflow/example_dags/example_xcomargs.py
[2023-05-13T06:34:51.372+0000] {logging_mixin.py:137} INFO - [2023-05-13T06:34:51.372+0000] {dag.py:2690} INFO - Sync 2 DAGs
[2023-05-13T06:34:51.386+0000] {logging_mixin.py:137} INFO - [2023-05-13T06:34:51.386+0000] {dag.py:3441} INFO - Setting next_dagrun for example_xcom_args to None, run_after=None
[2023-05-13T06:34:51.388+0000] {logging_mixin.py:137} INFO - [2023-05-13T06:34:51.388+0000] {dag.py:3441} INFO - Setting next_dagrun for example_xcom_args_with_operators to None, run_after=None
[2023-05-13T06:34:51.396+0000] {processor.py:175} INFO - Processing /home/airflow/.local/lib/python3.7/site-packages/airflow/example_dags/example_xcomargs.py took 0.060 seconds
[2023-05-13T06:35:22.366+0000] {processor.py:153} INFO - Started process (PID=1842) to work on /home/airflow/.local/lib/python3.7/site-packages/airflow/example_dags/example_xcomargs.py
[2023-05-13T06:35:22.367+0000] {processor.py:743} INFO - Processing file /home/airflow/.local/lib/python3.7/site-packages/airflow/example_dags/example_xcomargs.py for tasks to queue
[2023-05-13T06:35:22.368+0000] {logging_mixin.py:137} INFO - [2023-05-13T06:35:22.368+0000] {dagbag.py:538} INFO - Filling up the DagBag from /home/airflow/.local/lib/python3.7/site-packages/airflow/example_dags/example_xcomargs.py
[2023-05-13T06:35:22.379+0000] {processor.py:753} INFO - DAG(s) dict_keys(['example_xcom_args', 'example_xcom_args_with_operators']) retrieved from /home/airflow/.local/lib/python3.7/site-packages/airflow/example_dags/example_xcomargs.py
[2023-05-13T06:35:22.397+0000] {logging_mixin.py:137} INFO - [2023-05-13T06:35:22.397+0000] {dag.py:2690} INFO - Sync 2 DAGs
[2023-05-13T06:35:22.410+0000] {logging_mixin.py:137} INFO - [2023-05-13T06:35:22.410+0000] {dag.py:3441} INFO - Setting next_dagrun for example_xcom_args to None, run_after=None
[2023-05-13T06:35:22.412+0000] {logging_mixin.py:137} INFO - [2023-05-13T06:35:22.412+0000] {dag.py:3441} INFO - Setting next_dagrun for example_xcom_args_with_operators to None, run_after=None
[2023-05-13T06:35:22.420+0000] {processor.py:175} INFO - Processing /home/airflow/.local/lib/python3.7/site-packages/airflow/example_dags/example_xcomargs.py took 0.056 seconds
[2023-05-13T06:35:52.509+0000] {processor.py:153} INFO - Started process (PID=1917) to work on /home/airflow/.local/lib/python3.7/site-packages/airflow/example_dags/example_xcomargs.py
[2023-05-13T06:35:52.510+0000] {processor.py:743} INFO - Processing file /home/airflow/.local/lib/python3.7/site-packages/airflow/example_dags/example_xcomargs.py for tasks to queue
[2023-05-13T06:35:52.511+0000] {logging_mixin.py:137} INFO - [2023-05-13T06:35:52.511+0000] {dagbag.py:538} INFO - Filling up the DagBag from /home/airflow/.local/lib/python3.7/site-packages/airflow/example_dags/example_xcomargs.py
[2023-05-13T06:35:52.524+0000] {processor.py:753} INFO - DAG(s) dict_keys(['example_xcom_args_with_operators', 'example_xcom_args']) retrieved from /home/airflow/.local/lib/python3.7/site-packages/airflow/example_dags/example_xcomargs.py
[2023-05-13T06:35:52.542+0000] {logging_mixin.py:137} INFO - [2023-05-13T06:35:52.542+0000] {dag.py:2690} INFO - Sync 2 DAGs
[2023-05-13T06:35:52.557+0000] {logging_mixin.py:137} INFO - [2023-05-13T06:35:52.556+0000] {dag.py:3441} INFO - Setting next_dagrun for example_xcom_args to None, run_after=None
[2023-05-13T06:35:52.559+0000] {logging_mixin.py:137} INFO - [2023-05-13T06:35:52.558+0000] {dag.py:3441} INFO - Setting next_dagrun for example_xcom_args_with_operators to None, run_after=None
[2023-05-13T06:35:52.567+0000] {processor.py:175} INFO - Processing /home/airflow/.local/lib/python3.7/site-packages/airflow/example_dags/example_xcomargs.py took 0.060 seconds
[2023-05-13T06:36:23.584+0000] {processor.py:153} INFO - Started process (PID=1991) to work on /home/airflow/.local/lib/python3.7/site-packages/airflow/example_dags/example_xcomargs.py
[2023-05-13T06:36:23.585+0000] {processor.py:743} INFO - Processing file /home/airflow/.local/lib/python3.7/site-packages/airflow/example_dags/example_xcomargs.py for tasks to queue
[2023-05-13T06:36:23.586+0000] {logging_mixin.py:137} INFO - [2023-05-13T06:36:23.586+0000] {dagbag.py:538} INFO - Filling up the DagBag from /home/airflow/.local/lib/python3.7/site-packages/airflow/example_dags/example_xcomargs.py
[2023-05-13T06:36:23.600+0000] {processor.py:753} INFO - DAG(s) dict_keys(['example_xcom_args', 'example_xcom_args_with_operators']) retrieved from /home/airflow/.local/lib/python3.7/site-packages/airflow/example_dags/example_xcomargs.py
[2023-05-13T06:36:23.620+0000] {logging_mixin.py:137} INFO - [2023-05-13T06:36:23.620+0000] {dag.py:2690} INFO - Sync 2 DAGs
[2023-05-13T06:36:23.637+0000] {logging_mixin.py:137} INFO - [2023-05-13T06:36:23.637+0000] {dag.py:3441} INFO - Setting next_dagrun for example_xcom_args to None, run_after=None
[2023-05-13T06:36:23.640+0000] {logging_mixin.py:137} INFO - [2023-05-13T06:36:23.640+0000] {dag.py:3441} INFO - Setting next_dagrun for example_xcom_args_with_operators to None, run_after=None
[2023-05-13T06:36:23.651+0000] {processor.py:175} INFO - Processing /home/airflow/.local/lib/python3.7/site-packages/airflow/example_dags/example_xcomargs.py took 0.070 seconds
[2023-05-13T06:42:13.030+0000] {processor.py:153} INFO - Started process (PID=2724) to work on /home/airflow/.local/lib/python3.7/site-packages/airflow/example_dags/example_xcomargs.py
[2023-05-13T06:42:13.031+0000] {processor.py:743} INFO - Processing file /home/airflow/.local/lib/python3.7/site-packages/airflow/example_dags/example_xcomargs.py for tasks to queue
[2023-05-13T06:42:13.032+0000] {logging_mixin.py:137} INFO - [2023-05-13T06:42:13.032+0000] {dagbag.py:538} INFO - Filling up the DagBag from /home/airflow/.local/lib/python3.7/site-packages/airflow/example_dags/example_xcomargs.py
[2023-05-13T06:42:13.046+0000] {processor.py:753} INFO - DAG(s) dict_keys(['example_xcom_args', 'example_xcom_args_with_operators']) retrieved from /home/airflow/.local/lib/python3.7/site-packages/airflow/example_dags/example_xcomargs.py
[2023-05-13T06:42:13.086+0000] {logging_mixin.py:137} INFO - [2023-05-13T06:42:13.086+0000] {dag.py:2690} INFO - Sync 2 DAGs
[2023-05-13T06:42:13.096+0000] {logging_mixin.py:137} INFO - [2023-05-13T06:42:13.096+0000] {dag.py:3441} INFO - Setting next_dagrun for example_xcom_args to None, run_after=None
[2023-05-13T06:42:13.098+0000] {logging_mixin.py:137} INFO - [2023-05-13T06:42:13.098+0000] {dag.py:3441} INFO - Setting next_dagrun for example_xcom_args_with_operators to None, run_after=None
[2023-05-13T06:42:13.107+0000] {processor.py:175} INFO - Processing /home/airflow/.local/lib/python3.7/site-packages/airflow/example_dags/example_xcomargs.py took 0.079 seconds
