[2023-05-13T06:22:37.089+0000] {processor.py:153} INFO - Started process (PID=38) to work on /home/airflow/.local/lib/python3.7/site-packages/airflow/example_dags/example_branch_operator.py
[2023-05-13T06:22:37.093+0000] {processor.py:743} INFO - Processing file /home/airflow/.local/lib/python3.7/site-packages/airflow/example_dags/example_branch_operator.py for tasks to queue
[2023-05-13T06:22:37.094+0000] {logging_mixin.py:137} INFO - [2023-05-13T06:22:37.094+0000] {dagbag.py:538} INFO - Filling up the DagBag from /home/airflow/.local/lib/python3.7/site-packages/airflow/example_dags/example_branch_operator.py
[2023-05-13T06:22:37.115+0000] {processor.py:753} INFO - DAG(s) dict_keys(['example_branch_operator']) retrieved from /home/airflow/.local/lib/python3.7/site-packages/airflow/example_dags/example_branch_operator.py
[2023-05-13T06:22:37.154+0000] {logging_mixin.py:137} INFO - [2023-05-13T06:22:37.154+0000] {dag.py:2690} INFO - Sync 1 DAGs
[2023-05-13T06:22:37.174+0000] {logging_mixin.py:137} INFO - [2023-05-13T06:22:37.174+0000] {dag.py:3441} INFO - Setting next_dagrun for example_branch_operator to 2023-05-12T00:00:00+00:00, run_after=2023-05-13T00:00:00+00:00
[2023-05-13T06:22:37.188+0000] {processor.py:175} INFO - Processing /home/airflow/.local/lib/python3.7/site-packages/airflow/example_dags/example_branch_operator.py took 0.104 seconds
[2023-05-13T06:23:07.345+0000] {processor.py:153} INFO - Started process (PID=113) to work on /home/airflow/.local/lib/python3.7/site-packages/airflow/example_dags/example_branch_operator.py
[2023-05-13T06:23:07.346+0000] {processor.py:743} INFO - Processing file /home/airflow/.local/lib/python3.7/site-packages/airflow/example_dags/example_branch_operator.py for tasks to queue
[2023-05-13T06:23:07.347+0000] {logging_mixin.py:137} INFO - [2023-05-13T06:23:07.347+0000] {dagbag.py:538} INFO - Filling up the DagBag from /home/airflow/.local/lib/python3.7/site-packages/airflow/example_dags/example_branch_operator.py
[2023-05-13T06:23:07.357+0000] {processor.py:753} INFO - DAG(s) dict_keys(['example_branch_operator']) retrieved from /home/airflow/.local/lib/python3.7/site-packages/airflow/example_dags/example_branch_operator.py
[2023-05-13T06:23:07.374+0000] {logging_mixin.py:137} INFO - [2023-05-13T06:23:07.374+0000] {dag.py:2690} INFO - Sync 1 DAGs
[2023-05-13T06:23:07.389+0000] {logging_mixin.py:137} INFO - [2023-05-13T06:23:07.389+0000] {dag.py:3441} INFO - Setting next_dagrun for example_branch_operator to 2023-05-12T00:00:00+00:00, run_after=2023-05-13T00:00:00+00:00
[2023-05-13T06:23:07.398+0000] {processor.py:175} INFO - Processing /home/airflow/.local/lib/python3.7/site-packages/airflow/example_dags/example_branch_operator.py took 0.055 seconds
[2023-05-13T06:23:38.164+0000] {processor.py:153} INFO - Started process (PID=176) to work on /home/airflow/.local/lib/python3.7/site-packages/airflow/example_dags/example_branch_operator.py
[2023-05-13T06:23:38.165+0000] {processor.py:743} INFO - Processing file /home/airflow/.local/lib/python3.7/site-packages/airflow/example_dags/example_branch_operator.py for tasks to queue
[2023-05-13T06:23:38.165+0000] {logging_mixin.py:137} INFO - [2023-05-13T06:23:38.165+0000] {dagbag.py:538} INFO - Filling up the DagBag from /home/airflow/.local/lib/python3.7/site-packages/airflow/example_dags/example_branch_operator.py
[2023-05-13T06:23:38.175+0000] {processor.py:753} INFO - DAG(s) dict_keys(['example_branch_operator']) retrieved from /home/airflow/.local/lib/python3.7/site-packages/airflow/example_dags/example_branch_operator.py
[2023-05-13T06:23:38.193+0000] {logging_mixin.py:137} INFO - [2023-05-13T06:23:38.193+0000] {dag.py:2690} INFO - Sync 1 DAGs
[2023-05-13T06:23:38.207+0000] {logging_mixin.py:137} INFO - [2023-05-13T06:23:38.207+0000] {dag.py:3441} INFO - Setting next_dagrun for example_branch_operator to 2023-05-12T00:00:00+00:00, run_after=2023-05-13T00:00:00+00:00
[2023-05-13T06:23:38.216+0000] {processor.py:175} INFO - Processing /home/airflow/.local/lib/python3.7/site-packages/airflow/example_dags/example_branch_operator.py took 0.054 seconds
[2023-05-13T06:24:09.104+0000] {processor.py:153} INFO - Started process (PID=252) to work on /home/airflow/.local/lib/python3.7/site-packages/airflow/example_dags/example_branch_operator.py
[2023-05-13T06:24:09.105+0000] {processor.py:743} INFO - Processing file /home/airflow/.local/lib/python3.7/site-packages/airflow/example_dags/example_branch_operator.py for tasks to queue
[2023-05-13T06:24:09.105+0000] {logging_mixin.py:137} INFO - [2023-05-13T06:24:09.105+0000] {dagbag.py:538} INFO - Filling up the DagBag from /home/airflow/.local/lib/python3.7/site-packages/airflow/example_dags/example_branch_operator.py
[2023-05-13T06:24:09.115+0000] {processor.py:753} INFO - DAG(s) dict_keys(['example_branch_operator']) retrieved from /home/airflow/.local/lib/python3.7/site-packages/airflow/example_dags/example_branch_operator.py
[2023-05-13T06:24:09.132+0000] {logging_mixin.py:137} INFO - [2023-05-13T06:24:09.132+0000] {dag.py:2690} INFO - Sync 1 DAGs
[2023-05-13T06:24:09.148+0000] {logging_mixin.py:137} INFO - [2023-05-13T06:24:09.148+0000] {dag.py:3441} INFO - Setting next_dagrun for example_branch_operator to 2023-05-12T00:00:00+00:00, run_after=2023-05-13T00:00:00+00:00
[2023-05-13T06:24:09.157+0000] {processor.py:175} INFO - Processing /home/airflow/.local/lib/python3.7/site-packages/airflow/example_dags/example_branch_operator.py took 0.056 seconds
[2023-05-13T06:24:39.957+0000] {processor.py:153} INFO - Started process (PID=327) to work on /home/airflow/.local/lib/python3.7/site-packages/airflow/example_dags/example_branch_operator.py
[2023-05-13T06:24:39.958+0000] {processor.py:743} INFO - Processing file /home/airflow/.local/lib/python3.7/site-packages/airflow/example_dags/example_branch_operator.py for tasks to queue
[2023-05-13T06:24:39.958+0000] {logging_mixin.py:137} INFO - [2023-05-13T06:24:39.958+0000] {dagbag.py:538} INFO - Filling up the DagBag from /home/airflow/.local/lib/python3.7/site-packages/airflow/example_dags/example_branch_operator.py
[2023-05-13T06:24:39.968+0000] {processor.py:753} INFO - DAG(s) dict_keys(['example_branch_operator']) retrieved from /home/airflow/.local/lib/python3.7/site-packages/airflow/example_dags/example_branch_operator.py
[2023-05-13T06:24:39.985+0000] {logging_mixin.py:137} INFO - [2023-05-13T06:24:39.985+0000] {dag.py:2690} INFO - Sync 1 DAGs
[2023-05-13T06:24:39.999+0000] {logging_mixin.py:137} INFO - [2023-05-13T06:24:39.999+0000] {dag.py:3441} INFO - Setting next_dagrun for example_branch_operator to 2023-05-12T00:00:00+00:00, run_after=2023-05-13T00:00:00+00:00
[2023-05-13T06:24:40.009+0000] {processor.py:175} INFO - Processing /home/airflow/.local/lib/python3.7/site-packages/airflow/example_dags/example_branch_operator.py took 0.054 seconds
[2023-05-13T06:25:10.709+0000] {processor.py:153} INFO - Started process (PID=401) to work on /home/airflow/.local/lib/python3.7/site-packages/airflow/example_dags/example_branch_operator.py
[2023-05-13T06:25:10.710+0000] {processor.py:743} INFO - Processing file /home/airflow/.local/lib/python3.7/site-packages/airflow/example_dags/example_branch_operator.py for tasks to queue
[2023-05-13T06:25:10.710+0000] {logging_mixin.py:137} INFO - [2023-05-13T06:25:10.710+0000] {dagbag.py:538} INFO - Filling up the DagBag from /home/airflow/.local/lib/python3.7/site-packages/airflow/example_dags/example_branch_operator.py
[2023-05-13T06:25:10.720+0000] {processor.py:753} INFO - DAG(s) dict_keys(['example_branch_operator']) retrieved from /home/airflow/.local/lib/python3.7/site-packages/airflow/example_dags/example_branch_operator.py
[2023-05-13T06:25:10.738+0000] {logging_mixin.py:137} INFO - [2023-05-13T06:25:10.738+0000] {dag.py:2690} INFO - Sync 1 DAGs
[2023-05-13T06:25:10.753+0000] {logging_mixin.py:137} INFO - [2023-05-13T06:25:10.753+0000] {dag.py:3441} INFO - Setting next_dagrun for example_branch_operator to 2023-05-12T00:00:00+00:00, run_after=2023-05-13T00:00:00+00:00
[2023-05-13T06:25:10.763+0000] {processor.py:175} INFO - Processing /home/airflow/.local/lib/python3.7/site-packages/airflow/example_dags/example_branch_operator.py took 0.056 seconds
[2023-05-13T06:25:41.503+0000] {processor.py:153} INFO - Started process (PID=464) to work on /home/airflow/.local/lib/python3.7/site-packages/airflow/example_dags/example_branch_operator.py
[2023-05-13T06:25:41.504+0000] {processor.py:743} INFO - Processing file /home/airflow/.local/lib/python3.7/site-packages/airflow/example_dags/example_branch_operator.py for tasks to queue
[2023-05-13T06:25:41.505+0000] {logging_mixin.py:137} INFO - [2023-05-13T06:25:41.504+0000] {dagbag.py:538} INFO - Filling up the DagBag from /home/airflow/.local/lib/python3.7/site-packages/airflow/example_dags/example_branch_operator.py
[2023-05-13T06:25:41.515+0000] {processor.py:753} INFO - DAG(s) dict_keys(['example_branch_operator']) retrieved from /home/airflow/.local/lib/python3.7/site-packages/airflow/example_dags/example_branch_operator.py
[2023-05-13T06:25:41.532+0000] {logging_mixin.py:137} INFO - [2023-05-13T06:25:41.532+0000] {dag.py:2690} INFO - Sync 1 DAGs
[2023-05-13T06:25:41.547+0000] {logging_mixin.py:137} INFO - [2023-05-13T06:25:41.547+0000] {dag.py:3441} INFO - Setting next_dagrun for example_branch_operator to 2023-05-12T00:00:00+00:00, run_after=2023-05-13T00:00:00+00:00
[2023-05-13T06:25:41.556+0000] {processor.py:175} INFO - Processing /home/airflow/.local/lib/python3.7/site-packages/airflow/example_dags/example_branch_operator.py took 0.055 seconds
[2023-05-13T06:26:11.665+0000] {processor.py:153} INFO - Started process (PID=539) to work on /home/airflow/.local/lib/python3.7/site-packages/airflow/example_dags/example_branch_operator.py
[2023-05-13T06:26:11.666+0000] {processor.py:743} INFO - Processing file /home/airflow/.local/lib/python3.7/site-packages/airflow/example_dags/example_branch_operator.py for tasks to queue
[2023-05-13T06:26:11.666+0000] {logging_mixin.py:137} INFO - [2023-05-13T06:26:11.666+0000] {dagbag.py:538} INFO - Filling up the DagBag from /home/airflow/.local/lib/python3.7/site-packages/airflow/example_dags/example_branch_operator.py
[2023-05-13T06:26:11.675+0000] {processor.py:753} INFO - DAG(s) dict_keys(['example_branch_operator']) retrieved from /home/airflow/.local/lib/python3.7/site-packages/airflow/example_dags/example_branch_operator.py
[2023-05-13T06:26:11.693+0000] {logging_mixin.py:137} INFO - [2023-05-13T06:26:11.693+0000] {dag.py:2690} INFO - Sync 1 DAGs
[2023-05-13T06:26:11.707+0000] {logging_mixin.py:137} INFO - [2023-05-13T06:26:11.707+0000] {dag.py:3441} INFO - Setting next_dagrun for example_branch_operator to 2023-05-12T00:00:00+00:00, run_after=2023-05-13T00:00:00+00:00
[2023-05-13T06:26:11.717+0000] {processor.py:175} INFO - Processing /home/airflow/.local/lib/python3.7/site-packages/airflow/example_dags/example_branch_operator.py took 0.055 seconds
[2023-05-13T06:26:42.646+0000] {processor.py:153} INFO - Started process (PID=614) to work on /home/airflow/.local/lib/python3.7/site-packages/airflow/example_dags/example_branch_operator.py
[2023-05-13T06:26:42.647+0000] {processor.py:743} INFO - Processing file /home/airflow/.local/lib/python3.7/site-packages/airflow/example_dags/example_branch_operator.py for tasks to queue
[2023-05-13T06:26:42.648+0000] {logging_mixin.py:137} INFO - [2023-05-13T06:26:42.647+0000] {dagbag.py:538} INFO - Filling up the DagBag from /home/airflow/.local/lib/python3.7/site-packages/airflow/example_dags/example_branch_operator.py
[2023-05-13T06:26:42.658+0000] {processor.py:753} INFO - DAG(s) dict_keys(['example_branch_operator']) retrieved from /home/airflow/.local/lib/python3.7/site-packages/airflow/example_dags/example_branch_operator.py
[2023-05-13T06:26:42.676+0000] {logging_mixin.py:137} INFO - [2023-05-13T06:26:42.676+0000] {dag.py:2690} INFO - Sync 1 DAGs
[2023-05-13T06:26:42.691+0000] {logging_mixin.py:137} INFO - [2023-05-13T06:26:42.691+0000] {dag.py:3441} INFO - Setting next_dagrun for example_branch_operator to 2023-05-12T00:00:00+00:00, run_after=2023-05-13T00:00:00+00:00
[2023-05-13T06:26:42.701+0000] {processor.py:175} INFO - Processing /home/airflow/.local/lib/python3.7/site-packages/airflow/example_dags/example_branch_operator.py took 0.057 seconds
[2023-05-13T06:27:13.731+0000] {processor.py:153} INFO - Started process (PID=689) to work on /home/airflow/.local/lib/python3.7/site-packages/airflow/example_dags/example_branch_operator.py
[2023-05-13T06:27:13.733+0000] {processor.py:743} INFO - Processing file /home/airflow/.local/lib/python3.7/site-packages/airflow/example_dags/example_branch_operator.py for tasks to queue
[2023-05-13T06:27:13.735+0000] {logging_mixin.py:137} INFO - [2023-05-13T06:27:13.735+0000] {dagbag.py:538} INFO - Filling up the DagBag from /home/airflow/.local/lib/python3.7/site-packages/airflow/example_dags/example_branch_operator.py
[2023-05-13T06:27:13.756+0000] {processor.py:753} INFO - DAG(s) dict_keys(['example_branch_operator']) retrieved from /home/airflow/.local/lib/python3.7/site-packages/airflow/example_dags/example_branch_operator.py
[2023-05-13T06:27:13.790+0000] {logging_mixin.py:137} INFO - [2023-05-13T06:27:13.790+0000] {dag.py:2690} INFO - Sync 1 DAGs
[2023-05-13T06:27:13.815+0000] {logging_mixin.py:137} INFO - [2023-05-13T06:27:13.815+0000] {dag.py:3441} INFO - Setting next_dagrun for example_branch_operator to 2023-05-12T00:00:00+00:00, run_after=2023-05-13T00:00:00+00:00
[2023-05-13T06:27:13.829+0000] {processor.py:175} INFO - Processing /home/airflow/.local/lib/python3.7/site-packages/airflow/example_dags/example_branch_operator.py took 0.102 seconds
[2023-05-13T06:27:44.807+0000] {processor.py:153} INFO - Started process (PID=753) to work on /home/airflow/.local/lib/python3.7/site-packages/airflow/example_dags/example_branch_operator.py
[2023-05-13T06:27:44.809+0000] {processor.py:743} INFO - Processing file /home/airflow/.local/lib/python3.7/site-packages/airflow/example_dags/example_branch_operator.py for tasks to queue
[2023-05-13T06:27:44.811+0000] {logging_mixin.py:137} INFO - [2023-05-13T06:27:44.811+0000] {dagbag.py:538} INFO - Filling up the DagBag from /home/airflow/.local/lib/python3.7/site-packages/airflow/example_dags/example_branch_operator.py
[2023-05-13T06:27:44.828+0000] {processor.py:753} INFO - DAG(s) dict_keys(['example_branch_operator']) retrieved from /home/airflow/.local/lib/python3.7/site-packages/airflow/example_dags/example_branch_operator.py
[2023-05-13T06:27:44.852+0000] {logging_mixin.py:137} INFO - [2023-05-13T06:27:44.851+0000] {dag.py:2690} INFO - Sync 1 DAGs
[2023-05-13T06:27:44.867+0000] {logging_mixin.py:137} INFO - [2023-05-13T06:27:44.867+0000] {dag.py:3441} INFO - Setting next_dagrun for example_branch_operator to 2023-05-12T00:00:00+00:00, run_after=2023-05-13T00:00:00+00:00
[2023-05-13T06:27:44.877+0000] {processor.py:175} INFO - Processing /home/airflow/.local/lib/python3.7/site-packages/airflow/example_dags/example_branch_operator.py took 0.075 seconds
[2023-05-13T06:28:14.981+0000] {processor.py:153} INFO - Started process (PID=828) to work on /home/airflow/.local/lib/python3.7/site-packages/airflow/example_dags/example_branch_operator.py
[2023-05-13T06:28:14.984+0000] {processor.py:743} INFO - Processing file /home/airflow/.local/lib/python3.7/site-packages/airflow/example_dags/example_branch_operator.py for tasks to queue
[2023-05-13T06:28:14.985+0000] {logging_mixin.py:137} INFO - [2023-05-13T06:28:14.985+0000] {dagbag.py:538} INFO - Filling up the DagBag from /home/airflow/.local/lib/python3.7/site-packages/airflow/example_dags/example_branch_operator.py
[2023-05-13T06:28:15.002+0000] {processor.py:753} INFO - DAG(s) dict_keys(['example_branch_operator']) retrieved from /home/airflow/.local/lib/python3.7/site-packages/airflow/example_dags/example_branch_operator.py
[2023-05-13T06:28:15.024+0000] {logging_mixin.py:137} INFO - [2023-05-13T06:28:15.024+0000] {dag.py:2690} INFO - Sync 1 DAGs
[2023-05-13T06:28:15.038+0000] {logging_mixin.py:137} INFO - [2023-05-13T06:28:15.038+0000] {dag.py:3441} INFO - Setting next_dagrun for example_branch_operator to 2023-05-12T00:00:00+00:00, run_after=2023-05-13T00:00:00+00:00
[2023-05-13T06:28:15.049+0000] {processor.py:175} INFO - Processing /home/airflow/.local/lib/python3.7/site-packages/airflow/example_dags/example_branch_operator.py took 0.074 seconds
[2023-05-13T06:28:45.099+0000] {processor.py:153} INFO - Started process (PID=903) to work on /home/airflow/.local/lib/python3.7/site-packages/airflow/example_dags/example_branch_operator.py
[2023-05-13T06:28:45.101+0000] {processor.py:743} INFO - Processing file /home/airflow/.local/lib/python3.7/site-packages/airflow/example_dags/example_branch_operator.py for tasks to queue
[2023-05-13T06:28:45.102+0000] {logging_mixin.py:137} INFO - [2023-05-13T06:28:45.102+0000] {dagbag.py:538} INFO - Filling up the DagBag from /home/airflow/.local/lib/python3.7/site-packages/airflow/example_dags/example_branch_operator.py
[2023-05-13T06:28:45.116+0000] {processor.py:753} INFO - DAG(s) dict_keys(['example_branch_operator']) retrieved from /home/airflow/.local/lib/python3.7/site-packages/airflow/example_dags/example_branch_operator.py
[2023-05-13T06:28:45.136+0000] {logging_mixin.py:137} INFO - [2023-05-13T06:28:45.136+0000] {dag.py:2690} INFO - Sync 1 DAGs
[2023-05-13T06:28:45.150+0000] {logging_mixin.py:137} INFO - [2023-05-13T06:28:45.150+0000] {dag.py:3441} INFO - Setting next_dagrun for example_branch_operator to 2023-05-12T00:00:00+00:00, run_after=2023-05-13T00:00:00+00:00
[2023-05-13T06:28:45.160+0000] {processor.py:175} INFO - Processing /home/airflow/.local/lib/python3.7/site-packages/airflow/example_dags/example_branch_operator.py took 0.064 seconds
[2023-05-13T06:29:16.076+0000] {processor.py:153} INFO - Started process (PID=973) to work on /home/airflow/.local/lib/python3.7/site-packages/airflow/example_dags/example_branch_operator.py
[2023-05-13T06:29:16.077+0000] {processor.py:743} INFO - Processing file /home/airflow/.local/lib/python3.7/site-packages/airflow/example_dags/example_branch_operator.py for tasks to queue
[2023-05-13T06:29:16.078+0000] {logging_mixin.py:137} INFO - [2023-05-13T06:29:16.078+0000] {dagbag.py:538} INFO - Filling up the DagBag from /home/airflow/.local/lib/python3.7/site-packages/airflow/example_dags/example_branch_operator.py
[2023-05-13T06:29:16.088+0000] {processor.py:753} INFO - DAG(s) dict_keys(['example_branch_operator']) retrieved from /home/airflow/.local/lib/python3.7/site-packages/airflow/example_dags/example_branch_operator.py
[2023-05-13T06:29:16.107+0000] {logging_mixin.py:137} INFO - [2023-05-13T06:29:16.107+0000] {dag.py:2690} INFO - Sync 1 DAGs
[2023-05-13T06:29:16.136+0000] {logging_mixin.py:137} INFO - [2023-05-13T06:29:16.136+0000] {dag.py:3441} INFO - Setting next_dagrun for example_branch_operator to 2023-05-12T00:00:00+00:00, run_after=2023-05-13T00:00:00+00:00
[2023-05-13T06:29:16.147+0000] {processor.py:175} INFO - Processing /home/airflow/.local/lib/python3.7/site-packages/airflow/example_dags/example_branch_operator.py took 0.075 seconds
[2023-05-13T06:29:46.282+0000] {processor.py:153} INFO - Started process (PID=1041) to work on /home/airflow/.local/lib/python3.7/site-packages/airflow/example_dags/example_branch_operator.py
[2023-05-13T06:29:46.283+0000] {processor.py:743} INFO - Processing file /home/airflow/.local/lib/python3.7/site-packages/airflow/example_dags/example_branch_operator.py for tasks to queue
[2023-05-13T06:29:46.284+0000] {logging_mixin.py:137} INFO - [2023-05-13T06:29:46.284+0000] {dagbag.py:538} INFO - Filling up the DagBag from /home/airflow/.local/lib/python3.7/site-packages/airflow/example_dags/example_branch_operator.py
[2023-05-13T06:29:46.297+0000] {processor.py:753} INFO - DAG(s) dict_keys(['example_branch_operator']) retrieved from /home/airflow/.local/lib/python3.7/site-packages/airflow/example_dags/example_branch_operator.py
[2023-05-13T06:29:46.318+0000] {logging_mixin.py:137} INFO - [2023-05-13T06:29:46.318+0000] {dag.py:2690} INFO - Sync 1 DAGs
[2023-05-13T06:29:46.333+0000] {logging_mixin.py:137} INFO - [2023-05-13T06:29:46.333+0000] {dag.py:3441} INFO - Setting next_dagrun for example_branch_operator to 2023-05-12T00:00:00+00:00, run_after=2023-05-13T00:00:00+00:00
[2023-05-13T06:29:46.346+0000] {processor.py:175} INFO - Processing /home/airflow/.local/lib/python3.7/site-packages/airflow/example_dags/example_branch_operator.py took 0.068 seconds
[2023-05-13T06:30:16.517+0000] {processor.py:153} INFO - Started process (PID=1116) to work on /home/airflow/.local/lib/python3.7/site-packages/airflow/example_dags/example_branch_operator.py
[2023-05-13T06:30:16.519+0000] {processor.py:743} INFO - Processing file /home/airflow/.local/lib/python3.7/site-packages/airflow/example_dags/example_branch_operator.py for tasks to queue
[2023-05-13T06:30:16.520+0000] {logging_mixin.py:137} INFO - [2023-05-13T06:30:16.520+0000] {dagbag.py:538} INFO - Filling up the DagBag from /home/airflow/.local/lib/python3.7/site-packages/airflow/example_dags/example_branch_operator.py
[2023-05-13T06:30:16.537+0000] {processor.py:753} INFO - DAG(s) dict_keys(['example_branch_operator']) retrieved from /home/airflow/.local/lib/python3.7/site-packages/airflow/example_dags/example_branch_operator.py
[2023-05-13T06:30:16.560+0000] {logging_mixin.py:137} INFO - [2023-05-13T06:30:16.560+0000] {dag.py:2690} INFO - Sync 1 DAGs
[2023-05-13T06:30:16.575+0000] {logging_mixin.py:137} INFO - [2023-05-13T06:30:16.575+0000] {dag.py:3441} INFO - Setting next_dagrun for example_branch_operator to 2023-05-12T00:00:00+00:00, run_after=2023-05-13T00:00:00+00:00
[2023-05-13T06:30:16.584+0000] {processor.py:175} INFO - Processing /home/airflow/.local/lib/python3.7/site-packages/airflow/example_dags/example_branch_operator.py took 0.072 seconds
[2023-05-13T06:30:46.658+0000] {processor.py:153} INFO - Started process (PID=1190) to work on /home/airflow/.local/lib/python3.7/site-packages/airflow/example_dags/example_branch_operator.py
[2023-05-13T06:30:46.660+0000] {processor.py:743} INFO - Processing file /home/airflow/.local/lib/python3.7/site-packages/airflow/example_dags/example_branch_operator.py for tasks to queue
[2023-05-13T06:30:46.660+0000] {logging_mixin.py:137} INFO - [2023-05-13T06:30:46.660+0000] {dagbag.py:538} INFO - Filling up the DagBag from /home/airflow/.local/lib/python3.7/site-packages/airflow/example_dags/example_branch_operator.py
[2023-05-13T06:30:46.671+0000] {processor.py:753} INFO - DAG(s) dict_keys(['example_branch_operator']) retrieved from /home/airflow/.local/lib/python3.7/site-packages/airflow/example_dags/example_branch_operator.py
[2023-05-13T06:30:46.688+0000] {logging_mixin.py:137} INFO - [2023-05-13T06:30:46.688+0000] {dag.py:2690} INFO - Sync 1 DAGs
[2023-05-13T06:30:46.703+0000] {logging_mixin.py:137} INFO - [2023-05-13T06:30:46.703+0000] {dag.py:3441} INFO - Setting next_dagrun for example_branch_operator to 2023-05-12T00:00:00+00:00, run_after=2023-05-13T00:00:00+00:00
[2023-05-13T06:30:46.713+0000] {processor.py:175} INFO - Processing /home/airflow/.local/lib/python3.7/site-packages/airflow/example_dags/example_branch_operator.py took 0.057 seconds
[2023-05-13T06:31:17.683+0000] {processor.py:153} INFO - Started process (PID=1254) to work on /home/airflow/.local/lib/python3.7/site-packages/airflow/example_dags/example_branch_operator.py
[2023-05-13T06:31:17.685+0000] {processor.py:743} INFO - Processing file /home/airflow/.local/lib/python3.7/site-packages/airflow/example_dags/example_branch_operator.py for tasks to queue
[2023-05-13T06:31:17.686+0000] {logging_mixin.py:137} INFO - [2023-05-13T06:31:17.686+0000] {dagbag.py:538} INFO - Filling up the DagBag from /home/airflow/.local/lib/python3.7/site-packages/airflow/example_dags/example_branch_operator.py
[2023-05-13T06:31:17.702+0000] {processor.py:753} INFO - DAG(s) dict_keys(['example_branch_operator']) retrieved from /home/airflow/.local/lib/python3.7/site-packages/airflow/example_dags/example_branch_operator.py
[2023-05-13T06:31:17.724+0000] {logging_mixin.py:137} INFO - [2023-05-13T06:31:17.724+0000] {dag.py:2690} INFO - Sync 1 DAGs
[2023-05-13T06:31:17.738+0000] {logging_mixin.py:137} INFO - [2023-05-13T06:31:17.738+0000] {dag.py:3441} INFO - Setting next_dagrun for example_branch_operator to 2023-05-12T00:00:00+00:00, run_after=2023-05-13T00:00:00+00:00
[2023-05-13T06:31:17.748+0000] {processor.py:175} INFO - Processing /home/airflow/.local/lib/python3.7/site-packages/airflow/example_dags/example_branch_operator.py took 0.070 seconds
[2023-05-13T06:31:47.825+0000] {processor.py:153} INFO - Started process (PID=1328) to work on /home/airflow/.local/lib/python3.7/site-packages/airflow/example_dags/example_branch_operator.py
[2023-05-13T06:31:47.827+0000] {processor.py:743} INFO - Processing file /home/airflow/.local/lib/python3.7/site-packages/airflow/example_dags/example_branch_operator.py for tasks to queue
[2023-05-13T06:31:47.828+0000] {logging_mixin.py:137} INFO - [2023-05-13T06:31:47.828+0000] {dagbag.py:538} INFO - Filling up the DagBag from /home/airflow/.local/lib/python3.7/site-packages/airflow/example_dags/example_branch_operator.py
[2023-05-13T06:31:47.842+0000] {processor.py:753} INFO - DAG(s) dict_keys(['example_branch_operator']) retrieved from /home/airflow/.local/lib/python3.7/site-packages/airflow/example_dags/example_branch_operator.py
[2023-05-13T06:31:47.862+0000] {logging_mixin.py:137} INFO - [2023-05-13T06:31:47.862+0000] {dag.py:2690} INFO - Sync 1 DAGs
[2023-05-13T06:31:47.876+0000] {logging_mixin.py:137} INFO - [2023-05-13T06:31:47.876+0000] {dag.py:3441} INFO - Setting next_dagrun for example_branch_operator to 2023-05-12T00:00:00+00:00, run_after=2023-05-13T00:00:00+00:00
[2023-05-13T06:31:47.886+0000] {processor.py:175} INFO - Processing /home/airflow/.local/lib/python3.7/site-packages/airflow/example_dags/example_branch_operator.py took 0.065 seconds
[2023-05-13T06:32:17.954+0000] {processor.py:153} INFO - Started process (PID=1403) to work on /home/airflow/.local/lib/python3.7/site-packages/airflow/example_dags/example_branch_operator.py
[2023-05-13T06:32:17.956+0000] {processor.py:743} INFO - Processing file /home/airflow/.local/lib/python3.7/site-packages/airflow/example_dags/example_branch_operator.py for tasks to queue
[2023-05-13T06:32:17.957+0000] {logging_mixin.py:137} INFO - [2023-05-13T06:32:17.957+0000] {dagbag.py:538} INFO - Filling up the DagBag from /home/airflow/.local/lib/python3.7/site-packages/airflow/example_dags/example_branch_operator.py
[2023-05-13T06:32:17.975+0000] {processor.py:753} INFO - DAG(s) dict_keys(['example_branch_operator']) retrieved from /home/airflow/.local/lib/python3.7/site-packages/airflow/example_dags/example_branch_operator.py
[2023-05-13T06:32:17.997+0000] {logging_mixin.py:137} INFO - [2023-05-13T06:32:17.997+0000] {dag.py:2690} INFO - Sync 1 DAGs
[2023-05-13T06:32:18.012+0000] {logging_mixin.py:137} INFO - [2023-05-13T06:32:18.012+0000] {dag.py:3441} INFO - Setting next_dagrun for example_branch_operator to 2023-05-12T00:00:00+00:00, run_after=2023-05-13T00:00:00+00:00
[2023-05-13T06:32:18.020+0000] {processor.py:175} INFO - Processing /home/airflow/.local/lib/python3.7/site-packages/airflow/example_dags/example_branch_operator.py took 0.072 seconds
[2023-05-13T06:32:49.015+0000] {processor.py:153} INFO - Started process (PID=1466) to work on /home/airflow/.local/lib/python3.7/site-packages/airflow/example_dags/example_branch_operator.py
[2023-05-13T06:32:49.017+0000] {processor.py:743} INFO - Processing file /home/airflow/.local/lib/python3.7/site-packages/airflow/example_dags/example_branch_operator.py for tasks to queue
[2023-05-13T06:32:49.018+0000] {logging_mixin.py:137} INFO - [2023-05-13T06:32:49.018+0000] {dagbag.py:538} INFO - Filling up the DagBag from /home/airflow/.local/lib/python3.7/site-packages/airflow/example_dags/example_branch_operator.py
[2023-05-13T06:32:49.035+0000] {processor.py:753} INFO - DAG(s) dict_keys(['example_branch_operator']) retrieved from /home/airflow/.local/lib/python3.7/site-packages/airflow/example_dags/example_branch_operator.py
[2023-05-13T06:32:49.059+0000] {logging_mixin.py:137} INFO - [2023-05-13T06:32:49.059+0000] {dag.py:2690} INFO - Sync 1 DAGs
[2023-05-13T06:32:49.087+0000] {logging_mixin.py:137} INFO - [2023-05-13T06:32:49.087+0000] {dag.py:3441} INFO - Setting next_dagrun for example_branch_operator to 2023-05-12T00:00:00+00:00, run_after=2023-05-13T00:00:00+00:00
[2023-05-13T06:32:49.106+0000] {processor.py:175} INFO - Processing /home/airflow/.local/lib/python3.7/site-packages/airflow/example_dags/example_branch_operator.py took 0.096 seconds
[2023-05-13T06:33:19.436+0000] {processor.py:153} INFO - Started process (PID=1542) to work on /home/airflow/.local/lib/python3.7/site-packages/airflow/example_dags/example_branch_operator.py
[2023-05-13T06:33:19.439+0000] {processor.py:743} INFO - Processing file /home/airflow/.local/lib/python3.7/site-packages/airflow/example_dags/example_branch_operator.py for tasks to queue
[2023-05-13T06:33:19.441+0000] {logging_mixin.py:137} INFO - [2023-05-13T06:33:19.441+0000] {dagbag.py:538} INFO - Filling up the DagBag from /home/airflow/.local/lib/python3.7/site-packages/airflow/example_dags/example_branch_operator.py
[2023-05-13T06:33:19.459+0000] {processor.py:753} INFO - DAG(s) dict_keys(['example_branch_operator']) retrieved from /home/airflow/.local/lib/python3.7/site-packages/airflow/example_dags/example_branch_operator.py
[2023-05-13T06:33:19.489+0000] {logging_mixin.py:137} INFO - [2023-05-13T06:33:19.489+0000] {dag.py:2690} INFO - Sync 1 DAGs
[2023-05-13T06:33:19.503+0000] {logging_mixin.py:137} INFO - [2023-05-13T06:33:19.503+0000] {dag.py:3441} INFO - Setting next_dagrun for example_branch_operator to 2023-05-12T00:00:00+00:00, run_after=2023-05-13T00:00:00+00:00
[2023-05-13T06:33:19.513+0000] {processor.py:175} INFO - Processing /home/airflow/.local/lib/python3.7/site-packages/airflow/example_dags/example_branch_operator.py took 0.084 seconds
[2023-05-13T06:33:49.577+0000] {processor.py:153} INFO - Started process (PID=1616) to work on /home/airflow/.local/lib/python3.7/site-packages/airflow/example_dags/example_branch_operator.py
[2023-05-13T06:33:49.578+0000] {processor.py:743} INFO - Processing file /home/airflow/.local/lib/python3.7/site-packages/airflow/example_dags/example_branch_operator.py for tasks to queue
[2023-05-13T06:33:49.579+0000] {logging_mixin.py:137} INFO - [2023-05-13T06:33:49.579+0000] {dagbag.py:538} INFO - Filling up the DagBag from /home/airflow/.local/lib/python3.7/site-packages/airflow/example_dags/example_branch_operator.py
[2023-05-13T06:33:49.589+0000] {processor.py:753} INFO - DAG(s) dict_keys(['example_branch_operator']) retrieved from /home/airflow/.local/lib/python3.7/site-packages/airflow/example_dags/example_branch_operator.py
[2023-05-13T06:33:49.607+0000] {logging_mixin.py:137} INFO - [2023-05-13T06:33:49.607+0000] {dag.py:2690} INFO - Sync 1 DAGs
[2023-05-13T06:33:49.623+0000] {logging_mixin.py:137} INFO - [2023-05-13T06:33:49.623+0000] {dag.py:3441} INFO - Setting next_dagrun for example_branch_operator to 2023-05-12T00:00:00+00:00, run_after=2023-05-13T00:00:00+00:00
[2023-05-13T06:33:49.635+0000] {processor.py:175} INFO - Processing /home/airflow/.local/lib/python3.7/site-packages/airflow/example_dags/example_branch_operator.py took 0.061 seconds
[2023-05-13T06:34:19.700+0000] {processor.py:153} INFO - Started process (PID=1692) to work on /home/airflow/.local/lib/python3.7/site-packages/airflow/example_dags/example_branch_operator.py
[2023-05-13T06:34:19.700+0000] {processor.py:743} INFO - Processing file /home/airflow/.local/lib/python3.7/site-packages/airflow/example_dags/example_branch_operator.py for tasks to queue
[2023-05-13T06:34:19.701+0000] {logging_mixin.py:137} INFO - [2023-05-13T06:34:19.701+0000] {dagbag.py:538} INFO - Filling up the DagBag from /home/airflow/.local/lib/python3.7/site-packages/airflow/example_dags/example_branch_operator.py
[2023-05-13T06:34:19.720+0000] {processor.py:753} INFO - DAG(s) dict_keys(['example_branch_operator']) retrieved from /home/airflow/.local/lib/python3.7/site-packages/airflow/example_dags/example_branch_operator.py
[2023-05-13T06:34:19.740+0000] {logging_mixin.py:137} INFO - [2023-05-13T06:34:19.740+0000] {dag.py:2690} INFO - Sync 1 DAGs
[2023-05-13T06:34:19.756+0000] {logging_mixin.py:137} INFO - [2023-05-13T06:34:19.756+0000] {dag.py:3441} INFO - Setting next_dagrun for example_branch_operator to 2023-05-12T00:00:00+00:00, run_after=2023-05-13T00:00:00+00:00
[2023-05-13T06:34:19.765+0000] {processor.py:175} INFO - Processing /home/airflow/.local/lib/python3.7/site-packages/airflow/example_dags/example_branch_operator.py took 0.068 seconds
[2023-05-13T06:34:50.742+0000] {processor.py:153} INFO - Started process (PID=1755) to work on /home/airflow/.local/lib/python3.7/site-packages/airflow/example_dags/example_branch_operator.py
[2023-05-13T06:34:50.744+0000] {processor.py:743} INFO - Processing file /home/airflow/.local/lib/python3.7/site-packages/airflow/example_dags/example_branch_operator.py for tasks to queue
[2023-05-13T06:34:50.744+0000] {logging_mixin.py:137} INFO - [2023-05-13T06:34:50.744+0000] {dagbag.py:538} INFO - Filling up the DagBag from /home/airflow/.local/lib/python3.7/site-packages/airflow/example_dags/example_branch_operator.py
[2023-05-13T06:34:50.757+0000] {processor.py:753} INFO - DAG(s) dict_keys(['example_branch_operator']) retrieved from /home/airflow/.local/lib/python3.7/site-packages/airflow/example_dags/example_branch_operator.py
[2023-05-13T06:34:50.776+0000] {logging_mixin.py:137} INFO - [2023-05-13T06:34:50.776+0000] {dag.py:2690} INFO - Sync 1 DAGs
[2023-05-13T06:34:50.790+0000] {logging_mixin.py:137} INFO - [2023-05-13T06:34:50.790+0000] {dag.py:3441} INFO - Setting next_dagrun for example_branch_operator to 2023-05-12T00:00:00+00:00, run_after=2023-05-13T00:00:00+00:00
[2023-05-13T06:34:50.800+0000] {processor.py:175} INFO - Processing /home/airflow/.local/lib/python3.7/site-packages/airflow/example_dags/example_branch_operator.py took 0.061 seconds
[2023-05-13T06:35:21.748+0000] {processor.py:153} INFO - Started process (PID=1829) to work on /home/airflow/.local/lib/python3.7/site-packages/airflow/example_dags/example_branch_operator.py
[2023-05-13T06:35:21.750+0000] {processor.py:743} INFO - Processing file /home/airflow/.local/lib/python3.7/site-packages/airflow/example_dags/example_branch_operator.py for tasks to queue
[2023-05-13T06:35:21.752+0000] {logging_mixin.py:137} INFO - [2023-05-13T06:35:21.751+0000] {dagbag.py:538} INFO - Filling up the DagBag from /home/airflow/.local/lib/python3.7/site-packages/airflow/example_dags/example_branch_operator.py
[2023-05-13T06:35:21.769+0000] {processor.py:753} INFO - DAG(s) dict_keys(['example_branch_operator']) retrieved from /home/airflow/.local/lib/python3.7/site-packages/airflow/example_dags/example_branch_operator.py
[2023-05-13T06:35:21.790+0000] {logging_mixin.py:137} INFO - [2023-05-13T06:35:21.790+0000] {dag.py:2690} INFO - Sync 1 DAGs
[2023-05-13T06:35:21.805+0000] {logging_mixin.py:137} INFO - [2023-05-13T06:35:21.805+0000] {dag.py:3441} INFO - Setting next_dagrun for example_branch_operator to 2023-05-12T00:00:00+00:00, run_after=2023-05-13T00:00:00+00:00
[2023-05-13T06:35:21.815+0000] {processor.py:175} INFO - Processing /home/airflow/.local/lib/python3.7/site-packages/airflow/example_dags/example_branch_operator.py took 0.072 seconds
[2023-05-13T06:35:51.879+0000] {processor.py:153} INFO - Started process (PID=1904) to work on /home/airflow/.local/lib/python3.7/site-packages/airflow/example_dags/example_branch_operator.py
[2023-05-13T06:35:51.881+0000] {processor.py:743} INFO - Processing file /home/airflow/.local/lib/python3.7/site-packages/airflow/example_dags/example_branch_operator.py for tasks to queue
[2023-05-13T06:35:51.882+0000] {logging_mixin.py:137} INFO - [2023-05-13T06:35:51.882+0000] {dagbag.py:538} INFO - Filling up the DagBag from /home/airflow/.local/lib/python3.7/site-packages/airflow/example_dags/example_branch_operator.py
[2023-05-13T06:35:51.900+0000] {processor.py:753} INFO - DAG(s) dict_keys(['example_branch_operator']) retrieved from /home/airflow/.local/lib/python3.7/site-packages/airflow/example_dags/example_branch_operator.py
[2023-05-13T06:35:51.922+0000] {logging_mixin.py:137} INFO - [2023-05-13T06:35:51.922+0000] {dag.py:2690} INFO - Sync 1 DAGs
[2023-05-13T06:35:51.936+0000] {logging_mixin.py:137} INFO - [2023-05-13T06:35:51.936+0000] {dag.py:3441} INFO - Setting next_dagrun for example_branch_operator to 2023-05-12T00:00:00+00:00, run_after=2023-05-13T00:00:00+00:00
[2023-05-13T06:35:51.947+0000] {processor.py:175} INFO - Processing /home/airflow/.local/lib/python3.7/site-packages/airflow/example_dags/example_branch_operator.py took 0.074 seconds
[2023-05-13T06:36:21.983+0000] {processor.py:153} INFO - Started process (PID=1966) to work on /home/airflow/.local/lib/python3.7/site-packages/airflow/example_dags/example_branch_operator.py
[2023-05-13T06:36:21.984+0000] {processor.py:743} INFO - Processing file /home/airflow/.local/lib/python3.7/site-packages/airflow/example_dags/example_branch_operator.py for tasks to queue
[2023-05-13T06:36:21.985+0000] {logging_mixin.py:137} INFO - [2023-05-13T06:36:21.985+0000] {dagbag.py:538} INFO - Filling up the DagBag from /home/airflow/.local/lib/python3.7/site-packages/airflow/example_dags/example_branch_operator.py
[2023-05-13T06:36:21.994+0000] {processor.py:753} INFO - DAG(s) dict_keys(['example_branch_operator']) retrieved from /home/airflow/.local/lib/python3.7/site-packages/airflow/example_dags/example_branch_operator.py
[2023-05-13T06:36:22.012+0000] {logging_mixin.py:137} INFO - [2023-05-13T06:36:22.012+0000] {dag.py:2690} INFO - Sync 1 DAGs
[2023-05-13T06:36:22.026+0000] {logging_mixin.py:137} INFO - [2023-05-13T06:36:22.026+0000] {dag.py:3441} INFO - Setting next_dagrun for example_branch_operator to 2023-05-12T00:00:00+00:00, run_after=2023-05-13T00:00:00+00:00
[2023-05-13T06:36:22.035+0000] {processor.py:175} INFO - Processing /home/airflow/.local/lib/python3.7/site-packages/airflow/example_dags/example_branch_operator.py took 0.054 seconds
[2023-05-13T06:42:12.418+0000] {processor.py:153} INFO - Started process (PID=2711) to work on /home/airflow/.local/lib/python3.7/site-packages/airflow/example_dags/example_branch_operator.py
[2023-05-13T06:42:12.420+0000] {processor.py:743} INFO - Processing file /home/airflow/.local/lib/python3.7/site-packages/airflow/example_dags/example_branch_operator.py for tasks to queue
[2023-05-13T06:42:12.420+0000] {logging_mixin.py:137} INFO - [2023-05-13T06:42:12.420+0000] {dagbag.py:538} INFO - Filling up the DagBag from /home/airflow/.local/lib/python3.7/site-packages/airflow/example_dags/example_branch_operator.py
[2023-05-13T06:42:12.430+0000] {processor.py:753} INFO - DAG(s) dict_keys(['example_branch_operator']) retrieved from /home/airflow/.local/lib/python3.7/site-packages/airflow/example_dags/example_branch_operator.py
[2023-05-13T06:42:12.467+0000] {logging_mixin.py:137} INFO - [2023-05-13T06:42:12.467+0000] {dag.py:2690} INFO - Sync 1 DAGs
[2023-05-13T06:42:12.479+0000] {logging_mixin.py:137} INFO - [2023-05-13T06:42:12.479+0000] {dag.py:3441} INFO - Setting next_dagrun for example_branch_operator to 2023-05-12T00:00:00+00:00, run_after=2023-05-13T00:00:00+00:00
[2023-05-13T06:42:12.489+0000] {processor.py:175} INFO - Processing /home/airflow/.local/lib/python3.7/site-packages/airflow/example_dags/example_branch_operator.py took 0.072 seconds
