[2023-05-13T06:22:36.767+0000] {processor.py:153} INFO - Started process (PID=34) to work on /home/airflow/.local/lib/python3.7/site-packages/airflow/example_dags/example_datasets.py
[2023-05-13T06:22:36.768+0000] {processor.py:743} INFO - Processing file /home/airflow/.local/lib/python3.7/site-packages/airflow/example_dags/example_datasets.py for tasks to queue
[2023-05-13T06:22:36.770+0000] {logging_mixin.py:137} INFO - [2023-05-13T06:22:36.770+0000] {dagbag.py:538} INFO - Filling up the DagBag from /home/airflow/.local/lib/python3.7/site-packages/airflow/example_dags/example_datasets.py
[2023-05-13T06:22:36.806+0000] {processor.py:753} INFO - DAG(s) dict_keys(['dataset_produces_2', 'dataset_produces_1', 'dataset_consumes_1', 'dataset_consumes_1_and_2', 'dataset_consumes_unknown_never_scheduled', 'dataset_consumes_1_never_scheduled']) retrieved from /home/airflow/.local/lib/python3.7/site-packages/airflow/example_dags/example_datasets.py
[2023-05-13T06:22:36.873+0000] {logging_mixin.py:137} INFO - [2023-05-13T06:22:36.873+0000] {dag.py:2690} INFO - Sync 6 DAGs
[2023-05-13T06:22:36.889+0000] {logging_mixin.py:137} INFO - [2023-05-13T06:22:36.889+0000] {dag.py:3441} INFO - Setting next_dagrun for dataset_consumes_1 to None, run_after=None
[2023-05-13T06:22:36.891+0000] {logging_mixin.py:137} INFO - [2023-05-13T06:22:36.891+0000] {dag.py:3441} INFO - Setting next_dagrun for dataset_consumes_1_and_2 to None, run_after=None
[2023-05-13T06:22:36.892+0000] {logging_mixin.py:137} INFO - [2023-05-13T06:22:36.892+0000] {dag.py:3441} INFO - Setting next_dagrun for dataset_consumes_1_never_scheduled to None, run_after=None
[2023-05-13T06:22:36.893+0000] {logging_mixin.py:137} INFO - [2023-05-13T06:22:36.893+0000] {dag.py:3441} INFO - Setting next_dagrun for dataset_consumes_unknown_never_scheduled to None, run_after=None
[2023-05-13T06:22:36.896+0000] {logging_mixin.py:137} INFO - [2023-05-13T06:22:36.896+0000] {dag.py:3441} INFO - Setting next_dagrun for dataset_produces_1 to 2023-05-12T00:00:00+00:00, run_after=2023-05-13T00:00:00+00:00
[2023-05-13T06:22:36.897+0000] {logging_mixin.py:137} INFO - [2023-05-13T06:22:36.896+0000] {dag.py:3441} INFO - Setting next_dagrun for dataset_produces_2 to None, run_after=None
[2023-05-13T06:22:36.925+0000] {processor.py:175} INFO - Processing /home/airflow/.local/lib/python3.7/site-packages/airflow/example_dags/example_datasets.py took 0.162 seconds
[2023-05-13T06:23:07.174+0000] {processor.py:153} INFO - Started process (PID=109) to work on /home/airflow/.local/lib/python3.7/site-packages/airflow/example_dags/example_datasets.py
[2023-05-13T06:23:07.175+0000] {processor.py:743} INFO - Processing file /home/airflow/.local/lib/python3.7/site-packages/airflow/example_dags/example_datasets.py for tasks to queue
[2023-05-13T06:23:07.176+0000] {logging_mixin.py:137} INFO - [2023-05-13T06:23:07.176+0000] {dagbag.py:538} INFO - Filling up the DagBag from /home/airflow/.local/lib/python3.7/site-packages/airflow/example_dags/example_datasets.py
[2023-05-13T06:23:07.190+0000] {processor.py:753} INFO - DAG(s) dict_keys(['dataset_produces_2', 'dataset_consumes_1', 'dataset_consumes_unknown_never_scheduled', 'dataset_produces_1', 'dataset_consumes_1_never_scheduled', 'dataset_consumes_1_and_2']) retrieved from /home/airflow/.local/lib/python3.7/site-packages/airflow/example_dags/example_datasets.py
[2023-05-13T06:23:07.218+0000] {logging_mixin.py:137} INFO - [2023-05-13T06:23:07.218+0000] {dag.py:2690} INFO - Sync 6 DAGs
[2023-05-13T06:23:07.232+0000] {logging_mixin.py:137} INFO - [2023-05-13T06:23:07.232+0000] {dag.py:3441} INFO - Setting next_dagrun for dataset_consumes_1 to None, run_after=None
[2023-05-13T06:23:07.234+0000] {logging_mixin.py:137} INFO - [2023-05-13T06:23:07.234+0000] {dag.py:3441} INFO - Setting next_dagrun for dataset_consumes_1_and_2 to None, run_after=None
[2023-05-13T06:23:07.235+0000] {logging_mixin.py:137} INFO - [2023-05-13T06:23:07.235+0000] {dag.py:3441} INFO - Setting next_dagrun for dataset_consumes_1_never_scheduled to None, run_after=None
[2023-05-13T06:23:07.236+0000] {logging_mixin.py:137} INFO - [2023-05-13T06:23:07.236+0000] {dag.py:3441} INFO - Setting next_dagrun for dataset_consumes_unknown_never_scheduled to None, run_after=None
[2023-05-13T06:23:07.237+0000] {logging_mixin.py:137} INFO - [2023-05-13T06:23:07.237+0000] {dag.py:3441} INFO - Setting next_dagrun for dataset_produces_1 to 2023-05-12T00:00:00+00:00, run_after=2023-05-13T00:00:00+00:00
[2023-05-13T06:23:07.238+0000] {logging_mixin.py:137} INFO - [2023-05-13T06:23:07.238+0000] {dag.py:3441} INFO - Setting next_dagrun for dataset_produces_2 to None, run_after=None
[2023-05-13T06:23:07.253+0000] {processor.py:175} INFO - Processing /home/airflow/.local/lib/python3.7/site-packages/airflow/example_dags/example_datasets.py took 0.084 seconds
[2023-05-13T06:23:37.956+0000] {processor.py:153} INFO - Started process (PID=172) to work on /home/airflow/.local/lib/python3.7/site-packages/airflow/example_dags/example_datasets.py
[2023-05-13T06:23:37.958+0000] {processor.py:743} INFO - Processing file /home/airflow/.local/lib/python3.7/site-packages/airflow/example_dags/example_datasets.py for tasks to queue
[2023-05-13T06:23:37.959+0000] {logging_mixin.py:137} INFO - [2023-05-13T06:23:37.959+0000] {dagbag.py:538} INFO - Filling up the DagBag from /home/airflow/.local/lib/python3.7/site-packages/airflow/example_dags/example_datasets.py
[2023-05-13T06:23:37.970+0000] {processor.py:753} INFO - DAG(s) dict_keys(['dataset_consumes_1', 'dataset_consumes_unknown_never_scheduled', 'dataset_consumes_1_and_2', 'dataset_consumes_1_never_scheduled', 'dataset_produces_2', 'dataset_produces_1']) retrieved from /home/airflow/.local/lib/python3.7/site-packages/airflow/example_dags/example_datasets.py
[2023-05-13T06:23:37.996+0000] {logging_mixin.py:137} INFO - [2023-05-13T06:23:37.996+0000] {dag.py:2690} INFO - Sync 6 DAGs
[2023-05-13T06:23:38.031+0000] {logging_mixin.py:137} INFO - [2023-05-13T06:23:38.031+0000] {dag.py:3441} INFO - Setting next_dagrun for dataset_consumes_1 to None, run_after=None
[2023-05-13T06:23:38.038+0000] {logging_mixin.py:137} INFO - [2023-05-13T06:23:38.037+0000] {dag.py:3441} INFO - Setting next_dagrun for dataset_consumes_1_and_2 to None, run_after=None
[2023-05-13T06:23:38.046+0000] {logging_mixin.py:137} INFO - [2023-05-13T06:23:38.046+0000] {dag.py:3441} INFO - Setting next_dagrun for dataset_consumes_1_never_scheduled to None, run_after=None
[2023-05-13T06:23:38.048+0000] {logging_mixin.py:137} INFO - [2023-05-13T06:23:38.048+0000] {dag.py:3441} INFO - Setting next_dagrun for dataset_consumes_unknown_never_scheduled to None, run_after=None
[2023-05-13T06:23:38.050+0000] {logging_mixin.py:137} INFO - [2023-05-13T06:23:38.050+0000] {dag.py:3441} INFO - Setting next_dagrun for dataset_produces_1 to 2023-05-12T00:00:00+00:00, run_after=2023-05-13T00:00:00+00:00
[2023-05-13T06:23:38.053+0000] {logging_mixin.py:137} INFO - [2023-05-13T06:23:38.053+0000] {dag.py:3441} INFO - Setting next_dagrun for dataset_produces_2 to None, run_after=None
[2023-05-13T06:23:38.074+0000] {processor.py:175} INFO - Processing /home/airflow/.local/lib/python3.7/site-packages/airflow/example_dags/example_datasets.py took 0.121 seconds
[2023-05-13T06:24:08.918+0000] {processor.py:153} INFO - Started process (PID=248) to work on /home/airflow/.local/lib/python3.7/site-packages/airflow/example_dags/example_datasets.py
[2023-05-13T06:24:08.929+0000] {processor.py:743} INFO - Processing file /home/airflow/.local/lib/python3.7/site-packages/airflow/example_dags/example_datasets.py for tasks to queue
[2023-05-13T06:24:08.930+0000] {logging_mixin.py:137} INFO - [2023-05-13T06:24:08.930+0000] {dagbag.py:538} INFO - Filling up the DagBag from /home/airflow/.local/lib/python3.7/site-packages/airflow/example_dags/example_datasets.py
[2023-05-13T06:24:08.943+0000] {processor.py:753} INFO - DAG(s) dict_keys(['dataset_produces_1', 'dataset_consumes_1_and_2', 'dataset_consumes_unknown_never_scheduled', 'dataset_produces_2', 'dataset_consumes_1', 'dataset_consumes_1_never_scheduled']) retrieved from /home/airflow/.local/lib/python3.7/site-packages/airflow/example_dags/example_datasets.py
[2023-05-13T06:24:08.967+0000] {logging_mixin.py:137} INFO - [2023-05-13T06:24:08.967+0000] {dag.py:2690} INFO - Sync 6 DAGs
[2023-05-13T06:24:08.981+0000] {logging_mixin.py:137} INFO - [2023-05-13T06:24:08.981+0000] {dag.py:3441} INFO - Setting next_dagrun for dataset_consumes_1 to None, run_after=None
[2023-05-13T06:24:08.983+0000] {logging_mixin.py:137} INFO - [2023-05-13T06:24:08.983+0000] {dag.py:3441} INFO - Setting next_dagrun for dataset_consumes_1_and_2 to None, run_after=None
[2023-05-13T06:24:08.984+0000] {logging_mixin.py:137} INFO - [2023-05-13T06:24:08.984+0000] {dag.py:3441} INFO - Setting next_dagrun for dataset_consumes_1_never_scheduled to None, run_after=None
[2023-05-13T06:24:08.985+0000] {logging_mixin.py:137} INFO - [2023-05-13T06:24:08.985+0000] {dag.py:3441} INFO - Setting next_dagrun for dataset_consumes_unknown_never_scheduled to None, run_after=None
[2023-05-13T06:24:08.986+0000] {logging_mixin.py:137} INFO - [2023-05-13T06:24:08.986+0000] {dag.py:3441} INFO - Setting next_dagrun for dataset_produces_1 to 2023-05-12T00:00:00+00:00, run_after=2023-05-13T00:00:00+00:00
[2023-05-13T06:24:08.987+0000] {logging_mixin.py:137} INFO - [2023-05-13T06:24:08.987+0000] {dag.py:3441} INFO - Setting next_dagrun for dataset_produces_2 to None, run_after=None
[2023-05-13T06:24:09.008+0000] {processor.py:175} INFO - Processing /home/airflow/.local/lib/python3.7/site-packages/airflow/example_dags/example_datasets.py took 0.094 seconds
[2023-05-13T06:24:39.788+0000] {processor.py:153} INFO - Started process (PID=323) to work on /home/airflow/.local/lib/python3.7/site-packages/airflow/example_dags/example_datasets.py
[2023-05-13T06:24:39.789+0000] {processor.py:743} INFO - Processing file /home/airflow/.local/lib/python3.7/site-packages/airflow/example_dags/example_datasets.py for tasks to queue
[2023-05-13T06:24:39.790+0000] {logging_mixin.py:137} INFO - [2023-05-13T06:24:39.790+0000] {dagbag.py:538} INFO - Filling up the DagBag from /home/airflow/.local/lib/python3.7/site-packages/airflow/example_dags/example_datasets.py
[2023-05-13T06:24:39.804+0000] {processor.py:753} INFO - DAG(s) dict_keys(['dataset_produces_1', 'dataset_produces_2', 'dataset_consumes_1_and_2', 'dataset_consumes_1_never_scheduled', 'dataset_consumes_1', 'dataset_consumes_unknown_never_scheduled']) retrieved from /home/airflow/.local/lib/python3.7/site-packages/airflow/example_dags/example_datasets.py
[2023-05-13T06:24:39.831+0000] {logging_mixin.py:137} INFO - [2023-05-13T06:24:39.831+0000] {dag.py:2690} INFO - Sync 6 DAGs
[2023-05-13T06:24:39.845+0000] {logging_mixin.py:137} INFO - [2023-05-13T06:24:39.845+0000] {dag.py:3441} INFO - Setting next_dagrun for dataset_consumes_1 to None, run_after=None
[2023-05-13T06:24:39.847+0000] {logging_mixin.py:137} INFO - [2023-05-13T06:24:39.847+0000] {dag.py:3441} INFO - Setting next_dagrun for dataset_consumes_1_and_2 to None, run_after=None
[2023-05-13T06:24:39.848+0000] {logging_mixin.py:137} INFO - [2023-05-13T06:24:39.847+0000] {dag.py:3441} INFO - Setting next_dagrun for dataset_consumes_1_never_scheduled to None, run_after=None
[2023-05-13T06:24:39.848+0000] {logging_mixin.py:137} INFO - [2023-05-13T06:24:39.848+0000] {dag.py:3441} INFO - Setting next_dagrun for dataset_consumes_unknown_never_scheduled to None, run_after=None
[2023-05-13T06:24:39.850+0000] {logging_mixin.py:137} INFO - [2023-05-13T06:24:39.850+0000] {dag.py:3441} INFO - Setting next_dagrun for dataset_produces_1 to 2023-05-12T00:00:00+00:00, run_after=2023-05-13T00:00:00+00:00
[2023-05-13T06:24:39.851+0000] {logging_mixin.py:137} INFO - [2023-05-13T06:24:39.851+0000] {dag.py:3441} INFO - Setting next_dagrun for dataset_produces_2 to None, run_after=None
[2023-05-13T06:24:39.866+0000] {processor.py:175} INFO - Processing /home/airflow/.local/lib/python3.7/site-packages/airflow/example_dags/example_datasets.py took 0.081 seconds
[2023-05-13T06:25:10.535+0000] {processor.py:153} INFO - Started process (PID=397) to work on /home/airflow/.local/lib/python3.7/site-packages/airflow/example_dags/example_datasets.py
[2023-05-13T06:25:10.538+0000] {processor.py:743} INFO - Processing file /home/airflow/.local/lib/python3.7/site-packages/airflow/example_dags/example_datasets.py for tasks to queue
[2023-05-13T06:25:10.539+0000] {logging_mixin.py:137} INFO - [2023-05-13T06:25:10.539+0000] {dagbag.py:538} INFO - Filling up the DagBag from /home/airflow/.local/lib/python3.7/site-packages/airflow/example_dags/example_datasets.py
[2023-05-13T06:25:10.554+0000] {processor.py:753} INFO - DAG(s) dict_keys(['dataset_consumes_1_never_scheduled', 'dataset_produces_1', 'dataset_produces_2', 'dataset_consumes_1_and_2', 'dataset_consumes_unknown_never_scheduled', 'dataset_consumes_1']) retrieved from /home/airflow/.local/lib/python3.7/site-packages/airflow/example_dags/example_datasets.py
[2023-05-13T06:25:10.582+0000] {logging_mixin.py:137} INFO - [2023-05-13T06:25:10.582+0000] {dag.py:2690} INFO - Sync 6 DAGs
[2023-05-13T06:25:10.597+0000] {logging_mixin.py:137} INFO - [2023-05-13T06:25:10.597+0000] {dag.py:3441} INFO - Setting next_dagrun for dataset_consumes_1 to None, run_after=None
[2023-05-13T06:25:10.599+0000] {logging_mixin.py:137} INFO - [2023-05-13T06:25:10.599+0000] {dag.py:3441} INFO - Setting next_dagrun for dataset_consumes_1_and_2 to None, run_after=None
[2023-05-13T06:25:10.600+0000] {logging_mixin.py:137} INFO - [2023-05-13T06:25:10.600+0000] {dag.py:3441} INFO - Setting next_dagrun for dataset_consumes_1_never_scheduled to None, run_after=None
[2023-05-13T06:25:10.600+0000] {logging_mixin.py:137} INFO - [2023-05-13T06:25:10.600+0000] {dag.py:3441} INFO - Setting next_dagrun for dataset_consumes_unknown_never_scheduled to None, run_after=None
[2023-05-13T06:25:10.602+0000] {logging_mixin.py:137} INFO - [2023-05-13T06:25:10.602+0000] {dag.py:3441} INFO - Setting next_dagrun for dataset_produces_1 to 2023-05-12T00:00:00+00:00, run_after=2023-05-13T00:00:00+00:00
[2023-05-13T06:25:10.603+0000] {logging_mixin.py:137} INFO - [2023-05-13T06:25:10.603+0000] {dag.py:3441} INFO - Setting next_dagrun for dataset_produces_2 to None, run_after=None
[2023-05-13T06:25:10.618+0000] {processor.py:175} INFO - Processing /home/airflow/.local/lib/python3.7/site-packages/airflow/example_dags/example_datasets.py took 0.086 seconds
[2023-05-13T06:25:41.330+0000] {processor.py:153} INFO - Started process (PID=460) to work on /home/airflow/.local/lib/python3.7/site-packages/airflow/example_dags/example_datasets.py
[2023-05-13T06:25:41.331+0000] {processor.py:743} INFO - Processing file /home/airflow/.local/lib/python3.7/site-packages/airflow/example_dags/example_datasets.py for tasks to queue
[2023-05-13T06:25:41.332+0000] {logging_mixin.py:137} INFO - [2023-05-13T06:25:41.332+0000] {dagbag.py:538} INFO - Filling up the DagBag from /home/airflow/.local/lib/python3.7/site-packages/airflow/example_dags/example_datasets.py
[2023-05-13T06:25:41.347+0000] {processor.py:753} INFO - DAG(s) dict_keys(['dataset_consumes_1_never_scheduled', 'dataset_produces_2', 'dataset_consumes_1', 'dataset_consumes_1_and_2', 'dataset_produces_1', 'dataset_consumes_unknown_never_scheduled']) retrieved from /home/airflow/.local/lib/python3.7/site-packages/airflow/example_dags/example_datasets.py
[2023-05-13T06:25:41.375+0000] {logging_mixin.py:137} INFO - [2023-05-13T06:25:41.375+0000] {dag.py:2690} INFO - Sync 6 DAGs
[2023-05-13T06:25:41.389+0000] {logging_mixin.py:137} INFO - [2023-05-13T06:25:41.389+0000] {dag.py:3441} INFO - Setting next_dagrun for dataset_consumes_1 to None, run_after=None
[2023-05-13T06:25:41.391+0000] {logging_mixin.py:137} INFO - [2023-05-13T06:25:41.391+0000] {dag.py:3441} INFO - Setting next_dagrun for dataset_consumes_1_and_2 to None, run_after=None
[2023-05-13T06:25:41.392+0000] {logging_mixin.py:137} INFO - [2023-05-13T06:25:41.392+0000] {dag.py:3441} INFO - Setting next_dagrun for dataset_consumes_1_never_scheduled to None, run_after=None
[2023-05-13T06:25:41.393+0000] {logging_mixin.py:137} INFO - [2023-05-13T06:25:41.393+0000] {dag.py:3441} INFO - Setting next_dagrun for dataset_consumes_unknown_never_scheduled to None, run_after=None
[2023-05-13T06:25:41.394+0000] {logging_mixin.py:137} INFO - [2023-05-13T06:25:41.394+0000] {dag.py:3441} INFO - Setting next_dagrun for dataset_produces_1 to 2023-05-12T00:00:00+00:00, run_after=2023-05-13T00:00:00+00:00
[2023-05-13T06:25:41.395+0000] {logging_mixin.py:137} INFO - [2023-05-13T06:25:41.395+0000] {dag.py:3441} INFO - Setting next_dagrun for dataset_produces_2 to None, run_after=None
[2023-05-13T06:25:41.410+0000] {processor.py:175} INFO - Processing /home/airflow/.local/lib/python3.7/site-packages/airflow/example_dags/example_datasets.py took 0.085 seconds
[2023-05-13T06:26:11.491+0000] {processor.py:153} INFO - Started process (PID=535) to work on /home/airflow/.local/lib/python3.7/site-packages/airflow/example_dags/example_datasets.py
[2023-05-13T06:26:11.492+0000] {processor.py:743} INFO - Processing file /home/airflow/.local/lib/python3.7/site-packages/airflow/example_dags/example_datasets.py for tasks to queue
[2023-05-13T06:26:11.494+0000] {logging_mixin.py:137} INFO - [2023-05-13T06:26:11.493+0000] {dagbag.py:538} INFO - Filling up the DagBag from /home/airflow/.local/lib/python3.7/site-packages/airflow/example_dags/example_datasets.py
[2023-05-13T06:26:11.508+0000] {processor.py:753} INFO - DAG(s) dict_keys(['dataset_consumes_1_and_2', 'dataset_consumes_unknown_never_scheduled', 'dataset_produces_2', 'dataset_produces_1', 'dataset_consumes_1', 'dataset_consumes_1_never_scheduled']) retrieved from /home/airflow/.local/lib/python3.7/site-packages/airflow/example_dags/example_datasets.py
[2023-05-13T06:26:11.536+0000] {logging_mixin.py:137} INFO - [2023-05-13T06:26:11.536+0000] {dag.py:2690} INFO - Sync 6 DAGs
[2023-05-13T06:26:11.550+0000] {logging_mixin.py:137} INFO - [2023-05-13T06:26:11.550+0000] {dag.py:3441} INFO - Setting next_dagrun for dataset_consumes_1 to None, run_after=None
[2023-05-13T06:26:11.552+0000] {logging_mixin.py:137} INFO - [2023-05-13T06:26:11.552+0000] {dag.py:3441} INFO - Setting next_dagrun for dataset_consumes_1_and_2 to None, run_after=None
[2023-05-13T06:26:11.553+0000] {logging_mixin.py:137} INFO - [2023-05-13T06:26:11.553+0000] {dag.py:3441} INFO - Setting next_dagrun for dataset_consumes_1_never_scheduled to None, run_after=None
[2023-05-13T06:26:11.554+0000] {logging_mixin.py:137} INFO - [2023-05-13T06:26:11.554+0000] {dag.py:3441} INFO - Setting next_dagrun for dataset_consumes_unknown_never_scheduled to None, run_after=None
[2023-05-13T06:26:11.555+0000] {logging_mixin.py:137} INFO - [2023-05-13T06:26:11.555+0000] {dag.py:3441} INFO - Setting next_dagrun for dataset_produces_1 to 2023-05-12T00:00:00+00:00, run_after=2023-05-13T00:00:00+00:00
[2023-05-13T06:26:11.556+0000] {logging_mixin.py:137} INFO - [2023-05-13T06:26:11.556+0000] {dag.py:3441} INFO - Setting next_dagrun for dataset_produces_2 to None, run_after=None
[2023-05-13T06:26:11.572+0000] {processor.py:175} INFO - Processing /home/airflow/.local/lib/python3.7/site-packages/airflow/example_dags/example_datasets.py took 0.084 seconds
[2023-05-13T06:26:42.457+0000] {processor.py:153} INFO - Started process (PID=610) to work on /home/airflow/.local/lib/python3.7/site-packages/airflow/example_dags/example_datasets.py
[2023-05-13T06:26:42.458+0000] {processor.py:743} INFO - Processing file /home/airflow/.local/lib/python3.7/site-packages/airflow/example_dags/example_datasets.py for tasks to queue
[2023-05-13T06:26:42.461+0000] {logging_mixin.py:137} INFO - [2023-05-13T06:26:42.459+0000] {dagbag.py:538} INFO - Filling up the DagBag from /home/airflow/.local/lib/python3.7/site-packages/airflow/example_dags/example_datasets.py
[2023-05-13T06:26:42.477+0000] {processor.py:753} INFO - DAG(s) dict_keys(['dataset_produces_2', 'dataset_produces_1', 'dataset_consumes_1_and_2', 'dataset_consumes_unknown_never_scheduled', 'dataset_consumes_1', 'dataset_consumes_1_never_scheduled']) retrieved from /home/airflow/.local/lib/python3.7/site-packages/airflow/example_dags/example_datasets.py
[2023-05-13T06:26:42.508+0000] {logging_mixin.py:137} INFO - [2023-05-13T06:26:42.508+0000] {dag.py:2690} INFO - Sync 6 DAGs
[2023-05-13T06:26:42.522+0000] {logging_mixin.py:137} INFO - [2023-05-13T06:26:42.522+0000] {dag.py:3441} INFO - Setting next_dagrun for dataset_consumes_1 to None, run_after=None
[2023-05-13T06:26:42.524+0000] {logging_mixin.py:137} INFO - [2023-05-13T06:26:42.524+0000] {dag.py:3441} INFO - Setting next_dagrun for dataset_consumes_1_and_2 to None, run_after=None
[2023-05-13T06:26:42.525+0000] {logging_mixin.py:137} INFO - [2023-05-13T06:26:42.525+0000] {dag.py:3441} INFO - Setting next_dagrun for dataset_consumes_1_never_scheduled to None, run_after=None
[2023-05-13T06:26:42.526+0000] {logging_mixin.py:137} INFO - [2023-05-13T06:26:42.526+0000] {dag.py:3441} INFO - Setting next_dagrun for dataset_consumes_unknown_never_scheduled to None, run_after=None
[2023-05-13T06:26:42.528+0000] {logging_mixin.py:137} INFO - [2023-05-13T06:26:42.528+0000] {dag.py:3441} INFO - Setting next_dagrun for dataset_produces_1 to 2023-05-12T00:00:00+00:00, run_after=2023-05-13T00:00:00+00:00
[2023-05-13T06:26:42.528+0000] {logging_mixin.py:137} INFO - [2023-05-13T06:26:42.528+0000] {dag.py:3441} INFO - Setting next_dagrun for dataset_produces_2 to None, run_after=None
[2023-05-13T06:26:42.544+0000] {processor.py:175} INFO - Processing /home/airflow/.local/lib/python3.7/site-packages/airflow/example_dags/example_datasets.py took 0.092 seconds
[2023-05-13T06:27:13.365+0000] {processor.py:153} INFO - Started process (PID=685) to work on /home/airflow/.local/lib/python3.7/site-packages/airflow/example_dags/example_datasets.py
[2023-05-13T06:27:13.371+0000] {processor.py:743} INFO - Processing file /home/airflow/.local/lib/python3.7/site-packages/airflow/example_dags/example_datasets.py for tasks to queue
[2023-05-13T06:27:13.371+0000] {logging_mixin.py:137} INFO - [2023-05-13T06:27:13.371+0000] {dagbag.py:538} INFO - Filling up the DagBag from /home/airflow/.local/lib/python3.7/site-packages/airflow/example_dags/example_datasets.py
[2023-05-13T06:27:13.392+0000] {processor.py:753} INFO - DAG(s) dict_keys(['dataset_produces_2', 'dataset_consumes_1_never_scheduled', 'dataset_produces_1', 'dataset_consumes_unknown_never_scheduled', 'dataset_consumes_1', 'dataset_consumes_1_and_2']) retrieved from /home/airflow/.local/lib/python3.7/site-packages/airflow/example_dags/example_datasets.py
[2023-05-13T06:27:13.427+0000] {logging_mixin.py:137} INFO - [2023-05-13T06:27:13.427+0000] {dag.py:2690} INFO - Sync 6 DAGs
[2023-05-13T06:27:13.448+0000] {logging_mixin.py:137} INFO - [2023-05-13T06:27:13.447+0000] {dag.py:3441} INFO - Setting next_dagrun for dataset_consumes_1 to None, run_after=None
[2023-05-13T06:27:13.450+0000] {logging_mixin.py:137} INFO - [2023-05-13T06:27:13.450+0000] {dag.py:3441} INFO - Setting next_dagrun for dataset_consumes_1_and_2 to None, run_after=None
[2023-05-13T06:27:13.451+0000] {logging_mixin.py:137} INFO - [2023-05-13T06:27:13.451+0000] {dag.py:3441} INFO - Setting next_dagrun for dataset_consumes_1_never_scheduled to None, run_after=None
[2023-05-13T06:27:13.452+0000] {logging_mixin.py:137} INFO - [2023-05-13T06:27:13.452+0000] {dag.py:3441} INFO - Setting next_dagrun for dataset_consumes_unknown_never_scheduled to None, run_after=None
[2023-05-13T06:27:13.454+0000] {logging_mixin.py:137} INFO - [2023-05-13T06:27:13.454+0000] {dag.py:3441} INFO - Setting next_dagrun for dataset_produces_1 to 2023-05-12T00:00:00+00:00, run_after=2023-05-13T00:00:00+00:00
[2023-05-13T06:27:13.455+0000] {logging_mixin.py:137} INFO - [2023-05-13T06:27:13.455+0000] {dag.py:3441} INFO - Setting next_dagrun for dataset_produces_2 to None, run_after=None
[2023-05-13T06:27:13.474+0000] {processor.py:175} INFO - Processing /home/airflow/.local/lib/python3.7/site-packages/airflow/example_dags/example_datasets.py took 0.114 seconds
[2023-05-13T06:27:43.606+0000] {processor.py:153} INFO - Started process (PID=749) to work on /home/airflow/.local/lib/python3.7/site-packages/airflow/example_dags/example_datasets.py
[2023-05-13T06:27:43.607+0000] {processor.py:743} INFO - Processing file /home/airflow/.local/lib/python3.7/site-packages/airflow/example_dags/example_datasets.py for tasks to queue
[2023-05-13T06:27:43.609+0000] {logging_mixin.py:137} INFO - [2023-05-13T06:27:43.609+0000] {dagbag.py:538} INFO - Filling up the DagBag from /home/airflow/.local/lib/python3.7/site-packages/airflow/example_dags/example_datasets.py
[2023-05-13T06:27:43.623+0000] {processor.py:753} INFO - DAG(s) dict_keys(['dataset_consumes_unknown_never_scheduled', 'dataset_consumes_1', 'dataset_consumes_1_and_2', 'dataset_produces_2', 'dataset_produces_1', 'dataset_consumes_1_never_scheduled']) retrieved from /home/airflow/.local/lib/python3.7/site-packages/airflow/example_dags/example_datasets.py
[2023-05-13T06:27:43.650+0000] {logging_mixin.py:137} INFO - [2023-05-13T06:27:43.650+0000] {dag.py:2690} INFO - Sync 6 DAGs
[2023-05-13T06:27:43.664+0000] {logging_mixin.py:137} INFO - [2023-05-13T06:27:43.664+0000] {dag.py:3441} INFO - Setting next_dagrun for dataset_consumes_1 to None, run_after=None
[2023-05-13T06:27:43.666+0000] {logging_mixin.py:137} INFO - [2023-05-13T06:27:43.666+0000] {dag.py:3441} INFO - Setting next_dagrun for dataset_consumes_1_and_2 to None, run_after=None
[2023-05-13T06:27:43.666+0000] {logging_mixin.py:137} INFO - [2023-05-13T06:27:43.666+0000] {dag.py:3441} INFO - Setting next_dagrun for dataset_consumes_1_never_scheduled to None, run_after=None
[2023-05-13T06:27:43.667+0000] {logging_mixin.py:137} INFO - [2023-05-13T06:27:43.667+0000] {dag.py:3441} INFO - Setting next_dagrun for dataset_consumes_unknown_never_scheduled to None, run_after=None
[2023-05-13T06:27:43.669+0000] {logging_mixin.py:137} INFO - [2023-05-13T06:27:43.669+0000] {dag.py:3441} INFO - Setting next_dagrun for dataset_produces_1 to 2023-05-12T00:00:00+00:00, run_after=2023-05-13T00:00:00+00:00
[2023-05-13T06:27:43.669+0000] {logging_mixin.py:137} INFO - [2023-05-13T06:27:43.669+0000] {dag.py:3441} INFO - Setting next_dagrun for dataset_produces_2 to None, run_after=None
[2023-05-13T06:27:43.685+0000] {processor.py:175} INFO - Processing /home/airflow/.local/lib/python3.7/site-packages/airflow/example_dags/example_datasets.py took 0.083 seconds
[2023-05-13T06:28:13.774+0000] {processor.py:153} INFO - Started process (PID=824) to work on /home/airflow/.local/lib/python3.7/site-packages/airflow/example_dags/example_datasets.py
[2023-05-13T06:28:13.775+0000] {processor.py:743} INFO - Processing file /home/airflow/.local/lib/python3.7/site-packages/airflow/example_dags/example_datasets.py for tasks to queue
[2023-05-13T06:28:13.776+0000] {logging_mixin.py:137} INFO - [2023-05-13T06:28:13.776+0000] {dagbag.py:538} INFO - Filling up the DagBag from /home/airflow/.local/lib/python3.7/site-packages/airflow/example_dags/example_datasets.py
[2023-05-13T06:28:13.791+0000] {processor.py:753} INFO - DAG(s) dict_keys(['dataset_consumes_unknown_never_scheduled', 'dataset_produces_2', 'dataset_consumes_1_and_2', 'dataset_produces_1', 'dataset_consumes_1_never_scheduled', 'dataset_consumes_1']) retrieved from /home/airflow/.local/lib/python3.7/site-packages/airflow/example_dags/example_datasets.py
[2023-05-13T06:28:13.819+0000] {logging_mixin.py:137} INFO - [2023-05-13T06:28:13.819+0000] {dag.py:2690} INFO - Sync 6 DAGs
[2023-05-13T06:28:13.833+0000] {logging_mixin.py:137} INFO - [2023-05-13T06:28:13.833+0000] {dag.py:3441} INFO - Setting next_dagrun for dataset_consumes_1 to None, run_after=None
[2023-05-13T06:28:13.835+0000] {logging_mixin.py:137} INFO - [2023-05-13T06:28:13.835+0000] {dag.py:3441} INFO - Setting next_dagrun for dataset_consumes_1_and_2 to None, run_after=None
[2023-05-13T06:28:13.836+0000] {logging_mixin.py:137} INFO - [2023-05-13T06:28:13.836+0000] {dag.py:3441} INFO - Setting next_dagrun for dataset_consumes_1_never_scheduled to None, run_after=None
[2023-05-13T06:28:13.837+0000] {logging_mixin.py:137} INFO - [2023-05-13T06:28:13.837+0000] {dag.py:3441} INFO - Setting next_dagrun for dataset_consumes_unknown_never_scheduled to None, run_after=None
[2023-05-13T06:28:13.838+0000] {logging_mixin.py:137} INFO - [2023-05-13T06:28:13.838+0000] {dag.py:3441} INFO - Setting next_dagrun for dataset_produces_1 to 2023-05-12T00:00:00+00:00, run_after=2023-05-13T00:00:00+00:00
[2023-05-13T06:28:13.839+0000] {logging_mixin.py:137} INFO - [2023-05-13T06:28:13.839+0000] {dag.py:3441} INFO - Setting next_dagrun for dataset_produces_2 to None, run_after=None
[2023-05-13T06:28:13.855+0000] {processor.py:175} INFO - Processing /home/airflow/.local/lib/python3.7/site-packages/airflow/example_dags/example_datasets.py took 0.085 seconds
[2023-05-13T06:28:43.914+0000] {processor.py:153} INFO - Started process (PID=899) to work on /home/airflow/.local/lib/python3.7/site-packages/airflow/example_dags/example_datasets.py
[2023-05-13T06:28:43.916+0000] {processor.py:743} INFO - Processing file /home/airflow/.local/lib/python3.7/site-packages/airflow/example_dags/example_datasets.py for tasks to queue
[2023-05-13T06:28:43.917+0000] {logging_mixin.py:137} INFO - [2023-05-13T06:28:43.917+0000] {dagbag.py:538} INFO - Filling up the DagBag from /home/airflow/.local/lib/python3.7/site-packages/airflow/example_dags/example_datasets.py
[2023-05-13T06:28:43.932+0000] {processor.py:753} INFO - DAG(s) dict_keys(['dataset_consumes_1_never_scheduled', 'dataset_consumes_1_and_2', 'dataset_produces_2', 'dataset_consumes_unknown_never_scheduled', 'dataset_produces_1', 'dataset_consumes_1']) retrieved from /home/airflow/.local/lib/python3.7/site-packages/airflow/example_dags/example_datasets.py
[2023-05-13T06:28:43.960+0000] {logging_mixin.py:137} INFO - [2023-05-13T06:28:43.960+0000] {dag.py:2690} INFO - Sync 6 DAGs
[2023-05-13T06:28:43.974+0000] {logging_mixin.py:137} INFO - [2023-05-13T06:28:43.974+0000] {dag.py:3441} INFO - Setting next_dagrun for dataset_consumes_1 to None, run_after=None
[2023-05-13T06:28:43.976+0000] {logging_mixin.py:137} INFO - [2023-05-13T06:28:43.976+0000] {dag.py:3441} INFO - Setting next_dagrun for dataset_consumes_1_and_2 to None, run_after=None
[2023-05-13T06:28:43.977+0000] {logging_mixin.py:137} INFO - [2023-05-13T06:28:43.977+0000] {dag.py:3441} INFO - Setting next_dagrun for dataset_consumes_1_never_scheduled to None, run_after=None
[2023-05-13T06:28:43.978+0000] {logging_mixin.py:137} INFO - [2023-05-13T06:28:43.977+0000] {dag.py:3441} INFO - Setting next_dagrun for dataset_consumes_unknown_never_scheduled to None, run_after=None
[2023-05-13T06:28:43.979+0000] {logging_mixin.py:137} INFO - [2023-05-13T06:28:43.979+0000] {dag.py:3441} INFO - Setting next_dagrun for dataset_produces_1 to 2023-05-12T00:00:00+00:00, run_after=2023-05-13T00:00:00+00:00
[2023-05-13T06:28:43.980+0000] {logging_mixin.py:137} INFO - [2023-05-13T06:28:43.980+0000] {dag.py:3441} INFO - Setting next_dagrun for dataset_produces_2 to None, run_after=None
[2023-05-13T06:28:43.995+0000] {processor.py:175} INFO - Processing /home/airflow/.local/lib/python3.7/site-packages/airflow/example_dags/example_datasets.py took 0.085 seconds
[2023-05-13T06:29:14.897+0000] {processor.py:153} INFO - Started process (PID=962) to work on /home/airflow/.local/lib/python3.7/site-packages/airflow/example_dags/example_datasets.py
[2023-05-13T06:29:14.898+0000] {processor.py:743} INFO - Processing file /home/airflow/.local/lib/python3.7/site-packages/airflow/example_dags/example_datasets.py for tasks to queue
[2023-05-13T06:29:14.899+0000] {logging_mixin.py:137} INFO - [2023-05-13T06:29:14.899+0000] {dagbag.py:538} INFO - Filling up the DagBag from /home/airflow/.local/lib/python3.7/site-packages/airflow/example_dags/example_datasets.py
[2023-05-13T06:29:14.908+0000] {processor.py:753} INFO - DAG(s) dict_keys(['dataset_produces_2', 'dataset_consumes_1', 'dataset_consumes_1_and_2', 'dataset_produces_1', 'dataset_consumes_unknown_never_scheduled', 'dataset_consumes_1_never_scheduled']) retrieved from /home/airflow/.local/lib/python3.7/site-packages/airflow/example_dags/example_datasets.py
[2023-05-13T06:29:14.932+0000] {logging_mixin.py:137} INFO - [2023-05-13T06:29:14.932+0000] {dag.py:2690} INFO - Sync 6 DAGs
[2023-05-13T06:29:14.945+0000] {logging_mixin.py:137} INFO - [2023-05-13T06:29:14.945+0000] {dag.py:3441} INFO - Setting next_dagrun for dataset_consumes_1 to None, run_after=None
[2023-05-13T06:29:14.947+0000] {logging_mixin.py:137} INFO - [2023-05-13T06:29:14.947+0000] {dag.py:3441} INFO - Setting next_dagrun for dataset_consumes_1_and_2 to None, run_after=None
[2023-05-13T06:29:14.948+0000] {logging_mixin.py:137} INFO - [2023-05-13T06:29:14.948+0000] {dag.py:3441} INFO - Setting next_dagrun for dataset_consumes_1_never_scheduled to None, run_after=None
[2023-05-13T06:29:14.949+0000] {logging_mixin.py:137} INFO - [2023-05-13T06:29:14.949+0000] {dag.py:3441} INFO - Setting next_dagrun for dataset_consumes_unknown_never_scheduled to None, run_after=None
[2023-05-13T06:29:14.951+0000] {logging_mixin.py:137} INFO - [2023-05-13T06:29:14.951+0000] {dag.py:3441} INFO - Setting next_dagrun for dataset_produces_1 to 2023-05-12T00:00:00+00:00, run_after=2023-05-13T00:00:00+00:00
[2023-05-13T06:29:14.952+0000] {logging_mixin.py:137} INFO - [2023-05-13T06:29:14.952+0000] {dag.py:3441} INFO - Setting next_dagrun for dataset_produces_2 to None, run_after=None
[2023-05-13T06:29:14.968+0000] {processor.py:175} INFO - Processing /home/airflow/.local/lib/python3.7/site-packages/airflow/example_dags/example_datasets.py took 0.073 seconds
[2023-05-13T06:29:45.090+0000] {processor.py:153} INFO - Started process (PID=1037) to work on /home/airflow/.local/lib/python3.7/site-packages/airflow/example_dags/example_datasets.py
[2023-05-13T06:29:45.092+0000] {processor.py:743} INFO - Processing file /home/airflow/.local/lib/python3.7/site-packages/airflow/example_dags/example_datasets.py for tasks to queue
[2023-05-13T06:29:45.093+0000] {logging_mixin.py:137} INFO - [2023-05-13T06:29:45.093+0000] {dagbag.py:538} INFO - Filling up the DagBag from /home/airflow/.local/lib/python3.7/site-packages/airflow/example_dags/example_datasets.py
[2023-05-13T06:29:45.107+0000] {processor.py:753} INFO - DAG(s) dict_keys(['dataset_produces_1', 'dataset_consumes_1', 'dataset_consumes_1_never_scheduled', 'dataset_produces_2', 'dataset_consumes_1_and_2', 'dataset_consumes_unknown_never_scheduled']) retrieved from /home/airflow/.local/lib/python3.7/site-packages/airflow/example_dags/example_datasets.py
[2023-05-13T06:29:45.135+0000] {logging_mixin.py:137} INFO - [2023-05-13T06:29:45.135+0000] {dag.py:2690} INFO - Sync 6 DAGs
[2023-05-13T06:29:45.149+0000] {logging_mixin.py:137} INFO - [2023-05-13T06:29:45.149+0000] {dag.py:3441} INFO - Setting next_dagrun for dataset_consumes_1 to None, run_after=None
[2023-05-13T06:29:45.151+0000] {logging_mixin.py:137} INFO - [2023-05-13T06:29:45.151+0000] {dag.py:3441} INFO - Setting next_dagrun for dataset_consumes_1_and_2 to None, run_after=None
[2023-05-13T06:29:45.152+0000] {logging_mixin.py:137} INFO - [2023-05-13T06:29:45.152+0000] {dag.py:3441} INFO - Setting next_dagrun for dataset_consumes_1_never_scheduled to None, run_after=None
[2023-05-13T06:29:45.153+0000] {logging_mixin.py:137} INFO - [2023-05-13T06:29:45.153+0000] {dag.py:3441} INFO - Setting next_dagrun for dataset_consumes_unknown_never_scheduled to None, run_after=None
[2023-05-13T06:29:45.155+0000] {logging_mixin.py:137} INFO - [2023-05-13T06:29:45.155+0000] {dag.py:3441} INFO - Setting next_dagrun for dataset_produces_1 to 2023-05-12T00:00:00+00:00, run_after=2023-05-13T00:00:00+00:00
[2023-05-13T06:29:45.155+0000] {logging_mixin.py:137} INFO - [2023-05-13T06:29:45.155+0000] {dag.py:3441} INFO - Setting next_dagrun for dataset_produces_2 to None, run_after=None
[2023-05-13T06:29:45.171+0000] {processor.py:175} INFO - Processing /home/airflow/.local/lib/python3.7/site-packages/airflow/example_dags/example_datasets.py took 0.085 seconds
[2023-05-13T06:30:15.314+0000] {processor.py:153} INFO - Started process (PID=1112) to work on /home/airflow/.local/lib/python3.7/site-packages/airflow/example_dags/example_datasets.py
[2023-05-13T06:30:15.315+0000] {processor.py:743} INFO - Processing file /home/airflow/.local/lib/python3.7/site-packages/airflow/example_dags/example_datasets.py for tasks to queue
[2023-05-13T06:30:15.316+0000] {logging_mixin.py:137} INFO - [2023-05-13T06:30:15.316+0000] {dagbag.py:538} INFO - Filling up the DagBag from /home/airflow/.local/lib/python3.7/site-packages/airflow/example_dags/example_datasets.py
[2023-05-13T06:30:15.331+0000] {processor.py:753} INFO - DAG(s) dict_keys(['dataset_consumes_1_never_scheduled', 'dataset_produces_1', 'dataset_consumes_1_and_2', 'dataset_consumes_unknown_never_scheduled', 'dataset_consumes_1', 'dataset_produces_2']) retrieved from /home/airflow/.local/lib/python3.7/site-packages/airflow/example_dags/example_datasets.py
[2023-05-13T06:30:15.358+0000] {logging_mixin.py:137} INFO - [2023-05-13T06:30:15.358+0000] {dag.py:2690} INFO - Sync 6 DAGs
[2023-05-13T06:30:15.372+0000] {logging_mixin.py:137} INFO - [2023-05-13T06:30:15.372+0000] {dag.py:3441} INFO - Setting next_dagrun for dataset_consumes_1 to None, run_after=None
[2023-05-13T06:30:15.374+0000] {logging_mixin.py:137} INFO - [2023-05-13T06:30:15.374+0000] {dag.py:3441} INFO - Setting next_dagrun for dataset_consumes_1_and_2 to None, run_after=None
[2023-05-13T06:30:15.375+0000] {logging_mixin.py:137} INFO - [2023-05-13T06:30:15.375+0000] {dag.py:3441} INFO - Setting next_dagrun for dataset_consumes_1_never_scheduled to None, run_after=None
[2023-05-13T06:30:15.376+0000] {logging_mixin.py:137} INFO - [2023-05-13T06:30:15.376+0000] {dag.py:3441} INFO - Setting next_dagrun for dataset_consumes_unknown_never_scheduled to None, run_after=None
[2023-05-13T06:30:15.378+0000] {logging_mixin.py:137} INFO - [2023-05-13T06:30:15.377+0000] {dag.py:3441} INFO - Setting next_dagrun for dataset_produces_1 to 2023-05-12T00:00:00+00:00, run_after=2023-05-13T00:00:00+00:00
[2023-05-13T06:30:15.380+0000] {logging_mixin.py:137} INFO - [2023-05-13T06:30:15.380+0000] {dag.py:3441} INFO - Setting next_dagrun for dataset_produces_2 to None, run_after=None
[2023-05-13T06:30:15.396+0000] {processor.py:175} INFO - Processing /home/airflow/.local/lib/python3.7/site-packages/airflow/example_dags/example_datasets.py took 0.085 seconds
[2023-05-13T06:30:45.509+0000] {processor.py:153} INFO - Started process (PID=1174) to work on /home/airflow/.local/lib/python3.7/site-packages/airflow/example_dags/example_datasets.py
[2023-05-13T06:30:45.510+0000] {processor.py:743} INFO - Processing file /home/airflow/.local/lib/python3.7/site-packages/airflow/example_dags/example_datasets.py for tasks to queue
[2023-05-13T06:30:45.511+0000] {logging_mixin.py:137} INFO - [2023-05-13T06:30:45.511+0000] {dagbag.py:538} INFO - Filling up the DagBag from /home/airflow/.local/lib/python3.7/site-packages/airflow/example_dags/example_datasets.py
[2023-05-13T06:30:45.520+0000] {processor.py:753} INFO - DAG(s) dict_keys(['dataset_consumes_unknown_never_scheduled', 'dataset_consumes_1_and_2', 'dataset_consumes_1_never_scheduled', 'dataset_produces_1', 'dataset_produces_2', 'dataset_consumes_1']) retrieved from /home/airflow/.local/lib/python3.7/site-packages/airflow/example_dags/example_datasets.py
[2023-05-13T06:30:45.544+0000] {logging_mixin.py:137} INFO - [2023-05-13T06:30:45.544+0000] {dag.py:2690} INFO - Sync 6 DAGs
[2023-05-13T06:30:45.558+0000] {logging_mixin.py:137} INFO - [2023-05-13T06:30:45.558+0000] {dag.py:3441} INFO - Setting next_dagrun for dataset_consumes_1 to None, run_after=None
[2023-05-13T06:30:45.560+0000] {logging_mixin.py:137} INFO - [2023-05-13T06:30:45.560+0000] {dag.py:3441} INFO - Setting next_dagrun for dataset_consumes_1_and_2 to None, run_after=None
[2023-05-13T06:30:45.561+0000] {logging_mixin.py:137} INFO - [2023-05-13T06:30:45.561+0000] {dag.py:3441} INFO - Setting next_dagrun for dataset_consumes_1_never_scheduled to None, run_after=None
[2023-05-13T06:30:45.562+0000] {logging_mixin.py:137} INFO - [2023-05-13T06:30:45.562+0000] {dag.py:3441} INFO - Setting next_dagrun for dataset_consumes_unknown_never_scheduled to None, run_after=None
[2023-05-13T06:30:45.563+0000] {logging_mixin.py:137} INFO - [2023-05-13T06:30:45.563+0000] {dag.py:3441} INFO - Setting next_dagrun for dataset_produces_1 to 2023-05-12T00:00:00+00:00, run_after=2023-05-13T00:00:00+00:00
[2023-05-13T06:30:45.564+0000] {logging_mixin.py:137} INFO - [2023-05-13T06:30:45.564+0000] {dag.py:3441} INFO - Setting next_dagrun for dataset_produces_2 to None, run_after=None
[2023-05-13T06:30:45.579+0000] {processor.py:175} INFO - Processing /home/airflow/.local/lib/python3.7/site-packages/airflow/example_dags/example_datasets.py took 0.072 seconds
[2023-05-13T06:31:16.472+0000] {processor.py:153} INFO - Started process (PID=1250) to work on /home/airflow/.local/lib/python3.7/site-packages/airflow/example_dags/example_datasets.py
[2023-05-13T06:31:16.473+0000] {processor.py:743} INFO - Processing file /home/airflow/.local/lib/python3.7/site-packages/airflow/example_dags/example_datasets.py for tasks to queue
[2023-05-13T06:31:16.475+0000] {logging_mixin.py:137} INFO - [2023-05-13T06:31:16.474+0000] {dagbag.py:538} INFO - Filling up the DagBag from /home/airflow/.local/lib/python3.7/site-packages/airflow/example_dags/example_datasets.py
[2023-05-13T06:31:16.489+0000] {processor.py:753} INFO - DAG(s) dict_keys(['dataset_produces_1', 'dataset_consumes_1', 'dataset_consumes_1_never_scheduled', 'dataset_consumes_1_and_2', 'dataset_produces_2', 'dataset_consumes_unknown_never_scheduled']) retrieved from /home/airflow/.local/lib/python3.7/site-packages/airflow/example_dags/example_datasets.py
[2023-05-13T06:31:16.516+0000] {logging_mixin.py:137} INFO - [2023-05-13T06:31:16.516+0000] {dag.py:2690} INFO - Sync 6 DAGs
[2023-05-13T06:31:16.530+0000] {logging_mixin.py:137} INFO - [2023-05-13T06:31:16.530+0000] {dag.py:3441} INFO - Setting next_dagrun for dataset_consumes_1 to None, run_after=None
[2023-05-13T06:31:16.532+0000] {logging_mixin.py:137} INFO - [2023-05-13T06:31:16.532+0000] {dag.py:3441} INFO - Setting next_dagrun for dataset_consumes_1_and_2 to None, run_after=None
[2023-05-13T06:31:16.533+0000] {logging_mixin.py:137} INFO - [2023-05-13T06:31:16.533+0000] {dag.py:3441} INFO - Setting next_dagrun for dataset_consumes_1_never_scheduled to None, run_after=None
[2023-05-13T06:31:16.534+0000] {logging_mixin.py:137} INFO - [2023-05-13T06:31:16.533+0000] {dag.py:3441} INFO - Setting next_dagrun for dataset_consumes_unknown_never_scheduled to None, run_after=None
[2023-05-13T06:31:16.535+0000] {logging_mixin.py:137} INFO - [2023-05-13T06:31:16.535+0000] {dag.py:3441} INFO - Setting next_dagrun for dataset_produces_1 to 2023-05-12T00:00:00+00:00, run_after=2023-05-13T00:00:00+00:00
[2023-05-13T06:31:16.536+0000] {logging_mixin.py:137} INFO - [2023-05-13T06:31:16.536+0000] {dag.py:3441} INFO - Setting next_dagrun for dataset_produces_2 to None, run_after=None
[2023-05-13T06:31:16.551+0000] {processor.py:175} INFO - Processing /home/airflow/.local/lib/python3.7/site-packages/airflow/example_dags/example_datasets.py took 0.082 seconds
[2023-05-13T06:31:46.658+0000] {processor.py:153} INFO - Started process (PID=1324) to work on /home/airflow/.local/lib/python3.7/site-packages/airflow/example_dags/example_datasets.py
[2023-05-13T06:31:46.659+0000] {processor.py:743} INFO - Processing file /home/airflow/.local/lib/python3.7/site-packages/airflow/example_dags/example_datasets.py for tasks to queue
[2023-05-13T06:31:46.659+0000] {logging_mixin.py:137} INFO - [2023-05-13T06:31:46.659+0000] {dagbag.py:538} INFO - Filling up the DagBag from /home/airflow/.local/lib/python3.7/site-packages/airflow/example_dags/example_datasets.py
[2023-05-13T06:31:46.669+0000] {processor.py:753} INFO - DAG(s) dict_keys(['dataset_produces_1', 'dataset_consumes_1_never_scheduled', 'dataset_consumes_1', 'dataset_consumes_1_and_2', 'dataset_consumes_unknown_never_scheduled', 'dataset_produces_2']) retrieved from /home/airflow/.local/lib/python3.7/site-packages/airflow/example_dags/example_datasets.py
[2023-05-13T06:31:46.693+0000] {logging_mixin.py:137} INFO - [2023-05-13T06:31:46.693+0000] {dag.py:2690} INFO - Sync 6 DAGs
[2023-05-13T06:31:46.706+0000] {logging_mixin.py:137} INFO - [2023-05-13T06:31:46.706+0000] {dag.py:3441} INFO - Setting next_dagrun for dataset_consumes_1 to None, run_after=None
[2023-05-13T06:31:46.708+0000] {logging_mixin.py:137} INFO - [2023-05-13T06:31:46.708+0000] {dag.py:3441} INFO - Setting next_dagrun for dataset_consumes_1_and_2 to None, run_after=None
[2023-05-13T06:31:46.709+0000] {logging_mixin.py:137} INFO - [2023-05-13T06:31:46.709+0000] {dag.py:3441} INFO - Setting next_dagrun for dataset_consumes_1_never_scheduled to None, run_after=None
[2023-05-13T06:31:46.710+0000] {logging_mixin.py:137} INFO - [2023-05-13T06:31:46.710+0000] {dag.py:3441} INFO - Setting next_dagrun for dataset_consumes_unknown_never_scheduled to None, run_after=None
[2023-05-13T06:31:46.712+0000] {logging_mixin.py:137} INFO - [2023-05-13T06:31:46.712+0000] {dag.py:3441} INFO - Setting next_dagrun for dataset_produces_1 to 2023-05-12T00:00:00+00:00, run_after=2023-05-13T00:00:00+00:00
[2023-05-13T06:31:46.712+0000] {logging_mixin.py:137} INFO - [2023-05-13T06:31:46.712+0000] {dag.py:3441} INFO - Setting next_dagrun for dataset_produces_2 to None, run_after=None
[2023-05-13T06:31:46.730+0000] {processor.py:175} INFO - Processing /home/airflow/.local/lib/python3.7/site-packages/airflow/example_dags/example_datasets.py took 0.075 seconds
[2023-05-13T06:32:16.775+0000] {processor.py:153} INFO - Started process (PID=1399) to work on /home/airflow/.local/lib/python3.7/site-packages/airflow/example_dags/example_datasets.py
[2023-05-13T06:32:16.776+0000] {processor.py:743} INFO - Processing file /home/airflow/.local/lib/python3.7/site-packages/airflow/example_dags/example_datasets.py for tasks to queue
[2023-05-13T06:32:16.777+0000] {logging_mixin.py:137} INFO - [2023-05-13T06:32:16.777+0000] {dagbag.py:538} INFO - Filling up the DagBag from /home/airflow/.local/lib/python3.7/site-packages/airflow/example_dags/example_datasets.py
[2023-05-13T06:32:16.786+0000] {processor.py:753} INFO - DAG(s) dict_keys(['dataset_produces_1', 'dataset_consumes_unknown_never_scheduled', 'dataset_consumes_1', 'dataset_consumes_1_never_scheduled', 'dataset_consumes_1_and_2', 'dataset_produces_2']) retrieved from /home/airflow/.local/lib/python3.7/site-packages/airflow/example_dags/example_datasets.py
[2023-05-13T06:32:16.810+0000] {logging_mixin.py:137} INFO - [2023-05-13T06:32:16.810+0000] {dag.py:2690} INFO - Sync 6 DAGs
[2023-05-13T06:32:16.824+0000] {logging_mixin.py:137} INFO - [2023-05-13T06:32:16.824+0000] {dag.py:3441} INFO - Setting next_dagrun for dataset_consumes_1 to None, run_after=None
[2023-05-13T06:32:16.826+0000] {logging_mixin.py:137} INFO - [2023-05-13T06:32:16.826+0000] {dag.py:3441} INFO - Setting next_dagrun for dataset_consumes_1_and_2 to None, run_after=None
[2023-05-13T06:32:16.827+0000] {logging_mixin.py:137} INFO - [2023-05-13T06:32:16.827+0000] {dag.py:3441} INFO - Setting next_dagrun for dataset_consumes_1_never_scheduled to None, run_after=None
[2023-05-13T06:32:16.828+0000] {logging_mixin.py:137} INFO - [2023-05-13T06:32:16.827+0000] {dag.py:3441} INFO - Setting next_dagrun for dataset_consumes_unknown_never_scheduled to None, run_after=None
[2023-05-13T06:32:16.829+0000] {logging_mixin.py:137} INFO - [2023-05-13T06:32:16.829+0000] {dag.py:3441} INFO - Setting next_dagrun for dataset_produces_1 to 2023-05-12T00:00:00+00:00, run_after=2023-05-13T00:00:00+00:00
[2023-05-13T06:32:16.830+0000] {logging_mixin.py:137} INFO - [2023-05-13T06:32:16.830+0000] {dag.py:3441} INFO - Setting next_dagrun for dataset_produces_2 to None, run_after=None
[2023-05-13T06:32:16.845+0000] {processor.py:175} INFO - Processing /home/airflow/.local/lib/python3.7/site-packages/airflow/example_dags/example_datasets.py took 0.072 seconds
[2023-05-13T06:32:47.782+0000] {processor.py:153} INFO - Started process (PID=1462) to work on /home/airflow/.local/lib/python3.7/site-packages/airflow/example_dags/example_datasets.py
[2023-05-13T06:32:47.784+0000] {processor.py:743} INFO - Processing file /home/airflow/.local/lib/python3.7/site-packages/airflow/example_dags/example_datasets.py for tasks to queue
[2023-05-13T06:32:47.785+0000] {logging_mixin.py:137} INFO - [2023-05-13T06:32:47.785+0000] {dagbag.py:538} INFO - Filling up the DagBag from /home/airflow/.local/lib/python3.7/site-packages/airflow/example_dags/example_datasets.py
[2023-05-13T06:32:47.799+0000] {processor.py:753} INFO - DAG(s) dict_keys(['dataset_consumes_1_never_scheduled', 'dataset_consumes_1_and_2', 'dataset_consumes_unknown_never_scheduled', 'dataset_produces_1', 'dataset_consumes_1', 'dataset_produces_2']) retrieved from /home/airflow/.local/lib/python3.7/site-packages/airflow/example_dags/example_datasets.py
[2023-05-13T06:32:47.827+0000] {logging_mixin.py:137} INFO - [2023-05-13T06:32:47.827+0000] {dag.py:2690} INFO - Sync 6 DAGs
[2023-05-13T06:32:47.841+0000] {logging_mixin.py:137} INFO - [2023-05-13T06:32:47.841+0000] {dag.py:3441} INFO - Setting next_dagrun for dataset_consumes_1 to None, run_after=None
[2023-05-13T06:32:47.843+0000] {logging_mixin.py:137} INFO - [2023-05-13T06:32:47.843+0000] {dag.py:3441} INFO - Setting next_dagrun for dataset_consumes_1_and_2 to None, run_after=None
[2023-05-13T06:32:47.844+0000] {logging_mixin.py:137} INFO - [2023-05-13T06:32:47.844+0000] {dag.py:3441} INFO - Setting next_dagrun for dataset_consumes_1_never_scheduled to None, run_after=None
[2023-05-13T06:32:47.845+0000] {logging_mixin.py:137} INFO - [2023-05-13T06:32:47.845+0000] {dag.py:3441} INFO - Setting next_dagrun for dataset_consumes_unknown_never_scheduled to None, run_after=None
[2023-05-13T06:32:47.846+0000] {logging_mixin.py:137} INFO - [2023-05-13T06:32:47.846+0000] {dag.py:3441} INFO - Setting next_dagrun for dataset_produces_1 to 2023-05-12T00:00:00+00:00, run_after=2023-05-13T00:00:00+00:00
[2023-05-13T06:32:47.847+0000] {logging_mixin.py:137} INFO - [2023-05-13T06:32:47.847+0000] {dag.py:3441} INFO - Setting next_dagrun for dataset_produces_2 to None, run_after=None
[2023-05-13T06:32:47.863+0000] {processor.py:175} INFO - Processing /home/airflow/.local/lib/python3.7/site-packages/airflow/example_dags/example_datasets.py took 0.084 seconds
[2023-05-13T06:33:18.230+0000] {processor.py:153} INFO - Started process (PID=1538) to work on /home/airflow/.local/lib/python3.7/site-packages/airflow/example_dags/example_datasets.py
[2023-05-13T06:33:18.232+0000] {processor.py:743} INFO - Processing file /home/airflow/.local/lib/python3.7/site-packages/airflow/example_dags/example_datasets.py for tasks to queue
[2023-05-13T06:33:18.233+0000] {logging_mixin.py:137} INFO - [2023-05-13T06:33:18.233+0000] {dagbag.py:538} INFO - Filling up the DagBag from /home/airflow/.local/lib/python3.7/site-packages/airflow/example_dags/example_datasets.py
[2023-05-13T06:33:18.248+0000] {processor.py:753} INFO - DAG(s) dict_keys(['dataset_consumes_unknown_never_scheduled', 'dataset_consumes_1_and_2', 'dataset_produces_1', 'dataset_consumes_1', 'dataset_produces_2', 'dataset_consumes_1_never_scheduled']) retrieved from /home/airflow/.local/lib/python3.7/site-packages/airflow/example_dags/example_datasets.py
[2023-05-13T06:33:18.276+0000] {logging_mixin.py:137} INFO - [2023-05-13T06:33:18.276+0000] {dag.py:2690} INFO - Sync 6 DAGs
[2023-05-13T06:33:18.290+0000] {logging_mixin.py:137} INFO - [2023-05-13T06:33:18.289+0000] {dag.py:3441} INFO - Setting next_dagrun for dataset_consumes_1 to None, run_after=None
[2023-05-13T06:33:18.292+0000] {logging_mixin.py:137} INFO - [2023-05-13T06:33:18.291+0000] {dag.py:3441} INFO - Setting next_dagrun for dataset_consumes_1_and_2 to None, run_after=None
[2023-05-13T06:33:18.292+0000] {logging_mixin.py:137} INFO - [2023-05-13T06:33:18.292+0000] {dag.py:3441} INFO - Setting next_dagrun for dataset_consumes_1_never_scheduled to None, run_after=None
[2023-05-13T06:33:18.293+0000] {logging_mixin.py:137} INFO - [2023-05-13T06:33:18.293+0000] {dag.py:3441} INFO - Setting next_dagrun for dataset_consumes_unknown_never_scheduled to None, run_after=None
[2023-05-13T06:33:18.294+0000] {logging_mixin.py:137} INFO - [2023-05-13T06:33:18.294+0000] {dag.py:3441} INFO - Setting next_dagrun for dataset_produces_1 to 2023-05-12T00:00:00+00:00, run_after=2023-05-13T00:00:00+00:00
[2023-05-13T06:33:18.295+0000] {logging_mixin.py:137} INFO - [2023-05-13T06:33:18.295+0000] {dag.py:3441} INFO - Setting next_dagrun for dataset_produces_2 to None, run_after=None
[2023-05-13T06:33:18.311+0000] {processor.py:175} INFO - Processing /home/airflow/.local/lib/python3.7/site-packages/airflow/example_dags/example_datasets.py took 0.084 seconds
[2023-05-13T06:33:48.355+0000] {processor.py:153} INFO - Started process (PID=1612) to work on /home/airflow/.local/lib/python3.7/site-packages/airflow/example_dags/example_datasets.py
[2023-05-13T06:33:48.357+0000] {processor.py:743} INFO - Processing file /home/airflow/.local/lib/python3.7/site-packages/airflow/example_dags/example_datasets.py for tasks to queue
[2023-05-13T06:33:48.358+0000] {logging_mixin.py:137} INFO - [2023-05-13T06:33:48.358+0000] {dagbag.py:538} INFO - Filling up the DagBag from /home/airflow/.local/lib/python3.7/site-packages/airflow/example_dags/example_datasets.py
[2023-05-13T06:33:48.371+0000] {processor.py:753} INFO - DAG(s) dict_keys(['dataset_produces_2', 'dataset_consumes_1', 'dataset_consumes_1_and_2', 'dataset_consumes_unknown_never_scheduled', 'dataset_consumes_1_never_scheduled', 'dataset_produces_1']) retrieved from /home/airflow/.local/lib/python3.7/site-packages/airflow/example_dags/example_datasets.py
[2023-05-13T06:33:48.396+0000] {logging_mixin.py:137} INFO - [2023-05-13T06:33:48.396+0000] {dag.py:2690} INFO - Sync 6 DAGs
[2023-05-13T06:33:48.411+0000] {logging_mixin.py:137} INFO - [2023-05-13T06:33:48.411+0000] {dag.py:3441} INFO - Setting next_dagrun for dataset_consumes_1 to None, run_after=None
[2023-05-13T06:33:48.412+0000] {logging_mixin.py:137} INFO - [2023-05-13T06:33:48.412+0000] {dag.py:3441} INFO - Setting next_dagrun for dataset_consumes_1_and_2 to None, run_after=None
[2023-05-13T06:33:48.413+0000] {logging_mixin.py:137} INFO - [2023-05-13T06:33:48.413+0000] {dag.py:3441} INFO - Setting next_dagrun for dataset_consumes_1_never_scheduled to None, run_after=None
[2023-05-13T06:33:48.414+0000] {logging_mixin.py:137} INFO - [2023-05-13T06:33:48.414+0000] {dag.py:3441} INFO - Setting next_dagrun for dataset_consumes_unknown_never_scheduled to None, run_after=None
[2023-05-13T06:33:48.415+0000] {logging_mixin.py:137} INFO - [2023-05-13T06:33:48.415+0000] {dag.py:3441} INFO - Setting next_dagrun for dataset_produces_1 to 2023-05-12T00:00:00+00:00, run_after=2023-05-13T00:00:00+00:00
[2023-05-13T06:33:48.416+0000] {logging_mixin.py:137} INFO - [2023-05-13T06:33:48.416+0000] {dag.py:3441} INFO - Setting next_dagrun for dataset_produces_2 to None, run_after=None
[2023-05-13T06:33:48.432+0000] {processor.py:175} INFO - Processing /home/airflow/.local/lib/python3.7/site-packages/airflow/example_dags/example_datasets.py took 0.081 seconds
[2023-05-13T06:34:18.502+0000] {processor.py:153} INFO - Started process (PID=1675) to work on /home/airflow/.local/lib/python3.7/site-packages/airflow/example_dags/example_datasets.py
[2023-05-13T06:34:18.503+0000] {processor.py:743} INFO - Processing file /home/airflow/.local/lib/python3.7/site-packages/airflow/example_dags/example_datasets.py for tasks to queue
[2023-05-13T06:34:18.504+0000] {logging_mixin.py:137} INFO - [2023-05-13T06:34:18.504+0000] {dagbag.py:538} INFO - Filling up the DagBag from /home/airflow/.local/lib/python3.7/site-packages/airflow/example_dags/example_datasets.py
[2023-05-13T06:34:18.518+0000] {processor.py:753} INFO - DAG(s) dict_keys(['dataset_produces_1', 'dataset_produces_2', 'dataset_consumes_1_never_scheduled', 'dataset_consumes_1', 'dataset_consumes_1_and_2', 'dataset_consumes_unknown_never_scheduled']) retrieved from /home/airflow/.local/lib/python3.7/site-packages/airflow/example_dags/example_datasets.py
[2023-05-13T06:34:18.547+0000] {logging_mixin.py:137} INFO - [2023-05-13T06:34:18.546+0000] {dag.py:2690} INFO - Sync 6 DAGs
[2023-05-13T06:34:18.561+0000] {logging_mixin.py:137} INFO - [2023-05-13T06:34:18.561+0000] {dag.py:3441} INFO - Setting next_dagrun for dataset_consumes_1 to None, run_after=None
[2023-05-13T06:34:18.563+0000] {logging_mixin.py:137} INFO - [2023-05-13T06:34:18.563+0000] {dag.py:3441} INFO - Setting next_dagrun for dataset_consumes_1_and_2 to None, run_after=None
[2023-05-13T06:34:18.564+0000] {logging_mixin.py:137} INFO - [2023-05-13T06:34:18.564+0000] {dag.py:3441} INFO - Setting next_dagrun for dataset_consumes_1_never_scheduled to None, run_after=None
[2023-05-13T06:34:18.565+0000] {logging_mixin.py:137} INFO - [2023-05-13T06:34:18.565+0000] {dag.py:3441} INFO - Setting next_dagrun for dataset_consumes_unknown_never_scheduled to None, run_after=None
[2023-05-13T06:34:18.566+0000] {logging_mixin.py:137} INFO - [2023-05-13T06:34:18.566+0000] {dag.py:3441} INFO - Setting next_dagrun for dataset_produces_1 to 2023-05-12T00:00:00+00:00, run_after=2023-05-13T00:00:00+00:00
[2023-05-13T06:34:18.567+0000] {logging_mixin.py:137} INFO - [2023-05-13T06:34:18.567+0000] {dag.py:3441} INFO - Setting next_dagrun for dataset_produces_2 to None, run_after=None
[2023-05-13T06:34:18.582+0000] {processor.py:175} INFO - Processing /home/airflow/.local/lib/python3.7/site-packages/airflow/example_dags/example_datasets.py took 0.084 seconds
[2023-05-13T06:34:49.553+0000] {processor.py:153} INFO - Started process (PID=1751) to work on /home/airflow/.local/lib/python3.7/site-packages/airflow/example_dags/example_datasets.py
[2023-05-13T06:34:49.554+0000] {processor.py:743} INFO - Processing file /home/airflow/.local/lib/python3.7/site-packages/airflow/example_dags/example_datasets.py for tasks to queue
[2023-05-13T06:34:49.555+0000] {logging_mixin.py:137} INFO - [2023-05-13T06:34:49.555+0000] {dagbag.py:538} INFO - Filling up the DagBag from /home/airflow/.local/lib/python3.7/site-packages/airflow/example_dags/example_datasets.py
[2023-05-13T06:34:49.569+0000] {processor.py:753} INFO - DAG(s) dict_keys(['dataset_produces_1', 'dataset_produces_2', 'dataset_consumes_1_and_2', 'dataset_consumes_unknown_never_scheduled', 'dataset_consumes_1_never_scheduled', 'dataset_consumes_1']) retrieved from /home/airflow/.local/lib/python3.7/site-packages/airflow/example_dags/example_datasets.py
[2023-05-13T06:34:49.596+0000] {logging_mixin.py:137} INFO - [2023-05-13T06:34:49.596+0000] {dag.py:2690} INFO - Sync 6 DAGs
[2023-05-13T06:34:49.611+0000] {logging_mixin.py:137} INFO - [2023-05-13T06:34:49.610+0000] {dag.py:3441} INFO - Setting next_dagrun for dataset_consumes_1 to None, run_after=None
[2023-05-13T06:34:49.613+0000] {logging_mixin.py:137} INFO - [2023-05-13T06:34:49.613+0000] {dag.py:3441} INFO - Setting next_dagrun for dataset_consumes_1_and_2 to None, run_after=None
[2023-05-13T06:34:49.614+0000] {logging_mixin.py:137} INFO - [2023-05-13T06:34:49.614+0000] {dag.py:3441} INFO - Setting next_dagrun for dataset_consumes_1_never_scheduled to None, run_after=None
[2023-05-13T06:34:49.614+0000] {logging_mixin.py:137} INFO - [2023-05-13T06:34:49.614+0000] {dag.py:3441} INFO - Setting next_dagrun for dataset_consumes_unknown_never_scheduled to None, run_after=None
[2023-05-13T06:34:49.616+0000] {logging_mixin.py:137} INFO - [2023-05-13T06:34:49.616+0000] {dag.py:3441} INFO - Setting next_dagrun for dataset_produces_1 to 2023-05-12T00:00:00+00:00, run_after=2023-05-13T00:00:00+00:00
[2023-05-13T06:34:49.617+0000] {logging_mixin.py:137} INFO - [2023-05-13T06:34:49.617+0000] {dag.py:3441} INFO - Setting next_dagrun for dataset_produces_2 to None, run_after=None
[2023-05-13T06:34:49.633+0000] {processor.py:175} INFO - Processing /home/airflow/.local/lib/python3.7/site-packages/airflow/example_dags/example_datasets.py took 0.083 seconds
[2023-05-13T06:35:20.545+0000] {processor.py:153} INFO - Started process (PID=1825) to work on /home/airflow/.local/lib/python3.7/site-packages/airflow/example_dags/example_datasets.py
[2023-05-13T06:35:20.547+0000] {processor.py:743} INFO - Processing file /home/airflow/.local/lib/python3.7/site-packages/airflow/example_dags/example_datasets.py for tasks to queue
[2023-05-13T06:35:20.548+0000] {logging_mixin.py:137} INFO - [2023-05-13T06:35:20.547+0000] {dagbag.py:538} INFO - Filling up the DagBag from /home/airflow/.local/lib/python3.7/site-packages/airflow/example_dags/example_datasets.py
[2023-05-13T06:35:20.562+0000] {processor.py:753} INFO - DAG(s) dict_keys(['dataset_consumes_unknown_never_scheduled', 'dataset_produces_1', 'dataset_produces_2', 'dataset_consumes_1', 'dataset_consumes_1_and_2', 'dataset_consumes_1_never_scheduled']) retrieved from /home/airflow/.local/lib/python3.7/site-packages/airflow/example_dags/example_datasets.py
[2023-05-13T06:35:20.590+0000] {logging_mixin.py:137} INFO - [2023-05-13T06:35:20.590+0000] {dag.py:2690} INFO - Sync 6 DAGs
[2023-05-13T06:35:20.604+0000] {logging_mixin.py:137} INFO - [2023-05-13T06:35:20.604+0000] {dag.py:3441} INFO - Setting next_dagrun for dataset_consumes_1 to None, run_after=None
[2023-05-13T06:35:20.606+0000] {logging_mixin.py:137} INFO - [2023-05-13T06:35:20.606+0000] {dag.py:3441} INFO - Setting next_dagrun for dataset_consumes_1_and_2 to None, run_after=None
[2023-05-13T06:35:20.606+0000] {logging_mixin.py:137} INFO - [2023-05-13T06:35:20.606+0000] {dag.py:3441} INFO - Setting next_dagrun for dataset_consumes_1_never_scheduled to None, run_after=None
[2023-05-13T06:35:20.607+0000] {logging_mixin.py:137} INFO - [2023-05-13T06:35:20.607+0000] {dag.py:3441} INFO - Setting next_dagrun for dataset_consumes_unknown_never_scheduled to None, run_after=None
[2023-05-13T06:35:20.609+0000] {logging_mixin.py:137} INFO - [2023-05-13T06:35:20.608+0000] {dag.py:3441} INFO - Setting next_dagrun for dataset_produces_1 to 2023-05-12T00:00:00+00:00, run_after=2023-05-13T00:00:00+00:00
[2023-05-13T06:35:20.609+0000] {logging_mixin.py:137} INFO - [2023-05-13T06:35:20.609+0000] {dag.py:3441} INFO - Setting next_dagrun for dataset_produces_2 to None, run_after=None
[2023-05-13T06:35:20.625+0000] {processor.py:175} INFO - Processing /home/airflow/.local/lib/python3.7/site-packages/airflow/example_dags/example_datasets.py took 0.083 seconds
[2023-05-13T06:35:50.677+0000] {processor.py:153} INFO - Started process (PID=1900) to work on /home/airflow/.local/lib/python3.7/site-packages/airflow/example_dags/example_datasets.py
[2023-05-13T06:35:50.678+0000] {processor.py:743} INFO - Processing file /home/airflow/.local/lib/python3.7/site-packages/airflow/example_dags/example_datasets.py for tasks to queue
[2023-05-13T06:35:50.678+0000] {logging_mixin.py:137} INFO - [2023-05-13T06:35:50.678+0000] {dagbag.py:538} INFO - Filling up the DagBag from /home/airflow/.local/lib/python3.7/site-packages/airflow/example_dags/example_datasets.py
[2023-05-13T06:35:50.687+0000] {processor.py:753} INFO - DAG(s) dict_keys(['dataset_produces_1', 'dataset_consumes_1_never_scheduled', 'dataset_produces_2', 'dataset_consumes_1', 'dataset_consumes_1_and_2', 'dataset_consumes_unknown_never_scheduled']) retrieved from /home/airflow/.local/lib/python3.7/site-packages/airflow/example_dags/example_datasets.py
[2023-05-13T06:35:50.712+0000] {logging_mixin.py:137} INFO - [2023-05-13T06:35:50.712+0000] {dag.py:2690} INFO - Sync 6 DAGs
[2023-05-13T06:35:50.727+0000] {logging_mixin.py:137} INFO - [2023-05-13T06:35:50.726+0000] {dag.py:3441} INFO - Setting next_dagrun for dataset_consumes_1 to None, run_after=None
[2023-05-13T06:35:50.729+0000] {logging_mixin.py:137} INFO - [2023-05-13T06:35:50.728+0000] {dag.py:3441} INFO - Setting next_dagrun for dataset_consumes_1_and_2 to None, run_after=None
[2023-05-13T06:35:50.729+0000] {logging_mixin.py:137} INFO - [2023-05-13T06:35:50.729+0000] {dag.py:3441} INFO - Setting next_dagrun for dataset_consumes_1_never_scheduled to None, run_after=None
[2023-05-13T06:35:50.730+0000] {logging_mixin.py:137} INFO - [2023-05-13T06:35:50.730+0000] {dag.py:3441} INFO - Setting next_dagrun for dataset_consumes_unknown_never_scheduled to None, run_after=None
[2023-05-13T06:35:50.732+0000] {logging_mixin.py:137} INFO - [2023-05-13T06:35:50.732+0000] {dag.py:3441} INFO - Setting next_dagrun for dataset_produces_1 to 2023-05-12T00:00:00+00:00, run_after=2023-05-13T00:00:00+00:00
[2023-05-13T06:35:50.733+0000] {logging_mixin.py:137} INFO - [2023-05-13T06:35:50.733+0000] {dag.py:3441} INFO - Setting next_dagrun for dataset_produces_2 to None, run_after=None
[2023-05-13T06:35:50.748+0000] {processor.py:175} INFO - Processing /home/airflow/.local/lib/python3.7/site-packages/airflow/example_dags/example_datasets.py took 0.073 seconds
[2023-05-13T06:36:21.759+0000] {processor.py:153} INFO - Started process (PID=1962) to work on /home/airflow/.local/lib/python3.7/site-packages/airflow/example_dags/example_datasets.py
[2023-05-13T06:36:21.761+0000] {processor.py:743} INFO - Processing file /home/airflow/.local/lib/python3.7/site-packages/airflow/example_dags/example_datasets.py for tasks to queue
[2023-05-13T06:36:21.762+0000] {logging_mixin.py:137} INFO - [2023-05-13T06:36:21.762+0000] {dagbag.py:538} INFO - Filling up the DagBag from /home/airflow/.local/lib/python3.7/site-packages/airflow/example_dags/example_datasets.py
[2023-05-13T06:36:21.778+0000] {processor.py:753} INFO - DAG(s) dict_keys(['dataset_consumes_unknown_never_scheduled', 'dataset_consumes_1', 'dataset_produces_1', 'dataset_consumes_1_never_scheduled', 'dataset_consumes_1_and_2', 'dataset_produces_2']) retrieved from /home/airflow/.local/lib/python3.7/site-packages/airflow/example_dags/example_datasets.py
[2023-05-13T06:36:21.811+0000] {logging_mixin.py:137} INFO - [2023-05-13T06:36:21.810+0000] {dag.py:2690} INFO - Sync 6 DAGs
[2023-05-13T06:36:21.825+0000] {logging_mixin.py:137} INFO - [2023-05-13T06:36:21.825+0000] {dag.py:3441} INFO - Setting next_dagrun for dataset_consumes_1 to None, run_after=None
[2023-05-13T06:36:21.826+0000] {logging_mixin.py:137} INFO - [2023-05-13T06:36:21.826+0000] {dag.py:3441} INFO - Setting next_dagrun for dataset_consumes_1_and_2 to None, run_after=None
[2023-05-13T06:36:21.827+0000] {logging_mixin.py:137} INFO - [2023-05-13T06:36:21.827+0000] {dag.py:3441} INFO - Setting next_dagrun for dataset_consumes_1_never_scheduled to None, run_after=None
[2023-05-13T06:36:21.828+0000] {logging_mixin.py:137} INFO - [2023-05-13T06:36:21.828+0000] {dag.py:3441} INFO - Setting next_dagrun for dataset_consumes_unknown_never_scheduled to None, run_after=None
[2023-05-13T06:36:21.829+0000] {logging_mixin.py:137} INFO - [2023-05-13T06:36:21.829+0000] {dag.py:3441} INFO - Setting next_dagrun for dataset_produces_1 to 2023-05-12T00:00:00+00:00, run_after=2023-05-13T00:00:00+00:00
[2023-05-13T06:36:21.830+0000] {logging_mixin.py:137} INFO - [2023-05-13T06:36:21.830+0000] {dag.py:3441} INFO - Setting next_dagrun for dataset_produces_2 to None, run_after=None
[2023-05-13T06:36:21.845+0000] {processor.py:175} INFO - Processing /home/airflow/.local/lib/python3.7/site-packages/airflow/example_dags/example_datasets.py took 0.090 seconds
[2023-05-13T06:42:12.203+0000] {processor.py:153} INFO - Started process (PID=2707) to work on /home/airflow/.local/lib/python3.7/site-packages/airflow/example_dags/example_datasets.py
[2023-05-13T06:42:12.204+0000] {processor.py:743} INFO - Processing file /home/airflow/.local/lib/python3.7/site-packages/airflow/example_dags/example_datasets.py for tasks to queue
[2023-05-13T06:42:12.204+0000] {logging_mixin.py:137} INFO - [2023-05-13T06:42:12.204+0000] {dagbag.py:538} INFO - Filling up the DagBag from /home/airflow/.local/lib/python3.7/site-packages/airflow/example_dags/example_datasets.py
[2023-05-13T06:42:12.215+0000] {processor.py:753} INFO - DAG(s) dict_keys(['dataset_produces_2', 'dataset_consumes_1', 'dataset_consumes_unknown_never_scheduled', 'dataset_consumes_1_and_2', 'dataset_produces_1', 'dataset_consumes_1_never_scheduled']) retrieved from /home/airflow/.local/lib/python3.7/site-packages/airflow/example_dags/example_datasets.py
[2023-05-13T06:42:12.267+0000] {logging_mixin.py:137} INFO - [2023-05-13T06:42:12.267+0000] {dag.py:2690} INFO - Sync 6 DAGs
[2023-05-13T06:42:12.281+0000] {logging_mixin.py:137} INFO - [2023-05-13T06:42:12.281+0000] {dag.py:3441} INFO - Setting next_dagrun for dataset_consumes_1 to None, run_after=None
[2023-05-13T06:42:12.283+0000] {logging_mixin.py:137} INFO - [2023-05-13T06:42:12.283+0000] {dag.py:3441} INFO - Setting next_dagrun for dataset_consumes_1_and_2 to None, run_after=None
[2023-05-13T06:42:12.284+0000] {logging_mixin.py:137} INFO - [2023-05-13T06:42:12.284+0000] {dag.py:3441} INFO - Setting next_dagrun for dataset_consumes_1_never_scheduled to None, run_after=None
[2023-05-13T06:42:12.285+0000] {logging_mixin.py:137} INFO - [2023-05-13T06:42:12.285+0000] {dag.py:3441} INFO - Setting next_dagrun for dataset_consumes_unknown_never_scheduled to None, run_after=None
[2023-05-13T06:42:12.287+0000] {logging_mixin.py:137} INFO - [2023-05-13T06:42:12.287+0000] {dag.py:3441} INFO - Setting next_dagrun for dataset_produces_1 to 2023-05-12T00:00:00+00:00, run_after=2023-05-13T00:00:00+00:00
[2023-05-13T06:42:12.287+0000] {logging_mixin.py:137} INFO - [2023-05-13T06:42:12.287+0000] {dag.py:3441} INFO - Setting next_dagrun for dataset_produces_2 to None, run_after=None
[2023-05-13T06:42:12.304+0000] {processor.py:175} INFO - Processing /home/airflow/.local/lib/python3.7/site-packages/airflow/example_dags/example_datasets.py took 0.103 seconds
