[2023-05-13T06:22:38.058+0000] {processor.py:153} INFO - Started process (PID=53) to work on /home/airflow/.local/lib/python3.7/site-packages/airflow/example_dags/example_branch_datetime_operator.py
[2023-05-13T06:22:38.059+0000] {processor.py:743} INFO - Processing file /home/airflow/.local/lib/python3.7/site-packages/airflow/example_dags/example_branch_datetime_operator.py for tasks to queue
[2023-05-13T06:22:38.062+0000] {logging_mixin.py:137} INFO - [2023-05-13T06:22:38.062+0000] {dagbag.py:538} INFO - Filling up the DagBag from /home/airflow/.local/lib/python3.7/site-packages/airflow/example_dags/example_branch_datetime_operator.py
[2023-05-13T06:22:38.077+0000] {processor.py:753} INFO - DAG(s) dict_keys(['example_branch_datetime_operator_2', 'example_branch_datetime_operator', 'example_branch_datetime_operator_3']) retrieved from /home/airflow/.local/lib/python3.7/site-packages/airflow/example_dags/example_branch_datetime_operator.py
[2023-05-13T06:22:38.098+0000] {logging_mixin.py:137} INFO - [2023-05-13T06:22:38.098+0000] {dag.py:2690} INFO - Sync 3 DAGs
[2023-05-13T06:22:38.114+0000] {logging_mixin.py:137} INFO - [2023-05-13T06:22:38.114+0000] {dag.py:3441} INFO - Setting next_dagrun for example_branch_datetime_operator to 2023-05-12T00:00:00+00:00, run_after=2023-05-13T00:00:00+00:00
[2023-05-13T06:22:38.117+0000] {logging_mixin.py:137} INFO - [2023-05-13T06:22:38.117+0000] {dag.py:3441} INFO - Setting next_dagrun for example_branch_datetime_operator_2 to 2023-05-12T00:00:00+00:00, run_after=2023-05-13T00:00:00+00:00
[2023-05-13T06:22:38.119+0000] {logging_mixin.py:137} INFO - [2023-05-13T06:22:38.118+0000] {dag.py:3441} INFO - Setting next_dagrun for example_branch_datetime_operator_3 to 2023-05-12T00:00:00+00:00, run_after=2023-05-13T00:00:00+00:00
[2023-05-13T06:22:38.128+0000] {processor.py:175} INFO - Processing /home/airflow/.local/lib/python3.7/site-packages/airflow/example_dags/example_branch_datetime_operator.py took 0.073 seconds
[2023-05-13T06:23:09.022+0000] {processor.py:153} INFO - Started process (PID=128) to work on /home/airflow/.local/lib/python3.7/site-packages/airflow/example_dags/example_branch_datetime_operator.py
[2023-05-13T06:23:09.023+0000] {processor.py:743} INFO - Processing file /home/airflow/.local/lib/python3.7/site-packages/airflow/example_dags/example_branch_datetime_operator.py for tasks to queue
[2023-05-13T06:23:09.023+0000] {logging_mixin.py:137} INFO - [2023-05-13T06:23:09.023+0000] {dagbag.py:538} INFO - Filling up the DagBag from /home/airflow/.local/lib/python3.7/site-packages/airflow/example_dags/example_branch_datetime_operator.py
[2023-05-13T06:23:09.032+0000] {processor.py:753} INFO - DAG(s) dict_keys(['example_branch_datetime_operator_2', 'example_branch_datetime_operator_3', 'example_branch_datetime_operator']) retrieved from /home/airflow/.local/lib/python3.7/site-packages/airflow/example_dags/example_branch_datetime_operator.py
[2023-05-13T06:23:09.051+0000] {logging_mixin.py:137} INFO - [2023-05-13T06:23:09.051+0000] {dag.py:2690} INFO - Sync 3 DAGs
[2023-05-13T06:23:09.065+0000] {logging_mixin.py:137} INFO - [2023-05-13T06:23:09.065+0000] {dag.py:3441} INFO - Setting next_dagrun for example_branch_datetime_operator to 2023-05-12T00:00:00+00:00, run_after=2023-05-13T00:00:00+00:00
[2023-05-13T06:23:09.068+0000] {logging_mixin.py:137} INFO - [2023-05-13T06:23:09.067+0000] {dag.py:3441} INFO - Setting next_dagrun for example_branch_datetime_operator_2 to 2023-05-12T00:00:00+00:00, run_after=2023-05-13T00:00:00+00:00
[2023-05-13T06:23:09.069+0000] {logging_mixin.py:137} INFO - [2023-05-13T06:23:09.069+0000] {dag.py:3441} INFO - Setting next_dagrun for example_branch_datetime_operator_3 to 2023-05-12T00:00:00+00:00, run_after=2023-05-13T00:00:00+00:00
[2023-05-13T06:23:09.077+0000] {processor.py:175} INFO - Processing /home/airflow/.local/lib/python3.7/site-packages/airflow/example_dags/example_branch_datetime_operator.py took 0.058 seconds
[2023-05-13T06:23:39.814+0000] {processor.py:153} INFO - Started process (PID=203) to work on /home/airflow/.local/lib/python3.7/site-packages/airflow/example_dags/example_branch_datetime_operator.py
[2023-05-13T06:23:39.816+0000] {processor.py:743} INFO - Processing file /home/airflow/.local/lib/python3.7/site-packages/airflow/example_dags/example_branch_datetime_operator.py for tasks to queue
[2023-05-13T06:23:39.817+0000] {logging_mixin.py:137} INFO - [2023-05-13T06:23:39.817+0000] {dagbag.py:538} INFO - Filling up the DagBag from /home/airflow/.local/lib/python3.7/site-packages/airflow/example_dags/example_branch_datetime_operator.py
[2023-05-13T06:23:39.828+0000] {processor.py:753} INFO - DAG(s) dict_keys(['example_branch_datetime_operator_2', 'example_branch_datetime_operator', 'example_branch_datetime_operator_3']) retrieved from /home/airflow/.local/lib/python3.7/site-packages/airflow/example_dags/example_branch_datetime_operator.py
[2023-05-13T06:23:39.859+0000] {logging_mixin.py:137} INFO - [2023-05-13T06:23:39.859+0000] {dag.py:2690} INFO - Sync 3 DAGs
[2023-05-13T06:23:39.878+0000] {logging_mixin.py:137} INFO - [2023-05-13T06:23:39.877+0000] {dag.py:3441} INFO - Setting next_dagrun for example_branch_datetime_operator to 2023-05-12T00:00:00+00:00, run_after=2023-05-13T00:00:00+00:00
[2023-05-13T06:23:39.883+0000] {logging_mixin.py:137} INFO - [2023-05-13T06:23:39.882+0000] {dag.py:3441} INFO - Setting next_dagrun for example_branch_datetime_operator_2 to 2023-05-12T00:00:00+00:00, run_after=2023-05-13T00:00:00+00:00
[2023-05-13T06:23:39.884+0000] {logging_mixin.py:137} INFO - [2023-05-13T06:23:39.884+0000] {dag.py:3441} INFO - Setting next_dagrun for example_branch_datetime_operator_3 to 2023-05-12T00:00:00+00:00, run_after=2023-05-13T00:00:00+00:00
[2023-05-13T06:23:39.900+0000] {processor.py:175} INFO - Processing /home/airflow/.local/lib/python3.7/site-packages/airflow/example_dags/example_branch_datetime_operator.py took 0.091 seconds
[2023-05-13T06:24:10.790+0000] {processor.py:153} INFO - Started process (PID=267) to work on /home/airflow/.local/lib/python3.7/site-packages/airflow/example_dags/example_branch_datetime_operator.py
[2023-05-13T06:24:10.791+0000] {processor.py:743} INFO - Processing file /home/airflow/.local/lib/python3.7/site-packages/airflow/example_dags/example_branch_datetime_operator.py for tasks to queue
[2023-05-13T06:24:10.792+0000] {logging_mixin.py:137} INFO - [2023-05-13T06:24:10.792+0000] {dagbag.py:538} INFO - Filling up the DagBag from /home/airflow/.local/lib/python3.7/site-packages/airflow/example_dags/example_branch_datetime_operator.py
[2023-05-13T06:24:10.801+0000] {processor.py:753} INFO - DAG(s) dict_keys(['example_branch_datetime_operator', 'example_branch_datetime_operator_3', 'example_branch_datetime_operator_2']) retrieved from /home/airflow/.local/lib/python3.7/site-packages/airflow/example_dags/example_branch_datetime_operator.py
[2023-05-13T06:24:10.819+0000] {logging_mixin.py:137} INFO - [2023-05-13T06:24:10.819+0000] {dag.py:2690} INFO - Sync 3 DAGs
[2023-05-13T06:24:10.833+0000] {logging_mixin.py:137} INFO - [2023-05-13T06:24:10.833+0000] {dag.py:3441} INFO - Setting next_dagrun for example_branch_datetime_operator to 2023-05-12T00:00:00+00:00, run_after=2023-05-13T00:00:00+00:00
[2023-05-13T06:24:10.836+0000] {logging_mixin.py:137} INFO - [2023-05-13T06:24:10.836+0000] {dag.py:3441} INFO - Setting next_dagrun for example_branch_datetime_operator_2 to 2023-05-12T00:00:00+00:00, run_after=2023-05-13T00:00:00+00:00
[2023-05-13T06:24:10.837+0000] {logging_mixin.py:137} INFO - [2023-05-13T06:24:10.837+0000] {dag.py:3441} INFO - Setting next_dagrun for example_branch_datetime_operator_3 to 2023-05-12T00:00:00+00:00, run_after=2023-05-13T00:00:00+00:00
[2023-05-13T06:24:10.845+0000] {processor.py:175} INFO - Processing /home/airflow/.local/lib/python3.7/site-packages/airflow/example_dags/example_branch_datetime_operator.py took 0.057 seconds
[2023-05-13T06:24:41.555+0000] {processor.py:153} INFO - Started process (PID=342) to work on /home/airflow/.local/lib/python3.7/site-packages/airflow/example_dags/example_branch_datetime_operator.py
[2023-05-13T06:24:41.556+0000] {processor.py:743} INFO - Processing file /home/airflow/.local/lib/python3.7/site-packages/airflow/example_dags/example_branch_datetime_operator.py for tasks to queue
[2023-05-13T06:24:41.557+0000] {logging_mixin.py:137} INFO - [2023-05-13T06:24:41.557+0000] {dagbag.py:538} INFO - Filling up the DagBag from /home/airflow/.local/lib/python3.7/site-packages/airflow/example_dags/example_branch_datetime_operator.py
[2023-05-13T06:24:41.567+0000] {processor.py:753} INFO - DAG(s) dict_keys(['example_branch_datetime_operator_2', 'example_branch_datetime_operator', 'example_branch_datetime_operator_3']) retrieved from /home/airflow/.local/lib/python3.7/site-packages/airflow/example_dags/example_branch_datetime_operator.py
[2023-05-13T06:24:41.589+0000] {logging_mixin.py:137} INFO - [2023-05-13T06:24:41.589+0000] {dag.py:2690} INFO - Sync 3 DAGs
[2023-05-13T06:24:41.605+0000] {logging_mixin.py:137} INFO - [2023-05-13T06:24:41.604+0000] {dag.py:3441} INFO - Setting next_dagrun for example_branch_datetime_operator to 2023-05-12T00:00:00+00:00, run_after=2023-05-13T00:00:00+00:00
[2023-05-13T06:24:41.607+0000] {logging_mixin.py:137} INFO - [2023-05-13T06:24:41.607+0000] {dag.py:3441} INFO - Setting next_dagrun for example_branch_datetime_operator_2 to 2023-05-12T00:00:00+00:00, run_after=2023-05-13T00:00:00+00:00
[2023-05-13T06:24:41.608+0000] {logging_mixin.py:137} INFO - [2023-05-13T06:24:41.608+0000] {dag.py:3441} INFO - Setting next_dagrun for example_branch_datetime_operator_3 to 2023-05-12T00:00:00+00:00, run_after=2023-05-13T00:00:00+00:00
[2023-05-13T06:24:41.617+0000] {processor.py:175} INFO - Processing /home/airflow/.local/lib/python3.7/site-packages/airflow/example_dags/example_branch_datetime_operator.py took 0.064 seconds
[2023-05-13T06:25:12.318+0000] {processor.py:153} INFO - Started process (PID=416) to work on /home/airflow/.local/lib/python3.7/site-packages/airflow/example_dags/example_branch_datetime_operator.py
[2023-05-13T06:25:12.320+0000] {processor.py:743} INFO - Processing file /home/airflow/.local/lib/python3.7/site-packages/airflow/example_dags/example_branch_datetime_operator.py for tasks to queue
[2023-05-13T06:25:12.321+0000] {logging_mixin.py:137} INFO - [2023-05-13T06:25:12.320+0000] {dagbag.py:538} INFO - Filling up the DagBag from /home/airflow/.local/lib/python3.7/site-packages/airflow/example_dags/example_branch_datetime_operator.py
[2023-05-13T06:25:12.330+0000] {processor.py:753} INFO - DAG(s) dict_keys(['example_branch_datetime_operator', 'example_branch_datetime_operator_3', 'example_branch_datetime_operator_2']) retrieved from /home/airflow/.local/lib/python3.7/site-packages/airflow/example_dags/example_branch_datetime_operator.py
[2023-05-13T06:25:12.350+0000] {logging_mixin.py:137} INFO - [2023-05-13T06:25:12.350+0000] {dag.py:2690} INFO - Sync 3 DAGs
[2023-05-13T06:25:12.366+0000] {logging_mixin.py:137} INFO - [2023-05-13T06:25:12.366+0000] {dag.py:3441} INFO - Setting next_dagrun for example_branch_datetime_operator to 2023-05-12T00:00:00+00:00, run_after=2023-05-13T00:00:00+00:00
[2023-05-13T06:25:12.369+0000] {logging_mixin.py:137} INFO - [2023-05-13T06:25:12.369+0000] {dag.py:3441} INFO - Setting next_dagrun for example_branch_datetime_operator_2 to 2023-05-12T00:00:00+00:00, run_after=2023-05-13T00:00:00+00:00
[2023-05-13T06:25:12.370+0000] {logging_mixin.py:137} INFO - [2023-05-13T06:25:12.370+0000] {dag.py:3441} INFO - Setting next_dagrun for example_branch_datetime_operator_3 to 2023-05-12T00:00:00+00:00, run_after=2023-05-13T00:00:00+00:00
[2023-05-13T06:25:12.380+0000] {processor.py:175} INFO - Processing /home/airflow/.local/lib/python3.7/site-packages/airflow/example_dags/example_branch_datetime_operator.py took 0.064 seconds
[2023-05-13T06:25:43.239+0000] {processor.py:153} INFO - Started process (PID=490) to work on /home/airflow/.local/lib/python3.7/site-packages/airflow/example_dags/example_branch_datetime_operator.py
[2023-05-13T06:25:43.240+0000] {processor.py:743} INFO - Processing file /home/airflow/.local/lib/python3.7/site-packages/airflow/example_dags/example_branch_datetime_operator.py for tasks to queue
[2023-05-13T06:25:43.241+0000] {logging_mixin.py:137} INFO - [2023-05-13T06:25:43.241+0000] {dagbag.py:538} INFO - Filling up the DagBag from /home/airflow/.local/lib/python3.7/site-packages/airflow/example_dags/example_branch_datetime_operator.py
[2023-05-13T06:25:43.252+0000] {processor.py:753} INFO - DAG(s) dict_keys(['example_branch_datetime_operator_3', 'example_branch_datetime_operator', 'example_branch_datetime_operator_2']) retrieved from /home/airflow/.local/lib/python3.7/site-packages/airflow/example_dags/example_branch_datetime_operator.py
[2023-05-13T06:25:43.273+0000] {logging_mixin.py:137} INFO - [2023-05-13T06:25:43.273+0000] {dag.py:2690} INFO - Sync 3 DAGs
[2023-05-13T06:25:43.289+0000] {logging_mixin.py:137} INFO - [2023-05-13T06:25:43.289+0000] {dag.py:3441} INFO - Setting next_dagrun for example_branch_datetime_operator to 2023-05-12T00:00:00+00:00, run_after=2023-05-13T00:00:00+00:00
[2023-05-13T06:25:43.292+0000] {logging_mixin.py:137} INFO - [2023-05-13T06:25:43.292+0000] {dag.py:3441} INFO - Setting next_dagrun for example_branch_datetime_operator_2 to 2023-05-12T00:00:00+00:00, run_after=2023-05-13T00:00:00+00:00
[2023-05-13T06:25:43.294+0000] {logging_mixin.py:137} INFO - [2023-05-13T06:25:43.293+0000] {dag.py:3441} INFO - Setting next_dagrun for example_branch_datetime_operator_3 to 2023-05-12T00:00:00+00:00, run_after=2023-05-13T00:00:00+00:00
[2023-05-13T06:25:43.303+0000] {processor.py:175} INFO - Processing /home/airflow/.local/lib/python3.7/site-packages/airflow/example_dags/example_branch_datetime_operator.py took 0.066 seconds
[2023-05-13T06:26:13.394+0000] {processor.py:153} INFO - Started process (PID=554) to work on /home/airflow/.local/lib/python3.7/site-packages/airflow/example_dags/example_branch_datetime_operator.py
[2023-05-13T06:26:13.394+0000] {processor.py:743} INFO - Processing file /home/airflow/.local/lib/python3.7/site-packages/airflow/example_dags/example_branch_datetime_operator.py for tasks to queue
[2023-05-13T06:26:13.395+0000] {logging_mixin.py:137} INFO - [2023-05-13T06:26:13.395+0000] {dagbag.py:538} INFO - Filling up the DagBag from /home/airflow/.local/lib/python3.7/site-packages/airflow/example_dags/example_branch_datetime_operator.py
[2023-05-13T06:26:13.405+0000] {processor.py:753} INFO - DAG(s) dict_keys(['example_branch_datetime_operator_2', 'example_branch_datetime_operator', 'example_branch_datetime_operator_3']) retrieved from /home/airflow/.local/lib/python3.7/site-packages/airflow/example_dags/example_branch_datetime_operator.py
[2023-05-13T06:26:13.423+0000] {logging_mixin.py:137} INFO - [2023-05-13T06:26:13.423+0000] {dag.py:2690} INFO - Sync 3 DAGs
[2023-05-13T06:26:13.437+0000] {logging_mixin.py:137} INFO - [2023-05-13T06:26:13.437+0000] {dag.py:3441} INFO - Setting next_dagrun for example_branch_datetime_operator to 2023-05-12T00:00:00+00:00, run_after=2023-05-13T00:00:00+00:00
[2023-05-13T06:26:13.439+0000] {logging_mixin.py:137} INFO - [2023-05-13T06:26:13.439+0000] {dag.py:3441} INFO - Setting next_dagrun for example_branch_datetime_operator_2 to 2023-05-12T00:00:00+00:00, run_after=2023-05-13T00:00:00+00:00
[2023-05-13T06:26:13.441+0000] {logging_mixin.py:137} INFO - [2023-05-13T06:26:13.441+0000] {dag.py:3441} INFO - Setting next_dagrun for example_branch_datetime_operator_3 to 2023-05-12T00:00:00+00:00, run_after=2023-05-13T00:00:00+00:00
[2023-05-13T06:26:13.449+0000] {processor.py:175} INFO - Processing /home/airflow/.local/lib/python3.7/site-packages/airflow/example_dags/example_branch_datetime_operator.py took 0.058 seconds
[2023-05-13T06:26:44.240+0000] {processor.py:153} INFO - Started process (PID=629) to work on /home/airflow/.local/lib/python3.7/site-packages/airflow/example_dags/example_branch_datetime_operator.py
[2023-05-13T06:26:44.241+0000] {processor.py:743} INFO - Processing file /home/airflow/.local/lib/python3.7/site-packages/airflow/example_dags/example_branch_datetime_operator.py for tasks to queue
[2023-05-13T06:26:44.242+0000] {logging_mixin.py:137} INFO - [2023-05-13T06:26:44.242+0000] {dagbag.py:538} INFO - Filling up the DagBag from /home/airflow/.local/lib/python3.7/site-packages/airflow/example_dags/example_branch_datetime_operator.py
[2023-05-13T06:26:44.252+0000] {processor.py:753} INFO - DAG(s) dict_keys(['example_branch_datetime_operator_2', 'example_branch_datetime_operator_3', 'example_branch_datetime_operator']) retrieved from /home/airflow/.local/lib/python3.7/site-packages/airflow/example_dags/example_branch_datetime_operator.py
[2023-05-13T06:26:44.272+0000] {logging_mixin.py:137} INFO - [2023-05-13T06:26:44.272+0000] {dag.py:2690} INFO - Sync 3 DAGs
[2023-05-13T06:26:44.286+0000] {logging_mixin.py:137} INFO - [2023-05-13T06:26:44.286+0000] {dag.py:3441} INFO - Setting next_dagrun for example_branch_datetime_operator to 2023-05-12T00:00:00+00:00, run_after=2023-05-13T00:00:00+00:00
[2023-05-13T06:26:44.289+0000] {logging_mixin.py:137} INFO - [2023-05-13T06:26:44.289+0000] {dag.py:3441} INFO - Setting next_dagrun for example_branch_datetime_operator_2 to 2023-05-12T00:00:00+00:00, run_after=2023-05-13T00:00:00+00:00
[2023-05-13T06:26:44.290+0000] {logging_mixin.py:137} INFO - [2023-05-13T06:26:44.290+0000] {dag.py:3441} INFO - Setting next_dagrun for example_branch_datetime_operator_3 to 2023-05-12T00:00:00+00:00, run_after=2023-05-13T00:00:00+00:00
[2023-05-13T06:26:44.299+0000] {processor.py:175} INFO - Processing /home/airflow/.local/lib/python3.7/site-packages/airflow/example_dags/example_branch_datetime_operator.py took 0.060 seconds
[2023-05-13T06:27:14.483+0000] {processor.py:153} INFO - Started process (PID=704) to work on /home/airflow/.local/lib/python3.7/site-packages/airflow/example_dags/example_branch_datetime_operator.py
[2023-05-13T06:27:14.484+0000] {processor.py:743} INFO - Processing file /home/airflow/.local/lib/python3.7/site-packages/airflow/example_dags/example_branch_datetime_operator.py for tasks to queue
[2023-05-13T06:27:14.484+0000] {logging_mixin.py:137} INFO - [2023-05-13T06:27:14.484+0000] {dagbag.py:538} INFO - Filling up the DagBag from /home/airflow/.local/lib/python3.7/site-packages/airflow/example_dags/example_branch_datetime_operator.py
[2023-05-13T06:27:14.494+0000] {processor.py:753} INFO - DAG(s) dict_keys(['example_branch_datetime_operator_2', 'example_branch_datetime_operator_3', 'example_branch_datetime_operator']) retrieved from /home/airflow/.local/lib/python3.7/site-packages/airflow/example_dags/example_branch_datetime_operator.py
[2023-05-13T06:27:14.514+0000] {logging_mixin.py:137} INFO - [2023-05-13T06:27:14.514+0000] {dag.py:2690} INFO - Sync 3 DAGs
[2023-05-13T06:27:14.529+0000] {logging_mixin.py:137} INFO - [2023-05-13T06:27:14.529+0000] {dag.py:3441} INFO - Setting next_dagrun for example_branch_datetime_operator to 2023-05-12T00:00:00+00:00, run_after=2023-05-13T00:00:00+00:00
[2023-05-13T06:27:14.531+0000] {logging_mixin.py:137} INFO - [2023-05-13T06:27:14.531+0000] {dag.py:3441} INFO - Setting next_dagrun for example_branch_datetime_operator_2 to 2023-05-12T00:00:00+00:00, run_after=2023-05-13T00:00:00+00:00
[2023-05-13T06:27:14.533+0000] {logging_mixin.py:137} INFO - [2023-05-13T06:27:14.533+0000] {dag.py:3441} INFO - Setting next_dagrun for example_branch_datetime_operator_3 to 2023-05-12T00:00:00+00:00, run_after=2023-05-13T00:00:00+00:00
[2023-05-13T06:27:14.541+0000] {processor.py:175} INFO - Processing /home/airflow/.local/lib/python3.7/site-packages/airflow/example_dags/example_branch_datetime_operator.py took 0.061 seconds
[2023-05-13T06:27:45.505+0000] {processor.py:153} INFO - Started process (PID=768) to work on /home/airflow/.local/lib/python3.7/site-packages/airflow/example_dags/example_branch_datetime_operator.py
[2023-05-13T06:27:45.506+0000] {processor.py:743} INFO - Processing file /home/airflow/.local/lib/python3.7/site-packages/airflow/example_dags/example_branch_datetime_operator.py for tasks to queue
[2023-05-13T06:27:45.506+0000] {logging_mixin.py:137} INFO - [2023-05-13T06:27:45.506+0000] {dagbag.py:538} INFO - Filling up the DagBag from /home/airflow/.local/lib/python3.7/site-packages/airflow/example_dags/example_branch_datetime_operator.py
[2023-05-13T06:27:45.516+0000] {processor.py:753} INFO - DAG(s) dict_keys(['example_branch_datetime_operator_3', 'example_branch_datetime_operator', 'example_branch_datetime_operator_2']) retrieved from /home/airflow/.local/lib/python3.7/site-packages/airflow/example_dags/example_branch_datetime_operator.py
[2023-05-13T06:27:45.535+0000] {logging_mixin.py:137} INFO - [2023-05-13T06:27:45.535+0000] {dag.py:2690} INFO - Sync 3 DAGs
[2023-05-13T06:27:45.549+0000] {logging_mixin.py:137} INFO - [2023-05-13T06:27:45.549+0000] {dag.py:3441} INFO - Setting next_dagrun for example_branch_datetime_operator to 2023-05-12T00:00:00+00:00, run_after=2023-05-13T00:00:00+00:00
[2023-05-13T06:27:45.551+0000] {logging_mixin.py:137} INFO - [2023-05-13T06:27:45.551+0000] {dag.py:3441} INFO - Setting next_dagrun for example_branch_datetime_operator_2 to 2023-05-12T00:00:00+00:00, run_after=2023-05-13T00:00:00+00:00
[2023-05-13T06:27:45.553+0000] {logging_mixin.py:137} INFO - [2023-05-13T06:27:45.553+0000] {dag.py:3441} INFO - Setting next_dagrun for example_branch_datetime_operator_3 to 2023-05-12T00:00:00+00:00, run_after=2023-05-13T00:00:00+00:00
[2023-05-13T06:27:45.561+0000] {processor.py:175} INFO - Processing /home/airflow/.local/lib/python3.7/site-packages/airflow/example_dags/example_branch_datetime_operator.py took 0.058 seconds
[2023-05-13T06:28:15.609+0000] {processor.py:153} INFO - Started process (PID=843) to work on /home/airflow/.local/lib/python3.7/site-packages/airflow/example_dags/example_branch_datetime_operator.py
[2023-05-13T06:28:15.610+0000] {processor.py:743} INFO - Processing file /home/airflow/.local/lib/python3.7/site-packages/airflow/example_dags/example_branch_datetime_operator.py for tasks to queue
[2023-05-13T06:28:15.611+0000] {logging_mixin.py:137} INFO - [2023-05-13T06:28:15.610+0000] {dagbag.py:538} INFO - Filling up the DagBag from /home/airflow/.local/lib/python3.7/site-packages/airflow/example_dags/example_branch_datetime_operator.py
[2023-05-13T06:28:15.621+0000] {processor.py:753} INFO - DAG(s) dict_keys(['example_branch_datetime_operator_2', 'example_branch_datetime_operator_3', 'example_branch_datetime_operator']) retrieved from /home/airflow/.local/lib/python3.7/site-packages/airflow/example_dags/example_branch_datetime_operator.py
[2023-05-13T06:28:15.641+0000] {logging_mixin.py:137} INFO - [2023-05-13T06:28:15.641+0000] {dag.py:2690} INFO - Sync 3 DAGs
[2023-05-13T06:28:15.655+0000] {logging_mixin.py:137} INFO - [2023-05-13T06:28:15.655+0000] {dag.py:3441} INFO - Setting next_dagrun for example_branch_datetime_operator to 2023-05-12T00:00:00+00:00, run_after=2023-05-13T00:00:00+00:00
[2023-05-13T06:28:15.658+0000] {logging_mixin.py:137} INFO - [2023-05-13T06:28:15.658+0000] {dag.py:3441} INFO - Setting next_dagrun for example_branch_datetime_operator_2 to 2023-05-12T00:00:00+00:00, run_after=2023-05-13T00:00:00+00:00
[2023-05-13T06:28:15.660+0000] {logging_mixin.py:137} INFO - [2023-05-13T06:28:15.660+0000] {dag.py:3441} INFO - Setting next_dagrun for example_branch_datetime_operator_3 to 2023-05-12T00:00:00+00:00, run_after=2023-05-13T00:00:00+00:00
[2023-05-13T06:28:15.670+0000] {processor.py:175} INFO - Processing /home/airflow/.local/lib/python3.7/site-packages/airflow/example_dags/example_branch_datetime_operator.py took 0.063 seconds
[2023-05-13T06:28:45.794+0000] {processor.py:153} INFO - Started process (PID=918) to work on /home/airflow/.local/lib/python3.7/site-packages/airflow/example_dags/example_branch_datetime_operator.py
[2023-05-13T06:28:45.795+0000] {processor.py:743} INFO - Processing file /home/airflow/.local/lib/python3.7/site-packages/airflow/example_dags/example_branch_datetime_operator.py for tasks to queue
[2023-05-13T06:28:45.796+0000] {logging_mixin.py:137} INFO - [2023-05-13T06:28:45.796+0000] {dagbag.py:538} INFO - Filling up the DagBag from /home/airflow/.local/lib/python3.7/site-packages/airflow/example_dags/example_branch_datetime_operator.py
[2023-05-13T06:28:45.806+0000] {processor.py:753} INFO - DAG(s) dict_keys(['example_branch_datetime_operator', 'example_branch_datetime_operator_2', 'example_branch_datetime_operator_3']) retrieved from /home/airflow/.local/lib/python3.7/site-packages/airflow/example_dags/example_branch_datetime_operator.py
[2023-05-13T06:28:45.825+0000] {logging_mixin.py:137} INFO - [2023-05-13T06:28:45.825+0000] {dag.py:2690} INFO - Sync 3 DAGs
[2023-05-13T06:28:45.839+0000] {logging_mixin.py:137} INFO - [2023-05-13T06:28:45.839+0000] {dag.py:3441} INFO - Setting next_dagrun for example_branch_datetime_operator to 2023-05-12T00:00:00+00:00, run_after=2023-05-13T00:00:00+00:00
[2023-05-13T06:28:45.841+0000] {logging_mixin.py:137} INFO - [2023-05-13T06:28:45.841+0000] {dag.py:3441} INFO - Setting next_dagrun for example_branch_datetime_operator_2 to 2023-05-12T00:00:00+00:00, run_after=2023-05-13T00:00:00+00:00
[2023-05-13T06:28:45.843+0000] {logging_mixin.py:137} INFO - [2023-05-13T06:28:45.843+0000] {dag.py:3441} INFO - Setting next_dagrun for example_branch_datetime_operator_3 to 2023-05-12T00:00:00+00:00, run_after=2023-05-13T00:00:00+00:00
[2023-05-13T06:28:45.851+0000] {processor.py:175} INFO - Processing /home/airflow/.local/lib/python3.7/site-packages/airflow/example_dags/example_branch_datetime_operator.py took 0.059 seconds
[2023-05-13T06:29:16.804+0000] {processor.py:153} INFO - Started process (PID=993) to work on /home/airflow/.local/lib/python3.7/site-packages/airflow/example_dags/example_branch_datetime_operator.py
[2023-05-13T06:29:16.806+0000] {processor.py:743} INFO - Processing file /home/airflow/.local/lib/python3.7/site-packages/airflow/example_dags/example_branch_datetime_operator.py for tasks to queue
[2023-05-13T06:29:16.807+0000] {logging_mixin.py:137} INFO - [2023-05-13T06:29:16.807+0000] {dagbag.py:538} INFO - Filling up the DagBag from /home/airflow/.local/lib/python3.7/site-packages/airflow/example_dags/example_branch_datetime_operator.py
[2023-05-13T06:29:16.817+0000] {processor.py:753} INFO - DAG(s) dict_keys(['example_branch_datetime_operator_2', 'example_branch_datetime_operator_3', 'example_branch_datetime_operator']) retrieved from /home/airflow/.local/lib/python3.7/site-packages/airflow/example_dags/example_branch_datetime_operator.py
[2023-05-13T06:29:16.837+0000] {logging_mixin.py:137} INFO - [2023-05-13T06:29:16.837+0000] {dag.py:2690} INFO - Sync 3 DAGs
[2023-05-13T06:29:16.852+0000] {logging_mixin.py:137} INFO - [2023-05-13T06:29:16.852+0000] {dag.py:3441} INFO - Setting next_dagrun for example_branch_datetime_operator to 2023-05-12T00:00:00+00:00, run_after=2023-05-13T00:00:00+00:00
[2023-05-13T06:29:16.855+0000] {logging_mixin.py:137} INFO - [2023-05-13T06:29:16.855+0000] {dag.py:3441} INFO - Setting next_dagrun for example_branch_datetime_operator_2 to 2023-05-12T00:00:00+00:00, run_after=2023-05-13T00:00:00+00:00
[2023-05-13T06:29:16.858+0000] {logging_mixin.py:137} INFO - [2023-05-13T06:29:16.857+0000] {dag.py:3441} INFO - Setting next_dagrun for example_branch_datetime_operator_3 to 2023-05-12T00:00:00+00:00, run_after=2023-05-13T00:00:00+00:00
[2023-05-13T06:29:16.874+0000] {processor.py:175} INFO - Processing /home/airflow/.local/lib/python3.7/site-packages/airflow/example_dags/example_branch_datetime_operator.py took 0.075 seconds
[2023-05-13T06:29:46.980+0000] {processor.py:153} INFO - Started process (PID=1056) to work on /home/airflow/.local/lib/python3.7/site-packages/airflow/example_dags/example_branch_datetime_operator.py
[2023-05-13T06:29:46.980+0000] {processor.py:743} INFO - Processing file /home/airflow/.local/lib/python3.7/site-packages/airflow/example_dags/example_branch_datetime_operator.py for tasks to queue
[2023-05-13T06:29:46.981+0000] {logging_mixin.py:137} INFO - [2023-05-13T06:29:46.981+0000] {dagbag.py:538} INFO - Filling up the DagBag from /home/airflow/.local/lib/python3.7/site-packages/airflow/example_dags/example_branch_datetime_operator.py
[2023-05-13T06:29:46.990+0000] {processor.py:753} INFO - DAG(s) dict_keys(['example_branch_datetime_operator', 'example_branch_datetime_operator_3', 'example_branch_datetime_operator_2']) retrieved from /home/airflow/.local/lib/python3.7/site-packages/airflow/example_dags/example_branch_datetime_operator.py
[2023-05-13T06:29:47.010+0000] {logging_mixin.py:137} INFO - [2023-05-13T06:29:47.010+0000] {dag.py:2690} INFO - Sync 3 DAGs
[2023-05-13T06:29:47.024+0000] {logging_mixin.py:137} INFO - [2023-05-13T06:29:47.024+0000] {dag.py:3441} INFO - Setting next_dagrun for example_branch_datetime_operator to 2023-05-12T00:00:00+00:00, run_after=2023-05-13T00:00:00+00:00
[2023-05-13T06:29:47.026+0000] {logging_mixin.py:137} INFO - [2023-05-13T06:29:47.026+0000] {dag.py:3441} INFO - Setting next_dagrun for example_branch_datetime_operator_2 to 2023-05-12T00:00:00+00:00, run_after=2023-05-13T00:00:00+00:00
[2023-05-13T06:29:47.028+0000] {logging_mixin.py:137} INFO - [2023-05-13T06:29:47.028+0000] {dag.py:3441} INFO - Setting next_dagrun for example_branch_datetime_operator_3 to 2023-05-12T00:00:00+00:00, run_after=2023-05-13T00:00:00+00:00
[2023-05-13T06:29:47.036+0000] {processor.py:175} INFO - Processing /home/airflow/.local/lib/python3.7/site-packages/airflow/example_dags/example_branch_datetime_operator.py took 0.058 seconds
[2023-05-13T06:30:17.212+0000] {processor.py:153} INFO - Started process (PID=1131) to work on /home/airflow/.local/lib/python3.7/site-packages/airflow/example_dags/example_branch_datetime_operator.py
[2023-05-13T06:30:17.213+0000] {processor.py:743} INFO - Processing file /home/airflow/.local/lib/python3.7/site-packages/airflow/example_dags/example_branch_datetime_operator.py for tasks to queue
[2023-05-13T06:30:17.214+0000] {logging_mixin.py:137} INFO - [2023-05-13T06:30:17.214+0000] {dagbag.py:538} INFO - Filling up the DagBag from /home/airflow/.local/lib/python3.7/site-packages/airflow/example_dags/example_branch_datetime_operator.py
[2023-05-13T06:30:17.223+0000] {processor.py:753} INFO - DAG(s) dict_keys(['example_branch_datetime_operator_3', 'example_branch_datetime_operator', 'example_branch_datetime_operator_2']) retrieved from /home/airflow/.local/lib/python3.7/site-packages/airflow/example_dags/example_branch_datetime_operator.py
[2023-05-13T06:30:17.244+0000] {logging_mixin.py:137} INFO - [2023-05-13T06:30:17.244+0000] {dag.py:2690} INFO - Sync 3 DAGs
[2023-05-13T06:30:17.259+0000] {logging_mixin.py:137} INFO - [2023-05-13T06:30:17.259+0000] {dag.py:3441} INFO - Setting next_dagrun for example_branch_datetime_operator to 2023-05-12T00:00:00+00:00, run_after=2023-05-13T00:00:00+00:00
[2023-05-13T06:30:17.261+0000] {logging_mixin.py:137} INFO - [2023-05-13T06:30:17.261+0000] {dag.py:3441} INFO - Setting next_dagrun for example_branch_datetime_operator_2 to 2023-05-12T00:00:00+00:00, run_after=2023-05-13T00:00:00+00:00
[2023-05-13T06:30:17.263+0000] {logging_mixin.py:137} INFO - [2023-05-13T06:30:17.263+0000] {dag.py:3441} INFO - Setting next_dagrun for example_branch_datetime_operator_3 to 2023-05-12T00:00:00+00:00, run_after=2023-05-13T00:00:00+00:00
[2023-05-13T06:30:17.271+0000] {processor.py:175} INFO - Processing /home/airflow/.local/lib/python3.7/site-packages/airflow/example_dags/example_branch_datetime_operator.py took 0.061 seconds
[2023-05-13T06:30:47.373+0000] {processor.py:153} INFO - Started process (PID=1205) to work on /home/airflow/.local/lib/python3.7/site-packages/airflow/example_dags/example_branch_datetime_operator.py
[2023-05-13T06:30:47.375+0000] {processor.py:743} INFO - Processing file /home/airflow/.local/lib/python3.7/site-packages/airflow/example_dags/example_branch_datetime_operator.py for tasks to queue
[2023-05-13T06:30:47.375+0000] {logging_mixin.py:137} INFO - [2023-05-13T06:30:47.375+0000] {dagbag.py:538} INFO - Filling up the DagBag from /home/airflow/.local/lib/python3.7/site-packages/airflow/example_dags/example_branch_datetime_operator.py
[2023-05-13T06:30:47.385+0000] {processor.py:753} INFO - DAG(s) dict_keys(['example_branch_datetime_operator_3', 'example_branch_datetime_operator_2', 'example_branch_datetime_operator']) retrieved from /home/airflow/.local/lib/python3.7/site-packages/airflow/example_dags/example_branch_datetime_operator.py
[2023-05-13T06:30:47.404+0000] {logging_mixin.py:137} INFO - [2023-05-13T06:30:47.404+0000] {dag.py:2690} INFO - Sync 3 DAGs
[2023-05-13T06:30:47.419+0000] {logging_mixin.py:137} INFO - [2023-05-13T06:30:47.419+0000] {dag.py:3441} INFO - Setting next_dagrun for example_branch_datetime_operator to 2023-05-12T00:00:00+00:00, run_after=2023-05-13T00:00:00+00:00
[2023-05-13T06:30:47.422+0000] {logging_mixin.py:137} INFO - [2023-05-13T06:30:47.422+0000] {dag.py:3441} INFO - Setting next_dagrun for example_branch_datetime_operator_2 to 2023-05-12T00:00:00+00:00, run_after=2023-05-13T00:00:00+00:00
[2023-05-13T06:30:47.423+0000] {logging_mixin.py:137} INFO - [2023-05-13T06:30:47.423+0000] {dag.py:3441} INFO - Setting next_dagrun for example_branch_datetime_operator_3 to 2023-05-12T00:00:00+00:00, run_after=2023-05-13T00:00:00+00:00
[2023-05-13T06:30:47.431+0000] {processor.py:175} INFO - Processing /home/airflow/.local/lib/python3.7/site-packages/airflow/example_dags/example_branch_datetime_operator.py took 0.061 seconds
[2023-05-13T06:31:18.389+0000] {processor.py:153} INFO - Started process (PID=1269) to work on /home/airflow/.local/lib/python3.7/site-packages/airflow/example_dags/example_branch_datetime_operator.py
[2023-05-13T06:31:18.389+0000] {processor.py:743} INFO - Processing file /home/airflow/.local/lib/python3.7/site-packages/airflow/example_dags/example_branch_datetime_operator.py for tasks to queue
[2023-05-13T06:31:18.390+0000] {logging_mixin.py:137} INFO - [2023-05-13T06:31:18.390+0000] {dagbag.py:538} INFO - Filling up the DagBag from /home/airflow/.local/lib/python3.7/site-packages/airflow/example_dags/example_branch_datetime_operator.py
[2023-05-13T06:31:18.399+0000] {processor.py:753} INFO - DAG(s) dict_keys(['example_branch_datetime_operator', 'example_branch_datetime_operator_2', 'example_branch_datetime_operator_3']) retrieved from /home/airflow/.local/lib/python3.7/site-packages/airflow/example_dags/example_branch_datetime_operator.py
[2023-05-13T06:31:18.418+0000] {logging_mixin.py:137} INFO - [2023-05-13T06:31:18.418+0000] {dag.py:2690} INFO - Sync 3 DAGs
[2023-05-13T06:31:18.432+0000] {logging_mixin.py:137} INFO - [2023-05-13T06:31:18.432+0000] {dag.py:3441} INFO - Setting next_dagrun for example_branch_datetime_operator to 2023-05-12T00:00:00+00:00, run_after=2023-05-13T00:00:00+00:00
[2023-05-13T06:31:18.435+0000] {logging_mixin.py:137} INFO - [2023-05-13T06:31:18.435+0000] {dag.py:3441} INFO - Setting next_dagrun for example_branch_datetime_operator_2 to 2023-05-12T00:00:00+00:00, run_after=2023-05-13T00:00:00+00:00
[2023-05-13T06:31:18.436+0000] {logging_mixin.py:137} INFO - [2023-05-13T06:31:18.436+0000] {dag.py:3441} INFO - Setting next_dagrun for example_branch_datetime_operator_3 to 2023-05-12T00:00:00+00:00, run_after=2023-05-13T00:00:00+00:00
[2023-05-13T06:31:18.444+0000] {processor.py:175} INFO - Processing /home/airflow/.local/lib/python3.7/site-packages/airflow/example_dags/example_branch_datetime_operator.py took 0.058 seconds
[2023-05-13T06:31:48.528+0000] {processor.py:153} INFO - Started process (PID=1343) to work on /home/airflow/.local/lib/python3.7/site-packages/airflow/example_dags/example_branch_datetime_operator.py
[2023-05-13T06:31:48.528+0000] {processor.py:743} INFO - Processing file /home/airflow/.local/lib/python3.7/site-packages/airflow/example_dags/example_branch_datetime_operator.py for tasks to queue
[2023-05-13T06:31:48.529+0000] {logging_mixin.py:137} INFO - [2023-05-13T06:31:48.529+0000] {dagbag.py:538} INFO - Filling up the DagBag from /home/airflow/.local/lib/python3.7/site-packages/airflow/example_dags/example_branch_datetime_operator.py
[2023-05-13T06:31:48.538+0000] {processor.py:753} INFO - DAG(s) dict_keys(['example_branch_datetime_operator_2', 'example_branch_datetime_operator_3', 'example_branch_datetime_operator']) retrieved from /home/airflow/.local/lib/python3.7/site-packages/airflow/example_dags/example_branch_datetime_operator.py
[2023-05-13T06:31:48.557+0000] {logging_mixin.py:137} INFO - [2023-05-13T06:31:48.557+0000] {dag.py:2690} INFO - Sync 3 DAGs
[2023-05-13T06:31:48.571+0000] {logging_mixin.py:137} INFO - [2023-05-13T06:31:48.571+0000] {dag.py:3441} INFO - Setting next_dagrun for example_branch_datetime_operator to 2023-05-12T00:00:00+00:00, run_after=2023-05-13T00:00:00+00:00
[2023-05-13T06:31:48.574+0000] {logging_mixin.py:137} INFO - [2023-05-13T06:31:48.574+0000] {dag.py:3441} INFO - Setting next_dagrun for example_branch_datetime_operator_2 to 2023-05-12T00:00:00+00:00, run_after=2023-05-13T00:00:00+00:00
[2023-05-13T06:31:48.575+0000] {logging_mixin.py:137} INFO - [2023-05-13T06:31:48.575+0000] {dag.py:3441} INFO - Setting next_dagrun for example_branch_datetime_operator_3 to 2023-05-12T00:00:00+00:00, run_after=2023-05-13T00:00:00+00:00
[2023-05-13T06:31:48.584+0000] {processor.py:175} INFO - Processing /home/airflow/.local/lib/python3.7/site-packages/airflow/example_dags/example_branch_datetime_operator.py took 0.058 seconds
[2023-05-13T06:32:18.655+0000] {processor.py:153} INFO - Started process (PID=1418) to work on /home/airflow/.local/lib/python3.7/site-packages/airflow/example_dags/example_branch_datetime_operator.py
[2023-05-13T06:32:18.656+0000] {processor.py:743} INFO - Processing file /home/airflow/.local/lib/python3.7/site-packages/airflow/example_dags/example_branch_datetime_operator.py for tasks to queue
[2023-05-13T06:32:18.656+0000] {logging_mixin.py:137} INFO - [2023-05-13T06:32:18.656+0000] {dagbag.py:538} INFO - Filling up the DagBag from /home/airflow/.local/lib/python3.7/site-packages/airflow/example_dags/example_branch_datetime_operator.py
[2023-05-13T06:32:18.665+0000] {processor.py:753} INFO - DAG(s) dict_keys(['example_branch_datetime_operator', 'example_branch_datetime_operator_2', 'example_branch_datetime_operator_3']) retrieved from /home/airflow/.local/lib/python3.7/site-packages/airflow/example_dags/example_branch_datetime_operator.py
[2023-05-13T06:32:18.684+0000] {logging_mixin.py:137} INFO - [2023-05-13T06:32:18.684+0000] {dag.py:2690} INFO - Sync 3 DAGs
[2023-05-13T06:32:18.698+0000] {logging_mixin.py:137} INFO - [2023-05-13T06:32:18.698+0000] {dag.py:3441} INFO - Setting next_dagrun for example_branch_datetime_operator to 2023-05-12T00:00:00+00:00, run_after=2023-05-13T00:00:00+00:00
[2023-05-13T06:32:18.701+0000] {logging_mixin.py:137} INFO - [2023-05-13T06:32:18.701+0000] {dag.py:3441} INFO - Setting next_dagrun for example_branch_datetime_operator_2 to 2023-05-12T00:00:00+00:00, run_after=2023-05-13T00:00:00+00:00
[2023-05-13T06:32:18.702+0000] {logging_mixin.py:137} INFO - [2023-05-13T06:32:18.702+0000] {dag.py:3441} INFO - Setting next_dagrun for example_branch_datetime_operator_3 to 2023-05-12T00:00:00+00:00, run_after=2023-05-13T00:00:00+00:00
[2023-05-13T06:32:18.710+0000] {processor.py:175} INFO - Processing /home/airflow/.local/lib/python3.7/site-packages/airflow/example_dags/example_branch_datetime_operator.py took 0.058 seconds
[2023-05-13T06:32:49.864+0000] {processor.py:153} INFO - Started process (PID=1494) to work on /home/airflow/.local/lib/python3.7/site-packages/airflow/example_dags/example_branch_datetime_operator.py
[2023-05-13T06:32:49.865+0000] {processor.py:743} INFO - Processing file /home/airflow/.local/lib/python3.7/site-packages/airflow/example_dags/example_branch_datetime_operator.py for tasks to queue
[2023-05-13T06:32:49.866+0000] {logging_mixin.py:137} INFO - [2023-05-13T06:32:49.866+0000] {dagbag.py:538} INFO - Filling up the DagBag from /home/airflow/.local/lib/python3.7/site-packages/airflow/example_dags/example_branch_datetime_operator.py
[2023-05-13T06:32:49.876+0000] {processor.py:753} INFO - DAG(s) dict_keys(['example_branch_datetime_operator_2', 'example_branch_datetime_operator_3', 'example_branch_datetime_operator']) retrieved from /home/airflow/.local/lib/python3.7/site-packages/airflow/example_dags/example_branch_datetime_operator.py
[2023-05-13T06:32:49.899+0000] {logging_mixin.py:137} INFO - [2023-05-13T06:32:49.899+0000] {dag.py:2690} INFO - Sync 3 DAGs
[2023-05-13T06:32:49.914+0000] {logging_mixin.py:137} INFO - [2023-05-13T06:32:49.914+0000] {dag.py:3441} INFO - Setting next_dagrun for example_branch_datetime_operator to 2023-05-12T00:00:00+00:00, run_after=2023-05-13T00:00:00+00:00
[2023-05-13T06:32:49.919+0000] {logging_mixin.py:137} INFO - [2023-05-13T06:32:49.919+0000] {dag.py:3441} INFO - Setting next_dagrun for example_branch_datetime_operator_2 to 2023-05-12T00:00:00+00:00, run_after=2023-05-13T00:00:00+00:00
[2023-05-13T06:32:49.921+0000] {logging_mixin.py:137} INFO - [2023-05-13T06:32:49.921+0000] {dag.py:3441} INFO - Setting next_dagrun for example_branch_datetime_operator_3 to 2023-05-12T00:00:00+00:00, run_after=2023-05-13T00:00:00+00:00
[2023-05-13T06:32:49.931+0000] {processor.py:175} INFO - Processing /home/airflow/.local/lib/python3.7/site-packages/airflow/example_dags/example_branch_datetime_operator.py took 0.070 seconds
[2023-05-13T06:33:20.139+0000] {processor.py:153} INFO - Started process (PID=1557) to work on /home/airflow/.local/lib/python3.7/site-packages/airflow/example_dags/example_branch_datetime_operator.py
[2023-05-13T06:33:20.140+0000] {processor.py:743} INFO - Processing file /home/airflow/.local/lib/python3.7/site-packages/airflow/example_dags/example_branch_datetime_operator.py for tasks to queue
[2023-05-13T06:33:20.141+0000] {logging_mixin.py:137} INFO - [2023-05-13T06:33:20.141+0000] {dagbag.py:538} INFO - Filling up the DagBag from /home/airflow/.local/lib/python3.7/site-packages/airflow/example_dags/example_branch_datetime_operator.py
[2023-05-13T06:33:20.150+0000] {processor.py:753} INFO - DAG(s) dict_keys(['example_branch_datetime_operator', 'example_branch_datetime_operator_3', 'example_branch_datetime_operator_2']) retrieved from /home/airflow/.local/lib/python3.7/site-packages/airflow/example_dags/example_branch_datetime_operator.py
[2023-05-13T06:33:20.170+0000] {logging_mixin.py:137} INFO - [2023-05-13T06:33:20.170+0000] {dag.py:2690} INFO - Sync 3 DAGs
[2023-05-13T06:33:20.185+0000] {logging_mixin.py:137} INFO - [2023-05-13T06:33:20.184+0000] {dag.py:3441} INFO - Setting next_dagrun for example_branch_datetime_operator to 2023-05-12T00:00:00+00:00, run_after=2023-05-13T00:00:00+00:00
[2023-05-13T06:33:20.187+0000] {logging_mixin.py:137} INFO - [2023-05-13T06:33:20.187+0000] {dag.py:3441} INFO - Setting next_dagrun for example_branch_datetime_operator_2 to 2023-05-12T00:00:00+00:00, run_after=2023-05-13T00:00:00+00:00
[2023-05-13T06:33:20.188+0000] {logging_mixin.py:137} INFO - [2023-05-13T06:33:20.188+0000] {dag.py:3441} INFO - Setting next_dagrun for example_branch_datetime_operator_3 to 2023-05-12T00:00:00+00:00, run_after=2023-05-13T00:00:00+00:00
[2023-05-13T06:33:20.196+0000] {processor.py:175} INFO - Processing /home/airflow/.local/lib/python3.7/site-packages/airflow/example_dags/example_branch_datetime_operator.py took 0.059 seconds
[2023-05-13T06:33:50.287+0000] {processor.py:153} INFO - Started process (PID=1631) to work on /home/airflow/.local/lib/python3.7/site-packages/airflow/example_dags/example_branch_datetime_operator.py
[2023-05-13T06:33:50.289+0000] {processor.py:743} INFO - Processing file /home/airflow/.local/lib/python3.7/site-packages/airflow/example_dags/example_branch_datetime_operator.py for tasks to queue
[2023-05-13T06:33:50.289+0000] {logging_mixin.py:137} INFO - [2023-05-13T06:33:50.289+0000] {dagbag.py:538} INFO - Filling up the DagBag from /home/airflow/.local/lib/python3.7/site-packages/airflow/example_dags/example_branch_datetime_operator.py
[2023-05-13T06:33:50.301+0000] {processor.py:753} INFO - DAG(s) dict_keys(['example_branch_datetime_operator_3', 'example_branch_datetime_operator', 'example_branch_datetime_operator_2']) retrieved from /home/airflow/.local/lib/python3.7/site-packages/airflow/example_dags/example_branch_datetime_operator.py
[2023-05-13T06:33:50.325+0000] {logging_mixin.py:137} INFO - [2023-05-13T06:33:50.324+0000] {dag.py:2690} INFO - Sync 3 DAGs
[2023-05-13T06:33:50.342+0000] {logging_mixin.py:137} INFO - [2023-05-13T06:33:50.342+0000] {dag.py:3441} INFO - Setting next_dagrun for example_branch_datetime_operator to 2023-05-12T00:00:00+00:00, run_after=2023-05-13T00:00:00+00:00
[2023-05-13T06:33:50.345+0000] {logging_mixin.py:137} INFO - [2023-05-13T06:33:50.345+0000] {dag.py:3441} INFO - Setting next_dagrun for example_branch_datetime_operator_2 to 2023-05-12T00:00:00+00:00, run_after=2023-05-13T00:00:00+00:00
[2023-05-13T06:33:50.347+0000] {logging_mixin.py:137} INFO - [2023-05-13T06:33:50.347+0000] {dag.py:3441} INFO - Setting next_dagrun for example_branch_datetime_operator_3 to 2023-05-12T00:00:00+00:00, run_after=2023-05-13T00:00:00+00:00
[2023-05-13T06:33:50.356+0000] {processor.py:175} INFO - Processing /home/airflow/.local/lib/python3.7/site-packages/airflow/example_dags/example_branch_datetime_operator.py took 0.072 seconds
[2023-05-13T06:34:20.492+0000] {processor.py:153} INFO - Started process (PID=1707) to work on /home/airflow/.local/lib/python3.7/site-packages/airflow/example_dags/example_branch_datetime_operator.py
[2023-05-13T06:34:20.493+0000] {processor.py:743} INFO - Processing file /home/airflow/.local/lib/python3.7/site-packages/airflow/example_dags/example_branch_datetime_operator.py for tasks to queue
[2023-05-13T06:34:20.493+0000] {logging_mixin.py:137} INFO - [2023-05-13T06:34:20.493+0000] {dagbag.py:538} INFO - Filling up the DagBag from /home/airflow/.local/lib/python3.7/site-packages/airflow/example_dags/example_branch_datetime_operator.py
[2023-05-13T06:34:20.504+0000] {processor.py:753} INFO - DAG(s) dict_keys(['example_branch_datetime_operator', 'example_branch_datetime_operator_2', 'example_branch_datetime_operator_3']) retrieved from /home/airflow/.local/lib/python3.7/site-packages/airflow/example_dags/example_branch_datetime_operator.py
[2023-05-13T06:34:20.528+0000] {logging_mixin.py:137} INFO - [2023-05-13T06:34:20.528+0000] {dag.py:2690} INFO - Sync 3 DAGs
[2023-05-13T06:34:20.543+0000] {logging_mixin.py:137} INFO - [2023-05-13T06:34:20.543+0000] {dag.py:3441} INFO - Setting next_dagrun for example_branch_datetime_operator to 2023-05-12T00:00:00+00:00, run_after=2023-05-13T00:00:00+00:00
[2023-05-13T06:34:20.546+0000] {logging_mixin.py:137} INFO - [2023-05-13T06:34:20.546+0000] {dag.py:3441} INFO - Setting next_dagrun for example_branch_datetime_operator_2 to 2023-05-12T00:00:00+00:00, run_after=2023-05-13T00:00:00+00:00
[2023-05-13T06:34:20.547+0000] {logging_mixin.py:137} INFO - [2023-05-13T06:34:20.547+0000] {dag.py:3441} INFO - Setting next_dagrun for example_branch_datetime_operator_3 to 2023-05-12T00:00:00+00:00, run_after=2023-05-13T00:00:00+00:00
[2023-05-13T06:34:20.556+0000] {processor.py:175} INFO - Processing /home/airflow/.local/lib/python3.7/site-packages/airflow/example_dags/example_branch_datetime_operator.py took 0.067 seconds
[2023-05-13T06:34:51.415+0000] {processor.py:153} INFO - Started process (PID=1770) to work on /home/airflow/.local/lib/python3.7/site-packages/airflow/example_dags/example_branch_datetime_operator.py
[2023-05-13T06:34:51.416+0000] {processor.py:743} INFO - Processing file /home/airflow/.local/lib/python3.7/site-packages/airflow/example_dags/example_branch_datetime_operator.py for tasks to queue
[2023-05-13T06:34:51.417+0000] {logging_mixin.py:137} INFO - [2023-05-13T06:34:51.417+0000] {dagbag.py:538} INFO - Filling up the DagBag from /home/airflow/.local/lib/python3.7/site-packages/airflow/example_dags/example_branch_datetime_operator.py
[2023-05-13T06:34:51.427+0000] {processor.py:753} INFO - DAG(s) dict_keys(['example_branch_datetime_operator_3', 'example_branch_datetime_operator_2', 'example_branch_datetime_operator']) retrieved from /home/airflow/.local/lib/python3.7/site-packages/airflow/example_dags/example_branch_datetime_operator.py
[2023-05-13T06:34:51.446+0000] {logging_mixin.py:137} INFO - [2023-05-13T06:34:51.446+0000] {dag.py:2690} INFO - Sync 3 DAGs
[2023-05-13T06:34:51.461+0000] {logging_mixin.py:137} INFO - [2023-05-13T06:34:51.461+0000] {dag.py:3441} INFO - Setting next_dagrun for example_branch_datetime_operator to 2023-05-12T00:00:00+00:00, run_after=2023-05-13T00:00:00+00:00
[2023-05-13T06:34:51.464+0000] {logging_mixin.py:137} INFO - [2023-05-13T06:34:51.464+0000] {dag.py:3441} INFO - Setting next_dagrun for example_branch_datetime_operator_2 to 2023-05-12T00:00:00+00:00, run_after=2023-05-13T00:00:00+00:00
[2023-05-13T06:34:51.465+0000] {logging_mixin.py:137} INFO - [2023-05-13T06:34:51.465+0000] {dag.py:3441} INFO - Setting next_dagrun for example_branch_datetime_operator_3 to 2023-05-12T00:00:00+00:00, run_after=2023-05-13T00:00:00+00:00
[2023-05-13T06:34:51.473+0000] {processor.py:175} INFO - Processing /home/airflow/.local/lib/python3.7/site-packages/airflow/example_dags/example_branch_datetime_operator.py took 0.061 seconds
[2023-05-13T06:35:22.441+0000] {processor.py:153} INFO - Started process (PID=1844) to work on /home/airflow/.local/lib/python3.7/site-packages/airflow/example_dags/example_branch_datetime_operator.py
[2023-05-13T06:35:22.442+0000] {processor.py:743} INFO - Processing file /home/airflow/.local/lib/python3.7/site-packages/airflow/example_dags/example_branch_datetime_operator.py for tasks to queue
[2023-05-13T06:35:22.443+0000] {logging_mixin.py:137} INFO - [2023-05-13T06:35:22.443+0000] {dagbag.py:538} INFO - Filling up the DagBag from /home/airflow/.local/lib/python3.7/site-packages/airflow/example_dags/example_branch_datetime_operator.py
[2023-05-13T06:35:22.452+0000] {processor.py:753} INFO - DAG(s) dict_keys(['example_branch_datetime_operator_3', 'example_branch_datetime_operator_2', 'example_branch_datetime_operator']) retrieved from /home/airflow/.local/lib/python3.7/site-packages/airflow/example_dags/example_branch_datetime_operator.py
[2023-05-13T06:35:22.472+0000] {logging_mixin.py:137} INFO - [2023-05-13T06:35:22.472+0000] {dag.py:2690} INFO - Sync 3 DAGs
[2023-05-13T06:35:22.486+0000] {logging_mixin.py:137} INFO - [2023-05-13T06:35:22.486+0000] {dag.py:3441} INFO - Setting next_dagrun for example_branch_datetime_operator to 2023-05-12T00:00:00+00:00, run_after=2023-05-13T00:00:00+00:00
[2023-05-13T06:35:22.488+0000] {logging_mixin.py:137} INFO - [2023-05-13T06:35:22.488+0000] {dag.py:3441} INFO - Setting next_dagrun for example_branch_datetime_operator_2 to 2023-05-12T00:00:00+00:00, run_after=2023-05-13T00:00:00+00:00
[2023-05-13T06:35:22.490+0000] {logging_mixin.py:137} INFO - [2023-05-13T06:35:22.490+0000] {dag.py:3441} INFO - Setting next_dagrun for example_branch_datetime_operator_3 to 2023-05-12T00:00:00+00:00, run_after=2023-05-13T00:00:00+00:00
[2023-05-13T06:35:22.498+0000] {processor.py:175} INFO - Processing /home/airflow/.local/lib/python3.7/site-packages/airflow/example_dags/example_branch_datetime_operator.py took 0.059 seconds
[2023-05-13T06:35:52.586+0000] {processor.py:153} INFO - Started process (PID=1919) to work on /home/airflow/.local/lib/python3.7/site-packages/airflow/example_dags/example_branch_datetime_operator.py
[2023-05-13T06:35:52.587+0000] {processor.py:743} INFO - Processing file /home/airflow/.local/lib/python3.7/site-packages/airflow/example_dags/example_branch_datetime_operator.py for tasks to queue
[2023-05-13T06:35:52.587+0000] {logging_mixin.py:137} INFO - [2023-05-13T06:35:52.587+0000] {dagbag.py:538} INFO - Filling up the DagBag from /home/airflow/.local/lib/python3.7/site-packages/airflow/example_dags/example_branch_datetime_operator.py
[2023-05-13T06:35:52.597+0000] {processor.py:753} INFO - DAG(s) dict_keys(['example_branch_datetime_operator_2', 'example_branch_datetime_operator', 'example_branch_datetime_operator_3']) retrieved from /home/airflow/.local/lib/python3.7/site-packages/airflow/example_dags/example_branch_datetime_operator.py
[2023-05-13T06:35:52.617+0000] {logging_mixin.py:137} INFO - [2023-05-13T06:35:52.617+0000] {dag.py:2690} INFO - Sync 3 DAGs
[2023-05-13T06:35:52.631+0000] {logging_mixin.py:137} INFO - [2023-05-13T06:35:52.631+0000] {dag.py:3441} INFO - Setting next_dagrun for example_branch_datetime_operator to 2023-05-12T00:00:00+00:00, run_after=2023-05-13T00:00:00+00:00
[2023-05-13T06:35:52.634+0000] {logging_mixin.py:137} INFO - [2023-05-13T06:35:52.634+0000] {dag.py:3441} INFO - Setting next_dagrun for example_branch_datetime_operator_2 to 2023-05-12T00:00:00+00:00, run_after=2023-05-13T00:00:00+00:00
[2023-05-13T06:35:52.635+0000] {logging_mixin.py:137} INFO - [2023-05-13T06:35:52.635+0000] {dag.py:3441} INFO - Setting next_dagrun for example_branch_datetime_operator_3 to 2023-05-12T00:00:00+00:00, run_after=2023-05-13T00:00:00+00:00
[2023-05-13T06:35:52.643+0000] {processor.py:175} INFO - Processing /home/airflow/.local/lib/python3.7/site-packages/airflow/example_dags/example_branch_datetime_operator.py took 0.060 seconds
[2023-05-13T06:36:23.674+0000] {processor.py:153} INFO - Started process (PID=1993) to work on /home/airflow/.local/lib/python3.7/site-packages/airflow/example_dags/example_branch_datetime_operator.py
[2023-05-13T06:36:23.676+0000] {processor.py:743} INFO - Processing file /home/airflow/.local/lib/python3.7/site-packages/airflow/example_dags/example_branch_datetime_operator.py for tasks to queue
[2023-05-13T06:36:23.677+0000] {logging_mixin.py:137} INFO - [2023-05-13T06:36:23.676+0000] {dagbag.py:538} INFO - Filling up the DagBag from /home/airflow/.local/lib/python3.7/site-packages/airflow/example_dags/example_branch_datetime_operator.py
[2023-05-13T06:36:23.692+0000] {processor.py:753} INFO - DAG(s) dict_keys(['example_branch_datetime_operator', 'example_branch_datetime_operator_3', 'example_branch_datetime_operator_2']) retrieved from /home/airflow/.local/lib/python3.7/site-packages/airflow/example_dags/example_branch_datetime_operator.py
[2023-05-13T06:36:23.712+0000] {logging_mixin.py:137} INFO - [2023-05-13T06:36:23.712+0000] {dag.py:2690} INFO - Sync 3 DAGs
[2023-05-13T06:36:23.733+0000] {logging_mixin.py:137} INFO - [2023-05-13T06:36:23.733+0000] {dag.py:3441} INFO - Setting next_dagrun for example_branch_datetime_operator to 2023-05-12T00:00:00+00:00, run_after=2023-05-13T00:00:00+00:00
[2023-05-13T06:36:23.737+0000] {logging_mixin.py:137} INFO - [2023-05-13T06:36:23.737+0000] {dag.py:3441} INFO - Setting next_dagrun for example_branch_datetime_operator_2 to 2023-05-12T00:00:00+00:00, run_after=2023-05-13T00:00:00+00:00
[2023-05-13T06:36:23.740+0000] {logging_mixin.py:137} INFO - [2023-05-13T06:36:23.740+0000] {dag.py:3441} INFO - Setting next_dagrun for example_branch_datetime_operator_3 to 2023-05-12T00:00:00+00:00, run_after=2023-05-13T00:00:00+00:00
[2023-05-13T06:36:23.758+0000] {processor.py:175} INFO - Processing /home/airflow/.local/lib/python3.7/site-packages/airflow/example_dags/example_branch_datetime_operator.py took 0.086 seconds
[2023-05-13T06:42:13.127+0000] {processor.py:153} INFO - Started process (PID=2726) to work on /home/airflow/.local/lib/python3.7/site-packages/airflow/example_dags/example_branch_datetime_operator.py
[2023-05-13T06:42:13.128+0000] {processor.py:743} INFO - Processing file /home/airflow/.local/lib/python3.7/site-packages/airflow/example_dags/example_branch_datetime_operator.py for tasks to queue
[2023-05-13T06:42:13.129+0000] {logging_mixin.py:137} INFO - [2023-05-13T06:42:13.129+0000] {dagbag.py:538} INFO - Filling up the DagBag from /home/airflow/.local/lib/python3.7/site-packages/airflow/example_dags/example_branch_datetime_operator.py
[2023-05-13T06:42:13.139+0000] {processor.py:753} INFO - DAG(s) dict_keys(['example_branch_datetime_operator', 'example_branch_datetime_operator_2', 'example_branch_datetime_operator_3']) retrieved from /home/airflow/.local/lib/python3.7/site-packages/airflow/example_dags/example_branch_datetime_operator.py
[2023-05-13T06:42:13.182+0000] {logging_mixin.py:137} INFO - [2023-05-13T06:42:13.182+0000] {dag.py:2690} INFO - Sync 3 DAGs
[2023-05-13T06:42:13.194+0000] {logging_mixin.py:137} INFO - [2023-05-13T06:42:13.194+0000] {dag.py:3441} INFO - Setting next_dagrun for example_branch_datetime_operator to 2023-05-12T00:00:00+00:00, run_after=2023-05-13T00:00:00+00:00
[2023-05-13T06:42:13.197+0000] {logging_mixin.py:137} INFO - [2023-05-13T06:42:13.197+0000] {dag.py:3441} INFO - Setting next_dagrun for example_branch_datetime_operator_2 to 2023-05-12T00:00:00+00:00, run_after=2023-05-13T00:00:00+00:00
[2023-05-13T06:42:13.198+0000] {logging_mixin.py:137} INFO - [2023-05-13T06:42:13.198+0000] {dag.py:3441} INFO - Setting next_dagrun for example_branch_datetime_operator_3 to 2023-05-12T00:00:00+00:00, run_after=2023-05-13T00:00:00+00:00
[2023-05-13T06:42:13.208+0000] {processor.py:175} INFO - Processing /home/airflow/.local/lib/python3.7/site-packages/airflow/example_dags/example_branch_datetime_operator.py took 0.083 seconds
