[2023-05-13T06:22:38.300+0000] {processor.py:153} INFO - Started process (PID=58) to work on /home/airflow/.local/lib/python3.7/site-packages/airflow/example_dags/example_nested_branch_dag.py
[2023-05-13T06:22:38.301+0000] {processor.py:743} INFO - Processing file /home/airflow/.local/lib/python3.7/site-packages/airflow/example_dags/example_nested_branch_dag.py for tasks to queue
[2023-05-13T06:22:38.302+0000] {logging_mixin.py:137} INFO - [2023-05-13T06:22:38.302+0000] {dagbag.py:538} INFO - Filling up the DagBag from /home/airflow/.local/lib/python3.7/site-packages/airflow/example_dags/example_nested_branch_dag.py
[2023-05-13T06:22:38.319+0000] {processor.py:753} INFO - DAG(s) dict_keys(['example_nested_branch_dag']) retrieved from /home/airflow/.local/lib/python3.7/site-packages/airflow/example_dags/example_nested_branch_dag.py
[2023-05-13T06:22:38.337+0000] {logging_mixin.py:137} INFO - [2023-05-13T06:22:38.337+0000] {dag.py:2690} INFO - Sync 1 DAGs
[2023-05-13T06:22:38.357+0000] {logging_mixin.py:137} INFO - [2023-05-13T06:22:38.357+0000] {dag.py:3441} INFO - Setting next_dagrun for example_nested_branch_dag to 2023-05-12T00:00:00+00:00, run_after=2023-05-13T00:00:00+00:00
[2023-05-13T06:22:38.368+0000] {processor.py:175} INFO - Processing /home/airflow/.local/lib/python3.7/site-packages/airflow/example_dags/example_nested_branch_dag.py took 0.071 seconds
[2023-05-13T06:23:09.235+0000] {processor.py:153} INFO - Started process (PID=133) to work on /home/airflow/.local/lib/python3.7/site-packages/airflow/example_dags/example_nested_branch_dag.py
[2023-05-13T06:23:09.236+0000] {processor.py:743} INFO - Processing file /home/airflow/.local/lib/python3.7/site-packages/airflow/example_dags/example_nested_branch_dag.py for tasks to queue
[2023-05-13T06:23:09.236+0000] {logging_mixin.py:137} INFO - [2023-05-13T06:23:09.236+0000] {dagbag.py:538} INFO - Filling up the DagBag from /home/airflow/.local/lib/python3.7/site-packages/airflow/example_dags/example_nested_branch_dag.py
[2023-05-13T06:23:09.250+0000] {processor.py:753} INFO - DAG(s) dict_keys(['example_nested_branch_dag']) retrieved from /home/airflow/.local/lib/python3.7/site-packages/airflow/example_dags/example_nested_branch_dag.py
[2023-05-13T06:23:09.266+0000] {logging_mixin.py:137} INFO - [2023-05-13T06:23:09.266+0000] {dag.py:2690} INFO - Sync 1 DAGs
[2023-05-13T06:23:09.280+0000] {logging_mixin.py:137} INFO - [2023-05-13T06:23:09.280+0000] {dag.py:3441} INFO - Setting next_dagrun for example_nested_branch_dag to 2023-05-12T00:00:00+00:00, run_after=2023-05-13T00:00:00+00:00
[2023-05-13T06:23:09.288+0000] {processor.py:175} INFO - Processing /home/airflow/.local/lib/python3.7/site-packages/airflow/example_dags/example_nested_branch_dag.py took 0.056 seconds
[2023-05-13T06:23:40.108+0000] {processor.py:153} INFO - Started process (PID=208) to work on /home/airflow/.local/lib/python3.7/site-packages/airflow/example_dags/example_nested_branch_dag.py
[2023-05-13T06:23:40.109+0000] {processor.py:743} INFO - Processing file /home/airflow/.local/lib/python3.7/site-packages/airflow/example_dags/example_nested_branch_dag.py for tasks to queue
[2023-05-13T06:23:40.110+0000] {logging_mixin.py:137} INFO - [2023-05-13T06:23:40.110+0000] {dagbag.py:538} INFO - Filling up the DagBag from /home/airflow/.local/lib/python3.7/site-packages/airflow/example_dags/example_nested_branch_dag.py
[2023-05-13T06:23:40.126+0000] {processor.py:753} INFO - DAG(s) dict_keys(['example_nested_branch_dag']) retrieved from /home/airflow/.local/lib/python3.7/site-packages/airflow/example_dags/example_nested_branch_dag.py
[2023-05-13T06:23:40.146+0000] {logging_mixin.py:137} INFO - [2023-05-13T06:23:40.146+0000] {dag.py:2690} INFO - Sync 1 DAGs
[2023-05-13T06:23:40.161+0000] {logging_mixin.py:137} INFO - [2023-05-13T06:23:40.161+0000] {dag.py:3441} INFO - Setting next_dagrun for example_nested_branch_dag to 2023-05-12T00:00:00+00:00, run_after=2023-05-13T00:00:00+00:00
[2023-05-13T06:23:40.170+0000] {processor.py:175} INFO - Processing /home/airflow/.local/lib/python3.7/site-packages/airflow/example_dags/example_nested_branch_dag.py took 0.065 seconds
[2023-05-13T06:24:11.019+0000] {processor.py:153} INFO - Started process (PID=272) to work on /home/airflow/.local/lib/python3.7/site-packages/airflow/example_dags/example_nested_branch_dag.py
[2023-05-13T06:24:11.020+0000] {processor.py:743} INFO - Processing file /home/airflow/.local/lib/python3.7/site-packages/airflow/example_dags/example_nested_branch_dag.py for tasks to queue
[2023-05-13T06:24:11.021+0000] {logging_mixin.py:137} INFO - [2023-05-13T06:24:11.020+0000] {dagbag.py:538} INFO - Filling up the DagBag from /home/airflow/.local/lib/python3.7/site-packages/airflow/example_dags/example_nested_branch_dag.py
[2023-05-13T06:24:11.034+0000] {processor.py:753} INFO - DAG(s) dict_keys(['example_nested_branch_dag']) retrieved from /home/airflow/.local/lib/python3.7/site-packages/airflow/example_dags/example_nested_branch_dag.py
[2023-05-13T06:24:11.051+0000] {logging_mixin.py:137} INFO - [2023-05-13T06:24:11.051+0000] {dag.py:2690} INFO - Sync 1 DAGs
[2023-05-13T06:24:11.065+0000] {logging_mixin.py:137} INFO - [2023-05-13T06:24:11.065+0000] {dag.py:3441} INFO - Setting next_dagrun for example_nested_branch_dag to 2023-05-12T00:00:00+00:00, run_after=2023-05-13T00:00:00+00:00
[2023-05-13T06:24:11.074+0000] {processor.py:175} INFO - Processing /home/airflow/.local/lib/python3.7/site-packages/airflow/example_dags/example_nested_branch_dag.py took 0.057 seconds
[2023-05-13T06:24:41.756+0000] {processor.py:153} INFO - Started process (PID=347) to work on /home/airflow/.local/lib/python3.7/site-packages/airflow/example_dags/example_nested_branch_dag.py
[2023-05-13T06:24:41.757+0000] {processor.py:743} INFO - Processing file /home/airflow/.local/lib/python3.7/site-packages/airflow/example_dags/example_nested_branch_dag.py for tasks to queue
[2023-05-13T06:24:41.758+0000] {logging_mixin.py:137} INFO - [2023-05-13T06:24:41.758+0000] {dagbag.py:538} INFO - Filling up the DagBag from /home/airflow/.local/lib/python3.7/site-packages/airflow/example_dags/example_nested_branch_dag.py
[2023-05-13T06:24:41.772+0000] {processor.py:753} INFO - DAG(s) dict_keys(['example_nested_branch_dag']) retrieved from /home/airflow/.local/lib/python3.7/site-packages/airflow/example_dags/example_nested_branch_dag.py
[2023-05-13T06:24:41.788+0000] {logging_mixin.py:137} INFO - [2023-05-13T06:24:41.788+0000] {dag.py:2690} INFO - Sync 1 DAGs
[2023-05-13T06:24:41.802+0000] {logging_mixin.py:137} INFO - [2023-05-13T06:24:41.802+0000] {dag.py:3441} INFO - Setting next_dagrun for example_nested_branch_dag to 2023-05-12T00:00:00+00:00, run_after=2023-05-13T00:00:00+00:00
[2023-05-13T06:24:41.812+0000] {processor.py:175} INFO - Processing /home/airflow/.local/lib/python3.7/site-packages/airflow/example_dags/example_nested_branch_dag.py took 0.058 seconds
[2023-05-13T06:25:12.533+0000] {processor.py:153} INFO - Started process (PID=421) to work on /home/airflow/.local/lib/python3.7/site-packages/airflow/example_dags/example_nested_branch_dag.py
[2023-05-13T06:25:12.535+0000] {processor.py:743} INFO - Processing file /home/airflow/.local/lib/python3.7/site-packages/airflow/example_dags/example_nested_branch_dag.py for tasks to queue
[2023-05-13T06:25:12.536+0000] {logging_mixin.py:137} INFO - [2023-05-13T06:25:12.536+0000] {dagbag.py:538} INFO - Filling up the DagBag from /home/airflow/.local/lib/python3.7/site-packages/airflow/example_dags/example_nested_branch_dag.py
[2023-05-13T06:25:12.550+0000] {processor.py:753} INFO - DAG(s) dict_keys(['example_nested_branch_dag']) retrieved from /home/airflow/.local/lib/python3.7/site-packages/airflow/example_dags/example_nested_branch_dag.py
[2023-05-13T06:25:12.568+0000] {logging_mixin.py:137} INFO - [2023-05-13T06:25:12.568+0000] {dag.py:2690} INFO - Sync 1 DAGs
[2023-05-13T06:25:12.581+0000] {logging_mixin.py:137} INFO - [2023-05-13T06:25:12.581+0000] {dag.py:3441} INFO - Setting next_dagrun for example_nested_branch_dag to 2023-05-12T00:00:00+00:00, run_after=2023-05-13T00:00:00+00:00
[2023-05-13T06:25:12.590+0000] {processor.py:175} INFO - Processing /home/airflow/.local/lib/python3.7/site-packages/airflow/example_dags/example_nested_branch_dag.py took 0.060 seconds
[2023-05-13T06:25:43.468+0000] {processor.py:153} INFO - Started process (PID=495) to work on /home/airflow/.local/lib/python3.7/site-packages/airflow/example_dags/example_nested_branch_dag.py
[2023-05-13T06:25:43.470+0000] {processor.py:743} INFO - Processing file /home/airflow/.local/lib/python3.7/site-packages/airflow/example_dags/example_nested_branch_dag.py for tasks to queue
[2023-05-13T06:25:43.471+0000] {logging_mixin.py:137} INFO - [2023-05-13T06:25:43.471+0000] {dagbag.py:538} INFO - Filling up the DagBag from /home/airflow/.local/lib/python3.7/site-packages/airflow/example_dags/example_nested_branch_dag.py
[2023-05-13T06:25:43.492+0000] {processor.py:753} INFO - DAG(s) dict_keys(['example_nested_branch_dag']) retrieved from /home/airflow/.local/lib/python3.7/site-packages/airflow/example_dags/example_nested_branch_dag.py
[2023-05-13T06:25:43.518+0000] {logging_mixin.py:137} INFO - [2023-05-13T06:25:43.518+0000] {dag.py:2690} INFO - Sync 1 DAGs
[2023-05-13T06:25:43.534+0000] {logging_mixin.py:137} INFO - [2023-05-13T06:25:43.534+0000] {dag.py:3441} INFO - Setting next_dagrun for example_nested_branch_dag to 2023-05-12T00:00:00+00:00, run_after=2023-05-13T00:00:00+00:00
[2023-05-13T06:25:43.547+0000] {processor.py:175} INFO - Processing /home/airflow/.local/lib/python3.7/site-packages/airflow/example_dags/example_nested_branch_dag.py took 0.083 seconds
[2023-05-13T06:26:13.602+0000] {processor.py:153} INFO - Started process (PID=559) to work on /home/airflow/.local/lib/python3.7/site-packages/airflow/example_dags/example_nested_branch_dag.py
[2023-05-13T06:26:13.603+0000] {processor.py:743} INFO - Processing file /home/airflow/.local/lib/python3.7/site-packages/airflow/example_dags/example_nested_branch_dag.py for tasks to queue
[2023-05-13T06:26:13.603+0000] {logging_mixin.py:137} INFO - [2023-05-13T06:26:13.603+0000] {dagbag.py:538} INFO - Filling up the DagBag from /home/airflow/.local/lib/python3.7/site-packages/airflow/example_dags/example_nested_branch_dag.py
[2023-05-13T06:26:13.616+0000] {processor.py:753} INFO - DAG(s) dict_keys(['example_nested_branch_dag']) retrieved from /home/airflow/.local/lib/python3.7/site-packages/airflow/example_dags/example_nested_branch_dag.py
[2023-05-13T06:26:13.633+0000] {logging_mixin.py:137} INFO - [2023-05-13T06:26:13.633+0000] {dag.py:2690} INFO - Sync 1 DAGs
[2023-05-13T06:26:13.647+0000] {logging_mixin.py:137} INFO - [2023-05-13T06:26:13.647+0000] {dag.py:3441} INFO - Setting next_dagrun for example_nested_branch_dag to 2023-05-12T00:00:00+00:00, run_after=2023-05-13T00:00:00+00:00
[2023-05-13T06:26:13.657+0000] {processor.py:175} INFO - Processing /home/airflow/.local/lib/python3.7/site-packages/airflow/example_dags/example_nested_branch_dag.py took 0.058 seconds
[2023-05-13T06:26:44.448+0000] {processor.py:153} INFO - Started process (PID=634) to work on /home/airflow/.local/lib/python3.7/site-packages/airflow/example_dags/example_nested_branch_dag.py
[2023-05-13T06:26:44.448+0000] {processor.py:743} INFO - Processing file /home/airflow/.local/lib/python3.7/site-packages/airflow/example_dags/example_nested_branch_dag.py for tasks to queue
[2023-05-13T06:26:44.449+0000] {logging_mixin.py:137} INFO - [2023-05-13T06:26:44.449+0000] {dagbag.py:538} INFO - Filling up the DagBag from /home/airflow/.local/lib/python3.7/site-packages/airflow/example_dags/example_nested_branch_dag.py
[2023-05-13T06:26:44.463+0000] {processor.py:753} INFO - DAG(s) dict_keys(['example_nested_branch_dag']) retrieved from /home/airflow/.local/lib/python3.7/site-packages/airflow/example_dags/example_nested_branch_dag.py
[2023-05-13T06:26:44.479+0000] {logging_mixin.py:137} INFO - [2023-05-13T06:26:44.479+0000] {dag.py:2690} INFO - Sync 1 DAGs
[2023-05-13T06:26:44.494+0000] {logging_mixin.py:137} INFO - [2023-05-13T06:26:44.494+0000] {dag.py:3441} INFO - Setting next_dagrun for example_nested_branch_dag to 2023-05-12T00:00:00+00:00, run_after=2023-05-13T00:00:00+00:00
[2023-05-13T06:26:44.503+0000] {processor.py:175} INFO - Processing /home/airflow/.local/lib/python3.7/site-packages/airflow/example_dags/example_nested_branch_dag.py took 0.058 seconds
[2023-05-13T06:27:14.762+0000] {processor.py:153} INFO - Started process (PID=709) to work on /home/airflow/.local/lib/python3.7/site-packages/airflow/example_dags/example_nested_branch_dag.py
[2023-05-13T06:27:14.763+0000] {processor.py:743} INFO - Processing file /home/airflow/.local/lib/python3.7/site-packages/airflow/example_dags/example_nested_branch_dag.py for tasks to queue
[2023-05-13T06:27:14.763+0000] {logging_mixin.py:137} INFO - [2023-05-13T06:27:14.763+0000] {dagbag.py:538} INFO - Filling up the DagBag from /home/airflow/.local/lib/python3.7/site-packages/airflow/example_dags/example_nested_branch_dag.py
[2023-05-13T06:27:14.777+0000] {processor.py:753} INFO - DAG(s) dict_keys(['example_nested_branch_dag']) retrieved from /home/airflow/.local/lib/python3.7/site-packages/airflow/example_dags/example_nested_branch_dag.py
[2023-05-13T06:27:14.793+0000] {logging_mixin.py:137} INFO - [2023-05-13T06:27:14.793+0000] {dag.py:2690} INFO - Sync 1 DAGs
[2023-05-13T06:27:14.808+0000] {logging_mixin.py:137} INFO - [2023-05-13T06:27:14.808+0000] {dag.py:3441} INFO - Setting next_dagrun for example_nested_branch_dag to 2023-05-12T00:00:00+00:00, run_after=2023-05-13T00:00:00+00:00
[2023-05-13T06:27:14.816+0000] {processor.py:175} INFO - Processing /home/airflow/.local/lib/python3.7/site-packages/airflow/example_dags/example_nested_branch_dag.py took 0.057 seconds
[2023-05-13T06:27:45.788+0000] {processor.py:153} INFO - Started process (PID=773) to work on /home/airflow/.local/lib/python3.7/site-packages/airflow/example_dags/example_nested_branch_dag.py
[2023-05-13T06:27:45.789+0000] {processor.py:743} INFO - Processing file /home/airflow/.local/lib/python3.7/site-packages/airflow/example_dags/example_nested_branch_dag.py for tasks to queue
[2023-05-13T06:27:45.790+0000] {logging_mixin.py:137} INFO - [2023-05-13T06:27:45.790+0000] {dagbag.py:538} INFO - Filling up the DagBag from /home/airflow/.local/lib/python3.7/site-packages/airflow/example_dags/example_nested_branch_dag.py
[2023-05-13T06:27:45.803+0000] {processor.py:753} INFO - DAG(s) dict_keys(['example_nested_branch_dag']) retrieved from /home/airflow/.local/lib/python3.7/site-packages/airflow/example_dags/example_nested_branch_dag.py
[2023-05-13T06:27:45.820+0000] {logging_mixin.py:137} INFO - [2023-05-13T06:27:45.820+0000] {dag.py:2690} INFO - Sync 1 DAGs
[2023-05-13T06:27:45.834+0000] {logging_mixin.py:137} INFO - [2023-05-13T06:27:45.834+0000] {dag.py:3441} INFO - Setting next_dagrun for example_nested_branch_dag to 2023-05-12T00:00:00+00:00, run_after=2023-05-13T00:00:00+00:00
[2023-05-13T06:27:45.844+0000] {processor.py:175} INFO - Processing /home/airflow/.local/lib/python3.7/site-packages/airflow/example_dags/example_nested_branch_dag.py took 0.058 seconds
[2023-05-13T06:28:15.892+0000] {processor.py:153} INFO - Started process (PID=848) to work on /home/airflow/.local/lib/python3.7/site-packages/airflow/example_dags/example_nested_branch_dag.py
[2023-05-13T06:28:15.893+0000] {processor.py:743} INFO - Processing file /home/airflow/.local/lib/python3.7/site-packages/airflow/example_dags/example_nested_branch_dag.py for tasks to queue
[2023-05-13T06:28:15.894+0000] {logging_mixin.py:137} INFO - [2023-05-13T06:28:15.894+0000] {dagbag.py:538} INFO - Filling up the DagBag from /home/airflow/.local/lib/python3.7/site-packages/airflow/example_dags/example_nested_branch_dag.py
[2023-05-13T06:28:15.908+0000] {processor.py:753} INFO - DAG(s) dict_keys(['example_nested_branch_dag']) retrieved from /home/airflow/.local/lib/python3.7/site-packages/airflow/example_dags/example_nested_branch_dag.py
[2023-05-13T06:28:15.924+0000] {logging_mixin.py:137} INFO - [2023-05-13T06:28:15.924+0000] {dag.py:2690} INFO - Sync 1 DAGs
[2023-05-13T06:28:15.939+0000] {logging_mixin.py:137} INFO - [2023-05-13T06:28:15.939+0000] {dag.py:3441} INFO - Setting next_dagrun for example_nested_branch_dag to 2023-05-12T00:00:00+00:00, run_after=2023-05-13T00:00:00+00:00
[2023-05-13T06:28:15.948+0000] {processor.py:175} INFO - Processing /home/airflow/.local/lib/python3.7/site-packages/airflow/example_dags/example_nested_branch_dag.py took 0.058 seconds
[2023-05-13T06:28:46.004+0000] {processor.py:153} INFO - Started process (PID=923) to work on /home/airflow/.local/lib/python3.7/site-packages/airflow/example_dags/example_nested_branch_dag.py
[2023-05-13T06:28:46.005+0000] {processor.py:743} INFO - Processing file /home/airflow/.local/lib/python3.7/site-packages/airflow/example_dags/example_nested_branch_dag.py for tasks to queue
[2023-05-13T06:28:46.006+0000] {logging_mixin.py:137} INFO - [2023-05-13T06:28:46.006+0000] {dagbag.py:538} INFO - Filling up the DagBag from /home/airflow/.local/lib/python3.7/site-packages/airflow/example_dags/example_nested_branch_dag.py
[2023-05-13T06:28:46.020+0000] {processor.py:753} INFO - DAG(s) dict_keys(['example_nested_branch_dag']) retrieved from /home/airflow/.local/lib/python3.7/site-packages/airflow/example_dags/example_nested_branch_dag.py
[2023-05-13T06:28:46.037+0000] {logging_mixin.py:137} INFO - [2023-05-13T06:28:46.037+0000] {dag.py:2690} INFO - Sync 1 DAGs
[2023-05-13T06:28:46.051+0000] {logging_mixin.py:137} INFO - [2023-05-13T06:28:46.051+0000] {dag.py:3441} INFO - Setting next_dagrun for example_nested_branch_dag to 2023-05-12T00:00:00+00:00, run_after=2023-05-13T00:00:00+00:00
[2023-05-13T06:28:46.060+0000] {processor.py:175} INFO - Processing /home/airflow/.local/lib/python3.7/site-packages/airflow/example_dags/example_nested_branch_dag.py took 0.058 seconds
[2023-05-13T06:29:17.066+0000] {processor.py:153} INFO - Started process (PID=998) to work on /home/airflow/.local/lib/python3.7/site-packages/airflow/example_dags/example_nested_branch_dag.py
[2023-05-13T06:29:17.068+0000] {processor.py:743} INFO - Processing file /home/airflow/.local/lib/python3.7/site-packages/airflow/example_dags/example_nested_branch_dag.py for tasks to queue
[2023-05-13T06:29:17.068+0000] {logging_mixin.py:137} INFO - [2023-05-13T06:29:17.068+0000] {dagbag.py:538} INFO - Filling up the DagBag from /home/airflow/.local/lib/python3.7/site-packages/airflow/example_dags/example_nested_branch_dag.py
[2023-05-13T06:29:17.086+0000] {processor.py:753} INFO - DAG(s) dict_keys(['example_nested_branch_dag']) retrieved from /home/airflow/.local/lib/python3.7/site-packages/airflow/example_dags/example_nested_branch_dag.py
[2023-05-13T06:29:17.105+0000] {logging_mixin.py:137} INFO - [2023-05-13T06:29:17.105+0000] {dag.py:2690} INFO - Sync 1 DAGs
[2023-05-13T06:29:17.133+0000] {logging_mixin.py:137} INFO - [2023-05-13T06:29:17.133+0000] {dag.py:3441} INFO - Setting next_dagrun for example_nested_branch_dag to 2023-05-12T00:00:00+00:00, run_after=2023-05-13T00:00:00+00:00
[2023-05-13T06:29:17.162+0000] {processor.py:175} INFO - Processing /home/airflow/.local/lib/python3.7/site-packages/airflow/example_dags/example_nested_branch_dag.py took 0.098 seconds
[2023-05-13T06:29:47.268+0000] {processor.py:153} INFO - Started process (PID=1061) to work on /home/airflow/.local/lib/python3.7/site-packages/airflow/example_dags/example_nested_branch_dag.py
[2023-05-13T06:29:47.269+0000] {processor.py:743} INFO - Processing file /home/airflow/.local/lib/python3.7/site-packages/airflow/example_dags/example_nested_branch_dag.py for tasks to queue
[2023-05-13T06:29:47.270+0000] {logging_mixin.py:137} INFO - [2023-05-13T06:29:47.269+0000] {dagbag.py:538} INFO - Filling up the DagBag from /home/airflow/.local/lib/python3.7/site-packages/airflow/example_dags/example_nested_branch_dag.py
[2023-05-13T06:29:47.283+0000] {processor.py:753} INFO - DAG(s) dict_keys(['example_nested_branch_dag']) retrieved from /home/airflow/.local/lib/python3.7/site-packages/airflow/example_dags/example_nested_branch_dag.py
[2023-05-13T06:29:47.300+0000] {logging_mixin.py:137} INFO - [2023-05-13T06:29:47.300+0000] {dag.py:2690} INFO - Sync 1 DAGs
[2023-05-13T06:29:47.313+0000] {logging_mixin.py:137} INFO - [2023-05-13T06:29:47.313+0000] {dag.py:3441} INFO - Setting next_dagrun for example_nested_branch_dag to 2023-05-12T00:00:00+00:00, run_after=2023-05-13T00:00:00+00:00
[2023-05-13T06:29:47.324+0000] {processor.py:175} INFO - Processing /home/airflow/.local/lib/python3.7/site-packages/airflow/example_dags/example_nested_branch_dag.py took 0.058 seconds
[2023-05-13T06:30:17.504+0000] {processor.py:153} INFO - Started process (PID=1136) to work on /home/airflow/.local/lib/python3.7/site-packages/airflow/example_dags/example_nested_branch_dag.py
[2023-05-13T06:30:17.505+0000] {processor.py:743} INFO - Processing file /home/airflow/.local/lib/python3.7/site-packages/airflow/example_dags/example_nested_branch_dag.py for tasks to queue
[2023-05-13T06:30:17.505+0000] {logging_mixin.py:137} INFO - [2023-05-13T06:30:17.505+0000] {dagbag.py:538} INFO - Filling up the DagBag from /home/airflow/.local/lib/python3.7/site-packages/airflow/example_dags/example_nested_branch_dag.py
[2023-05-13T06:30:17.518+0000] {processor.py:753} INFO - DAG(s) dict_keys(['example_nested_branch_dag']) retrieved from /home/airflow/.local/lib/python3.7/site-packages/airflow/example_dags/example_nested_branch_dag.py
[2023-05-13T06:30:17.534+0000] {logging_mixin.py:137} INFO - [2023-05-13T06:30:17.534+0000] {dag.py:2690} INFO - Sync 1 DAGs
[2023-05-13T06:30:17.548+0000] {logging_mixin.py:137} INFO - [2023-05-13T06:30:17.548+0000] {dag.py:3441} INFO - Setting next_dagrun for example_nested_branch_dag to 2023-05-12T00:00:00+00:00, run_after=2023-05-13T00:00:00+00:00
[2023-05-13T06:30:17.557+0000] {processor.py:175} INFO - Processing /home/airflow/.local/lib/python3.7/site-packages/airflow/example_dags/example_nested_branch_dag.py took 0.056 seconds
[2023-05-13T06:30:47.593+0000] {processor.py:153} INFO - Started process (PID=1210) to work on /home/airflow/.local/lib/python3.7/site-packages/airflow/example_dags/example_nested_branch_dag.py
[2023-05-13T06:30:47.594+0000] {processor.py:743} INFO - Processing file /home/airflow/.local/lib/python3.7/site-packages/airflow/example_dags/example_nested_branch_dag.py for tasks to queue
[2023-05-13T06:30:47.595+0000] {logging_mixin.py:137} INFO - [2023-05-13T06:30:47.595+0000] {dagbag.py:538} INFO - Filling up the DagBag from /home/airflow/.local/lib/python3.7/site-packages/airflow/example_dags/example_nested_branch_dag.py
[2023-05-13T06:30:47.608+0000] {processor.py:753} INFO - DAG(s) dict_keys(['example_nested_branch_dag']) retrieved from /home/airflow/.local/lib/python3.7/site-packages/airflow/example_dags/example_nested_branch_dag.py
[2023-05-13T06:30:47.625+0000] {logging_mixin.py:137} INFO - [2023-05-13T06:30:47.625+0000] {dag.py:2690} INFO - Sync 1 DAGs
[2023-05-13T06:30:47.638+0000] {logging_mixin.py:137} INFO - [2023-05-13T06:30:47.638+0000] {dag.py:3441} INFO - Setting next_dagrun for example_nested_branch_dag to 2023-05-12T00:00:00+00:00, run_after=2023-05-13T00:00:00+00:00
[2023-05-13T06:30:47.647+0000] {processor.py:175} INFO - Processing /home/airflow/.local/lib/python3.7/site-packages/airflow/example_dags/example_nested_branch_dag.py took 0.056 seconds
[2023-05-13T06:31:18.694+0000] {processor.py:153} INFO - Started process (PID=1274) to work on /home/airflow/.local/lib/python3.7/site-packages/airflow/example_dags/example_nested_branch_dag.py
[2023-05-13T06:31:18.695+0000] {processor.py:743} INFO - Processing file /home/airflow/.local/lib/python3.7/site-packages/airflow/example_dags/example_nested_branch_dag.py for tasks to queue
[2023-05-13T06:31:18.695+0000] {logging_mixin.py:137} INFO - [2023-05-13T06:31:18.695+0000] {dagbag.py:538} INFO - Filling up the DagBag from /home/airflow/.local/lib/python3.7/site-packages/airflow/example_dags/example_nested_branch_dag.py
[2023-05-13T06:31:18.709+0000] {processor.py:753} INFO - DAG(s) dict_keys(['example_nested_branch_dag']) retrieved from /home/airflow/.local/lib/python3.7/site-packages/airflow/example_dags/example_nested_branch_dag.py
[2023-05-13T06:31:18.727+0000] {logging_mixin.py:137} INFO - [2023-05-13T06:31:18.727+0000] {dag.py:2690} INFO - Sync 1 DAGs
[2023-05-13T06:31:18.741+0000] {logging_mixin.py:137} INFO - [2023-05-13T06:31:18.741+0000] {dag.py:3441} INFO - Setting next_dagrun for example_nested_branch_dag to 2023-05-12T00:00:00+00:00, run_after=2023-05-13T00:00:00+00:00
[2023-05-13T06:31:18.751+0000] {processor.py:175} INFO - Processing /home/airflow/.local/lib/python3.7/site-packages/airflow/example_dags/example_nested_branch_dag.py took 0.059 seconds
[2023-05-13T06:31:48.816+0000] {processor.py:153} INFO - Started process (PID=1348) to work on /home/airflow/.local/lib/python3.7/site-packages/airflow/example_dags/example_nested_branch_dag.py
[2023-05-13T06:31:48.817+0000] {processor.py:743} INFO - Processing file /home/airflow/.local/lib/python3.7/site-packages/airflow/example_dags/example_nested_branch_dag.py for tasks to queue
[2023-05-13T06:31:48.818+0000] {logging_mixin.py:137} INFO - [2023-05-13T06:31:48.818+0000] {dagbag.py:538} INFO - Filling up the DagBag from /home/airflow/.local/lib/python3.7/site-packages/airflow/example_dags/example_nested_branch_dag.py
[2023-05-13T06:31:48.842+0000] {processor.py:753} INFO - DAG(s) dict_keys(['example_nested_branch_dag']) retrieved from /home/airflow/.local/lib/python3.7/site-packages/airflow/example_dags/example_nested_branch_dag.py
[2023-05-13T06:31:48.864+0000] {logging_mixin.py:137} INFO - [2023-05-13T06:31:48.864+0000] {dag.py:2690} INFO - Sync 1 DAGs
[2023-05-13T06:31:48.884+0000] {logging_mixin.py:137} INFO - [2023-05-13T06:31:48.884+0000] {dag.py:3441} INFO - Setting next_dagrun for example_nested_branch_dag to 2023-05-12T00:00:00+00:00, run_after=2023-05-13T00:00:00+00:00
[2023-05-13T06:31:48.908+0000] {processor.py:175} INFO - Processing /home/airflow/.local/lib/python3.7/site-packages/airflow/example_dags/example_nested_branch_dag.py took 0.094 seconds
[2023-05-13T06:32:19.920+0000] {processor.py:153} INFO - Started process (PID=1423) to work on /home/airflow/.local/lib/python3.7/site-packages/airflow/example_dags/example_nested_branch_dag.py
[2023-05-13T06:32:19.922+0000] {processor.py:743} INFO - Processing file /home/airflow/.local/lib/python3.7/site-packages/airflow/example_dags/example_nested_branch_dag.py for tasks to queue
[2023-05-13T06:32:19.924+0000] {logging_mixin.py:137} INFO - [2023-05-13T06:32:19.923+0000] {dagbag.py:538} INFO - Filling up the DagBag from /home/airflow/.local/lib/python3.7/site-packages/airflow/example_dags/example_nested_branch_dag.py
[2023-05-13T06:32:19.945+0000] {processor.py:753} INFO - DAG(s) dict_keys(['example_nested_branch_dag']) retrieved from /home/airflow/.local/lib/python3.7/site-packages/airflow/example_dags/example_nested_branch_dag.py
[2023-05-13T06:32:19.965+0000] {logging_mixin.py:137} INFO - [2023-05-13T06:32:19.965+0000] {dag.py:2690} INFO - Sync 1 DAGs
[2023-05-13T06:32:19.980+0000] {logging_mixin.py:137} INFO - [2023-05-13T06:32:19.980+0000] {dag.py:3441} INFO - Setting next_dagrun for example_nested_branch_dag to 2023-05-12T00:00:00+00:00, run_after=2023-05-13T00:00:00+00:00
[2023-05-13T06:32:19.989+0000] {processor.py:175} INFO - Processing /home/airflow/.local/lib/python3.7/site-packages/airflow/example_dags/example_nested_branch_dag.py took 0.075 seconds
[2023-05-13T06:32:50.172+0000] {processor.py:153} INFO - Started process (PID=1499) to work on /home/airflow/.local/lib/python3.7/site-packages/airflow/example_dags/example_nested_branch_dag.py
[2023-05-13T06:32:50.173+0000] {processor.py:743} INFO - Processing file /home/airflow/.local/lib/python3.7/site-packages/airflow/example_dags/example_nested_branch_dag.py for tasks to queue
[2023-05-13T06:32:50.174+0000] {logging_mixin.py:137} INFO - [2023-05-13T06:32:50.174+0000] {dagbag.py:538} INFO - Filling up the DagBag from /home/airflow/.local/lib/python3.7/site-packages/airflow/example_dags/example_nested_branch_dag.py
[2023-05-13T06:32:50.194+0000] {processor.py:753} INFO - DAG(s) dict_keys(['example_nested_branch_dag']) retrieved from /home/airflow/.local/lib/python3.7/site-packages/airflow/example_dags/example_nested_branch_dag.py
[2023-05-13T06:32:50.224+0000] {logging_mixin.py:137} INFO - [2023-05-13T06:32:50.224+0000] {dag.py:2690} INFO - Sync 1 DAGs
[2023-05-13T06:32:50.262+0000] {logging_mixin.py:137} INFO - [2023-05-13T06:32:50.262+0000] {dag.py:3441} INFO - Setting next_dagrun for example_nested_branch_dag to 2023-05-12T00:00:00+00:00, run_after=2023-05-13T00:00:00+00:00
[2023-05-13T06:32:50.299+0000] {processor.py:175} INFO - Processing /home/airflow/.local/lib/python3.7/site-packages/airflow/example_dags/example_nested_branch_dag.py took 0.131 seconds
[2023-05-13T06:33:20.421+0000] {processor.py:153} INFO - Started process (PID=1562) to work on /home/airflow/.local/lib/python3.7/site-packages/airflow/example_dags/example_nested_branch_dag.py
[2023-05-13T06:33:20.422+0000] {processor.py:743} INFO - Processing file /home/airflow/.local/lib/python3.7/site-packages/airflow/example_dags/example_nested_branch_dag.py for tasks to queue
[2023-05-13T06:33:20.422+0000] {logging_mixin.py:137} INFO - [2023-05-13T06:33:20.422+0000] {dagbag.py:538} INFO - Filling up the DagBag from /home/airflow/.local/lib/python3.7/site-packages/airflow/example_dags/example_nested_branch_dag.py
[2023-05-13T06:33:20.435+0000] {processor.py:753} INFO - DAG(s) dict_keys(['example_nested_branch_dag']) retrieved from /home/airflow/.local/lib/python3.7/site-packages/airflow/example_dags/example_nested_branch_dag.py
[2023-05-13T06:33:20.452+0000] {logging_mixin.py:137} INFO - [2023-05-13T06:33:20.452+0000] {dag.py:2690} INFO - Sync 1 DAGs
[2023-05-13T06:33:20.466+0000] {logging_mixin.py:137} INFO - [2023-05-13T06:33:20.465+0000] {dag.py:3441} INFO - Setting next_dagrun for example_nested_branch_dag to 2023-05-12T00:00:00+00:00, run_after=2023-05-13T00:00:00+00:00
[2023-05-13T06:33:20.475+0000] {processor.py:175} INFO - Processing /home/airflow/.local/lib/python3.7/site-packages/airflow/example_dags/example_nested_branch_dag.py took 0.057 seconds
[2023-05-13T06:33:50.494+0000] {processor.py:153} INFO - Started process (PID=1636) to work on /home/airflow/.local/lib/python3.7/site-packages/airflow/example_dags/example_nested_branch_dag.py
[2023-05-13T06:33:50.495+0000] {processor.py:743} INFO - Processing file /home/airflow/.local/lib/python3.7/site-packages/airflow/example_dags/example_nested_branch_dag.py for tasks to queue
[2023-05-13T06:33:50.496+0000] {logging_mixin.py:137} INFO - [2023-05-13T06:33:50.496+0000] {dagbag.py:538} INFO - Filling up the DagBag from /home/airflow/.local/lib/python3.7/site-packages/airflow/example_dags/example_nested_branch_dag.py
[2023-05-13T06:33:50.510+0000] {processor.py:753} INFO - DAG(s) dict_keys(['example_nested_branch_dag']) retrieved from /home/airflow/.local/lib/python3.7/site-packages/airflow/example_dags/example_nested_branch_dag.py
[2023-05-13T06:33:50.528+0000] {logging_mixin.py:137} INFO - [2023-05-13T06:33:50.528+0000] {dag.py:2690} INFO - Sync 1 DAGs
[2023-05-13T06:33:50.543+0000] {logging_mixin.py:137} INFO - [2023-05-13T06:33:50.543+0000] {dag.py:3441} INFO - Setting next_dagrun for example_nested_branch_dag to 2023-05-12T00:00:00+00:00, run_after=2023-05-13T00:00:00+00:00
[2023-05-13T06:33:50.553+0000] {processor.py:175} INFO - Processing /home/airflow/.local/lib/python3.7/site-packages/airflow/example_dags/example_nested_branch_dag.py took 0.061 seconds
[2023-05-13T06:34:20.674+0000] {processor.py:153} INFO - Started process (PID=1712) to work on /home/airflow/.local/lib/python3.7/site-packages/airflow/example_dags/example_nested_branch_dag.py
[2023-05-13T06:34:20.675+0000] {processor.py:743} INFO - Processing file /home/airflow/.local/lib/python3.7/site-packages/airflow/example_dags/example_nested_branch_dag.py for tasks to queue
[2023-05-13T06:34:20.676+0000] {logging_mixin.py:137} INFO - [2023-05-13T06:34:20.675+0000] {dagbag.py:538} INFO - Filling up the DagBag from /home/airflow/.local/lib/python3.7/site-packages/airflow/example_dags/example_nested_branch_dag.py
[2023-05-13T06:34:20.689+0000] {processor.py:753} INFO - DAG(s) dict_keys(['example_nested_branch_dag']) retrieved from /home/airflow/.local/lib/python3.7/site-packages/airflow/example_dags/example_nested_branch_dag.py
[2023-05-13T06:34:20.707+0000] {logging_mixin.py:137} INFO - [2023-05-13T06:34:20.706+0000] {dag.py:2690} INFO - Sync 1 DAGs
[2023-05-13T06:34:20.719+0000] {logging_mixin.py:137} INFO - [2023-05-13T06:34:20.719+0000] {dag.py:3441} INFO - Setting next_dagrun for example_nested_branch_dag to 2023-05-12T00:00:00+00:00, run_after=2023-05-13T00:00:00+00:00
[2023-05-13T06:34:20.728+0000] {processor.py:175} INFO - Processing /home/airflow/.local/lib/python3.7/site-packages/airflow/example_dags/example_nested_branch_dag.py took 0.057 seconds
[2023-05-13T06:34:51.612+0000] {processor.py:153} INFO - Started process (PID=1775) to work on /home/airflow/.local/lib/python3.7/site-packages/airflow/example_dags/example_nested_branch_dag.py
[2023-05-13T06:34:51.612+0000] {processor.py:743} INFO - Processing file /home/airflow/.local/lib/python3.7/site-packages/airflow/example_dags/example_nested_branch_dag.py for tasks to queue
[2023-05-13T06:34:51.613+0000] {logging_mixin.py:137} INFO - [2023-05-13T06:34:51.613+0000] {dagbag.py:538} INFO - Filling up the DagBag from /home/airflow/.local/lib/python3.7/site-packages/airflow/example_dags/example_nested_branch_dag.py
[2023-05-13T06:34:51.627+0000] {processor.py:753} INFO - DAG(s) dict_keys(['example_nested_branch_dag']) retrieved from /home/airflow/.local/lib/python3.7/site-packages/airflow/example_dags/example_nested_branch_dag.py
[2023-05-13T06:34:51.643+0000] {logging_mixin.py:137} INFO - [2023-05-13T06:34:51.643+0000] {dag.py:2690} INFO - Sync 1 DAGs
[2023-05-13T06:34:51.656+0000] {logging_mixin.py:137} INFO - [2023-05-13T06:34:51.656+0000] {dag.py:3441} INFO - Setting next_dagrun for example_nested_branch_dag to 2023-05-12T00:00:00+00:00, run_after=2023-05-13T00:00:00+00:00
[2023-05-13T06:34:51.665+0000] {processor.py:175} INFO - Processing /home/airflow/.local/lib/python3.7/site-packages/airflow/example_dags/example_nested_branch_dag.py took 0.055 seconds
[2023-05-13T06:35:22.720+0000] {processor.py:153} INFO - Started process (PID=1849) to work on /home/airflow/.local/lib/python3.7/site-packages/airflow/example_dags/example_nested_branch_dag.py
[2023-05-13T06:35:22.721+0000] {processor.py:743} INFO - Processing file /home/airflow/.local/lib/python3.7/site-packages/airflow/example_dags/example_nested_branch_dag.py for tasks to queue
[2023-05-13T06:35:22.721+0000] {logging_mixin.py:137} INFO - [2023-05-13T06:35:22.721+0000] {dagbag.py:538} INFO - Filling up the DagBag from /home/airflow/.local/lib/python3.7/site-packages/airflow/example_dags/example_nested_branch_dag.py
[2023-05-13T06:35:22.735+0000] {processor.py:753} INFO - DAG(s) dict_keys(['example_nested_branch_dag']) retrieved from /home/airflow/.local/lib/python3.7/site-packages/airflow/example_dags/example_nested_branch_dag.py
[2023-05-13T06:35:22.752+0000] {logging_mixin.py:137} INFO - [2023-05-13T06:35:22.752+0000] {dag.py:2690} INFO - Sync 1 DAGs
[2023-05-13T06:35:22.765+0000] {logging_mixin.py:137} INFO - [2023-05-13T06:35:22.765+0000] {dag.py:3441} INFO - Setting next_dagrun for example_nested_branch_dag to 2023-05-12T00:00:00+00:00, run_after=2023-05-13T00:00:00+00:00
[2023-05-13T06:35:22.774+0000] {processor.py:175} INFO - Processing /home/airflow/.local/lib/python3.7/site-packages/airflow/example_dags/example_nested_branch_dag.py took 0.057 seconds
[2023-05-13T06:35:52.797+0000] {processor.py:153} INFO - Started process (PID=1924) to work on /home/airflow/.local/lib/python3.7/site-packages/airflow/example_dags/example_nested_branch_dag.py
[2023-05-13T06:35:52.798+0000] {processor.py:743} INFO - Processing file /home/airflow/.local/lib/python3.7/site-packages/airflow/example_dags/example_nested_branch_dag.py for tasks to queue
[2023-05-13T06:35:52.798+0000] {logging_mixin.py:137} INFO - [2023-05-13T06:35:52.798+0000] {dagbag.py:538} INFO - Filling up the DagBag from /home/airflow/.local/lib/python3.7/site-packages/airflow/example_dags/example_nested_branch_dag.py
[2023-05-13T06:35:52.811+0000] {processor.py:753} INFO - DAG(s) dict_keys(['example_nested_branch_dag']) retrieved from /home/airflow/.local/lib/python3.7/site-packages/airflow/example_dags/example_nested_branch_dag.py
[2023-05-13T06:35:52.827+0000] {logging_mixin.py:137} INFO - [2023-05-13T06:35:52.827+0000] {dag.py:2690} INFO - Sync 1 DAGs
[2023-05-13T06:35:52.842+0000] {logging_mixin.py:137} INFO - [2023-05-13T06:35:52.842+0000] {dag.py:3441} INFO - Setting next_dagrun for example_nested_branch_dag to 2023-05-12T00:00:00+00:00, run_after=2023-05-13T00:00:00+00:00
[2023-05-13T06:35:52.850+0000] {processor.py:175} INFO - Processing /home/airflow/.local/lib/python3.7/site-packages/airflow/example_dags/example_nested_branch_dag.py took 0.056 seconds
[2023-05-13T06:36:23.869+0000] {processor.py:153} INFO - Started process (PID=1998) to work on /home/airflow/.local/lib/python3.7/site-packages/airflow/example_dags/example_nested_branch_dag.py
[2023-05-13T06:36:23.870+0000] {processor.py:743} INFO - Processing file /home/airflow/.local/lib/python3.7/site-packages/airflow/example_dags/example_nested_branch_dag.py for tasks to queue
[2023-05-13T06:36:23.870+0000] {logging_mixin.py:137} INFO - [2023-05-13T06:36:23.870+0000] {dagbag.py:538} INFO - Filling up the DagBag from /home/airflow/.local/lib/python3.7/site-packages/airflow/example_dags/example_nested_branch_dag.py
[2023-05-13T06:36:23.885+0000] {processor.py:753} INFO - DAG(s) dict_keys(['example_nested_branch_dag']) retrieved from /home/airflow/.local/lib/python3.7/site-packages/airflow/example_dags/example_nested_branch_dag.py
[2023-05-13T06:36:23.904+0000] {logging_mixin.py:137} INFO - [2023-05-13T06:36:23.903+0000] {dag.py:2690} INFO - Sync 1 DAGs
[2023-05-13T06:36:23.918+0000] {logging_mixin.py:137} INFO - [2023-05-13T06:36:23.918+0000] {dag.py:3441} INFO - Setting next_dagrun for example_nested_branch_dag to 2023-05-12T00:00:00+00:00, run_after=2023-05-13T00:00:00+00:00
[2023-05-13T06:36:23.933+0000] {processor.py:175} INFO - Processing /home/airflow/.local/lib/python3.7/site-packages/airflow/example_dags/example_nested_branch_dag.py took 0.066 seconds
[2023-05-13T06:42:13.341+0000] {processor.py:153} INFO - Started process (PID=2731) to work on /home/airflow/.local/lib/python3.7/site-packages/airflow/example_dags/example_nested_branch_dag.py
[2023-05-13T06:42:13.342+0000] {processor.py:743} INFO - Processing file /home/airflow/.local/lib/python3.7/site-packages/airflow/example_dags/example_nested_branch_dag.py for tasks to queue
[2023-05-13T06:42:13.342+0000] {logging_mixin.py:137} INFO - [2023-05-13T06:42:13.342+0000] {dagbag.py:538} INFO - Filling up the DagBag from /home/airflow/.local/lib/python3.7/site-packages/airflow/example_dags/example_nested_branch_dag.py
[2023-05-13T06:42:13.356+0000] {processor.py:753} INFO - DAG(s) dict_keys(['example_nested_branch_dag']) retrieved from /home/airflow/.local/lib/python3.7/site-packages/airflow/example_dags/example_nested_branch_dag.py
[2023-05-13T06:42:13.394+0000] {logging_mixin.py:137} INFO - [2023-05-13T06:42:13.394+0000] {dag.py:2690} INFO - Sync 1 DAGs
[2023-05-13T06:42:13.406+0000] {logging_mixin.py:137} INFO - [2023-05-13T06:42:13.406+0000] {dag.py:3441} INFO - Setting next_dagrun for example_nested_branch_dag to 2023-05-12T00:00:00+00:00, run_after=2023-05-13T00:00:00+00:00
[2023-05-13T06:42:13.415+0000] {processor.py:175} INFO - Processing /home/airflow/.local/lib/python3.7/site-packages/airflow/example_dags/example_nested_branch_dag.py took 0.076 seconds
