[2023-05-13T06:22:37.743+0000] {processor.py:153} INFO - Started process (PID=48) to work on /home/airflow/.local/lib/python3.7/site-packages/airflow/example_dags/example_bash_operator.py
[2023-05-13T06:22:37.744+0000] {processor.py:743} INFO - Processing file /home/airflow/.local/lib/python3.7/site-packages/airflow/example_dags/example_bash_operator.py for tasks to queue
[2023-05-13T06:22:37.745+0000] {logging_mixin.py:137} INFO - [2023-05-13T06:22:37.745+0000] {dagbag.py:538} INFO - Filling up the DagBag from /home/airflow/.local/lib/python3.7/site-packages/airflow/example_dags/example_bash_operator.py
[2023-05-13T06:22:37.774+0000] {processor.py:753} INFO - DAG(s) dict_keys(['example_bash_operator']) retrieved from /home/airflow/.local/lib/python3.7/site-packages/airflow/example_dags/example_bash_operator.py
[2023-05-13T06:22:37.810+0000] {logging_mixin.py:137} INFO - [2023-05-13T06:22:37.810+0000] {dag.py:2690} INFO - Sync 1 DAGs
[2023-05-13T06:22:37.830+0000] {logging_mixin.py:137} INFO - [2023-05-13T06:22:37.830+0000] {dag.py:3441} INFO - Setting next_dagrun for example_bash_operator to 2023-05-12T00:00:00+00:00, run_after=2023-05-13T00:00:00+00:00
[2023-05-13T06:22:37.842+0000] {processor.py:175} INFO - Processing /home/airflow/.local/lib/python3.7/site-packages/airflow/example_dags/example_bash_operator.py took 0.102 seconds
[2023-05-13T06:23:08.808+0000] {processor.py:153} INFO - Started process (PID=123) to work on /home/airflow/.local/lib/python3.7/site-packages/airflow/example_dags/example_bash_operator.py
[2023-05-13T06:23:08.809+0000] {processor.py:743} INFO - Processing file /home/airflow/.local/lib/python3.7/site-packages/airflow/example_dags/example_bash_operator.py for tasks to queue
[2023-05-13T06:23:08.809+0000] {logging_mixin.py:137} INFO - [2023-05-13T06:23:08.809+0000] {dagbag.py:538} INFO - Filling up the DagBag from /home/airflow/.local/lib/python3.7/site-packages/airflow/example_dags/example_bash_operator.py
[2023-05-13T06:23:08.822+0000] {processor.py:753} INFO - DAG(s) dict_keys(['example_bash_operator']) retrieved from /home/airflow/.local/lib/python3.7/site-packages/airflow/example_dags/example_bash_operator.py
[2023-05-13T06:23:08.843+0000] {logging_mixin.py:137} INFO - [2023-05-13T06:23:08.843+0000] {dag.py:2690} INFO - Sync 1 DAGs
[2023-05-13T06:23:08.857+0000] {logging_mixin.py:137} INFO - [2023-05-13T06:23:08.857+0000] {dag.py:3441} INFO - Setting next_dagrun for example_bash_operator to 2023-05-12T00:00:00+00:00, run_after=2023-05-13T00:00:00+00:00
[2023-05-13T06:23:08.866+0000] {processor.py:175} INFO - Processing /home/airflow/.local/lib/python3.7/site-packages/airflow/example_dags/example_bash_operator.py took 0.061 seconds
[2023-05-13T06:23:39.602+0000] {processor.py:153} INFO - Started process (PID=198) to work on /home/airflow/.local/lib/python3.7/site-packages/airflow/example_dags/example_bash_operator.py
[2023-05-13T06:23:39.603+0000] {processor.py:743} INFO - Processing file /home/airflow/.local/lib/python3.7/site-packages/airflow/example_dags/example_bash_operator.py for tasks to queue
[2023-05-13T06:23:39.604+0000] {logging_mixin.py:137} INFO - [2023-05-13T06:23:39.604+0000] {dagbag.py:538} INFO - Filling up the DagBag from /home/airflow/.local/lib/python3.7/site-packages/airflow/example_dags/example_bash_operator.py
[2023-05-13T06:23:39.620+0000] {processor.py:753} INFO - DAG(s) dict_keys(['example_bash_operator']) retrieved from /home/airflow/.local/lib/python3.7/site-packages/airflow/example_dags/example_bash_operator.py
[2023-05-13T06:23:39.644+0000] {logging_mixin.py:137} INFO - [2023-05-13T06:23:39.644+0000] {dag.py:2690} INFO - Sync 1 DAGs
[2023-05-13T06:23:39.661+0000] {logging_mixin.py:137} INFO - [2023-05-13T06:23:39.661+0000] {dag.py:3441} INFO - Setting next_dagrun for example_bash_operator to 2023-05-12T00:00:00+00:00, run_after=2023-05-13T00:00:00+00:00
[2023-05-13T06:23:39.678+0000] {processor.py:175} INFO - Processing /home/airflow/.local/lib/python3.7/site-packages/airflow/example_dags/example_bash_operator.py took 0.079 seconds
[2023-05-13T06:24:10.556+0000] {processor.py:153} INFO - Started process (PID=262) to work on /home/airflow/.local/lib/python3.7/site-packages/airflow/example_dags/example_bash_operator.py
[2023-05-13T06:24:10.558+0000] {processor.py:743} INFO - Processing file /home/airflow/.local/lib/python3.7/site-packages/airflow/example_dags/example_bash_operator.py for tasks to queue
[2023-05-13T06:24:10.558+0000] {logging_mixin.py:137} INFO - [2023-05-13T06:24:10.558+0000] {dagbag.py:538} INFO - Filling up the DagBag from /home/airflow/.local/lib/python3.7/site-packages/airflow/example_dags/example_bash_operator.py
[2023-05-13T06:24:10.577+0000] {processor.py:753} INFO - DAG(s) dict_keys(['example_bash_operator']) retrieved from /home/airflow/.local/lib/python3.7/site-packages/airflow/example_dags/example_bash_operator.py
[2023-05-13T06:24:10.602+0000] {logging_mixin.py:137} INFO - [2023-05-13T06:24:10.601+0000] {dag.py:2690} INFO - Sync 1 DAGs
[2023-05-13T06:24:10.616+0000] {logging_mixin.py:137} INFO - [2023-05-13T06:24:10.616+0000] {dag.py:3441} INFO - Setting next_dagrun for example_bash_operator to 2023-05-12T00:00:00+00:00, run_after=2023-05-13T00:00:00+00:00
[2023-05-13T06:24:10.626+0000] {processor.py:175} INFO - Processing /home/airflow/.local/lib/python3.7/site-packages/airflow/example_dags/example_bash_operator.py took 0.073 seconds
[2023-05-13T06:24:41.391+0000] {processor.py:153} INFO - Started process (PID=337) to work on /home/airflow/.local/lib/python3.7/site-packages/airflow/example_dags/example_bash_operator.py
[2023-05-13T06:24:41.392+0000] {processor.py:743} INFO - Processing file /home/airflow/.local/lib/python3.7/site-packages/airflow/example_dags/example_bash_operator.py for tasks to queue
[2023-05-13T06:24:41.392+0000] {logging_mixin.py:137} INFO - [2023-05-13T06:24:41.392+0000] {dagbag.py:538} INFO - Filling up the DagBag from /home/airflow/.local/lib/python3.7/site-packages/airflow/example_dags/example_bash_operator.py
[2023-05-13T06:24:41.405+0000] {processor.py:753} INFO - DAG(s) dict_keys(['example_bash_operator']) retrieved from /home/airflow/.local/lib/python3.7/site-packages/airflow/example_dags/example_bash_operator.py
[2023-05-13T06:24:41.426+0000] {logging_mixin.py:137} INFO - [2023-05-13T06:24:41.426+0000] {dag.py:2690} INFO - Sync 1 DAGs
[2023-05-13T06:24:41.442+0000] {logging_mixin.py:137} INFO - [2023-05-13T06:24:41.441+0000] {dag.py:3441} INFO - Setting next_dagrun for example_bash_operator to 2023-05-12T00:00:00+00:00, run_after=2023-05-13T00:00:00+00:00
[2023-05-13T06:24:41.451+0000] {processor.py:175} INFO - Processing /home/airflow/.local/lib/python3.7/site-packages/airflow/example_dags/example_bash_operator.py took 0.063 seconds
[2023-05-13T06:25:12.120+0000] {processor.py:153} INFO - Started process (PID=411) to work on /home/airflow/.local/lib/python3.7/site-packages/airflow/example_dags/example_bash_operator.py
[2023-05-13T06:25:12.121+0000] {processor.py:743} INFO - Processing file /home/airflow/.local/lib/python3.7/site-packages/airflow/example_dags/example_bash_operator.py for tasks to queue
[2023-05-13T06:25:12.122+0000] {logging_mixin.py:137} INFO - [2023-05-13T06:25:12.122+0000] {dagbag.py:538} INFO - Filling up the DagBag from /home/airflow/.local/lib/python3.7/site-packages/airflow/example_dags/example_bash_operator.py
[2023-05-13T06:25:12.135+0000] {processor.py:753} INFO - DAG(s) dict_keys(['example_bash_operator']) retrieved from /home/airflow/.local/lib/python3.7/site-packages/airflow/example_dags/example_bash_operator.py
[2023-05-13T06:25:12.165+0000] {logging_mixin.py:137} INFO - [2023-05-13T06:25:12.165+0000] {dag.py:2690} INFO - Sync 1 DAGs
[2023-05-13T06:25:12.181+0000] {logging_mixin.py:137} INFO - [2023-05-13T06:25:12.181+0000] {dag.py:3441} INFO - Setting next_dagrun for example_bash_operator to 2023-05-12T00:00:00+00:00, run_after=2023-05-13T00:00:00+00:00
[2023-05-13T06:25:12.192+0000] {processor.py:175} INFO - Processing /home/airflow/.local/lib/python3.7/site-packages/airflow/example_dags/example_bash_operator.py took 0.077 seconds
[2023-05-13T06:25:43.004+0000] {processor.py:153} INFO - Started process (PID=485) to work on /home/airflow/.local/lib/python3.7/site-packages/airflow/example_dags/example_bash_operator.py
[2023-05-13T06:25:43.005+0000] {processor.py:743} INFO - Processing file /home/airflow/.local/lib/python3.7/site-packages/airflow/example_dags/example_bash_operator.py for tasks to queue
[2023-05-13T06:25:43.006+0000] {logging_mixin.py:137} INFO - [2023-05-13T06:25:43.006+0000] {dagbag.py:538} INFO - Filling up the DagBag from /home/airflow/.local/lib/python3.7/site-packages/airflow/example_dags/example_bash_operator.py
[2023-05-13T06:25:43.026+0000] {processor.py:753} INFO - DAG(s) dict_keys(['example_bash_operator']) retrieved from /home/airflow/.local/lib/python3.7/site-packages/airflow/example_dags/example_bash_operator.py
[2023-05-13T06:25:43.053+0000] {logging_mixin.py:137} INFO - [2023-05-13T06:25:43.053+0000] {dag.py:2690} INFO - Sync 1 DAGs
[2023-05-13T06:25:43.068+0000] {logging_mixin.py:137} INFO - [2023-05-13T06:25:43.068+0000] {dag.py:3441} INFO - Setting next_dagrun for example_bash_operator to 2023-05-12T00:00:00+00:00, run_after=2023-05-13T00:00:00+00:00
[2023-05-13T06:25:43.078+0000] {processor.py:175} INFO - Processing /home/airflow/.local/lib/python3.7/site-packages/airflow/example_dags/example_bash_operator.py took 0.077 seconds
[2023-05-13T06:26:13.103+0000] {processor.py:153} INFO - Started process (PID=549) to work on /home/airflow/.local/lib/python3.7/site-packages/airflow/example_dags/example_bash_operator.py
[2023-05-13T06:26:13.104+0000] {processor.py:743} INFO - Processing file /home/airflow/.local/lib/python3.7/site-packages/airflow/example_dags/example_bash_operator.py for tasks to queue
[2023-05-13T06:26:13.105+0000] {logging_mixin.py:137} INFO - [2023-05-13T06:26:13.104+0000] {dagbag.py:538} INFO - Filling up the DagBag from /home/airflow/.local/lib/python3.7/site-packages/airflow/example_dags/example_bash_operator.py
[2023-05-13T06:26:13.116+0000] {processor.py:753} INFO - DAG(s) dict_keys(['example_bash_operator']) retrieved from /home/airflow/.local/lib/python3.7/site-packages/airflow/example_dags/example_bash_operator.py
[2023-05-13T06:26:13.136+0000] {logging_mixin.py:137} INFO - [2023-05-13T06:26:13.136+0000] {dag.py:2690} INFO - Sync 1 DAGs
[2023-05-13T06:26:13.150+0000] {logging_mixin.py:137} INFO - [2023-05-13T06:26:13.150+0000] {dag.py:3441} INFO - Setting next_dagrun for example_bash_operator to 2023-05-12T00:00:00+00:00, run_after=2023-05-13T00:00:00+00:00
[2023-05-13T06:26:13.159+0000] {processor.py:175} INFO - Processing /home/airflow/.local/lib/python3.7/site-packages/airflow/example_dags/example_bash_operator.py took 0.058 seconds
[2023-05-13T06:26:44.073+0000] {processor.py:153} INFO - Started process (PID=624) to work on /home/airflow/.local/lib/python3.7/site-packages/airflow/example_dags/example_bash_operator.py
[2023-05-13T06:26:44.074+0000] {processor.py:743} INFO - Processing file /home/airflow/.local/lib/python3.7/site-packages/airflow/example_dags/example_bash_operator.py for tasks to queue
[2023-05-13T06:26:44.075+0000] {logging_mixin.py:137} INFO - [2023-05-13T06:26:44.075+0000] {dagbag.py:538} INFO - Filling up the DagBag from /home/airflow/.local/lib/python3.7/site-packages/airflow/example_dags/example_bash_operator.py
[2023-05-13T06:26:44.088+0000] {processor.py:753} INFO - DAG(s) dict_keys(['example_bash_operator']) retrieved from /home/airflow/.local/lib/python3.7/site-packages/airflow/example_dags/example_bash_operator.py
[2023-05-13T06:26:44.110+0000] {logging_mixin.py:137} INFO - [2023-05-13T06:26:44.110+0000] {dag.py:2690} INFO - Sync 1 DAGs
[2023-05-13T06:26:44.127+0000] {logging_mixin.py:137} INFO - [2023-05-13T06:26:44.127+0000] {dag.py:3441} INFO - Setting next_dagrun for example_bash_operator to 2023-05-12T00:00:00+00:00, run_after=2023-05-13T00:00:00+00:00
[2023-05-13T06:26:44.138+0000] {processor.py:175} INFO - Processing /home/airflow/.local/lib/python3.7/site-packages/airflow/example_dags/example_bash_operator.py took 0.067 seconds
[2023-05-13T06:27:14.250+0000] {processor.py:153} INFO - Started process (PID=699) to work on /home/airflow/.local/lib/python3.7/site-packages/airflow/example_dags/example_bash_operator.py
[2023-05-13T06:27:14.252+0000] {processor.py:743} INFO - Processing file /home/airflow/.local/lib/python3.7/site-packages/airflow/example_dags/example_bash_operator.py for tasks to queue
[2023-05-13T06:27:14.252+0000] {logging_mixin.py:137} INFO - [2023-05-13T06:27:14.252+0000] {dagbag.py:538} INFO - Filling up the DagBag from /home/airflow/.local/lib/python3.7/site-packages/airflow/example_dags/example_bash_operator.py
[2023-05-13T06:27:14.268+0000] {processor.py:753} INFO - DAG(s) dict_keys(['example_bash_operator']) retrieved from /home/airflow/.local/lib/python3.7/site-packages/airflow/example_dags/example_bash_operator.py
[2023-05-13T06:27:14.290+0000] {logging_mixin.py:137} INFO - [2023-05-13T06:27:14.290+0000] {dag.py:2690} INFO - Sync 1 DAGs
[2023-05-13T06:27:14.305+0000] {logging_mixin.py:137} INFO - [2023-05-13T06:27:14.305+0000] {dag.py:3441} INFO - Setting next_dagrun for example_bash_operator to 2023-05-12T00:00:00+00:00, run_after=2023-05-13T00:00:00+00:00
[2023-05-13T06:27:14.314+0000] {processor.py:175} INFO - Processing /home/airflow/.local/lib/python3.7/site-packages/airflow/example_dags/example_bash_operator.py took 0.067 seconds
[2023-05-13T06:27:45.288+0000] {processor.py:153} INFO - Started process (PID=763) to work on /home/airflow/.local/lib/python3.7/site-packages/airflow/example_dags/example_bash_operator.py
[2023-05-13T06:27:45.289+0000] {processor.py:743} INFO - Processing file /home/airflow/.local/lib/python3.7/site-packages/airflow/example_dags/example_bash_operator.py for tasks to queue
[2023-05-13T06:27:45.289+0000] {logging_mixin.py:137} INFO - [2023-05-13T06:27:45.289+0000] {dagbag.py:538} INFO - Filling up the DagBag from /home/airflow/.local/lib/python3.7/site-packages/airflow/example_dags/example_bash_operator.py
[2023-05-13T06:27:45.301+0000] {processor.py:753} INFO - DAG(s) dict_keys(['example_bash_operator']) retrieved from /home/airflow/.local/lib/python3.7/site-packages/airflow/example_dags/example_bash_operator.py
[2023-05-13T06:27:45.321+0000] {logging_mixin.py:137} INFO - [2023-05-13T06:27:45.321+0000] {dag.py:2690} INFO - Sync 1 DAGs
[2023-05-13T06:27:45.334+0000] {logging_mixin.py:137} INFO - [2023-05-13T06:27:45.334+0000] {dag.py:3441} INFO - Setting next_dagrun for example_bash_operator to 2023-05-12T00:00:00+00:00, run_after=2023-05-13T00:00:00+00:00
[2023-05-13T06:27:45.343+0000] {processor.py:175} INFO - Processing /home/airflow/.local/lib/python3.7/site-packages/airflow/example_dags/example_bash_operator.py took 0.057 seconds
[2023-05-13T06:28:15.382+0000] {processor.py:153} INFO - Started process (PID=838) to work on /home/airflow/.local/lib/python3.7/site-packages/airflow/example_dags/example_bash_operator.py
[2023-05-13T06:28:15.383+0000] {processor.py:743} INFO - Processing file /home/airflow/.local/lib/python3.7/site-packages/airflow/example_dags/example_bash_operator.py for tasks to queue
[2023-05-13T06:28:15.384+0000] {logging_mixin.py:137} INFO - [2023-05-13T06:28:15.384+0000] {dagbag.py:538} INFO - Filling up the DagBag from /home/airflow/.local/lib/python3.7/site-packages/airflow/example_dags/example_bash_operator.py
[2023-05-13T06:28:15.398+0000] {processor.py:753} INFO - DAG(s) dict_keys(['example_bash_operator']) retrieved from /home/airflow/.local/lib/python3.7/site-packages/airflow/example_dags/example_bash_operator.py
[2023-05-13T06:28:15.418+0000] {logging_mixin.py:137} INFO - [2023-05-13T06:28:15.418+0000] {dag.py:2690} INFO - Sync 1 DAGs
[2023-05-13T06:28:15.433+0000] {logging_mixin.py:137} INFO - [2023-05-13T06:28:15.433+0000] {dag.py:3441} INFO - Setting next_dagrun for example_bash_operator to 2023-05-12T00:00:00+00:00, run_after=2023-05-13T00:00:00+00:00
[2023-05-13T06:28:15.443+0000] {processor.py:175} INFO - Processing /home/airflow/.local/lib/python3.7/site-packages/airflow/example_dags/example_bash_operator.py took 0.063 seconds
[2023-05-13T06:28:45.640+0000] {processor.py:153} INFO - Started process (PID=913) to work on /home/airflow/.local/lib/python3.7/site-packages/airflow/example_dags/example_bash_operator.py
[2023-05-13T06:28:45.642+0000] {processor.py:743} INFO - Processing file /home/airflow/.local/lib/python3.7/site-packages/airflow/example_dags/example_bash_operator.py for tasks to queue
[2023-05-13T06:28:45.643+0000] {logging_mixin.py:137} INFO - [2023-05-13T06:28:45.643+0000] {dagbag.py:538} INFO - Filling up the DagBag from /home/airflow/.local/lib/python3.7/site-packages/airflow/example_dags/example_bash_operator.py
[2023-05-13T06:28:45.655+0000] {processor.py:753} INFO - DAG(s) dict_keys(['example_bash_operator']) retrieved from /home/airflow/.local/lib/python3.7/site-packages/airflow/example_dags/example_bash_operator.py
[2023-05-13T06:28:45.676+0000] {logging_mixin.py:137} INFO - [2023-05-13T06:28:45.676+0000] {dag.py:2690} INFO - Sync 1 DAGs
[2023-05-13T06:28:45.690+0000] {logging_mixin.py:137} INFO - [2023-05-13T06:28:45.690+0000] {dag.py:3441} INFO - Setting next_dagrun for example_bash_operator to 2023-05-12T00:00:00+00:00, run_after=2023-05-13T00:00:00+00:00
[2023-05-13T06:28:45.698+0000] {processor.py:175} INFO - Processing /home/airflow/.local/lib/python3.7/site-packages/airflow/example_dags/example_bash_operator.py took 0.060 seconds
[2023-05-13T06:29:16.531+0000] {processor.py:153} INFO - Started process (PID=985) to work on /home/airflow/.local/lib/python3.7/site-packages/airflow/example_dags/example_bash_operator.py
[2023-05-13T06:29:16.532+0000] {processor.py:743} INFO - Processing file /home/airflow/.local/lib/python3.7/site-packages/airflow/example_dags/example_bash_operator.py for tasks to queue
[2023-05-13T06:29:16.533+0000] {logging_mixin.py:137} INFO - [2023-05-13T06:29:16.533+0000] {dagbag.py:538} INFO - Filling up the DagBag from /home/airflow/.local/lib/python3.7/site-packages/airflow/example_dags/example_bash_operator.py
[2023-05-13T06:29:16.579+0000] {processor.py:753} INFO - DAG(s) dict_keys(['example_bash_operator']) retrieved from /home/airflow/.local/lib/python3.7/site-packages/airflow/example_dags/example_bash_operator.py
[2023-05-13T06:29:16.636+0000] {logging_mixin.py:137} INFO - [2023-05-13T06:29:16.636+0000] {dag.py:2690} INFO - Sync 1 DAGs
[2023-05-13T06:29:16.650+0000] {logging_mixin.py:137} INFO - [2023-05-13T06:29:16.650+0000] {dag.py:3441} INFO - Setting next_dagrun for example_bash_operator to 2023-05-12T00:00:00+00:00, run_after=2023-05-13T00:00:00+00:00
[2023-05-13T06:29:16.666+0000] {processor.py:175} INFO - Processing /home/airflow/.local/lib/python3.7/site-packages/airflow/example_dags/example_bash_operator.py took 0.137 seconds
[2023-05-13T06:29:46.758+0000] {processor.py:153} INFO - Started process (PID=1051) to work on /home/airflow/.local/lib/python3.7/site-packages/airflow/example_dags/example_bash_operator.py
[2023-05-13T06:29:46.759+0000] {processor.py:743} INFO - Processing file /home/airflow/.local/lib/python3.7/site-packages/airflow/example_dags/example_bash_operator.py for tasks to queue
[2023-05-13T06:29:46.759+0000] {logging_mixin.py:137} INFO - [2023-05-13T06:29:46.759+0000] {dagbag.py:538} INFO - Filling up the DagBag from /home/airflow/.local/lib/python3.7/site-packages/airflow/example_dags/example_bash_operator.py
[2023-05-13T06:29:46.772+0000] {processor.py:753} INFO - DAG(s) dict_keys(['example_bash_operator']) retrieved from /home/airflow/.local/lib/python3.7/site-packages/airflow/example_dags/example_bash_operator.py
[2023-05-13T06:29:46.793+0000] {logging_mixin.py:137} INFO - [2023-05-13T06:29:46.793+0000] {dag.py:2690} INFO - Sync 1 DAGs
[2023-05-13T06:29:46.807+0000] {logging_mixin.py:137} INFO - [2023-05-13T06:29:46.807+0000] {dag.py:3441} INFO - Setting next_dagrun for example_bash_operator to 2023-05-12T00:00:00+00:00, run_after=2023-05-13T00:00:00+00:00
[2023-05-13T06:29:46.817+0000] {processor.py:175} INFO - Processing /home/airflow/.local/lib/python3.7/site-packages/airflow/example_dags/example_bash_operator.py took 0.061 seconds
[2023-05-13T06:30:16.994+0000] {processor.py:153} INFO - Started process (PID=1126) to work on /home/airflow/.local/lib/python3.7/site-packages/airflow/example_dags/example_bash_operator.py
[2023-05-13T06:30:16.995+0000] {processor.py:743} INFO - Processing file /home/airflow/.local/lib/python3.7/site-packages/airflow/example_dags/example_bash_operator.py for tasks to queue
[2023-05-13T06:30:16.995+0000] {logging_mixin.py:137} INFO - [2023-05-13T06:30:16.995+0000] {dagbag.py:538} INFO - Filling up the DagBag from /home/airflow/.local/lib/python3.7/site-packages/airflow/example_dags/example_bash_operator.py
[2023-05-13T06:30:17.007+0000] {processor.py:753} INFO - DAG(s) dict_keys(['example_bash_operator']) retrieved from /home/airflow/.local/lib/python3.7/site-packages/airflow/example_dags/example_bash_operator.py
[2023-05-13T06:30:17.027+0000] {logging_mixin.py:137} INFO - [2023-05-13T06:30:17.027+0000] {dag.py:2690} INFO - Sync 1 DAGs
[2023-05-13T06:30:17.040+0000] {logging_mixin.py:137} INFO - [2023-05-13T06:30:17.040+0000] {dag.py:3441} INFO - Setting next_dagrun for example_bash_operator to 2023-05-12T00:00:00+00:00, run_after=2023-05-13T00:00:00+00:00
[2023-05-13T06:30:17.050+0000] {processor.py:175} INFO - Processing /home/airflow/.local/lib/python3.7/site-packages/airflow/example_dags/example_bash_operator.py took 0.058 seconds
[2023-05-13T06:30:47.208+0000] {processor.py:153} INFO - Started process (PID=1200) to work on /home/airflow/.local/lib/python3.7/site-packages/airflow/example_dags/example_bash_operator.py
[2023-05-13T06:30:47.209+0000] {processor.py:743} INFO - Processing file /home/airflow/.local/lib/python3.7/site-packages/airflow/example_dags/example_bash_operator.py for tasks to queue
[2023-05-13T06:30:47.209+0000] {logging_mixin.py:137} INFO - [2023-05-13T06:30:47.209+0000] {dagbag.py:538} INFO - Filling up the DagBag from /home/airflow/.local/lib/python3.7/site-packages/airflow/example_dags/example_bash_operator.py
[2023-05-13T06:30:47.222+0000] {processor.py:753} INFO - DAG(s) dict_keys(['example_bash_operator']) retrieved from /home/airflow/.local/lib/python3.7/site-packages/airflow/example_dags/example_bash_operator.py
[2023-05-13T06:30:47.243+0000] {logging_mixin.py:137} INFO - [2023-05-13T06:30:47.243+0000] {dag.py:2690} INFO - Sync 1 DAGs
[2023-05-13T06:30:47.257+0000] {logging_mixin.py:137} INFO - [2023-05-13T06:30:47.257+0000] {dag.py:3441} INFO - Setting next_dagrun for example_bash_operator to 2023-05-12T00:00:00+00:00, run_after=2023-05-13T00:00:00+00:00
[2023-05-13T06:30:47.267+0000] {processor.py:175} INFO - Processing /home/airflow/.local/lib/python3.7/site-packages/airflow/example_dags/example_bash_operator.py took 0.062 seconds
[2023-05-13T06:31:18.172+0000] {processor.py:153} INFO - Started process (PID=1264) to work on /home/airflow/.local/lib/python3.7/site-packages/airflow/example_dags/example_bash_operator.py
[2023-05-13T06:31:18.173+0000] {processor.py:743} INFO - Processing file /home/airflow/.local/lib/python3.7/site-packages/airflow/example_dags/example_bash_operator.py for tasks to queue
[2023-05-13T06:31:18.173+0000] {logging_mixin.py:137} INFO - [2023-05-13T06:31:18.173+0000] {dagbag.py:538} INFO - Filling up the DagBag from /home/airflow/.local/lib/python3.7/site-packages/airflow/example_dags/example_bash_operator.py
[2023-05-13T06:31:18.186+0000] {processor.py:753} INFO - DAG(s) dict_keys(['example_bash_operator']) retrieved from /home/airflow/.local/lib/python3.7/site-packages/airflow/example_dags/example_bash_operator.py
[2023-05-13T06:31:18.207+0000] {logging_mixin.py:137} INFO - [2023-05-13T06:31:18.207+0000] {dag.py:2690} INFO - Sync 1 DAGs
[2023-05-13T06:31:18.221+0000] {logging_mixin.py:137} INFO - [2023-05-13T06:31:18.221+0000] {dag.py:3441} INFO - Setting next_dagrun for example_bash_operator to 2023-05-12T00:00:00+00:00, run_after=2023-05-13T00:00:00+00:00
[2023-05-13T06:31:18.231+0000] {processor.py:175} INFO - Processing /home/airflow/.local/lib/python3.7/site-packages/airflow/example_dags/example_bash_operator.py took 0.061 seconds
[2023-05-13T06:31:48.297+0000] {processor.py:153} INFO - Started process (PID=1338) to work on /home/airflow/.local/lib/python3.7/site-packages/airflow/example_dags/example_bash_operator.py
[2023-05-13T06:31:48.298+0000] {processor.py:743} INFO - Processing file /home/airflow/.local/lib/python3.7/site-packages/airflow/example_dags/example_bash_operator.py for tasks to queue
[2023-05-13T06:31:48.299+0000] {logging_mixin.py:137} INFO - [2023-05-13T06:31:48.299+0000] {dagbag.py:538} INFO - Filling up the DagBag from /home/airflow/.local/lib/python3.7/site-packages/airflow/example_dags/example_bash_operator.py
[2023-05-13T06:31:48.312+0000] {processor.py:753} INFO - DAG(s) dict_keys(['example_bash_operator']) retrieved from /home/airflow/.local/lib/python3.7/site-packages/airflow/example_dags/example_bash_operator.py
[2023-05-13T06:31:48.332+0000] {logging_mixin.py:137} INFO - [2023-05-13T06:31:48.332+0000] {dag.py:2690} INFO - Sync 1 DAGs
[2023-05-13T06:31:48.346+0000] {logging_mixin.py:137} INFO - [2023-05-13T06:31:48.346+0000] {dag.py:3441} INFO - Setting next_dagrun for example_bash_operator to 2023-05-12T00:00:00+00:00, run_after=2023-05-13T00:00:00+00:00
[2023-05-13T06:31:48.356+0000] {processor.py:175} INFO - Processing /home/airflow/.local/lib/python3.7/site-packages/airflow/example_dags/example_bash_operator.py took 0.061 seconds
[2023-05-13T06:32:18.431+0000] {processor.py:153} INFO - Started process (PID=1413) to work on /home/airflow/.local/lib/python3.7/site-packages/airflow/example_dags/example_bash_operator.py
[2023-05-13T06:32:18.432+0000] {processor.py:743} INFO - Processing file /home/airflow/.local/lib/python3.7/site-packages/airflow/example_dags/example_bash_operator.py for tasks to queue
[2023-05-13T06:32:18.432+0000] {logging_mixin.py:137} INFO - [2023-05-13T06:32:18.432+0000] {dagbag.py:538} INFO - Filling up the DagBag from /home/airflow/.local/lib/python3.7/site-packages/airflow/example_dags/example_bash_operator.py
[2023-05-13T06:32:18.445+0000] {processor.py:753} INFO - DAG(s) dict_keys(['example_bash_operator']) retrieved from /home/airflow/.local/lib/python3.7/site-packages/airflow/example_dags/example_bash_operator.py
[2023-05-13T06:32:18.466+0000] {logging_mixin.py:137} INFO - [2023-05-13T06:32:18.466+0000] {dag.py:2690} INFO - Sync 1 DAGs
[2023-05-13T06:32:18.480+0000] {logging_mixin.py:137} INFO - [2023-05-13T06:32:18.480+0000] {dag.py:3441} INFO - Setting next_dagrun for example_bash_operator to 2023-05-12T00:00:00+00:00, run_after=2023-05-13T00:00:00+00:00
[2023-05-13T06:32:18.490+0000] {processor.py:175} INFO - Processing /home/airflow/.local/lib/python3.7/site-packages/airflow/example_dags/example_bash_operator.py took 0.061 seconds
[2023-05-13T06:32:49.650+0000] {processor.py:153} INFO - Started process (PID=1489) to work on /home/airflow/.local/lib/python3.7/site-packages/airflow/example_dags/example_bash_operator.py
[2023-05-13T06:32:49.658+0000] {processor.py:743} INFO - Processing file /home/airflow/.local/lib/python3.7/site-packages/airflow/example_dags/example_bash_operator.py for tasks to queue
[2023-05-13T06:32:49.662+0000] {logging_mixin.py:137} INFO - [2023-05-13T06:32:49.662+0000] {dagbag.py:538} INFO - Filling up the DagBag from /home/airflow/.local/lib/python3.7/site-packages/airflow/example_dags/example_bash_operator.py
[2023-05-13T06:32:49.694+0000] {processor.py:753} INFO - DAG(s) dict_keys(['example_bash_operator']) retrieved from /home/airflow/.local/lib/python3.7/site-packages/airflow/example_dags/example_bash_operator.py
[2023-05-13T06:32:49.716+0000] {logging_mixin.py:137} INFO - [2023-05-13T06:32:49.716+0000] {dag.py:2690} INFO - Sync 1 DAGs
[2023-05-13T06:32:49.731+0000] {logging_mixin.py:137} INFO - [2023-05-13T06:32:49.731+0000] {dag.py:3441} INFO - Setting next_dagrun for example_bash_operator to 2023-05-12T00:00:00+00:00, run_after=2023-05-13T00:00:00+00:00
[2023-05-13T06:32:49.745+0000] {processor.py:175} INFO - Processing /home/airflow/.local/lib/python3.7/site-packages/airflow/example_dags/example_bash_operator.py took 0.097 seconds
[2023-05-13T06:33:19.922+0000] {processor.py:153} INFO - Started process (PID=1552) to work on /home/airflow/.local/lib/python3.7/site-packages/airflow/example_dags/example_bash_operator.py
[2023-05-13T06:33:19.922+0000] {processor.py:743} INFO - Processing file /home/airflow/.local/lib/python3.7/site-packages/airflow/example_dags/example_bash_operator.py for tasks to queue
[2023-05-13T06:33:19.923+0000] {logging_mixin.py:137} INFO - [2023-05-13T06:33:19.923+0000] {dagbag.py:538} INFO - Filling up the DagBag from /home/airflow/.local/lib/python3.7/site-packages/airflow/example_dags/example_bash_operator.py
[2023-05-13T06:33:19.936+0000] {processor.py:753} INFO - DAG(s) dict_keys(['example_bash_operator']) retrieved from /home/airflow/.local/lib/python3.7/site-packages/airflow/example_dags/example_bash_operator.py
[2023-05-13T06:33:19.957+0000] {logging_mixin.py:137} INFO - [2023-05-13T06:33:19.957+0000] {dag.py:2690} INFO - Sync 1 DAGs
[2023-05-13T06:33:19.971+0000] {logging_mixin.py:137} INFO - [2023-05-13T06:33:19.971+0000] {dag.py:3441} INFO - Setting next_dagrun for example_bash_operator to 2023-05-12T00:00:00+00:00, run_after=2023-05-13T00:00:00+00:00
[2023-05-13T06:33:19.980+0000] {processor.py:175} INFO - Processing /home/airflow/.local/lib/python3.7/site-packages/airflow/example_dags/example_bash_operator.py took 0.060 seconds
[2023-05-13T06:33:50.084+0000] {processor.py:153} INFO - Started process (PID=1626) to work on /home/airflow/.local/lib/python3.7/site-packages/airflow/example_dags/example_bash_operator.py
[2023-05-13T06:33:50.085+0000] {processor.py:743} INFO - Processing file /home/airflow/.local/lib/python3.7/site-packages/airflow/example_dags/example_bash_operator.py for tasks to queue
[2023-05-13T06:33:50.085+0000] {logging_mixin.py:137} INFO - [2023-05-13T06:33:50.085+0000] {dagbag.py:538} INFO - Filling up the DagBag from /home/airflow/.local/lib/python3.7/site-packages/airflow/example_dags/example_bash_operator.py
[2023-05-13T06:33:50.098+0000] {processor.py:753} INFO - DAG(s) dict_keys(['example_bash_operator']) retrieved from /home/airflow/.local/lib/python3.7/site-packages/airflow/example_dags/example_bash_operator.py
[2023-05-13T06:33:50.120+0000] {logging_mixin.py:137} INFO - [2023-05-13T06:33:50.119+0000] {dag.py:2690} INFO - Sync 1 DAGs
[2023-05-13T06:33:50.135+0000] {logging_mixin.py:137} INFO - [2023-05-13T06:33:50.135+0000] {dag.py:3441} INFO - Setting next_dagrun for example_bash_operator to 2023-05-12T00:00:00+00:00, run_after=2023-05-13T00:00:00+00:00
[2023-05-13T06:33:50.150+0000] {processor.py:175} INFO - Processing /home/airflow/.local/lib/python3.7/site-packages/airflow/example_dags/example_bash_operator.py took 0.069 seconds
[2023-05-13T06:34:20.215+0000] {processor.py:153} INFO - Started process (PID=1702) to work on /home/airflow/.local/lib/python3.7/site-packages/airflow/example_dags/example_bash_operator.py
[2023-05-13T06:34:20.220+0000] {processor.py:743} INFO - Processing file /home/airflow/.local/lib/python3.7/site-packages/airflow/example_dags/example_bash_operator.py for tasks to queue
[2023-05-13T06:34:20.222+0000] {logging_mixin.py:137} INFO - [2023-05-13T06:34:20.221+0000] {dagbag.py:538} INFO - Filling up the DagBag from /home/airflow/.local/lib/python3.7/site-packages/airflow/example_dags/example_bash_operator.py
[2023-05-13T06:34:20.240+0000] {processor.py:753} INFO - DAG(s) dict_keys(['example_bash_operator']) retrieved from /home/airflow/.local/lib/python3.7/site-packages/airflow/example_dags/example_bash_operator.py
[2023-05-13T06:34:20.272+0000] {logging_mixin.py:137} INFO - [2023-05-13T06:34:20.272+0000] {dag.py:2690} INFO - Sync 1 DAGs
[2023-05-13T06:34:20.295+0000] {logging_mixin.py:137} INFO - [2023-05-13T06:34:20.294+0000] {dag.py:3441} INFO - Setting next_dagrun for example_bash_operator to 2023-05-12T00:00:00+00:00, run_after=2023-05-13T00:00:00+00:00
[2023-05-13T06:34:20.316+0000] {processor.py:175} INFO - Processing /home/airflow/.local/lib/python3.7/site-packages/airflow/example_dags/example_bash_operator.py took 0.104 seconds
[2023-05-13T06:34:51.256+0000] {processor.py:153} INFO - Started process (PID=1765) to work on /home/airflow/.local/lib/python3.7/site-packages/airflow/example_dags/example_bash_operator.py
[2023-05-13T06:34:51.257+0000] {processor.py:743} INFO - Processing file /home/airflow/.local/lib/python3.7/site-packages/airflow/example_dags/example_bash_operator.py for tasks to queue
[2023-05-13T06:34:51.258+0000] {logging_mixin.py:137} INFO - [2023-05-13T06:34:51.258+0000] {dagbag.py:538} INFO - Filling up the DagBag from /home/airflow/.local/lib/python3.7/site-packages/airflow/example_dags/example_bash_operator.py
[2023-05-13T06:34:51.271+0000] {processor.py:753} INFO - DAG(s) dict_keys(['example_bash_operator']) retrieved from /home/airflow/.local/lib/python3.7/site-packages/airflow/example_dags/example_bash_operator.py
[2023-05-13T06:34:51.292+0000] {logging_mixin.py:137} INFO - [2023-05-13T06:34:51.292+0000] {dag.py:2690} INFO - Sync 1 DAGs
[2023-05-13T06:34:51.306+0000] {logging_mixin.py:137} INFO - [2023-05-13T06:34:51.306+0000] {dag.py:3441} INFO - Setting next_dagrun for example_bash_operator to 2023-05-12T00:00:00+00:00, run_after=2023-05-13T00:00:00+00:00
[2023-05-13T06:34:51.315+0000] {processor.py:175} INFO - Processing /home/airflow/.local/lib/python3.7/site-packages/airflow/example_dags/example_bash_operator.py took 0.062 seconds
[2023-05-13T06:35:22.223+0000] {processor.py:153} INFO - Started process (PID=1839) to work on /home/airflow/.local/lib/python3.7/site-packages/airflow/example_dags/example_bash_operator.py
[2023-05-13T06:35:22.224+0000] {processor.py:743} INFO - Processing file /home/airflow/.local/lib/python3.7/site-packages/airflow/example_dags/example_bash_operator.py for tasks to queue
[2023-05-13T06:35:22.225+0000] {logging_mixin.py:137} INFO - [2023-05-13T06:35:22.225+0000] {dagbag.py:538} INFO - Filling up the DagBag from /home/airflow/.local/lib/python3.7/site-packages/airflow/example_dags/example_bash_operator.py
[2023-05-13T06:35:22.236+0000] {processor.py:753} INFO - DAG(s) dict_keys(['example_bash_operator']) retrieved from /home/airflow/.local/lib/python3.7/site-packages/airflow/example_dags/example_bash_operator.py
[2023-05-13T06:35:22.257+0000] {logging_mixin.py:137} INFO - [2023-05-13T06:35:22.257+0000] {dag.py:2690} INFO - Sync 1 DAGs
[2023-05-13T06:35:22.270+0000] {logging_mixin.py:137} INFO - [2023-05-13T06:35:22.270+0000] {dag.py:3441} INFO - Setting next_dagrun for example_bash_operator to 2023-05-12T00:00:00+00:00, run_after=2023-05-13T00:00:00+00:00
[2023-05-13T06:35:22.280+0000] {processor.py:175} INFO - Processing /home/airflow/.local/lib/python3.7/site-packages/airflow/example_dags/example_bash_operator.py took 0.059 seconds
[2023-05-13T06:35:52.430+0000] {processor.py:153} INFO - Started process (PID=1914) to work on /home/airflow/.local/lib/python3.7/site-packages/airflow/example_dags/example_bash_operator.py
[2023-05-13T06:35:52.431+0000] {processor.py:743} INFO - Processing file /home/airflow/.local/lib/python3.7/site-packages/airflow/example_dags/example_bash_operator.py for tasks to queue
[2023-05-13T06:35:52.431+0000] {logging_mixin.py:137} INFO - [2023-05-13T06:35:52.431+0000] {dagbag.py:538} INFO - Filling up the DagBag from /home/airflow/.local/lib/python3.7/site-packages/airflow/example_dags/example_bash_operator.py
[2023-05-13T06:35:52.444+0000] {processor.py:753} INFO - DAG(s) dict_keys(['example_bash_operator']) retrieved from /home/airflow/.local/lib/python3.7/site-packages/airflow/example_dags/example_bash_operator.py
[2023-05-13T06:35:52.465+0000] {logging_mixin.py:137} INFO - [2023-05-13T06:35:52.465+0000] {dag.py:2690} INFO - Sync 1 DAGs
[2023-05-13T06:35:52.480+0000] {logging_mixin.py:137} INFO - [2023-05-13T06:35:52.480+0000] {dag.py:3441} INFO - Setting next_dagrun for example_bash_operator to 2023-05-12T00:00:00+00:00, run_after=2023-05-13T00:00:00+00:00
[2023-05-13T06:35:52.489+0000] {processor.py:175} INFO - Processing /home/airflow/.local/lib/python3.7/site-packages/airflow/example_dags/example_bash_operator.py took 0.061 seconds
[2023-05-13T06:36:23.379+0000] {processor.py:153} INFO - Started process (PID=1985) to work on /home/airflow/.local/lib/python3.7/site-packages/airflow/example_dags/example_bash_operator.py
[2023-05-13T06:36:23.380+0000] {processor.py:743} INFO - Processing file /home/airflow/.local/lib/python3.7/site-packages/airflow/example_dags/example_bash_operator.py for tasks to queue
[2023-05-13T06:36:23.383+0000] {logging_mixin.py:137} INFO - [2023-05-13T06:36:23.383+0000] {dagbag.py:538} INFO - Filling up the DagBag from /home/airflow/.local/lib/python3.7/site-packages/airflow/example_dags/example_bash_operator.py
[2023-05-13T06:36:23.398+0000] {processor.py:753} INFO - DAG(s) dict_keys(['example_bash_operator']) retrieved from /home/airflow/.local/lib/python3.7/site-packages/airflow/example_dags/example_bash_operator.py
[2023-05-13T06:36:23.420+0000] {logging_mixin.py:137} INFO - [2023-05-13T06:36:23.420+0000] {dag.py:2690} INFO - Sync 1 DAGs
[2023-05-13T06:36:23.435+0000] {logging_mixin.py:137} INFO - [2023-05-13T06:36:23.435+0000] {dag.py:3441} INFO - Setting next_dagrun for example_bash_operator to 2023-05-12T00:00:00+00:00, run_after=2023-05-13T00:00:00+00:00
[2023-05-13T06:36:23.455+0000] {processor.py:175} INFO - Processing /home/airflow/.local/lib/python3.7/site-packages/airflow/example_dags/example_bash_operator.py took 0.078 seconds
[2023-05-13T06:42:12.882+0000] {processor.py:153} INFO - Started process (PID=2721) to work on /home/airflow/.local/lib/python3.7/site-packages/airflow/example_dags/example_bash_operator.py
[2023-05-13T06:42:12.883+0000] {processor.py:743} INFO - Processing file /home/airflow/.local/lib/python3.7/site-packages/airflow/example_dags/example_bash_operator.py for tasks to queue
[2023-05-13T06:42:12.883+0000] {logging_mixin.py:137} INFO - [2023-05-13T06:42:12.883+0000] {dagbag.py:538} INFO - Filling up the DagBag from /home/airflow/.local/lib/python3.7/site-packages/airflow/example_dags/example_bash_operator.py
[2023-05-13T06:42:12.896+0000] {processor.py:753} INFO - DAG(s) dict_keys(['example_bash_operator']) retrieved from /home/airflow/.local/lib/python3.7/site-packages/airflow/example_dags/example_bash_operator.py
[2023-05-13T06:42:12.937+0000] {logging_mixin.py:137} INFO - [2023-05-13T06:42:12.937+0000] {dag.py:2690} INFO - Sync 1 DAGs
[2023-05-13T06:42:12.949+0000] {logging_mixin.py:137} INFO - [2023-05-13T06:42:12.949+0000] {dag.py:3441} INFO - Setting next_dagrun for example_bash_operator to 2023-05-12T00:00:00+00:00, run_after=2023-05-13T00:00:00+00:00
[2023-05-13T06:42:12.959+0000] {processor.py:175} INFO - Processing /home/airflow/.local/lib/python3.7/site-packages/airflow/example_dags/example_bash_operator.py took 0.079 seconds
