[2023-05-13T06:22:38.096+0000] {processor.py:153} INFO - Started process (PID=54) to work on /home/airflow/.local/lib/python3.7/site-packages/airflow/example_dags/example_skip_dag.py
[2023-05-13T06:22:38.097+0000] {processor.py:743} INFO - Processing file /home/airflow/.local/lib/python3.7/site-packages/airflow/example_dags/example_skip_dag.py for tasks to queue
[2023-05-13T06:22:38.098+0000] {logging_mixin.py:137} INFO - [2023-05-13T06:22:38.098+0000] {dagbag.py:538} INFO - Filling up the DagBag from /home/airflow/.local/lib/python3.7/site-packages/airflow/example_dags/example_skip_dag.py
[2023-05-13T06:22:38.111+0000] {processor.py:753} INFO - DAG(s) dict_keys(['example_skip_dag']) retrieved from /home/airflow/.local/lib/python3.7/site-packages/airflow/example_dags/example_skip_dag.py
[2023-05-13T06:22:38.129+0000] {logging_mixin.py:137} INFO - [2023-05-13T06:22:38.129+0000] {dag.py:2690} INFO - Sync 1 DAGs
[2023-05-13T06:22:38.153+0000] {logging_mixin.py:137} INFO - [2023-05-13T06:22:38.153+0000] {dag.py:3441} INFO - Setting next_dagrun for example_skip_dag to 2023-05-12T06:22:38.152917+00:00, run_after=2023-05-13T06:22:38.152917+00:00
[2023-05-13T06:22:38.165+0000] {processor.py:175} INFO - Processing /home/airflow/.local/lib/python3.7/site-packages/airflow/example_dags/example_skip_dag.py took 0.071 seconds
[2023-05-13T06:23:09.096+0000] {processor.py:153} INFO - Started process (PID=129) to work on /home/airflow/.local/lib/python3.7/site-packages/airflow/example_dags/example_skip_dag.py
[2023-05-13T06:23:09.097+0000] {processor.py:743} INFO - Processing file /home/airflow/.local/lib/python3.7/site-packages/airflow/example_dags/example_skip_dag.py for tasks to queue
[2023-05-13T06:23:09.097+0000] {logging_mixin.py:137} INFO - [2023-05-13T06:23:09.097+0000] {dagbag.py:538} INFO - Filling up the DagBag from /home/airflow/.local/lib/python3.7/site-packages/airflow/example_dags/example_skip_dag.py
[2023-05-13T06:23:09.106+0000] {processor.py:753} INFO - DAG(s) dict_keys(['example_skip_dag']) retrieved from /home/airflow/.local/lib/python3.7/site-packages/airflow/example_dags/example_skip_dag.py
[2023-05-13T06:23:09.123+0000] {logging_mixin.py:137} INFO - [2023-05-13T06:23:09.122+0000] {dag.py:2690} INFO - Sync 1 DAGs
[2023-05-13T06:23:09.136+0000] {logging_mixin.py:137} INFO - [2023-05-13T06:23:09.136+0000] {dag.py:3441} INFO - Setting next_dagrun for example_skip_dag to 2023-05-12T06:23:09.136734+00:00, run_after=2023-05-13T06:23:09.136734+00:00
[2023-05-13T06:23:09.146+0000] {processor.py:175} INFO - Processing /home/airflow/.local/lib/python3.7/site-packages/airflow/example_dags/example_skip_dag.py took 0.053 seconds
[2023-05-13T06:23:39.888+0000] {processor.py:153} INFO - Started process (PID=204) to work on /home/airflow/.local/lib/python3.7/site-packages/airflow/example_dags/example_skip_dag.py
[2023-05-13T06:23:39.889+0000] {processor.py:743} INFO - Processing file /home/airflow/.local/lib/python3.7/site-packages/airflow/example_dags/example_skip_dag.py for tasks to queue
[2023-05-13T06:23:39.891+0000] {logging_mixin.py:137} INFO - [2023-05-13T06:23:39.890+0000] {dagbag.py:538} INFO - Filling up the DagBag from /home/airflow/.local/lib/python3.7/site-packages/airflow/example_dags/example_skip_dag.py
[2023-05-13T06:23:39.903+0000] {processor.py:753} INFO - DAG(s) dict_keys(['example_skip_dag']) retrieved from /home/airflow/.local/lib/python3.7/site-packages/airflow/example_dags/example_skip_dag.py
[2023-05-13T06:23:39.927+0000] {logging_mixin.py:137} INFO - [2023-05-13T06:23:39.927+0000] {dag.py:2690} INFO - Sync 1 DAGs
[2023-05-13T06:23:39.946+0000] {logging_mixin.py:137} INFO - [2023-05-13T06:23:39.946+0000] {dag.py:3441} INFO - Setting next_dagrun for example_skip_dag to 2023-05-12T06:23:39.946405+00:00, run_after=2023-05-13T06:23:39.946405+00:00
[2023-05-13T06:23:39.962+0000] {processor.py:175} INFO - Processing /home/airflow/.local/lib/python3.7/site-packages/airflow/example_dags/example_skip_dag.py took 0.076 seconds
[2023-05-13T06:24:10.874+0000] {processor.py:153} INFO - Started process (PID=268) to work on /home/airflow/.local/lib/python3.7/site-packages/airflow/example_dags/example_skip_dag.py
[2023-05-13T06:24:10.877+0000] {processor.py:743} INFO - Processing file /home/airflow/.local/lib/python3.7/site-packages/airflow/example_dags/example_skip_dag.py for tasks to queue
[2023-05-13T06:24:10.879+0000] {logging_mixin.py:137} INFO - [2023-05-13T06:24:10.878+0000] {dagbag.py:538} INFO - Filling up the DagBag from /home/airflow/.local/lib/python3.7/site-packages/airflow/example_dags/example_skip_dag.py
[2023-05-13T06:24:10.889+0000] {processor.py:753} INFO - DAG(s) dict_keys(['example_skip_dag']) retrieved from /home/airflow/.local/lib/python3.7/site-packages/airflow/example_dags/example_skip_dag.py
[2023-05-13T06:24:10.906+0000] {logging_mixin.py:137} INFO - [2023-05-13T06:24:10.906+0000] {dag.py:2690} INFO - Sync 1 DAGs
[2023-05-13T06:24:10.919+0000] {logging_mixin.py:137} INFO - [2023-05-13T06:24:10.919+0000] {dag.py:3441} INFO - Setting next_dagrun for example_skip_dag to 2023-05-12T06:24:10.919732+00:00, run_after=2023-05-13T06:24:10.919732+00:00
[2023-05-13T06:24:10.929+0000] {processor.py:175} INFO - Processing /home/airflow/.local/lib/python3.7/site-packages/airflow/example_dags/example_skip_dag.py took 0.057 seconds
[2023-05-13T06:24:41.616+0000] {processor.py:153} INFO - Started process (PID=343) to work on /home/airflow/.local/lib/python3.7/site-packages/airflow/example_dags/example_skip_dag.py
[2023-05-13T06:24:41.618+0000] {processor.py:743} INFO - Processing file /home/airflow/.local/lib/python3.7/site-packages/airflow/example_dags/example_skip_dag.py for tasks to queue
[2023-05-13T06:24:41.618+0000] {logging_mixin.py:137} INFO - [2023-05-13T06:24:41.618+0000] {dagbag.py:538} INFO - Filling up the DagBag from /home/airflow/.local/lib/python3.7/site-packages/airflow/example_dags/example_skip_dag.py
[2023-05-13T06:24:41.627+0000] {processor.py:753} INFO - DAG(s) dict_keys(['example_skip_dag']) retrieved from /home/airflow/.local/lib/python3.7/site-packages/airflow/example_dags/example_skip_dag.py
[2023-05-13T06:24:41.643+0000] {logging_mixin.py:137} INFO - [2023-05-13T06:24:41.643+0000] {dag.py:2690} INFO - Sync 1 DAGs
[2023-05-13T06:24:41.657+0000] {logging_mixin.py:137} INFO - [2023-05-13T06:24:41.657+0000] {dag.py:3441} INFO - Setting next_dagrun for example_skip_dag to 2023-05-12T06:24:41.657026+00:00, run_after=2023-05-13T06:24:41.657026+00:00
[2023-05-13T06:24:41.666+0000] {processor.py:175} INFO - Processing /home/airflow/.local/lib/python3.7/site-packages/airflow/example_dags/example_skip_dag.py took 0.052 seconds
[2023-05-13T06:25:12.371+0000] {processor.py:153} INFO - Started process (PID=417) to work on /home/airflow/.local/lib/python3.7/site-packages/airflow/example_dags/example_skip_dag.py
[2023-05-13T06:25:12.372+0000] {processor.py:743} INFO - Processing file /home/airflow/.local/lib/python3.7/site-packages/airflow/example_dags/example_skip_dag.py for tasks to queue
[2023-05-13T06:25:12.372+0000] {logging_mixin.py:137} INFO - [2023-05-13T06:25:12.372+0000] {dagbag.py:538} INFO - Filling up the DagBag from /home/airflow/.local/lib/python3.7/site-packages/airflow/example_dags/example_skip_dag.py
[2023-05-13T06:25:12.382+0000] {processor.py:753} INFO - DAG(s) dict_keys(['example_skip_dag']) retrieved from /home/airflow/.local/lib/python3.7/site-packages/airflow/example_dags/example_skip_dag.py
[2023-05-13T06:25:12.402+0000] {logging_mixin.py:137} INFO - [2023-05-13T06:25:12.402+0000] {dag.py:2690} INFO - Sync 1 DAGs
[2023-05-13T06:25:12.417+0000] {logging_mixin.py:137} INFO - [2023-05-13T06:25:12.417+0000] {dag.py:3441} INFO - Setting next_dagrun for example_skip_dag to 2023-05-12T06:25:12.417512+00:00, run_after=2023-05-13T06:25:12.417512+00:00
[2023-05-13T06:25:12.428+0000] {processor.py:175} INFO - Processing /home/airflow/.local/lib/python3.7/site-packages/airflow/example_dags/example_skip_dag.py took 0.061 seconds
[2023-05-13T06:25:43.275+0000] {processor.py:153} INFO - Started process (PID=491) to work on /home/airflow/.local/lib/python3.7/site-packages/airflow/example_dags/example_skip_dag.py
[2023-05-13T06:25:43.276+0000] {processor.py:743} INFO - Processing file /home/airflow/.local/lib/python3.7/site-packages/airflow/example_dags/example_skip_dag.py for tasks to queue
[2023-05-13T06:25:43.277+0000] {logging_mixin.py:137} INFO - [2023-05-13T06:25:43.277+0000] {dagbag.py:538} INFO - Filling up the DagBag from /home/airflow/.local/lib/python3.7/site-packages/airflow/example_dags/example_skip_dag.py
[2023-05-13T06:25:43.288+0000] {processor.py:753} INFO - DAG(s) dict_keys(['example_skip_dag']) retrieved from /home/airflow/.local/lib/python3.7/site-packages/airflow/example_dags/example_skip_dag.py
[2023-05-13T06:25:43.313+0000] {logging_mixin.py:137} INFO - [2023-05-13T06:25:43.312+0000] {dag.py:2690} INFO - Sync 1 DAGs
[2023-05-13T06:25:43.329+0000] {logging_mixin.py:137} INFO - [2023-05-13T06:25:43.329+0000] {dag.py:3441} INFO - Setting next_dagrun for example_skip_dag to 2023-05-12T06:25:43.329514+00:00, run_after=2023-05-13T06:25:43.329514+00:00
[2023-05-13T06:25:43.339+0000] {processor.py:175} INFO - Processing /home/airflow/.local/lib/python3.7/site-packages/airflow/example_dags/example_skip_dag.py took 0.066 seconds
[2023-05-13T06:26:13.395+0000] {processor.py:153} INFO - Started process (PID=555) to work on /home/airflow/.local/lib/python3.7/site-packages/airflow/example_dags/example_skip_dag.py
[2023-05-13T06:26:13.396+0000] {processor.py:743} INFO - Processing file /home/airflow/.local/lib/python3.7/site-packages/airflow/example_dags/example_skip_dag.py for tasks to queue
[2023-05-13T06:26:13.397+0000] {logging_mixin.py:137} INFO - [2023-05-13T06:26:13.397+0000] {dagbag.py:538} INFO - Filling up the DagBag from /home/airflow/.local/lib/python3.7/site-packages/airflow/example_dags/example_skip_dag.py
[2023-05-13T06:26:13.404+0000] {processor.py:753} INFO - DAG(s) dict_keys(['example_skip_dag']) retrieved from /home/airflow/.local/lib/python3.7/site-packages/airflow/example_dags/example_skip_dag.py
[2023-05-13T06:26:13.420+0000] {logging_mixin.py:137} INFO - [2023-05-13T06:26:13.420+0000] {dag.py:2690} INFO - Sync 1 DAGs
[2023-05-13T06:26:13.434+0000] {logging_mixin.py:137} INFO - [2023-05-13T06:26:13.434+0000] {dag.py:3441} INFO - Setting next_dagrun for example_skip_dag to 2023-05-12T06:26:13.434353+00:00, run_after=2023-05-13T06:26:13.434353+00:00
[2023-05-13T06:26:13.444+0000] {processor.py:175} INFO - Processing /home/airflow/.local/lib/python3.7/site-packages/airflow/example_dags/example_skip_dag.py took 0.051 seconds
[2023-05-13T06:26:44.304+0000] {processor.py:153} INFO - Started process (PID=630) to work on /home/airflow/.local/lib/python3.7/site-packages/airflow/example_dags/example_skip_dag.py
[2023-05-13T06:26:44.305+0000] {processor.py:743} INFO - Processing file /home/airflow/.local/lib/python3.7/site-packages/airflow/example_dags/example_skip_dag.py for tasks to queue
[2023-05-13T06:26:44.306+0000] {logging_mixin.py:137} INFO - [2023-05-13T06:26:44.306+0000] {dagbag.py:538} INFO - Filling up the DagBag from /home/airflow/.local/lib/python3.7/site-packages/airflow/example_dags/example_skip_dag.py
[2023-05-13T06:26:44.315+0000] {processor.py:753} INFO - DAG(s) dict_keys(['example_skip_dag']) retrieved from /home/airflow/.local/lib/python3.7/site-packages/airflow/example_dags/example_skip_dag.py
[2023-05-13T06:26:44.331+0000] {logging_mixin.py:137} INFO - [2023-05-13T06:26:44.331+0000] {dag.py:2690} INFO - Sync 1 DAGs
[2023-05-13T06:26:44.345+0000] {logging_mixin.py:137} INFO - [2023-05-13T06:26:44.345+0000] {dag.py:3441} INFO - Setting next_dagrun for example_skip_dag to 2023-05-12T06:26:44.345494+00:00, run_after=2023-05-13T06:26:44.345494+00:00
[2023-05-13T06:26:44.355+0000] {processor.py:175} INFO - Processing /home/airflow/.local/lib/python3.7/site-packages/airflow/example_dags/example_skip_dag.py took 0.053 seconds
[2023-05-13T06:27:14.557+0000] {processor.py:153} INFO - Started process (PID=705) to work on /home/airflow/.local/lib/python3.7/site-packages/airflow/example_dags/example_skip_dag.py
[2023-05-13T06:27:14.558+0000] {processor.py:743} INFO - Processing file /home/airflow/.local/lib/python3.7/site-packages/airflow/example_dags/example_skip_dag.py for tasks to queue
[2023-05-13T06:27:14.558+0000] {logging_mixin.py:137} INFO - [2023-05-13T06:27:14.558+0000] {dagbag.py:538} INFO - Filling up the DagBag from /home/airflow/.local/lib/python3.7/site-packages/airflow/example_dags/example_skip_dag.py
[2023-05-13T06:27:14.566+0000] {processor.py:753} INFO - DAG(s) dict_keys(['example_skip_dag']) retrieved from /home/airflow/.local/lib/python3.7/site-packages/airflow/example_dags/example_skip_dag.py
[2023-05-13T06:27:14.582+0000] {logging_mixin.py:137} INFO - [2023-05-13T06:27:14.582+0000] {dag.py:2690} INFO - Sync 1 DAGs
[2023-05-13T06:27:14.596+0000] {logging_mixin.py:137} INFO - [2023-05-13T06:27:14.596+0000] {dag.py:3441} INFO - Setting next_dagrun for example_skip_dag to 2023-05-12T06:27:14.596008+00:00, run_after=2023-05-13T06:27:14.596008+00:00
[2023-05-13T06:27:14.605+0000] {processor.py:175} INFO - Processing /home/airflow/.local/lib/python3.7/site-packages/airflow/example_dags/example_skip_dag.py took 0.051 seconds
[2023-05-13T06:27:45.577+0000] {processor.py:153} INFO - Started process (PID=769) to work on /home/airflow/.local/lib/python3.7/site-packages/airflow/example_dags/example_skip_dag.py
[2023-05-13T06:27:45.578+0000] {processor.py:743} INFO - Processing file /home/airflow/.local/lib/python3.7/site-packages/airflow/example_dags/example_skip_dag.py for tasks to queue
[2023-05-13T06:27:45.579+0000] {logging_mixin.py:137} INFO - [2023-05-13T06:27:45.579+0000] {dagbag.py:538} INFO - Filling up the DagBag from /home/airflow/.local/lib/python3.7/site-packages/airflow/example_dags/example_skip_dag.py
[2023-05-13T06:27:45.587+0000] {processor.py:753} INFO - DAG(s) dict_keys(['example_skip_dag']) retrieved from /home/airflow/.local/lib/python3.7/site-packages/airflow/example_dags/example_skip_dag.py
[2023-05-13T06:27:45.602+0000] {logging_mixin.py:137} INFO - [2023-05-13T06:27:45.602+0000] {dag.py:2690} INFO - Sync 1 DAGs
[2023-05-13T06:27:45.615+0000] {logging_mixin.py:137} INFO - [2023-05-13T06:27:45.615+0000] {dag.py:3441} INFO - Setting next_dagrun for example_skip_dag to 2023-05-12T06:27:45.615392+00:00, run_after=2023-05-13T06:27:45.615392+00:00
[2023-05-13T06:27:45.625+0000] {processor.py:175} INFO - Processing /home/airflow/.local/lib/python3.7/site-packages/airflow/example_dags/example_skip_dag.py took 0.050 seconds
[2023-05-13T06:28:15.686+0000] {processor.py:153} INFO - Started process (PID=844) to work on /home/airflow/.local/lib/python3.7/site-packages/airflow/example_dags/example_skip_dag.py
[2023-05-13T06:28:15.686+0000] {processor.py:743} INFO - Processing file /home/airflow/.local/lib/python3.7/site-packages/airflow/example_dags/example_skip_dag.py for tasks to queue
[2023-05-13T06:28:15.687+0000] {logging_mixin.py:137} INFO - [2023-05-13T06:28:15.687+0000] {dagbag.py:538} INFO - Filling up the DagBag from /home/airflow/.local/lib/python3.7/site-packages/airflow/example_dags/example_skip_dag.py
[2023-05-13T06:28:15.695+0000] {processor.py:753} INFO - DAG(s) dict_keys(['example_skip_dag']) retrieved from /home/airflow/.local/lib/python3.7/site-packages/airflow/example_dags/example_skip_dag.py
[2023-05-13T06:28:15.711+0000] {logging_mixin.py:137} INFO - [2023-05-13T06:28:15.711+0000] {dag.py:2690} INFO - Sync 1 DAGs
[2023-05-13T06:28:15.724+0000] {logging_mixin.py:137} INFO - [2023-05-13T06:28:15.724+0000] {dag.py:3441} INFO - Setting next_dagrun for example_skip_dag to 2023-05-12T06:28:15.724428+00:00, run_after=2023-05-13T06:28:15.724428+00:00
[2023-05-13T06:28:15.734+0000] {processor.py:175} INFO - Processing /home/airflow/.local/lib/python3.7/site-packages/airflow/example_dags/example_skip_dag.py took 0.050 seconds
[2023-05-13T06:28:45.857+0000] {processor.py:153} INFO - Started process (PID=919) to work on /home/airflow/.local/lib/python3.7/site-packages/airflow/example_dags/example_skip_dag.py
[2023-05-13T06:28:45.858+0000] {processor.py:743} INFO - Processing file /home/airflow/.local/lib/python3.7/site-packages/airflow/example_dags/example_skip_dag.py for tasks to queue
[2023-05-13T06:28:45.859+0000] {logging_mixin.py:137} INFO - [2023-05-13T06:28:45.859+0000] {dagbag.py:538} INFO - Filling up the DagBag from /home/airflow/.local/lib/python3.7/site-packages/airflow/example_dags/example_skip_dag.py
[2023-05-13T06:28:45.868+0000] {processor.py:753} INFO - DAG(s) dict_keys(['example_skip_dag']) retrieved from /home/airflow/.local/lib/python3.7/site-packages/airflow/example_dags/example_skip_dag.py
[2023-05-13T06:28:45.884+0000] {logging_mixin.py:137} INFO - [2023-05-13T06:28:45.884+0000] {dag.py:2690} INFO - Sync 1 DAGs
[2023-05-13T06:28:45.898+0000] {logging_mixin.py:137} INFO - [2023-05-13T06:28:45.898+0000] {dag.py:3441} INFO - Setting next_dagrun for example_skip_dag to 2023-05-12T06:28:45.898372+00:00, run_after=2023-05-13T06:28:45.898372+00:00
[2023-05-13T06:28:45.907+0000] {processor.py:175} INFO - Processing /home/airflow/.local/lib/python3.7/site-packages/airflow/example_dags/example_skip_dag.py took 0.053 seconds
[2023-05-13T06:29:16.883+0000] {processor.py:153} INFO - Started process (PID=994) to work on /home/airflow/.local/lib/python3.7/site-packages/airflow/example_dags/example_skip_dag.py
[2023-05-13T06:29:16.884+0000] {processor.py:743} INFO - Processing file /home/airflow/.local/lib/python3.7/site-packages/airflow/example_dags/example_skip_dag.py for tasks to queue
[2023-05-13T06:29:16.885+0000] {logging_mixin.py:137} INFO - [2023-05-13T06:29:16.885+0000] {dagbag.py:538} INFO - Filling up the DagBag from /home/airflow/.local/lib/python3.7/site-packages/airflow/example_dags/example_skip_dag.py
[2023-05-13T06:29:16.895+0000] {processor.py:753} INFO - DAG(s) dict_keys(['example_skip_dag']) retrieved from /home/airflow/.local/lib/python3.7/site-packages/airflow/example_dags/example_skip_dag.py
[2023-05-13T06:29:16.914+0000] {logging_mixin.py:137} INFO - [2023-05-13T06:29:16.914+0000] {dag.py:2690} INFO - Sync 1 DAGs
[2023-05-13T06:29:16.928+0000] {logging_mixin.py:137} INFO - [2023-05-13T06:29:16.928+0000] {dag.py:3441} INFO - Setting next_dagrun for example_skip_dag to 2023-05-12T06:29:16.928680+00:00, run_after=2023-05-13T06:29:16.928680+00:00
[2023-05-13T06:29:16.938+0000] {processor.py:175} INFO - Processing /home/airflow/.local/lib/python3.7/site-packages/airflow/example_dags/example_skip_dag.py took 0.058 seconds
[2023-05-13T06:29:47.051+0000] {processor.py:153} INFO - Started process (PID=1057) to work on /home/airflow/.local/lib/python3.7/site-packages/airflow/example_dags/example_skip_dag.py
[2023-05-13T06:29:47.052+0000] {processor.py:743} INFO - Processing file /home/airflow/.local/lib/python3.7/site-packages/airflow/example_dags/example_skip_dag.py for tasks to queue
[2023-05-13T06:29:47.053+0000] {logging_mixin.py:137} INFO - [2023-05-13T06:29:47.053+0000] {dagbag.py:538} INFO - Filling up the DagBag from /home/airflow/.local/lib/python3.7/site-packages/airflow/example_dags/example_skip_dag.py
[2023-05-13T06:29:47.061+0000] {processor.py:753} INFO - DAG(s) dict_keys(['example_skip_dag']) retrieved from /home/airflow/.local/lib/python3.7/site-packages/airflow/example_dags/example_skip_dag.py
[2023-05-13T06:29:47.078+0000] {logging_mixin.py:137} INFO - [2023-05-13T06:29:47.078+0000] {dag.py:2690} INFO - Sync 1 DAGs
[2023-05-13T06:29:47.092+0000] {logging_mixin.py:137} INFO - [2023-05-13T06:29:47.092+0000] {dag.py:3441} INFO - Setting next_dagrun for example_skip_dag to 2023-05-12T06:29:47.092550+00:00, run_after=2023-05-13T06:29:47.092550+00:00
[2023-05-13T06:29:47.105+0000] {processor.py:175} INFO - Processing /home/airflow/.local/lib/python3.7/site-packages/airflow/example_dags/example_skip_dag.py took 0.056 seconds
[2023-05-13T06:30:17.288+0000] {processor.py:153} INFO - Started process (PID=1132) to work on /home/airflow/.local/lib/python3.7/site-packages/airflow/example_dags/example_skip_dag.py
[2023-05-13T06:30:17.289+0000] {processor.py:743} INFO - Processing file /home/airflow/.local/lib/python3.7/site-packages/airflow/example_dags/example_skip_dag.py for tasks to queue
[2023-05-13T06:30:17.290+0000] {logging_mixin.py:137} INFO - [2023-05-13T06:30:17.290+0000] {dagbag.py:538} INFO - Filling up the DagBag from /home/airflow/.local/lib/python3.7/site-packages/airflow/example_dags/example_skip_dag.py
[2023-05-13T06:30:17.298+0000] {processor.py:753} INFO - DAG(s) dict_keys(['example_skip_dag']) retrieved from /home/airflow/.local/lib/python3.7/site-packages/airflow/example_dags/example_skip_dag.py
[2023-05-13T06:30:17.314+0000] {logging_mixin.py:137} INFO - [2023-05-13T06:30:17.314+0000] {dag.py:2690} INFO - Sync 1 DAGs
[2023-05-13T06:30:17.328+0000] {logging_mixin.py:137} INFO - [2023-05-13T06:30:17.328+0000] {dag.py:3441} INFO - Setting next_dagrun for example_skip_dag to 2023-05-12T06:30:17.328226+00:00, run_after=2023-05-13T06:30:17.328226+00:00
[2023-05-13T06:30:17.337+0000] {processor.py:175} INFO - Processing /home/airflow/.local/lib/python3.7/site-packages/airflow/example_dags/example_skip_dag.py took 0.051 seconds
[2023-05-13T06:30:47.431+0000] {processor.py:153} INFO - Started process (PID=1206) to work on /home/airflow/.local/lib/python3.7/site-packages/airflow/example_dags/example_skip_dag.py
[2023-05-13T06:30:47.432+0000] {processor.py:743} INFO - Processing file /home/airflow/.local/lib/python3.7/site-packages/airflow/example_dags/example_skip_dag.py for tasks to queue
[2023-05-13T06:30:47.432+0000] {logging_mixin.py:137} INFO - [2023-05-13T06:30:47.432+0000] {dagbag.py:538} INFO - Filling up the DagBag from /home/airflow/.local/lib/python3.7/site-packages/airflow/example_dags/example_skip_dag.py
[2023-05-13T06:30:47.441+0000] {processor.py:753} INFO - DAG(s) dict_keys(['example_skip_dag']) retrieved from /home/airflow/.local/lib/python3.7/site-packages/airflow/example_dags/example_skip_dag.py
[2023-05-13T06:30:47.457+0000] {logging_mixin.py:137} INFO - [2023-05-13T06:30:47.457+0000] {dag.py:2690} INFO - Sync 1 DAGs
[2023-05-13T06:30:47.471+0000] {logging_mixin.py:137} INFO - [2023-05-13T06:30:47.470+0000] {dag.py:3441} INFO - Setting next_dagrun for example_skip_dag to 2023-05-12T06:30:47.470800+00:00, run_after=2023-05-13T06:30:47.470800+00:00
[2023-05-13T06:30:47.480+0000] {processor.py:175} INFO - Processing /home/airflow/.local/lib/python3.7/site-packages/airflow/example_dags/example_skip_dag.py took 0.051 seconds
[2023-05-13T06:31:18.463+0000] {processor.py:153} INFO - Started process (PID=1270) to work on /home/airflow/.local/lib/python3.7/site-packages/airflow/example_dags/example_skip_dag.py
[2023-05-13T06:31:18.464+0000] {processor.py:743} INFO - Processing file /home/airflow/.local/lib/python3.7/site-packages/airflow/example_dags/example_skip_dag.py for tasks to queue
[2023-05-13T06:31:18.465+0000] {logging_mixin.py:137} INFO - [2023-05-13T06:31:18.465+0000] {dagbag.py:538} INFO - Filling up the DagBag from /home/airflow/.local/lib/python3.7/site-packages/airflow/example_dags/example_skip_dag.py
[2023-05-13T06:31:18.473+0000] {processor.py:753} INFO - DAG(s) dict_keys(['example_skip_dag']) retrieved from /home/airflow/.local/lib/python3.7/site-packages/airflow/example_dags/example_skip_dag.py
[2023-05-13T06:31:18.490+0000] {logging_mixin.py:137} INFO - [2023-05-13T06:31:18.490+0000] {dag.py:2690} INFO - Sync 1 DAGs
[2023-05-13T06:31:18.504+0000] {logging_mixin.py:137} INFO - [2023-05-13T06:31:18.504+0000] {dag.py:3441} INFO - Setting next_dagrun for example_skip_dag to 2023-05-12T06:31:18.504542+00:00, run_after=2023-05-13T06:31:18.504542+00:00
[2023-05-13T06:31:18.515+0000] {processor.py:175} INFO - Processing /home/airflow/.local/lib/python3.7/site-packages/airflow/example_dags/example_skip_dag.py took 0.054 seconds
[2023-05-13T06:31:48.603+0000] {processor.py:153} INFO - Started process (PID=1344) to work on /home/airflow/.local/lib/python3.7/site-packages/airflow/example_dags/example_skip_dag.py
[2023-05-13T06:31:48.604+0000] {processor.py:743} INFO - Processing file /home/airflow/.local/lib/python3.7/site-packages/airflow/example_dags/example_skip_dag.py for tasks to queue
[2023-05-13T06:31:48.604+0000] {logging_mixin.py:137} INFO - [2023-05-13T06:31:48.604+0000] {dagbag.py:538} INFO - Filling up the DagBag from /home/airflow/.local/lib/python3.7/site-packages/airflow/example_dags/example_skip_dag.py
[2023-05-13T06:31:48.614+0000] {processor.py:753} INFO - DAG(s) dict_keys(['example_skip_dag']) retrieved from /home/airflow/.local/lib/python3.7/site-packages/airflow/example_dags/example_skip_dag.py
[2023-05-13T06:31:48.630+0000] {logging_mixin.py:137} INFO - [2023-05-13T06:31:48.630+0000] {dag.py:2690} INFO - Sync 1 DAGs
[2023-05-13T06:31:48.644+0000] {logging_mixin.py:137} INFO - [2023-05-13T06:31:48.644+0000] {dag.py:3441} INFO - Setting next_dagrun for example_skip_dag to 2023-05-12T06:31:48.643975+00:00, run_after=2023-05-13T06:31:48.643975+00:00
[2023-05-13T06:31:48.653+0000] {processor.py:175} INFO - Processing /home/airflow/.local/lib/python3.7/site-packages/airflow/example_dags/example_skip_dag.py took 0.053 seconds
[2023-05-13T06:32:18.740+0000] {processor.py:153} INFO - Started process (PID=1419) to work on /home/airflow/.local/lib/python3.7/site-packages/airflow/example_dags/example_skip_dag.py
[2023-05-13T06:32:18.741+0000] {processor.py:743} INFO - Processing file /home/airflow/.local/lib/python3.7/site-packages/airflow/example_dags/example_skip_dag.py for tasks to queue
[2023-05-13T06:32:18.741+0000] {logging_mixin.py:137} INFO - [2023-05-13T06:32:18.741+0000] {dagbag.py:538} INFO - Filling up the DagBag from /home/airflow/.local/lib/python3.7/site-packages/airflow/example_dags/example_skip_dag.py
[2023-05-13T06:32:18.750+0000] {processor.py:753} INFO - DAG(s) dict_keys(['example_skip_dag']) retrieved from /home/airflow/.local/lib/python3.7/site-packages/airflow/example_dags/example_skip_dag.py
[2023-05-13T06:32:18.768+0000] {logging_mixin.py:137} INFO - [2023-05-13T06:32:18.768+0000] {dag.py:2690} INFO - Sync 1 DAGs
[2023-05-13T06:32:18.787+0000] {logging_mixin.py:137} INFO - [2023-05-13T06:32:18.787+0000] {dag.py:3441} INFO - Setting next_dagrun for example_skip_dag to 2023-05-12T06:32:18.786917+00:00, run_after=2023-05-13T06:32:18.786917+00:00
[2023-05-13T06:32:18.801+0000] {processor.py:175} INFO - Processing /home/airflow/.local/lib/python3.7/site-packages/airflow/example_dags/example_skip_dag.py took 0.062 seconds
[2023-05-13T06:32:49.930+0000] {processor.py:153} INFO - Started process (PID=1495) to work on /home/airflow/.local/lib/python3.7/site-packages/airflow/example_dags/example_skip_dag.py
[2023-05-13T06:32:49.931+0000] {processor.py:743} INFO - Processing file /home/airflow/.local/lib/python3.7/site-packages/airflow/example_dags/example_skip_dag.py for tasks to queue
[2023-05-13T06:32:49.931+0000] {logging_mixin.py:137} INFO - [2023-05-13T06:32:49.931+0000] {dagbag.py:538} INFO - Filling up the DagBag from /home/airflow/.local/lib/python3.7/site-packages/airflow/example_dags/example_skip_dag.py
[2023-05-13T06:32:49.941+0000] {processor.py:753} INFO - DAG(s) dict_keys(['example_skip_dag']) retrieved from /home/airflow/.local/lib/python3.7/site-packages/airflow/example_dags/example_skip_dag.py
[2023-05-13T06:32:49.962+0000] {logging_mixin.py:137} INFO - [2023-05-13T06:32:49.962+0000] {dag.py:2690} INFO - Sync 1 DAGs
[2023-05-13T06:32:49.977+0000] {logging_mixin.py:137} INFO - [2023-05-13T06:32:49.976+0000] {dag.py:3441} INFO - Setting next_dagrun for example_skip_dag to 2023-05-12T06:32:49.976670+00:00, run_after=2023-05-13T06:32:49.976670+00:00
[2023-05-13T06:32:49.987+0000] {processor.py:175} INFO - Processing /home/airflow/.local/lib/python3.7/site-packages/airflow/example_dags/example_skip_dag.py took 0.060 seconds
[2023-05-13T06:33:20.213+0000] {processor.py:153} INFO - Started process (PID=1558) to work on /home/airflow/.local/lib/python3.7/site-packages/airflow/example_dags/example_skip_dag.py
[2023-05-13T06:33:20.213+0000] {processor.py:743} INFO - Processing file /home/airflow/.local/lib/python3.7/site-packages/airflow/example_dags/example_skip_dag.py for tasks to queue
[2023-05-13T06:33:20.214+0000] {logging_mixin.py:137} INFO - [2023-05-13T06:33:20.214+0000] {dagbag.py:538} INFO - Filling up the DagBag from /home/airflow/.local/lib/python3.7/site-packages/airflow/example_dags/example_skip_dag.py
[2023-05-13T06:33:20.222+0000] {processor.py:753} INFO - DAG(s) dict_keys(['example_skip_dag']) retrieved from /home/airflow/.local/lib/python3.7/site-packages/airflow/example_dags/example_skip_dag.py
[2023-05-13T06:33:20.239+0000] {logging_mixin.py:137} INFO - [2023-05-13T06:33:20.239+0000] {dag.py:2690} INFO - Sync 1 DAGs
[2023-05-13T06:33:20.253+0000] {logging_mixin.py:137} INFO - [2023-05-13T06:33:20.253+0000] {dag.py:3441} INFO - Setting next_dagrun for example_skip_dag to 2023-05-12T06:33:20.253132+00:00, run_after=2023-05-13T06:33:20.253132+00:00
[2023-05-13T06:33:20.262+0000] {processor.py:175} INFO - Processing /home/airflow/.local/lib/python3.7/site-packages/airflow/example_dags/example_skip_dag.py took 0.052 seconds
[2023-05-13T06:33:50.344+0000] {processor.py:153} INFO - Started process (PID=1632) to work on /home/airflow/.local/lib/python3.7/site-packages/airflow/example_dags/example_skip_dag.py
[2023-05-13T06:33:50.346+0000] {processor.py:743} INFO - Processing file /home/airflow/.local/lib/python3.7/site-packages/airflow/example_dags/example_skip_dag.py for tasks to queue
[2023-05-13T06:33:50.346+0000] {logging_mixin.py:137} INFO - [2023-05-13T06:33:50.346+0000] {dagbag.py:538} INFO - Filling up the DagBag from /home/airflow/.local/lib/python3.7/site-packages/airflow/example_dags/example_skip_dag.py
[2023-05-13T06:33:50.356+0000] {processor.py:753} INFO - DAG(s) dict_keys(['example_skip_dag']) retrieved from /home/airflow/.local/lib/python3.7/site-packages/airflow/example_dags/example_skip_dag.py
[2023-05-13T06:33:50.376+0000] {logging_mixin.py:137} INFO - [2023-05-13T06:33:50.376+0000] {dag.py:2690} INFO - Sync 1 DAGs
[2023-05-13T06:33:50.390+0000] {logging_mixin.py:137} INFO - [2023-05-13T06:33:50.390+0000] {dag.py:3441} INFO - Setting next_dagrun for example_skip_dag to 2023-05-12T06:33:50.389901+00:00, run_after=2023-05-13T06:33:50.389901+00:00
[2023-05-13T06:33:50.400+0000] {processor.py:175} INFO - Processing /home/airflow/.local/lib/python3.7/site-packages/airflow/example_dags/example_skip_dag.py took 0.059 seconds
[2023-05-13T06:34:20.532+0000] {processor.py:153} INFO - Started process (PID=1708) to work on /home/airflow/.local/lib/python3.7/site-packages/airflow/example_dags/example_skip_dag.py
[2023-05-13T06:34:20.533+0000] {processor.py:743} INFO - Processing file /home/airflow/.local/lib/python3.7/site-packages/airflow/example_dags/example_skip_dag.py for tasks to queue
[2023-05-13T06:34:20.534+0000] {logging_mixin.py:137} INFO - [2023-05-13T06:34:20.533+0000] {dagbag.py:538} INFO - Filling up the DagBag from /home/airflow/.local/lib/python3.7/site-packages/airflow/example_dags/example_skip_dag.py
[2023-05-13T06:34:20.542+0000] {processor.py:753} INFO - DAG(s) dict_keys(['example_skip_dag']) retrieved from /home/airflow/.local/lib/python3.7/site-packages/airflow/example_dags/example_skip_dag.py
[2023-05-13T06:34:20.559+0000] {logging_mixin.py:137} INFO - [2023-05-13T06:34:20.559+0000] {dag.py:2690} INFO - Sync 1 DAGs
[2023-05-13T06:34:20.573+0000] {logging_mixin.py:137} INFO - [2023-05-13T06:34:20.573+0000] {dag.py:3441} INFO - Setting next_dagrun for example_skip_dag to 2023-05-12T06:34:20.573151+00:00, run_after=2023-05-13T06:34:20.573151+00:00
[2023-05-13T06:34:20.582+0000] {processor.py:175} INFO - Processing /home/airflow/.local/lib/python3.7/site-packages/airflow/example_dags/example_skip_dag.py took 0.052 seconds
[2023-05-13T06:34:51.472+0000] {processor.py:153} INFO - Started process (PID=1771) to work on /home/airflow/.local/lib/python3.7/site-packages/airflow/example_dags/example_skip_dag.py
[2023-05-13T06:34:51.473+0000] {processor.py:743} INFO - Processing file /home/airflow/.local/lib/python3.7/site-packages/airflow/example_dags/example_skip_dag.py for tasks to queue
[2023-05-13T06:34:51.473+0000] {logging_mixin.py:137} INFO - [2023-05-13T06:34:51.473+0000] {dagbag.py:538} INFO - Filling up the DagBag from /home/airflow/.local/lib/python3.7/site-packages/airflow/example_dags/example_skip_dag.py
[2023-05-13T06:34:51.482+0000] {processor.py:753} INFO - DAG(s) dict_keys(['example_skip_dag']) retrieved from /home/airflow/.local/lib/python3.7/site-packages/airflow/example_dags/example_skip_dag.py
[2023-05-13T06:34:51.499+0000] {logging_mixin.py:137} INFO - [2023-05-13T06:34:51.499+0000] {dag.py:2690} INFO - Sync 1 DAGs
[2023-05-13T06:34:51.513+0000] {logging_mixin.py:137} INFO - [2023-05-13T06:34:51.513+0000] {dag.py:3441} INFO - Setting next_dagrun for example_skip_dag to 2023-05-12T06:34:51.513320+00:00, run_after=2023-05-13T06:34:51.513320+00:00
[2023-05-13T06:34:51.522+0000] {processor.py:175} INFO - Processing /home/airflow/.local/lib/python3.7/site-packages/airflow/example_dags/example_skip_dag.py took 0.053 seconds
[2023-05-13T06:35:22.514+0000] {processor.py:153} INFO - Started process (PID=1845) to work on /home/airflow/.local/lib/python3.7/site-packages/airflow/example_dags/example_skip_dag.py
[2023-05-13T06:35:22.515+0000] {processor.py:743} INFO - Processing file /home/airflow/.local/lib/python3.7/site-packages/airflow/example_dags/example_skip_dag.py for tasks to queue
[2023-05-13T06:35:22.515+0000] {logging_mixin.py:137} INFO - [2023-05-13T06:35:22.515+0000] {dagbag.py:538} INFO - Filling up the DagBag from /home/airflow/.local/lib/python3.7/site-packages/airflow/example_dags/example_skip_dag.py
[2023-05-13T06:35:22.523+0000] {processor.py:753} INFO - DAG(s) dict_keys(['example_skip_dag']) retrieved from /home/airflow/.local/lib/python3.7/site-packages/airflow/example_dags/example_skip_dag.py
[2023-05-13T06:35:22.539+0000] {logging_mixin.py:137} INFO - [2023-05-13T06:35:22.538+0000] {dag.py:2690} INFO - Sync 1 DAGs
[2023-05-13T06:35:22.552+0000] {logging_mixin.py:137} INFO - [2023-05-13T06:35:22.552+0000] {dag.py:3441} INFO - Setting next_dagrun for example_skip_dag to 2023-05-12T06:35:22.551933+00:00, run_after=2023-05-13T06:35:22.551933+00:00
[2023-05-13T06:35:22.561+0000] {processor.py:175} INFO - Processing /home/airflow/.local/lib/python3.7/site-packages/airflow/example_dags/example_skip_dag.py took 0.049 seconds
[2023-05-13T06:35:52.651+0000] {processor.py:153} INFO - Started process (PID=1920) to work on /home/airflow/.local/lib/python3.7/site-packages/airflow/example_dags/example_skip_dag.py
[2023-05-13T06:35:52.652+0000] {processor.py:743} INFO - Processing file /home/airflow/.local/lib/python3.7/site-packages/airflow/example_dags/example_skip_dag.py for tasks to queue
[2023-05-13T06:35:52.653+0000] {logging_mixin.py:137} INFO - [2023-05-13T06:35:52.653+0000] {dagbag.py:538} INFO - Filling up the DagBag from /home/airflow/.local/lib/python3.7/site-packages/airflow/example_dags/example_skip_dag.py
[2023-05-13T06:35:52.661+0000] {processor.py:753} INFO - DAG(s) dict_keys(['example_skip_dag']) retrieved from /home/airflow/.local/lib/python3.7/site-packages/airflow/example_dags/example_skip_dag.py
[2023-05-13T06:35:52.678+0000] {logging_mixin.py:137} INFO - [2023-05-13T06:35:52.677+0000] {dag.py:2690} INFO - Sync 1 DAGs
[2023-05-13T06:35:52.691+0000] {logging_mixin.py:137} INFO - [2023-05-13T06:35:52.691+0000] {dag.py:3441} INFO - Setting next_dagrun for example_skip_dag to 2023-05-12T06:35:52.691592+00:00, run_after=2023-05-13T06:35:52.691592+00:00
[2023-05-13T06:35:52.702+0000] {processor.py:175} INFO - Processing /home/airflow/.local/lib/python3.7/site-packages/airflow/example_dags/example_skip_dag.py took 0.053 seconds
[2023-05-13T06:36:23.685+0000] {processor.py:153} INFO - Started process (PID=1994) to work on /home/airflow/.local/lib/python3.7/site-packages/airflow/example_dags/example_skip_dag.py
[2023-05-13T06:36:23.687+0000] {processor.py:743} INFO - Processing file /home/airflow/.local/lib/python3.7/site-packages/airflow/example_dags/example_skip_dag.py for tasks to queue
[2023-05-13T06:36:23.688+0000] {logging_mixin.py:137} INFO - [2023-05-13T06:36:23.688+0000] {dagbag.py:538} INFO - Filling up the DagBag from /home/airflow/.local/lib/python3.7/site-packages/airflow/example_dags/example_skip_dag.py
[2023-05-13T06:36:23.697+0000] {processor.py:753} INFO - DAG(s) dict_keys(['example_skip_dag']) retrieved from /home/airflow/.local/lib/python3.7/site-packages/airflow/example_dags/example_skip_dag.py
[2023-05-13T06:36:23.713+0000] {logging_mixin.py:137} INFO - [2023-05-13T06:36:23.713+0000] {dag.py:2690} INFO - Sync 1 DAGs
[2023-05-13T06:36:23.732+0000] {logging_mixin.py:137} INFO - [2023-05-13T06:36:23.732+0000] {dag.py:3441} INFO - Setting next_dagrun for example_skip_dag to 2023-05-12T06:36:23.731929+00:00, run_after=2023-05-13T06:36:23.731929+00:00
[2023-05-13T06:36:23.749+0000] {processor.py:175} INFO - Processing /home/airflow/.local/lib/python3.7/site-packages/airflow/example_dags/example_skip_dag.py took 0.070 seconds
[2023-05-13T06:42:13.158+0000] {processor.py:153} INFO - Started process (PID=2727) to work on /home/airflow/.local/lib/python3.7/site-packages/airflow/example_dags/example_skip_dag.py
[2023-05-13T06:42:13.159+0000] {processor.py:743} INFO - Processing file /home/airflow/.local/lib/python3.7/site-packages/airflow/example_dags/example_skip_dag.py for tasks to queue
[2023-05-13T06:42:13.160+0000] {logging_mixin.py:137} INFO - [2023-05-13T06:42:13.160+0000] {dagbag.py:538} INFO - Filling up the DagBag from /home/airflow/.local/lib/python3.7/site-packages/airflow/example_dags/example_skip_dag.py
[2023-05-13T06:42:13.168+0000] {processor.py:753} INFO - DAG(s) dict_keys(['example_skip_dag']) retrieved from /home/airflow/.local/lib/python3.7/site-packages/airflow/example_dags/example_skip_dag.py
[2023-05-13T06:42:13.205+0000] {logging_mixin.py:137} INFO - [2023-05-13T06:42:13.205+0000] {dag.py:2690} INFO - Sync 1 DAGs
[2023-05-13T06:42:13.217+0000] {logging_mixin.py:137} INFO - [2023-05-13T06:42:13.217+0000] {dag.py:3441} INFO - Setting next_dagrun for example_skip_dag to 2023-05-12T06:42:13.217536+00:00, run_after=2023-05-13T06:42:13.217536+00:00
[2023-05-13T06:42:13.227+0000] {processor.py:175} INFO - Processing /home/airflow/.local/lib/python3.7/site-packages/airflow/example_dags/example_skip_dag.py took 0.071 seconds
