[2023-05-13T06:22:36.767+0000] {processor.py:153} INFO - Started process (PID=33) to work on /home/airflow/.local/lib/python3.7/site-packages/airflow/example_dags/example_short_circuit_decorator.py
[2023-05-13T06:22:36.768+0000] {processor.py:743} INFO - Processing file /home/airflow/.local/lib/python3.7/site-packages/airflow/example_dags/example_short_circuit_decorator.py for tasks to queue
[2023-05-13T06:22:36.769+0000] {logging_mixin.py:137} INFO - [2023-05-13T06:22:36.769+0000] {dagbag.py:538} INFO - Filling up the DagBag from /home/airflow/.local/lib/python3.7/site-packages/airflow/example_dags/example_short_circuit_decorator.py
[2023-05-13T06:22:36.808+0000] {processor.py:753} INFO - DAG(s) dict_keys(['example_short_circuit_decorator']) retrieved from /home/airflow/.local/lib/python3.7/site-packages/airflow/example_dags/example_short_circuit_decorator.py
[2023-05-13T06:22:36.841+0000] {logging_mixin.py:137} INFO - [2023-05-13T06:22:36.841+0000] {dag.py:2690} INFO - Sync 1 DAGs
[2023-05-13T06:22:36.860+0000] {logging_mixin.py:137} INFO - [2023-05-13T06:22:36.860+0000] {dag.py:3441} INFO - Setting next_dagrun for example_short_circuit_decorator to 2023-05-12T06:22:36.859848+00:00, run_after=2023-05-13T06:22:36.859848+00:00
[2023-05-13T06:22:36.872+0000] {processor.py:175} INFO - Processing /home/airflow/.local/lib/python3.7/site-packages/airflow/example_dags/example_short_circuit_decorator.py took 0.109 seconds
[2023-05-13T06:23:07.168+0000] {processor.py:153} INFO - Started process (PID=108) to work on /home/airflow/.local/lib/python3.7/site-packages/airflow/example_dags/example_short_circuit_decorator.py
[2023-05-13T06:23:07.171+0000] {processor.py:743} INFO - Processing file /home/airflow/.local/lib/python3.7/site-packages/airflow/example_dags/example_short_circuit_decorator.py for tasks to queue
[2023-05-13T06:23:07.172+0000] {logging_mixin.py:137} INFO - [2023-05-13T06:23:07.172+0000] {dagbag.py:538} INFO - Filling up the DagBag from /home/airflow/.local/lib/python3.7/site-packages/airflow/example_dags/example_short_circuit_decorator.py
[2023-05-13T06:23:07.194+0000] {processor.py:753} INFO - DAG(s) dict_keys(['example_short_circuit_decorator']) retrieved from /home/airflow/.local/lib/python3.7/site-packages/airflow/example_dags/example_short_circuit_decorator.py
[2023-05-13T06:23:07.213+0000] {logging_mixin.py:137} INFO - [2023-05-13T06:23:07.212+0000] {dag.py:2690} INFO - Sync 1 DAGs
[2023-05-13T06:23:07.226+0000] {logging_mixin.py:137} INFO - [2023-05-13T06:23:07.226+0000] {dag.py:3441} INFO - Setting next_dagrun for example_short_circuit_decorator to 2023-05-12T06:23:07.226248+00:00, run_after=2023-05-13T06:23:07.226248+00:00
[2023-05-13T06:23:07.237+0000] {processor.py:175} INFO - Processing /home/airflow/.local/lib/python3.7/site-packages/airflow/example_dags/example_short_circuit_decorator.py took 0.074 seconds
[2023-05-13T06:23:37.957+0000] {processor.py:153} INFO - Started process (PID=171) to work on /home/airflow/.local/lib/python3.7/site-packages/airflow/example_dags/example_short_circuit_decorator.py
[2023-05-13T06:23:37.958+0000] {processor.py:743} INFO - Processing file /home/airflow/.local/lib/python3.7/site-packages/airflow/example_dags/example_short_circuit_decorator.py for tasks to queue
[2023-05-13T06:23:37.960+0000] {logging_mixin.py:137} INFO - [2023-05-13T06:23:37.959+0000] {dagbag.py:538} INFO - Filling up the DagBag from /home/airflow/.local/lib/python3.7/site-packages/airflow/example_dags/example_short_circuit_decorator.py
[2023-05-13T06:23:37.975+0000] {processor.py:753} INFO - DAG(s) dict_keys(['example_short_circuit_decorator']) retrieved from /home/airflow/.local/lib/python3.7/site-packages/airflow/example_dags/example_short_circuit_decorator.py
[2023-05-13T06:23:37.992+0000] {logging_mixin.py:137} INFO - [2023-05-13T06:23:37.992+0000] {dag.py:2690} INFO - Sync 1 DAGs
[2023-05-13T06:23:38.005+0000] {logging_mixin.py:137} INFO - [2023-05-13T06:23:38.005+0000] {dag.py:3441} INFO - Setting next_dagrun for example_short_circuit_decorator to 2023-05-12T06:23:38.005663+00:00, run_after=2023-05-13T06:23:38.005663+00:00
[2023-05-13T06:23:38.042+0000] {processor.py:175} INFO - Processing /home/airflow/.local/lib/python3.7/site-packages/airflow/example_dags/example_short_circuit_decorator.py took 0.089 seconds
[2023-05-13T06:24:08.914+0000] {processor.py:153} INFO - Started process (PID=247) to work on /home/airflow/.local/lib/python3.7/site-packages/airflow/example_dags/example_short_circuit_decorator.py
[2023-05-13T06:24:08.921+0000] {processor.py:743} INFO - Processing file /home/airflow/.local/lib/python3.7/site-packages/airflow/example_dags/example_short_circuit_decorator.py for tasks to queue
[2023-05-13T06:24:08.922+0000] {logging_mixin.py:137} INFO - [2023-05-13T06:24:08.921+0000] {dagbag.py:538} INFO - Filling up the DagBag from /home/airflow/.local/lib/python3.7/site-packages/airflow/example_dags/example_short_circuit_decorator.py
[2023-05-13T06:24:08.942+0000] {processor.py:753} INFO - DAG(s) dict_keys(['example_short_circuit_decorator']) retrieved from /home/airflow/.local/lib/python3.7/site-packages/airflow/example_dags/example_short_circuit_decorator.py
[2023-05-13T06:24:08.961+0000] {logging_mixin.py:137} INFO - [2023-05-13T06:24:08.961+0000] {dag.py:2690} INFO - Sync 1 DAGs
[2023-05-13T06:24:08.975+0000] {logging_mixin.py:137} INFO - [2023-05-13T06:24:08.975+0000] {dag.py:3441} INFO - Setting next_dagrun for example_short_circuit_decorator to 2023-05-12T06:24:08.974920+00:00, run_after=2023-05-13T06:24:08.974920+00:00
[2023-05-13T06:24:08.985+0000] {processor.py:175} INFO - Processing /home/airflow/.local/lib/python3.7/site-packages/airflow/example_dags/example_short_circuit_decorator.py took 0.075 seconds
[2023-05-13T06:24:39.780+0000] {processor.py:153} INFO - Started process (PID=322) to work on /home/airflow/.local/lib/python3.7/site-packages/airflow/example_dags/example_short_circuit_decorator.py
[2023-05-13T06:24:39.782+0000] {processor.py:743} INFO - Processing file /home/airflow/.local/lib/python3.7/site-packages/airflow/example_dags/example_short_circuit_decorator.py for tasks to queue
[2023-05-13T06:24:39.783+0000] {logging_mixin.py:137} INFO - [2023-05-13T06:24:39.783+0000] {dagbag.py:538} INFO - Filling up the DagBag from /home/airflow/.local/lib/python3.7/site-packages/airflow/example_dags/example_short_circuit_decorator.py
[2023-05-13T06:24:39.805+0000] {processor.py:753} INFO - DAG(s) dict_keys(['example_short_circuit_decorator']) retrieved from /home/airflow/.local/lib/python3.7/site-packages/airflow/example_dags/example_short_circuit_decorator.py
[2023-05-13T06:24:39.824+0000] {logging_mixin.py:137} INFO - [2023-05-13T06:24:39.824+0000] {dag.py:2690} INFO - Sync 1 DAGs
[2023-05-13T06:24:39.838+0000] {logging_mixin.py:137} INFO - [2023-05-13T06:24:39.838+0000] {dag.py:3441} INFO - Setting next_dagrun for example_short_circuit_decorator to 2023-05-12T06:24:39.838344+00:00, run_after=2023-05-13T06:24:39.838344+00:00
[2023-05-13T06:24:39.849+0000] {processor.py:175} INFO - Processing /home/airflow/.local/lib/python3.7/site-packages/airflow/example_dags/example_short_circuit_decorator.py took 0.074 seconds
[2023-05-13T06:25:10.530+0000] {processor.py:153} INFO - Started process (PID=396) to work on /home/airflow/.local/lib/python3.7/site-packages/airflow/example_dags/example_short_circuit_decorator.py
[2023-05-13T06:25:10.533+0000] {processor.py:743} INFO - Processing file /home/airflow/.local/lib/python3.7/site-packages/airflow/example_dags/example_short_circuit_decorator.py for tasks to queue
[2023-05-13T06:25:10.534+0000] {logging_mixin.py:137} INFO - [2023-05-13T06:25:10.534+0000] {dagbag.py:538} INFO - Filling up the DagBag from /home/airflow/.local/lib/python3.7/site-packages/airflow/example_dags/example_short_circuit_decorator.py
[2023-05-13T06:25:10.558+0000] {processor.py:753} INFO - DAG(s) dict_keys(['example_short_circuit_decorator']) retrieved from /home/airflow/.local/lib/python3.7/site-packages/airflow/example_dags/example_short_circuit_decorator.py
[2023-05-13T06:25:10.577+0000] {logging_mixin.py:137} INFO - [2023-05-13T06:25:10.577+0000] {dag.py:2690} INFO - Sync 1 DAGs
[2023-05-13T06:25:10.592+0000] {logging_mixin.py:137} INFO - [2023-05-13T06:25:10.592+0000] {dag.py:3441} INFO - Setting next_dagrun for example_short_circuit_decorator to 2023-05-12T06:25:10.592114+00:00, run_after=2023-05-13T06:25:10.592114+00:00
[2023-05-13T06:25:10.602+0000] {processor.py:175} INFO - Processing /home/airflow/.local/lib/python3.7/site-packages/airflow/example_dags/example_short_circuit_decorator.py took 0.078 seconds
[2023-05-13T06:25:41.323+0000] {processor.py:153} INFO - Started process (PID=459) to work on /home/airflow/.local/lib/python3.7/site-packages/airflow/example_dags/example_short_circuit_decorator.py
[2023-05-13T06:25:41.324+0000] {processor.py:743} INFO - Processing file /home/airflow/.local/lib/python3.7/site-packages/airflow/example_dags/example_short_circuit_decorator.py for tasks to queue
[2023-05-13T06:25:41.326+0000] {logging_mixin.py:137} INFO - [2023-05-13T06:25:41.326+0000] {dagbag.py:538} INFO - Filling up the DagBag from /home/airflow/.local/lib/python3.7/site-packages/airflow/example_dags/example_short_circuit_decorator.py
[2023-05-13T06:25:41.350+0000] {processor.py:753} INFO - DAG(s) dict_keys(['example_short_circuit_decorator']) retrieved from /home/airflow/.local/lib/python3.7/site-packages/airflow/example_dags/example_short_circuit_decorator.py
[2023-05-13T06:25:41.369+0000] {logging_mixin.py:137} INFO - [2023-05-13T06:25:41.369+0000] {dag.py:2690} INFO - Sync 1 DAGs
[2023-05-13T06:25:41.383+0000] {logging_mixin.py:137} INFO - [2023-05-13T06:25:41.382+0000] {dag.py:3441} INFO - Setting next_dagrun for example_short_circuit_decorator to 2023-05-12T06:25:41.382795+00:00, run_after=2023-05-13T06:25:41.382795+00:00
[2023-05-13T06:25:41.394+0000] {processor.py:175} INFO - Processing /home/airflow/.local/lib/python3.7/site-packages/airflow/example_dags/example_short_circuit_decorator.py took 0.078 seconds
[2023-05-13T06:26:11.489+0000] {processor.py:153} INFO - Started process (PID=534) to work on /home/airflow/.local/lib/python3.7/site-packages/airflow/example_dags/example_short_circuit_decorator.py
[2023-05-13T06:26:11.491+0000] {processor.py:743} INFO - Processing file /home/airflow/.local/lib/python3.7/site-packages/airflow/example_dags/example_short_circuit_decorator.py for tasks to queue
[2023-05-13T06:26:11.492+0000] {logging_mixin.py:137} INFO - [2023-05-13T06:26:11.492+0000] {dagbag.py:538} INFO - Filling up the DagBag from /home/airflow/.local/lib/python3.7/site-packages/airflow/example_dags/example_short_circuit_decorator.py
[2023-05-13T06:26:11.514+0000] {processor.py:753} INFO - DAG(s) dict_keys(['example_short_circuit_decorator']) retrieved from /home/airflow/.local/lib/python3.7/site-packages/airflow/example_dags/example_short_circuit_decorator.py
[2023-05-13T06:26:11.532+0000] {logging_mixin.py:137} INFO - [2023-05-13T06:26:11.532+0000] {dag.py:2690} INFO - Sync 1 DAGs
[2023-05-13T06:26:11.546+0000] {logging_mixin.py:137} INFO - [2023-05-13T06:26:11.546+0000] {dag.py:3441} INFO - Setting next_dagrun for example_short_circuit_decorator to 2023-05-12T06:26:11.546370+00:00, run_after=2023-05-13T06:26:11.546370+00:00
[2023-05-13T06:26:11.556+0000] {processor.py:175} INFO - Processing /home/airflow/.local/lib/python3.7/site-packages/airflow/example_dags/example_short_circuit_decorator.py took 0.073 seconds
[2023-05-13T06:26:42.453+0000] {processor.py:153} INFO - Started process (PID=609) to work on /home/airflow/.local/lib/python3.7/site-packages/airflow/example_dags/example_short_circuit_decorator.py
[2023-05-13T06:26:42.456+0000] {processor.py:743} INFO - Processing file /home/airflow/.local/lib/python3.7/site-packages/airflow/example_dags/example_short_circuit_decorator.py for tasks to queue
[2023-05-13T06:26:42.458+0000] {logging_mixin.py:137} INFO - [2023-05-13T06:26:42.457+0000] {dagbag.py:538} INFO - Filling up the DagBag from /home/airflow/.local/lib/python3.7/site-packages/airflow/example_dags/example_short_circuit_decorator.py
[2023-05-13T06:26:42.483+0000] {processor.py:753} INFO - DAG(s) dict_keys(['example_short_circuit_decorator']) retrieved from /home/airflow/.local/lib/python3.7/site-packages/airflow/example_dags/example_short_circuit_decorator.py
[2023-05-13T06:26:42.505+0000] {logging_mixin.py:137} INFO - [2023-05-13T06:26:42.504+0000] {dag.py:2690} INFO - Sync 1 DAGs
[2023-05-13T06:26:42.519+0000] {logging_mixin.py:137} INFO - [2023-05-13T06:26:42.519+0000] {dag.py:3441} INFO - Setting next_dagrun for example_short_circuit_decorator to 2023-05-12T06:26:42.519100+00:00, run_after=2023-05-13T06:26:42.519100+00:00
[2023-05-13T06:26:42.530+0000] {processor.py:175} INFO - Processing /home/airflow/.local/lib/python3.7/site-packages/airflow/example_dags/example_short_circuit_decorator.py took 0.083 seconds
[2023-05-13T06:27:13.365+0000] {processor.py:153} INFO - Started process (PID=684) to work on /home/airflow/.local/lib/python3.7/site-packages/airflow/example_dags/example_short_circuit_decorator.py
[2023-05-13T06:27:13.371+0000] {processor.py:743} INFO - Processing file /home/airflow/.local/lib/python3.7/site-packages/airflow/example_dags/example_short_circuit_decorator.py for tasks to queue
[2023-05-13T06:27:13.372+0000] {logging_mixin.py:137} INFO - [2023-05-13T06:27:13.371+0000] {dagbag.py:538} INFO - Filling up the DagBag from /home/airflow/.local/lib/python3.7/site-packages/airflow/example_dags/example_short_circuit_decorator.py
[2023-05-13T06:27:13.387+0000] {processor.py:753} INFO - DAG(s) dict_keys(['example_short_circuit_decorator']) retrieved from /home/airflow/.local/lib/python3.7/site-packages/airflow/example_dags/example_short_circuit_decorator.py
[2023-05-13T06:27:13.410+0000] {logging_mixin.py:137} INFO - [2023-05-13T06:27:13.410+0000] {dag.py:2690} INFO - Sync 1 DAGs
[2023-05-13T06:27:13.431+0000] {logging_mixin.py:137} INFO - [2023-05-13T06:27:13.431+0000] {dag.py:3441} INFO - Setting next_dagrun for example_short_circuit_decorator to 2023-05-12T06:27:13.430949+00:00, run_after=2023-05-13T06:27:13.430949+00:00
[2023-05-13T06:27:13.444+0000] {processor.py:175} INFO - Processing /home/airflow/.local/lib/python3.7/site-packages/airflow/example_dags/example_short_circuit_decorator.py took 0.081 seconds
[2023-05-13T06:27:43.596+0000] {processor.py:153} INFO - Started process (PID=748) to work on /home/airflow/.local/lib/python3.7/site-packages/airflow/example_dags/example_short_circuit_decorator.py
[2023-05-13T06:27:43.600+0000] {processor.py:743} INFO - Processing file /home/airflow/.local/lib/python3.7/site-packages/airflow/example_dags/example_short_circuit_decorator.py for tasks to queue
[2023-05-13T06:27:43.602+0000] {logging_mixin.py:137} INFO - [2023-05-13T06:27:43.601+0000] {dagbag.py:538} INFO - Filling up the DagBag from /home/airflow/.local/lib/python3.7/site-packages/airflow/example_dags/example_short_circuit_decorator.py
[2023-05-13T06:27:43.625+0000] {processor.py:753} INFO - DAG(s) dict_keys(['example_short_circuit_decorator']) retrieved from /home/airflow/.local/lib/python3.7/site-packages/airflow/example_dags/example_short_circuit_decorator.py
[2023-05-13T06:27:43.643+0000] {logging_mixin.py:137} INFO - [2023-05-13T06:27:43.643+0000] {dag.py:2690} INFO - Sync 1 DAGs
[2023-05-13T06:27:43.657+0000] {logging_mixin.py:137} INFO - [2023-05-13T06:27:43.657+0000] {dag.py:3441} INFO - Setting next_dagrun for example_short_circuit_decorator to 2023-05-12T06:27:43.657357+00:00, run_after=2023-05-13T06:27:43.657357+00:00
[2023-05-13T06:27:43.667+0000] {processor.py:175} INFO - Processing /home/airflow/.local/lib/python3.7/site-packages/airflow/example_dags/example_short_circuit_decorator.py took 0.076 seconds
[2023-05-13T06:28:13.769+0000] {processor.py:153} INFO - Started process (PID=823) to work on /home/airflow/.local/lib/python3.7/site-packages/airflow/example_dags/example_short_circuit_decorator.py
[2023-05-13T06:28:13.770+0000] {processor.py:743} INFO - Processing file /home/airflow/.local/lib/python3.7/site-packages/airflow/example_dags/example_short_circuit_decorator.py for tasks to queue
[2023-05-13T06:28:13.772+0000] {logging_mixin.py:137} INFO - [2023-05-13T06:28:13.772+0000] {dagbag.py:538} INFO - Filling up the DagBag from /home/airflow/.local/lib/python3.7/site-packages/airflow/example_dags/example_short_circuit_decorator.py
[2023-05-13T06:28:13.795+0000] {processor.py:753} INFO - DAG(s) dict_keys(['example_short_circuit_decorator']) retrieved from /home/airflow/.local/lib/python3.7/site-packages/airflow/example_dags/example_short_circuit_decorator.py
[2023-05-13T06:28:13.813+0000] {logging_mixin.py:137} INFO - [2023-05-13T06:28:13.813+0000] {dag.py:2690} INFO - Sync 1 DAGs
[2023-05-13T06:28:13.828+0000] {logging_mixin.py:137} INFO - [2023-05-13T06:28:13.828+0000] {dag.py:3441} INFO - Setting next_dagrun for example_short_circuit_decorator to 2023-05-12T06:28:13.828119+00:00, run_after=2023-05-13T06:28:13.828119+00:00
[2023-05-13T06:28:13.838+0000] {processor.py:175} INFO - Processing /home/airflow/.local/lib/python3.7/site-packages/airflow/example_dags/example_short_circuit_decorator.py took 0.074 seconds
[2023-05-13T06:28:43.910+0000] {processor.py:153} INFO - Started process (PID=898) to work on /home/airflow/.local/lib/python3.7/site-packages/airflow/example_dags/example_short_circuit_decorator.py
[2023-05-13T06:28:43.912+0000] {processor.py:743} INFO - Processing file /home/airflow/.local/lib/python3.7/site-packages/airflow/example_dags/example_short_circuit_decorator.py for tasks to queue
[2023-05-13T06:28:43.913+0000] {logging_mixin.py:137} INFO - [2023-05-13T06:28:43.913+0000] {dagbag.py:538} INFO - Filling up the DagBag from /home/airflow/.local/lib/python3.7/site-packages/airflow/example_dags/example_short_circuit_decorator.py
[2023-05-13T06:28:43.936+0000] {processor.py:753} INFO - DAG(s) dict_keys(['example_short_circuit_decorator']) retrieved from /home/airflow/.local/lib/python3.7/site-packages/airflow/example_dags/example_short_circuit_decorator.py
[2023-05-13T06:28:43.954+0000] {logging_mixin.py:137} INFO - [2023-05-13T06:28:43.954+0000] {dag.py:2690} INFO - Sync 1 DAGs
[2023-05-13T06:28:43.968+0000] {logging_mixin.py:137} INFO - [2023-05-13T06:28:43.968+0000] {dag.py:3441} INFO - Setting next_dagrun for example_short_circuit_decorator to 2023-05-12T06:28:43.968639+00:00, run_after=2023-05-13T06:28:43.968639+00:00
[2023-05-13T06:28:43.978+0000] {processor.py:175} INFO - Processing /home/airflow/.local/lib/python3.7/site-packages/airflow/example_dags/example_short_circuit_decorator.py took 0.074 seconds
[2023-05-13T06:29:14.896+0000] {processor.py:153} INFO - Started process (PID=961) to work on /home/airflow/.local/lib/python3.7/site-packages/airflow/example_dags/example_short_circuit_decorator.py
[2023-05-13T06:29:14.897+0000] {processor.py:743} INFO - Processing file /home/airflow/.local/lib/python3.7/site-packages/airflow/example_dags/example_short_circuit_decorator.py for tasks to queue
[2023-05-13T06:29:14.898+0000] {logging_mixin.py:137} INFO - [2023-05-13T06:29:14.898+0000] {dagbag.py:538} INFO - Filling up the DagBag from /home/airflow/.local/lib/python3.7/site-packages/airflow/example_dags/example_short_circuit_decorator.py
[2023-05-13T06:29:14.912+0000] {processor.py:753} INFO - DAG(s) dict_keys(['example_short_circuit_decorator']) retrieved from /home/airflow/.local/lib/python3.7/site-packages/airflow/example_dags/example_short_circuit_decorator.py
[2023-05-13T06:29:14.927+0000] {logging_mixin.py:137} INFO - [2023-05-13T06:29:14.927+0000] {dag.py:2690} INFO - Sync 1 DAGs
[2023-05-13T06:29:14.940+0000] {logging_mixin.py:137} INFO - [2023-05-13T06:29:14.940+0000] {dag.py:3441} INFO - Setting next_dagrun for example_short_circuit_decorator to 2023-05-12T06:29:14.940460+00:00, run_after=2023-05-13T06:29:14.940460+00:00
[2023-05-13T06:29:14.950+0000] {processor.py:175} INFO - Processing /home/airflow/.local/lib/python3.7/site-packages/airflow/example_dags/example_short_circuit_decorator.py took 0.057 seconds
[2023-05-13T06:29:45.083+0000] {processor.py:153} INFO - Started process (PID=1036) to work on /home/airflow/.local/lib/python3.7/site-packages/airflow/example_dags/example_short_circuit_decorator.py
[2023-05-13T06:29:45.086+0000] {processor.py:743} INFO - Processing file /home/airflow/.local/lib/python3.7/site-packages/airflow/example_dags/example_short_circuit_decorator.py for tasks to queue
[2023-05-13T06:29:45.087+0000] {logging_mixin.py:137} INFO - [2023-05-13T06:29:45.087+0000] {dagbag.py:538} INFO - Filling up the DagBag from /home/airflow/.local/lib/python3.7/site-packages/airflow/example_dags/example_short_circuit_decorator.py
[2023-05-13T06:29:45.110+0000] {processor.py:753} INFO - DAG(s) dict_keys(['example_short_circuit_decorator']) retrieved from /home/airflow/.local/lib/python3.7/site-packages/airflow/example_dags/example_short_circuit_decorator.py
[2023-05-13T06:29:45.129+0000] {logging_mixin.py:137} INFO - [2023-05-13T06:29:45.129+0000] {dag.py:2690} INFO - Sync 1 DAGs
[2023-05-13T06:29:45.143+0000] {logging_mixin.py:137} INFO - [2023-05-13T06:29:45.143+0000] {dag.py:3441} INFO - Setting next_dagrun for example_short_circuit_decorator to 2023-05-12T06:29:45.143434+00:00, run_after=2023-05-13T06:29:45.143434+00:00
[2023-05-13T06:29:45.154+0000] {processor.py:175} INFO - Processing /home/airflow/.local/lib/python3.7/site-packages/airflow/example_dags/example_short_circuit_decorator.py took 0.077 seconds
[2023-05-13T06:30:15.309+0000] {processor.py:153} INFO - Started process (PID=1111) to work on /home/airflow/.local/lib/python3.7/site-packages/airflow/example_dags/example_short_circuit_decorator.py
[2023-05-13T06:30:15.310+0000] {processor.py:743} INFO - Processing file /home/airflow/.local/lib/python3.7/site-packages/airflow/example_dags/example_short_circuit_decorator.py for tasks to queue
[2023-05-13T06:30:15.312+0000] {logging_mixin.py:137} INFO - [2023-05-13T06:30:15.311+0000] {dagbag.py:538} INFO - Filling up the DagBag from /home/airflow/.local/lib/python3.7/site-packages/airflow/example_dags/example_short_circuit_decorator.py
[2023-05-13T06:30:15.333+0000] {processor.py:753} INFO - DAG(s) dict_keys(['example_short_circuit_decorator']) retrieved from /home/airflow/.local/lib/python3.7/site-packages/airflow/example_dags/example_short_circuit_decorator.py
[2023-05-13T06:30:15.352+0000] {logging_mixin.py:137} INFO - [2023-05-13T06:30:15.351+0000] {dag.py:2690} INFO - Sync 1 DAGs
[2023-05-13T06:30:15.366+0000] {logging_mixin.py:137} INFO - [2023-05-13T06:30:15.366+0000] {dag.py:3441} INFO - Setting next_dagrun for example_short_circuit_decorator to 2023-05-12T06:30:15.365975+00:00, run_after=2023-05-13T06:30:15.365975+00:00
[2023-05-13T06:30:15.377+0000] {processor.py:175} INFO - Processing /home/airflow/.local/lib/python3.7/site-packages/airflow/example_dags/example_short_circuit_decorator.py took 0.074 seconds
[2023-05-13T06:30:45.421+0000] {processor.py:153} INFO - Started process (PID=1173) to work on /home/airflow/.local/lib/python3.7/site-packages/airflow/example_dags/example_short_circuit_decorator.py
[2023-05-13T06:30:45.423+0000] {processor.py:743} INFO - Processing file /home/airflow/.local/lib/python3.7/site-packages/airflow/example_dags/example_short_circuit_decorator.py for tasks to queue
[2023-05-13T06:30:45.425+0000] {logging_mixin.py:137} INFO - [2023-05-13T06:30:45.424+0000] {dagbag.py:538} INFO - Filling up the DagBag from /home/airflow/.local/lib/python3.7/site-packages/airflow/example_dags/example_short_circuit_decorator.py
[2023-05-13T06:30:45.448+0000] {processor.py:753} INFO - DAG(s) dict_keys(['example_short_circuit_decorator']) retrieved from /home/airflow/.local/lib/python3.7/site-packages/airflow/example_dags/example_short_circuit_decorator.py
[2023-05-13T06:30:45.467+0000] {logging_mixin.py:137} INFO - [2023-05-13T06:30:45.467+0000] {dag.py:2690} INFO - Sync 1 DAGs
[2023-05-13T06:30:45.480+0000] {logging_mixin.py:137} INFO - [2023-05-13T06:30:45.480+0000] {dag.py:3441} INFO - Setting next_dagrun for example_short_circuit_decorator to 2023-05-12T06:30:45.480281+00:00, run_after=2023-05-13T06:30:45.480281+00:00
[2023-05-13T06:30:45.490+0000] {processor.py:175} INFO - Processing /home/airflow/.local/lib/python3.7/site-packages/airflow/example_dags/example_short_circuit_decorator.py took 0.075 seconds
[2023-05-13T06:31:16.465+0000] {processor.py:153} INFO - Started process (PID=1249) to work on /home/airflow/.local/lib/python3.7/site-packages/airflow/example_dags/example_short_circuit_decorator.py
[2023-05-13T06:31:16.467+0000] {processor.py:743} INFO - Processing file /home/airflow/.local/lib/python3.7/site-packages/airflow/example_dags/example_short_circuit_decorator.py for tasks to queue
[2023-05-13T06:31:16.468+0000] {logging_mixin.py:137} INFO - [2023-05-13T06:31:16.468+0000] {dagbag.py:538} INFO - Filling up the DagBag from /home/airflow/.local/lib/python3.7/site-packages/airflow/example_dags/example_short_circuit_decorator.py
[2023-05-13T06:31:16.491+0000] {processor.py:753} INFO - DAG(s) dict_keys(['example_short_circuit_decorator']) retrieved from /home/airflow/.local/lib/python3.7/site-packages/airflow/example_dags/example_short_circuit_decorator.py
[2023-05-13T06:31:16.509+0000] {logging_mixin.py:137} INFO - [2023-05-13T06:31:16.509+0000] {dag.py:2690} INFO - Sync 1 DAGs
[2023-05-13T06:31:16.523+0000] {logging_mixin.py:137} INFO - [2023-05-13T06:31:16.523+0000] {dag.py:3441} INFO - Setting next_dagrun for example_short_circuit_decorator to 2023-05-12T06:31:16.523608+00:00, run_after=2023-05-13T06:31:16.523608+00:00
[2023-05-13T06:31:16.533+0000] {processor.py:175} INFO - Processing /home/airflow/.local/lib/python3.7/site-packages/airflow/example_dags/example_short_circuit_decorator.py took 0.073 seconds
[2023-05-13T06:31:46.572+0000] {processor.py:153} INFO - Started process (PID=1323) to work on /home/airflow/.local/lib/python3.7/site-packages/airflow/example_dags/example_short_circuit_decorator.py
[2023-05-13T06:31:46.573+0000] {processor.py:743} INFO - Processing file /home/airflow/.local/lib/python3.7/site-packages/airflow/example_dags/example_short_circuit_decorator.py for tasks to queue
[2023-05-13T06:31:46.575+0000] {logging_mixin.py:137} INFO - [2023-05-13T06:31:46.574+0000] {dagbag.py:538} INFO - Filling up the DagBag from /home/airflow/.local/lib/python3.7/site-packages/airflow/example_dags/example_short_circuit_decorator.py
[2023-05-13T06:31:46.597+0000] {processor.py:753} INFO - DAG(s) dict_keys(['example_short_circuit_decorator']) retrieved from /home/airflow/.local/lib/python3.7/site-packages/airflow/example_dags/example_short_circuit_decorator.py
[2023-05-13T06:31:46.616+0000] {logging_mixin.py:137} INFO - [2023-05-13T06:31:46.615+0000] {dag.py:2690} INFO - Sync 1 DAGs
[2023-05-13T06:31:46.628+0000] {logging_mixin.py:137} INFO - [2023-05-13T06:31:46.628+0000] {dag.py:3441} INFO - Setting next_dagrun for example_short_circuit_decorator to 2023-05-12T06:31:46.628479+00:00, run_after=2023-05-13T06:31:46.628479+00:00
[2023-05-13T06:31:46.639+0000] {processor.py:175} INFO - Processing /home/airflow/.local/lib/python3.7/site-packages/airflow/example_dags/example_short_circuit_decorator.py took 0.073 seconds
[2023-05-13T06:32:16.703+0000] {processor.py:153} INFO - Started process (PID=1398) to work on /home/airflow/.local/lib/python3.7/site-packages/airflow/example_dags/example_short_circuit_decorator.py
[2023-05-13T06:32:16.704+0000] {processor.py:743} INFO - Processing file /home/airflow/.local/lib/python3.7/site-packages/airflow/example_dags/example_short_circuit_decorator.py for tasks to queue
[2023-05-13T06:32:16.705+0000] {logging_mixin.py:137} INFO - [2023-05-13T06:32:16.705+0000] {dagbag.py:538} INFO - Filling up the DagBag from /home/airflow/.local/lib/python3.7/site-packages/airflow/example_dags/example_short_circuit_decorator.py
[2023-05-13T06:32:16.717+0000] {processor.py:753} INFO - DAG(s) dict_keys(['example_short_circuit_decorator']) retrieved from /home/airflow/.local/lib/python3.7/site-packages/airflow/example_dags/example_short_circuit_decorator.py
[2023-05-13T06:32:16.733+0000] {logging_mixin.py:137} INFO - [2023-05-13T06:32:16.733+0000] {dag.py:2690} INFO - Sync 1 DAGs
[2023-05-13T06:32:16.746+0000] {logging_mixin.py:137} INFO - [2023-05-13T06:32:16.746+0000] {dag.py:3441} INFO - Setting next_dagrun for example_short_circuit_decorator to 2023-05-12T06:32:16.746784+00:00, run_after=2023-05-13T06:32:16.746784+00:00
[2023-05-13T06:32:16.756+0000] {processor.py:175} INFO - Processing /home/airflow/.local/lib/python3.7/site-packages/airflow/example_dags/example_short_circuit_decorator.py took 0.055 seconds
[2023-05-13T06:32:47.777+0000] {processor.py:153} INFO - Started process (PID=1461) to work on /home/airflow/.local/lib/python3.7/site-packages/airflow/example_dags/example_short_circuit_decorator.py
[2023-05-13T06:32:47.779+0000] {processor.py:743} INFO - Processing file /home/airflow/.local/lib/python3.7/site-packages/airflow/example_dags/example_short_circuit_decorator.py for tasks to queue
[2023-05-13T06:32:47.780+0000] {logging_mixin.py:137} INFO - [2023-05-13T06:32:47.780+0000] {dagbag.py:538} INFO - Filling up the DagBag from /home/airflow/.local/lib/python3.7/site-packages/airflow/example_dags/example_short_circuit_decorator.py
[2023-05-13T06:32:47.802+0000] {processor.py:753} INFO - DAG(s) dict_keys(['example_short_circuit_decorator']) retrieved from /home/airflow/.local/lib/python3.7/site-packages/airflow/example_dags/example_short_circuit_decorator.py
[2023-05-13T06:32:47.821+0000] {logging_mixin.py:137} INFO - [2023-05-13T06:32:47.821+0000] {dag.py:2690} INFO - Sync 1 DAGs
[2023-05-13T06:32:47.835+0000] {logging_mixin.py:137} INFO - [2023-05-13T06:32:47.835+0000] {dag.py:3441} INFO - Setting next_dagrun for example_short_circuit_decorator to 2023-05-12T06:32:47.835402+00:00, run_after=2023-05-13T06:32:47.835402+00:00
[2023-05-13T06:32:47.845+0000] {processor.py:175} INFO - Processing /home/airflow/.local/lib/python3.7/site-packages/airflow/example_dags/example_short_circuit_decorator.py took 0.073 seconds
[2023-05-13T06:33:18.226+0000] {processor.py:153} INFO - Started process (PID=1537) to work on /home/airflow/.local/lib/python3.7/site-packages/airflow/example_dags/example_short_circuit_decorator.py
[2023-05-13T06:33:18.228+0000] {processor.py:743} INFO - Processing file /home/airflow/.local/lib/python3.7/site-packages/airflow/example_dags/example_short_circuit_decorator.py for tasks to queue
[2023-05-13T06:33:18.229+0000] {logging_mixin.py:137} INFO - [2023-05-13T06:33:18.229+0000] {dagbag.py:538} INFO - Filling up the DagBag from /home/airflow/.local/lib/python3.7/site-packages/airflow/example_dags/example_short_circuit_decorator.py
[2023-05-13T06:33:18.252+0000] {processor.py:753} INFO - DAG(s) dict_keys(['example_short_circuit_decorator']) retrieved from /home/airflow/.local/lib/python3.7/site-packages/airflow/example_dags/example_short_circuit_decorator.py
[2023-05-13T06:33:18.270+0000] {logging_mixin.py:137} INFO - [2023-05-13T06:33:18.270+0000] {dag.py:2690} INFO - Sync 1 DAGs
[2023-05-13T06:33:18.284+0000] {logging_mixin.py:137} INFO - [2023-05-13T06:33:18.284+0000] {dag.py:3441} INFO - Setting next_dagrun for example_short_circuit_decorator to 2023-05-12T06:33:18.284056+00:00, run_after=2023-05-13T06:33:18.284056+00:00
[2023-05-13T06:33:18.293+0000] {processor.py:175} INFO - Processing /home/airflow/.local/lib/python3.7/site-packages/airflow/example_dags/example_short_circuit_decorator.py took 0.074 seconds
[2023-05-13T06:33:48.341+0000] {processor.py:153} INFO - Started process (PID=1611) to work on /home/airflow/.local/lib/python3.7/site-packages/airflow/example_dags/example_short_circuit_decorator.py
[2023-05-13T06:33:48.343+0000] {processor.py:743} INFO - Processing file /home/airflow/.local/lib/python3.7/site-packages/airflow/example_dags/example_short_circuit_decorator.py for tasks to queue
[2023-05-13T06:33:48.344+0000] {logging_mixin.py:137} INFO - [2023-05-13T06:33:48.344+0000] {dagbag.py:538} INFO - Filling up the DagBag from /home/airflow/.local/lib/python3.7/site-packages/airflow/example_dags/example_short_circuit_decorator.py
[2023-05-13T06:33:48.367+0000] {processor.py:753} INFO - DAG(s) dict_keys(['example_short_circuit_decorator']) retrieved from /home/airflow/.local/lib/python3.7/site-packages/airflow/example_dags/example_short_circuit_decorator.py
[2023-05-13T06:33:48.387+0000] {logging_mixin.py:137} INFO - [2023-05-13T06:33:48.387+0000] {dag.py:2690} INFO - Sync 1 DAGs
[2023-05-13T06:33:48.402+0000] {logging_mixin.py:137} INFO - [2023-05-13T06:33:48.402+0000] {dag.py:3441} INFO - Setting next_dagrun for example_short_circuit_decorator to 2023-05-12T06:33:48.402183+00:00, run_after=2023-05-13T06:33:48.402183+00:00
[2023-05-13T06:33:48.412+0000] {processor.py:175} INFO - Processing /home/airflow/.local/lib/python3.7/site-packages/airflow/example_dags/example_short_circuit_decorator.py took 0.076 seconds
[2023-05-13T06:34:18.498+0000] {processor.py:153} INFO - Started process (PID=1674) to work on /home/airflow/.local/lib/python3.7/site-packages/airflow/example_dags/example_short_circuit_decorator.py
[2023-05-13T06:34:18.500+0000] {processor.py:743} INFO - Processing file /home/airflow/.local/lib/python3.7/site-packages/airflow/example_dags/example_short_circuit_decorator.py for tasks to queue
[2023-05-13T06:34:18.501+0000] {logging_mixin.py:137} INFO - [2023-05-13T06:34:18.501+0000] {dagbag.py:538} INFO - Filling up the DagBag from /home/airflow/.local/lib/python3.7/site-packages/airflow/example_dags/example_short_circuit_decorator.py
[2023-05-13T06:34:18.523+0000] {processor.py:753} INFO - DAG(s) dict_keys(['example_short_circuit_decorator']) retrieved from /home/airflow/.local/lib/python3.7/site-packages/airflow/example_dags/example_short_circuit_decorator.py
[2023-05-13T06:34:18.541+0000] {logging_mixin.py:137} INFO - [2023-05-13T06:34:18.541+0000] {dag.py:2690} INFO - Sync 1 DAGs
[2023-05-13T06:34:18.555+0000] {logging_mixin.py:137} INFO - [2023-05-13T06:34:18.555+0000] {dag.py:3441} INFO - Setting next_dagrun for example_short_circuit_decorator to 2023-05-12T06:34:18.555337+00:00, run_after=2023-05-13T06:34:18.555337+00:00
[2023-05-13T06:34:18.565+0000] {processor.py:175} INFO - Processing /home/airflow/.local/lib/python3.7/site-packages/airflow/example_dags/example_short_circuit_decorator.py took 0.072 seconds
[2023-05-13T06:34:49.551+0000] {processor.py:153} INFO - Started process (PID=1750) to work on /home/airflow/.local/lib/python3.7/site-packages/airflow/example_dags/example_short_circuit_decorator.py
[2023-05-13T06:34:49.552+0000] {processor.py:743} INFO - Processing file /home/airflow/.local/lib/python3.7/site-packages/airflow/example_dags/example_short_circuit_decorator.py for tasks to queue
[2023-05-13T06:34:49.553+0000] {logging_mixin.py:137} INFO - [2023-05-13T06:34:49.553+0000] {dagbag.py:538} INFO - Filling up the DagBag from /home/airflow/.local/lib/python3.7/site-packages/airflow/example_dags/example_short_circuit_decorator.py
[2023-05-13T06:34:49.574+0000] {processor.py:753} INFO - DAG(s) dict_keys(['example_short_circuit_decorator']) retrieved from /home/airflow/.local/lib/python3.7/site-packages/airflow/example_dags/example_short_circuit_decorator.py
[2023-05-13T06:34:49.591+0000] {logging_mixin.py:137} INFO - [2023-05-13T06:34:49.591+0000] {dag.py:2690} INFO - Sync 1 DAGs
[2023-05-13T06:34:49.605+0000] {logging_mixin.py:137} INFO - [2023-05-13T06:34:49.605+0000] {dag.py:3441} INFO - Setting next_dagrun for example_short_circuit_decorator to 2023-05-12T06:34:49.605443+00:00, run_after=2023-05-13T06:34:49.605443+00:00
[2023-05-13T06:34:49.616+0000] {processor.py:175} INFO - Processing /home/airflow/.local/lib/python3.7/site-packages/airflow/example_dags/example_short_circuit_decorator.py took 0.070 seconds
[2023-05-13T06:35:20.541+0000] {processor.py:153} INFO - Started process (PID=1824) to work on /home/airflow/.local/lib/python3.7/site-packages/airflow/example_dags/example_short_circuit_decorator.py
[2023-05-13T06:35:20.543+0000] {processor.py:743} INFO - Processing file /home/airflow/.local/lib/python3.7/site-packages/airflow/example_dags/example_short_circuit_decorator.py for tasks to queue
[2023-05-13T06:35:20.544+0000] {logging_mixin.py:137} INFO - [2023-05-13T06:35:20.544+0000] {dagbag.py:538} INFO - Filling up the DagBag from /home/airflow/.local/lib/python3.7/site-packages/airflow/example_dags/example_short_circuit_decorator.py
[2023-05-13T06:35:20.566+0000] {processor.py:753} INFO - DAG(s) dict_keys(['example_short_circuit_decorator']) retrieved from /home/airflow/.local/lib/python3.7/site-packages/airflow/example_dags/example_short_circuit_decorator.py
[2023-05-13T06:35:20.584+0000] {logging_mixin.py:137} INFO - [2023-05-13T06:35:20.584+0000] {dag.py:2690} INFO - Sync 1 DAGs
[2023-05-13T06:35:20.598+0000] {logging_mixin.py:137} INFO - [2023-05-13T06:35:20.598+0000] {dag.py:3441} INFO - Setting next_dagrun for example_short_circuit_decorator to 2023-05-12T06:35:20.598123+00:00, run_after=2023-05-13T06:35:20.598123+00:00
[2023-05-13T06:35:20.607+0000] {processor.py:175} INFO - Processing /home/airflow/.local/lib/python3.7/site-packages/airflow/example_dags/example_short_circuit_decorator.py took 0.071 seconds
[2023-05-13T06:35:50.672+0000] {processor.py:153} INFO - Started process (PID=1899) to work on /home/airflow/.local/lib/python3.7/site-packages/airflow/example_dags/example_short_circuit_decorator.py
[2023-05-13T06:35:50.673+0000] {processor.py:743} INFO - Processing file /home/airflow/.local/lib/python3.7/site-packages/airflow/example_dags/example_short_circuit_decorator.py for tasks to queue
[2023-05-13T06:35:50.673+0000] {logging_mixin.py:137} INFO - [2023-05-13T06:35:50.673+0000] {dagbag.py:538} INFO - Filling up the DagBag from /home/airflow/.local/lib/python3.7/site-packages/airflow/example_dags/example_short_circuit_decorator.py
[2023-05-13T06:35:50.688+0000] {processor.py:753} INFO - DAG(s) dict_keys(['example_short_circuit_decorator']) retrieved from /home/airflow/.local/lib/python3.7/site-packages/airflow/example_dags/example_short_circuit_decorator.py
[2023-05-13T06:35:50.705+0000] {logging_mixin.py:137} INFO - [2023-05-13T06:35:50.705+0000] {dag.py:2690} INFO - Sync 1 DAGs
[2023-05-13T06:35:50.720+0000] {logging_mixin.py:137} INFO - [2023-05-13T06:35:50.720+0000] {dag.py:3441} INFO - Setting next_dagrun for example_short_circuit_decorator to 2023-05-12T06:35:50.719852+00:00, run_after=2023-05-13T06:35:50.719852+00:00
[2023-05-13T06:35:50.729+0000] {processor.py:175} INFO - Processing /home/airflow/.local/lib/python3.7/site-packages/airflow/example_dags/example_short_circuit_decorator.py took 0.060 seconds
[2023-05-13T06:36:21.754+0000] {processor.py:153} INFO - Started process (PID=1961) to work on /home/airflow/.local/lib/python3.7/site-packages/airflow/example_dags/example_short_circuit_decorator.py
[2023-05-13T06:36:21.756+0000] {processor.py:743} INFO - Processing file /home/airflow/.local/lib/python3.7/site-packages/airflow/example_dags/example_short_circuit_decorator.py for tasks to queue
[2023-05-13T06:36:21.758+0000] {logging_mixin.py:137} INFO - [2023-05-13T06:36:21.757+0000] {dagbag.py:538} INFO - Filling up the DagBag from /home/airflow/.local/lib/python3.7/site-packages/airflow/example_dags/example_short_circuit_decorator.py
[2023-05-13T06:36:21.782+0000] {processor.py:753} INFO - DAG(s) dict_keys(['example_short_circuit_decorator']) retrieved from /home/airflow/.local/lib/python3.7/site-packages/airflow/example_dags/example_short_circuit_decorator.py
[2023-05-13T06:36:21.804+0000] {logging_mixin.py:137} INFO - [2023-05-13T06:36:21.804+0000] {dag.py:2690} INFO - Sync 1 DAGs
[2023-05-13T06:36:21.818+0000] {logging_mixin.py:137} INFO - [2023-05-13T06:36:21.817+0000] {dag.py:3441} INFO - Setting next_dagrun for example_short_circuit_decorator to 2023-05-12T06:36:21.817797+00:00, run_after=2023-05-13T06:36:21.817797+00:00
[2023-05-13T06:36:21.827+0000] {processor.py:175} INFO - Processing /home/airflow/.local/lib/python3.7/site-packages/airflow/example_dags/example_short_circuit_decorator.py took 0.078 seconds
[2023-05-13T06:42:12.199+0000] {processor.py:153} INFO - Started process (PID=2706) to work on /home/airflow/.local/lib/python3.7/site-packages/airflow/example_dags/example_short_circuit_decorator.py
[2023-05-13T06:42:12.200+0000] {processor.py:743} INFO - Processing file /home/airflow/.local/lib/python3.7/site-packages/airflow/example_dags/example_short_circuit_decorator.py for tasks to queue
[2023-05-13T06:42:12.200+0000] {logging_mixin.py:137} INFO - [2023-05-13T06:42:12.200+0000] {dagbag.py:538} INFO - Filling up the DagBag from /home/airflow/.local/lib/python3.7/site-packages/airflow/example_dags/example_short_circuit_decorator.py
[2023-05-13T06:42:12.216+0000] {processor.py:753} INFO - DAG(s) dict_keys(['example_short_circuit_decorator']) retrieved from /home/airflow/.local/lib/python3.7/site-packages/airflow/example_dags/example_short_circuit_decorator.py
[2023-05-13T06:42:12.249+0000] {logging_mixin.py:137} INFO - [2023-05-13T06:42:12.249+0000] {dag.py:2690} INFO - Sync 1 DAGs
[2023-05-13T06:42:12.260+0000] {logging_mixin.py:137} INFO - [2023-05-13T06:42:12.260+0000] {dag.py:3441} INFO - Setting next_dagrun for example_short_circuit_decorator to 2023-05-12T06:42:12.260158+00:00, run_after=2023-05-13T06:42:12.260158+00:00
[2023-05-13T06:42:12.271+0000] {processor.py:175} INFO - Processing /home/airflow/.local/lib/python3.7/site-packages/airflow/example_dags/example_short_circuit_decorator.py took 0.075 seconds
