[2023-05-13T06:22:37.399+0000] {processor.py:153} INFO - Started process (PID=42) to work on /home/airflow/.local/lib/python3.7/site-packages/airflow/example_dags/example_subdag_operator.py
[2023-05-13T06:22:37.400+0000] {processor.py:743} INFO - Processing file /home/airflow/.local/lib/python3.7/site-packages/airflow/example_dags/example_subdag_operator.py for tasks to queue
[2023-05-13T06:22:37.402+0000] {logging_mixin.py:137} INFO - [2023-05-13T06:22:37.401+0000] {dagbag.py:538} INFO - Filling up the DagBag from /home/airflow/.local/lib/python3.7/site-packages/airflow/example_dags/example_subdag_operator.py
[2023-05-13T06:22:37.438+0000] {processor.py:753} INFO - DAG(s) dict_keys(['example_subdag_operator.section-1', 'example_subdag_operator.section-2', 'example_subdag_operator']) retrieved from /home/airflow/.local/lib/python3.7/site-packages/airflow/example_dags/example_subdag_operator.py
[2023-05-13T06:22:37.450+0000] {logging_mixin.py:137} INFO - [2023-05-13T06:22:37.450+0000] {dag.py:2690} INFO - Sync 3 DAGs
[2023-05-13T06:22:37.468+0000] {logging_mixin.py:137} INFO - [2023-05-13T06:22:37.467+0000] {dag.py:3441} INFO - Setting next_dagrun for example_subdag_operator to 2022-01-01T00:00:00+00:00, run_after=2022-01-01T00:00:00+00:00
[2023-05-13T06:22:37.472+0000] {logging_mixin.py:137} INFO - [2023-05-13T06:22:37.471+0000] {dag.py:3441} INFO - Setting next_dagrun for example_subdag_operator.section-1 to None, run_after=None
[2023-05-13T06:22:37.476+0000] {logging_mixin.py:137} INFO - [2023-05-13T06:22:37.476+0000] {dag.py:3441} INFO - Setting next_dagrun for example_subdag_operator.section-2 to None, run_after=None
[2023-05-13T06:22:37.483+0000] {logging_mixin.py:137} INFO - [2023-05-13T06:22:37.483+0000] {dag.py:2690} INFO - Sync 2 DAGs
[2023-05-13T06:22:37.491+0000] {logging_mixin.py:137} INFO - [2023-05-13T06:22:37.491+0000] {dag.py:3441} INFO - Setting next_dagrun for example_subdag_operator.section-1 to None, run_after=None
[2023-05-13T06:22:37.494+0000] {logging_mixin.py:137} INFO - [2023-05-13T06:22:37.494+0000] {dag.py:3441} INFO - Setting next_dagrun for example_subdag_operator.section-2 to None, run_after=None
[2023-05-13T06:22:37.501+0000] {processor.py:175} INFO - Processing /home/airflow/.local/lib/python3.7/site-packages/airflow/example_dags/example_subdag_operator.py took 0.106 seconds
[2023-05-13T06:23:07.539+0000] {processor.py:153} INFO - Started process (PID=117) to work on /home/airflow/.local/lib/python3.7/site-packages/airflow/example_dags/example_subdag_operator.py
[2023-05-13T06:23:07.540+0000] {processor.py:743} INFO - Processing file /home/airflow/.local/lib/python3.7/site-packages/airflow/example_dags/example_subdag_operator.py for tasks to queue
[2023-05-13T06:23:07.541+0000] {logging_mixin.py:137} INFO - [2023-05-13T06:23:07.541+0000] {dagbag.py:538} INFO - Filling up the DagBag from /home/airflow/.local/lib/python3.7/site-packages/airflow/example_dags/example_subdag_operator.py
[2023-05-13T06:23:07.562+0000] {processor.py:753} INFO - DAG(s) dict_keys(['example_subdag_operator.section-1', 'example_subdag_operator.section-2', 'example_subdag_operator']) retrieved from /home/airflow/.local/lib/python3.7/site-packages/airflow/example_dags/example_subdag_operator.py
[2023-05-13T06:23:07.572+0000] {logging_mixin.py:137} INFO - [2023-05-13T06:23:07.572+0000] {dag.py:2690} INFO - Sync 3 DAGs
[2023-05-13T06:23:07.585+0000] {logging_mixin.py:137} INFO - [2023-05-13T06:23:07.585+0000] {dag.py:3441} INFO - Setting next_dagrun for example_subdag_operator to 2022-01-01T00:00:00+00:00, run_after=2022-01-01T00:00:00+00:00
[2023-05-13T06:23:07.587+0000] {logging_mixin.py:137} INFO - [2023-05-13T06:23:07.587+0000] {dag.py:3441} INFO - Setting next_dagrun for example_subdag_operator.section-1 to None, run_after=None
[2023-05-13T06:23:07.589+0000] {logging_mixin.py:137} INFO - [2023-05-13T06:23:07.589+0000] {dag.py:3441} INFO - Setting next_dagrun for example_subdag_operator.section-2 to None, run_after=None
[2023-05-13T06:23:07.593+0000] {logging_mixin.py:137} INFO - [2023-05-13T06:23:07.593+0000] {dag.py:2690} INFO - Sync 2 DAGs
[2023-05-13T06:23:07.597+0000] {logging_mixin.py:137} INFO - [2023-05-13T06:23:07.596+0000] {dag.py:3441} INFO - Setting next_dagrun for example_subdag_operator.section-1 to None, run_after=None
[2023-05-13T06:23:07.597+0000] {logging_mixin.py:137} INFO - [2023-05-13T06:23:07.597+0000] {dag.py:3441} INFO - Setting next_dagrun for example_subdag_operator.section-2 to None, run_after=None
[2023-05-13T06:23:07.603+0000] {processor.py:175} INFO - Processing /home/airflow/.local/lib/python3.7/site-packages/airflow/example_dags/example_subdag_operator.py took 0.066 seconds
[2023-05-13T06:23:38.331+0000] {processor.py:153} INFO - Started process (PID=180) to work on /home/airflow/.local/lib/python3.7/site-packages/airflow/example_dags/example_subdag_operator.py
[2023-05-13T06:23:38.332+0000] {processor.py:743} INFO - Processing file /home/airflow/.local/lib/python3.7/site-packages/airflow/example_dags/example_subdag_operator.py for tasks to queue
[2023-05-13T06:23:38.332+0000] {logging_mixin.py:137} INFO - [2023-05-13T06:23:38.332+0000] {dagbag.py:538} INFO - Filling up the DagBag from /home/airflow/.local/lib/python3.7/site-packages/airflow/example_dags/example_subdag_operator.py
[2023-05-13T06:23:38.352+0000] {processor.py:753} INFO - DAG(s) dict_keys(['example_subdag_operator.section-1', 'example_subdag_operator.section-2', 'example_subdag_operator']) retrieved from /home/airflow/.local/lib/python3.7/site-packages/airflow/example_dags/example_subdag_operator.py
[2023-05-13T06:23:38.362+0000] {logging_mixin.py:137} INFO - [2023-05-13T06:23:38.362+0000] {dag.py:2690} INFO - Sync 3 DAGs
[2023-05-13T06:23:38.375+0000] {logging_mixin.py:137} INFO - [2023-05-13T06:23:38.375+0000] {dag.py:3441} INFO - Setting next_dagrun for example_subdag_operator to 2022-01-01T00:00:00+00:00, run_after=2022-01-01T00:00:00+00:00
[2023-05-13T06:23:38.377+0000] {logging_mixin.py:137} INFO - [2023-05-13T06:23:38.377+0000] {dag.py:3441} INFO - Setting next_dagrun for example_subdag_operator.section-1 to None, run_after=None
[2023-05-13T06:23:38.378+0000] {logging_mixin.py:137} INFO - [2023-05-13T06:23:38.378+0000] {dag.py:3441} INFO - Setting next_dagrun for example_subdag_operator.section-2 to None, run_after=None
[2023-05-13T06:23:38.382+0000] {logging_mixin.py:137} INFO - [2023-05-13T06:23:38.382+0000] {dag.py:2690} INFO - Sync 2 DAGs
[2023-05-13T06:23:38.384+0000] {logging_mixin.py:137} INFO - [2023-05-13T06:23:38.384+0000] {dag.py:3441} INFO - Setting next_dagrun for example_subdag_operator.section-1 to None, run_after=None
[2023-05-13T06:23:38.385+0000] {logging_mixin.py:137} INFO - [2023-05-13T06:23:38.385+0000] {dag.py:3441} INFO - Setting next_dagrun for example_subdag_operator.section-2 to None, run_after=None
[2023-05-13T06:23:38.390+0000] {processor.py:175} INFO - Processing /home/airflow/.local/lib/python3.7/site-packages/airflow/example_dags/example_subdag_operator.py took 0.061 seconds
[2023-05-13T06:24:09.278+0000] {processor.py:153} INFO - Started process (PID=256) to work on /home/airflow/.local/lib/python3.7/site-packages/airflow/example_dags/example_subdag_operator.py
[2023-05-13T06:24:09.279+0000] {processor.py:743} INFO - Processing file /home/airflow/.local/lib/python3.7/site-packages/airflow/example_dags/example_subdag_operator.py for tasks to queue
[2023-05-13T06:24:09.280+0000] {logging_mixin.py:137} INFO - [2023-05-13T06:24:09.280+0000] {dagbag.py:538} INFO - Filling up the DagBag from /home/airflow/.local/lib/python3.7/site-packages/airflow/example_dags/example_subdag_operator.py
[2023-05-13T06:24:09.301+0000] {processor.py:753} INFO - DAG(s) dict_keys(['example_subdag_operator.section-1', 'example_subdag_operator.section-2', 'example_subdag_operator']) retrieved from /home/airflow/.local/lib/python3.7/site-packages/airflow/example_dags/example_subdag_operator.py
[2023-05-13T06:24:09.313+0000] {logging_mixin.py:137} INFO - [2023-05-13T06:24:09.313+0000] {dag.py:2690} INFO - Sync 3 DAGs
[2023-05-13T06:24:09.326+0000] {logging_mixin.py:137} INFO - [2023-05-13T06:24:09.326+0000] {dag.py:3441} INFO - Setting next_dagrun for example_subdag_operator to 2022-01-01T00:00:00+00:00, run_after=2022-01-01T00:00:00+00:00
[2023-05-13T06:24:09.329+0000] {logging_mixin.py:137} INFO - [2023-05-13T06:24:09.329+0000] {dag.py:3441} INFO - Setting next_dagrun for example_subdag_operator.section-1 to None, run_after=None
[2023-05-13T06:24:09.330+0000] {logging_mixin.py:137} INFO - [2023-05-13T06:24:09.330+0000] {dag.py:3441} INFO - Setting next_dagrun for example_subdag_operator.section-2 to None, run_after=None
[2023-05-13T06:24:09.333+0000] {logging_mixin.py:137} INFO - [2023-05-13T06:24:09.333+0000] {dag.py:2690} INFO - Sync 2 DAGs
[2023-05-13T06:24:09.336+0000] {logging_mixin.py:137} INFO - [2023-05-13T06:24:09.336+0000] {dag.py:3441} INFO - Setting next_dagrun for example_subdag_operator.section-1 to None, run_after=None
[2023-05-13T06:24:09.337+0000] {logging_mixin.py:137} INFO - [2023-05-13T06:24:09.337+0000] {dag.py:3441} INFO - Setting next_dagrun for example_subdag_operator.section-2 to None, run_after=None
[2023-05-13T06:24:09.342+0000] {processor.py:175} INFO - Processing /home/airflow/.local/lib/python3.7/site-packages/airflow/example_dags/example_subdag_operator.py took 0.066 seconds
[2023-05-13T06:24:40.125+0000] {processor.py:153} INFO - Started process (PID=331) to work on /home/airflow/.local/lib/python3.7/site-packages/airflow/example_dags/example_subdag_operator.py
[2023-05-13T06:24:40.126+0000] {processor.py:743} INFO - Processing file /home/airflow/.local/lib/python3.7/site-packages/airflow/example_dags/example_subdag_operator.py for tasks to queue
[2023-05-13T06:24:40.127+0000] {logging_mixin.py:137} INFO - [2023-05-13T06:24:40.127+0000] {dagbag.py:538} INFO - Filling up the DagBag from /home/airflow/.local/lib/python3.7/site-packages/airflow/example_dags/example_subdag_operator.py
[2023-05-13T06:24:40.147+0000] {processor.py:753} INFO - DAG(s) dict_keys(['example_subdag_operator.section-1', 'example_subdag_operator.section-2', 'example_subdag_operator']) retrieved from /home/airflow/.local/lib/python3.7/site-packages/airflow/example_dags/example_subdag_operator.py
[2023-05-13T06:24:40.157+0000] {logging_mixin.py:137} INFO - [2023-05-13T06:24:40.157+0000] {dag.py:2690} INFO - Sync 3 DAGs
[2023-05-13T06:24:40.171+0000] {logging_mixin.py:137} INFO - [2023-05-13T06:24:40.171+0000] {dag.py:3441} INFO - Setting next_dagrun for example_subdag_operator to 2022-01-01T00:00:00+00:00, run_after=2022-01-01T00:00:00+00:00
[2023-05-13T06:24:40.173+0000] {logging_mixin.py:137} INFO - [2023-05-13T06:24:40.173+0000] {dag.py:3441} INFO - Setting next_dagrun for example_subdag_operator.section-1 to None, run_after=None
[2023-05-13T06:24:40.174+0000] {logging_mixin.py:137} INFO - [2023-05-13T06:24:40.173+0000] {dag.py:3441} INFO - Setting next_dagrun for example_subdag_operator.section-2 to None, run_after=None
[2023-05-13T06:24:40.178+0000] {logging_mixin.py:137} INFO - [2023-05-13T06:24:40.178+0000] {dag.py:2690} INFO - Sync 2 DAGs
[2023-05-13T06:24:40.180+0000] {logging_mixin.py:137} INFO - [2023-05-13T06:24:40.180+0000] {dag.py:3441} INFO - Setting next_dagrun for example_subdag_operator.section-1 to None, run_after=None
[2023-05-13T06:24:40.181+0000] {logging_mixin.py:137} INFO - [2023-05-13T06:24:40.181+0000] {dag.py:3441} INFO - Setting next_dagrun for example_subdag_operator.section-2 to None, run_after=None
[2023-05-13T06:24:40.186+0000] {processor.py:175} INFO - Processing /home/airflow/.local/lib/python3.7/site-packages/airflow/example_dags/example_subdag_operator.py took 0.063 seconds
[2023-05-13T06:25:10.880+0000] {processor.py:153} INFO - Started process (PID=405) to work on /home/airflow/.local/lib/python3.7/site-packages/airflow/example_dags/example_subdag_operator.py
[2023-05-13T06:25:10.881+0000] {processor.py:743} INFO - Processing file /home/airflow/.local/lib/python3.7/site-packages/airflow/example_dags/example_subdag_operator.py for tasks to queue
[2023-05-13T06:25:10.881+0000] {logging_mixin.py:137} INFO - [2023-05-13T06:25:10.881+0000] {dagbag.py:538} INFO - Filling up the DagBag from /home/airflow/.local/lib/python3.7/site-packages/airflow/example_dags/example_subdag_operator.py
[2023-05-13T06:25:10.901+0000] {processor.py:753} INFO - DAG(s) dict_keys(['example_subdag_operator.section-1', 'example_subdag_operator.section-2', 'example_subdag_operator']) retrieved from /home/airflow/.local/lib/python3.7/site-packages/airflow/example_dags/example_subdag_operator.py
[2023-05-13T06:25:10.911+0000] {logging_mixin.py:137} INFO - [2023-05-13T06:25:10.911+0000] {dag.py:2690} INFO - Sync 3 DAGs
[2023-05-13T06:25:10.925+0000] {logging_mixin.py:137} INFO - [2023-05-13T06:25:10.925+0000] {dag.py:3441} INFO - Setting next_dagrun for example_subdag_operator to 2022-01-01T00:00:00+00:00, run_after=2022-01-01T00:00:00+00:00
[2023-05-13T06:25:10.927+0000] {logging_mixin.py:137} INFO - [2023-05-13T06:25:10.927+0000] {dag.py:3441} INFO - Setting next_dagrun for example_subdag_operator.section-1 to None, run_after=None
[2023-05-13T06:25:10.928+0000] {logging_mixin.py:137} INFO - [2023-05-13T06:25:10.928+0000] {dag.py:3441} INFO - Setting next_dagrun for example_subdag_operator.section-2 to None, run_after=None
[2023-05-13T06:25:10.931+0000] {logging_mixin.py:137} INFO - [2023-05-13T06:25:10.931+0000] {dag.py:2690} INFO - Sync 2 DAGs
[2023-05-13T06:25:10.934+0000] {logging_mixin.py:137} INFO - [2023-05-13T06:25:10.934+0000] {dag.py:3441} INFO - Setting next_dagrun for example_subdag_operator.section-1 to None, run_after=None
[2023-05-13T06:25:10.935+0000] {logging_mixin.py:137} INFO - [2023-05-13T06:25:10.935+0000] {dag.py:3441} INFO - Setting next_dagrun for example_subdag_operator.section-2 to None, run_after=None
[2023-05-13T06:25:10.939+0000] {processor.py:175} INFO - Processing /home/airflow/.local/lib/python3.7/site-packages/airflow/example_dags/example_subdag_operator.py took 0.062 seconds
[2023-05-13T06:25:41.675+0000] {processor.py:153} INFO - Started process (PID=468) to work on /home/airflow/.local/lib/python3.7/site-packages/airflow/example_dags/example_subdag_operator.py
[2023-05-13T06:25:41.675+0000] {processor.py:743} INFO - Processing file /home/airflow/.local/lib/python3.7/site-packages/airflow/example_dags/example_subdag_operator.py for tasks to queue
[2023-05-13T06:25:41.676+0000] {logging_mixin.py:137} INFO - [2023-05-13T06:25:41.676+0000] {dagbag.py:538} INFO - Filling up the DagBag from /home/airflow/.local/lib/python3.7/site-packages/airflow/example_dags/example_subdag_operator.py
[2023-05-13T06:25:41.723+0000] {processor.py:753} INFO - DAG(s) dict_keys(['example_subdag_operator.section-1', 'example_subdag_operator.section-2', 'example_subdag_operator']) retrieved from /home/airflow/.local/lib/python3.7/site-packages/airflow/example_dags/example_subdag_operator.py
[2023-05-13T06:25:41.745+0000] {logging_mixin.py:137} INFO - [2023-05-13T06:25:41.744+0000] {dag.py:2690} INFO - Sync 3 DAGs
[2023-05-13T06:25:41.765+0000] {logging_mixin.py:137} INFO - [2023-05-13T06:25:41.765+0000] {dag.py:3441} INFO - Setting next_dagrun for example_subdag_operator to 2022-01-01T00:00:00+00:00, run_after=2022-01-01T00:00:00+00:00
[2023-05-13T06:25:41.769+0000] {logging_mixin.py:137} INFO - [2023-05-13T06:25:41.769+0000] {dag.py:3441} INFO - Setting next_dagrun for example_subdag_operator.section-1 to None, run_after=None
[2023-05-13T06:25:41.771+0000] {logging_mixin.py:137} INFO - [2023-05-13T06:25:41.770+0000] {dag.py:3441} INFO - Setting next_dagrun for example_subdag_operator.section-2 to None, run_after=None
[2023-05-13T06:25:41.776+0000] {logging_mixin.py:137} INFO - [2023-05-13T06:25:41.776+0000] {dag.py:2690} INFO - Sync 2 DAGs
[2023-05-13T06:25:41.780+0000] {logging_mixin.py:137} INFO - [2023-05-13T06:25:41.779+0000] {dag.py:3441} INFO - Setting next_dagrun for example_subdag_operator.section-1 to None, run_after=None
[2023-05-13T06:25:41.780+0000] {logging_mixin.py:137} INFO - [2023-05-13T06:25:41.780+0000] {dag.py:3441} INFO - Setting next_dagrun for example_subdag_operator.section-2 to None, run_after=None
[2023-05-13T06:25:41.787+0000] {processor.py:175} INFO - Processing /home/airflow/.local/lib/python3.7/site-packages/airflow/example_dags/example_subdag_operator.py took 0.115 seconds
[2023-05-13T06:26:11.835+0000] {processor.py:153} INFO - Started process (PID=543) to work on /home/airflow/.local/lib/python3.7/site-packages/airflow/example_dags/example_subdag_operator.py
[2023-05-13T06:26:11.836+0000] {processor.py:743} INFO - Processing file /home/airflow/.local/lib/python3.7/site-packages/airflow/example_dags/example_subdag_operator.py for tasks to queue
[2023-05-13T06:26:11.837+0000] {logging_mixin.py:137} INFO - [2023-05-13T06:26:11.837+0000] {dagbag.py:538} INFO - Filling up the DagBag from /home/airflow/.local/lib/python3.7/site-packages/airflow/example_dags/example_subdag_operator.py
[2023-05-13T06:26:11.857+0000] {processor.py:753} INFO - DAG(s) dict_keys(['example_subdag_operator.section-1', 'example_subdag_operator.section-2', 'example_subdag_operator']) retrieved from /home/airflow/.local/lib/python3.7/site-packages/airflow/example_dags/example_subdag_operator.py
[2023-05-13T06:26:11.867+0000] {logging_mixin.py:137} INFO - [2023-05-13T06:26:11.867+0000] {dag.py:2690} INFO - Sync 3 DAGs
[2023-05-13T06:26:11.881+0000] {logging_mixin.py:137} INFO - [2023-05-13T06:26:11.881+0000] {dag.py:3441} INFO - Setting next_dagrun for example_subdag_operator to 2022-01-01T00:00:00+00:00, run_after=2022-01-01T00:00:00+00:00
[2023-05-13T06:26:11.883+0000] {logging_mixin.py:137} INFO - [2023-05-13T06:26:11.883+0000] {dag.py:3441} INFO - Setting next_dagrun for example_subdag_operator.section-1 to None, run_after=None
[2023-05-13T06:26:11.883+0000] {logging_mixin.py:137} INFO - [2023-05-13T06:26:11.883+0000] {dag.py:3441} INFO - Setting next_dagrun for example_subdag_operator.section-2 to None, run_after=None
[2023-05-13T06:26:11.888+0000] {logging_mixin.py:137} INFO - [2023-05-13T06:26:11.888+0000] {dag.py:2690} INFO - Sync 2 DAGs
[2023-05-13T06:26:11.891+0000] {logging_mixin.py:137} INFO - [2023-05-13T06:26:11.891+0000] {dag.py:3441} INFO - Setting next_dagrun for example_subdag_operator.section-1 to None, run_after=None
[2023-05-13T06:26:11.891+0000] {logging_mixin.py:137} INFO - [2023-05-13T06:26:11.891+0000] {dag.py:3441} INFO - Setting next_dagrun for example_subdag_operator.section-2 to None, run_after=None
[2023-05-13T06:26:11.896+0000] {processor.py:175} INFO - Processing /home/airflow/.local/lib/python3.7/site-packages/airflow/example_dags/example_subdag_operator.py took 0.063 seconds
[2023-05-13T06:26:42.820+0000] {processor.py:153} INFO - Started process (PID=618) to work on /home/airflow/.local/lib/python3.7/site-packages/airflow/example_dags/example_subdag_operator.py
[2023-05-13T06:26:42.821+0000] {processor.py:743} INFO - Processing file /home/airflow/.local/lib/python3.7/site-packages/airflow/example_dags/example_subdag_operator.py for tasks to queue
[2023-05-13T06:26:42.822+0000] {logging_mixin.py:137} INFO - [2023-05-13T06:26:42.822+0000] {dagbag.py:538} INFO - Filling up the DagBag from /home/airflow/.local/lib/python3.7/site-packages/airflow/example_dags/example_subdag_operator.py
[2023-05-13T06:26:42.842+0000] {processor.py:753} INFO - DAG(s) dict_keys(['example_subdag_operator.section-1', 'example_subdag_operator.section-2', 'example_subdag_operator']) retrieved from /home/airflow/.local/lib/python3.7/site-packages/airflow/example_dags/example_subdag_operator.py
[2023-05-13T06:26:42.852+0000] {logging_mixin.py:137} INFO - [2023-05-13T06:26:42.852+0000] {dag.py:2690} INFO - Sync 3 DAGs
[2023-05-13T06:26:42.866+0000] {logging_mixin.py:137} INFO - [2023-05-13T06:26:42.866+0000] {dag.py:3441} INFO - Setting next_dagrun for example_subdag_operator to 2022-01-01T00:00:00+00:00, run_after=2022-01-01T00:00:00+00:00
[2023-05-13T06:26:42.868+0000] {logging_mixin.py:137} INFO - [2023-05-13T06:26:42.868+0000] {dag.py:3441} INFO - Setting next_dagrun for example_subdag_operator.section-1 to None, run_after=None
[2023-05-13T06:26:42.869+0000] {logging_mixin.py:137} INFO - [2023-05-13T06:26:42.869+0000] {dag.py:3441} INFO - Setting next_dagrun for example_subdag_operator.section-2 to None, run_after=None
[2023-05-13T06:26:42.873+0000] {logging_mixin.py:137} INFO - [2023-05-13T06:26:42.872+0000] {dag.py:2690} INFO - Sync 2 DAGs
[2023-05-13T06:26:42.876+0000] {logging_mixin.py:137} INFO - [2023-05-13T06:26:42.876+0000] {dag.py:3441} INFO - Setting next_dagrun for example_subdag_operator.section-1 to None, run_after=None
[2023-05-13T06:26:42.876+0000] {logging_mixin.py:137} INFO - [2023-05-13T06:26:42.876+0000] {dag.py:3441} INFO - Setting next_dagrun for example_subdag_operator.section-2 to None, run_after=None
[2023-05-13T06:26:42.881+0000] {processor.py:175} INFO - Processing /home/airflow/.local/lib/python3.7/site-packages/airflow/example_dags/example_subdag_operator.py took 0.063 seconds
[2023-05-13T06:27:13.962+0000] {processor.py:153} INFO - Started process (PID=693) to work on /home/airflow/.local/lib/python3.7/site-packages/airflow/example_dags/example_subdag_operator.py
[2023-05-13T06:27:13.963+0000] {processor.py:743} INFO - Processing file /home/airflow/.local/lib/python3.7/site-packages/airflow/example_dags/example_subdag_operator.py for tasks to queue
[2023-05-13T06:27:13.963+0000] {logging_mixin.py:137} INFO - [2023-05-13T06:27:13.963+0000] {dagbag.py:538} INFO - Filling up the DagBag from /home/airflow/.local/lib/python3.7/site-packages/airflow/example_dags/example_subdag_operator.py
[2023-05-13T06:27:13.982+0000] {processor.py:753} INFO - DAG(s) dict_keys(['example_subdag_operator.section-1', 'example_subdag_operator.section-2', 'example_subdag_operator']) retrieved from /home/airflow/.local/lib/python3.7/site-packages/airflow/example_dags/example_subdag_operator.py
[2023-05-13T06:27:13.992+0000] {logging_mixin.py:137} INFO - [2023-05-13T06:27:13.992+0000] {dag.py:2690} INFO - Sync 3 DAGs
[2023-05-13T06:27:14.004+0000] {logging_mixin.py:137} INFO - [2023-05-13T06:27:14.004+0000] {dag.py:3441} INFO - Setting next_dagrun for example_subdag_operator to 2022-01-01T00:00:00+00:00, run_after=2022-01-01T00:00:00+00:00
[2023-05-13T06:27:14.006+0000] {logging_mixin.py:137} INFO - [2023-05-13T06:27:14.006+0000] {dag.py:3441} INFO - Setting next_dagrun for example_subdag_operator.section-1 to None, run_after=None
[2023-05-13T06:27:14.007+0000] {logging_mixin.py:137} INFO - [2023-05-13T06:27:14.007+0000] {dag.py:3441} INFO - Setting next_dagrun for example_subdag_operator.section-2 to None, run_after=None
[2023-05-13T06:27:14.011+0000] {logging_mixin.py:137} INFO - [2023-05-13T06:27:14.011+0000] {dag.py:2690} INFO - Sync 2 DAGs
[2023-05-13T06:27:14.013+0000] {logging_mixin.py:137} INFO - [2023-05-13T06:27:14.013+0000] {dag.py:3441} INFO - Setting next_dagrun for example_subdag_operator.section-1 to None, run_after=None
[2023-05-13T06:27:14.014+0000] {logging_mixin.py:137} INFO - [2023-05-13T06:27:14.014+0000] {dag.py:3441} INFO - Setting next_dagrun for example_subdag_operator.section-2 to None, run_after=None
[2023-05-13T06:27:14.019+0000] {processor.py:175} INFO - Processing /home/airflow/.local/lib/python3.7/site-packages/airflow/example_dags/example_subdag_operator.py took 0.059 seconds
[2023-05-13T06:27:44.995+0000] {processor.py:153} INFO - Started process (PID=757) to work on /home/airflow/.local/lib/python3.7/site-packages/airflow/example_dags/example_subdag_operator.py
[2023-05-13T06:27:44.996+0000] {processor.py:743} INFO - Processing file /home/airflow/.local/lib/python3.7/site-packages/airflow/example_dags/example_subdag_operator.py for tasks to queue
[2023-05-13T06:27:44.997+0000] {logging_mixin.py:137} INFO - [2023-05-13T06:27:44.996+0000] {dagbag.py:538} INFO - Filling up the DagBag from /home/airflow/.local/lib/python3.7/site-packages/airflow/example_dags/example_subdag_operator.py
[2023-05-13T06:27:45.017+0000] {processor.py:753} INFO - DAG(s) dict_keys(['example_subdag_operator.section-1', 'example_subdag_operator.section-2', 'example_subdag_operator']) retrieved from /home/airflow/.local/lib/python3.7/site-packages/airflow/example_dags/example_subdag_operator.py
[2023-05-13T06:27:45.026+0000] {logging_mixin.py:137} INFO - [2023-05-13T06:27:45.026+0000] {dag.py:2690} INFO - Sync 3 DAGs
[2023-05-13T06:27:45.039+0000] {logging_mixin.py:137} INFO - [2023-05-13T06:27:45.039+0000] {dag.py:3441} INFO - Setting next_dagrun for example_subdag_operator to 2022-01-01T00:00:00+00:00, run_after=2022-01-01T00:00:00+00:00
[2023-05-13T06:27:45.041+0000] {logging_mixin.py:137} INFO - [2023-05-13T06:27:45.041+0000] {dag.py:3441} INFO - Setting next_dagrun for example_subdag_operator.section-1 to None, run_after=None
[2023-05-13T06:27:45.042+0000] {logging_mixin.py:137} INFO - [2023-05-13T06:27:45.042+0000] {dag.py:3441} INFO - Setting next_dagrun for example_subdag_operator.section-2 to None, run_after=None
[2023-05-13T06:27:45.046+0000] {logging_mixin.py:137} INFO - [2023-05-13T06:27:45.046+0000] {dag.py:2690} INFO - Sync 2 DAGs
[2023-05-13T06:27:45.048+0000] {logging_mixin.py:137} INFO - [2023-05-13T06:27:45.048+0000] {dag.py:3441} INFO - Setting next_dagrun for example_subdag_operator.section-1 to None, run_after=None
[2023-05-13T06:27:45.049+0000] {logging_mixin.py:137} INFO - [2023-05-13T06:27:45.049+0000] {dag.py:3441} INFO - Setting next_dagrun for example_subdag_operator.section-2 to None, run_after=None
[2023-05-13T06:27:45.054+0000] {processor.py:175} INFO - Processing /home/airflow/.local/lib/python3.7/site-packages/airflow/example_dags/example_subdag_operator.py took 0.062 seconds
[2023-05-13T06:28:15.155+0000] {processor.py:153} INFO - Started process (PID=832) to work on /home/airflow/.local/lib/python3.7/site-packages/airflow/example_dags/example_subdag_operator.py
[2023-05-13T06:28:15.156+0000] {processor.py:743} INFO - Processing file /home/airflow/.local/lib/python3.7/site-packages/airflow/example_dags/example_subdag_operator.py for tasks to queue
[2023-05-13T06:28:15.157+0000] {logging_mixin.py:137} INFO - [2023-05-13T06:28:15.157+0000] {dagbag.py:538} INFO - Filling up the DagBag from /home/airflow/.local/lib/python3.7/site-packages/airflow/example_dags/example_subdag_operator.py
[2023-05-13T06:28:15.177+0000] {processor.py:753} INFO - DAG(s) dict_keys(['example_subdag_operator.section-1', 'example_subdag_operator.section-2', 'example_subdag_operator']) retrieved from /home/airflow/.local/lib/python3.7/site-packages/airflow/example_dags/example_subdag_operator.py
[2023-05-13T06:28:15.187+0000] {logging_mixin.py:137} INFO - [2023-05-13T06:28:15.187+0000] {dag.py:2690} INFO - Sync 3 DAGs
[2023-05-13T06:28:15.200+0000] {logging_mixin.py:137} INFO - [2023-05-13T06:28:15.200+0000] {dag.py:3441} INFO - Setting next_dagrun for example_subdag_operator to 2022-01-01T00:00:00+00:00, run_after=2022-01-01T00:00:00+00:00
[2023-05-13T06:28:15.203+0000] {logging_mixin.py:137} INFO - [2023-05-13T06:28:15.203+0000] {dag.py:3441} INFO - Setting next_dagrun for example_subdag_operator.section-1 to None, run_after=None
[2023-05-13T06:28:15.204+0000] {logging_mixin.py:137} INFO - [2023-05-13T06:28:15.204+0000] {dag.py:3441} INFO - Setting next_dagrun for example_subdag_operator.section-2 to None, run_after=None
[2023-05-13T06:28:15.207+0000] {logging_mixin.py:137} INFO - [2023-05-13T06:28:15.207+0000] {dag.py:2690} INFO - Sync 2 DAGs
[2023-05-13T06:28:15.210+0000] {logging_mixin.py:137} INFO - [2023-05-13T06:28:15.210+0000] {dag.py:3441} INFO - Setting next_dagrun for example_subdag_operator.section-1 to None, run_after=None
[2023-05-13T06:28:15.210+0000] {logging_mixin.py:137} INFO - [2023-05-13T06:28:15.210+0000] {dag.py:3441} INFO - Setting next_dagrun for example_subdag_operator.section-2 to None, run_after=None
[2023-05-13T06:28:15.217+0000] {processor.py:175} INFO - Processing /home/airflow/.local/lib/python3.7/site-packages/airflow/example_dags/example_subdag_operator.py took 0.065 seconds
[2023-05-13T06:28:45.345+0000] {processor.py:153} INFO - Started process (PID=907) to work on /home/airflow/.local/lib/python3.7/site-packages/airflow/example_dags/example_subdag_operator.py
[2023-05-13T06:28:45.345+0000] {processor.py:743} INFO - Processing file /home/airflow/.local/lib/python3.7/site-packages/airflow/example_dags/example_subdag_operator.py for tasks to queue
[2023-05-13T06:28:45.346+0000] {logging_mixin.py:137} INFO - [2023-05-13T06:28:45.346+0000] {dagbag.py:538} INFO - Filling up the DagBag from /home/airflow/.local/lib/python3.7/site-packages/airflow/example_dags/example_subdag_operator.py
[2023-05-13T06:28:45.368+0000] {processor.py:753} INFO - DAG(s) dict_keys(['example_subdag_operator.section-1', 'example_subdag_operator.section-2', 'example_subdag_operator']) retrieved from /home/airflow/.local/lib/python3.7/site-packages/airflow/example_dags/example_subdag_operator.py
[2023-05-13T06:28:45.378+0000] {logging_mixin.py:137} INFO - [2023-05-13T06:28:45.378+0000] {dag.py:2690} INFO - Sync 3 DAGs
[2023-05-13T06:28:45.392+0000] {logging_mixin.py:137} INFO - [2023-05-13T06:28:45.392+0000] {dag.py:3441} INFO - Setting next_dagrun for example_subdag_operator to 2022-01-01T00:00:00+00:00, run_after=2022-01-01T00:00:00+00:00
[2023-05-13T06:28:45.394+0000] {logging_mixin.py:137} INFO - [2023-05-13T06:28:45.394+0000] {dag.py:3441} INFO - Setting next_dagrun for example_subdag_operator.section-1 to None, run_after=None
[2023-05-13T06:28:45.395+0000] {logging_mixin.py:137} INFO - [2023-05-13T06:28:45.394+0000] {dag.py:3441} INFO - Setting next_dagrun for example_subdag_operator.section-2 to None, run_after=None
[2023-05-13T06:28:45.399+0000] {logging_mixin.py:137} INFO - [2023-05-13T06:28:45.398+0000] {dag.py:2690} INFO - Sync 2 DAGs
[2023-05-13T06:28:45.401+0000] {logging_mixin.py:137} INFO - [2023-05-13T06:28:45.401+0000] {dag.py:3441} INFO - Setting next_dagrun for example_subdag_operator.section-1 to None, run_after=None
[2023-05-13T06:28:45.402+0000] {logging_mixin.py:137} INFO - [2023-05-13T06:28:45.402+0000] {dag.py:3441} INFO - Setting next_dagrun for example_subdag_operator.section-2 to None, run_after=None
[2023-05-13T06:28:45.406+0000] {processor.py:175} INFO - Processing /home/airflow/.local/lib/python3.7/site-packages/airflow/example_dags/example_subdag_operator.py took 0.064 seconds
[2023-05-13T06:29:16.260+0000] {processor.py:153} INFO - Started process (PID=979) to work on /home/airflow/.local/lib/python3.7/site-packages/airflow/example_dags/example_subdag_operator.py
[2023-05-13T06:29:16.261+0000] {processor.py:743} INFO - Processing file /home/airflow/.local/lib/python3.7/site-packages/airflow/example_dags/example_subdag_operator.py for tasks to queue
[2023-05-13T06:29:16.262+0000] {logging_mixin.py:137} INFO - [2023-05-13T06:29:16.262+0000] {dagbag.py:538} INFO - Filling up the DagBag from /home/airflow/.local/lib/python3.7/site-packages/airflow/example_dags/example_subdag_operator.py
[2023-05-13T06:29:16.285+0000] {processor.py:753} INFO - DAG(s) dict_keys(['example_subdag_operator.section-1', 'example_subdag_operator.section-2', 'example_subdag_operator']) retrieved from /home/airflow/.local/lib/python3.7/site-packages/airflow/example_dags/example_subdag_operator.py
[2023-05-13T06:29:16.304+0000] {logging_mixin.py:137} INFO - [2023-05-13T06:29:16.304+0000] {dag.py:2690} INFO - Sync 3 DAGs
[2023-05-13T06:29:16.319+0000] {logging_mixin.py:137} INFO - [2023-05-13T06:29:16.318+0000] {dag.py:3441} INFO - Setting next_dagrun for example_subdag_operator to 2022-01-01T00:00:00+00:00, run_after=2022-01-01T00:00:00+00:00
[2023-05-13T06:29:16.321+0000] {logging_mixin.py:137} INFO - [2023-05-13T06:29:16.321+0000] {dag.py:3441} INFO - Setting next_dagrun for example_subdag_operator.section-1 to None, run_after=None
[2023-05-13T06:29:16.322+0000] {logging_mixin.py:137} INFO - [2023-05-13T06:29:16.321+0000] {dag.py:3441} INFO - Setting next_dagrun for example_subdag_operator.section-2 to None, run_after=None
[2023-05-13T06:29:16.326+0000] {logging_mixin.py:137} INFO - [2023-05-13T06:29:16.326+0000] {dag.py:2690} INFO - Sync 2 DAGs
[2023-05-13T06:29:16.329+0000] {logging_mixin.py:137} INFO - [2023-05-13T06:29:16.329+0000] {dag.py:3441} INFO - Setting next_dagrun for example_subdag_operator.section-1 to None, run_after=None
[2023-05-13T06:29:16.329+0000] {logging_mixin.py:137} INFO - [2023-05-13T06:29:16.329+0000] {dag.py:3441} INFO - Setting next_dagrun for example_subdag_operator.section-2 to None, run_after=None
[2023-05-13T06:29:16.335+0000] {processor.py:175} INFO - Processing /home/airflow/.local/lib/python3.7/site-packages/airflow/example_dags/example_subdag_operator.py took 0.079 seconds
[2023-05-13T06:29:46.535+0000] {processor.py:153} INFO - Started process (PID=1045) to work on /home/airflow/.local/lib/python3.7/site-packages/airflow/example_dags/example_subdag_operator.py
[2023-05-13T06:29:46.536+0000] {processor.py:743} INFO - Processing file /home/airflow/.local/lib/python3.7/site-packages/airflow/example_dags/example_subdag_operator.py for tasks to queue
[2023-05-13T06:29:46.537+0000] {logging_mixin.py:137} INFO - [2023-05-13T06:29:46.537+0000] {dagbag.py:538} INFO - Filling up the DagBag from /home/airflow/.local/lib/python3.7/site-packages/airflow/example_dags/example_subdag_operator.py
[2023-05-13T06:29:46.558+0000] {processor.py:753} INFO - DAG(s) dict_keys(['example_subdag_operator.section-1', 'example_subdag_operator.section-2', 'example_subdag_operator']) retrieved from /home/airflow/.local/lib/python3.7/site-packages/airflow/example_dags/example_subdag_operator.py
[2023-05-13T06:29:46.569+0000] {logging_mixin.py:137} INFO - [2023-05-13T06:29:46.568+0000] {dag.py:2690} INFO - Sync 3 DAGs
[2023-05-13T06:29:46.582+0000] {logging_mixin.py:137} INFO - [2023-05-13T06:29:46.582+0000] {dag.py:3441} INFO - Setting next_dagrun for example_subdag_operator to 2022-01-01T00:00:00+00:00, run_after=2022-01-01T00:00:00+00:00
[2023-05-13T06:29:46.584+0000] {logging_mixin.py:137} INFO - [2023-05-13T06:29:46.584+0000] {dag.py:3441} INFO - Setting next_dagrun for example_subdag_operator.section-1 to None, run_after=None
[2023-05-13T06:29:46.585+0000] {logging_mixin.py:137} INFO - [2023-05-13T06:29:46.585+0000] {dag.py:3441} INFO - Setting next_dagrun for example_subdag_operator.section-2 to None, run_after=None
[2023-05-13T06:29:46.589+0000] {logging_mixin.py:137} INFO - [2023-05-13T06:29:46.589+0000] {dag.py:2690} INFO - Sync 2 DAGs
[2023-05-13T06:29:46.591+0000] {logging_mixin.py:137} INFO - [2023-05-13T06:29:46.591+0000] {dag.py:3441} INFO - Setting next_dagrun for example_subdag_operator.section-1 to None, run_after=None
[2023-05-13T06:29:46.592+0000] {logging_mixin.py:137} INFO - [2023-05-13T06:29:46.592+0000] {dag.py:3441} INFO - Setting next_dagrun for example_subdag_operator.section-2 to None, run_after=None
[2023-05-13T06:29:46.599+0000] {processor.py:175} INFO - Processing /home/airflow/.local/lib/python3.7/site-packages/airflow/example_dags/example_subdag_operator.py took 0.066 seconds
[2023-05-13T06:30:16.698+0000] {processor.py:153} INFO - Started process (PID=1120) to work on /home/airflow/.local/lib/python3.7/site-packages/airflow/example_dags/example_subdag_operator.py
[2023-05-13T06:30:16.699+0000] {processor.py:743} INFO - Processing file /home/airflow/.local/lib/python3.7/site-packages/airflow/example_dags/example_subdag_operator.py for tasks to queue
[2023-05-13T06:30:16.700+0000] {logging_mixin.py:137} INFO - [2023-05-13T06:30:16.700+0000] {dagbag.py:538} INFO - Filling up the DagBag from /home/airflow/.local/lib/python3.7/site-packages/airflow/example_dags/example_subdag_operator.py
[2023-05-13T06:30:16.721+0000] {processor.py:753} INFO - DAG(s) dict_keys(['example_subdag_operator.section-1', 'example_subdag_operator.section-2', 'example_subdag_operator']) retrieved from /home/airflow/.local/lib/python3.7/site-packages/airflow/example_dags/example_subdag_operator.py
[2023-05-13T06:30:16.730+0000] {logging_mixin.py:137} INFO - [2023-05-13T06:30:16.730+0000] {dag.py:2690} INFO - Sync 3 DAGs
[2023-05-13T06:30:16.743+0000] {logging_mixin.py:137} INFO - [2023-05-13T06:30:16.743+0000] {dag.py:3441} INFO - Setting next_dagrun for example_subdag_operator to 2022-01-01T00:00:00+00:00, run_after=2022-01-01T00:00:00+00:00
[2023-05-13T06:30:16.745+0000] {logging_mixin.py:137} INFO - [2023-05-13T06:30:16.745+0000] {dag.py:3441} INFO - Setting next_dagrun for example_subdag_operator.section-1 to None, run_after=None
[2023-05-13T06:30:16.746+0000] {logging_mixin.py:137} INFO - [2023-05-13T06:30:16.746+0000] {dag.py:3441} INFO - Setting next_dagrun for example_subdag_operator.section-2 to None, run_after=None
[2023-05-13T06:30:16.750+0000] {logging_mixin.py:137} INFO - [2023-05-13T06:30:16.750+0000] {dag.py:2690} INFO - Sync 2 DAGs
[2023-05-13T06:30:16.753+0000] {logging_mixin.py:137} INFO - [2023-05-13T06:30:16.753+0000] {dag.py:3441} INFO - Setting next_dagrun for example_subdag_operator.section-1 to None, run_after=None
[2023-05-13T06:30:16.754+0000] {logging_mixin.py:137} INFO - [2023-05-13T06:30:16.754+0000] {dag.py:3441} INFO - Setting next_dagrun for example_subdag_operator.section-2 to None, run_after=None
[2023-05-13T06:30:16.758+0000] {processor.py:175} INFO - Processing /home/airflow/.local/lib/python3.7/site-packages/airflow/example_dags/example_subdag_operator.py took 0.062 seconds
[2023-05-13T06:30:46.837+0000] {processor.py:153} INFO - Started process (PID=1194) to work on /home/airflow/.local/lib/python3.7/site-packages/airflow/example_dags/example_subdag_operator.py
[2023-05-13T06:30:46.838+0000] {processor.py:743} INFO - Processing file /home/airflow/.local/lib/python3.7/site-packages/airflow/example_dags/example_subdag_operator.py for tasks to queue
[2023-05-13T06:30:46.839+0000] {logging_mixin.py:137} INFO - [2023-05-13T06:30:46.839+0000] {dagbag.py:538} INFO - Filling up the DagBag from /home/airflow/.local/lib/python3.7/site-packages/airflow/example_dags/example_subdag_operator.py
[2023-05-13T06:30:46.865+0000] {processor.py:753} INFO - DAG(s) dict_keys(['example_subdag_operator.section-1', 'example_subdag_operator.section-2', 'example_subdag_operator']) retrieved from /home/airflow/.local/lib/python3.7/site-packages/airflow/example_dags/example_subdag_operator.py
[2023-05-13T06:30:46.875+0000] {logging_mixin.py:137} INFO - [2023-05-13T06:30:46.875+0000] {dag.py:2690} INFO - Sync 3 DAGs
[2023-05-13T06:30:46.889+0000] {logging_mixin.py:137} INFO - [2023-05-13T06:30:46.888+0000] {dag.py:3441} INFO - Setting next_dagrun for example_subdag_operator to 2022-01-01T00:00:00+00:00, run_after=2022-01-01T00:00:00+00:00
[2023-05-13T06:30:46.891+0000] {logging_mixin.py:137} INFO - [2023-05-13T06:30:46.891+0000] {dag.py:3441} INFO - Setting next_dagrun for example_subdag_operator.section-1 to None, run_after=None
[2023-05-13T06:30:46.892+0000] {logging_mixin.py:137} INFO - [2023-05-13T06:30:46.892+0000] {dag.py:3441} INFO - Setting next_dagrun for example_subdag_operator.section-2 to None, run_after=None
[2023-05-13T06:30:46.896+0000] {logging_mixin.py:137} INFO - [2023-05-13T06:30:46.896+0000] {dag.py:2690} INFO - Sync 2 DAGs
[2023-05-13T06:30:46.898+0000] {logging_mixin.py:137} INFO - [2023-05-13T06:30:46.898+0000] {dag.py:3441} INFO - Setting next_dagrun for example_subdag_operator.section-1 to None, run_after=None
[2023-05-13T06:30:46.899+0000] {logging_mixin.py:137} INFO - [2023-05-13T06:30:46.899+0000] {dag.py:3441} INFO - Setting next_dagrun for example_subdag_operator.section-2 to None, run_after=None
[2023-05-13T06:30:46.904+0000] {processor.py:175} INFO - Processing /home/airflow/.local/lib/python3.7/site-packages/airflow/example_dags/example_subdag_operator.py took 0.070 seconds
[2023-05-13T06:31:17.863+0000] {processor.py:153} INFO - Started process (PID=1258) to work on /home/airflow/.local/lib/python3.7/site-packages/airflow/example_dags/example_subdag_operator.py
[2023-05-13T06:31:17.864+0000] {processor.py:743} INFO - Processing file /home/airflow/.local/lib/python3.7/site-packages/airflow/example_dags/example_subdag_operator.py for tasks to queue
[2023-05-13T06:31:17.864+0000] {logging_mixin.py:137} INFO - [2023-05-13T06:31:17.864+0000] {dagbag.py:538} INFO - Filling up the DagBag from /home/airflow/.local/lib/python3.7/site-packages/airflow/example_dags/example_subdag_operator.py
[2023-05-13T06:31:17.899+0000] {processor.py:753} INFO - DAG(s) dict_keys(['example_subdag_operator.section-1', 'example_subdag_operator.section-2', 'example_subdag_operator']) retrieved from /home/airflow/.local/lib/python3.7/site-packages/airflow/example_dags/example_subdag_operator.py
[2023-05-13T06:31:17.912+0000] {logging_mixin.py:137} INFO - [2023-05-13T06:31:17.911+0000] {dag.py:2690} INFO - Sync 3 DAGs
[2023-05-13T06:31:17.925+0000] {logging_mixin.py:137} INFO - [2023-05-13T06:31:17.925+0000] {dag.py:3441} INFO - Setting next_dagrun for example_subdag_operator to 2022-01-01T00:00:00+00:00, run_after=2022-01-01T00:00:00+00:00
[2023-05-13T06:31:17.927+0000] {logging_mixin.py:137} INFO - [2023-05-13T06:31:17.927+0000] {dag.py:3441} INFO - Setting next_dagrun for example_subdag_operator.section-1 to None, run_after=None
[2023-05-13T06:31:17.928+0000] {logging_mixin.py:137} INFO - [2023-05-13T06:31:17.928+0000] {dag.py:3441} INFO - Setting next_dagrun for example_subdag_operator.section-2 to None, run_after=None
[2023-05-13T06:31:17.932+0000] {logging_mixin.py:137} INFO - [2023-05-13T06:31:17.932+0000] {dag.py:2690} INFO - Sync 2 DAGs
[2023-05-13T06:31:17.935+0000] {logging_mixin.py:137} INFO - [2023-05-13T06:31:17.935+0000] {dag.py:3441} INFO - Setting next_dagrun for example_subdag_operator.section-1 to None, run_after=None
[2023-05-13T06:31:17.935+0000] {logging_mixin.py:137} INFO - [2023-05-13T06:31:17.935+0000] {dag.py:3441} INFO - Setting next_dagrun for example_subdag_operator.section-2 to None, run_after=None
[2023-05-13T06:31:17.940+0000] {processor.py:175} INFO - Processing /home/airflow/.local/lib/python3.7/site-packages/airflow/example_dags/example_subdag_operator.py took 0.079 seconds
[2023-05-13T06:31:47.999+0000] {processor.py:153} INFO - Started process (PID=1332) to work on /home/airflow/.local/lib/python3.7/site-packages/airflow/example_dags/example_subdag_operator.py
[2023-05-13T06:31:48.000+0000] {processor.py:743} INFO - Processing file /home/airflow/.local/lib/python3.7/site-packages/airflow/example_dags/example_subdag_operator.py for tasks to queue
[2023-05-13T06:31:48.001+0000] {logging_mixin.py:137} INFO - [2023-05-13T06:31:48.001+0000] {dagbag.py:538} INFO - Filling up the DagBag from /home/airflow/.local/lib/python3.7/site-packages/airflow/example_dags/example_subdag_operator.py
[2023-05-13T06:31:48.021+0000] {processor.py:753} INFO - DAG(s) dict_keys(['example_subdag_operator.section-1', 'example_subdag_operator.section-2', 'example_subdag_operator']) retrieved from /home/airflow/.local/lib/python3.7/site-packages/airflow/example_dags/example_subdag_operator.py
[2023-05-13T06:31:48.031+0000] {logging_mixin.py:137} INFO - [2023-05-13T06:31:48.031+0000] {dag.py:2690} INFO - Sync 3 DAGs
[2023-05-13T06:31:48.044+0000] {logging_mixin.py:137} INFO - [2023-05-13T06:31:48.044+0000] {dag.py:3441} INFO - Setting next_dagrun for example_subdag_operator to 2022-01-01T00:00:00+00:00, run_after=2022-01-01T00:00:00+00:00
[2023-05-13T06:31:48.046+0000] {logging_mixin.py:137} INFO - [2023-05-13T06:31:48.046+0000] {dag.py:3441} INFO - Setting next_dagrun for example_subdag_operator.section-1 to None, run_after=None
[2023-05-13T06:31:48.046+0000] {logging_mixin.py:137} INFO - [2023-05-13T06:31:48.046+0000] {dag.py:3441} INFO - Setting next_dagrun for example_subdag_operator.section-2 to None, run_after=None
[2023-05-13T06:31:48.050+0000] {logging_mixin.py:137} INFO - [2023-05-13T06:31:48.050+0000] {dag.py:2690} INFO - Sync 2 DAGs
[2023-05-13T06:31:48.053+0000] {logging_mixin.py:137} INFO - [2023-05-13T06:31:48.053+0000] {dag.py:3441} INFO - Setting next_dagrun for example_subdag_operator.section-1 to None, run_after=None
[2023-05-13T06:31:48.053+0000] {logging_mixin.py:137} INFO - [2023-05-13T06:31:48.053+0000] {dag.py:3441} INFO - Setting next_dagrun for example_subdag_operator.section-2 to None, run_after=None
[2023-05-13T06:31:48.058+0000] {processor.py:175} INFO - Processing /home/airflow/.local/lib/python3.7/site-packages/airflow/example_dags/example_subdag_operator.py took 0.061 seconds
[2023-05-13T06:32:18.134+0000] {processor.py:153} INFO - Started process (PID=1407) to work on /home/airflow/.local/lib/python3.7/site-packages/airflow/example_dags/example_subdag_operator.py
[2023-05-13T06:32:18.135+0000] {processor.py:743} INFO - Processing file /home/airflow/.local/lib/python3.7/site-packages/airflow/example_dags/example_subdag_operator.py for tasks to queue
[2023-05-13T06:32:18.135+0000] {logging_mixin.py:137} INFO - [2023-05-13T06:32:18.135+0000] {dagbag.py:538} INFO - Filling up the DagBag from /home/airflow/.local/lib/python3.7/site-packages/airflow/example_dags/example_subdag_operator.py
[2023-05-13T06:32:18.156+0000] {processor.py:753} INFO - DAG(s) dict_keys(['example_subdag_operator.section-1', 'example_subdag_operator.section-2', 'example_subdag_operator']) retrieved from /home/airflow/.local/lib/python3.7/site-packages/airflow/example_dags/example_subdag_operator.py
[2023-05-13T06:32:18.166+0000] {logging_mixin.py:137} INFO - [2023-05-13T06:32:18.166+0000] {dag.py:2690} INFO - Sync 3 DAGs
[2023-05-13T06:32:18.179+0000] {logging_mixin.py:137} INFO - [2023-05-13T06:32:18.179+0000] {dag.py:3441} INFO - Setting next_dagrun for example_subdag_operator to 2022-01-01T00:00:00+00:00, run_after=2022-01-01T00:00:00+00:00
[2023-05-13T06:32:18.181+0000] {logging_mixin.py:137} INFO - [2023-05-13T06:32:18.181+0000] {dag.py:3441} INFO - Setting next_dagrun for example_subdag_operator.section-1 to None, run_after=None
[2023-05-13T06:32:18.182+0000] {logging_mixin.py:137} INFO - [2023-05-13T06:32:18.182+0000] {dag.py:3441} INFO - Setting next_dagrun for example_subdag_operator.section-2 to None, run_after=None
[2023-05-13T06:32:18.186+0000] {logging_mixin.py:137} INFO - [2023-05-13T06:32:18.186+0000] {dag.py:2690} INFO - Sync 2 DAGs
[2023-05-13T06:32:18.189+0000] {logging_mixin.py:137} INFO - [2023-05-13T06:32:18.189+0000] {dag.py:3441} INFO - Setting next_dagrun for example_subdag_operator.section-1 to None, run_after=None
[2023-05-13T06:32:18.189+0000] {logging_mixin.py:137} INFO - [2023-05-13T06:32:18.189+0000] {dag.py:3441} INFO - Setting next_dagrun for example_subdag_operator.section-2 to None, run_after=None
[2023-05-13T06:32:18.194+0000] {processor.py:175} INFO - Processing /home/airflow/.local/lib/python3.7/site-packages/airflow/example_dags/example_subdag_operator.py took 0.062 seconds
[2023-05-13T06:32:49.251+0000] {processor.py:153} INFO - Started process (PID=1480) to work on /home/airflow/.local/lib/python3.7/site-packages/airflow/example_dags/example_subdag_operator.py
[2023-05-13T06:32:49.252+0000] {processor.py:743} INFO - Processing file /home/airflow/.local/lib/python3.7/site-packages/airflow/example_dags/example_subdag_operator.py for tasks to queue
[2023-05-13T06:32:49.252+0000] {logging_mixin.py:137} INFO - [2023-05-13T06:32:49.252+0000] {dagbag.py:538} INFO - Filling up the DagBag from /home/airflow/.local/lib/python3.7/site-packages/airflow/example_dags/example_subdag_operator.py
[2023-05-13T06:32:49.273+0000] {processor.py:753} INFO - DAG(s) dict_keys(['example_subdag_operator.section-1', 'example_subdag_operator.section-2', 'example_subdag_operator']) retrieved from /home/airflow/.local/lib/python3.7/site-packages/airflow/example_dags/example_subdag_operator.py
[2023-05-13T06:32:49.283+0000] {logging_mixin.py:137} INFO - [2023-05-13T06:32:49.283+0000] {dag.py:2690} INFO - Sync 3 DAGs
[2023-05-13T06:32:49.297+0000] {logging_mixin.py:137} INFO - [2023-05-13T06:32:49.297+0000] {dag.py:3441} INFO - Setting next_dagrun for example_subdag_operator to 2022-01-01T00:00:00+00:00, run_after=2022-01-01T00:00:00+00:00
[2023-05-13T06:32:49.299+0000] {logging_mixin.py:137} INFO - [2023-05-13T06:32:49.299+0000] {dag.py:3441} INFO - Setting next_dagrun for example_subdag_operator.section-1 to None, run_after=None
[2023-05-13T06:32:49.299+0000] {logging_mixin.py:137} INFO - [2023-05-13T06:32:49.299+0000] {dag.py:3441} INFO - Setting next_dagrun for example_subdag_operator.section-2 to None, run_after=None
[2023-05-13T06:32:49.303+0000] {logging_mixin.py:137} INFO - [2023-05-13T06:32:49.303+0000] {dag.py:2690} INFO - Sync 2 DAGs
[2023-05-13T06:32:49.308+0000] {logging_mixin.py:137} INFO - [2023-05-13T06:32:49.308+0000] {dag.py:3441} INFO - Setting next_dagrun for example_subdag_operator.section-1 to None, run_after=None
[2023-05-13T06:32:49.309+0000] {logging_mixin.py:137} INFO - [2023-05-13T06:32:49.309+0000] {dag.py:3441} INFO - Setting next_dagrun for example_subdag_operator.section-2 to None, run_after=None
[2023-05-13T06:32:49.315+0000] {processor.py:175} INFO - Processing /home/airflow/.local/lib/python3.7/site-packages/airflow/example_dags/example_subdag_operator.py took 0.067 seconds
[2023-05-13T06:33:19.632+0000] {processor.py:153} INFO - Started process (PID=1546) to work on /home/airflow/.local/lib/python3.7/site-packages/airflow/example_dags/example_subdag_operator.py
[2023-05-13T06:33:19.633+0000] {processor.py:743} INFO - Processing file /home/airflow/.local/lib/python3.7/site-packages/airflow/example_dags/example_subdag_operator.py for tasks to queue
[2023-05-13T06:33:19.634+0000] {logging_mixin.py:137} INFO - [2023-05-13T06:33:19.634+0000] {dagbag.py:538} INFO - Filling up the DagBag from /home/airflow/.local/lib/python3.7/site-packages/airflow/example_dags/example_subdag_operator.py
[2023-05-13T06:33:19.654+0000] {processor.py:753} INFO - DAG(s) dict_keys(['example_subdag_operator.section-1', 'example_subdag_operator.section-2', 'example_subdag_operator']) retrieved from /home/airflow/.local/lib/python3.7/site-packages/airflow/example_dags/example_subdag_operator.py
[2023-05-13T06:33:19.664+0000] {logging_mixin.py:137} INFO - [2023-05-13T06:33:19.663+0000] {dag.py:2690} INFO - Sync 3 DAGs
[2023-05-13T06:33:19.676+0000] {logging_mixin.py:137} INFO - [2023-05-13T06:33:19.676+0000] {dag.py:3441} INFO - Setting next_dagrun for example_subdag_operator to 2022-01-01T00:00:00+00:00, run_after=2022-01-01T00:00:00+00:00
[2023-05-13T06:33:19.678+0000] {logging_mixin.py:137} INFO - [2023-05-13T06:33:19.678+0000] {dag.py:3441} INFO - Setting next_dagrun for example_subdag_operator.section-1 to None, run_after=None
[2023-05-13T06:33:19.679+0000] {logging_mixin.py:137} INFO - [2023-05-13T06:33:19.679+0000] {dag.py:3441} INFO - Setting next_dagrun for example_subdag_operator.section-2 to None, run_after=None
[2023-05-13T06:33:19.683+0000] {logging_mixin.py:137} INFO - [2023-05-13T06:33:19.683+0000] {dag.py:2690} INFO - Sync 2 DAGs
[2023-05-13T06:33:19.686+0000] {logging_mixin.py:137} INFO - [2023-05-13T06:33:19.686+0000] {dag.py:3441} INFO - Setting next_dagrun for example_subdag_operator.section-1 to None, run_after=None
[2023-05-13T06:33:19.686+0000] {logging_mixin.py:137} INFO - [2023-05-13T06:33:19.686+0000] {dag.py:3441} INFO - Setting next_dagrun for example_subdag_operator.section-2 to None, run_after=None
[2023-05-13T06:33:19.691+0000] {processor.py:175} INFO - Processing /home/airflow/.local/lib/python3.7/site-packages/airflow/example_dags/example_subdag_operator.py took 0.061 seconds
[2023-05-13T06:33:49.746+0000] {processor.py:153} INFO - Started process (PID=1620) to work on /home/airflow/.local/lib/python3.7/site-packages/airflow/example_dags/example_subdag_operator.py
[2023-05-13T06:33:49.747+0000] {processor.py:743} INFO - Processing file /home/airflow/.local/lib/python3.7/site-packages/airflow/example_dags/example_subdag_operator.py for tasks to queue
[2023-05-13T06:33:49.747+0000] {logging_mixin.py:137} INFO - [2023-05-13T06:33:49.747+0000] {dagbag.py:538} INFO - Filling up the DagBag from /home/airflow/.local/lib/python3.7/site-packages/airflow/example_dags/example_subdag_operator.py
[2023-05-13T06:33:49.769+0000] {processor.py:753} INFO - DAG(s) dict_keys(['example_subdag_operator.section-1', 'example_subdag_operator.section-2', 'example_subdag_operator']) retrieved from /home/airflow/.local/lib/python3.7/site-packages/airflow/example_dags/example_subdag_operator.py
[2023-05-13T06:33:49.779+0000] {logging_mixin.py:137} INFO - [2023-05-13T06:33:49.778+0000] {dag.py:2690} INFO - Sync 3 DAGs
[2023-05-13T06:33:49.792+0000] {logging_mixin.py:137} INFO - [2023-05-13T06:33:49.792+0000] {dag.py:3441} INFO - Setting next_dagrun for example_subdag_operator to 2022-01-01T00:00:00+00:00, run_after=2022-01-01T00:00:00+00:00
[2023-05-13T06:33:49.794+0000] {logging_mixin.py:137} INFO - [2023-05-13T06:33:49.794+0000] {dag.py:3441} INFO - Setting next_dagrun for example_subdag_operator.section-1 to None, run_after=None
[2023-05-13T06:33:49.795+0000] {logging_mixin.py:137} INFO - [2023-05-13T06:33:49.795+0000] {dag.py:3441} INFO - Setting next_dagrun for example_subdag_operator.section-2 to None, run_after=None
[2023-05-13T06:33:49.801+0000] {logging_mixin.py:137} INFO - [2023-05-13T06:33:49.800+0000] {dag.py:2690} INFO - Sync 2 DAGs
[2023-05-13T06:33:49.804+0000] {logging_mixin.py:137} INFO - [2023-05-13T06:33:49.804+0000] {dag.py:3441} INFO - Setting next_dagrun for example_subdag_operator.section-1 to None, run_after=None
[2023-05-13T06:33:49.804+0000] {logging_mixin.py:137} INFO - [2023-05-13T06:33:49.804+0000] {dag.py:3441} INFO - Setting next_dagrun for example_subdag_operator.section-2 to None, run_after=None
[2023-05-13T06:33:49.815+0000] {processor.py:175} INFO - Processing /home/airflow/.local/lib/python3.7/site-packages/airflow/example_dags/example_subdag_operator.py took 0.071 seconds
[2023-05-13T06:34:19.935+0000] {processor.py:153} INFO - Started process (PID=1696) to work on /home/airflow/.local/lib/python3.7/site-packages/airflow/example_dags/example_subdag_operator.py
[2023-05-13T06:34:19.936+0000] {processor.py:743} INFO - Processing file /home/airflow/.local/lib/python3.7/site-packages/airflow/example_dags/example_subdag_operator.py for tasks to queue
[2023-05-13T06:34:19.937+0000] {logging_mixin.py:137} INFO - [2023-05-13T06:34:19.937+0000] {dagbag.py:538} INFO - Filling up the DagBag from /home/airflow/.local/lib/python3.7/site-packages/airflow/example_dags/example_subdag_operator.py
[2023-05-13T06:34:19.961+0000] {processor.py:753} INFO - DAG(s) dict_keys(['example_subdag_operator.section-1', 'example_subdag_operator.section-2', 'example_subdag_operator']) retrieved from /home/airflow/.local/lib/python3.7/site-packages/airflow/example_dags/example_subdag_operator.py
[2023-05-13T06:34:19.972+0000] {logging_mixin.py:137} INFO - [2023-05-13T06:34:19.972+0000] {dag.py:2690} INFO - Sync 3 DAGs
[2023-05-13T06:34:19.987+0000] {logging_mixin.py:137} INFO - [2023-05-13T06:34:19.987+0000] {dag.py:3441} INFO - Setting next_dagrun for example_subdag_operator to 2022-01-01T00:00:00+00:00, run_after=2022-01-01T00:00:00+00:00
[2023-05-13T06:34:19.990+0000] {logging_mixin.py:137} INFO - [2023-05-13T06:34:19.990+0000] {dag.py:3441} INFO - Setting next_dagrun for example_subdag_operator.section-1 to None, run_after=None
[2023-05-13T06:34:19.991+0000] {logging_mixin.py:137} INFO - [2023-05-13T06:34:19.991+0000] {dag.py:3441} INFO - Setting next_dagrun for example_subdag_operator.section-2 to None, run_after=None
[2023-05-13T06:34:19.996+0000] {logging_mixin.py:137} INFO - [2023-05-13T06:34:19.996+0000] {dag.py:2690} INFO - Sync 2 DAGs
[2023-05-13T06:34:19.999+0000] {logging_mixin.py:137} INFO - [2023-05-13T06:34:19.999+0000] {dag.py:3441} INFO - Setting next_dagrun for example_subdag_operator.section-1 to None, run_after=None
[2023-05-13T06:34:20.000+0000] {logging_mixin.py:137} INFO - [2023-05-13T06:34:20.000+0000] {dag.py:3441} INFO - Setting next_dagrun for example_subdag_operator.section-2 to None, run_after=None
[2023-05-13T06:34:20.005+0000] {processor.py:175} INFO - Processing /home/airflow/.local/lib/python3.7/site-packages/airflow/example_dags/example_subdag_operator.py took 0.072 seconds
[2023-05-13T06:34:50.928+0000] {processor.py:153} INFO - Started process (PID=1759) to work on /home/airflow/.local/lib/python3.7/site-packages/airflow/example_dags/example_subdag_operator.py
[2023-05-13T06:34:50.929+0000] {processor.py:743} INFO - Processing file /home/airflow/.local/lib/python3.7/site-packages/airflow/example_dags/example_subdag_operator.py for tasks to queue
[2023-05-13T06:34:50.930+0000] {logging_mixin.py:137} INFO - [2023-05-13T06:34:50.930+0000] {dagbag.py:538} INFO - Filling up the DagBag from /home/airflow/.local/lib/python3.7/site-packages/airflow/example_dags/example_subdag_operator.py
[2023-05-13T06:34:50.952+0000] {processor.py:753} INFO - DAG(s) dict_keys(['example_subdag_operator.section-1', 'example_subdag_operator.section-2', 'example_subdag_operator']) retrieved from /home/airflow/.local/lib/python3.7/site-packages/airflow/example_dags/example_subdag_operator.py
[2023-05-13T06:34:50.963+0000] {logging_mixin.py:137} INFO - [2023-05-13T06:34:50.963+0000] {dag.py:2690} INFO - Sync 3 DAGs
[2023-05-13T06:34:50.976+0000] {logging_mixin.py:137} INFO - [2023-05-13T06:34:50.975+0000] {dag.py:3441} INFO - Setting next_dagrun for example_subdag_operator to 2022-01-01T00:00:00+00:00, run_after=2022-01-01T00:00:00+00:00
[2023-05-13T06:34:50.977+0000] {logging_mixin.py:137} INFO - [2023-05-13T06:34:50.977+0000] {dag.py:3441} INFO - Setting next_dagrun for example_subdag_operator.section-1 to None, run_after=None
[2023-05-13T06:34:50.978+0000] {logging_mixin.py:137} INFO - [2023-05-13T06:34:50.978+0000] {dag.py:3441} INFO - Setting next_dagrun for example_subdag_operator.section-2 to None, run_after=None
[2023-05-13T06:34:50.982+0000] {logging_mixin.py:137} INFO - [2023-05-13T06:34:50.982+0000] {dag.py:2690} INFO - Sync 2 DAGs
[2023-05-13T06:34:50.985+0000] {logging_mixin.py:137} INFO - [2023-05-13T06:34:50.985+0000] {dag.py:3441} INFO - Setting next_dagrun for example_subdag_operator.section-1 to None, run_after=None
[2023-05-13T06:34:50.986+0000] {logging_mixin.py:137} INFO - [2023-05-13T06:34:50.986+0000] {dag.py:3441} INFO - Setting next_dagrun for example_subdag_operator.section-2 to None, run_after=None
[2023-05-13T06:34:50.991+0000] {processor.py:175} INFO - Processing /home/airflow/.local/lib/python3.7/site-packages/airflow/example_dags/example_subdag_operator.py took 0.065 seconds
[2023-05-13T06:35:21.929+0000] {processor.py:153} INFO - Started process (PID=1833) to work on /home/airflow/.local/lib/python3.7/site-packages/airflow/example_dags/example_subdag_operator.py
[2023-05-13T06:35:21.930+0000] {processor.py:743} INFO - Processing file /home/airflow/.local/lib/python3.7/site-packages/airflow/example_dags/example_subdag_operator.py for tasks to queue
[2023-05-13T06:35:21.930+0000] {logging_mixin.py:137} INFO - [2023-05-13T06:35:21.930+0000] {dagbag.py:538} INFO - Filling up the DagBag from /home/airflow/.local/lib/python3.7/site-packages/airflow/example_dags/example_subdag_operator.py
[2023-05-13T06:35:21.951+0000] {processor.py:753} INFO - DAG(s) dict_keys(['example_subdag_operator.section-1', 'example_subdag_operator.section-2', 'example_subdag_operator']) retrieved from /home/airflow/.local/lib/python3.7/site-packages/airflow/example_dags/example_subdag_operator.py
[2023-05-13T06:35:21.961+0000] {logging_mixin.py:137} INFO - [2023-05-13T06:35:21.961+0000] {dag.py:2690} INFO - Sync 3 DAGs
[2023-05-13T06:35:21.973+0000] {logging_mixin.py:137} INFO - [2023-05-13T06:35:21.973+0000] {dag.py:3441} INFO - Setting next_dagrun for example_subdag_operator to 2022-01-01T00:00:00+00:00, run_after=2022-01-01T00:00:00+00:00
[2023-05-13T06:35:21.975+0000] {logging_mixin.py:137} INFO - [2023-05-13T06:35:21.975+0000] {dag.py:3441} INFO - Setting next_dagrun for example_subdag_operator.section-1 to None, run_after=None
[2023-05-13T06:35:21.976+0000] {logging_mixin.py:137} INFO - [2023-05-13T06:35:21.976+0000] {dag.py:3441} INFO - Setting next_dagrun for example_subdag_operator.section-2 to None, run_after=None
[2023-05-13T06:35:21.980+0000] {logging_mixin.py:137} INFO - [2023-05-13T06:35:21.980+0000] {dag.py:2690} INFO - Sync 2 DAGs
[2023-05-13T06:35:21.983+0000] {logging_mixin.py:137} INFO - [2023-05-13T06:35:21.983+0000] {dag.py:3441} INFO - Setting next_dagrun for example_subdag_operator.section-1 to None, run_after=None
[2023-05-13T06:35:21.983+0000] {logging_mixin.py:137} INFO - [2023-05-13T06:35:21.983+0000] {dag.py:3441} INFO - Setting next_dagrun for example_subdag_operator.section-2 to None, run_after=None
[2023-05-13T06:35:21.988+0000] {processor.py:175} INFO - Processing /home/airflow/.local/lib/python3.7/site-packages/airflow/example_dags/example_subdag_operator.py took 0.061 seconds
[2023-05-13T06:35:52.063+0000] {processor.py:153} INFO - Started process (PID=1908) to work on /home/airflow/.local/lib/python3.7/site-packages/airflow/example_dags/example_subdag_operator.py
[2023-05-13T06:35:52.063+0000] {processor.py:743} INFO - Processing file /home/airflow/.local/lib/python3.7/site-packages/airflow/example_dags/example_subdag_operator.py for tasks to queue
[2023-05-13T06:35:52.064+0000] {logging_mixin.py:137} INFO - [2023-05-13T06:35:52.064+0000] {dagbag.py:538} INFO - Filling up the DagBag from /home/airflow/.local/lib/python3.7/site-packages/airflow/example_dags/example_subdag_operator.py
[2023-05-13T06:35:52.085+0000] {processor.py:753} INFO - DAG(s) dict_keys(['example_subdag_operator.section-1', 'example_subdag_operator.section-2', 'example_subdag_operator']) retrieved from /home/airflow/.local/lib/python3.7/site-packages/airflow/example_dags/example_subdag_operator.py
[2023-05-13T06:35:52.095+0000] {logging_mixin.py:137} INFO - [2023-05-13T06:35:52.095+0000] {dag.py:2690} INFO - Sync 3 DAGs
[2023-05-13T06:35:52.108+0000] {logging_mixin.py:137} INFO - [2023-05-13T06:35:52.108+0000] {dag.py:3441} INFO - Setting next_dagrun for example_subdag_operator to 2022-01-01T00:00:00+00:00, run_after=2022-01-01T00:00:00+00:00
[2023-05-13T06:35:52.110+0000] {logging_mixin.py:137} INFO - [2023-05-13T06:35:52.110+0000] {dag.py:3441} INFO - Setting next_dagrun for example_subdag_operator.section-1 to None, run_after=None
[2023-05-13T06:35:52.111+0000] {logging_mixin.py:137} INFO - [2023-05-13T06:35:52.111+0000] {dag.py:3441} INFO - Setting next_dagrun for example_subdag_operator.section-2 to None, run_after=None
[2023-05-13T06:35:52.115+0000] {logging_mixin.py:137} INFO - [2023-05-13T06:35:52.115+0000] {dag.py:2690} INFO - Sync 2 DAGs
[2023-05-13T06:35:52.118+0000] {logging_mixin.py:137} INFO - [2023-05-13T06:35:52.118+0000] {dag.py:3441} INFO - Setting next_dagrun for example_subdag_operator.section-1 to None, run_after=None
[2023-05-13T06:35:52.118+0000] {logging_mixin.py:137} INFO - [2023-05-13T06:35:52.118+0000] {dag.py:3441} INFO - Setting next_dagrun for example_subdag_operator.section-2 to None, run_after=None
[2023-05-13T06:35:52.123+0000] {processor.py:175} INFO - Processing /home/airflow/.local/lib/python3.7/site-packages/airflow/example_dags/example_subdag_operator.py took 0.063 seconds
[2023-05-13T06:36:23.089+0000] {processor.py:153} INFO - Started process (PID=1979) to work on /home/airflow/.local/lib/python3.7/site-packages/airflow/example_dags/example_subdag_operator.py
[2023-05-13T06:36:23.090+0000] {processor.py:743} INFO - Processing file /home/airflow/.local/lib/python3.7/site-packages/airflow/example_dags/example_subdag_operator.py for tasks to queue
[2023-05-13T06:36:23.091+0000] {logging_mixin.py:137} INFO - [2023-05-13T06:36:23.091+0000] {dagbag.py:538} INFO - Filling up the DagBag from /home/airflow/.local/lib/python3.7/site-packages/airflow/example_dags/example_subdag_operator.py
[2023-05-13T06:36:23.122+0000] {processor.py:753} INFO - DAG(s) dict_keys(['example_subdag_operator.section-1', 'example_subdag_operator.section-2', 'example_subdag_operator']) retrieved from /home/airflow/.local/lib/python3.7/site-packages/airflow/example_dags/example_subdag_operator.py
[2023-05-13T06:36:23.132+0000] {logging_mixin.py:137} INFO - [2023-05-13T06:36:23.132+0000] {dag.py:2690} INFO - Sync 3 DAGs
[2023-05-13T06:36:23.147+0000] {logging_mixin.py:137} INFO - [2023-05-13T06:36:23.147+0000] {dag.py:3441} INFO - Setting next_dagrun for example_subdag_operator to 2022-01-01T00:00:00+00:00, run_after=2022-01-01T00:00:00+00:00
[2023-05-13T06:36:23.149+0000] {logging_mixin.py:137} INFO - [2023-05-13T06:36:23.149+0000] {dag.py:3441} INFO - Setting next_dagrun for example_subdag_operator.section-1 to None, run_after=None
[2023-05-13T06:36:23.150+0000] {logging_mixin.py:137} INFO - [2023-05-13T06:36:23.150+0000] {dag.py:3441} INFO - Setting next_dagrun for example_subdag_operator.section-2 to None, run_after=None
[2023-05-13T06:36:23.154+0000] {logging_mixin.py:137} INFO - [2023-05-13T06:36:23.154+0000] {dag.py:2690} INFO - Sync 2 DAGs
[2023-05-13T06:36:23.159+0000] {logging_mixin.py:137} INFO - [2023-05-13T06:36:23.159+0000] {dag.py:3441} INFO - Setting next_dagrun for example_subdag_operator.section-1 to None, run_after=None
[2023-05-13T06:36:23.159+0000] {logging_mixin.py:137} INFO - [2023-05-13T06:36:23.159+0000] {dag.py:3441} INFO - Setting next_dagrun for example_subdag_operator.section-2 to None, run_after=None
[2023-05-13T06:36:23.170+0000] {processor.py:175} INFO - Processing /home/airflow/.local/lib/python3.7/site-packages/airflow/example_dags/example_subdag_operator.py took 0.084 seconds
[2023-05-13T06:42:12.605+0000] {processor.py:153} INFO - Started process (PID=2715) to work on /home/airflow/.local/lib/python3.7/site-packages/airflow/example_dags/example_subdag_operator.py
[2023-05-13T06:42:12.606+0000] {processor.py:743} INFO - Processing file /home/airflow/.local/lib/python3.7/site-packages/airflow/example_dags/example_subdag_operator.py for tasks to queue
[2023-05-13T06:42:12.607+0000] {logging_mixin.py:137} INFO - [2023-05-13T06:42:12.607+0000] {dagbag.py:538} INFO - Filling up the DagBag from /home/airflow/.local/lib/python3.7/site-packages/airflow/example_dags/example_subdag_operator.py
[2023-05-13T06:42:12.627+0000] {processor.py:753} INFO - DAG(s) dict_keys(['example_subdag_operator.section-1', 'example_subdag_operator.section-2', 'example_subdag_operator']) retrieved from /home/airflow/.local/lib/python3.7/site-packages/airflow/example_dags/example_subdag_operator.py
[2023-05-13T06:42:12.656+0000] {logging_mixin.py:137} INFO - [2023-05-13T06:42:12.656+0000] {dag.py:2690} INFO - Sync 3 DAGs
[2023-05-13T06:42:12.667+0000] {logging_mixin.py:137} INFO - [2023-05-13T06:42:12.667+0000] {dag.py:3441} INFO - Setting next_dagrun for example_subdag_operator to 2022-01-01T00:00:00+00:00, run_after=2022-01-01T00:00:00+00:00
[2023-05-13T06:42:12.669+0000] {logging_mixin.py:137} INFO - [2023-05-13T06:42:12.669+0000] {dag.py:3441} INFO - Setting next_dagrun for example_subdag_operator.section-1 to None, run_after=None
[2023-05-13T06:42:12.670+0000] {logging_mixin.py:137} INFO - [2023-05-13T06:42:12.670+0000] {dag.py:3441} INFO - Setting next_dagrun for example_subdag_operator.section-2 to None, run_after=None
[2023-05-13T06:42:12.674+0000] {logging_mixin.py:137} INFO - [2023-05-13T06:42:12.674+0000] {dag.py:2690} INFO - Sync 2 DAGs
[2023-05-13T06:42:12.677+0000] {logging_mixin.py:137} INFO - [2023-05-13T06:42:12.677+0000] {dag.py:3441} INFO - Setting next_dagrun for example_subdag_operator.section-1 to None, run_after=None
[2023-05-13T06:42:12.677+0000] {logging_mixin.py:137} INFO - [2023-05-13T06:42:12.677+0000] {dag.py:3441} INFO - Setting next_dagrun for example_subdag_operator.section-2 to None, run_after=None
[2023-05-13T06:42:12.682+0000] {processor.py:175} INFO - Processing /home/airflow/.local/lib/python3.7/site-packages/airflow/example_dags/example_subdag_operator.py took 0.079 seconds
