[2023-05-13T06:22:38.347+0000] {processor.py:153} INFO - Started process (PID=59) to work on /home/airflow/.local/lib/python3.7/site-packages/airflow/example_dags/example_sensors.py
[2023-05-13T06:22:38.348+0000] {processor.py:743} INFO - Processing file /home/airflow/.local/lib/python3.7/site-packages/airflow/example_dags/example_sensors.py for tasks to queue
[2023-05-13T06:22:38.349+0000] {logging_mixin.py:137} INFO - [2023-05-13T06:22:38.349+0000] {dagbag.py:538} INFO - Filling up the DagBag from /home/airflow/.local/lib/python3.7/site-packages/airflow/example_dags/example_sensors.py
[2023-05-13T06:22:38.365+0000] {processor.py:753} INFO - DAG(s) dict_keys(['example_sensors']) retrieved from /home/airflow/.local/lib/python3.7/site-packages/airflow/example_dags/example_sensors.py
[2023-05-13T06:22:38.386+0000] {logging_mixin.py:137} INFO - [2023-05-13T06:22:38.386+0000] {dag.py:2690} INFO - Sync 1 DAGs
[2023-05-13T06:22:38.402+0000] {logging_mixin.py:137} INFO - [2023-05-13T06:22:38.402+0000] {dag.py:3441} INFO - Setting next_dagrun for example_sensors to None, run_after=None
[2023-05-13T06:22:38.412+0000] {processor.py:175} INFO - Processing /home/airflow/.local/lib/python3.7/site-packages/airflow/example_dags/example_sensors.py took 0.067 seconds
[2023-05-13T06:23:09.301+0000] {processor.py:153} INFO - Started process (PID=134) to work on /home/airflow/.local/lib/python3.7/site-packages/airflow/example_dags/example_sensors.py
[2023-05-13T06:23:09.301+0000] {processor.py:743} INFO - Processing file /home/airflow/.local/lib/python3.7/site-packages/airflow/example_dags/example_sensors.py for tasks to queue
[2023-05-13T06:23:09.302+0000] {logging_mixin.py:137} INFO - [2023-05-13T06:23:09.302+0000] {dagbag.py:538} INFO - Filling up the DagBag from /home/airflow/.local/lib/python3.7/site-packages/airflow/example_dags/example_sensors.py
[2023-05-13T06:23:09.314+0000] {processor.py:753} INFO - DAG(s) dict_keys(['example_sensors']) retrieved from /home/airflow/.local/lib/python3.7/site-packages/airflow/example_dags/example_sensors.py
[2023-05-13T06:23:09.330+0000] {logging_mixin.py:137} INFO - [2023-05-13T06:23:09.330+0000] {dag.py:2690} INFO - Sync 1 DAGs
[2023-05-13T06:23:09.343+0000] {logging_mixin.py:137} INFO - [2023-05-13T06:23:09.343+0000] {dag.py:3441} INFO - Setting next_dagrun for example_sensors to None, run_after=None
[2023-05-13T06:23:09.352+0000] {processor.py:175} INFO - Processing /home/airflow/.local/lib/python3.7/site-packages/airflow/example_dags/example_sensors.py took 0.053 seconds
[2023-05-13T06:23:40.140+0000] {processor.py:153} INFO - Started process (PID=209) to work on /home/airflow/.local/lib/python3.7/site-packages/airflow/example_dags/example_sensors.py
[2023-05-13T06:23:40.141+0000] {processor.py:743} INFO - Processing file /home/airflow/.local/lib/python3.7/site-packages/airflow/example_dags/example_sensors.py for tasks to queue
[2023-05-13T06:23:40.142+0000] {logging_mixin.py:137} INFO - [2023-05-13T06:23:40.142+0000] {dagbag.py:538} INFO - Filling up the DagBag from /home/airflow/.local/lib/python3.7/site-packages/airflow/example_dags/example_sensors.py
[2023-05-13T06:23:40.154+0000] {processor.py:753} INFO - DAG(s) dict_keys(['example_sensors']) retrieved from /home/airflow/.local/lib/python3.7/site-packages/airflow/example_dags/example_sensors.py
[2023-05-13T06:23:40.172+0000] {logging_mixin.py:137} INFO - [2023-05-13T06:23:40.172+0000] {dag.py:2690} INFO - Sync 1 DAGs
[2023-05-13T06:23:40.186+0000] {logging_mixin.py:137} INFO - [2023-05-13T06:23:40.186+0000] {dag.py:3441} INFO - Setting next_dagrun for example_sensors to None, run_after=None
[2023-05-13T06:23:40.196+0000] {processor.py:175} INFO - Processing /home/airflow/.local/lib/python3.7/site-packages/airflow/example_dags/example_sensors.py took 0.059 seconds
[2023-05-13T06:24:11.086+0000] {processor.py:153} INFO - Started process (PID=273) to work on /home/airflow/.local/lib/python3.7/site-packages/airflow/example_dags/example_sensors.py
[2023-05-13T06:24:11.087+0000] {processor.py:743} INFO - Processing file /home/airflow/.local/lib/python3.7/site-packages/airflow/example_dags/example_sensors.py for tasks to queue
[2023-05-13T06:24:11.088+0000] {logging_mixin.py:137} INFO - [2023-05-13T06:24:11.088+0000] {dagbag.py:538} INFO - Filling up the DagBag from /home/airflow/.local/lib/python3.7/site-packages/airflow/example_dags/example_sensors.py
[2023-05-13T06:24:11.099+0000] {processor.py:753} INFO - DAG(s) dict_keys(['example_sensors']) retrieved from /home/airflow/.local/lib/python3.7/site-packages/airflow/example_dags/example_sensors.py
[2023-05-13T06:24:11.116+0000] {logging_mixin.py:137} INFO - [2023-05-13T06:24:11.116+0000] {dag.py:2690} INFO - Sync 1 DAGs
[2023-05-13T06:24:11.130+0000] {logging_mixin.py:137} INFO - [2023-05-13T06:24:11.130+0000] {dag.py:3441} INFO - Setting next_dagrun for example_sensors to None, run_after=None
[2023-05-13T06:24:11.139+0000] {processor.py:175} INFO - Processing /home/airflow/.local/lib/python3.7/site-packages/airflow/example_dags/example_sensors.py took 0.055 seconds
[2023-05-13T06:24:41.778+0000] {processor.py:153} INFO - Started process (PID=348) to work on /home/airflow/.local/lib/python3.7/site-packages/airflow/example_dags/example_sensors.py
[2023-05-13T06:24:41.779+0000] {processor.py:743} INFO - Processing file /home/airflow/.local/lib/python3.7/site-packages/airflow/example_dags/example_sensors.py for tasks to queue
[2023-05-13T06:24:41.779+0000] {logging_mixin.py:137} INFO - [2023-05-13T06:24:41.779+0000] {dagbag.py:538} INFO - Filling up the DagBag from /home/airflow/.local/lib/python3.7/site-packages/airflow/example_dags/example_sensors.py
[2023-05-13T06:24:41.790+0000] {processor.py:753} INFO - DAG(s) dict_keys(['example_sensors']) retrieved from /home/airflow/.local/lib/python3.7/site-packages/airflow/example_dags/example_sensors.py
[2023-05-13T06:24:41.808+0000] {logging_mixin.py:137} INFO - [2023-05-13T06:24:41.808+0000] {dag.py:2690} INFO - Sync 1 DAGs
[2023-05-13T06:24:41.821+0000] {logging_mixin.py:137} INFO - [2023-05-13T06:24:41.821+0000] {dag.py:3441} INFO - Setting next_dagrun for example_sensors to None, run_after=None
[2023-05-13T06:24:41.830+0000] {processor.py:175} INFO - Processing /home/airflow/.local/lib/python3.7/site-packages/airflow/example_dags/example_sensors.py took 0.055 seconds
[2023-05-13T06:25:12.570+0000] {processor.py:153} INFO - Started process (PID=422) to work on /home/airflow/.local/lib/python3.7/site-packages/airflow/example_dags/example_sensors.py
[2023-05-13T06:25:12.571+0000] {processor.py:743} INFO - Processing file /home/airflow/.local/lib/python3.7/site-packages/airflow/example_dags/example_sensors.py for tasks to queue
[2023-05-13T06:25:12.572+0000] {logging_mixin.py:137} INFO - [2023-05-13T06:25:12.571+0000] {dagbag.py:538} INFO - Filling up the DagBag from /home/airflow/.local/lib/python3.7/site-packages/airflow/example_dags/example_sensors.py
[2023-05-13T06:25:12.583+0000] {processor.py:753} INFO - DAG(s) dict_keys(['example_sensors']) retrieved from /home/airflow/.local/lib/python3.7/site-packages/airflow/example_dags/example_sensors.py
[2023-05-13T06:25:12.601+0000] {logging_mixin.py:137} INFO - [2023-05-13T06:25:12.601+0000] {dag.py:2690} INFO - Sync 1 DAGs
[2023-05-13T06:25:12.614+0000] {logging_mixin.py:137} INFO - [2023-05-13T06:25:12.614+0000] {dag.py:3441} INFO - Setting next_dagrun for example_sensors to None, run_after=None
[2023-05-13T06:25:12.623+0000] {processor.py:175} INFO - Processing /home/airflow/.local/lib/python3.7/site-packages/airflow/example_dags/example_sensors.py took 0.055 seconds
[2023-05-13T06:25:43.517+0000] {processor.py:153} INFO - Started process (PID=496) to work on /home/airflow/.local/lib/python3.7/site-packages/airflow/example_dags/example_sensors.py
[2023-05-13T06:25:43.519+0000] {processor.py:743} INFO - Processing file /home/airflow/.local/lib/python3.7/site-packages/airflow/example_dags/example_sensors.py for tasks to queue
[2023-05-13T06:25:43.519+0000] {logging_mixin.py:137} INFO - [2023-05-13T06:25:43.519+0000] {dagbag.py:538} INFO - Filling up the DagBag from /home/airflow/.local/lib/python3.7/site-packages/airflow/example_dags/example_sensors.py
[2023-05-13T06:25:43.535+0000] {processor.py:753} INFO - DAG(s) dict_keys(['example_sensors']) retrieved from /home/airflow/.local/lib/python3.7/site-packages/airflow/example_dags/example_sensors.py
[2023-05-13T06:25:43.559+0000] {logging_mixin.py:137} INFO - [2023-05-13T06:25:43.559+0000] {dag.py:2690} INFO - Sync 1 DAGs
[2023-05-13T06:25:43.578+0000] {logging_mixin.py:137} INFO - [2023-05-13T06:25:43.578+0000] {dag.py:3441} INFO - Setting next_dagrun for example_sensors to None, run_after=None
[2023-05-13T06:25:43.591+0000] {processor.py:175} INFO - Processing /home/airflow/.local/lib/python3.7/site-packages/airflow/example_dags/example_sensors.py took 0.077 seconds
[2023-05-13T06:26:13.667+0000] {processor.py:153} INFO - Started process (PID=560) to work on /home/airflow/.local/lib/python3.7/site-packages/airflow/example_dags/example_sensors.py
[2023-05-13T06:26:13.668+0000] {processor.py:743} INFO - Processing file /home/airflow/.local/lib/python3.7/site-packages/airflow/example_dags/example_sensors.py for tasks to queue
[2023-05-13T06:26:13.668+0000] {logging_mixin.py:137} INFO - [2023-05-13T06:26:13.668+0000] {dagbag.py:538} INFO - Filling up the DagBag from /home/airflow/.local/lib/python3.7/site-packages/airflow/example_dags/example_sensors.py
[2023-05-13T06:26:13.679+0000] {processor.py:753} INFO - DAG(s) dict_keys(['example_sensors']) retrieved from /home/airflow/.local/lib/python3.7/site-packages/airflow/example_dags/example_sensors.py
[2023-05-13T06:26:13.694+0000] {logging_mixin.py:137} INFO - [2023-05-13T06:26:13.694+0000] {dag.py:2690} INFO - Sync 1 DAGs
[2023-05-13T06:26:13.707+0000] {logging_mixin.py:137} INFO - [2023-05-13T06:26:13.707+0000] {dag.py:3441} INFO - Setting next_dagrun for example_sensors to None, run_after=None
[2023-05-13T06:26:13.716+0000] {processor.py:175} INFO - Processing /home/airflow/.local/lib/python3.7/site-packages/airflow/example_dags/example_sensors.py took 0.051 seconds
[2023-05-13T06:26:44.467+0000] {processor.py:153} INFO - Started process (PID=635) to work on /home/airflow/.local/lib/python3.7/site-packages/airflow/example_dags/example_sensors.py
[2023-05-13T06:26:44.468+0000] {processor.py:743} INFO - Processing file /home/airflow/.local/lib/python3.7/site-packages/airflow/example_dags/example_sensors.py for tasks to queue
[2023-05-13T06:26:44.469+0000] {logging_mixin.py:137} INFO - [2023-05-13T06:26:44.469+0000] {dagbag.py:538} INFO - Filling up the DagBag from /home/airflow/.local/lib/python3.7/site-packages/airflow/example_dags/example_sensors.py
[2023-05-13T06:26:44.480+0000] {processor.py:753} INFO - DAG(s) dict_keys(['example_sensors']) retrieved from /home/airflow/.local/lib/python3.7/site-packages/airflow/example_dags/example_sensors.py
[2023-05-13T06:26:44.497+0000] {logging_mixin.py:137} INFO - [2023-05-13T06:26:44.497+0000] {dag.py:2690} INFO - Sync 1 DAGs
[2023-05-13T06:26:44.511+0000] {logging_mixin.py:137} INFO - [2023-05-13T06:26:44.511+0000] {dag.py:3441} INFO - Setting next_dagrun for example_sensors to None, run_after=None
[2023-05-13T06:26:44.520+0000] {processor.py:175} INFO - Processing /home/airflow/.local/lib/python3.7/site-packages/airflow/example_dags/example_sensors.py took 0.055 seconds
[2023-05-13T06:27:14.764+0000] {processor.py:153} INFO - Started process (PID=710) to work on /home/airflow/.local/lib/python3.7/site-packages/airflow/example_dags/example_sensors.py
[2023-05-13T06:27:14.765+0000] {processor.py:743} INFO - Processing file /home/airflow/.local/lib/python3.7/site-packages/airflow/example_dags/example_sensors.py for tasks to queue
[2023-05-13T06:27:14.766+0000] {logging_mixin.py:137} INFO - [2023-05-13T06:27:14.766+0000] {dagbag.py:538} INFO - Filling up the DagBag from /home/airflow/.local/lib/python3.7/site-packages/airflow/example_dags/example_sensors.py
[2023-05-13T06:27:14.777+0000] {processor.py:753} INFO - DAG(s) dict_keys(['example_sensors']) retrieved from /home/airflow/.local/lib/python3.7/site-packages/airflow/example_dags/example_sensors.py
[2023-05-13T06:27:14.794+0000] {logging_mixin.py:137} INFO - [2023-05-13T06:27:14.794+0000] {dag.py:2690} INFO - Sync 1 DAGs
[2023-05-13T06:27:14.807+0000] {logging_mixin.py:137} INFO - [2023-05-13T06:27:14.807+0000] {dag.py:3441} INFO - Setting next_dagrun for example_sensors to None, run_after=None
[2023-05-13T06:27:14.816+0000] {processor.py:175} INFO - Processing /home/airflow/.local/lib/python3.7/site-packages/airflow/example_dags/example_sensors.py took 0.054 seconds
[2023-05-13T06:27:45.791+0000] {processor.py:153} INFO - Started process (PID=774) to work on /home/airflow/.local/lib/python3.7/site-packages/airflow/example_dags/example_sensors.py
[2023-05-13T06:27:45.792+0000] {processor.py:743} INFO - Processing file /home/airflow/.local/lib/python3.7/site-packages/airflow/example_dags/example_sensors.py for tasks to queue
[2023-05-13T06:27:45.792+0000] {logging_mixin.py:137} INFO - [2023-05-13T06:27:45.792+0000] {dagbag.py:538} INFO - Filling up the DagBag from /home/airflow/.local/lib/python3.7/site-packages/airflow/example_dags/example_sensors.py
[2023-05-13T06:27:45.803+0000] {processor.py:753} INFO - DAG(s) dict_keys(['example_sensors']) retrieved from /home/airflow/.local/lib/python3.7/site-packages/airflow/example_dags/example_sensors.py
[2023-05-13T06:27:45.820+0000] {logging_mixin.py:137} INFO - [2023-05-13T06:27:45.820+0000] {dag.py:2690} INFO - Sync 1 DAGs
[2023-05-13T06:27:45.833+0000] {logging_mixin.py:137} INFO - [2023-05-13T06:27:45.833+0000] {dag.py:3441} INFO - Setting next_dagrun for example_sensors to None, run_after=None
[2023-05-13T06:27:45.844+0000] {processor.py:175} INFO - Processing /home/airflow/.local/lib/python3.7/site-packages/airflow/example_dags/example_sensors.py took 0.055 seconds
[2023-05-13T06:28:15.894+0000] {processor.py:153} INFO - Started process (PID=849) to work on /home/airflow/.local/lib/python3.7/site-packages/airflow/example_dags/example_sensors.py
[2023-05-13T06:28:15.895+0000] {processor.py:743} INFO - Processing file /home/airflow/.local/lib/python3.7/site-packages/airflow/example_dags/example_sensors.py for tasks to queue
[2023-05-13T06:28:15.896+0000] {logging_mixin.py:137} INFO - [2023-05-13T06:28:15.896+0000] {dagbag.py:538} INFO - Filling up the DagBag from /home/airflow/.local/lib/python3.7/site-packages/airflow/example_dags/example_sensors.py
[2023-05-13T06:28:15.907+0000] {processor.py:753} INFO - DAG(s) dict_keys(['example_sensors']) retrieved from /home/airflow/.local/lib/python3.7/site-packages/airflow/example_dags/example_sensors.py
[2023-05-13T06:28:15.925+0000] {logging_mixin.py:137} INFO - [2023-05-13T06:28:15.924+0000] {dag.py:2690} INFO - Sync 1 DAGs
[2023-05-13T06:28:15.938+0000] {logging_mixin.py:137} INFO - [2023-05-13T06:28:15.938+0000] {dag.py:3441} INFO - Setting next_dagrun for example_sensors to None, run_after=None
[2023-05-13T06:28:15.947+0000] {processor.py:175} INFO - Processing /home/airflow/.local/lib/python3.7/site-packages/airflow/example_dags/example_sensors.py took 0.055 seconds
[2023-05-13T06:28:46.019+0000] {processor.py:153} INFO - Started process (PID=924) to work on /home/airflow/.local/lib/python3.7/site-packages/airflow/example_dags/example_sensors.py
[2023-05-13T06:28:46.020+0000] {processor.py:743} INFO - Processing file /home/airflow/.local/lib/python3.7/site-packages/airflow/example_dags/example_sensors.py for tasks to queue
[2023-05-13T06:28:46.021+0000] {logging_mixin.py:137} INFO - [2023-05-13T06:28:46.021+0000] {dagbag.py:538} INFO - Filling up the DagBag from /home/airflow/.local/lib/python3.7/site-packages/airflow/example_dags/example_sensors.py
[2023-05-13T06:28:46.033+0000] {processor.py:753} INFO - DAG(s) dict_keys(['example_sensors']) retrieved from /home/airflow/.local/lib/python3.7/site-packages/airflow/example_dags/example_sensors.py
[2023-05-13T06:28:46.050+0000] {logging_mixin.py:137} INFO - [2023-05-13T06:28:46.050+0000] {dag.py:2690} INFO - Sync 1 DAGs
[2023-05-13T06:28:46.064+0000] {logging_mixin.py:137} INFO - [2023-05-13T06:28:46.064+0000] {dag.py:3441} INFO - Setting next_dagrun for example_sensors to None, run_after=None
[2023-05-13T06:28:46.073+0000] {processor.py:175} INFO - Processing /home/airflow/.local/lib/python3.7/site-packages/airflow/example_dags/example_sensors.py took 0.056 seconds
[2023-05-13T06:29:17.198+0000] {processor.py:153} INFO - Started process (PID=999) to work on /home/airflow/.local/lib/python3.7/site-packages/airflow/example_dags/example_sensors.py
[2023-05-13T06:29:17.199+0000] {processor.py:743} INFO - Processing file /home/airflow/.local/lib/python3.7/site-packages/airflow/example_dags/example_sensors.py for tasks to queue
[2023-05-13T06:29:17.200+0000] {logging_mixin.py:137} INFO - [2023-05-13T06:29:17.200+0000] {dagbag.py:538} INFO - Filling up the DagBag from /home/airflow/.local/lib/python3.7/site-packages/airflow/example_dags/example_sensors.py
[2023-05-13T06:29:17.216+0000] {processor.py:753} INFO - DAG(s) dict_keys(['example_sensors']) retrieved from /home/airflow/.local/lib/python3.7/site-packages/airflow/example_dags/example_sensors.py
[2023-05-13T06:29:17.239+0000] {logging_mixin.py:137} INFO - [2023-05-13T06:29:17.239+0000] {dag.py:2690} INFO - Sync 1 DAGs
[2023-05-13T06:29:17.256+0000] {logging_mixin.py:137} INFO - [2023-05-13T06:29:17.256+0000] {dag.py:3441} INFO - Setting next_dagrun for example_sensors to None, run_after=None
[2023-05-13T06:29:17.268+0000] {processor.py:175} INFO - Processing /home/airflow/.local/lib/python3.7/site-packages/airflow/example_dags/example_sensors.py took 0.075 seconds
[2023-05-13T06:29:47.344+0000] {processor.py:153} INFO - Started process (PID=1062) to work on /home/airflow/.local/lib/python3.7/site-packages/airflow/example_dags/example_sensors.py
[2023-05-13T06:29:47.345+0000] {processor.py:743} INFO - Processing file /home/airflow/.local/lib/python3.7/site-packages/airflow/example_dags/example_sensors.py for tasks to queue
[2023-05-13T06:29:47.345+0000] {logging_mixin.py:137} INFO - [2023-05-13T06:29:47.345+0000] {dagbag.py:538} INFO - Filling up the DagBag from /home/airflow/.local/lib/python3.7/site-packages/airflow/example_dags/example_sensors.py
[2023-05-13T06:29:47.356+0000] {processor.py:753} INFO - DAG(s) dict_keys(['example_sensors']) retrieved from /home/airflow/.local/lib/python3.7/site-packages/airflow/example_dags/example_sensors.py
[2023-05-13T06:29:47.374+0000] {logging_mixin.py:137} INFO - [2023-05-13T06:29:47.374+0000] {dag.py:2690} INFO - Sync 1 DAGs
[2023-05-13T06:29:47.387+0000] {logging_mixin.py:137} INFO - [2023-05-13T06:29:47.387+0000] {dag.py:3441} INFO - Setting next_dagrun for example_sensors to None, run_after=None
[2023-05-13T06:29:47.398+0000] {processor.py:175} INFO - Processing /home/airflow/.local/lib/python3.7/site-packages/airflow/example_dags/example_sensors.py took 0.057 seconds
[2023-05-13T06:30:17.576+0000] {processor.py:153} INFO - Started process (PID=1137) to work on /home/airflow/.local/lib/python3.7/site-packages/airflow/example_dags/example_sensors.py
[2023-05-13T06:30:17.577+0000] {processor.py:743} INFO - Processing file /home/airflow/.local/lib/python3.7/site-packages/airflow/example_dags/example_sensors.py for tasks to queue
[2023-05-13T06:30:17.578+0000] {logging_mixin.py:137} INFO - [2023-05-13T06:30:17.577+0000] {dagbag.py:538} INFO - Filling up the DagBag from /home/airflow/.local/lib/python3.7/site-packages/airflow/example_dags/example_sensors.py
[2023-05-13T06:30:17.589+0000] {processor.py:753} INFO - DAG(s) dict_keys(['example_sensors']) retrieved from /home/airflow/.local/lib/python3.7/site-packages/airflow/example_dags/example_sensors.py
[2023-05-13T06:30:17.607+0000] {logging_mixin.py:137} INFO - [2023-05-13T06:30:17.607+0000] {dag.py:2690} INFO - Sync 1 DAGs
[2023-05-13T06:30:17.620+0000] {logging_mixin.py:137} INFO - [2023-05-13T06:30:17.620+0000] {dag.py:3441} INFO - Setting next_dagrun for example_sensors to None, run_after=None
[2023-05-13T06:30:17.630+0000] {processor.py:175} INFO - Processing /home/airflow/.local/lib/python3.7/site-packages/airflow/example_dags/example_sensors.py took 0.056 seconds
[2023-05-13T06:30:47.666+0000] {processor.py:153} INFO - Started process (PID=1211) to work on /home/airflow/.local/lib/python3.7/site-packages/airflow/example_dags/example_sensors.py
[2023-05-13T06:30:47.668+0000] {processor.py:743} INFO - Processing file /home/airflow/.local/lib/python3.7/site-packages/airflow/example_dags/example_sensors.py for tasks to queue
[2023-05-13T06:30:47.669+0000] {logging_mixin.py:137} INFO - [2023-05-13T06:30:47.669+0000] {dagbag.py:538} INFO - Filling up the DagBag from /home/airflow/.local/lib/python3.7/site-packages/airflow/example_dags/example_sensors.py
[2023-05-13T06:30:47.681+0000] {processor.py:753} INFO - DAG(s) dict_keys(['example_sensors']) retrieved from /home/airflow/.local/lib/python3.7/site-packages/airflow/example_dags/example_sensors.py
[2023-05-13T06:30:47.700+0000] {logging_mixin.py:137} INFO - [2023-05-13T06:30:47.700+0000] {dag.py:2690} INFO - Sync 1 DAGs
[2023-05-13T06:30:47.713+0000] {logging_mixin.py:137} INFO - [2023-05-13T06:30:47.713+0000] {dag.py:3441} INFO - Setting next_dagrun for example_sensors to None, run_after=None
[2023-05-13T06:30:47.723+0000] {processor.py:175} INFO - Processing /home/airflow/.local/lib/python3.7/site-packages/airflow/example_dags/example_sensors.py took 0.059 seconds
[2023-05-13T06:31:18.697+0000] {processor.py:153} INFO - Started process (PID=1275) to work on /home/airflow/.local/lib/python3.7/site-packages/airflow/example_dags/example_sensors.py
[2023-05-13T06:31:18.698+0000] {processor.py:743} INFO - Processing file /home/airflow/.local/lib/python3.7/site-packages/airflow/example_dags/example_sensors.py for tasks to queue
[2023-05-13T06:31:18.699+0000] {logging_mixin.py:137} INFO - [2023-05-13T06:31:18.699+0000] {dagbag.py:538} INFO - Filling up the DagBag from /home/airflow/.local/lib/python3.7/site-packages/airflow/example_dags/example_sensors.py
[2023-05-13T06:31:18.710+0000] {processor.py:753} INFO - DAG(s) dict_keys(['example_sensors']) retrieved from /home/airflow/.local/lib/python3.7/site-packages/airflow/example_dags/example_sensors.py
[2023-05-13T06:31:18.727+0000] {logging_mixin.py:137} INFO - [2023-05-13T06:31:18.727+0000] {dag.py:2690} INFO - Sync 1 DAGs
[2023-05-13T06:31:18.741+0000] {logging_mixin.py:137} INFO - [2023-05-13T06:31:18.741+0000] {dag.py:3441} INFO - Setting next_dagrun for example_sensors to None, run_after=None
[2023-05-13T06:31:18.750+0000] {processor.py:175} INFO - Processing /home/airflow/.local/lib/python3.7/site-packages/airflow/example_dags/example_sensors.py took 0.055 seconds
[2023-05-13T06:31:48.818+0000] {processor.py:153} INFO - Started process (PID=1349) to work on /home/airflow/.local/lib/python3.7/site-packages/airflow/example_dags/example_sensors.py
[2023-05-13T06:31:48.819+0000] {processor.py:743} INFO - Processing file /home/airflow/.local/lib/python3.7/site-packages/airflow/example_dags/example_sensors.py for tasks to queue
[2023-05-13T06:31:48.824+0000] {logging_mixin.py:137} INFO - [2023-05-13T06:31:48.824+0000] {dagbag.py:538} INFO - Filling up the DagBag from /home/airflow/.local/lib/python3.7/site-packages/airflow/example_dags/example_sensors.py
[2023-05-13T06:31:48.835+0000] {processor.py:753} INFO - DAG(s) dict_keys(['example_sensors']) retrieved from /home/airflow/.local/lib/python3.7/site-packages/airflow/example_dags/example_sensors.py
[2023-05-13T06:31:48.863+0000] {logging_mixin.py:137} INFO - [2023-05-13T06:31:48.863+0000] {dag.py:2690} INFO - Sync 1 DAGs
[2023-05-13T06:31:48.882+0000] {logging_mixin.py:137} INFO - [2023-05-13T06:31:48.882+0000] {dag.py:3441} INFO - Setting next_dagrun for example_sensors to None, run_after=None
[2023-05-13T06:31:48.908+0000] {processor.py:175} INFO - Processing /home/airflow/.local/lib/python3.7/site-packages/airflow/example_dags/example_sensors.py took 0.092 seconds
[2023-05-13T06:32:19.925+0000] {processor.py:153} INFO - Started process (PID=1424) to work on /home/airflow/.local/lib/python3.7/site-packages/airflow/example_dags/example_sensors.py
[2023-05-13T06:32:19.926+0000] {processor.py:743} INFO - Processing file /home/airflow/.local/lib/python3.7/site-packages/airflow/example_dags/example_sensors.py for tasks to queue
[2023-05-13T06:32:19.927+0000] {logging_mixin.py:137} INFO - [2023-05-13T06:32:19.927+0000] {dagbag.py:538} INFO - Filling up the DagBag from /home/airflow/.local/lib/python3.7/site-packages/airflow/example_dags/example_sensors.py
[2023-05-13T06:32:19.945+0000] {processor.py:753} INFO - DAG(s) dict_keys(['example_sensors']) retrieved from /home/airflow/.local/lib/python3.7/site-packages/airflow/example_dags/example_sensors.py
[2023-05-13T06:32:19.966+0000] {logging_mixin.py:137} INFO - [2023-05-13T06:32:19.965+0000] {dag.py:2690} INFO - Sync 1 DAGs
[2023-05-13T06:32:19.979+0000] {logging_mixin.py:137} INFO - [2023-05-13T06:32:19.979+0000] {dag.py:3441} INFO - Setting next_dagrun for example_sensors to None, run_after=None
[2023-05-13T06:32:19.989+0000] {processor.py:175} INFO - Processing /home/airflow/.local/lib/python3.7/site-packages/airflow/example_dags/example_sensors.py took 0.068 seconds
[2023-05-13T06:32:50.220+0000] {processor.py:153} INFO - Started process (PID=1500) to work on /home/airflow/.local/lib/python3.7/site-packages/airflow/example_dags/example_sensors.py
[2023-05-13T06:32:50.222+0000] {processor.py:743} INFO - Processing file /home/airflow/.local/lib/python3.7/site-packages/airflow/example_dags/example_sensors.py for tasks to queue
[2023-05-13T06:32:50.224+0000] {logging_mixin.py:137} INFO - [2023-05-13T06:32:50.224+0000] {dagbag.py:538} INFO - Filling up the DagBag from /home/airflow/.local/lib/python3.7/site-packages/airflow/example_dags/example_sensors.py
[2023-05-13T06:32:50.247+0000] {processor.py:753} INFO - DAG(s) dict_keys(['example_sensors']) retrieved from /home/airflow/.local/lib/python3.7/site-packages/airflow/example_dags/example_sensors.py
[2023-05-13T06:32:50.295+0000] {logging_mixin.py:137} INFO - [2023-05-13T06:32:50.294+0000] {dag.py:2690} INFO - Sync 1 DAGs
[2023-05-13T06:32:50.323+0000] {logging_mixin.py:137} INFO - [2023-05-13T06:32:50.323+0000] {dag.py:3441} INFO - Setting next_dagrun for example_sensors to None, run_after=None
[2023-05-13T06:32:50.389+0000] {processor.py:175} INFO - Processing /home/airflow/.local/lib/python3.7/site-packages/airflow/example_dags/example_sensors.py took 0.171 seconds
[2023-05-13T06:33:20.494+0000] {processor.py:153} INFO - Started process (PID=1563) to work on /home/airflow/.local/lib/python3.7/site-packages/airflow/example_dags/example_sensors.py
[2023-05-13T06:33:20.495+0000] {processor.py:743} INFO - Processing file /home/airflow/.local/lib/python3.7/site-packages/airflow/example_dags/example_sensors.py for tasks to queue
[2023-05-13T06:33:20.495+0000] {logging_mixin.py:137} INFO - [2023-05-13T06:33:20.495+0000] {dagbag.py:538} INFO - Filling up the DagBag from /home/airflow/.local/lib/python3.7/site-packages/airflow/example_dags/example_sensors.py
[2023-05-13T06:33:20.507+0000] {processor.py:753} INFO - DAG(s) dict_keys(['example_sensors']) retrieved from /home/airflow/.local/lib/python3.7/site-packages/airflow/example_dags/example_sensors.py
[2023-05-13T06:33:20.530+0000] {logging_mixin.py:137} INFO - [2023-05-13T06:33:20.530+0000] {dag.py:2690} INFO - Sync 1 DAGs
[2023-05-13T06:33:20.545+0000] {logging_mixin.py:137} INFO - [2023-05-13T06:33:20.545+0000] {dag.py:3441} INFO - Setting next_dagrun for example_sensors to None, run_after=None
[2023-05-13T06:33:20.556+0000] {processor.py:175} INFO - Processing /home/airflow/.local/lib/python3.7/site-packages/airflow/example_dags/example_sensors.py took 0.064 seconds
[2023-05-13T06:33:51.559+0000] {processor.py:153} INFO - Started process (PID=1637) to work on /home/airflow/.local/lib/python3.7/site-packages/airflow/example_dags/example_sensors.py
[2023-05-13T06:33:51.562+0000] {processor.py:743} INFO - Processing file /home/airflow/.local/lib/python3.7/site-packages/airflow/example_dags/example_sensors.py for tasks to queue
[2023-05-13T06:33:51.563+0000] {logging_mixin.py:137} INFO - [2023-05-13T06:33:51.563+0000] {dagbag.py:538} INFO - Filling up the DagBag from /home/airflow/.local/lib/python3.7/site-packages/airflow/example_dags/example_sensors.py
[2023-05-13T06:33:51.583+0000] {processor.py:753} INFO - DAG(s) dict_keys(['example_sensors']) retrieved from /home/airflow/.local/lib/python3.7/site-packages/airflow/example_dags/example_sensors.py
[2023-05-13T06:33:51.608+0000] {logging_mixin.py:137} INFO - [2023-05-13T06:33:51.608+0000] {dag.py:2690} INFO - Sync 1 DAGs
[2023-05-13T06:33:51.622+0000] {logging_mixin.py:137} INFO - [2023-05-13T06:33:51.622+0000] {dag.py:3441} INFO - Setting next_dagrun for example_sensors to None, run_after=None
[2023-05-13T06:33:51.633+0000] {processor.py:175} INFO - Processing /home/airflow/.local/lib/python3.7/site-packages/airflow/example_dags/example_sensors.py took 0.080 seconds
[2023-05-13T06:34:21.742+0000] {processor.py:153} INFO - Started process (PID=1713) to work on /home/airflow/.local/lib/python3.7/site-packages/airflow/example_dags/example_sensors.py
[2023-05-13T06:34:21.743+0000] {processor.py:743} INFO - Processing file /home/airflow/.local/lib/python3.7/site-packages/airflow/example_dags/example_sensors.py for tasks to queue
[2023-05-13T06:34:21.745+0000] {logging_mixin.py:137} INFO - [2023-05-13T06:34:21.744+0000] {dagbag.py:538} INFO - Filling up the DagBag from /home/airflow/.local/lib/python3.7/site-packages/airflow/example_dags/example_sensors.py
[2023-05-13T06:34:21.762+0000] {processor.py:753} INFO - DAG(s) dict_keys(['example_sensors']) retrieved from /home/airflow/.local/lib/python3.7/site-packages/airflow/example_dags/example_sensors.py
[2023-05-13T06:34:21.784+0000] {logging_mixin.py:137} INFO - [2023-05-13T06:34:21.784+0000] {dag.py:2690} INFO - Sync 1 DAGs
[2023-05-13T06:34:21.797+0000] {logging_mixin.py:137} INFO - [2023-05-13T06:34:21.797+0000] {dag.py:3441} INFO - Setting next_dagrun for example_sensors to None, run_after=None
[2023-05-13T06:34:21.807+0000] {processor.py:175} INFO - Processing /home/airflow/.local/lib/python3.7/site-packages/airflow/example_dags/example_sensors.py took 0.069 seconds
[2023-05-13T06:34:52.666+0000] {processor.py:153} INFO - Started process (PID=1776) to work on /home/airflow/.local/lib/python3.7/site-packages/airflow/example_dags/example_sensors.py
[2023-05-13T06:34:52.667+0000] {processor.py:743} INFO - Processing file /home/airflow/.local/lib/python3.7/site-packages/airflow/example_dags/example_sensors.py for tasks to queue
[2023-05-13T06:34:52.668+0000] {logging_mixin.py:137} INFO - [2023-05-13T06:34:52.668+0000] {dagbag.py:538} INFO - Filling up the DagBag from /home/airflow/.local/lib/python3.7/site-packages/airflow/example_dags/example_sensors.py
[2023-05-13T06:34:52.685+0000] {processor.py:753} INFO - DAG(s) dict_keys(['example_sensors']) retrieved from /home/airflow/.local/lib/python3.7/site-packages/airflow/example_dags/example_sensors.py
[2023-05-13T06:34:52.710+0000] {logging_mixin.py:137} INFO - [2023-05-13T06:34:52.710+0000] {dag.py:2690} INFO - Sync 1 DAGs
[2023-05-13T06:34:52.725+0000] {logging_mixin.py:137} INFO - [2023-05-13T06:34:52.725+0000] {dag.py:3441} INFO - Setting next_dagrun for example_sensors to None, run_after=None
[2023-05-13T06:34:52.735+0000] {processor.py:175} INFO - Processing /home/airflow/.local/lib/python3.7/site-packages/airflow/example_dags/example_sensors.py took 0.072 seconds
[2023-05-13T06:35:22.793+0000] {processor.py:153} INFO - Started process (PID=1850) to work on /home/airflow/.local/lib/python3.7/site-packages/airflow/example_dags/example_sensors.py
[2023-05-13T06:35:22.794+0000] {processor.py:743} INFO - Processing file /home/airflow/.local/lib/python3.7/site-packages/airflow/example_dags/example_sensors.py for tasks to queue
[2023-05-13T06:35:22.794+0000] {logging_mixin.py:137} INFO - [2023-05-13T06:35:22.794+0000] {dagbag.py:538} INFO - Filling up the DagBag from /home/airflow/.local/lib/python3.7/site-packages/airflow/example_dags/example_sensors.py
[2023-05-13T06:35:22.807+0000] {processor.py:753} INFO - DAG(s) dict_keys(['example_sensors']) retrieved from /home/airflow/.local/lib/python3.7/site-packages/airflow/example_dags/example_sensors.py
[2023-05-13T06:35:22.825+0000] {logging_mixin.py:137} INFO - [2023-05-13T06:35:22.825+0000] {dag.py:2690} INFO - Sync 1 DAGs
[2023-05-13T06:35:22.838+0000] {logging_mixin.py:137} INFO - [2023-05-13T06:35:22.838+0000] {dag.py:3441} INFO - Setting next_dagrun for example_sensors to None, run_after=None
[2023-05-13T06:35:22.848+0000] {processor.py:175} INFO - Processing /home/airflow/.local/lib/python3.7/site-packages/airflow/example_dags/example_sensors.py took 0.057 seconds
[2023-05-13T06:35:52.869+0000] {processor.py:153} INFO - Started process (PID=1925) to work on /home/airflow/.local/lib/python3.7/site-packages/airflow/example_dags/example_sensors.py
[2023-05-13T06:35:52.870+0000] {processor.py:743} INFO - Processing file /home/airflow/.local/lib/python3.7/site-packages/airflow/example_dags/example_sensors.py for tasks to queue
[2023-05-13T06:35:52.871+0000] {logging_mixin.py:137} INFO - [2023-05-13T06:35:52.871+0000] {dagbag.py:538} INFO - Filling up the DagBag from /home/airflow/.local/lib/python3.7/site-packages/airflow/example_dags/example_sensors.py
[2023-05-13T06:35:52.881+0000] {processor.py:753} INFO - DAG(s) dict_keys(['example_sensors']) retrieved from /home/airflow/.local/lib/python3.7/site-packages/airflow/example_dags/example_sensors.py
[2023-05-13T06:35:52.898+0000] {logging_mixin.py:137} INFO - [2023-05-13T06:35:52.898+0000] {dag.py:2690} INFO - Sync 1 DAGs
[2023-05-13T06:35:52.912+0000] {logging_mixin.py:137} INFO - [2023-05-13T06:35:52.912+0000] {dag.py:3441} INFO - Setting next_dagrun for example_sensors to None, run_after=None
[2023-05-13T06:35:52.921+0000] {processor.py:175} INFO - Processing /home/airflow/.local/lib/python3.7/site-packages/airflow/example_dags/example_sensors.py took 0.054 seconds
[2023-05-13T06:36:23.940+0000] {processor.py:153} INFO - Started process (PID=1999) to work on /home/airflow/.local/lib/python3.7/site-packages/airflow/example_dags/example_sensors.py
[2023-05-13T06:36:23.942+0000] {processor.py:743} INFO - Processing file /home/airflow/.local/lib/python3.7/site-packages/airflow/example_dags/example_sensors.py for tasks to queue
[2023-05-13T06:36:23.942+0000] {logging_mixin.py:137} INFO - [2023-05-13T06:36:23.942+0000] {dagbag.py:538} INFO - Filling up the DagBag from /home/airflow/.local/lib/python3.7/site-packages/airflow/example_dags/example_sensors.py
[2023-05-13T06:36:23.960+0000] {processor.py:753} INFO - DAG(s) dict_keys(['example_sensors']) retrieved from /home/airflow/.local/lib/python3.7/site-packages/airflow/example_dags/example_sensors.py
[2023-05-13T06:36:23.983+0000] {logging_mixin.py:137} INFO - [2023-05-13T06:36:23.983+0000] {dag.py:2690} INFO - Sync 1 DAGs
[2023-05-13T06:36:23.998+0000] {logging_mixin.py:137} INFO - [2023-05-13T06:36:23.998+0000] {dag.py:3441} INFO - Setting next_dagrun for example_sensors to None, run_after=None
[2023-05-13T06:36:24.010+0000] {processor.py:175} INFO - Processing /home/airflow/.local/lib/python3.7/site-packages/airflow/example_dags/example_sensors.py took 0.073 seconds
[2023-05-13T06:42:13.405+0000] {processor.py:153} INFO - Started process (PID=2732) to work on /home/airflow/.local/lib/python3.7/site-packages/airflow/example_dags/example_sensors.py
[2023-05-13T06:42:13.406+0000] {processor.py:743} INFO - Processing file /home/airflow/.local/lib/python3.7/site-packages/airflow/example_dags/example_sensors.py for tasks to queue
[2023-05-13T06:42:13.407+0000] {logging_mixin.py:137} INFO - [2023-05-13T06:42:13.407+0000] {dagbag.py:538} INFO - Filling up the DagBag from /home/airflow/.local/lib/python3.7/site-packages/airflow/example_dags/example_sensors.py
[2023-05-13T06:42:13.419+0000] {processor.py:753} INFO - DAG(s) dict_keys(['example_sensors']) retrieved from /home/airflow/.local/lib/python3.7/site-packages/airflow/example_dags/example_sensors.py
[2023-05-13T06:42:13.456+0000] {logging_mixin.py:137} INFO - [2023-05-13T06:42:13.456+0000] {dag.py:2690} INFO - Sync 1 DAGs
[2023-05-13T06:42:13.466+0000] {logging_mixin.py:137} INFO - [2023-05-13T06:42:13.466+0000] {dag.py:3441} INFO - Setting next_dagrun for example_sensors to None, run_after=None
[2023-05-13T06:42:13.475+0000] {processor.py:175} INFO - Processing /home/airflow/.local/lib/python3.7/site-packages/airflow/example_dags/example_sensors.py took 0.073 seconds
