[2023-05-13T06:22:37.237+0000] {processor.py:153} INFO - Started process (PID=40) to work on /home/airflow/.local/lib/python3.7/site-packages/airflow/example_dags/example_dag_decorator.py
[2023-05-13T06:22:37.240+0000] {processor.py:743} INFO - Processing file /home/airflow/.local/lib/python3.7/site-packages/airflow/example_dags/example_dag_decorator.py for tasks to queue
[2023-05-13T06:22:37.243+0000] {logging_mixin.py:137} INFO - [2023-05-13T06:22:37.243+0000] {dagbag.py:538} INFO - Filling up the DagBag from /home/airflow/.local/lib/python3.7/site-packages/airflow/example_dags/example_dag_decorator.py
[2023-05-13T06:22:37.266+0000] {logging_mixin.py:137} INFO - [2023-05-13T06:22:37.265+0000] {taskmixin.py:205} WARNING - Dependency <Task(_PythonDecoratedOperator): prepare_email>, send_email already registered for DAG: example_dag_decorator
[2023-05-13T06:22:37.266+0000] {logging_mixin.py:137} INFO - [2023-05-13T06:22:37.266+0000] {taskmixin.py:205} WARNING - Dependency <Task(EmailOperator): send_email>, prepare_email already registered for DAG: example_dag_decorator
[2023-05-13T06:22:37.280+0000] {processor.py:753} INFO - DAG(s) dict_keys(['example_dag_decorator']) retrieved from /home/airflow/.local/lib/python3.7/site-packages/airflow/example_dags/example_dag_decorator.py
[2023-05-13T06:22:37.335+0000] {logging_mixin.py:137} INFO - [2023-05-13T06:22:37.335+0000] {dag.py:2690} INFO - Sync 1 DAGs
[2023-05-13T06:22:37.352+0000] {logging_mixin.py:137} INFO - [2023-05-13T06:22:37.351+0000] {dag.py:3441} INFO - Setting next_dagrun for example_dag_decorator to None, run_after=None
[2023-05-13T06:22:37.363+0000] {processor.py:175} INFO - Processing /home/airflow/.local/lib/python3.7/site-packages/airflow/example_dags/example_dag_decorator.py took 0.129 seconds
[2023-05-13T06:23:07.417+0000] {processor.py:153} INFO - Started process (PID=115) to work on /home/airflow/.local/lib/python3.7/site-packages/airflow/example_dags/example_dag_decorator.py
[2023-05-13T06:23:07.418+0000] {processor.py:743} INFO - Processing file /home/airflow/.local/lib/python3.7/site-packages/airflow/example_dags/example_dag_decorator.py for tasks to queue
[2023-05-13T06:23:07.419+0000] {logging_mixin.py:137} INFO - [2023-05-13T06:23:07.419+0000] {dagbag.py:538} INFO - Filling up the DagBag from /home/airflow/.local/lib/python3.7/site-packages/airflow/example_dags/example_dag_decorator.py
[2023-05-13T06:23:07.428+0000] {logging_mixin.py:137} INFO - [2023-05-13T06:23:07.428+0000] {taskmixin.py:205} WARNING - Dependency <Task(_PythonDecoratedOperator): prepare_email>, send_email already registered for DAG: example_dag_decorator
[2023-05-13T06:23:07.429+0000] {logging_mixin.py:137} INFO - [2023-05-13T06:23:07.429+0000] {taskmixin.py:205} WARNING - Dependency <Task(EmailOperator): send_email>, prepare_email already registered for DAG: example_dag_decorator
[2023-05-13T06:23:07.435+0000] {processor.py:753} INFO - DAG(s) dict_keys(['example_dag_decorator']) retrieved from /home/airflow/.local/lib/python3.7/site-packages/airflow/example_dags/example_dag_decorator.py
[2023-05-13T06:23:07.474+0000] {logging_mixin.py:137} INFO - [2023-05-13T06:23:07.474+0000] {dag.py:2690} INFO - Sync 1 DAGs
[2023-05-13T06:23:07.486+0000] {logging_mixin.py:137} INFO - [2023-05-13T06:23:07.486+0000] {dag.py:3441} INFO - Setting next_dagrun for example_dag_decorator to None, run_after=None
[2023-05-13T06:23:07.496+0000] {processor.py:175} INFO - Processing /home/airflow/.local/lib/python3.7/site-packages/airflow/example_dags/example_dag_decorator.py took 0.081 seconds
[2023-05-13T06:23:38.234+0000] {processor.py:153} INFO - Started process (PID=178) to work on /home/airflow/.local/lib/python3.7/site-packages/airflow/example_dags/example_dag_decorator.py
[2023-05-13T06:23:38.235+0000] {processor.py:743} INFO - Processing file /home/airflow/.local/lib/python3.7/site-packages/airflow/example_dags/example_dag_decorator.py for tasks to queue
[2023-05-13T06:23:38.236+0000] {logging_mixin.py:137} INFO - [2023-05-13T06:23:38.236+0000] {dagbag.py:538} INFO - Filling up the DagBag from /home/airflow/.local/lib/python3.7/site-packages/airflow/example_dags/example_dag_decorator.py
[2023-05-13T06:23:38.245+0000] {logging_mixin.py:137} INFO - [2023-05-13T06:23:38.245+0000] {taskmixin.py:205} WARNING - Dependency <Task(_PythonDecoratedOperator): prepare_email>, send_email already registered for DAG: example_dag_decorator
[2023-05-13T06:23:38.246+0000] {logging_mixin.py:137} INFO - [2023-05-13T06:23:38.246+0000] {taskmixin.py:205} WARNING - Dependency <Task(EmailOperator): send_email>, prepare_email already registered for DAG: example_dag_decorator
[2023-05-13T06:23:38.253+0000] {processor.py:753} INFO - DAG(s) dict_keys(['example_dag_decorator']) retrieved from /home/airflow/.local/lib/python3.7/site-packages/airflow/example_dags/example_dag_decorator.py
[2023-05-13T06:23:38.289+0000] {logging_mixin.py:137} INFO - [2023-05-13T06:23:38.289+0000] {dag.py:2690} INFO - Sync 1 DAGs
[2023-05-13T06:23:38.302+0000] {logging_mixin.py:137} INFO - [2023-05-13T06:23:38.302+0000] {dag.py:3441} INFO - Setting next_dagrun for example_dag_decorator to None, run_after=None
[2023-05-13T06:23:38.312+0000] {processor.py:175} INFO - Processing /home/airflow/.local/lib/python3.7/site-packages/airflow/example_dags/example_dag_decorator.py took 0.080 seconds
[2023-05-13T06:24:09.179+0000] {processor.py:153} INFO - Started process (PID=254) to work on /home/airflow/.local/lib/python3.7/site-packages/airflow/example_dags/example_dag_decorator.py
[2023-05-13T06:24:09.180+0000] {processor.py:743} INFO - Processing file /home/airflow/.local/lib/python3.7/site-packages/airflow/example_dags/example_dag_decorator.py for tasks to queue
[2023-05-13T06:24:09.180+0000] {logging_mixin.py:137} INFO - [2023-05-13T06:24:09.180+0000] {dagbag.py:538} INFO - Filling up the DagBag from /home/airflow/.local/lib/python3.7/site-packages/airflow/example_dags/example_dag_decorator.py
[2023-05-13T06:24:09.190+0000] {logging_mixin.py:137} INFO - [2023-05-13T06:24:09.190+0000] {taskmixin.py:205} WARNING - Dependency <Task(_PythonDecoratedOperator): prepare_email>, send_email already registered for DAG: example_dag_decorator
[2023-05-13T06:24:09.191+0000] {logging_mixin.py:137} INFO - [2023-05-13T06:24:09.191+0000] {taskmixin.py:205} WARNING - Dependency <Task(EmailOperator): send_email>, prepare_email already registered for DAG: example_dag_decorator
[2023-05-13T06:24:09.198+0000] {processor.py:753} INFO - DAG(s) dict_keys(['example_dag_decorator']) retrieved from /home/airflow/.local/lib/python3.7/site-packages/airflow/example_dags/example_dag_decorator.py
[2023-05-13T06:24:09.236+0000] {logging_mixin.py:137} INFO - [2023-05-13T06:24:09.236+0000] {dag.py:2690} INFO - Sync 1 DAGs
[2023-05-13T06:24:09.249+0000] {logging_mixin.py:137} INFO - [2023-05-13T06:24:09.249+0000] {dag.py:3441} INFO - Setting next_dagrun for example_dag_decorator to None, run_after=None
[2023-05-13T06:24:09.259+0000] {processor.py:175} INFO - Processing /home/airflow/.local/lib/python3.7/site-packages/airflow/example_dags/example_dag_decorator.py took 0.082 seconds
[2023-05-13T06:24:40.029+0000] {processor.py:153} INFO - Started process (PID=329) to work on /home/airflow/.local/lib/python3.7/site-packages/airflow/example_dags/example_dag_decorator.py
[2023-05-13T06:24:40.030+0000] {processor.py:743} INFO - Processing file /home/airflow/.local/lib/python3.7/site-packages/airflow/example_dags/example_dag_decorator.py for tasks to queue
[2023-05-13T06:24:40.031+0000] {logging_mixin.py:137} INFO - [2023-05-13T06:24:40.031+0000] {dagbag.py:538} INFO - Filling up the DagBag from /home/airflow/.local/lib/python3.7/site-packages/airflow/example_dags/example_dag_decorator.py
[2023-05-13T06:24:40.040+0000] {logging_mixin.py:137} INFO - [2023-05-13T06:24:40.040+0000] {taskmixin.py:205} WARNING - Dependency <Task(_PythonDecoratedOperator): prepare_email>, send_email already registered for DAG: example_dag_decorator
[2023-05-13T06:24:40.040+0000] {logging_mixin.py:137} INFO - [2023-05-13T06:24:40.040+0000] {taskmixin.py:205} WARNING - Dependency <Task(EmailOperator): send_email>, prepare_email already registered for DAG: example_dag_decorator
[2023-05-13T06:24:40.047+0000] {processor.py:753} INFO - DAG(s) dict_keys(['example_dag_decorator']) retrieved from /home/airflow/.local/lib/python3.7/site-packages/airflow/example_dags/example_dag_decorator.py
[2023-05-13T06:24:40.085+0000] {logging_mixin.py:137} INFO - [2023-05-13T06:24:40.085+0000] {dag.py:2690} INFO - Sync 1 DAGs
[2023-05-13T06:24:40.096+0000] {logging_mixin.py:137} INFO - [2023-05-13T06:24:40.096+0000] {dag.py:3441} INFO - Setting next_dagrun for example_dag_decorator to None, run_after=None
[2023-05-13T06:24:40.106+0000] {processor.py:175} INFO - Processing /home/airflow/.local/lib/python3.7/site-packages/airflow/example_dags/example_dag_decorator.py took 0.080 seconds
[2023-05-13T06:25:10.783+0000] {processor.py:153} INFO - Started process (PID=403) to work on /home/airflow/.local/lib/python3.7/site-packages/airflow/example_dags/example_dag_decorator.py
[2023-05-13T06:25:10.784+0000] {processor.py:743} INFO - Processing file /home/airflow/.local/lib/python3.7/site-packages/airflow/example_dags/example_dag_decorator.py for tasks to queue
[2023-05-13T06:25:10.784+0000] {logging_mixin.py:137} INFO - [2023-05-13T06:25:10.784+0000] {dagbag.py:538} INFO - Filling up the DagBag from /home/airflow/.local/lib/python3.7/site-packages/airflow/example_dags/example_dag_decorator.py
[2023-05-13T06:25:10.794+0000] {logging_mixin.py:137} INFO - [2023-05-13T06:25:10.794+0000] {taskmixin.py:205} WARNING - Dependency <Task(_PythonDecoratedOperator): prepare_email>, send_email already registered for DAG: example_dag_decorator
[2023-05-13T06:25:10.794+0000] {logging_mixin.py:137} INFO - [2023-05-13T06:25:10.794+0000] {taskmixin.py:205} WARNING - Dependency <Task(EmailOperator): send_email>, prepare_email already registered for DAG: example_dag_decorator
[2023-05-13T06:25:10.801+0000] {processor.py:753} INFO - DAG(s) dict_keys(['example_dag_decorator']) retrieved from /home/airflow/.local/lib/python3.7/site-packages/airflow/example_dags/example_dag_decorator.py
[2023-05-13T06:25:10.839+0000] {logging_mixin.py:137} INFO - [2023-05-13T06:25:10.839+0000] {dag.py:2690} INFO - Sync 1 DAGs
[2023-05-13T06:25:10.850+0000] {logging_mixin.py:137} INFO - [2023-05-13T06:25:10.850+0000] {dag.py:3441} INFO - Setting next_dagrun for example_dag_decorator to None, run_after=None
[2023-05-13T06:25:10.861+0000] {processor.py:175} INFO - Processing /home/airflow/.local/lib/python3.7/site-packages/airflow/example_dags/example_dag_decorator.py took 0.081 seconds
[2023-05-13T06:25:41.576+0000] {processor.py:153} INFO - Started process (PID=466) to work on /home/airflow/.local/lib/python3.7/site-packages/airflow/example_dags/example_dag_decorator.py
[2023-05-13T06:25:41.577+0000] {processor.py:743} INFO - Processing file /home/airflow/.local/lib/python3.7/site-packages/airflow/example_dags/example_dag_decorator.py for tasks to queue
[2023-05-13T06:25:41.578+0000] {logging_mixin.py:137} INFO - [2023-05-13T06:25:41.578+0000] {dagbag.py:538} INFO - Filling up the DagBag from /home/airflow/.local/lib/python3.7/site-packages/airflow/example_dags/example_dag_decorator.py
[2023-05-13T06:25:41.588+0000] {logging_mixin.py:137} INFO - [2023-05-13T06:25:41.588+0000] {taskmixin.py:205} WARNING - Dependency <Task(_PythonDecoratedOperator): prepare_email>, send_email already registered for DAG: example_dag_decorator
[2023-05-13T06:25:41.588+0000] {logging_mixin.py:137} INFO - [2023-05-13T06:25:41.588+0000] {taskmixin.py:205} WARNING - Dependency <Task(EmailOperator): send_email>, prepare_email already registered for DAG: example_dag_decorator
[2023-05-13T06:25:41.595+0000] {processor.py:753} INFO - DAG(s) dict_keys(['example_dag_decorator']) retrieved from /home/airflow/.local/lib/python3.7/site-packages/airflow/example_dags/example_dag_decorator.py
[2023-05-13T06:25:41.632+0000] {logging_mixin.py:137} INFO - [2023-05-13T06:25:41.632+0000] {dag.py:2690} INFO - Sync 1 DAGs
[2023-05-13T06:25:41.645+0000] {logging_mixin.py:137} INFO - [2023-05-13T06:25:41.645+0000] {dag.py:3441} INFO - Setting next_dagrun for example_dag_decorator to None, run_after=None
[2023-05-13T06:25:41.655+0000] {processor.py:175} INFO - Processing /home/airflow/.local/lib/python3.7/site-packages/airflow/example_dags/example_dag_decorator.py took 0.081 seconds
[2023-05-13T06:26:11.737+0000] {processor.py:153} INFO - Started process (PID=541) to work on /home/airflow/.local/lib/python3.7/site-packages/airflow/example_dags/example_dag_decorator.py
[2023-05-13T06:26:11.738+0000] {processor.py:743} INFO - Processing file /home/airflow/.local/lib/python3.7/site-packages/airflow/example_dags/example_dag_decorator.py for tasks to queue
[2023-05-13T06:26:11.738+0000] {logging_mixin.py:137} INFO - [2023-05-13T06:26:11.738+0000] {dagbag.py:538} INFO - Filling up the DagBag from /home/airflow/.local/lib/python3.7/site-packages/airflow/example_dags/example_dag_decorator.py
[2023-05-13T06:26:11.748+0000] {logging_mixin.py:137} INFO - [2023-05-13T06:26:11.748+0000] {taskmixin.py:205} WARNING - Dependency <Task(_PythonDecoratedOperator): prepare_email>, send_email already registered for DAG: example_dag_decorator
[2023-05-13T06:26:11.748+0000] {logging_mixin.py:137} INFO - [2023-05-13T06:26:11.748+0000] {taskmixin.py:205} WARNING - Dependency <Task(EmailOperator): send_email>, prepare_email already registered for DAG: example_dag_decorator
[2023-05-13T06:26:11.755+0000] {processor.py:753} INFO - DAG(s) dict_keys(['example_dag_decorator']) retrieved from /home/airflow/.local/lib/python3.7/site-packages/airflow/example_dags/example_dag_decorator.py
[2023-05-13T06:26:11.793+0000] {logging_mixin.py:137} INFO - [2023-05-13T06:26:11.793+0000] {dag.py:2690} INFO - Sync 1 DAGs
[2023-05-13T06:26:11.806+0000] {logging_mixin.py:137} INFO - [2023-05-13T06:26:11.806+0000] {dag.py:3441} INFO - Setting next_dagrun for example_dag_decorator to None, run_after=None
[2023-05-13T06:26:11.815+0000] {processor.py:175} INFO - Processing /home/airflow/.local/lib/python3.7/site-packages/airflow/example_dags/example_dag_decorator.py took 0.081 seconds
[2023-05-13T06:26:42.722+0000] {processor.py:153} INFO - Started process (PID=616) to work on /home/airflow/.local/lib/python3.7/site-packages/airflow/example_dags/example_dag_decorator.py
[2023-05-13T06:26:42.722+0000] {processor.py:743} INFO - Processing file /home/airflow/.local/lib/python3.7/site-packages/airflow/example_dags/example_dag_decorator.py for tasks to queue
[2023-05-13T06:26:42.723+0000] {logging_mixin.py:137} INFO - [2023-05-13T06:26:42.723+0000] {dagbag.py:538} INFO - Filling up the DagBag from /home/airflow/.local/lib/python3.7/site-packages/airflow/example_dags/example_dag_decorator.py
[2023-05-13T06:26:42.733+0000] {logging_mixin.py:137} INFO - [2023-05-13T06:26:42.733+0000] {taskmixin.py:205} WARNING - Dependency <Task(_PythonDecoratedOperator): prepare_email>, send_email already registered for DAG: example_dag_decorator
[2023-05-13T06:26:42.733+0000] {logging_mixin.py:137} INFO - [2023-05-13T06:26:42.733+0000] {taskmixin.py:205} WARNING - Dependency <Task(EmailOperator): send_email>, prepare_email already registered for DAG: example_dag_decorator
[2023-05-13T06:26:42.740+0000] {processor.py:753} INFO - DAG(s) dict_keys(['example_dag_decorator']) retrieved from /home/airflow/.local/lib/python3.7/site-packages/airflow/example_dags/example_dag_decorator.py
[2023-05-13T06:26:42.778+0000] {logging_mixin.py:137} INFO - [2023-05-13T06:26:42.778+0000] {dag.py:2690} INFO - Sync 1 DAGs
[2023-05-13T06:26:42.790+0000] {logging_mixin.py:137} INFO - [2023-05-13T06:26:42.790+0000] {dag.py:3441} INFO - Setting next_dagrun for example_dag_decorator to None, run_after=None
[2023-05-13T06:26:42.800+0000] {processor.py:175} INFO - Processing /home/airflow/.local/lib/python3.7/site-packages/airflow/example_dags/example_dag_decorator.py took 0.081 seconds
[2023-05-13T06:27:13.853+0000] {processor.py:153} INFO - Started process (PID=691) to work on /home/airflow/.local/lib/python3.7/site-packages/airflow/example_dags/example_dag_decorator.py
[2023-05-13T06:27:13.854+0000] {processor.py:743} INFO - Processing file /home/airflow/.local/lib/python3.7/site-packages/airflow/example_dags/example_dag_decorator.py for tasks to queue
[2023-05-13T06:27:13.856+0000] {logging_mixin.py:137} INFO - [2023-05-13T06:27:13.855+0000] {dagbag.py:538} INFO - Filling up the DagBag from /home/airflow/.local/lib/python3.7/site-packages/airflow/example_dags/example_dag_decorator.py
[2023-05-13T06:27:13.867+0000] {logging_mixin.py:137} INFO - [2023-05-13T06:27:13.867+0000] {taskmixin.py:205} WARNING - Dependency <Task(_PythonDecoratedOperator): prepare_email>, send_email already registered for DAG: example_dag_decorator
[2023-05-13T06:27:13.867+0000] {logging_mixin.py:137} INFO - [2023-05-13T06:27:13.867+0000] {taskmixin.py:205} WARNING - Dependency <Task(EmailOperator): send_email>, prepare_email already registered for DAG: example_dag_decorator
[2023-05-13T06:27:13.877+0000] {processor.py:753} INFO - DAG(s) dict_keys(['example_dag_decorator']) retrieved from /home/airflow/.local/lib/python3.7/site-packages/airflow/example_dags/example_dag_decorator.py
[2023-05-13T06:27:13.918+0000] {logging_mixin.py:137} INFO - [2023-05-13T06:27:13.918+0000] {dag.py:2690} INFO - Sync 1 DAGs
[2023-05-13T06:27:13.932+0000] {logging_mixin.py:137} INFO - [2023-05-13T06:27:13.932+0000] {dag.py:3441} INFO - Setting next_dagrun for example_dag_decorator to None, run_after=None
[2023-05-13T06:27:13.942+0000] {processor.py:175} INFO - Processing /home/airflow/.local/lib/python3.7/site-packages/airflow/example_dags/example_dag_decorator.py took 0.091 seconds
[2023-05-13T06:27:44.897+0000] {processor.py:153} INFO - Started process (PID=755) to work on /home/airflow/.local/lib/python3.7/site-packages/airflow/example_dags/example_dag_decorator.py
[2023-05-13T06:27:44.898+0000] {processor.py:743} INFO - Processing file /home/airflow/.local/lib/python3.7/site-packages/airflow/example_dags/example_dag_decorator.py for tasks to queue
[2023-05-13T06:27:44.899+0000] {logging_mixin.py:137} INFO - [2023-05-13T06:27:44.899+0000] {dagbag.py:538} INFO - Filling up the DagBag from /home/airflow/.local/lib/python3.7/site-packages/airflow/example_dags/example_dag_decorator.py
[2023-05-13T06:27:44.908+0000] {logging_mixin.py:137} INFO - [2023-05-13T06:27:44.908+0000] {taskmixin.py:205} WARNING - Dependency <Task(_PythonDecoratedOperator): prepare_email>, send_email already registered for DAG: example_dag_decorator
[2023-05-13T06:27:44.908+0000] {logging_mixin.py:137} INFO - [2023-05-13T06:27:44.908+0000] {taskmixin.py:205} WARNING - Dependency <Task(EmailOperator): send_email>, prepare_email already registered for DAG: example_dag_decorator
[2023-05-13T06:27:44.915+0000] {processor.py:753} INFO - DAG(s) dict_keys(['example_dag_decorator']) retrieved from /home/airflow/.local/lib/python3.7/site-packages/airflow/example_dags/example_dag_decorator.py
[2023-05-13T06:27:44.951+0000] {logging_mixin.py:137} INFO - [2023-05-13T06:27:44.951+0000] {dag.py:2690} INFO - Sync 1 DAGs
[2023-05-13T06:27:44.962+0000] {logging_mixin.py:137} INFO - [2023-05-13T06:27:44.962+0000] {dag.py:3441} INFO - Setting next_dagrun for example_dag_decorator to None, run_after=None
[2023-05-13T06:27:44.972+0000] {processor.py:175} INFO - Processing /home/airflow/.local/lib/python3.7/site-packages/airflow/example_dags/example_dag_decorator.py took 0.078 seconds
[2023-05-13T06:28:15.067+0000] {processor.py:153} INFO - Started process (PID=830) to work on /home/airflow/.local/lib/python3.7/site-packages/airflow/example_dags/example_dag_decorator.py
[2023-05-13T06:28:15.068+0000] {processor.py:743} INFO - Processing file /home/airflow/.local/lib/python3.7/site-packages/airflow/example_dags/example_dag_decorator.py for tasks to queue
[2023-05-13T06:28:15.069+0000] {logging_mixin.py:137} INFO - [2023-05-13T06:28:15.069+0000] {dagbag.py:538} INFO - Filling up the DagBag from /home/airflow/.local/lib/python3.7/site-packages/airflow/example_dags/example_dag_decorator.py
[2023-05-13T06:28:15.079+0000] {logging_mixin.py:137} INFO - [2023-05-13T06:28:15.079+0000] {taskmixin.py:205} WARNING - Dependency <Task(_PythonDecoratedOperator): prepare_email>, send_email already registered for DAG: example_dag_decorator
[2023-05-13T06:28:15.079+0000] {logging_mixin.py:137} INFO - [2023-05-13T06:28:15.079+0000] {taskmixin.py:205} WARNING - Dependency <Task(EmailOperator): send_email>, prepare_email already registered for DAG: example_dag_decorator
[2023-05-13T06:28:15.086+0000] {processor.py:753} INFO - DAG(s) dict_keys(['example_dag_decorator']) retrieved from /home/airflow/.local/lib/python3.7/site-packages/airflow/example_dags/example_dag_decorator.py
[2023-05-13T06:28:15.124+0000] {logging_mixin.py:137} INFO - [2023-05-13T06:28:15.123+0000] {dag.py:2690} INFO - Sync 1 DAGs
[2023-05-13T06:28:15.136+0000] {logging_mixin.py:137} INFO - [2023-05-13T06:28:15.135+0000] {dag.py:3441} INFO - Setting next_dagrun for example_dag_decorator to None, run_after=None
[2023-05-13T06:28:15.145+0000] {processor.py:175} INFO - Processing /home/airflow/.local/lib/python3.7/site-packages/airflow/example_dags/example_dag_decorator.py took 0.080 seconds
[2023-05-13T06:28:45.178+0000] {processor.py:153} INFO - Started process (PID=905) to work on /home/airflow/.local/lib/python3.7/site-packages/airflow/example_dags/example_dag_decorator.py
[2023-05-13T06:28:45.178+0000] {processor.py:743} INFO - Processing file /home/airflow/.local/lib/python3.7/site-packages/airflow/example_dags/example_dag_decorator.py for tasks to queue
[2023-05-13T06:28:45.179+0000] {logging_mixin.py:137} INFO - [2023-05-13T06:28:45.179+0000] {dagbag.py:538} INFO - Filling up the DagBag from /home/airflow/.local/lib/python3.7/site-packages/airflow/example_dags/example_dag_decorator.py
[2023-05-13T06:28:45.188+0000] {logging_mixin.py:137} INFO - [2023-05-13T06:28:45.188+0000] {taskmixin.py:205} WARNING - Dependency <Task(_PythonDecoratedOperator): prepare_email>, send_email already registered for DAG: example_dag_decorator
[2023-05-13T06:28:45.188+0000] {logging_mixin.py:137} INFO - [2023-05-13T06:28:45.188+0000] {taskmixin.py:205} WARNING - Dependency <Task(EmailOperator): send_email>, prepare_email already registered for DAG: example_dag_decorator
[2023-05-13T06:28:45.195+0000] {processor.py:753} INFO - DAG(s) dict_keys(['example_dag_decorator']) retrieved from /home/airflow/.local/lib/python3.7/site-packages/airflow/example_dags/example_dag_decorator.py
[2023-05-13T06:28:45.229+0000] {logging_mixin.py:137} INFO - [2023-05-13T06:28:45.229+0000] {dag.py:2690} INFO - Sync 1 DAGs
[2023-05-13T06:28:45.241+0000] {logging_mixin.py:137} INFO - [2023-05-13T06:28:45.241+0000] {dag.py:3441} INFO - Setting next_dagrun for example_dag_decorator to None, run_after=None
[2023-05-13T06:28:45.251+0000] {processor.py:175} INFO - Processing /home/airflow/.local/lib/python3.7/site-packages/airflow/example_dags/example_dag_decorator.py took 0.076 seconds
[2023-05-13T06:29:16.161+0000] {processor.py:153} INFO - Started process (PID=977) to work on /home/airflow/.local/lib/python3.7/site-packages/airflow/example_dags/example_dag_decorator.py
[2023-05-13T06:29:16.162+0000] {processor.py:743} INFO - Processing file /home/airflow/.local/lib/python3.7/site-packages/airflow/example_dags/example_dag_decorator.py for tasks to queue
[2023-05-13T06:29:16.163+0000] {logging_mixin.py:137} INFO - [2023-05-13T06:29:16.163+0000] {dagbag.py:538} INFO - Filling up the DagBag from /home/airflow/.local/lib/python3.7/site-packages/airflow/example_dags/example_dag_decorator.py
[2023-05-13T06:29:16.176+0000] {logging_mixin.py:137} INFO - [2023-05-13T06:29:16.175+0000] {taskmixin.py:205} WARNING - Dependency <Task(_PythonDecoratedOperator): prepare_email>, send_email already registered for DAG: example_dag_decorator
[2023-05-13T06:29:16.176+0000] {logging_mixin.py:137} INFO - [2023-05-13T06:29:16.176+0000] {taskmixin.py:205} WARNING - Dependency <Task(EmailOperator): send_email>, prepare_email already registered for DAG: example_dag_decorator
[2023-05-13T06:29:16.184+0000] {processor.py:753} INFO - DAG(s) dict_keys(['example_dag_decorator']) retrieved from /home/airflow/.local/lib/python3.7/site-packages/airflow/example_dags/example_dag_decorator.py
[2023-05-13T06:29:16.222+0000] {logging_mixin.py:137} INFO - [2023-05-13T06:29:16.221+0000] {dag.py:2690} INFO - Sync 1 DAGs
[2023-05-13T06:29:16.236+0000] {logging_mixin.py:137} INFO - [2023-05-13T06:29:16.236+0000] {dag.py:3441} INFO - Setting next_dagrun for example_dag_decorator to None, run_after=None
[2023-05-13T06:29:16.247+0000] {processor.py:175} INFO - Processing /home/airflow/.local/lib/python3.7/site-packages/airflow/example_dags/example_dag_decorator.py took 0.087 seconds
[2023-05-13T06:29:46.365+0000] {processor.py:153} INFO - Started process (PID=1043) to work on /home/airflow/.local/lib/python3.7/site-packages/airflow/example_dags/example_dag_decorator.py
[2023-05-13T06:29:46.366+0000] {processor.py:743} INFO - Processing file /home/airflow/.local/lib/python3.7/site-packages/airflow/example_dags/example_dag_decorator.py for tasks to queue
[2023-05-13T06:29:46.367+0000] {logging_mixin.py:137} INFO - [2023-05-13T06:29:46.367+0000] {dagbag.py:538} INFO - Filling up the DagBag from /home/airflow/.local/lib/python3.7/site-packages/airflow/example_dags/example_dag_decorator.py
[2023-05-13T06:29:46.376+0000] {logging_mixin.py:137} INFO - [2023-05-13T06:29:46.376+0000] {taskmixin.py:205} WARNING - Dependency <Task(_PythonDecoratedOperator): prepare_email>, send_email already registered for DAG: example_dag_decorator
[2023-05-13T06:29:46.376+0000] {logging_mixin.py:137} INFO - [2023-05-13T06:29:46.376+0000] {taskmixin.py:205} WARNING - Dependency <Task(EmailOperator): send_email>, prepare_email already registered for DAG: example_dag_decorator
[2023-05-13T06:29:46.383+0000] {processor.py:753} INFO - DAG(s) dict_keys(['example_dag_decorator']) retrieved from /home/airflow/.local/lib/python3.7/site-packages/airflow/example_dags/example_dag_decorator.py
[2023-05-13T06:29:46.417+0000] {logging_mixin.py:137} INFO - [2023-05-13T06:29:46.417+0000] {dag.py:2690} INFO - Sync 1 DAGs
[2023-05-13T06:29:46.429+0000] {logging_mixin.py:137} INFO - [2023-05-13T06:29:46.429+0000] {dag.py:3441} INFO - Setting next_dagrun for example_dag_decorator to None, run_after=None
[2023-05-13T06:29:46.439+0000] {processor.py:175} INFO - Processing /home/airflow/.local/lib/python3.7/site-packages/airflow/example_dags/example_dag_decorator.py took 0.076 seconds
[2023-05-13T06:30:16.603+0000] {processor.py:153} INFO - Started process (PID=1118) to work on /home/airflow/.local/lib/python3.7/site-packages/airflow/example_dags/example_dag_decorator.py
[2023-05-13T06:30:16.603+0000] {processor.py:743} INFO - Processing file /home/airflow/.local/lib/python3.7/site-packages/airflow/example_dags/example_dag_decorator.py for tasks to queue
[2023-05-13T06:30:16.604+0000] {logging_mixin.py:137} INFO - [2023-05-13T06:30:16.604+0000] {dagbag.py:538} INFO - Filling up the DagBag from /home/airflow/.local/lib/python3.7/site-packages/airflow/example_dags/example_dag_decorator.py
[2023-05-13T06:30:16.613+0000] {logging_mixin.py:137} INFO - [2023-05-13T06:30:16.613+0000] {taskmixin.py:205} WARNING - Dependency <Task(_PythonDecoratedOperator): prepare_email>, send_email already registered for DAG: example_dag_decorator
[2023-05-13T06:30:16.613+0000] {logging_mixin.py:137} INFO - [2023-05-13T06:30:16.613+0000] {taskmixin.py:205} WARNING - Dependency <Task(EmailOperator): send_email>, prepare_email already registered for DAG: example_dag_decorator
[2023-05-13T06:30:16.620+0000] {processor.py:753} INFO - DAG(s) dict_keys(['example_dag_decorator']) retrieved from /home/airflow/.local/lib/python3.7/site-packages/airflow/example_dags/example_dag_decorator.py
[2023-05-13T06:30:16.655+0000] {logging_mixin.py:137} INFO - [2023-05-13T06:30:16.655+0000] {dag.py:2690} INFO - Sync 1 DAGs
[2023-05-13T06:30:16.667+0000] {logging_mixin.py:137} INFO - [2023-05-13T06:30:16.666+0000] {dag.py:3441} INFO - Setting next_dagrun for example_dag_decorator to None, run_after=None
[2023-05-13T06:30:16.676+0000] {processor.py:175} INFO - Processing /home/airflow/.local/lib/python3.7/site-packages/airflow/example_dags/example_dag_decorator.py took 0.076 seconds
[2023-05-13T06:30:46.735+0000] {processor.py:153} INFO - Started process (PID=1192) to work on /home/airflow/.local/lib/python3.7/site-packages/airflow/example_dags/example_dag_decorator.py
[2023-05-13T06:30:46.736+0000] {processor.py:743} INFO - Processing file /home/airflow/.local/lib/python3.7/site-packages/airflow/example_dags/example_dag_decorator.py for tasks to queue
[2023-05-13T06:30:46.737+0000] {logging_mixin.py:137} INFO - [2023-05-13T06:30:46.737+0000] {dagbag.py:538} INFO - Filling up the DagBag from /home/airflow/.local/lib/python3.7/site-packages/airflow/example_dags/example_dag_decorator.py
[2023-05-13T06:30:46.746+0000] {logging_mixin.py:137} INFO - [2023-05-13T06:30:46.746+0000] {taskmixin.py:205} WARNING - Dependency <Task(_PythonDecoratedOperator): prepare_email>, send_email already registered for DAG: example_dag_decorator
[2023-05-13T06:30:46.747+0000] {logging_mixin.py:137} INFO - [2023-05-13T06:30:46.747+0000] {taskmixin.py:205} WARNING - Dependency <Task(EmailOperator): send_email>, prepare_email already registered for DAG: example_dag_decorator
[2023-05-13T06:30:46.754+0000] {processor.py:753} INFO - DAG(s) dict_keys(['example_dag_decorator']) retrieved from /home/airflow/.local/lib/python3.7/site-packages/airflow/example_dags/example_dag_decorator.py
[2023-05-13T06:30:46.789+0000] {logging_mixin.py:137} INFO - [2023-05-13T06:30:46.788+0000] {dag.py:2690} INFO - Sync 1 DAGs
[2023-05-13T06:30:46.800+0000] {logging_mixin.py:137} INFO - [2023-05-13T06:30:46.800+0000] {dag.py:3441} INFO - Setting next_dagrun for example_dag_decorator to None, run_after=None
[2023-05-13T06:30:46.810+0000] {processor.py:175} INFO - Processing /home/airflow/.local/lib/python3.7/site-packages/airflow/example_dags/example_dag_decorator.py took 0.078 seconds
[2023-05-13T06:31:17.766+0000] {processor.py:153} INFO - Started process (PID=1256) to work on /home/airflow/.local/lib/python3.7/site-packages/airflow/example_dags/example_dag_decorator.py
[2023-05-13T06:31:17.766+0000] {processor.py:743} INFO - Processing file /home/airflow/.local/lib/python3.7/site-packages/airflow/example_dags/example_dag_decorator.py for tasks to queue
[2023-05-13T06:31:17.767+0000] {logging_mixin.py:137} INFO - [2023-05-13T06:31:17.767+0000] {dagbag.py:538} INFO - Filling up the DagBag from /home/airflow/.local/lib/python3.7/site-packages/airflow/example_dags/example_dag_decorator.py
[2023-05-13T06:31:17.777+0000] {logging_mixin.py:137} INFO - [2023-05-13T06:31:17.777+0000] {taskmixin.py:205} WARNING - Dependency <Task(_PythonDecoratedOperator): prepare_email>, send_email already registered for DAG: example_dag_decorator
[2023-05-13T06:31:17.777+0000] {logging_mixin.py:137} INFO - [2023-05-13T06:31:17.777+0000] {taskmixin.py:205} WARNING - Dependency <Task(EmailOperator): send_email>, prepare_email already registered for DAG: example_dag_decorator
[2023-05-13T06:31:17.784+0000] {processor.py:753} INFO - DAG(s) dict_keys(['example_dag_decorator']) retrieved from /home/airflow/.local/lib/python3.7/site-packages/airflow/example_dags/example_dag_decorator.py
[2023-05-13T06:31:17.818+0000] {logging_mixin.py:137} INFO - [2023-05-13T06:31:17.818+0000] {dag.py:2690} INFO - Sync 1 DAGs
[2023-05-13T06:31:17.830+0000] {logging_mixin.py:137} INFO - [2023-05-13T06:31:17.830+0000] {dag.py:3441} INFO - Setting next_dagrun for example_dag_decorator to None, run_after=None
[2023-05-13T06:31:17.840+0000] {processor.py:175} INFO - Processing /home/airflow/.local/lib/python3.7/site-packages/airflow/example_dags/example_dag_decorator.py took 0.076 seconds
[2023-05-13T06:31:47.904+0000] {processor.py:153} INFO - Started process (PID=1330) to work on /home/airflow/.local/lib/python3.7/site-packages/airflow/example_dags/example_dag_decorator.py
[2023-05-13T06:31:47.905+0000] {processor.py:743} INFO - Processing file /home/airflow/.local/lib/python3.7/site-packages/airflow/example_dags/example_dag_decorator.py for tasks to queue
[2023-05-13T06:31:47.906+0000] {logging_mixin.py:137} INFO - [2023-05-13T06:31:47.906+0000] {dagbag.py:538} INFO - Filling up the DagBag from /home/airflow/.local/lib/python3.7/site-packages/airflow/example_dags/example_dag_decorator.py
[2023-05-13T06:31:47.915+0000] {logging_mixin.py:137} INFO - [2023-05-13T06:31:47.915+0000] {taskmixin.py:205} WARNING - Dependency <Task(_PythonDecoratedOperator): prepare_email>, send_email already registered for DAG: example_dag_decorator
[2023-05-13T06:31:47.916+0000] {logging_mixin.py:137} INFO - [2023-05-13T06:31:47.916+0000] {taskmixin.py:205} WARNING - Dependency <Task(EmailOperator): send_email>, prepare_email already registered for DAG: example_dag_decorator
[2023-05-13T06:31:47.922+0000] {processor.py:753} INFO - DAG(s) dict_keys(['example_dag_decorator']) retrieved from /home/airflow/.local/lib/python3.7/site-packages/airflow/example_dags/example_dag_decorator.py
[2023-05-13T06:31:47.957+0000] {logging_mixin.py:137} INFO - [2023-05-13T06:31:47.957+0000] {dag.py:2690} INFO - Sync 1 DAGs
[2023-05-13T06:31:47.968+0000] {logging_mixin.py:137} INFO - [2023-05-13T06:31:47.968+0000] {dag.py:3441} INFO - Setting next_dagrun for example_dag_decorator to None, run_after=None
[2023-05-13T06:31:47.978+0000] {processor.py:175} INFO - Processing /home/airflow/.local/lib/python3.7/site-packages/airflow/example_dags/example_dag_decorator.py took 0.076 seconds
[2023-05-13T06:32:18.039+0000] {processor.py:153} INFO - Started process (PID=1405) to work on /home/airflow/.local/lib/python3.7/site-packages/airflow/example_dags/example_dag_decorator.py
[2023-05-13T06:32:18.039+0000] {processor.py:743} INFO - Processing file /home/airflow/.local/lib/python3.7/site-packages/airflow/example_dags/example_dag_decorator.py for tasks to queue
[2023-05-13T06:32:18.040+0000] {logging_mixin.py:137} INFO - [2023-05-13T06:32:18.040+0000] {dagbag.py:538} INFO - Filling up the DagBag from /home/airflow/.local/lib/python3.7/site-packages/airflow/example_dags/example_dag_decorator.py
[2023-05-13T06:32:18.049+0000] {logging_mixin.py:137} INFO - [2023-05-13T06:32:18.049+0000] {taskmixin.py:205} WARNING - Dependency <Task(_PythonDecoratedOperator): prepare_email>, send_email already registered for DAG: example_dag_decorator
[2023-05-13T06:32:18.049+0000] {logging_mixin.py:137} INFO - [2023-05-13T06:32:18.049+0000] {taskmixin.py:205} WARNING - Dependency <Task(EmailOperator): send_email>, prepare_email already registered for DAG: example_dag_decorator
[2023-05-13T06:32:18.056+0000] {processor.py:753} INFO - DAG(s) dict_keys(['example_dag_decorator']) retrieved from /home/airflow/.local/lib/python3.7/site-packages/airflow/example_dags/example_dag_decorator.py
[2023-05-13T06:32:18.092+0000] {logging_mixin.py:137} INFO - [2023-05-13T06:32:18.092+0000] {dag.py:2690} INFO - Sync 1 DAGs
[2023-05-13T06:32:18.104+0000] {logging_mixin.py:137} INFO - [2023-05-13T06:32:18.104+0000] {dag.py:3441} INFO - Setting next_dagrun for example_dag_decorator to None, run_after=None
[2023-05-13T06:32:18.113+0000] {processor.py:175} INFO - Processing /home/airflow/.local/lib/python3.7/site-packages/airflow/example_dags/example_dag_decorator.py took 0.077 seconds
[2023-05-13T06:32:49.134+0000] {processor.py:153} INFO - Started process (PID=1476) to work on /home/airflow/.local/lib/python3.7/site-packages/airflow/example_dags/example_dag_decorator.py
[2023-05-13T06:32:49.137+0000] {processor.py:743} INFO - Processing file /home/airflow/.local/lib/python3.7/site-packages/airflow/example_dags/example_dag_decorator.py for tasks to queue
[2023-05-13T06:32:49.138+0000] {logging_mixin.py:137} INFO - [2023-05-13T06:32:49.138+0000] {dagbag.py:538} INFO - Filling up the DagBag from /home/airflow/.local/lib/python3.7/site-packages/airflow/example_dags/example_dag_decorator.py
[2023-05-13T06:32:49.149+0000] {logging_mixin.py:137} INFO - [2023-05-13T06:32:49.149+0000] {taskmixin.py:205} WARNING - Dependency <Task(_PythonDecoratedOperator): prepare_email>, send_email already registered for DAG: example_dag_decorator
[2023-05-13T06:32:49.149+0000] {logging_mixin.py:137} INFO - [2023-05-13T06:32:49.149+0000] {taskmixin.py:205} WARNING - Dependency <Task(EmailOperator): send_email>, prepare_email already registered for DAG: example_dag_decorator
[2023-05-13T06:32:49.158+0000] {processor.py:753} INFO - DAG(s) dict_keys(['example_dag_decorator']) retrieved from /home/airflow/.local/lib/python3.7/site-packages/airflow/example_dags/example_dag_decorator.py
[2023-05-13T06:32:49.205+0000] {logging_mixin.py:137} INFO - [2023-05-13T06:32:49.204+0000] {dag.py:2690} INFO - Sync 1 DAGs
[2023-05-13T06:32:49.218+0000] {logging_mixin.py:137} INFO - [2023-05-13T06:32:49.218+0000] {dag.py:3441} INFO - Setting next_dagrun for example_dag_decorator to None, run_after=None
[2023-05-13T06:32:49.227+0000] {processor.py:175} INFO - Processing /home/airflow/.local/lib/python3.7/site-packages/airflow/example_dags/example_dag_decorator.py took 0.096 seconds
[2023-05-13T06:33:19.532+0000] {processor.py:153} INFO - Started process (PID=1544) to work on /home/airflow/.local/lib/python3.7/site-packages/airflow/example_dags/example_dag_decorator.py
[2023-05-13T06:33:19.532+0000] {processor.py:743} INFO - Processing file /home/airflow/.local/lib/python3.7/site-packages/airflow/example_dags/example_dag_decorator.py for tasks to queue
[2023-05-13T06:33:19.533+0000] {logging_mixin.py:137} INFO - [2023-05-13T06:33:19.533+0000] {dagbag.py:538} INFO - Filling up the DagBag from /home/airflow/.local/lib/python3.7/site-packages/airflow/example_dags/example_dag_decorator.py
[2023-05-13T06:33:19.542+0000] {logging_mixin.py:137} INFO - [2023-05-13T06:33:19.542+0000] {taskmixin.py:205} WARNING - Dependency <Task(_PythonDecoratedOperator): prepare_email>, send_email already registered for DAG: example_dag_decorator
[2023-05-13T06:33:19.543+0000] {logging_mixin.py:137} INFO - [2023-05-13T06:33:19.543+0000] {taskmixin.py:205} WARNING - Dependency <Task(EmailOperator): send_email>, prepare_email already registered for DAG: example_dag_decorator
[2023-05-13T06:33:19.550+0000] {processor.py:753} INFO - DAG(s) dict_keys(['example_dag_decorator']) retrieved from /home/airflow/.local/lib/python3.7/site-packages/airflow/example_dags/example_dag_decorator.py
[2023-05-13T06:33:19.586+0000] {logging_mixin.py:137} INFO - [2023-05-13T06:33:19.585+0000] {dag.py:2690} INFO - Sync 1 DAGs
[2023-05-13T06:33:19.599+0000] {logging_mixin.py:137} INFO - [2023-05-13T06:33:19.598+0000] {dag.py:3441} INFO - Setting next_dagrun for example_dag_decorator to None, run_after=None
[2023-05-13T06:33:19.609+0000] {processor.py:175} INFO - Processing /home/airflow/.local/lib/python3.7/site-packages/airflow/example_dags/example_dag_decorator.py took 0.080 seconds
[2023-05-13T06:33:49.649+0000] {processor.py:153} INFO - Started process (PID=1618) to work on /home/airflow/.local/lib/python3.7/site-packages/airflow/example_dags/example_dag_decorator.py
[2023-05-13T06:33:49.650+0000] {processor.py:743} INFO - Processing file /home/airflow/.local/lib/python3.7/site-packages/airflow/example_dags/example_dag_decorator.py for tasks to queue
[2023-05-13T06:33:49.650+0000] {logging_mixin.py:137} INFO - [2023-05-13T06:33:49.650+0000] {dagbag.py:538} INFO - Filling up the DagBag from /home/airflow/.local/lib/python3.7/site-packages/airflow/example_dags/example_dag_decorator.py
[2023-05-13T06:33:49.660+0000] {logging_mixin.py:137} INFO - [2023-05-13T06:33:49.659+0000] {taskmixin.py:205} WARNING - Dependency <Task(_PythonDecoratedOperator): prepare_email>, send_email already registered for DAG: example_dag_decorator
[2023-05-13T06:33:49.660+0000] {logging_mixin.py:137} INFO - [2023-05-13T06:33:49.660+0000] {taskmixin.py:205} WARNING - Dependency <Task(EmailOperator): send_email>, prepare_email already registered for DAG: example_dag_decorator
[2023-05-13T06:33:49.667+0000] {processor.py:753} INFO - DAG(s) dict_keys(['example_dag_decorator']) retrieved from /home/airflow/.local/lib/python3.7/site-packages/airflow/example_dags/example_dag_decorator.py
[2023-05-13T06:33:49.703+0000] {logging_mixin.py:137} INFO - [2023-05-13T06:33:49.702+0000] {dag.py:2690} INFO - Sync 1 DAGs
[2023-05-13T06:33:49.715+0000] {logging_mixin.py:137} INFO - [2023-05-13T06:33:49.715+0000] {dag.py:3441} INFO - Setting next_dagrun for example_dag_decorator to None, run_after=None
[2023-05-13T06:33:49.724+0000] {processor.py:175} INFO - Processing /home/airflow/.local/lib/python3.7/site-packages/airflow/example_dags/example_dag_decorator.py took 0.077 seconds
[2023-05-13T06:34:19.790+0000] {processor.py:153} INFO - Started process (PID=1694) to work on /home/airflow/.local/lib/python3.7/site-packages/airflow/example_dags/example_dag_decorator.py
[2023-05-13T06:34:19.791+0000] {processor.py:743} INFO - Processing file /home/airflow/.local/lib/python3.7/site-packages/airflow/example_dags/example_dag_decorator.py for tasks to queue
[2023-05-13T06:34:19.792+0000] {logging_mixin.py:137} INFO - [2023-05-13T06:34:19.792+0000] {dagbag.py:538} INFO - Filling up the DagBag from /home/airflow/.local/lib/python3.7/site-packages/airflow/example_dags/example_dag_decorator.py
[2023-05-13T06:34:19.806+0000] {logging_mixin.py:137} INFO - [2023-05-13T06:34:19.806+0000] {taskmixin.py:205} WARNING - Dependency <Task(_PythonDecoratedOperator): prepare_email>, send_email already registered for DAG: example_dag_decorator
[2023-05-13T06:34:19.807+0000] {logging_mixin.py:137} INFO - [2023-05-13T06:34:19.807+0000] {taskmixin.py:205} WARNING - Dependency <Task(EmailOperator): send_email>, prepare_email already registered for DAG: example_dag_decorator
[2023-05-13T06:34:19.819+0000] {processor.py:753} INFO - DAG(s) dict_keys(['example_dag_decorator']) retrieved from /home/airflow/.local/lib/python3.7/site-packages/airflow/example_dags/example_dag_decorator.py
[2023-05-13T06:34:19.877+0000] {logging_mixin.py:137} INFO - [2023-05-13T06:34:19.876+0000] {dag.py:2690} INFO - Sync 1 DAGs
[2023-05-13T06:34:19.892+0000] {logging_mixin.py:137} INFO - [2023-05-13T06:34:19.892+0000] {dag.py:3441} INFO - Setting next_dagrun for example_dag_decorator to None, run_after=None
[2023-05-13T06:34:19.902+0000] {processor.py:175} INFO - Processing /home/airflow/.local/lib/python3.7/site-packages/airflow/example_dags/example_dag_decorator.py took 0.113 seconds
[2023-05-13T06:34:50.819+0000] {processor.py:153} INFO - Started process (PID=1757) to work on /home/airflow/.local/lib/python3.7/site-packages/airflow/example_dags/example_dag_decorator.py
[2023-05-13T06:34:50.820+0000] {processor.py:743} INFO - Processing file /home/airflow/.local/lib/python3.7/site-packages/airflow/example_dags/example_dag_decorator.py for tasks to queue
[2023-05-13T06:34:50.820+0000] {logging_mixin.py:137} INFO - [2023-05-13T06:34:50.820+0000] {dagbag.py:538} INFO - Filling up the DagBag from /home/airflow/.local/lib/python3.7/site-packages/airflow/example_dags/example_dag_decorator.py
[2023-05-13T06:34:50.830+0000] {logging_mixin.py:137} INFO - [2023-05-13T06:34:50.829+0000] {taskmixin.py:205} WARNING - Dependency <Task(_PythonDecoratedOperator): prepare_email>, send_email already registered for DAG: example_dag_decorator
[2023-05-13T06:34:50.830+0000] {logging_mixin.py:137} INFO - [2023-05-13T06:34:50.830+0000] {taskmixin.py:205} WARNING - Dependency <Task(EmailOperator): send_email>, prepare_email already registered for DAG: example_dag_decorator
[2023-05-13T06:34:50.837+0000] {processor.py:753} INFO - DAG(s) dict_keys(['example_dag_decorator']) retrieved from /home/airflow/.local/lib/python3.7/site-packages/airflow/example_dags/example_dag_decorator.py
[2023-05-13T06:34:50.872+0000] {logging_mixin.py:137} INFO - [2023-05-13T06:34:50.872+0000] {dag.py:2690} INFO - Sync 1 DAGs
[2023-05-13T06:34:50.888+0000] {logging_mixin.py:137} INFO - [2023-05-13T06:34:50.888+0000] {dag.py:3441} INFO - Setting next_dagrun for example_dag_decorator to None, run_after=None
[2023-05-13T06:34:50.904+0000] {processor.py:175} INFO - Processing /home/airflow/.local/lib/python3.7/site-packages/airflow/example_dags/example_dag_decorator.py took 0.088 seconds
[2023-05-13T06:35:21.833+0000] {processor.py:153} INFO - Started process (PID=1831) to work on /home/airflow/.local/lib/python3.7/site-packages/airflow/example_dags/example_dag_decorator.py
[2023-05-13T06:35:21.834+0000] {processor.py:743} INFO - Processing file /home/airflow/.local/lib/python3.7/site-packages/airflow/example_dags/example_dag_decorator.py for tasks to queue
[2023-05-13T06:35:21.835+0000] {logging_mixin.py:137} INFO - [2023-05-13T06:35:21.835+0000] {dagbag.py:538} INFO - Filling up the DagBag from /home/airflow/.local/lib/python3.7/site-packages/airflow/example_dags/example_dag_decorator.py
[2023-05-13T06:35:21.844+0000] {logging_mixin.py:137} INFO - [2023-05-13T06:35:21.844+0000] {taskmixin.py:205} WARNING - Dependency <Task(_PythonDecoratedOperator): prepare_email>, send_email already registered for DAG: example_dag_decorator
[2023-05-13T06:35:21.845+0000] {logging_mixin.py:137} INFO - [2023-05-13T06:35:21.845+0000] {taskmixin.py:205} WARNING - Dependency <Task(EmailOperator): send_email>, prepare_email already registered for DAG: example_dag_decorator
[2023-05-13T06:35:21.851+0000] {processor.py:753} INFO - DAG(s) dict_keys(['example_dag_decorator']) retrieved from /home/airflow/.local/lib/python3.7/site-packages/airflow/example_dags/example_dag_decorator.py
[2023-05-13T06:35:21.887+0000] {logging_mixin.py:137} INFO - [2023-05-13T06:35:21.887+0000] {dag.py:2690} INFO - Sync 1 DAGs
[2023-05-13T06:35:21.898+0000] {logging_mixin.py:137} INFO - [2023-05-13T06:35:21.898+0000] {dag.py:3441} INFO - Setting next_dagrun for example_dag_decorator to None, run_after=None
[2023-05-13T06:35:21.908+0000] {processor.py:175} INFO - Processing /home/airflow/.local/lib/python3.7/site-packages/airflow/example_dags/example_dag_decorator.py took 0.077 seconds
[2023-05-13T06:35:51.966+0000] {processor.py:153} INFO - Started process (PID=1906) to work on /home/airflow/.local/lib/python3.7/site-packages/airflow/example_dags/example_dag_decorator.py
[2023-05-13T06:35:51.967+0000] {processor.py:743} INFO - Processing file /home/airflow/.local/lib/python3.7/site-packages/airflow/example_dags/example_dag_decorator.py for tasks to queue
[2023-05-13T06:35:51.968+0000] {logging_mixin.py:137} INFO - [2023-05-13T06:35:51.968+0000] {dagbag.py:538} INFO - Filling up the DagBag from /home/airflow/.local/lib/python3.7/site-packages/airflow/example_dags/example_dag_decorator.py
[2023-05-13T06:35:51.977+0000] {logging_mixin.py:137} INFO - [2023-05-13T06:35:51.977+0000] {taskmixin.py:205} WARNING - Dependency <Task(_PythonDecoratedOperator): prepare_email>, send_email already registered for DAG: example_dag_decorator
[2023-05-13T06:35:51.978+0000] {logging_mixin.py:137} INFO - [2023-05-13T06:35:51.978+0000] {taskmixin.py:205} WARNING - Dependency <Task(EmailOperator): send_email>, prepare_email already registered for DAG: example_dag_decorator
[2023-05-13T06:35:51.985+0000] {processor.py:753} INFO - DAG(s) dict_keys(['example_dag_decorator']) retrieved from /home/airflow/.local/lib/python3.7/site-packages/airflow/example_dags/example_dag_decorator.py
[2023-05-13T06:35:52.020+0000] {logging_mixin.py:137} INFO - [2023-05-13T06:35:52.020+0000] {dag.py:2690} INFO - Sync 1 DAGs
[2023-05-13T06:35:52.031+0000] {logging_mixin.py:137} INFO - [2023-05-13T06:35:52.031+0000] {dag.py:3441} INFO - Setting next_dagrun for example_dag_decorator to None, run_after=None
[2023-05-13T06:35:52.041+0000] {processor.py:175} INFO - Processing /home/airflow/.local/lib/python3.7/site-packages/airflow/example_dags/example_dag_decorator.py took 0.077 seconds
[2023-05-13T06:36:22.993+0000] {processor.py:153} INFO - Started process (PID=1975) to work on /home/airflow/.local/lib/python3.7/site-packages/airflow/example_dags/example_dag_decorator.py
[2023-05-13T06:36:22.994+0000] {processor.py:743} INFO - Processing file /home/airflow/.local/lib/python3.7/site-packages/airflow/example_dags/example_dag_decorator.py for tasks to queue
[2023-05-13T06:36:22.995+0000] {logging_mixin.py:137} INFO - [2023-05-13T06:36:22.995+0000] {dagbag.py:538} INFO - Filling up the DagBag from /home/airflow/.local/lib/python3.7/site-packages/airflow/example_dags/example_dag_decorator.py
[2023-05-13T06:36:23.005+0000] {logging_mixin.py:137} INFO - [2023-05-13T06:36:23.005+0000] {taskmixin.py:205} WARNING - Dependency <Task(_PythonDecoratedOperator): prepare_email>, send_email already registered for DAG: example_dag_decorator
[2023-05-13T06:36:23.005+0000] {logging_mixin.py:137} INFO - [2023-05-13T06:36:23.005+0000] {taskmixin.py:205} WARNING - Dependency <Task(EmailOperator): send_email>, prepare_email already registered for DAG: example_dag_decorator
[2023-05-13T06:36:23.013+0000] {processor.py:753} INFO - DAG(s) dict_keys(['example_dag_decorator']) retrieved from /home/airflow/.local/lib/python3.7/site-packages/airflow/example_dags/example_dag_decorator.py
[2023-05-13T06:36:23.053+0000] {logging_mixin.py:137} INFO - [2023-05-13T06:36:23.053+0000] {dag.py:2690} INFO - Sync 1 DAGs
[2023-05-13T06:36:23.066+0000] {logging_mixin.py:137} INFO - [2023-05-13T06:36:23.066+0000] {dag.py:3441} INFO - Setting next_dagrun for example_dag_decorator to None, run_after=None
[2023-05-13T06:36:23.079+0000] {processor.py:175} INFO - Processing /home/airflow/.local/lib/python3.7/site-packages/airflow/example_dags/example_dag_decorator.py took 0.090 seconds
[2023-05-13T06:42:12.508+0000] {processor.py:153} INFO - Started process (PID=2713) to work on /home/airflow/.local/lib/python3.7/site-packages/airflow/example_dags/example_dag_decorator.py
[2023-05-13T06:42:12.509+0000] {processor.py:743} INFO - Processing file /home/airflow/.local/lib/python3.7/site-packages/airflow/example_dags/example_dag_decorator.py for tasks to queue
[2023-05-13T06:42:12.510+0000] {logging_mixin.py:137} INFO - [2023-05-13T06:42:12.510+0000] {dagbag.py:538} INFO - Filling up the DagBag from /home/airflow/.local/lib/python3.7/site-packages/airflow/example_dags/example_dag_decorator.py
[2023-05-13T06:42:12.519+0000] {logging_mixin.py:137} INFO - [2023-05-13T06:42:12.519+0000] {taskmixin.py:205} WARNING - Dependency <Task(_PythonDecoratedOperator): prepare_email>, send_email already registered for DAG: example_dag_decorator
[2023-05-13T06:42:12.520+0000] {logging_mixin.py:137} INFO - [2023-05-13T06:42:12.520+0000] {taskmixin.py:205} WARNING - Dependency <Task(EmailOperator): send_email>, prepare_email already registered for DAG: example_dag_decorator
[2023-05-13T06:42:12.527+0000] {processor.py:753} INFO - DAG(s) dict_keys(['example_dag_decorator']) retrieved from /home/airflow/.local/lib/python3.7/site-packages/airflow/example_dags/example_dag_decorator.py
[2023-05-13T06:42:12.565+0000] {logging_mixin.py:137} INFO - [2023-05-13T06:42:12.565+0000] {dag.py:2690} INFO - Sync 1 DAGs
[2023-05-13T06:42:12.575+0000] {logging_mixin.py:137} INFO - [2023-05-13T06:42:12.575+0000] {dag.py:3441} INFO - Setting next_dagrun for example_dag_decorator to None, run_after=None
[2023-05-13T06:42:12.585+0000] {processor.py:175} INFO - Processing /home/airflow/.local/lib/python3.7/site-packages/airflow/example_dags/example_dag_decorator.py took 0.079 seconds
