[2023-05-13T06:22:37.416+0000] {processor.py:153} INFO - Started process (PID=43) to work on /home/airflow/.local/lib/python3.7/site-packages/airflow/example_dags/example_complex.py
[2023-05-13T06:22:37.419+0000] {processor.py:743} INFO - Processing file /home/airflow/.local/lib/python3.7/site-packages/airflow/example_dags/example_complex.py for tasks to queue
[2023-05-13T06:22:37.420+0000] {logging_mixin.py:137} INFO - [2023-05-13T06:22:37.420+0000] {dagbag.py:538} INFO - Filling up the DagBag from /home/airflow/.local/lib/python3.7/site-packages/airflow/example_dags/example_complex.py
[2023-05-13T06:22:37.432+0000] {logging_mixin.py:137} INFO - [2023-05-13T06:22:37.432+0000] {taskmixin.py:205} WARNING - Dependency <Task(BashOperator): create_entry_group>, delete_entry_group already registered for DAG: example_complex
[2023-05-13T06:22:37.433+0000] {logging_mixin.py:137} INFO - [2023-05-13T06:22:37.433+0000] {taskmixin.py:205} WARNING - Dependency <Task(BashOperator): delete_entry_group>, create_entry_group already registered for DAG: example_complex
[2023-05-13T06:22:37.434+0000] {logging_mixin.py:137} INFO - [2023-05-13T06:22:37.434+0000] {taskmixin.py:205} WARNING - Dependency <Task(BashOperator): create_entry_gcs>, delete_entry already registered for DAG: example_complex
[2023-05-13T06:22:37.435+0000] {logging_mixin.py:137} INFO - [2023-05-13T06:22:37.434+0000] {taskmixin.py:205} WARNING - Dependency <Task(BashOperator): delete_entry>, create_entry_gcs already registered for DAG: example_complex
[2023-05-13T06:22:37.435+0000] {logging_mixin.py:137} INFO - [2023-05-13T06:22:37.435+0000] {taskmixin.py:205} WARNING - Dependency <Task(BashOperator): create_tag>, delete_tag already registered for DAG: example_complex
[2023-05-13T06:22:37.436+0000] {logging_mixin.py:137} INFO - [2023-05-13T06:22:37.436+0000] {taskmixin.py:205} WARNING - Dependency <Task(BashOperator): delete_tag>, create_tag already registered for DAG: example_complex
[2023-05-13T06:22:37.441+0000] {processor.py:753} INFO - DAG(s) dict_keys(['example_complex']) retrieved from /home/airflow/.local/lib/python3.7/site-packages/airflow/example_dags/example_complex.py
[2023-05-13T06:22:37.475+0000] {logging_mixin.py:137} INFO - [2023-05-13T06:22:37.475+0000] {dag.py:2690} INFO - Sync 1 DAGs
[2023-05-13T06:22:37.494+0000] {logging_mixin.py:137} INFO - [2023-05-13T06:22:37.494+0000] {dag.py:3441} INFO - Setting next_dagrun for example_complex to None, run_after=None
[2023-05-13T06:22:37.508+0000] {processor.py:175} INFO - Processing /home/airflow/.local/lib/python3.7/site-packages/airflow/example_dags/example_complex.py took 0.095 seconds
[2023-05-13T06:23:07.542+0000] {processor.py:153} INFO - Started process (PID=118) to work on /home/airflow/.local/lib/python3.7/site-packages/airflow/example_dags/example_complex.py
[2023-05-13T06:23:07.543+0000] {processor.py:743} INFO - Processing file /home/airflow/.local/lib/python3.7/site-packages/airflow/example_dags/example_complex.py for tasks to queue
[2023-05-13T06:23:07.543+0000] {logging_mixin.py:137} INFO - [2023-05-13T06:23:07.543+0000] {dagbag.py:538} INFO - Filling up the DagBag from /home/airflow/.local/lib/python3.7/site-packages/airflow/example_dags/example_complex.py
[2023-05-13T06:23:07.550+0000] {logging_mixin.py:137} INFO - [2023-05-13T06:23:07.549+0000] {taskmixin.py:205} WARNING - Dependency <Task(BashOperator): create_entry_group>, delete_entry_group already registered for DAG: example_complex
[2023-05-13T06:23:07.550+0000] {logging_mixin.py:137} INFO - [2023-05-13T06:23:07.550+0000] {taskmixin.py:205} WARNING - Dependency <Task(BashOperator): delete_entry_group>, create_entry_group already registered for DAG: example_complex
[2023-05-13T06:23:07.550+0000] {logging_mixin.py:137} INFO - [2023-05-13T06:23:07.550+0000] {taskmixin.py:205} WARNING - Dependency <Task(BashOperator): create_entry_gcs>, delete_entry already registered for DAG: example_complex
[2023-05-13T06:23:07.551+0000] {logging_mixin.py:137} INFO - [2023-05-13T06:23:07.550+0000] {taskmixin.py:205} WARNING - Dependency <Task(BashOperator): delete_entry>, create_entry_gcs already registered for DAG: example_complex
[2023-05-13T06:23:07.551+0000] {logging_mixin.py:137} INFO - [2023-05-13T06:23:07.551+0000] {taskmixin.py:205} WARNING - Dependency <Task(BashOperator): create_tag>, delete_tag already registered for DAG: example_complex
[2023-05-13T06:23:07.551+0000] {logging_mixin.py:137} INFO - [2023-05-13T06:23:07.551+0000] {taskmixin.py:205} WARNING - Dependency <Task(BashOperator): delete_tag>, create_tag already registered for DAG: example_complex
[2023-05-13T06:23:07.555+0000] {processor.py:753} INFO - DAG(s) dict_keys(['example_complex']) retrieved from /home/airflow/.local/lib/python3.7/site-packages/airflow/example_dags/example_complex.py
[2023-05-13T06:23:07.574+0000] {logging_mixin.py:137} INFO - [2023-05-13T06:23:07.574+0000] {dag.py:2690} INFO - Sync 1 DAGs
[2023-05-13T06:23:07.587+0000] {logging_mixin.py:137} INFO - [2023-05-13T06:23:07.587+0000] {dag.py:3441} INFO - Setting next_dagrun for example_complex to None, run_after=None
[2023-05-13T06:23:07.597+0000] {processor.py:175} INFO - Processing /home/airflow/.local/lib/python3.7/site-packages/airflow/example_dags/example_complex.py took 0.058 seconds
[2023-05-13T06:23:38.350+0000] {processor.py:153} INFO - Started process (PID=181) to work on /home/airflow/.local/lib/python3.7/site-packages/airflow/example_dags/example_complex.py
[2023-05-13T06:23:38.351+0000] {processor.py:743} INFO - Processing file /home/airflow/.local/lib/python3.7/site-packages/airflow/example_dags/example_complex.py for tasks to queue
[2023-05-13T06:23:38.352+0000] {logging_mixin.py:137} INFO - [2023-05-13T06:23:38.352+0000] {dagbag.py:538} INFO - Filling up the DagBag from /home/airflow/.local/lib/python3.7/site-packages/airflow/example_dags/example_complex.py
[2023-05-13T06:23:38.358+0000] {logging_mixin.py:137} INFO - [2023-05-13T06:23:38.358+0000] {taskmixin.py:205} WARNING - Dependency <Task(BashOperator): create_entry_group>, delete_entry_group already registered for DAG: example_complex
[2023-05-13T06:23:38.359+0000] {logging_mixin.py:137} INFO - [2023-05-13T06:23:38.359+0000] {taskmixin.py:205} WARNING - Dependency <Task(BashOperator): delete_entry_group>, create_entry_group already registered for DAG: example_complex
[2023-05-13T06:23:38.359+0000] {logging_mixin.py:137} INFO - [2023-05-13T06:23:38.359+0000] {taskmixin.py:205} WARNING - Dependency <Task(BashOperator): create_entry_gcs>, delete_entry already registered for DAG: example_complex
[2023-05-13T06:23:38.359+0000] {logging_mixin.py:137} INFO - [2023-05-13T06:23:38.359+0000] {taskmixin.py:205} WARNING - Dependency <Task(BashOperator): delete_entry>, create_entry_gcs already registered for DAG: example_complex
[2023-05-13T06:23:38.360+0000] {logging_mixin.py:137} INFO - [2023-05-13T06:23:38.360+0000] {taskmixin.py:205} WARNING - Dependency <Task(BashOperator): create_tag>, delete_tag already registered for DAG: example_complex
[2023-05-13T06:23:38.360+0000] {logging_mixin.py:137} INFO - [2023-05-13T06:23:38.360+0000] {taskmixin.py:205} WARNING - Dependency <Task(BashOperator): delete_tag>, create_tag already registered for DAG: example_complex
[2023-05-13T06:23:38.364+0000] {processor.py:753} INFO - DAG(s) dict_keys(['example_complex']) retrieved from /home/airflow/.local/lib/python3.7/site-packages/airflow/example_dags/example_complex.py
[2023-05-13T06:23:38.383+0000] {logging_mixin.py:137} INFO - [2023-05-13T06:23:38.383+0000] {dag.py:2690} INFO - Sync 1 DAGs
[2023-05-13T06:23:38.396+0000] {logging_mixin.py:137} INFO - [2023-05-13T06:23:38.396+0000] {dag.py:3441} INFO - Setting next_dagrun for example_complex to None, run_after=None
[2023-05-13T06:23:38.405+0000] {processor.py:175} INFO - Processing /home/airflow/.local/lib/python3.7/site-packages/airflow/example_dags/example_complex.py took 0.057 seconds
[2023-05-13T06:24:09.303+0000] {processor.py:153} INFO - Started process (PID=257) to work on /home/airflow/.local/lib/python3.7/site-packages/airflow/example_dags/example_complex.py
[2023-05-13T06:24:09.304+0000] {processor.py:743} INFO - Processing file /home/airflow/.local/lib/python3.7/site-packages/airflow/example_dags/example_complex.py for tasks to queue
[2023-05-13T06:24:09.306+0000] {logging_mixin.py:137} INFO - [2023-05-13T06:24:09.305+0000] {dagbag.py:538} INFO - Filling up the DagBag from /home/airflow/.local/lib/python3.7/site-packages/airflow/example_dags/example_complex.py
[2023-05-13T06:24:09.312+0000] {logging_mixin.py:137} INFO - [2023-05-13T06:24:09.312+0000] {taskmixin.py:205} WARNING - Dependency <Task(BashOperator): create_entry_group>, delete_entry_group already registered for DAG: example_complex
[2023-05-13T06:24:09.313+0000] {logging_mixin.py:137} INFO - [2023-05-13T06:24:09.313+0000] {taskmixin.py:205} WARNING - Dependency <Task(BashOperator): delete_entry_group>, create_entry_group already registered for DAG: example_complex
[2023-05-13T06:24:09.313+0000] {logging_mixin.py:137} INFO - [2023-05-13T06:24:09.313+0000] {taskmixin.py:205} WARNING - Dependency <Task(BashOperator): create_entry_gcs>, delete_entry already registered for DAG: example_complex
[2023-05-13T06:24:09.314+0000] {logging_mixin.py:137} INFO - [2023-05-13T06:24:09.313+0000] {taskmixin.py:205} WARNING - Dependency <Task(BashOperator): delete_entry>, create_entry_gcs already registered for DAG: example_complex
[2023-05-13T06:24:09.314+0000] {logging_mixin.py:137} INFO - [2023-05-13T06:24:09.314+0000] {taskmixin.py:205} WARNING - Dependency <Task(BashOperator): create_tag>, delete_tag already registered for DAG: example_complex
[2023-05-13T06:24:09.314+0000] {logging_mixin.py:137} INFO - [2023-05-13T06:24:09.314+0000] {taskmixin.py:205} WARNING - Dependency <Task(BashOperator): delete_tag>, create_tag already registered for DAG: example_complex
[2023-05-13T06:24:09.318+0000] {processor.py:753} INFO - DAG(s) dict_keys(['example_complex']) retrieved from /home/airflow/.local/lib/python3.7/site-packages/airflow/example_dags/example_complex.py
[2023-05-13T06:24:09.338+0000] {logging_mixin.py:137} INFO - [2023-05-13T06:24:09.338+0000] {dag.py:2690} INFO - Sync 1 DAGs
[2023-05-13T06:24:09.351+0000] {logging_mixin.py:137} INFO - [2023-05-13T06:24:09.351+0000] {dag.py:3441} INFO - Setting next_dagrun for example_complex to None, run_after=None
[2023-05-13T06:24:09.360+0000] {processor.py:175} INFO - Processing /home/airflow/.local/lib/python3.7/site-packages/airflow/example_dags/example_complex.py took 0.059 seconds
[2023-05-13T06:24:40.151+0000] {processor.py:153} INFO - Started process (PID=332) to work on /home/airflow/.local/lib/python3.7/site-packages/airflow/example_dags/example_complex.py
[2023-05-13T06:24:40.152+0000] {processor.py:743} INFO - Processing file /home/airflow/.local/lib/python3.7/site-packages/airflow/example_dags/example_complex.py for tasks to queue
[2023-05-13T06:24:40.153+0000] {logging_mixin.py:137} INFO - [2023-05-13T06:24:40.153+0000] {dagbag.py:538} INFO - Filling up the DagBag from /home/airflow/.local/lib/python3.7/site-packages/airflow/example_dags/example_complex.py
[2023-05-13T06:24:40.160+0000] {logging_mixin.py:137} INFO - [2023-05-13T06:24:40.160+0000] {taskmixin.py:205} WARNING - Dependency <Task(BashOperator): create_entry_group>, delete_entry_group already registered for DAG: example_complex
[2023-05-13T06:24:40.160+0000] {logging_mixin.py:137} INFO - [2023-05-13T06:24:40.160+0000] {taskmixin.py:205} WARNING - Dependency <Task(BashOperator): delete_entry_group>, create_entry_group already registered for DAG: example_complex
[2023-05-13T06:24:40.160+0000] {logging_mixin.py:137} INFO - [2023-05-13T06:24:40.160+0000] {taskmixin.py:205} WARNING - Dependency <Task(BashOperator): create_entry_gcs>, delete_entry already registered for DAG: example_complex
[2023-05-13T06:24:40.161+0000] {logging_mixin.py:137} INFO - [2023-05-13T06:24:40.161+0000] {taskmixin.py:205} WARNING - Dependency <Task(BashOperator): delete_entry>, create_entry_gcs already registered for DAG: example_complex
[2023-05-13T06:24:40.161+0000] {logging_mixin.py:137} INFO - [2023-05-13T06:24:40.161+0000] {taskmixin.py:205} WARNING - Dependency <Task(BashOperator): create_tag>, delete_tag already registered for DAG: example_complex
[2023-05-13T06:24:40.162+0000] {logging_mixin.py:137} INFO - [2023-05-13T06:24:40.162+0000] {taskmixin.py:205} WARNING - Dependency <Task(BashOperator): delete_tag>, create_tag already registered for DAG: example_complex
[2023-05-13T06:24:40.166+0000] {processor.py:753} INFO - DAG(s) dict_keys(['example_complex']) retrieved from /home/airflow/.local/lib/python3.7/site-packages/airflow/example_dags/example_complex.py
[2023-05-13T06:24:40.185+0000] {logging_mixin.py:137} INFO - [2023-05-13T06:24:40.185+0000] {dag.py:2690} INFO - Sync 1 DAGs
[2023-05-13T06:24:40.199+0000] {logging_mixin.py:137} INFO - [2023-05-13T06:24:40.199+0000] {dag.py:3441} INFO - Setting next_dagrun for example_complex to None, run_after=None
[2023-05-13T06:24:40.208+0000] {processor.py:175} INFO - Processing /home/airflow/.local/lib/python3.7/site-packages/airflow/example_dags/example_complex.py took 0.058 seconds
[2023-05-13T06:25:10.907+0000] {processor.py:153} INFO - Started process (PID=406) to work on /home/airflow/.local/lib/python3.7/site-packages/airflow/example_dags/example_complex.py
[2023-05-13T06:25:10.908+0000] {processor.py:743} INFO - Processing file /home/airflow/.local/lib/python3.7/site-packages/airflow/example_dags/example_complex.py for tasks to queue
[2023-05-13T06:25:10.909+0000] {logging_mixin.py:137} INFO - [2023-05-13T06:25:10.909+0000] {dagbag.py:538} INFO - Filling up the DagBag from /home/airflow/.local/lib/python3.7/site-packages/airflow/example_dags/example_complex.py
[2023-05-13T06:25:10.915+0000] {logging_mixin.py:137} INFO - [2023-05-13T06:25:10.915+0000] {taskmixin.py:205} WARNING - Dependency <Task(BashOperator): create_entry_group>, delete_entry_group already registered for DAG: example_complex
[2023-05-13T06:25:10.916+0000] {logging_mixin.py:137} INFO - [2023-05-13T06:25:10.916+0000] {taskmixin.py:205} WARNING - Dependency <Task(BashOperator): delete_entry_group>, create_entry_group already registered for DAG: example_complex
[2023-05-13T06:25:10.916+0000] {logging_mixin.py:137} INFO - [2023-05-13T06:25:10.916+0000] {taskmixin.py:205} WARNING - Dependency <Task(BashOperator): create_entry_gcs>, delete_entry already registered for DAG: example_complex
[2023-05-13T06:25:10.916+0000] {logging_mixin.py:137} INFO - [2023-05-13T06:25:10.916+0000] {taskmixin.py:205} WARNING - Dependency <Task(BashOperator): delete_entry>, create_entry_gcs already registered for DAG: example_complex
[2023-05-13T06:25:10.917+0000] {logging_mixin.py:137} INFO - [2023-05-13T06:25:10.917+0000] {taskmixin.py:205} WARNING - Dependency <Task(BashOperator): create_tag>, delete_tag already registered for DAG: example_complex
[2023-05-13T06:25:10.917+0000] {logging_mixin.py:137} INFO - [2023-05-13T06:25:10.917+0000] {taskmixin.py:205} WARNING - Dependency <Task(BashOperator): delete_tag>, create_tag already registered for DAG: example_complex
[2023-05-13T06:25:10.921+0000] {processor.py:753} INFO - DAG(s) dict_keys(['example_complex']) retrieved from /home/airflow/.local/lib/python3.7/site-packages/airflow/example_dags/example_complex.py
[2023-05-13T06:25:10.941+0000] {logging_mixin.py:137} INFO - [2023-05-13T06:25:10.941+0000] {dag.py:2690} INFO - Sync 1 DAGs
[2023-05-13T06:25:10.954+0000] {logging_mixin.py:137} INFO - [2023-05-13T06:25:10.954+0000] {dag.py:3441} INFO - Setting next_dagrun for example_complex to None, run_after=None
[2023-05-13T06:25:10.963+0000] {processor.py:175} INFO - Processing /home/airflow/.local/lib/python3.7/site-packages/airflow/example_dags/example_complex.py took 0.058 seconds
[2023-05-13T06:25:41.751+0000] {processor.py:153} INFO - Started process (PID=469) to work on /home/airflow/.local/lib/python3.7/site-packages/airflow/example_dags/example_complex.py
[2023-05-13T06:25:41.753+0000] {processor.py:743} INFO - Processing file /home/airflow/.local/lib/python3.7/site-packages/airflow/example_dags/example_complex.py for tasks to queue
[2023-05-13T06:25:41.755+0000] {logging_mixin.py:137} INFO - [2023-05-13T06:25:41.755+0000] {dagbag.py:538} INFO - Filling up the DagBag from /home/airflow/.local/lib/python3.7/site-packages/airflow/example_dags/example_complex.py
[2023-05-13T06:25:41.767+0000] {logging_mixin.py:137} INFO - [2023-05-13T06:25:41.767+0000] {taskmixin.py:205} WARNING - Dependency <Task(BashOperator): create_entry_group>, delete_entry_group already registered for DAG: example_complex
[2023-05-13T06:25:41.768+0000] {logging_mixin.py:137} INFO - [2023-05-13T06:25:41.767+0000] {taskmixin.py:205} WARNING - Dependency <Task(BashOperator): delete_entry_group>, create_entry_group already registered for DAG: example_complex
[2023-05-13T06:25:41.769+0000] {logging_mixin.py:137} INFO - [2023-05-13T06:25:41.769+0000] {taskmixin.py:205} WARNING - Dependency <Task(BashOperator): create_entry_gcs>, delete_entry already registered for DAG: example_complex
[2023-05-13T06:25:41.770+0000] {logging_mixin.py:137} INFO - [2023-05-13T06:25:41.770+0000] {taskmixin.py:205} WARNING - Dependency <Task(BashOperator): delete_entry>, create_entry_gcs already registered for DAG: example_complex
[2023-05-13T06:25:41.771+0000] {logging_mixin.py:137} INFO - [2023-05-13T06:25:41.771+0000] {taskmixin.py:205} WARNING - Dependency <Task(BashOperator): create_tag>, delete_tag already registered for DAG: example_complex
[2023-05-13T06:25:41.772+0000] {logging_mixin.py:137} INFO - [2023-05-13T06:25:41.772+0000] {taskmixin.py:205} WARNING - Dependency <Task(BashOperator): delete_tag>, create_tag already registered for DAG: example_complex
[2023-05-13T06:25:41.777+0000] {processor.py:753} INFO - DAG(s) dict_keys(['example_complex']) retrieved from /home/airflow/.local/lib/python3.7/site-packages/airflow/example_dags/example_complex.py
[2023-05-13T06:25:41.800+0000] {logging_mixin.py:137} INFO - [2023-05-13T06:25:41.800+0000] {dag.py:2690} INFO - Sync 1 DAGs
[2023-05-13T06:25:41.814+0000] {logging_mixin.py:137} INFO - [2023-05-13T06:25:41.814+0000] {dag.py:3441} INFO - Setting next_dagrun for example_complex to None, run_after=None
[2023-05-13T06:25:41.835+0000] {processor.py:175} INFO - Processing /home/airflow/.local/lib/python3.7/site-packages/airflow/example_dags/example_complex.py took 0.088 seconds
[2023-05-13T06:26:11.868+0000] {processor.py:153} INFO - Started process (PID=544) to work on /home/airflow/.local/lib/python3.7/site-packages/airflow/example_dags/example_complex.py
[2023-05-13T06:26:11.869+0000] {processor.py:743} INFO - Processing file /home/airflow/.local/lib/python3.7/site-packages/airflow/example_dags/example_complex.py for tasks to queue
[2023-05-13T06:26:11.869+0000] {logging_mixin.py:137} INFO - [2023-05-13T06:26:11.869+0000] {dagbag.py:538} INFO - Filling up the DagBag from /home/airflow/.local/lib/python3.7/site-packages/airflow/example_dags/example_complex.py
[2023-05-13T06:26:11.876+0000] {logging_mixin.py:137} INFO - [2023-05-13T06:26:11.876+0000] {taskmixin.py:205} WARNING - Dependency <Task(BashOperator): create_entry_group>, delete_entry_group already registered for DAG: example_complex
[2023-05-13T06:26:11.876+0000] {logging_mixin.py:137} INFO - [2023-05-13T06:26:11.876+0000] {taskmixin.py:205} WARNING - Dependency <Task(BashOperator): delete_entry_group>, create_entry_group already registered for DAG: example_complex
[2023-05-13T06:26:11.877+0000] {logging_mixin.py:137} INFO - [2023-05-13T06:26:11.877+0000] {taskmixin.py:205} WARNING - Dependency <Task(BashOperator): create_entry_gcs>, delete_entry already registered for DAG: example_complex
[2023-05-13T06:26:11.877+0000] {logging_mixin.py:137} INFO - [2023-05-13T06:26:11.877+0000] {taskmixin.py:205} WARNING - Dependency <Task(BashOperator): delete_entry>, create_entry_gcs already registered for DAG: example_complex
[2023-05-13T06:26:11.877+0000] {logging_mixin.py:137} INFO - [2023-05-13T06:26:11.877+0000] {taskmixin.py:205} WARNING - Dependency <Task(BashOperator): create_tag>, delete_tag already registered for DAG: example_complex
[2023-05-13T06:26:11.877+0000] {logging_mixin.py:137} INFO - [2023-05-13T06:26:11.877+0000] {taskmixin.py:205} WARNING - Dependency <Task(BashOperator): delete_tag>, create_tag already registered for DAG: example_complex
[2023-05-13T06:26:11.882+0000] {processor.py:753} INFO - DAG(s) dict_keys(['example_complex']) retrieved from /home/airflow/.local/lib/python3.7/site-packages/airflow/example_dags/example_complex.py
[2023-05-13T06:26:11.902+0000] {logging_mixin.py:137} INFO - [2023-05-13T06:26:11.902+0000] {dag.py:2690} INFO - Sync 1 DAGs
[2023-05-13T06:26:11.914+0000] {logging_mixin.py:137} INFO - [2023-05-13T06:26:11.914+0000] {dag.py:3441} INFO - Setting next_dagrun for example_complex to None, run_after=None
[2023-05-13T06:26:11.924+0000] {processor.py:175} INFO - Processing /home/airflow/.local/lib/python3.7/site-packages/airflow/example_dags/example_complex.py took 0.058 seconds
[2023-05-13T06:26:42.848+0000] {processor.py:153} INFO - Started process (PID=619) to work on /home/airflow/.local/lib/python3.7/site-packages/airflow/example_dags/example_complex.py
[2023-05-13T06:26:42.849+0000] {processor.py:743} INFO - Processing file /home/airflow/.local/lib/python3.7/site-packages/airflow/example_dags/example_complex.py for tasks to queue
[2023-05-13T06:26:42.850+0000] {logging_mixin.py:137} INFO - [2023-05-13T06:26:42.850+0000] {dagbag.py:538} INFO - Filling up the DagBag from /home/airflow/.local/lib/python3.7/site-packages/airflow/example_dags/example_complex.py
[2023-05-13T06:26:42.856+0000] {logging_mixin.py:137} INFO - [2023-05-13T06:26:42.856+0000] {taskmixin.py:205} WARNING - Dependency <Task(BashOperator): create_entry_group>, delete_entry_group already registered for DAG: example_complex
[2023-05-13T06:26:42.857+0000] {logging_mixin.py:137} INFO - [2023-05-13T06:26:42.857+0000] {taskmixin.py:205} WARNING - Dependency <Task(BashOperator): delete_entry_group>, create_entry_group already registered for DAG: example_complex
[2023-05-13T06:26:42.857+0000] {logging_mixin.py:137} INFO - [2023-05-13T06:26:42.857+0000] {taskmixin.py:205} WARNING - Dependency <Task(BashOperator): create_entry_gcs>, delete_entry already registered for DAG: example_complex
[2023-05-13T06:26:42.857+0000] {logging_mixin.py:137} INFO - [2023-05-13T06:26:42.857+0000] {taskmixin.py:205} WARNING - Dependency <Task(BashOperator): delete_entry>, create_entry_gcs already registered for DAG: example_complex
[2023-05-13T06:26:42.858+0000] {logging_mixin.py:137} INFO - [2023-05-13T06:26:42.858+0000] {taskmixin.py:205} WARNING - Dependency <Task(BashOperator): create_tag>, delete_tag already registered for DAG: example_complex
[2023-05-13T06:26:42.858+0000] {logging_mixin.py:137} INFO - [2023-05-13T06:26:42.858+0000] {taskmixin.py:205} WARNING - Dependency <Task(BashOperator): delete_tag>, create_tag already registered for DAG: example_complex
[2023-05-13T06:26:42.862+0000] {processor.py:753} INFO - DAG(s) dict_keys(['example_complex']) retrieved from /home/airflow/.local/lib/python3.7/site-packages/airflow/example_dags/example_complex.py
[2023-05-13T06:26:42.882+0000] {logging_mixin.py:137} INFO - [2023-05-13T06:26:42.882+0000] {dag.py:2690} INFO - Sync 1 DAGs
[2023-05-13T06:26:42.895+0000] {logging_mixin.py:137} INFO - [2023-05-13T06:26:42.895+0000] {dag.py:3441} INFO - Setting next_dagrun for example_complex to None, run_after=None
[2023-05-13T06:26:42.904+0000] {processor.py:175} INFO - Processing /home/airflow/.local/lib/python3.7/site-packages/airflow/example_dags/example_complex.py took 0.058 seconds
[2023-05-13T06:27:14.036+0000] {processor.py:153} INFO - Started process (PID=694) to work on /home/airflow/.local/lib/python3.7/site-packages/airflow/example_dags/example_complex.py
[2023-05-13T06:27:14.037+0000] {processor.py:743} INFO - Processing file /home/airflow/.local/lib/python3.7/site-packages/airflow/example_dags/example_complex.py for tasks to queue
[2023-05-13T06:27:14.038+0000] {logging_mixin.py:137} INFO - [2023-05-13T06:27:14.038+0000] {dagbag.py:538} INFO - Filling up the DagBag from /home/airflow/.local/lib/python3.7/site-packages/airflow/example_dags/example_complex.py
[2023-05-13T06:27:14.044+0000] {logging_mixin.py:137} INFO - [2023-05-13T06:27:14.044+0000] {taskmixin.py:205} WARNING - Dependency <Task(BashOperator): create_entry_group>, delete_entry_group already registered for DAG: example_complex
[2023-05-13T06:27:14.045+0000] {logging_mixin.py:137} INFO - [2023-05-13T06:27:14.045+0000] {taskmixin.py:205} WARNING - Dependency <Task(BashOperator): delete_entry_group>, create_entry_group already registered for DAG: example_complex
[2023-05-13T06:27:14.045+0000] {logging_mixin.py:137} INFO - [2023-05-13T06:27:14.045+0000] {taskmixin.py:205} WARNING - Dependency <Task(BashOperator): create_entry_gcs>, delete_entry already registered for DAG: example_complex
[2023-05-13T06:27:14.045+0000] {logging_mixin.py:137} INFO - [2023-05-13T06:27:14.045+0000] {taskmixin.py:205} WARNING - Dependency <Task(BashOperator): delete_entry>, create_entry_gcs already registered for DAG: example_complex
[2023-05-13T06:27:14.046+0000] {logging_mixin.py:137} INFO - [2023-05-13T06:27:14.046+0000] {taskmixin.py:205} WARNING - Dependency <Task(BashOperator): create_tag>, delete_tag already registered for DAG: example_complex
[2023-05-13T06:27:14.046+0000] {logging_mixin.py:137} INFO - [2023-05-13T06:27:14.046+0000] {taskmixin.py:205} WARNING - Dependency <Task(BashOperator): delete_tag>, create_tag already registered for DAG: example_complex
[2023-05-13T06:27:14.050+0000] {processor.py:753} INFO - DAG(s) dict_keys(['example_complex']) retrieved from /home/airflow/.local/lib/python3.7/site-packages/airflow/example_dags/example_complex.py
[2023-05-13T06:27:14.069+0000] {logging_mixin.py:137} INFO - [2023-05-13T06:27:14.069+0000] {dag.py:2690} INFO - Sync 1 DAGs
[2023-05-13T06:27:14.082+0000] {logging_mixin.py:137} INFO - [2023-05-13T06:27:14.082+0000] {dag.py:3441} INFO - Setting next_dagrun for example_complex to None, run_after=None
[2023-05-13T06:27:14.091+0000] {processor.py:175} INFO - Processing /home/airflow/.local/lib/python3.7/site-packages/airflow/example_dags/example_complex.py took 0.057 seconds
[2023-05-13T06:27:45.068+0000] {processor.py:153} INFO - Started process (PID=758) to work on /home/airflow/.local/lib/python3.7/site-packages/airflow/example_dags/example_complex.py
[2023-05-13T06:27:45.069+0000] {processor.py:743} INFO - Processing file /home/airflow/.local/lib/python3.7/site-packages/airflow/example_dags/example_complex.py for tasks to queue
[2023-05-13T06:27:45.069+0000] {logging_mixin.py:137} INFO - [2023-05-13T06:27:45.069+0000] {dagbag.py:538} INFO - Filling up the DagBag from /home/airflow/.local/lib/python3.7/site-packages/airflow/example_dags/example_complex.py
[2023-05-13T06:27:45.076+0000] {logging_mixin.py:137} INFO - [2023-05-13T06:27:45.076+0000] {taskmixin.py:205} WARNING - Dependency <Task(BashOperator): create_entry_group>, delete_entry_group already registered for DAG: example_complex
[2023-05-13T06:27:45.076+0000] {logging_mixin.py:137} INFO - [2023-05-13T06:27:45.076+0000] {taskmixin.py:205} WARNING - Dependency <Task(BashOperator): delete_entry_group>, create_entry_group already registered for DAG: example_complex
[2023-05-13T06:27:45.076+0000] {logging_mixin.py:137} INFO - [2023-05-13T06:27:45.076+0000] {taskmixin.py:205} WARNING - Dependency <Task(BashOperator): create_entry_gcs>, delete_entry already registered for DAG: example_complex
[2023-05-13T06:27:45.076+0000] {logging_mixin.py:137} INFO - [2023-05-13T06:27:45.076+0000] {taskmixin.py:205} WARNING - Dependency <Task(BashOperator): delete_entry>, create_entry_gcs already registered for DAG: example_complex
[2023-05-13T06:27:45.077+0000] {logging_mixin.py:137} INFO - [2023-05-13T06:27:45.077+0000] {taskmixin.py:205} WARNING - Dependency <Task(BashOperator): create_tag>, delete_tag already registered for DAG: example_complex
[2023-05-13T06:27:45.077+0000] {logging_mixin.py:137} INFO - [2023-05-13T06:27:45.077+0000] {taskmixin.py:205} WARNING - Dependency <Task(BashOperator): delete_tag>, create_tag already registered for DAG: example_complex
[2023-05-13T06:27:45.081+0000] {processor.py:753} INFO - DAG(s) dict_keys(['example_complex']) retrieved from /home/airflow/.local/lib/python3.7/site-packages/airflow/example_dags/example_complex.py
[2023-05-13T06:27:45.100+0000] {logging_mixin.py:137} INFO - [2023-05-13T06:27:45.100+0000] {dag.py:2690} INFO - Sync 1 DAGs
[2023-05-13T06:27:45.112+0000] {logging_mixin.py:137} INFO - [2023-05-13T06:27:45.112+0000] {dag.py:3441} INFO - Setting next_dagrun for example_complex to None, run_after=None
[2023-05-13T06:27:45.121+0000] {processor.py:175} INFO - Processing /home/airflow/.local/lib/python3.7/site-packages/airflow/example_dags/example_complex.py took 0.056 seconds
[2023-05-13T06:28:15.167+0000] {processor.py:153} INFO - Started process (PID=833) to work on /home/airflow/.local/lib/python3.7/site-packages/airflow/example_dags/example_complex.py
[2023-05-13T06:28:15.167+0000] {processor.py:743} INFO - Processing file /home/airflow/.local/lib/python3.7/site-packages/airflow/example_dags/example_complex.py for tasks to queue
[2023-05-13T06:28:15.168+0000] {logging_mixin.py:137} INFO - [2023-05-13T06:28:15.168+0000] {dagbag.py:538} INFO - Filling up the DagBag from /home/airflow/.local/lib/python3.7/site-packages/airflow/example_dags/example_complex.py
[2023-05-13T06:28:15.175+0000] {logging_mixin.py:137} INFO - [2023-05-13T06:28:15.174+0000] {taskmixin.py:205} WARNING - Dependency <Task(BashOperator): create_entry_group>, delete_entry_group already registered for DAG: example_complex
[2023-05-13T06:28:15.175+0000] {logging_mixin.py:137} INFO - [2023-05-13T06:28:15.175+0000] {taskmixin.py:205} WARNING - Dependency <Task(BashOperator): delete_entry_group>, create_entry_group already registered for DAG: example_complex
[2023-05-13T06:28:15.175+0000] {logging_mixin.py:137} INFO - [2023-05-13T06:28:15.175+0000] {taskmixin.py:205} WARNING - Dependency <Task(BashOperator): create_entry_gcs>, delete_entry already registered for DAG: example_complex
[2023-05-13T06:28:15.176+0000] {logging_mixin.py:137} INFO - [2023-05-13T06:28:15.176+0000] {taskmixin.py:205} WARNING - Dependency <Task(BashOperator): delete_entry>, create_entry_gcs already registered for DAG: example_complex
[2023-05-13T06:28:15.176+0000] {logging_mixin.py:137} INFO - [2023-05-13T06:28:15.176+0000] {taskmixin.py:205} WARNING - Dependency <Task(BashOperator): create_tag>, delete_tag already registered for DAG: example_complex
[2023-05-13T06:28:15.177+0000] {logging_mixin.py:137} INFO - [2023-05-13T06:28:15.176+0000] {taskmixin.py:205} WARNING - Dependency <Task(BashOperator): delete_tag>, create_tag already registered for DAG: example_complex
[2023-05-13T06:28:15.181+0000] {processor.py:753} INFO - DAG(s) dict_keys(['example_complex']) retrieved from /home/airflow/.local/lib/python3.7/site-packages/airflow/example_dags/example_complex.py
[2023-05-13T06:28:15.200+0000] {logging_mixin.py:137} INFO - [2023-05-13T06:28:15.200+0000] {dag.py:2690} INFO - Sync 1 DAGs
[2023-05-13T06:28:15.214+0000] {logging_mixin.py:137} INFO - [2023-05-13T06:28:15.213+0000] {dag.py:3441} INFO - Setting next_dagrun for example_complex to None, run_after=None
[2023-05-13T06:28:15.223+0000] {processor.py:175} INFO - Processing /home/airflow/.local/lib/python3.7/site-packages/airflow/example_dags/example_complex.py took 0.059 seconds
[2023-05-13T06:28:45.347+0000] {processor.py:153} INFO - Started process (PID=908) to work on /home/airflow/.local/lib/python3.7/site-packages/airflow/example_dags/example_complex.py
[2023-05-13T06:28:45.348+0000] {processor.py:743} INFO - Processing file /home/airflow/.local/lib/python3.7/site-packages/airflow/example_dags/example_complex.py for tasks to queue
[2023-05-13T06:28:45.349+0000] {logging_mixin.py:137} INFO - [2023-05-13T06:28:45.349+0000] {dagbag.py:538} INFO - Filling up the DagBag from /home/airflow/.local/lib/python3.7/site-packages/airflow/example_dags/example_complex.py
[2023-05-13T06:28:45.355+0000] {logging_mixin.py:137} INFO - [2023-05-13T06:28:45.355+0000] {taskmixin.py:205} WARNING - Dependency <Task(BashOperator): create_entry_group>, delete_entry_group already registered for DAG: example_complex
[2023-05-13T06:28:45.356+0000] {logging_mixin.py:137} INFO - [2023-05-13T06:28:45.356+0000] {taskmixin.py:205} WARNING - Dependency <Task(BashOperator): delete_entry_group>, create_entry_group already registered for DAG: example_complex
[2023-05-13T06:28:45.356+0000] {logging_mixin.py:137} INFO - [2023-05-13T06:28:45.356+0000] {taskmixin.py:205} WARNING - Dependency <Task(BashOperator): create_entry_gcs>, delete_entry already registered for DAG: example_complex
[2023-05-13T06:28:45.357+0000] {logging_mixin.py:137} INFO - [2023-05-13T06:28:45.357+0000] {taskmixin.py:205} WARNING - Dependency <Task(BashOperator): delete_entry>, create_entry_gcs already registered for DAG: example_complex
[2023-05-13T06:28:45.357+0000] {logging_mixin.py:137} INFO - [2023-05-13T06:28:45.357+0000] {taskmixin.py:205} WARNING - Dependency <Task(BashOperator): create_tag>, delete_tag already registered for DAG: example_complex
[2023-05-13T06:28:45.358+0000] {logging_mixin.py:137} INFO - [2023-05-13T06:28:45.358+0000] {taskmixin.py:205} WARNING - Dependency <Task(BashOperator): delete_tag>, create_tag already registered for DAG: example_complex
[2023-05-13T06:28:45.362+0000] {processor.py:753} INFO - DAG(s) dict_keys(['example_complex']) retrieved from /home/airflow/.local/lib/python3.7/site-packages/airflow/example_dags/example_complex.py
[2023-05-13T06:28:45.381+0000] {logging_mixin.py:137} INFO - [2023-05-13T06:28:45.381+0000] {dag.py:2690} INFO - Sync 1 DAGs
[2023-05-13T06:28:45.394+0000] {logging_mixin.py:137} INFO - [2023-05-13T06:28:45.394+0000] {dag.py:3441} INFO - Setting next_dagrun for example_complex to None, run_after=None
[2023-05-13T06:28:45.403+0000] {processor.py:175} INFO - Processing /home/airflow/.local/lib/python3.7/site-packages/airflow/example_dags/example_complex.py took 0.059 seconds
[2023-05-13T06:29:16.272+0000] {processor.py:153} INFO - Started process (PID=980) to work on /home/airflow/.local/lib/python3.7/site-packages/airflow/example_dags/example_complex.py
[2023-05-13T06:29:16.273+0000] {processor.py:743} INFO - Processing file /home/airflow/.local/lib/python3.7/site-packages/airflow/example_dags/example_complex.py for tasks to queue
[2023-05-13T06:29:16.274+0000] {logging_mixin.py:137} INFO - [2023-05-13T06:29:16.274+0000] {dagbag.py:538} INFO - Filling up the DagBag from /home/airflow/.local/lib/python3.7/site-packages/airflow/example_dags/example_complex.py
[2023-05-13T06:29:16.282+0000] {logging_mixin.py:137} INFO - [2023-05-13T06:29:16.281+0000] {taskmixin.py:205} WARNING - Dependency <Task(BashOperator): create_entry_group>, delete_entry_group already registered for DAG: example_complex
[2023-05-13T06:29:16.282+0000] {logging_mixin.py:137} INFO - [2023-05-13T06:29:16.282+0000] {taskmixin.py:205} WARNING - Dependency <Task(BashOperator): delete_entry_group>, create_entry_group already registered for DAG: example_complex
[2023-05-13T06:29:16.283+0000] {logging_mixin.py:137} INFO - [2023-05-13T06:29:16.283+0000] {taskmixin.py:205} WARNING - Dependency <Task(BashOperator): create_entry_gcs>, delete_entry already registered for DAG: example_complex
[2023-05-13T06:29:16.283+0000] {logging_mixin.py:137} INFO - [2023-05-13T06:29:16.283+0000] {taskmixin.py:205} WARNING - Dependency <Task(BashOperator): delete_entry>, create_entry_gcs already registered for DAG: example_complex
[2023-05-13T06:29:16.284+0000] {logging_mixin.py:137} INFO - [2023-05-13T06:29:16.284+0000] {taskmixin.py:205} WARNING - Dependency <Task(BashOperator): create_tag>, delete_tag already registered for DAG: example_complex
[2023-05-13T06:29:16.284+0000] {logging_mixin.py:137} INFO - [2023-05-13T06:29:16.284+0000] {taskmixin.py:205} WARNING - Dependency <Task(BashOperator): delete_tag>, create_tag already registered for DAG: example_complex
[2023-05-13T06:29:16.289+0000] {processor.py:753} INFO - DAG(s) dict_keys(['example_complex']) retrieved from /home/airflow/.local/lib/python3.7/site-packages/airflow/example_dags/example_complex.py
[2023-05-13T06:29:16.315+0000] {logging_mixin.py:137} INFO - [2023-05-13T06:29:16.315+0000] {dag.py:2690} INFO - Sync 1 DAGs
[2023-05-13T06:29:16.330+0000] {logging_mixin.py:137} INFO - [2023-05-13T06:29:16.329+0000] {dag.py:3441} INFO - Setting next_dagrun for example_complex to None, run_after=None
[2023-05-13T06:29:16.347+0000] {processor.py:175} INFO - Processing /home/airflow/.local/lib/python3.7/site-packages/airflow/example_dags/example_complex.py took 0.077 seconds
[2023-05-13T06:29:46.538+0000] {processor.py:153} INFO - Started process (PID=1046) to work on /home/airflow/.local/lib/python3.7/site-packages/airflow/example_dags/example_complex.py
[2023-05-13T06:29:46.539+0000] {processor.py:743} INFO - Processing file /home/airflow/.local/lib/python3.7/site-packages/airflow/example_dags/example_complex.py for tasks to queue
[2023-05-13T06:29:46.540+0000] {logging_mixin.py:137} INFO - [2023-05-13T06:29:46.540+0000] {dagbag.py:538} INFO - Filling up the DagBag from /home/airflow/.local/lib/python3.7/site-packages/airflow/example_dags/example_complex.py
[2023-05-13T06:29:46.546+0000] {logging_mixin.py:137} INFO - [2023-05-13T06:29:46.546+0000] {taskmixin.py:205} WARNING - Dependency <Task(BashOperator): create_entry_group>, delete_entry_group already registered for DAG: example_complex
[2023-05-13T06:29:46.547+0000] {logging_mixin.py:137} INFO - [2023-05-13T06:29:46.547+0000] {taskmixin.py:205} WARNING - Dependency <Task(BashOperator): delete_entry_group>, create_entry_group already registered for DAG: example_complex
[2023-05-13T06:29:46.547+0000] {logging_mixin.py:137} INFO - [2023-05-13T06:29:46.547+0000] {taskmixin.py:205} WARNING - Dependency <Task(BashOperator): create_entry_gcs>, delete_entry already registered for DAG: example_complex
[2023-05-13T06:29:46.547+0000] {logging_mixin.py:137} INFO - [2023-05-13T06:29:46.547+0000] {taskmixin.py:205} WARNING - Dependency <Task(BashOperator): delete_entry>, create_entry_gcs already registered for DAG: example_complex
[2023-05-13T06:29:46.548+0000] {logging_mixin.py:137} INFO - [2023-05-13T06:29:46.548+0000] {taskmixin.py:205} WARNING - Dependency <Task(BashOperator): create_tag>, delete_tag already registered for DAG: example_complex
[2023-05-13T06:29:46.548+0000] {logging_mixin.py:137} INFO - [2023-05-13T06:29:46.548+0000] {taskmixin.py:205} WARNING - Dependency <Task(BashOperator): delete_tag>, create_tag already registered for DAG: example_complex
[2023-05-13T06:29:46.552+0000] {processor.py:753} INFO - DAG(s) dict_keys(['example_complex']) retrieved from /home/airflow/.local/lib/python3.7/site-packages/airflow/example_dags/example_complex.py
[2023-05-13T06:29:46.572+0000] {logging_mixin.py:137} INFO - [2023-05-13T06:29:46.572+0000] {dag.py:2690} INFO - Sync 1 DAGs
[2023-05-13T06:29:46.584+0000] {logging_mixin.py:137} INFO - [2023-05-13T06:29:46.584+0000] {dag.py:3441} INFO - Setting next_dagrun for example_complex to None, run_after=None
[2023-05-13T06:29:46.593+0000] {processor.py:175} INFO - Processing /home/airflow/.local/lib/python3.7/site-packages/airflow/example_dags/example_complex.py took 0.057 seconds
[2023-05-13T06:30:16.772+0000] {processor.py:153} INFO - Started process (PID=1121) to work on /home/airflow/.local/lib/python3.7/site-packages/airflow/example_dags/example_complex.py
[2023-05-13T06:30:16.773+0000] {processor.py:743} INFO - Processing file /home/airflow/.local/lib/python3.7/site-packages/airflow/example_dags/example_complex.py for tasks to queue
[2023-05-13T06:30:16.773+0000] {logging_mixin.py:137} INFO - [2023-05-13T06:30:16.773+0000] {dagbag.py:538} INFO - Filling up the DagBag from /home/airflow/.local/lib/python3.7/site-packages/airflow/example_dags/example_complex.py
[2023-05-13T06:30:16.780+0000] {logging_mixin.py:137} INFO - [2023-05-13T06:30:16.780+0000] {taskmixin.py:205} WARNING - Dependency <Task(BashOperator): create_entry_group>, delete_entry_group already registered for DAG: example_complex
[2023-05-13T06:30:16.780+0000] {logging_mixin.py:137} INFO - [2023-05-13T06:30:16.780+0000] {taskmixin.py:205} WARNING - Dependency <Task(BashOperator): delete_entry_group>, create_entry_group already registered for DAG: example_complex
[2023-05-13T06:30:16.780+0000] {logging_mixin.py:137} INFO - [2023-05-13T06:30:16.780+0000] {taskmixin.py:205} WARNING - Dependency <Task(BashOperator): create_entry_gcs>, delete_entry already registered for DAG: example_complex
[2023-05-13T06:30:16.781+0000] {logging_mixin.py:137} INFO - [2023-05-13T06:30:16.781+0000] {taskmixin.py:205} WARNING - Dependency <Task(BashOperator): delete_entry>, create_entry_gcs already registered for DAG: example_complex
[2023-05-13T06:30:16.781+0000] {logging_mixin.py:137} INFO - [2023-05-13T06:30:16.781+0000] {taskmixin.py:205} WARNING - Dependency <Task(BashOperator): create_tag>, delete_tag already registered for DAG: example_complex
[2023-05-13T06:30:16.782+0000] {logging_mixin.py:137} INFO - [2023-05-13T06:30:16.782+0000] {taskmixin.py:205} WARNING - Dependency <Task(BashOperator): delete_tag>, create_tag already registered for DAG: example_complex
[2023-05-13T06:30:16.786+0000] {processor.py:753} INFO - DAG(s) dict_keys(['example_complex']) retrieved from /home/airflow/.local/lib/python3.7/site-packages/airflow/example_dags/example_complex.py
[2023-05-13T06:30:16.805+0000] {logging_mixin.py:137} INFO - [2023-05-13T06:30:16.805+0000] {dag.py:2690} INFO - Sync 1 DAGs
[2023-05-13T06:30:16.819+0000] {logging_mixin.py:137} INFO - [2023-05-13T06:30:16.819+0000] {dag.py:3441} INFO - Setting next_dagrun for example_complex to None, run_after=None
[2023-05-13T06:30:16.829+0000] {processor.py:175} INFO - Processing /home/airflow/.local/lib/python3.7/site-packages/airflow/example_dags/example_complex.py took 0.060 seconds
[2023-05-13T06:30:46.923+0000] {processor.py:153} INFO - Started process (PID=1195) to work on /home/airflow/.local/lib/python3.7/site-packages/airflow/example_dags/example_complex.py
[2023-05-13T06:30:46.924+0000] {processor.py:743} INFO - Processing file /home/airflow/.local/lib/python3.7/site-packages/airflow/example_dags/example_complex.py for tasks to queue
[2023-05-13T06:30:46.925+0000] {logging_mixin.py:137} INFO - [2023-05-13T06:30:46.925+0000] {dagbag.py:538} INFO - Filling up the DagBag from /home/airflow/.local/lib/python3.7/site-packages/airflow/example_dags/example_complex.py
[2023-05-13T06:30:46.933+0000] {logging_mixin.py:137} INFO - [2023-05-13T06:30:46.933+0000] {taskmixin.py:205} WARNING - Dependency <Task(BashOperator): create_entry_group>, delete_entry_group already registered for DAG: example_complex
[2023-05-13T06:30:46.933+0000] {logging_mixin.py:137} INFO - [2023-05-13T06:30:46.933+0000] {taskmixin.py:205} WARNING - Dependency <Task(BashOperator): delete_entry_group>, create_entry_group already registered for DAG: example_complex
[2023-05-13T06:30:46.934+0000] {logging_mixin.py:137} INFO - [2023-05-13T06:30:46.934+0000] {taskmixin.py:205} WARNING - Dependency <Task(BashOperator): create_entry_gcs>, delete_entry already registered for DAG: example_complex
[2023-05-13T06:30:46.934+0000] {logging_mixin.py:137} INFO - [2023-05-13T06:30:46.934+0000] {taskmixin.py:205} WARNING - Dependency <Task(BashOperator): delete_entry>, create_entry_gcs already registered for DAG: example_complex
[2023-05-13T06:30:46.935+0000] {logging_mixin.py:137} INFO - [2023-05-13T06:30:46.935+0000] {taskmixin.py:205} WARNING - Dependency <Task(BashOperator): create_tag>, delete_tag already registered for DAG: example_complex
[2023-05-13T06:30:46.935+0000] {logging_mixin.py:137} INFO - [2023-05-13T06:30:46.935+0000] {taskmixin.py:205} WARNING - Dependency <Task(BashOperator): delete_tag>, create_tag already registered for DAG: example_complex
[2023-05-13T06:30:46.940+0000] {processor.py:753} INFO - DAG(s) dict_keys(['example_complex']) retrieved from /home/airflow/.local/lib/python3.7/site-packages/airflow/example_dags/example_complex.py
[2023-05-13T06:30:46.965+0000] {logging_mixin.py:137} INFO - [2023-05-13T06:30:46.965+0000] {dag.py:2690} INFO - Sync 1 DAGs
[2023-05-13T06:30:46.981+0000] {logging_mixin.py:137} INFO - [2023-05-13T06:30:46.981+0000] {dag.py:3441} INFO - Setting next_dagrun for example_complex to None, run_after=None
[2023-05-13T06:30:46.992+0000] {processor.py:175} INFO - Processing /home/airflow/.local/lib/python3.7/site-packages/airflow/example_dags/example_complex.py took 0.073 seconds
[2023-05-13T06:31:17.956+0000] {processor.py:153} INFO - Started process (PID=1259) to work on /home/airflow/.local/lib/python3.7/site-packages/airflow/example_dags/example_complex.py
[2023-05-13T06:31:17.957+0000] {processor.py:743} INFO - Processing file /home/airflow/.local/lib/python3.7/site-packages/airflow/example_dags/example_complex.py for tasks to queue
[2023-05-13T06:31:17.957+0000] {logging_mixin.py:137} INFO - [2023-05-13T06:31:17.957+0000] {dagbag.py:538} INFO - Filling up the DagBag from /home/airflow/.local/lib/python3.7/site-packages/airflow/example_dags/example_complex.py
[2023-05-13T06:31:17.963+0000] {logging_mixin.py:137} INFO - [2023-05-13T06:31:17.963+0000] {taskmixin.py:205} WARNING - Dependency <Task(BashOperator): create_entry_group>, delete_entry_group already registered for DAG: example_complex
[2023-05-13T06:31:17.963+0000] {logging_mixin.py:137} INFO - [2023-05-13T06:31:17.963+0000] {taskmixin.py:205} WARNING - Dependency <Task(BashOperator): delete_entry_group>, create_entry_group already registered for DAG: example_complex
[2023-05-13T06:31:17.964+0000] {logging_mixin.py:137} INFO - [2023-05-13T06:31:17.964+0000] {taskmixin.py:205} WARNING - Dependency <Task(BashOperator): create_entry_gcs>, delete_entry already registered for DAG: example_complex
[2023-05-13T06:31:17.964+0000] {logging_mixin.py:137} INFO - [2023-05-13T06:31:17.964+0000] {taskmixin.py:205} WARNING - Dependency <Task(BashOperator): delete_entry>, create_entry_gcs already registered for DAG: example_complex
[2023-05-13T06:31:17.965+0000] {logging_mixin.py:137} INFO - [2023-05-13T06:31:17.965+0000] {taskmixin.py:205} WARNING - Dependency <Task(BashOperator): create_tag>, delete_tag already registered for DAG: example_complex
[2023-05-13T06:31:17.965+0000] {logging_mixin.py:137} INFO - [2023-05-13T06:31:17.965+0000] {taskmixin.py:205} WARNING - Dependency <Task(BashOperator): delete_tag>, create_tag already registered for DAG: example_complex
[2023-05-13T06:31:17.969+0000] {processor.py:753} INFO - DAG(s) dict_keys(['example_complex']) retrieved from /home/airflow/.local/lib/python3.7/site-packages/airflow/example_dags/example_complex.py
[2023-05-13T06:31:17.987+0000] {logging_mixin.py:137} INFO - [2023-05-13T06:31:17.987+0000] {dag.py:2690} INFO - Sync 1 DAGs
[2023-05-13T06:31:18.000+0000] {logging_mixin.py:137} INFO - [2023-05-13T06:31:18.000+0000] {dag.py:3441} INFO - Setting next_dagrun for example_complex to None, run_after=None
[2023-05-13T06:31:18.009+0000] {processor.py:175} INFO - Processing /home/airflow/.local/lib/python3.7/site-packages/airflow/example_dags/example_complex.py took 0.056 seconds
[2023-05-13T06:31:48.072+0000] {processor.py:153} INFO - Started process (PID=1333) to work on /home/airflow/.local/lib/python3.7/site-packages/airflow/example_dags/example_complex.py
[2023-05-13T06:31:48.073+0000] {processor.py:743} INFO - Processing file /home/airflow/.local/lib/python3.7/site-packages/airflow/example_dags/example_complex.py for tasks to queue
[2023-05-13T06:31:48.073+0000] {logging_mixin.py:137} INFO - [2023-05-13T06:31:48.073+0000] {dagbag.py:538} INFO - Filling up the DagBag from /home/airflow/.local/lib/python3.7/site-packages/airflow/example_dags/example_complex.py
[2023-05-13T06:31:48.080+0000] {logging_mixin.py:137} INFO - [2023-05-13T06:31:48.080+0000] {taskmixin.py:205} WARNING - Dependency <Task(BashOperator): create_entry_group>, delete_entry_group already registered for DAG: example_complex
[2023-05-13T06:31:48.080+0000] {logging_mixin.py:137} INFO - [2023-05-13T06:31:48.080+0000] {taskmixin.py:205} WARNING - Dependency <Task(BashOperator): delete_entry_group>, create_entry_group already registered for DAG: example_complex
[2023-05-13T06:31:48.080+0000] {logging_mixin.py:137} INFO - [2023-05-13T06:31:48.080+0000] {taskmixin.py:205} WARNING - Dependency <Task(BashOperator): create_entry_gcs>, delete_entry already registered for DAG: example_complex
[2023-05-13T06:31:48.081+0000] {logging_mixin.py:137} INFO - [2023-05-13T06:31:48.081+0000] {taskmixin.py:205} WARNING - Dependency <Task(BashOperator): delete_entry>, create_entry_gcs already registered for DAG: example_complex
[2023-05-13T06:31:48.082+0000] {logging_mixin.py:137} INFO - [2023-05-13T06:31:48.082+0000] {taskmixin.py:205} WARNING - Dependency <Task(BashOperator): create_tag>, delete_tag already registered for DAG: example_complex
[2023-05-13T06:31:48.082+0000] {logging_mixin.py:137} INFO - [2023-05-13T06:31:48.082+0000] {taskmixin.py:205} WARNING - Dependency <Task(BashOperator): delete_tag>, create_tag already registered for DAG: example_complex
[2023-05-13T06:31:48.086+0000] {processor.py:753} INFO - DAG(s) dict_keys(['example_complex']) retrieved from /home/airflow/.local/lib/python3.7/site-packages/airflow/example_dags/example_complex.py
[2023-05-13T06:31:48.104+0000] {logging_mixin.py:137} INFO - [2023-05-13T06:31:48.104+0000] {dag.py:2690} INFO - Sync 1 DAGs
[2023-05-13T06:31:48.117+0000] {logging_mixin.py:137} INFO - [2023-05-13T06:31:48.117+0000] {dag.py:3441} INFO - Setting next_dagrun for example_complex to None, run_after=None
[2023-05-13T06:31:48.126+0000] {processor.py:175} INFO - Processing /home/airflow/.local/lib/python3.7/site-packages/airflow/example_dags/example_complex.py took 0.056 seconds
[2023-05-13T06:32:18.207+0000] {processor.py:153} INFO - Started process (PID=1408) to work on /home/airflow/.local/lib/python3.7/site-packages/airflow/example_dags/example_complex.py
[2023-05-13T06:32:18.208+0000] {processor.py:743} INFO - Processing file /home/airflow/.local/lib/python3.7/site-packages/airflow/example_dags/example_complex.py for tasks to queue
[2023-05-13T06:32:18.208+0000] {logging_mixin.py:137} INFO - [2023-05-13T06:32:18.208+0000] {dagbag.py:538} INFO - Filling up the DagBag from /home/airflow/.local/lib/python3.7/site-packages/airflow/example_dags/example_complex.py
[2023-05-13T06:32:18.215+0000] {logging_mixin.py:137} INFO - [2023-05-13T06:32:18.215+0000] {taskmixin.py:205} WARNING - Dependency <Task(BashOperator): create_entry_group>, delete_entry_group already registered for DAG: example_complex
[2023-05-13T06:32:18.215+0000] {logging_mixin.py:137} INFO - [2023-05-13T06:32:18.215+0000] {taskmixin.py:205} WARNING - Dependency <Task(BashOperator): delete_entry_group>, create_entry_group already registered for DAG: example_complex
[2023-05-13T06:32:18.215+0000] {logging_mixin.py:137} INFO - [2023-05-13T06:32:18.215+0000] {taskmixin.py:205} WARNING - Dependency <Task(BashOperator): create_entry_gcs>, delete_entry already registered for DAG: example_complex
[2023-05-13T06:32:18.216+0000] {logging_mixin.py:137} INFO - [2023-05-13T06:32:18.216+0000] {taskmixin.py:205} WARNING - Dependency <Task(BashOperator): delete_entry>, create_entry_gcs already registered for DAG: example_complex
[2023-05-13T06:32:18.216+0000] {logging_mixin.py:137} INFO - [2023-05-13T06:32:18.216+0000] {taskmixin.py:205} WARNING - Dependency <Task(BashOperator): create_tag>, delete_tag already registered for DAG: example_complex
[2023-05-13T06:32:18.217+0000] {logging_mixin.py:137} INFO - [2023-05-13T06:32:18.216+0000] {taskmixin.py:205} WARNING - Dependency <Task(BashOperator): delete_tag>, create_tag already registered for DAG: example_complex
[2023-05-13T06:32:18.220+0000] {processor.py:753} INFO - DAG(s) dict_keys(['example_complex']) retrieved from /home/airflow/.local/lib/python3.7/site-packages/airflow/example_dags/example_complex.py
[2023-05-13T06:32:18.238+0000] {logging_mixin.py:137} INFO - [2023-05-13T06:32:18.237+0000] {dag.py:2690} INFO - Sync 1 DAGs
[2023-05-13T06:32:18.254+0000] {logging_mixin.py:137} INFO - [2023-05-13T06:32:18.254+0000] {dag.py:3441} INFO - Setting next_dagrun for example_complex to None, run_after=None
[2023-05-13T06:32:18.263+0000] {processor.py:175} INFO - Processing /home/airflow/.local/lib/python3.7/site-packages/airflow/example_dags/example_complex.py took 0.058 seconds
[2023-05-13T06:32:49.340+0000] {processor.py:153} INFO - Started process (PID=1481) to work on /home/airflow/.local/lib/python3.7/site-packages/airflow/example_dags/example_complex.py
[2023-05-13T06:32:49.342+0000] {processor.py:743} INFO - Processing file /home/airflow/.local/lib/python3.7/site-packages/airflow/example_dags/example_complex.py for tasks to queue
[2023-05-13T06:32:49.344+0000] {logging_mixin.py:137} INFO - [2023-05-13T06:32:49.344+0000] {dagbag.py:538} INFO - Filling up the DagBag from /home/airflow/.local/lib/python3.7/site-packages/airflow/example_dags/example_complex.py
[2023-05-13T06:32:49.352+0000] {logging_mixin.py:137} INFO - [2023-05-13T06:32:49.352+0000] {taskmixin.py:205} WARNING - Dependency <Task(BashOperator): create_entry_group>, delete_entry_group already registered for DAG: example_complex
[2023-05-13T06:32:49.352+0000] {logging_mixin.py:137} INFO - [2023-05-13T06:32:49.352+0000] {taskmixin.py:205} WARNING - Dependency <Task(BashOperator): delete_entry_group>, create_entry_group already registered for DAG: example_complex
[2023-05-13T06:32:49.353+0000] {logging_mixin.py:137} INFO - [2023-05-13T06:32:49.353+0000] {taskmixin.py:205} WARNING - Dependency <Task(BashOperator): create_entry_gcs>, delete_entry already registered for DAG: example_complex
[2023-05-13T06:32:49.354+0000] {logging_mixin.py:137} INFO - [2023-05-13T06:32:49.354+0000] {taskmixin.py:205} WARNING - Dependency <Task(BashOperator): delete_entry>, create_entry_gcs already registered for DAG: example_complex
[2023-05-13T06:32:49.355+0000] {logging_mixin.py:137} INFO - [2023-05-13T06:32:49.355+0000] {taskmixin.py:205} WARNING - Dependency <Task(BashOperator): create_tag>, delete_tag already registered for DAG: example_complex
[2023-05-13T06:32:49.356+0000] {logging_mixin.py:137} INFO - [2023-05-13T06:32:49.356+0000] {taskmixin.py:205} WARNING - Dependency <Task(BashOperator): delete_tag>, create_tag already registered for DAG: example_complex
[2023-05-13T06:32:49.360+0000] {processor.py:753} INFO - DAG(s) dict_keys(['example_complex']) retrieved from /home/airflow/.local/lib/python3.7/site-packages/airflow/example_dags/example_complex.py
[2023-05-13T06:32:49.386+0000] {logging_mixin.py:137} INFO - [2023-05-13T06:32:49.386+0000] {dag.py:2690} INFO - Sync 1 DAGs
[2023-05-13T06:32:49.408+0000] {logging_mixin.py:137} INFO - [2023-05-13T06:32:49.408+0000] {dag.py:3441} INFO - Setting next_dagrun for example_complex to None, run_after=None
[2023-05-13T06:32:49.417+0000] {processor.py:175} INFO - Processing /home/airflow/.local/lib/python3.7/site-packages/airflow/example_dags/example_complex.py took 0.080 seconds
[2023-05-13T06:33:19.706+0000] {processor.py:153} INFO - Started process (PID=1547) to work on /home/airflow/.local/lib/python3.7/site-packages/airflow/example_dags/example_complex.py
[2023-05-13T06:33:19.707+0000] {processor.py:743} INFO - Processing file /home/airflow/.local/lib/python3.7/site-packages/airflow/example_dags/example_complex.py for tasks to queue
[2023-05-13T06:33:19.707+0000] {logging_mixin.py:137} INFO - [2023-05-13T06:33:19.707+0000] {dagbag.py:538} INFO - Filling up the DagBag from /home/airflow/.local/lib/python3.7/site-packages/airflow/example_dags/example_complex.py
[2023-05-13T06:33:19.714+0000] {logging_mixin.py:137} INFO - [2023-05-13T06:33:19.714+0000] {taskmixin.py:205} WARNING - Dependency <Task(BashOperator): create_entry_group>, delete_entry_group already registered for DAG: example_complex
[2023-05-13T06:33:19.714+0000] {logging_mixin.py:137} INFO - [2023-05-13T06:33:19.714+0000] {taskmixin.py:205} WARNING - Dependency <Task(BashOperator): delete_entry_group>, create_entry_group already registered for DAG: example_complex
[2023-05-13T06:33:19.714+0000] {logging_mixin.py:137} INFO - [2023-05-13T06:33:19.714+0000] {taskmixin.py:205} WARNING - Dependency <Task(BashOperator): create_entry_gcs>, delete_entry already registered for DAG: example_complex
[2023-05-13T06:33:19.714+0000] {logging_mixin.py:137} INFO - [2023-05-13T06:33:19.714+0000] {taskmixin.py:205} WARNING - Dependency <Task(BashOperator): delete_entry>, create_entry_gcs already registered for DAG: example_complex
[2023-05-13T06:33:19.715+0000] {logging_mixin.py:137} INFO - [2023-05-13T06:33:19.715+0000] {taskmixin.py:205} WARNING - Dependency <Task(BashOperator): create_tag>, delete_tag already registered for DAG: example_complex
[2023-05-13T06:33:19.715+0000] {logging_mixin.py:137} INFO - [2023-05-13T06:33:19.715+0000] {taskmixin.py:205} WARNING - Dependency <Task(BashOperator): delete_tag>, create_tag already registered for DAG: example_complex
[2023-05-13T06:33:19.719+0000] {processor.py:753} INFO - DAG(s) dict_keys(['example_complex']) retrieved from /home/airflow/.local/lib/python3.7/site-packages/airflow/example_dags/example_complex.py
[2023-05-13T06:33:19.737+0000] {logging_mixin.py:137} INFO - [2023-05-13T06:33:19.737+0000] {dag.py:2690} INFO - Sync 1 DAGs
[2023-05-13T06:33:19.750+0000] {logging_mixin.py:137} INFO - [2023-05-13T06:33:19.750+0000] {dag.py:3441} INFO - Setting next_dagrun for example_complex to None, run_after=None
[2023-05-13T06:33:19.759+0000] {processor.py:175} INFO - Processing /home/airflow/.local/lib/python3.7/site-packages/airflow/example_dags/example_complex.py took 0.055 seconds
[2023-05-13T06:33:49.826+0000] {processor.py:153} INFO - Started process (PID=1621) to work on /home/airflow/.local/lib/python3.7/site-packages/airflow/example_dags/example_complex.py
[2023-05-13T06:33:49.827+0000] {processor.py:743} INFO - Processing file /home/airflow/.local/lib/python3.7/site-packages/airflow/example_dags/example_complex.py for tasks to queue
[2023-05-13T06:33:49.828+0000] {logging_mixin.py:137} INFO - [2023-05-13T06:33:49.827+0000] {dagbag.py:538} INFO - Filling up the DagBag from /home/airflow/.local/lib/python3.7/site-packages/airflow/example_dags/example_complex.py
[2023-05-13T06:33:49.835+0000] {logging_mixin.py:137} INFO - [2023-05-13T06:33:49.835+0000] {taskmixin.py:205} WARNING - Dependency <Task(BashOperator): create_entry_group>, delete_entry_group already registered for DAG: example_complex
[2023-05-13T06:33:49.836+0000] {logging_mixin.py:137} INFO - [2023-05-13T06:33:49.836+0000] {taskmixin.py:205} WARNING - Dependency <Task(BashOperator): delete_entry_group>, create_entry_group already registered for DAG: example_complex
[2023-05-13T06:33:49.836+0000] {logging_mixin.py:137} INFO - [2023-05-13T06:33:49.836+0000] {taskmixin.py:205} WARNING - Dependency <Task(BashOperator): create_entry_gcs>, delete_entry already registered for DAG: example_complex
[2023-05-13T06:33:49.837+0000] {logging_mixin.py:137} INFO - [2023-05-13T06:33:49.837+0000] {taskmixin.py:205} WARNING - Dependency <Task(BashOperator): delete_entry>, create_entry_gcs already registered for DAG: example_complex
[2023-05-13T06:33:49.837+0000] {logging_mixin.py:137} INFO - [2023-05-13T06:33:49.837+0000] {taskmixin.py:205} WARNING - Dependency <Task(BashOperator): create_tag>, delete_tag already registered for DAG: example_complex
[2023-05-13T06:33:49.838+0000] {logging_mixin.py:137} INFO - [2023-05-13T06:33:49.838+0000] {taskmixin.py:205} WARNING - Dependency <Task(BashOperator): delete_tag>, create_tag already registered for DAG: example_complex
[2023-05-13T06:33:49.844+0000] {processor.py:753} INFO - DAG(s) dict_keys(['example_complex']) retrieved from /home/airflow/.local/lib/python3.7/site-packages/airflow/example_dags/example_complex.py
[2023-05-13T06:33:49.862+0000] {logging_mixin.py:137} INFO - [2023-05-13T06:33:49.862+0000] {dag.py:2690} INFO - Sync 1 DAGs
[2023-05-13T06:33:49.876+0000] {logging_mixin.py:137} INFO - [2023-05-13T06:33:49.876+0000] {dag.py:3441} INFO - Setting next_dagrun for example_complex to None, run_after=None
[2023-05-13T06:33:49.885+0000] {processor.py:175} INFO - Processing /home/airflow/.local/lib/python3.7/site-packages/airflow/example_dags/example_complex.py took 0.062 seconds
[2023-05-13T06:34:20.012+0000] {processor.py:153} INFO - Started process (PID=1697) to work on /home/airflow/.local/lib/python3.7/site-packages/airflow/example_dags/example_complex.py
[2023-05-13T06:34:20.015+0000] {processor.py:743} INFO - Processing file /home/airflow/.local/lib/python3.7/site-packages/airflow/example_dags/example_complex.py for tasks to queue
[2023-05-13T06:34:20.015+0000] {logging_mixin.py:137} INFO - [2023-05-13T06:34:20.015+0000] {dagbag.py:538} INFO - Filling up the DagBag from /home/airflow/.local/lib/python3.7/site-packages/airflow/example_dags/example_complex.py
[2023-05-13T06:34:20.024+0000] {logging_mixin.py:137} INFO - [2023-05-13T06:34:20.024+0000] {taskmixin.py:205} WARNING - Dependency <Task(BashOperator): create_entry_group>, delete_entry_group already registered for DAG: example_complex
[2023-05-13T06:34:20.025+0000] {logging_mixin.py:137} INFO - [2023-05-13T06:34:20.025+0000] {taskmixin.py:205} WARNING - Dependency <Task(BashOperator): delete_entry_group>, create_entry_group already registered for DAG: example_complex
[2023-05-13T06:34:20.025+0000] {logging_mixin.py:137} INFO - [2023-05-13T06:34:20.025+0000] {taskmixin.py:205} WARNING - Dependency <Task(BashOperator): create_entry_gcs>, delete_entry already registered for DAG: example_complex
[2023-05-13T06:34:20.026+0000] {logging_mixin.py:137} INFO - [2023-05-13T06:34:20.025+0000] {taskmixin.py:205} WARNING - Dependency <Task(BashOperator): delete_entry>, create_entry_gcs already registered for DAG: example_complex
[2023-05-13T06:34:20.026+0000] {logging_mixin.py:137} INFO - [2023-05-13T06:34:20.026+0000] {taskmixin.py:205} WARNING - Dependency <Task(BashOperator): create_tag>, delete_tag already registered for DAG: example_complex
[2023-05-13T06:34:20.026+0000] {logging_mixin.py:137} INFO - [2023-05-13T06:34:20.026+0000] {taskmixin.py:205} WARNING - Dependency <Task(BashOperator): delete_tag>, create_tag already registered for DAG: example_complex
[2023-05-13T06:34:20.031+0000] {processor.py:753} INFO - DAG(s) dict_keys(['example_complex']) retrieved from /home/airflow/.local/lib/python3.7/site-packages/airflow/example_dags/example_complex.py
[2023-05-13T06:34:20.050+0000] {logging_mixin.py:137} INFO - [2023-05-13T06:34:20.050+0000] {dag.py:2690} INFO - Sync 1 DAGs
[2023-05-13T06:34:20.064+0000] {logging_mixin.py:137} INFO - [2023-05-13T06:34:20.064+0000] {dag.py:3441} INFO - Setting next_dagrun for example_complex to None, run_after=None
[2023-05-13T06:34:20.075+0000] {processor.py:175} INFO - Processing /home/airflow/.local/lib/python3.7/site-packages/airflow/example_dags/example_complex.py took 0.066 seconds
[2023-05-13T06:34:51.011+0000] {processor.py:153} INFO - Started process (PID=1760) to work on /home/airflow/.local/lib/python3.7/site-packages/airflow/example_dags/example_complex.py
[2023-05-13T06:34:51.013+0000] {processor.py:743} INFO - Processing file /home/airflow/.local/lib/python3.7/site-packages/airflow/example_dags/example_complex.py for tasks to queue
[2023-05-13T06:34:51.014+0000] {logging_mixin.py:137} INFO - [2023-05-13T06:34:51.014+0000] {dagbag.py:538} INFO - Filling up the DagBag from /home/airflow/.local/lib/python3.7/site-packages/airflow/example_dags/example_complex.py
[2023-05-13T06:34:51.022+0000] {logging_mixin.py:137} INFO - [2023-05-13T06:34:51.022+0000] {taskmixin.py:205} WARNING - Dependency <Task(BashOperator): create_entry_group>, delete_entry_group already registered for DAG: example_complex
[2023-05-13T06:34:51.023+0000] {logging_mixin.py:137} INFO - [2023-05-13T06:34:51.023+0000] {taskmixin.py:205} WARNING - Dependency <Task(BashOperator): delete_entry_group>, create_entry_group already registered for DAG: example_complex
[2023-05-13T06:34:51.023+0000] {logging_mixin.py:137} INFO - [2023-05-13T06:34:51.023+0000] {taskmixin.py:205} WARNING - Dependency <Task(BashOperator): create_entry_gcs>, delete_entry already registered for DAG: example_complex
[2023-05-13T06:34:51.024+0000] {logging_mixin.py:137} INFO - [2023-05-13T06:34:51.024+0000] {taskmixin.py:205} WARNING - Dependency <Task(BashOperator): delete_entry>, create_entry_gcs already registered for DAG: example_complex
[2023-05-13T06:34:51.024+0000] {logging_mixin.py:137} INFO - [2023-05-13T06:34:51.024+0000] {taskmixin.py:205} WARNING - Dependency <Task(BashOperator): create_tag>, delete_tag already registered for DAG: example_complex
[2023-05-13T06:34:51.025+0000] {logging_mixin.py:137} INFO - [2023-05-13T06:34:51.025+0000] {taskmixin.py:205} WARNING - Dependency <Task(BashOperator): delete_tag>, create_tag already registered for DAG: example_complex
[2023-05-13T06:34:51.029+0000] {processor.py:753} INFO - DAG(s) dict_keys(['example_complex']) retrieved from /home/airflow/.local/lib/python3.7/site-packages/airflow/example_dags/example_complex.py
[2023-05-13T06:34:51.050+0000] {logging_mixin.py:137} INFO - [2023-05-13T06:34:51.050+0000] {dag.py:2690} INFO - Sync 1 DAGs
[2023-05-13T06:34:51.063+0000] {logging_mixin.py:137} INFO - [2023-05-13T06:34:51.063+0000] {dag.py:3441} INFO - Setting next_dagrun for example_complex to None, run_after=None
[2023-05-13T06:34:51.073+0000] {processor.py:175} INFO - Processing /home/airflow/.local/lib/python3.7/site-packages/airflow/example_dags/example_complex.py took 0.064 seconds
[2023-05-13T06:35:22.002+0000] {processor.py:153} INFO - Started process (PID=1834) to work on /home/airflow/.local/lib/python3.7/site-packages/airflow/example_dags/example_complex.py
[2023-05-13T06:35:22.003+0000] {processor.py:743} INFO - Processing file /home/airflow/.local/lib/python3.7/site-packages/airflow/example_dags/example_complex.py for tasks to queue
[2023-05-13T06:35:22.004+0000] {logging_mixin.py:137} INFO - [2023-05-13T06:35:22.003+0000] {dagbag.py:538} INFO - Filling up the DagBag from /home/airflow/.local/lib/python3.7/site-packages/airflow/example_dags/example_complex.py
[2023-05-13T06:35:22.010+0000] {logging_mixin.py:137} INFO - [2023-05-13T06:35:22.010+0000] {taskmixin.py:205} WARNING - Dependency <Task(BashOperator): create_entry_group>, delete_entry_group already registered for DAG: example_complex
[2023-05-13T06:35:22.010+0000] {logging_mixin.py:137} INFO - [2023-05-13T06:35:22.010+0000] {taskmixin.py:205} WARNING - Dependency <Task(BashOperator): delete_entry_group>, create_entry_group already registered for DAG: example_complex
[2023-05-13T06:35:22.011+0000] {logging_mixin.py:137} INFO - [2023-05-13T06:35:22.011+0000] {taskmixin.py:205} WARNING - Dependency <Task(BashOperator): create_entry_gcs>, delete_entry already registered for DAG: example_complex
[2023-05-13T06:35:22.011+0000] {logging_mixin.py:137} INFO - [2023-05-13T06:35:22.011+0000] {taskmixin.py:205} WARNING - Dependency <Task(BashOperator): delete_entry>, create_entry_gcs already registered for DAG: example_complex
[2023-05-13T06:35:22.011+0000] {logging_mixin.py:137} INFO - [2023-05-13T06:35:22.011+0000] {taskmixin.py:205} WARNING - Dependency <Task(BashOperator): create_tag>, delete_tag already registered for DAG: example_complex
[2023-05-13T06:35:22.012+0000] {logging_mixin.py:137} INFO - [2023-05-13T06:35:22.012+0000] {taskmixin.py:205} WARNING - Dependency <Task(BashOperator): delete_tag>, create_tag already registered for DAG: example_complex
[2023-05-13T06:35:22.016+0000] {processor.py:753} INFO - DAG(s) dict_keys(['example_complex']) retrieved from /home/airflow/.local/lib/python3.7/site-packages/airflow/example_dags/example_complex.py
[2023-05-13T06:35:22.035+0000] {logging_mixin.py:137} INFO - [2023-05-13T06:35:22.034+0000] {dag.py:2690} INFO - Sync 1 DAGs
[2023-05-13T06:35:22.047+0000] {logging_mixin.py:137} INFO - [2023-05-13T06:35:22.047+0000] {dag.py:3441} INFO - Setting next_dagrun for example_complex to None, run_after=None
[2023-05-13T06:35:22.057+0000] {processor.py:175} INFO - Processing /home/airflow/.local/lib/python3.7/site-packages/airflow/example_dags/example_complex.py took 0.056 seconds
[2023-05-13T06:35:52.137+0000] {processor.py:153} INFO - Started process (PID=1909) to work on /home/airflow/.local/lib/python3.7/site-packages/airflow/example_dags/example_complex.py
[2023-05-13T06:35:52.138+0000] {processor.py:743} INFO - Processing file /home/airflow/.local/lib/python3.7/site-packages/airflow/example_dags/example_complex.py for tasks to queue
[2023-05-13T06:35:52.139+0000] {logging_mixin.py:137} INFO - [2023-05-13T06:35:52.139+0000] {dagbag.py:538} INFO - Filling up the DagBag from /home/airflow/.local/lib/python3.7/site-packages/airflow/example_dags/example_complex.py
[2023-05-13T06:35:52.145+0000] {logging_mixin.py:137} INFO - [2023-05-13T06:35:52.145+0000] {taskmixin.py:205} WARNING - Dependency <Task(BashOperator): create_entry_group>, delete_entry_group already registered for DAG: example_complex
[2023-05-13T06:35:52.146+0000] {logging_mixin.py:137} INFO - [2023-05-13T06:35:52.146+0000] {taskmixin.py:205} WARNING - Dependency <Task(BashOperator): delete_entry_group>, create_entry_group already registered for DAG: example_complex
[2023-05-13T06:35:52.146+0000] {logging_mixin.py:137} INFO - [2023-05-13T06:35:52.146+0000] {taskmixin.py:205} WARNING - Dependency <Task(BashOperator): create_entry_gcs>, delete_entry already registered for DAG: example_complex
[2023-05-13T06:35:52.146+0000] {logging_mixin.py:137} INFO - [2023-05-13T06:35:52.146+0000] {taskmixin.py:205} WARNING - Dependency <Task(BashOperator): delete_entry>, create_entry_gcs already registered for DAG: example_complex
[2023-05-13T06:35:52.147+0000] {logging_mixin.py:137} INFO - [2023-05-13T06:35:52.147+0000] {taskmixin.py:205} WARNING - Dependency <Task(BashOperator): create_tag>, delete_tag already registered for DAG: example_complex
[2023-05-13T06:35:52.147+0000] {logging_mixin.py:137} INFO - [2023-05-13T06:35:52.147+0000] {taskmixin.py:205} WARNING - Dependency <Task(BashOperator): delete_tag>, create_tag already registered for DAG: example_complex
[2023-05-13T06:35:52.151+0000] {processor.py:753} INFO - DAG(s) dict_keys(['example_complex']) retrieved from /home/airflow/.local/lib/python3.7/site-packages/airflow/example_dags/example_complex.py
[2023-05-13T06:35:52.170+0000] {logging_mixin.py:137} INFO - [2023-05-13T06:35:52.170+0000] {dag.py:2690} INFO - Sync 1 DAGs
[2023-05-13T06:35:52.183+0000] {logging_mixin.py:137} INFO - [2023-05-13T06:35:52.183+0000] {dag.py:3441} INFO - Setting next_dagrun for example_complex to None, run_after=None
[2023-05-13T06:35:52.193+0000] {processor.py:175} INFO - Processing /home/airflow/.local/lib/python3.7/site-packages/airflow/example_dags/example_complex.py took 0.058 seconds
[2023-05-13T06:36:23.106+0000] {processor.py:153} INFO - Started process (PID=1980) to work on /home/airflow/.local/lib/python3.7/site-packages/airflow/example_dags/example_complex.py
[2023-05-13T06:36:23.108+0000] {processor.py:743} INFO - Processing file /home/airflow/.local/lib/python3.7/site-packages/airflow/example_dags/example_complex.py for tasks to queue
[2023-05-13T06:36:23.108+0000] {logging_mixin.py:137} INFO - [2023-05-13T06:36:23.108+0000] {dagbag.py:538} INFO - Filling up the DagBag from /home/airflow/.local/lib/python3.7/site-packages/airflow/example_dags/example_complex.py
[2023-05-13T06:36:23.115+0000] {logging_mixin.py:137} INFO - [2023-05-13T06:36:23.115+0000] {taskmixin.py:205} WARNING - Dependency <Task(BashOperator): create_entry_group>, delete_entry_group already registered for DAG: example_complex
[2023-05-13T06:36:23.116+0000] {logging_mixin.py:137} INFO - [2023-05-13T06:36:23.116+0000] {taskmixin.py:205} WARNING - Dependency <Task(BashOperator): delete_entry_group>, create_entry_group already registered for DAG: example_complex
[2023-05-13T06:36:23.116+0000] {logging_mixin.py:137} INFO - [2023-05-13T06:36:23.116+0000] {taskmixin.py:205} WARNING - Dependency <Task(BashOperator): create_entry_gcs>, delete_entry already registered for DAG: example_complex
[2023-05-13T06:36:23.117+0000] {logging_mixin.py:137} INFO - [2023-05-13T06:36:23.117+0000] {taskmixin.py:205} WARNING - Dependency <Task(BashOperator): delete_entry>, create_entry_gcs already registered for DAG: example_complex
[2023-05-13T06:36:23.117+0000] {logging_mixin.py:137} INFO - [2023-05-13T06:36:23.117+0000] {taskmixin.py:205} WARNING - Dependency <Task(BashOperator): create_tag>, delete_tag already registered for DAG: example_complex
[2023-05-13T06:36:23.118+0000] {logging_mixin.py:137} INFO - [2023-05-13T06:36:23.118+0000] {taskmixin.py:205} WARNING - Dependency <Task(BashOperator): delete_tag>, create_tag already registered for DAG: example_complex
[2023-05-13T06:36:23.123+0000] {processor.py:753} INFO - DAG(s) dict_keys(['example_complex']) retrieved from /home/airflow/.local/lib/python3.7/site-packages/airflow/example_dags/example_complex.py
[2023-05-13T06:36:23.143+0000] {logging_mixin.py:137} INFO - [2023-05-13T06:36:23.142+0000] {dag.py:2690} INFO - Sync 1 DAGs
[2023-05-13T06:36:23.159+0000] {logging_mixin.py:137} INFO - [2023-05-13T06:36:23.159+0000] {dag.py:3441} INFO - Setting next_dagrun for example_complex to None, run_after=None
[2023-05-13T06:36:23.178+0000] {processor.py:175} INFO - Processing /home/airflow/.local/lib/python3.7/site-packages/airflow/example_dags/example_complex.py took 0.074 seconds
[2023-05-13T06:42:12.657+0000] {processor.py:153} INFO - Started process (PID=2716) to work on /home/airflow/.local/lib/python3.7/site-packages/airflow/example_dags/example_complex.py
[2023-05-13T06:42:12.658+0000] {processor.py:743} INFO - Processing file /home/airflow/.local/lib/python3.7/site-packages/airflow/example_dags/example_complex.py for tasks to queue
[2023-05-13T06:42:12.659+0000] {logging_mixin.py:137} INFO - [2023-05-13T06:42:12.658+0000] {dagbag.py:538} INFO - Filling up the DagBag from /home/airflow/.local/lib/python3.7/site-packages/airflow/example_dags/example_complex.py
[2023-05-13T06:42:12.665+0000] {logging_mixin.py:137} INFO - [2023-05-13T06:42:12.665+0000] {taskmixin.py:205} WARNING - Dependency <Task(BashOperator): create_entry_group>, delete_entry_group already registered for DAG: example_complex
[2023-05-13T06:42:12.666+0000] {logging_mixin.py:137} INFO - [2023-05-13T06:42:12.666+0000] {taskmixin.py:205} WARNING - Dependency <Task(BashOperator): delete_entry_group>, create_entry_group already registered for DAG: example_complex
[2023-05-13T06:42:12.666+0000] {logging_mixin.py:137} INFO - [2023-05-13T06:42:12.666+0000] {taskmixin.py:205} WARNING - Dependency <Task(BashOperator): create_entry_gcs>, delete_entry already registered for DAG: example_complex
[2023-05-13T06:42:12.666+0000] {logging_mixin.py:137} INFO - [2023-05-13T06:42:12.666+0000] {taskmixin.py:205} WARNING - Dependency <Task(BashOperator): delete_entry>, create_entry_gcs already registered for DAG: example_complex
[2023-05-13T06:42:12.667+0000] {logging_mixin.py:137} INFO - [2023-05-13T06:42:12.667+0000] {taskmixin.py:205} WARNING - Dependency <Task(BashOperator): create_tag>, delete_tag already registered for DAG: example_complex
[2023-05-13T06:42:12.667+0000] {logging_mixin.py:137} INFO - [2023-05-13T06:42:12.667+0000] {taskmixin.py:205} WARNING - Dependency <Task(BashOperator): delete_tag>, create_tag already registered for DAG: example_complex
[2023-05-13T06:42:12.671+0000] {processor.py:753} INFO - DAG(s) dict_keys(['example_complex']) retrieved from /home/airflow/.local/lib/python3.7/site-packages/airflow/example_dags/example_complex.py
[2023-05-13T06:42:12.710+0000] {logging_mixin.py:137} INFO - [2023-05-13T06:42:12.710+0000] {dag.py:2690} INFO - Sync 1 DAGs
[2023-05-13T06:42:12.721+0000] {logging_mixin.py:137} INFO - [2023-05-13T06:42:12.721+0000] {dag.py:3441} INFO - Setting next_dagrun for example_complex to None, run_after=None
[2023-05-13T06:42:12.732+0000] {processor.py:175} INFO - Processing /home/airflow/.local/lib/python3.7/site-packages/airflow/example_dags/example_complex.py took 0.077 seconds
