[2023-05-13T06:22:38.643+0000] {processor.py:153} INFO - Started process (PID=65) to work on /home/airflow/.local/lib/python3.7/site-packages/airflow/example_dags/example_sla_dag.py
[2023-05-13T06:22:38.644+0000] {processor.py:743} INFO - Processing file /home/airflow/.local/lib/python3.7/site-packages/airflow/example_dags/example_sla_dag.py for tasks to queue
[2023-05-13T06:22:38.645+0000] {logging_mixin.py:137} INFO - [2023-05-13T06:22:38.645+0000] {dagbag.py:538} INFO - Filling up the DagBag from /home/airflow/.local/lib/python3.7/site-packages/airflow/example_dags/example_sla_dag.py
[2023-05-13T06:22:38.666+0000] {processor.py:753} INFO - DAG(s) dict_keys(['example_sla_dag']) retrieved from /home/airflow/.local/lib/python3.7/site-packages/airflow/example_dags/example_sla_dag.py
[2023-05-13T06:22:38.683+0000] {logging_mixin.py:137} INFO - [2023-05-13T06:22:38.683+0000] {dag.py:2690} INFO - Sync 1 DAGs
[2023-05-13T06:22:38.700+0000] {logging_mixin.py:137} INFO - [2023-05-13T06:22:38.700+0000] {dag.py:3441} INFO - Setting next_dagrun for example_sla_dag to 2023-05-13T06:20:00+00:00, run_after=2023-05-13T06:22:00+00:00
[2023-05-13T06:22:38.711+0000] {processor.py:175} INFO - Processing /home/airflow/.local/lib/python3.7/site-packages/airflow/example_dags/example_sla_dag.py took 0.070 seconds
[2023-05-13T06:23:09.517+0000] {processor.py:153} INFO - Started process (PID=140) to work on /home/airflow/.local/lib/python3.7/site-packages/airflow/example_dags/example_sla_dag.py
[2023-05-13T06:23:09.518+0000] {processor.py:743} INFO - Processing file /home/airflow/.local/lib/python3.7/site-packages/airflow/example_dags/example_sla_dag.py for tasks to queue
[2023-05-13T06:23:09.519+0000] {logging_mixin.py:137} INFO - [2023-05-13T06:23:09.519+0000] {dagbag.py:538} INFO - Filling up the DagBag from /home/airflow/.local/lib/python3.7/site-packages/airflow/example_dags/example_sla_dag.py
[2023-05-13T06:23:09.532+0000] {processor.py:753} INFO - DAG(s) dict_keys(['example_sla_dag']) retrieved from /home/airflow/.local/lib/python3.7/site-packages/airflow/example_dags/example_sla_dag.py
[2023-05-13T06:23:09.548+0000] {logging_mixin.py:137} INFO - [2023-05-13T06:23:09.548+0000] {dag.py:2690} INFO - Sync 1 DAGs
[2023-05-13T06:23:09.563+0000] {logging_mixin.py:137} INFO - [2023-05-13T06:23:09.563+0000] {dag.py:3441} INFO - Setting next_dagrun for example_sla_dag to 2023-05-13T06:20:00+00:00, run_after=2023-05-13T06:22:00+00:00
[2023-05-13T06:23:09.572+0000] {processor.py:175} INFO - Processing /home/airflow/.local/lib/python3.7/site-packages/airflow/example_dags/example_sla_dag.py took 0.057 seconds
[2023-05-13T06:23:40.372+0000] {processor.py:153} INFO - Started process (PID=215) to work on /home/airflow/.local/lib/python3.7/site-packages/airflow/example_dags/example_sla_dag.py
[2023-05-13T06:23:40.373+0000] {processor.py:743} INFO - Processing file /home/airflow/.local/lib/python3.7/site-packages/airflow/example_dags/example_sla_dag.py for tasks to queue
[2023-05-13T06:23:40.374+0000] {logging_mixin.py:137} INFO - [2023-05-13T06:23:40.374+0000] {dagbag.py:538} INFO - Filling up the DagBag from /home/airflow/.local/lib/python3.7/site-packages/airflow/example_dags/example_sla_dag.py
[2023-05-13T06:23:40.388+0000] {processor.py:753} INFO - DAG(s) dict_keys(['example_sla_dag']) retrieved from /home/airflow/.local/lib/python3.7/site-packages/airflow/example_dags/example_sla_dag.py
[2023-05-13T06:23:40.405+0000] {logging_mixin.py:137} INFO - [2023-05-13T06:23:40.405+0000] {dag.py:2690} INFO - Sync 1 DAGs
[2023-05-13T06:23:40.421+0000] {logging_mixin.py:137} INFO - [2023-05-13T06:23:40.421+0000] {dag.py:3441} INFO - Setting next_dagrun for example_sla_dag to 2023-05-13T06:20:00+00:00, run_after=2023-05-13T06:22:00+00:00
[2023-05-13T06:23:40.430+0000] {processor.py:175} INFO - Processing /home/airflow/.local/lib/python3.7/site-packages/airflow/example_dags/example_sla_dag.py took 0.060 seconds
[2023-05-13T06:24:11.306+0000] {processor.py:153} INFO - Started process (PID=279) to work on /home/airflow/.local/lib/python3.7/site-packages/airflow/example_dags/example_sla_dag.py
[2023-05-13T06:24:11.307+0000] {processor.py:743} INFO - Processing file /home/airflow/.local/lib/python3.7/site-packages/airflow/example_dags/example_sla_dag.py for tasks to queue
[2023-05-13T06:24:11.308+0000] {logging_mixin.py:137} INFO - [2023-05-13T06:24:11.308+0000] {dagbag.py:538} INFO - Filling up the DagBag from /home/airflow/.local/lib/python3.7/site-packages/airflow/example_dags/example_sla_dag.py
[2023-05-13T06:24:11.323+0000] {processor.py:753} INFO - DAG(s) dict_keys(['example_sla_dag']) retrieved from /home/airflow/.local/lib/python3.7/site-packages/airflow/example_dags/example_sla_dag.py
[2023-05-13T06:24:11.338+0000] {logging_mixin.py:137} INFO - [2023-05-13T06:24:11.338+0000] {dag.py:2690} INFO - Sync 1 DAGs
[2023-05-13T06:24:11.354+0000] {logging_mixin.py:137} INFO - [2023-05-13T06:24:11.354+0000] {dag.py:3441} INFO - Setting next_dagrun for example_sla_dag to 2023-05-13T06:22:00+00:00, run_after=2023-05-13T06:24:00+00:00
[2023-05-13T06:24:11.363+0000] {processor.py:175} INFO - Processing /home/airflow/.local/lib/python3.7/site-packages/airflow/example_dags/example_sla_dag.py took 0.058 seconds
[2023-05-13T06:24:42.000+0000] {processor.py:153} INFO - Started process (PID=354) to work on /home/airflow/.local/lib/python3.7/site-packages/airflow/example_dags/example_sla_dag.py
[2023-05-13T06:24:42.001+0000] {processor.py:743} INFO - Processing file /home/airflow/.local/lib/python3.7/site-packages/airflow/example_dags/example_sla_dag.py for tasks to queue
[2023-05-13T06:24:42.001+0000] {logging_mixin.py:137} INFO - [2023-05-13T06:24:42.001+0000] {dagbag.py:538} INFO - Filling up the DagBag from /home/airflow/.local/lib/python3.7/site-packages/airflow/example_dags/example_sla_dag.py
[2023-05-13T06:24:42.014+0000] {processor.py:753} INFO - DAG(s) dict_keys(['example_sla_dag']) retrieved from /home/airflow/.local/lib/python3.7/site-packages/airflow/example_dags/example_sla_dag.py
[2023-05-13T06:24:42.031+0000] {logging_mixin.py:137} INFO - [2023-05-13T06:24:42.031+0000] {dag.py:2690} INFO - Sync 1 DAGs
[2023-05-13T06:24:42.049+0000] {logging_mixin.py:137} INFO - [2023-05-13T06:24:42.049+0000] {dag.py:3441} INFO - Setting next_dagrun for example_sla_dag to 2023-05-13T06:22:00+00:00, run_after=2023-05-13T06:24:00+00:00
[2023-05-13T06:24:42.058+0000] {processor.py:175} INFO - Processing /home/airflow/.local/lib/python3.7/site-packages/airflow/example_dags/example_sla_dag.py took 0.060 seconds
[2023-05-13T06:25:12.794+0000] {processor.py:153} INFO - Started process (PID=428) to work on /home/airflow/.local/lib/python3.7/site-packages/airflow/example_dags/example_sla_dag.py
[2023-05-13T06:25:12.795+0000] {processor.py:743} INFO - Processing file /home/airflow/.local/lib/python3.7/site-packages/airflow/example_dags/example_sla_dag.py for tasks to queue
[2023-05-13T06:25:12.796+0000] {logging_mixin.py:137} INFO - [2023-05-13T06:25:12.796+0000] {dagbag.py:538} INFO - Filling up the DagBag from /home/airflow/.local/lib/python3.7/site-packages/airflow/example_dags/example_sla_dag.py
[2023-05-13T06:25:12.809+0000] {processor.py:753} INFO - DAG(s) dict_keys(['example_sla_dag']) retrieved from /home/airflow/.local/lib/python3.7/site-packages/airflow/example_dags/example_sla_dag.py
[2023-05-13T06:25:12.826+0000] {logging_mixin.py:137} INFO - [2023-05-13T06:25:12.825+0000] {dag.py:2690} INFO - Sync 1 DAGs
[2023-05-13T06:25:12.841+0000] {logging_mixin.py:137} INFO - [2023-05-13T06:25:12.841+0000] {dag.py:3441} INFO - Setting next_dagrun for example_sla_dag to 2023-05-13T06:22:00+00:00, run_after=2023-05-13T06:24:00+00:00
[2023-05-13T06:25:12.849+0000] {processor.py:175} INFO - Processing /home/airflow/.local/lib/python3.7/site-packages/airflow/example_dags/example_sla_dag.py took 0.057 seconds
[2023-05-13T06:25:43.911+0000] {processor.py:153} INFO - Started process (PID=502) to work on /home/airflow/.local/lib/python3.7/site-packages/airflow/example_dags/example_sla_dag.py
[2023-05-13T06:25:43.912+0000] {processor.py:743} INFO - Processing file /home/airflow/.local/lib/python3.7/site-packages/airflow/example_dags/example_sla_dag.py for tasks to queue
[2023-05-13T06:25:43.913+0000] {logging_mixin.py:137} INFO - [2023-05-13T06:25:43.913+0000] {dagbag.py:538} INFO - Filling up the DagBag from /home/airflow/.local/lib/python3.7/site-packages/airflow/example_dags/example_sla_dag.py
[2023-05-13T06:25:43.926+0000] {processor.py:753} INFO - DAG(s) dict_keys(['example_sla_dag']) retrieved from /home/airflow/.local/lib/python3.7/site-packages/airflow/example_dags/example_sla_dag.py
[2023-05-13T06:25:43.941+0000] {logging_mixin.py:137} INFO - [2023-05-13T06:25:43.941+0000] {dag.py:2690} INFO - Sync 1 DAGs
[2023-05-13T06:25:43.956+0000] {logging_mixin.py:137} INFO - [2023-05-13T06:25:43.956+0000] {dag.py:3441} INFO - Setting next_dagrun for example_sla_dag to 2023-05-13T06:22:00+00:00, run_after=2023-05-13T06:24:00+00:00
[2023-05-13T06:25:43.965+0000] {processor.py:175} INFO - Processing /home/airflow/.local/lib/python3.7/site-packages/airflow/example_dags/example_sla_dag.py took 0.056 seconds
[2023-05-13T06:26:14.916+0000] {processor.py:153} INFO - Started process (PID=566) to work on /home/airflow/.local/lib/python3.7/site-packages/airflow/example_dags/example_sla_dag.py
[2023-05-13T06:26:14.917+0000] {processor.py:743} INFO - Processing file /home/airflow/.local/lib/python3.7/site-packages/airflow/example_dags/example_sla_dag.py for tasks to queue
[2023-05-13T06:26:14.917+0000] {logging_mixin.py:137} INFO - [2023-05-13T06:26:14.917+0000] {dagbag.py:538} INFO - Filling up the DagBag from /home/airflow/.local/lib/python3.7/site-packages/airflow/example_dags/example_sla_dag.py
[2023-05-13T06:26:14.929+0000] {processor.py:753} INFO - DAG(s) dict_keys(['example_sla_dag']) retrieved from /home/airflow/.local/lib/python3.7/site-packages/airflow/example_dags/example_sla_dag.py
[2023-05-13T06:26:14.945+0000] {logging_mixin.py:137} INFO - [2023-05-13T06:26:14.945+0000] {dag.py:2690} INFO - Sync 1 DAGs
[2023-05-13T06:26:14.960+0000] {logging_mixin.py:137} INFO - [2023-05-13T06:26:14.960+0000] {dag.py:3441} INFO - Setting next_dagrun for example_sla_dag to 2023-05-13T06:24:00+00:00, run_after=2023-05-13T06:26:00+00:00
[2023-05-13T06:26:14.969+0000] {processor.py:175} INFO - Processing /home/airflow/.local/lib/python3.7/site-packages/airflow/example_dags/example_sla_dag.py took 0.055 seconds
[2023-05-13T06:26:45.806+0000] {processor.py:153} INFO - Started process (PID=641) to work on /home/airflow/.local/lib/python3.7/site-packages/airflow/example_dags/example_sla_dag.py
[2023-05-13T06:26:45.807+0000] {processor.py:743} INFO - Processing file /home/airflow/.local/lib/python3.7/site-packages/airflow/example_dags/example_sla_dag.py for tasks to queue
[2023-05-13T06:26:45.808+0000] {logging_mixin.py:137} INFO - [2023-05-13T06:26:45.808+0000] {dagbag.py:538} INFO - Filling up the DagBag from /home/airflow/.local/lib/python3.7/site-packages/airflow/example_dags/example_sla_dag.py
[2023-05-13T06:26:45.820+0000] {processor.py:753} INFO - DAG(s) dict_keys(['example_sla_dag']) retrieved from /home/airflow/.local/lib/python3.7/site-packages/airflow/example_dags/example_sla_dag.py
[2023-05-13T06:26:45.853+0000] {logging_mixin.py:137} INFO - [2023-05-13T06:26:45.853+0000] {dag.py:2690} INFO - Sync 1 DAGs
[2023-05-13T06:26:45.870+0000] {logging_mixin.py:137} INFO - [2023-05-13T06:26:45.870+0000] {dag.py:3441} INFO - Setting next_dagrun for example_sla_dag to 2023-05-13T06:24:00+00:00, run_after=2023-05-13T06:26:00+00:00
[2023-05-13T06:26:45.881+0000] {processor.py:175} INFO - Processing /home/airflow/.local/lib/python3.7/site-packages/airflow/example_dags/example_sla_dag.py took 0.077 seconds
[2023-05-13T06:27:16.039+0000] {processor.py:153} INFO - Started process (PID=716) to work on /home/airflow/.local/lib/python3.7/site-packages/airflow/example_dags/example_sla_dag.py
[2023-05-13T06:27:16.040+0000] {processor.py:743} INFO - Processing file /home/airflow/.local/lib/python3.7/site-packages/airflow/example_dags/example_sla_dag.py for tasks to queue
[2023-05-13T06:27:16.040+0000] {logging_mixin.py:137} INFO - [2023-05-13T06:27:16.040+0000] {dagbag.py:538} INFO - Filling up the DagBag from /home/airflow/.local/lib/python3.7/site-packages/airflow/example_dags/example_sla_dag.py
[2023-05-13T06:27:16.053+0000] {processor.py:753} INFO - DAG(s) dict_keys(['example_sla_dag']) retrieved from /home/airflow/.local/lib/python3.7/site-packages/airflow/example_dags/example_sla_dag.py
[2023-05-13T06:27:16.070+0000] {logging_mixin.py:137} INFO - [2023-05-13T06:27:16.070+0000] {dag.py:2690} INFO - Sync 1 DAGs
[2023-05-13T06:27:16.084+0000] {logging_mixin.py:137} INFO - [2023-05-13T06:27:16.084+0000] {dag.py:3441} INFO - Setting next_dagrun for example_sla_dag to 2023-05-13T06:24:00+00:00, run_after=2023-05-13T06:26:00+00:00
[2023-05-13T06:27:16.093+0000] {processor.py:175} INFO - Processing /home/airflow/.local/lib/python3.7/site-packages/airflow/example_dags/example_sla_dag.py took 0.056 seconds
[2023-05-13T06:27:47.214+0000] {processor.py:153} INFO - Started process (PID=792) to work on /home/airflow/.local/lib/python3.7/site-packages/airflow/example_dags/example_sla_dag.py
[2023-05-13T06:27:47.215+0000] {processor.py:743} INFO - Processing file /home/airflow/.local/lib/python3.7/site-packages/airflow/example_dags/example_sla_dag.py for tasks to queue
[2023-05-13T06:27:47.216+0000] {logging_mixin.py:137} INFO - [2023-05-13T06:27:47.216+0000] {dagbag.py:538} INFO - Filling up the DagBag from /home/airflow/.local/lib/python3.7/site-packages/airflow/example_dags/example_sla_dag.py
[2023-05-13T06:27:47.230+0000] {processor.py:753} INFO - DAG(s) dict_keys(['example_sla_dag']) retrieved from /home/airflow/.local/lib/python3.7/site-packages/airflow/example_dags/example_sla_dag.py
[2023-05-13T06:27:47.248+0000] {logging_mixin.py:137} INFO - [2023-05-13T06:27:47.248+0000] {dag.py:2690} INFO - Sync 1 DAGs
[2023-05-13T06:27:47.264+0000] {logging_mixin.py:137} INFO - [2023-05-13T06:27:47.264+0000] {dag.py:3441} INFO - Setting next_dagrun for example_sla_dag to 2023-05-13T06:24:00+00:00, run_after=2023-05-13T06:26:00+00:00
[2023-05-13T06:27:47.280+0000] {processor.py:175} INFO - Processing /home/airflow/.local/lib/python3.7/site-packages/airflow/example_dags/example_sla_dag.py took 0.069 seconds
[2023-05-13T06:28:17.313+0000] {processor.py:153} INFO - Started process (PID=855) to work on /home/airflow/.local/lib/python3.7/site-packages/airflow/example_dags/example_sla_dag.py
[2023-05-13T06:28:17.314+0000] {processor.py:743} INFO - Processing file /home/airflow/.local/lib/python3.7/site-packages/airflow/example_dags/example_sla_dag.py for tasks to queue
[2023-05-13T06:28:17.315+0000] {logging_mixin.py:137} INFO - [2023-05-13T06:28:17.315+0000] {dagbag.py:538} INFO - Filling up the DagBag from /home/airflow/.local/lib/python3.7/site-packages/airflow/example_dags/example_sla_dag.py
[2023-05-13T06:28:17.326+0000] {processor.py:753} INFO - DAG(s) dict_keys(['example_sla_dag']) retrieved from /home/airflow/.local/lib/python3.7/site-packages/airflow/example_dags/example_sla_dag.py
[2023-05-13T06:28:17.343+0000] {logging_mixin.py:137} INFO - [2023-05-13T06:28:17.343+0000] {dag.py:2690} INFO - Sync 1 DAGs
[2023-05-13T06:28:17.359+0000] {logging_mixin.py:137} INFO - [2023-05-13T06:28:17.359+0000] {dag.py:3441} INFO - Setting next_dagrun for example_sla_dag to 2023-05-13T06:26:00+00:00, run_after=2023-05-13T06:28:00+00:00
[2023-05-13T06:28:17.368+0000] {processor.py:175} INFO - Processing /home/airflow/.local/lib/python3.7/site-packages/airflow/example_dags/example_sla_dag.py took 0.057 seconds
[2023-05-13T06:28:48.349+0000] {processor.py:153} INFO - Started process (PID=930) to work on /home/airflow/.local/lib/python3.7/site-packages/airflow/example_dags/example_sla_dag.py
[2023-05-13T06:28:48.351+0000] {processor.py:743} INFO - Processing file /home/airflow/.local/lib/python3.7/site-packages/airflow/example_dags/example_sla_dag.py for tasks to queue
[2023-05-13T06:28:48.352+0000] {logging_mixin.py:137} INFO - [2023-05-13T06:28:48.352+0000] {dagbag.py:538} INFO - Filling up the DagBag from /home/airflow/.local/lib/python3.7/site-packages/airflow/example_dags/example_sla_dag.py
[2023-05-13T06:28:48.370+0000] {processor.py:753} INFO - DAG(s) dict_keys(['example_sla_dag']) retrieved from /home/airflow/.local/lib/python3.7/site-packages/airflow/example_dags/example_sla_dag.py
[2023-05-13T06:28:48.390+0000] {logging_mixin.py:137} INFO - [2023-05-13T06:28:48.390+0000] {dag.py:2690} INFO - Sync 1 DAGs
[2023-05-13T06:28:48.404+0000] {logging_mixin.py:137} INFO - [2023-05-13T06:28:48.404+0000] {dag.py:3441} INFO - Setting next_dagrun for example_sla_dag to 2023-05-13T06:26:00+00:00, run_after=2023-05-13T06:28:00+00:00
[2023-05-13T06:28:48.413+0000] {processor.py:175} INFO - Processing /home/airflow/.local/lib/python3.7/site-packages/airflow/example_dags/example_sla_dag.py took 0.068 seconds
[2023-05-13T06:29:18.510+0000] {processor.py:153} INFO - Started process (PID=1005) to work on /home/airflow/.local/lib/python3.7/site-packages/airflow/example_dags/example_sla_dag.py
[2023-05-13T06:29:18.512+0000] {processor.py:743} INFO - Processing file /home/airflow/.local/lib/python3.7/site-packages/airflow/example_dags/example_sla_dag.py for tasks to queue
[2023-05-13T06:29:18.513+0000] {logging_mixin.py:137} INFO - [2023-05-13T06:29:18.513+0000] {dagbag.py:538} INFO - Filling up the DagBag from /home/airflow/.local/lib/python3.7/site-packages/airflow/example_dags/example_sla_dag.py
[2023-05-13T06:29:18.534+0000] {processor.py:753} INFO - DAG(s) dict_keys(['example_sla_dag']) retrieved from /home/airflow/.local/lib/python3.7/site-packages/airflow/example_dags/example_sla_dag.py
[2023-05-13T06:29:18.562+0000] {logging_mixin.py:137} INFO - [2023-05-13T06:29:18.562+0000] {dag.py:2690} INFO - Sync 1 DAGs
[2023-05-13T06:29:18.584+0000] {logging_mixin.py:137} INFO - [2023-05-13T06:29:18.583+0000] {dag.py:3441} INFO - Setting next_dagrun for example_sla_dag to 2023-05-13T06:26:00+00:00, run_after=2023-05-13T06:28:00+00:00
[2023-05-13T06:29:18.593+0000] {processor.py:175} INFO - Processing /home/airflow/.local/lib/python3.7/site-packages/airflow/example_dags/example_sla_dag.py took 0.089 seconds
[2023-05-13T06:29:48.677+0000] {processor.py:153} INFO - Started process (PID=1068) to work on /home/airflow/.local/lib/python3.7/site-packages/airflow/example_dags/example_sla_dag.py
[2023-05-13T06:29:48.679+0000] {processor.py:743} INFO - Processing file /home/airflow/.local/lib/python3.7/site-packages/airflow/example_dags/example_sla_dag.py for tasks to queue
[2023-05-13T06:29:48.680+0000] {logging_mixin.py:137} INFO - [2023-05-13T06:29:48.679+0000] {dagbag.py:538} INFO - Filling up the DagBag from /home/airflow/.local/lib/python3.7/site-packages/airflow/example_dags/example_sla_dag.py
[2023-05-13T06:29:48.699+0000] {processor.py:753} INFO - DAG(s) dict_keys(['example_sla_dag']) retrieved from /home/airflow/.local/lib/python3.7/site-packages/airflow/example_dags/example_sla_dag.py
[2023-05-13T06:29:48.720+0000] {logging_mixin.py:137} INFO - [2023-05-13T06:29:48.719+0000] {dag.py:2690} INFO - Sync 1 DAGs
[2023-05-13T06:29:48.735+0000] {logging_mixin.py:137} INFO - [2023-05-13T06:29:48.735+0000] {dag.py:3441} INFO - Setting next_dagrun for example_sla_dag to 2023-05-13T06:26:00+00:00, run_after=2023-05-13T06:28:00+00:00
[2023-05-13T06:29:48.746+0000] {processor.py:175} INFO - Processing /home/airflow/.local/lib/python3.7/site-packages/airflow/example_dags/example_sla_dag.py took 0.073 seconds
[2023-05-13T06:30:18.807+0000] {processor.py:153} INFO - Started process (PID=1143) to work on /home/airflow/.local/lib/python3.7/site-packages/airflow/example_dags/example_sla_dag.py
[2023-05-13T06:30:18.808+0000] {processor.py:743} INFO - Processing file /home/airflow/.local/lib/python3.7/site-packages/airflow/example_dags/example_sla_dag.py for tasks to queue
[2023-05-13T06:30:18.809+0000] {logging_mixin.py:137} INFO - [2023-05-13T06:30:18.809+0000] {dagbag.py:538} INFO - Filling up the DagBag from /home/airflow/.local/lib/python3.7/site-packages/airflow/example_dags/example_sla_dag.py
[2023-05-13T06:30:18.826+0000] {processor.py:753} INFO - DAG(s) dict_keys(['example_sla_dag']) retrieved from /home/airflow/.local/lib/python3.7/site-packages/airflow/example_dags/example_sla_dag.py
[2023-05-13T06:30:18.842+0000] {logging_mixin.py:137} INFO - [2023-05-13T06:30:18.842+0000] {dag.py:2690} INFO - Sync 1 DAGs
[2023-05-13T06:30:18.857+0000] {logging_mixin.py:137} INFO - [2023-05-13T06:30:18.857+0000] {dag.py:3441} INFO - Setting next_dagrun for example_sla_dag to 2023-05-13T06:28:00+00:00, run_after=2023-05-13T06:30:00+00:00
[2023-05-13T06:30:18.867+0000] {processor.py:175} INFO - Processing /home/airflow/.local/lib/python3.7/site-packages/airflow/example_dags/example_sla_dag.py took 0.064 seconds
[2023-05-13T06:30:48.911+0000] {processor.py:153} INFO - Started process (PID=1217) to work on /home/airflow/.local/lib/python3.7/site-packages/airflow/example_dags/example_sla_dag.py
[2023-05-13T06:30:48.913+0000] {processor.py:743} INFO - Processing file /home/airflow/.local/lib/python3.7/site-packages/airflow/example_dags/example_sla_dag.py for tasks to queue
[2023-05-13T06:30:48.914+0000] {logging_mixin.py:137} INFO - [2023-05-13T06:30:48.914+0000] {dagbag.py:538} INFO - Filling up the DagBag from /home/airflow/.local/lib/python3.7/site-packages/airflow/example_dags/example_sla_dag.py
[2023-05-13T06:30:48.931+0000] {processor.py:753} INFO - DAG(s) dict_keys(['example_sla_dag']) retrieved from /home/airflow/.local/lib/python3.7/site-packages/airflow/example_dags/example_sla_dag.py
[2023-05-13T06:30:48.949+0000] {logging_mixin.py:137} INFO - [2023-05-13T06:30:48.948+0000] {dag.py:2690} INFO - Sync 1 DAGs
[2023-05-13T06:30:48.963+0000] {logging_mixin.py:137} INFO - [2023-05-13T06:30:48.963+0000] {dag.py:3441} INFO - Setting next_dagrun for example_sla_dag to 2023-05-13T06:28:00+00:00, run_after=2023-05-13T06:30:00+00:00
[2023-05-13T06:30:48.972+0000] {processor.py:175} INFO - Processing /home/airflow/.local/lib/python3.7/site-packages/airflow/example_dags/example_sla_dag.py took 0.065 seconds
[2023-05-13T06:31:18.992+0000] {processor.py:153} INFO - Started process (PID=1280) to work on /home/airflow/.local/lib/python3.7/site-packages/airflow/example_dags/example_sla_dag.py
[2023-05-13T06:31:18.992+0000] {processor.py:743} INFO - Processing file /home/airflow/.local/lib/python3.7/site-packages/airflow/example_dags/example_sla_dag.py for tasks to queue
[2023-05-13T06:31:18.993+0000] {logging_mixin.py:137} INFO - [2023-05-13T06:31:18.993+0000] {dagbag.py:538} INFO - Filling up the DagBag from /home/airflow/.local/lib/python3.7/site-packages/airflow/example_dags/example_sla_dag.py
[2023-05-13T06:31:19.005+0000] {processor.py:753} INFO - DAG(s) dict_keys(['example_sla_dag']) retrieved from /home/airflow/.local/lib/python3.7/site-packages/airflow/example_dags/example_sla_dag.py
[2023-05-13T06:31:19.021+0000] {logging_mixin.py:137} INFO - [2023-05-13T06:31:19.021+0000] {dag.py:2690} INFO - Sync 1 DAGs
[2023-05-13T06:31:19.036+0000] {logging_mixin.py:137} INFO - [2023-05-13T06:31:19.036+0000] {dag.py:3441} INFO - Setting next_dagrun for example_sla_dag to 2023-05-13T06:28:00+00:00, run_after=2023-05-13T06:30:00+00:00
[2023-05-13T06:31:19.044+0000] {processor.py:175} INFO - Processing /home/airflow/.local/lib/python3.7/site-packages/airflow/example_dags/example_sla_dag.py took 0.055 seconds
[2023-05-13T06:31:49.166+0000] {processor.py:153} INFO - Started process (PID=1354) to work on /home/airflow/.local/lib/python3.7/site-packages/airflow/example_dags/example_sla_dag.py
[2023-05-13T06:31:49.167+0000] {processor.py:743} INFO - Processing file /home/airflow/.local/lib/python3.7/site-packages/airflow/example_dags/example_sla_dag.py for tasks to queue
[2023-05-13T06:31:49.167+0000] {logging_mixin.py:137} INFO - [2023-05-13T06:31:49.167+0000] {dagbag.py:538} INFO - Filling up the DagBag from /home/airflow/.local/lib/python3.7/site-packages/airflow/example_dags/example_sla_dag.py
[2023-05-13T06:31:49.181+0000] {processor.py:753} INFO - DAG(s) dict_keys(['example_sla_dag']) retrieved from /home/airflow/.local/lib/python3.7/site-packages/airflow/example_dags/example_sla_dag.py
[2023-05-13T06:31:49.199+0000] {logging_mixin.py:137} INFO - [2023-05-13T06:31:49.199+0000] {dag.py:2690} INFO - Sync 1 DAGs
[2023-05-13T06:31:49.215+0000] {logging_mixin.py:137} INFO - [2023-05-13T06:31:49.215+0000] {dag.py:3441} INFO - Setting next_dagrun for example_sla_dag to 2023-05-13T06:28:00+00:00, run_after=2023-05-13T06:30:00+00:00
[2023-05-13T06:31:49.224+0000] {processor.py:175} INFO - Processing /home/airflow/.local/lib/python3.7/site-packages/airflow/example_dags/example_sla_dag.py took 0.061 seconds
[2023-05-13T06:32:20.230+0000] {processor.py:153} INFO - Started process (PID=1430) to work on /home/airflow/.local/lib/python3.7/site-packages/airflow/example_dags/example_sla_dag.py
[2023-05-13T06:32:20.231+0000] {processor.py:743} INFO - Processing file /home/airflow/.local/lib/python3.7/site-packages/airflow/example_dags/example_sla_dag.py for tasks to queue
[2023-05-13T06:32:20.232+0000] {logging_mixin.py:137} INFO - [2023-05-13T06:32:20.231+0000] {dagbag.py:538} INFO - Filling up the DagBag from /home/airflow/.local/lib/python3.7/site-packages/airflow/example_dags/example_sla_dag.py
[2023-05-13T06:32:20.244+0000] {processor.py:753} INFO - DAG(s) dict_keys(['example_sla_dag']) retrieved from /home/airflow/.local/lib/python3.7/site-packages/airflow/example_dags/example_sla_dag.py
[2023-05-13T06:32:20.261+0000] {logging_mixin.py:137} INFO - [2023-05-13T06:32:20.261+0000] {dag.py:2690} INFO - Sync 1 DAGs
[2023-05-13T06:32:20.277+0000] {logging_mixin.py:137} INFO - [2023-05-13T06:32:20.277+0000] {dag.py:3441} INFO - Setting next_dagrun for example_sla_dag to 2023-05-13T06:30:00+00:00, run_after=2023-05-13T06:32:00+00:00
[2023-05-13T06:32:20.287+0000] {processor.py:175} INFO - Processing /home/airflow/.local/lib/python3.7/site-packages/airflow/example_dags/example_sla_dag.py took 0.059 seconds
[2023-05-13T06:32:50.666+0000] {processor.py:153} INFO - Started process (PID=1506) to work on /home/airflow/.local/lib/python3.7/site-packages/airflow/example_dags/example_sla_dag.py
[2023-05-13T06:32:50.667+0000] {processor.py:743} INFO - Processing file /home/airflow/.local/lib/python3.7/site-packages/airflow/example_dags/example_sla_dag.py for tasks to queue
[2023-05-13T06:32:50.667+0000] {logging_mixin.py:137} INFO - [2023-05-13T06:32:50.667+0000] {dagbag.py:538} INFO - Filling up the DagBag from /home/airflow/.local/lib/python3.7/site-packages/airflow/example_dags/example_sla_dag.py
[2023-05-13T06:32:50.681+0000] {processor.py:753} INFO - DAG(s) dict_keys(['example_sla_dag']) retrieved from /home/airflow/.local/lib/python3.7/site-packages/airflow/example_dags/example_sla_dag.py
[2023-05-13T06:32:50.698+0000] {logging_mixin.py:137} INFO - [2023-05-13T06:32:50.698+0000] {dag.py:2690} INFO - Sync 1 DAGs
[2023-05-13T06:32:50.715+0000] {logging_mixin.py:137} INFO - [2023-05-13T06:32:50.714+0000] {dag.py:3441} INFO - Setting next_dagrun for example_sla_dag to 2023-05-13T06:30:00+00:00, run_after=2023-05-13T06:32:00+00:00
[2023-05-13T06:32:50.724+0000] {processor.py:175} INFO - Processing /home/airflow/.local/lib/python3.7/site-packages/airflow/example_dags/example_sla_dag.py took 0.061 seconds
[2023-05-13T06:33:20.818+0000] {processor.py:153} INFO - Started process (PID=1569) to work on /home/airflow/.local/lib/python3.7/site-packages/airflow/example_dags/example_sla_dag.py
[2023-05-13T06:33:20.819+0000] {processor.py:743} INFO - Processing file /home/airflow/.local/lib/python3.7/site-packages/airflow/example_dags/example_sla_dag.py for tasks to queue
[2023-05-13T06:33:20.819+0000] {logging_mixin.py:137} INFO - [2023-05-13T06:33:20.819+0000] {dagbag.py:538} INFO - Filling up the DagBag from /home/airflow/.local/lib/python3.7/site-packages/airflow/example_dags/example_sla_dag.py
[2023-05-13T06:33:20.833+0000] {processor.py:753} INFO - DAG(s) dict_keys(['example_sla_dag']) retrieved from /home/airflow/.local/lib/python3.7/site-packages/airflow/example_dags/example_sla_dag.py
[2023-05-13T06:33:20.853+0000] {logging_mixin.py:137} INFO - [2023-05-13T06:33:20.853+0000] {dag.py:2690} INFO - Sync 1 DAGs
[2023-05-13T06:33:20.868+0000] {logging_mixin.py:137} INFO - [2023-05-13T06:33:20.868+0000] {dag.py:3441} INFO - Setting next_dagrun for example_sla_dag to 2023-05-13T06:30:00+00:00, run_after=2023-05-13T06:32:00+00:00
[2023-05-13T06:33:20.878+0000] {processor.py:175} INFO - Processing /home/airflow/.local/lib/python3.7/site-packages/airflow/example_dags/example_sla_dag.py took 0.063 seconds
[2023-05-13T06:33:51.891+0000] {processor.py:153} INFO - Started process (PID=1643) to work on /home/airflow/.local/lib/python3.7/site-packages/airflow/example_dags/example_sla_dag.py
[2023-05-13T06:33:51.892+0000] {processor.py:743} INFO - Processing file /home/airflow/.local/lib/python3.7/site-packages/airflow/example_dags/example_sla_dag.py for tasks to queue
[2023-05-13T06:33:51.892+0000] {logging_mixin.py:137} INFO - [2023-05-13T06:33:51.892+0000] {dagbag.py:538} INFO - Filling up the DagBag from /home/airflow/.local/lib/python3.7/site-packages/airflow/example_dags/example_sla_dag.py
[2023-05-13T06:33:51.906+0000] {processor.py:753} INFO - DAG(s) dict_keys(['example_sla_dag']) retrieved from /home/airflow/.local/lib/python3.7/site-packages/airflow/example_dags/example_sla_dag.py
[2023-05-13T06:33:51.924+0000] {logging_mixin.py:137} INFO - [2023-05-13T06:33:51.924+0000] {dag.py:2690} INFO - Sync 1 DAGs
[2023-05-13T06:33:51.940+0000] {logging_mixin.py:137} INFO - [2023-05-13T06:33:51.940+0000] {dag.py:3441} INFO - Setting next_dagrun for example_sla_dag to 2023-05-13T06:30:00+00:00, run_after=2023-05-13T06:32:00+00:00
[2023-05-13T06:33:51.950+0000] {processor.py:175} INFO - Processing /home/airflow/.local/lib/python3.7/site-packages/airflow/example_dags/example_sla_dag.py took 0.062 seconds
[2023-05-13T06:34:22.048+0000] {processor.py:153} INFO - Started process (PID=1719) to work on /home/airflow/.local/lib/python3.7/site-packages/airflow/example_dags/example_sla_dag.py
[2023-05-13T06:34:22.049+0000] {processor.py:743} INFO - Processing file /home/airflow/.local/lib/python3.7/site-packages/airflow/example_dags/example_sla_dag.py for tasks to queue
[2023-05-13T06:34:22.049+0000] {logging_mixin.py:137} INFO - [2023-05-13T06:34:22.049+0000] {dagbag.py:538} INFO - Filling up the DagBag from /home/airflow/.local/lib/python3.7/site-packages/airflow/example_dags/example_sla_dag.py
[2023-05-13T06:34:22.062+0000] {processor.py:753} INFO - DAG(s) dict_keys(['example_sla_dag']) retrieved from /home/airflow/.local/lib/python3.7/site-packages/airflow/example_dags/example_sla_dag.py
[2023-05-13T06:34:22.079+0000] {logging_mixin.py:137} INFO - [2023-05-13T06:34:22.079+0000] {dag.py:2690} INFO - Sync 1 DAGs
[2023-05-13T06:34:22.094+0000] {logging_mixin.py:137} INFO - [2023-05-13T06:34:22.094+0000] {dag.py:3441} INFO - Setting next_dagrun for example_sla_dag to 2023-05-13T06:32:00+00:00, run_after=2023-05-13T06:34:00+00:00
[2023-05-13T06:34:22.103+0000] {processor.py:175} INFO - Processing /home/airflow/.local/lib/python3.7/site-packages/airflow/example_dags/example_sla_dag.py took 0.058 seconds
[2023-05-13T06:34:52.957+0000] {processor.py:153} INFO - Started process (PID=1789) to work on /home/airflow/.local/lib/python3.7/site-packages/airflow/example_dags/example_sla_dag.py
[2023-05-13T06:34:52.957+0000] {processor.py:743} INFO - Processing file /home/airflow/.local/lib/python3.7/site-packages/airflow/example_dags/example_sla_dag.py for tasks to queue
[2023-05-13T06:34:52.958+0000] {logging_mixin.py:137} INFO - [2023-05-13T06:34:52.958+0000] {dagbag.py:538} INFO - Filling up the DagBag from /home/airflow/.local/lib/python3.7/site-packages/airflow/example_dags/example_sla_dag.py
[2023-05-13T06:34:52.974+0000] {processor.py:753} INFO - DAG(s) dict_keys(['example_sla_dag']) retrieved from /home/airflow/.local/lib/python3.7/site-packages/airflow/example_dags/example_sla_dag.py
[2023-05-13T06:34:52.997+0000] {logging_mixin.py:137} INFO - [2023-05-13T06:34:52.997+0000] {dag.py:2690} INFO - Sync 1 DAGs
[2023-05-13T06:34:53.014+0000] {logging_mixin.py:137} INFO - [2023-05-13T06:34:53.014+0000] {dag.py:3441} INFO - Setting next_dagrun for example_sla_dag to 2023-05-13T06:32:00+00:00, run_after=2023-05-13T06:34:00+00:00
[2023-05-13T06:34:53.026+0000] {processor.py:175} INFO - Processing /home/airflow/.local/lib/python3.7/site-packages/airflow/example_dags/example_sla_dag.py took 0.072 seconds
[2023-05-13T06:35:23.087+0000] {processor.py:153} INFO - Started process (PID=1856) to work on /home/airflow/.local/lib/python3.7/site-packages/airflow/example_dags/example_sla_dag.py
[2023-05-13T06:35:23.088+0000] {processor.py:743} INFO - Processing file /home/airflow/.local/lib/python3.7/site-packages/airflow/example_dags/example_sla_dag.py for tasks to queue
[2023-05-13T06:35:23.089+0000] {logging_mixin.py:137} INFO - [2023-05-13T06:35:23.089+0000] {dagbag.py:538} INFO - Filling up the DagBag from /home/airflow/.local/lib/python3.7/site-packages/airflow/example_dags/example_sla_dag.py
[2023-05-13T06:35:23.100+0000] {processor.py:753} INFO - DAG(s) dict_keys(['example_sla_dag']) retrieved from /home/airflow/.local/lib/python3.7/site-packages/airflow/example_dags/example_sla_dag.py
[2023-05-13T06:35:23.117+0000] {logging_mixin.py:137} INFO - [2023-05-13T06:35:23.117+0000] {dag.py:2690} INFO - Sync 1 DAGs
[2023-05-13T06:35:23.132+0000] {logging_mixin.py:137} INFO - [2023-05-13T06:35:23.132+0000] {dag.py:3441} INFO - Setting next_dagrun for example_sla_dag to 2023-05-13T06:32:00+00:00, run_after=2023-05-13T06:34:00+00:00
[2023-05-13T06:35:23.142+0000] {processor.py:175} INFO - Processing /home/airflow/.local/lib/python3.7/site-packages/airflow/example_dags/example_sla_dag.py took 0.058 seconds
[2023-05-13T06:35:53.163+0000] {processor.py:153} INFO - Started process (PID=1930) to work on /home/airflow/.local/lib/python3.7/site-packages/airflow/example_dags/example_sla_dag.py
[2023-05-13T06:35:53.163+0000] {processor.py:743} INFO - Processing file /home/airflow/.local/lib/python3.7/site-packages/airflow/example_dags/example_sla_dag.py for tasks to queue
[2023-05-13T06:35:53.164+0000] {logging_mixin.py:137} INFO - [2023-05-13T06:35:53.164+0000] {dagbag.py:538} INFO - Filling up the DagBag from /home/airflow/.local/lib/python3.7/site-packages/airflow/example_dags/example_sla_dag.py
[2023-05-13T06:35:53.176+0000] {processor.py:753} INFO - DAG(s) dict_keys(['example_sla_dag']) retrieved from /home/airflow/.local/lib/python3.7/site-packages/airflow/example_dags/example_sla_dag.py
[2023-05-13T06:35:53.192+0000] {logging_mixin.py:137} INFO - [2023-05-13T06:35:53.192+0000] {dag.py:2690} INFO - Sync 1 DAGs
[2023-05-13T06:35:53.207+0000] {logging_mixin.py:137} INFO - [2023-05-13T06:35:53.207+0000] {dag.py:3441} INFO - Setting next_dagrun for example_sla_dag to 2023-05-13T06:32:00+00:00, run_after=2023-05-13T06:34:00+00:00
[2023-05-13T06:35:53.216+0000] {processor.py:175} INFO - Processing /home/airflow/.local/lib/python3.7/site-packages/airflow/example_dags/example_sla_dag.py took 0.055 seconds
[2023-05-13T06:36:24.324+0000] {processor.py:153} INFO - Started process (PID=2005) to work on /home/airflow/.local/lib/python3.7/site-packages/airflow/example_dags/example_sla_dag.py
[2023-05-13T06:36:24.326+0000] {processor.py:743} INFO - Processing file /home/airflow/.local/lib/python3.7/site-packages/airflow/example_dags/example_sla_dag.py for tasks to queue
[2023-05-13T06:36:24.326+0000] {logging_mixin.py:137} INFO - [2023-05-13T06:36:24.326+0000] {dagbag.py:538} INFO - Filling up the DagBag from /home/airflow/.local/lib/python3.7/site-packages/airflow/example_dags/example_sla_dag.py
[2023-05-13T06:36:24.342+0000] {processor.py:753} INFO - DAG(s) dict_keys(['example_sla_dag']) retrieved from /home/airflow/.local/lib/python3.7/site-packages/airflow/example_dags/example_sla_dag.py
[2023-05-13T06:36:24.360+0000] {logging_mixin.py:137} INFO - [2023-05-13T06:36:24.360+0000] {dag.py:2690} INFO - Sync 1 DAGs
[2023-05-13T06:36:24.375+0000] {logging_mixin.py:137} INFO - [2023-05-13T06:36:24.375+0000] {dag.py:3441} INFO - Setting next_dagrun for example_sla_dag to 2023-05-13T06:34:00+00:00, run_after=2023-05-13T06:36:00+00:00
[2023-05-13T06:36:24.384+0000] {processor.py:175} INFO - Processing /home/airflow/.local/lib/python3.7/site-packages/airflow/example_dags/example_sla_dag.py took 0.063 seconds
[2023-05-13T06:42:13.682+0000] {processor.py:153} INFO - Started process (PID=2738) to work on /home/airflow/.local/lib/python3.7/site-packages/airflow/example_dags/example_sla_dag.py
[2023-05-13T06:42:13.683+0000] {processor.py:743} INFO - Processing file /home/airflow/.local/lib/python3.7/site-packages/airflow/example_dags/example_sla_dag.py for tasks to queue
[2023-05-13T06:42:13.683+0000] {logging_mixin.py:137} INFO - [2023-05-13T06:42:13.683+0000] {dagbag.py:538} INFO - Filling up the DagBag from /home/airflow/.local/lib/python3.7/site-packages/airflow/example_dags/example_sla_dag.py
[2023-05-13T06:42:13.697+0000] {processor.py:753} INFO - DAG(s) dict_keys(['example_sla_dag']) retrieved from /home/airflow/.local/lib/python3.7/site-packages/airflow/example_dags/example_sla_dag.py
[2023-05-13T06:42:13.733+0000] {logging_mixin.py:137} INFO - [2023-05-13T06:42:13.733+0000] {dag.py:2690} INFO - Sync 1 DAGs
[2023-05-13T06:42:13.745+0000] {logging_mixin.py:137} INFO - [2023-05-13T06:42:13.745+0000] {dag.py:3441} INFO - Setting next_dagrun for example_sla_dag to 2023-05-13T06:40:00+00:00, run_after=2023-05-13T06:42:00+00:00
[2023-05-13T06:42:13.755+0000] {processor.py:175} INFO - Processing /home/airflow/.local/lib/python3.7/site-packages/airflow/example_dags/example_sla_dag.py took 0.076 seconds
