[2023-05-13T06:22:38.439+0000] {processor.py:153} INFO - Started process (PID=61) to work on /home/airflow/.local/lib/python3.7/site-packages/airflow/example_dags/example_task_group.py
[2023-05-13T06:22:38.441+0000] {processor.py:743} INFO - Processing file /home/airflow/.local/lib/python3.7/site-packages/airflow/example_dags/example_task_group.py for tasks to queue
[2023-05-13T06:22:38.443+0000] {logging_mixin.py:137} INFO - [2023-05-13T06:22:38.443+0000] {dagbag.py:538} INFO - Filling up the DagBag from /home/airflow/.local/lib/python3.7/site-packages/airflow/example_dags/example_task_group.py
[2023-05-13T06:22:38.455+0000] {processor.py:753} INFO - DAG(s) dict_keys(['example_task_group']) retrieved from /home/airflow/.local/lib/python3.7/site-packages/airflow/example_dags/example_task_group.py
[2023-05-13T06:22:38.479+0000] {logging_mixin.py:137} INFO - [2023-05-13T06:22:38.478+0000] {dag.py:2690} INFO - Sync 1 DAGs
[2023-05-13T06:22:38.494+0000] {logging_mixin.py:137} INFO - [2023-05-13T06:22:38.494+0000] {dag.py:3441} INFO - Setting next_dagrun for example_task_group to 2023-05-12T06:22:38.494488+00:00, run_after=2023-05-13T06:22:38.494488+00:00
[2023-05-13T06:22:38.507+0000] {processor.py:175} INFO - Processing /home/airflow/.local/lib/python3.7/site-packages/airflow/example_dags/example_task_group.py took 0.070 seconds
[2023-05-13T06:23:09.371+0000] {processor.py:153} INFO - Started process (PID=136) to work on /home/airflow/.local/lib/python3.7/site-packages/airflow/example_dags/example_task_group.py
[2023-05-13T06:23:09.372+0000] {processor.py:743} INFO - Processing file /home/airflow/.local/lib/python3.7/site-packages/airflow/example_dags/example_task_group.py for tasks to queue
[2023-05-13T06:23:09.372+0000] {logging_mixin.py:137} INFO - [2023-05-13T06:23:09.372+0000] {dagbag.py:538} INFO - Filling up the DagBag from /home/airflow/.local/lib/python3.7/site-packages/airflow/example_dags/example_task_group.py
[2023-05-13T06:23:09.382+0000] {processor.py:753} INFO - DAG(s) dict_keys(['example_task_group']) retrieved from /home/airflow/.local/lib/python3.7/site-packages/airflow/example_dags/example_task_group.py
[2023-05-13T06:23:09.397+0000] {logging_mixin.py:137} INFO - [2023-05-13T06:23:09.397+0000] {dag.py:2690} INFO - Sync 1 DAGs
[2023-05-13T06:23:09.411+0000] {logging_mixin.py:137} INFO - [2023-05-13T06:23:09.411+0000] {dag.py:3441} INFO - Setting next_dagrun for example_task_group to 2023-05-12T06:23:09.411264+00:00, run_after=2023-05-13T06:23:09.411264+00:00
[2023-05-13T06:23:09.421+0000] {processor.py:175} INFO - Processing /home/airflow/.local/lib/python3.7/site-packages/airflow/example_dags/example_task_group.py took 0.052 seconds
[2023-05-13T06:23:40.217+0000] {processor.py:153} INFO - Started process (PID=211) to work on /home/airflow/.local/lib/python3.7/site-packages/airflow/example_dags/example_task_group.py
[2023-05-13T06:23:40.218+0000] {processor.py:743} INFO - Processing file /home/airflow/.local/lib/python3.7/site-packages/airflow/example_dags/example_task_group.py for tasks to queue
[2023-05-13T06:23:40.219+0000] {logging_mixin.py:137} INFO - [2023-05-13T06:23:40.219+0000] {dagbag.py:538} INFO - Filling up the DagBag from /home/airflow/.local/lib/python3.7/site-packages/airflow/example_dags/example_task_group.py
[2023-05-13T06:23:40.229+0000] {processor.py:753} INFO - DAG(s) dict_keys(['example_task_group']) retrieved from /home/airflow/.local/lib/python3.7/site-packages/airflow/example_dags/example_task_group.py
[2023-05-13T06:23:40.245+0000] {logging_mixin.py:137} INFO - [2023-05-13T06:23:40.245+0000] {dag.py:2690} INFO - Sync 1 DAGs
[2023-05-13T06:23:40.259+0000] {logging_mixin.py:137} INFO - [2023-05-13T06:23:40.259+0000] {dag.py:3441} INFO - Setting next_dagrun for example_task_group to 2023-05-12T06:23:40.259530+00:00, run_after=2023-05-13T06:23:40.259530+00:00
[2023-05-13T06:23:40.269+0000] {processor.py:175} INFO - Processing /home/airflow/.local/lib/python3.7/site-packages/airflow/example_dags/example_task_group.py took 0.054 seconds
[2023-05-13T06:24:11.158+0000] {processor.py:153} INFO - Started process (PID=275) to work on /home/airflow/.local/lib/python3.7/site-packages/airflow/example_dags/example_task_group.py
[2023-05-13T06:24:11.159+0000] {processor.py:743} INFO - Processing file /home/airflow/.local/lib/python3.7/site-packages/airflow/example_dags/example_task_group.py for tasks to queue
[2023-05-13T06:24:11.160+0000] {logging_mixin.py:137} INFO - [2023-05-13T06:24:11.160+0000] {dagbag.py:538} INFO - Filling up the DagBag from /home/airflow/.local/lib/python3.7/site-packages/airflow/example_dags/example_task_group.py
[2023-05-13T06:24:11.170+0000] {processor.py:753} INFO - DAG(s) dict_keys(['example_task_group']) retrieved from /home/airflow/.local/lib/python3.7/site-packages/airflow/example_dags/example_task_group.py
[2023-05-13T06:24:11.186+0000] {logging_mixin.py:137} INFO - [2023-05-13T06:24:11.186+0000] {dag.py:2690} INFO - Sync 1 DAGs
[2023-05-13T06:24:11.199+0000] {logging_mixin.py:137} INFO - [2023-05-13T06:24:11.199+0000] {dag.py:3441} INFO - Setting next_dagrun for example_task_group to 2023-05-12T06:24:11.199362+00:00, run_after=2023-05-13T06:24:11.199362+00:00
[2023-05-13T06:24:11.209+0000] {processor.py:175} INFO - Processing /home/airflow/.local/lib/python3.7/site-packages/airflow/example_dags/example_task_group.py took 0.054 seconds
[2023-05-13T06:24:41.851+0000] {processor.py:153} INFO - Started process (PID=350) to work on /home/airflow/.local/lib/python3.7/site-packages/airflow/example_dags/example_task_group.py
[2023-05-13T06:24:41.852+0000] {processor.py:743} INFO - Processing file /home/airflow/.local/lib/python3.7/site-packages/airflow/example_dags/example_task_group.py for tasks to queue
[2023-05-13T06:24:41.852+0000] {logging_mixin.py:137} INFO - [2023-05-13T06:24:41.852+0000] {dagbag.py:538} INFO - Filling up the DagBag from /home/airflow/.local/lib/python3.7/site-packages/airflow/example_dags/example_task_group.py
[2023-05-13T06:24:41.861+0000] {processor.py:753} INFO - DAG(s) dict_keys(['example_task_group']) retrieved from /home/airflow/.local/lib/python3.7/site-packages/airflow/example_dags/example_task_group.py
[2023-05-13T06:24:41.877+0000] {logging_mixin.py:137} INFO - [2023-05-13T06:24:41.877+0000] {dag.py:2690} INFO - Sync 1 DAGs
[2023-05-13T06:24:41.891+0000] {logging_mixin.py:137} INFO - [2023-05-13T06:24:41.891+0000] {dag.py:3441} INFO - Setting next_dagrun for example_task_group to 2023-05-12T06:24:41.891139+00:00, run_after=2023-05-13T06:24:41.891139+00:00
[2023-05-13T06:24:41.900+0000] {processor.py:175} INFO - Processing /home/airflow/.local/lib/python3.7/site-packages/airflow/example_dags/example_task_group.py took 0.052 seconds
[2023-05-13T06:25:12.642+0000] {processor.py:153} INFO - Started process (PID=424) to work on /home/airflow/.local/lib/python3.7/site-packages/airflow/example_dags/example_task_group.py
[2023-05-13T06:25:12.643+0000] {processor.py:743} INFO - Processing file /home/airflow/.local/lib/python3.7/site-packages/airflow/example_dags/example_task_group.py for tasks to queue
[2023-05-13T06:25:12.644+0000] {logging_mixin.py:137} INFO - [2023-05-13T06:25:12.644+0000] {dagbag.py:538} INFO - Filling up the DagBag from /home/airflow/.local/lib/python3.7/site-packages/airflow/example_dags/example_task_group.py
[2023-05-13T06:25:12.653+0000] {processor.py:753} INFO - DAG(s) dict_keys(['example_task_group']) retrieved from /home/airflow/.local/lib/python3.7/site-packages/airflow/example_dags/example_task_group.py
[2023-05-13T06:25:12.671+0000] {logging_mixin.py:137} INFO - [2023-05-13T06:25:12.670+0000] {dag.py:2690} INFO - Sync 1 DAGs
[2023-05-13T06:25:12.684+0000] {logging_mixin.py:137} INFO - [2023-05-13T06:25:12.684+0000] {dag.py:3441} INFO - Setting next_dagrun for example_task_group to 2023-05-12T06:25:12.684579+00:00, run_after=2023-05-13T06:25:12.684579+00:00
[2023-05-13T06:25:12.693+0000] {processor.py:175} INFO - Processing /home/airflow/.local/lib/python3.7/site-packages/airflow/example_dags/example_task_group.py took 0.054 seconds
[2023-05-13T06:25:43.636+0000] {processor.py:153} INFO - Started process (PID=498) to work on /home/airflow/.local/lib/python3.7/site-packages/airflow/example_dags/example_task_group.py
[2023-05-13T06:25:43.639+0000] {processor.py:743} INFO - Processing file /home/airflow/.local/lib/python3.7/site-packages/airflow/example_dags/example_task_group.py for tasks to queue
[2023-05-13T06:25:43.640+0000] {logging_mixin.py:137} INFO - [2023-05-13T06:25:43.640+0000] {dagbag.py:538} INFO - Filling up the DagBag from /home/airflow/.local/lib/python3.7/site-packages/airflow/example_dags/example_task_group.py
[2023-05-13T06:25:43.653+0000] {processor.py:753} INFO - DAG(s) dict_keys(['example_task_group']) retrieved from /home/airflow/.local/lib/python3.7/site-packages/airflow/example_dags/example_task_group.py
[2023-05-13T06:25:43.684+0000] {logging_mixin.py:137} INFO - [2023-05-13T06:25:43.684+0000] {dag.py:2690} INFO - Sync 1 DAGs
[2023-05-13T06:25:43.702+0000] {logging_mixin.py:137} INFO - [2023-05-13T06:25:43.702+0000] {dag.py:3441} INFO - Setting next_dagrun for example_task_group to 2023-05-12T06:25:43.701891+00:00, run_after=2023-05-13T06:25:43.701891+00:00
[2023-05-13T06:25:43.719+0000] {processor.py:175} INFO - Processing /home/airflow/.local/lib/python3.7/site-packages/airflow/example_dags/example_task_group.py took 0.086 seconds
[2023-05-13T06:26:14.693+0000] {processor.py:153} INFO - Started process (PID=562) to work on /home/airflow/.local/lib/python3.7/site-packages/airflow/example_dags/example_task_group.py
[2023-05-13T06:26:14.694+0000] {processor.py:743} INFO - Processing file /home/airflow/.local/lib/python3.7/site-packages/airflow/example_dags/example_task_group.py for tasks to queue
[2023-05-13T06:26:14.695+0000] {logging_mixin.py:137} INFO - [2023-05-13T06:26:14.695+0000] {dagbag.py:538} INFO - Filling up the DagBag from /home/airflow/.local/lib/python3.7/site-packages/airflow/example_dags/example_task_group.py
[2023-05-13T06:26:14.706+0000] {processor.py:753} INFO - DAG(s) dict_keys(['example_task_group']) retrieved from /home/airflow/.local/lib/python3.7/site-packages/airflow/example_dags/example_task_group.py
[2023-05-13T06:26:14.723+0000] {logging_mixin.py:137} INFO - [2023-05-13T06:26:14.723+0000] {dag.py:2690} INFO - Sync 1 DAGs
[2023-05-13T06:26:14.737+0000] {logging_mixin.py:137} INFO - [2023-05-13T06:26:14.737+0000] {dag.py:3441} INFO - Setting next_dagrun for example_task_group to 2023-05-12T06:26:14.736886+00:00, run_after=2023-05-13T06:26:14.736886+00:00
[2023-05-13T06:26:14.747+0000] {processor.py:175} INFO - Processing /home/airflow/.local/lib/python3.7/site-packages/airflow/example_dags/example_task_group.py took 0.057 seconds
[2023-05-13T06:26:45.567+0000] {processor.py:153} INFO - Started process (PID=637) to work on /home/airflow/.local/lib/python3.7/site-packages/airflow/example_dags/example_task_group.py
[2023-05-13T06:26:45.569+0000] {processor.py:743} INFO - Processing file /home/airflow/.local/lib/python3.7/site-packages/airflow/example_dags/example_task_group.py for tasks to queue
[2023-05-13T06:26:45.570+0000] {logging_mixin.py:137} INFO - [2023-05-13T06:26:45.570+0000] {dagbag.py:538} INFO - Filling up the DagBag from /home/airflow/.local/lib/python3.7/site-packages/airflow/example_dags/example_task_group.py
[2023-05-13T06:26:45.588+0000] {processor.py:753} INFO - DAG(s) dict_keys(['example_task_group']) retrieved from /home/airflow/.local/lib/python3.7/site-packages/airflow/example_dags/example_task_group.py
[2023-05-13T06:26:45.609+0000] {logging_mixin.py:137} INFO - [2023-05-13T06:26:45.609+0000] {dag.py:2690} INFO - Sync 1 DAGs
[2023-05-13T06:26:45.624+0000] {logging_mixin.py:137} INFO - [2023-05-13T06:26:45.624+0000] {dag.py:3441} INFO - Setting next_dagrun for example_task_group to 2023-05-12T06:26:45.623845+00:00, run_after=2023-05-13T06:26:45.623845+00:00
[2023-05-13T06:26:45.634+0000] {processor.py:175} INFO - Processing /home/airflow/.local/lib/python3.7/site-packages/airflow/example_dags/example_task_group.py took 0.070 seconds
[2023-05-13T06:27:15.805+0000] {processor.py:153} INFO - Started process (PID=712) to work on /home/airflow/.local/lib/python3.7/site-packages/airflow/example_dags/example_task_group.py
[2023-05-13T06:27:15.807+0000] {processor.py:743} INFO - Processing file /home/airflow/.local/lib/python3.7/site-packages/airflow/example_dags/example_task_group.py for tasks to queue
[2023-05-13T06:27:15.808+0000] {logging_mixin.py:137} INFO - [2023-05-13T06:27:15.808+0000] {dagbag.py:538} INFO - Filling up the DagBag from /home/airflow/.local/lib/python3.7/site-packages/airflow/example_dags/example_task_group.py
[2023-05-13T06:27:15.823+0000] {processor.py:753} INFO - DAG(s) dict_keys(['example_task_group']) retrieved from /home/airflow/.local/lib/python3.7/site-packages/airflow/example_dags/example_task_group.py
[2023-05-13T06:27:15.845+0000] {logging_mixin.py:137} INFO - [2023-05-13T06:27:15.845+0000] {dag.py:2690} INFO - Sync 1 DAGs
[2023-05-13T06:27:15.859+0000] {logging_mixin.py:137} INFO - [2023-05-13T06:27:15.859+0000] {dag.py:3441} INFO - Setting next_dagrun for example_task_group to 2023-05-12T06:27:15.859141+00:00, run_after=2023-05-13T06:27:15.859141+00:00
[2023-05-13T06:27:15.869+0000] {processor.py:175} INFO - Processing /home/airflow/.local/lib/python3.7/site-packages/airflow/example_dags/example_task_group.py took 0.069 seconds
[2023-05-13T06:27:46.803+0000] {processor.py:153} INFO - Started process (PID=785) to work on /home/airflow/.local/lib/python3.7/site-packages/airflow/example_dags/example_task_group.py
[2023-05-13T06:27:46.804+0000] {processor.py:743} INFO - Processing file /home/airflow/.local/lib/python3.7/site-packages/airflow/example_dags/example_task_group.py for tasks to queue
[2023-05-13T06:27:46.805+0000] {logging_mixin.py:137} INFO - [2023-05-13T06:27:46.805+0000] {dagbag.py:538} INFO - Filling up the DagBag from /home/airflow/.local/lib/python3.7/site-packages/airflow/example_dags/example_task_group.py
[2023-05-13T06:27:46.821+0000] {processor.py:753} INFO - DAG(s) dict_keys(['example_task_group']) retrieved from /home/airflow/.local/lib/python3.7/site-packages/airflow/example_dags/example_task_group.py
[2023-05-13T06:27:46.862+0000] {logging_mixin.py:137} INFO - [2023-05-13T06:27:46.862+0000] {dag.py:2690} INFO - Sync 1 DAGs
[2023-05-13T06:27:46.909+0000] {logging_mixin.py:137} INFO - [2023-05-13T06:27:46.909+0000] {dag.py:3441} INFO - Setting next_dagrun for example_task_group to 2023-05-12T06:27:46.908877+00:00, run_after=2023-05-13T06:27:46.908877+00:00
[2023-05-13T06:27:46.934+0000] {processor.py:175} INFO - Processing /home/airflow/.local/lib/python3.7/site-packages/airflow/example_dags/example_task_group.py took 0.134 seconds
[2023-05-13T06:28:16.998+0000] {processor.py:153} INFO - Started process (PID=850) to work on /home/airflow/.local/lib/python3.7/site-packages/airflow/example_dags/example_task_group.py
[2023-05-13T06:28:17.000+0000] {processor.py:743} INFO - Processing file /home/airflow/.local/lib/python3.7/site-packages/airflow/example_dags/example_task_group.py for tasks to queue
[2023-05-13T06:28:17.001+0000] {logging_mixin.py:137} INFO - [2023-05-13T06:28:17.001+0000] {dagbag.py:538} INFO - Filling up the DagBag from /home/airflow/.local/lib/python3.7/site-packages/airflow/example_dags/example_task_group.py
[2023-05-13T06:28:17.021+0000] {processor.py:753} INFO - DAG(s) dict_keys(['example_task_group']) retrieved from /home/airflow/.local/lib/python3.7/site-packages/airflow/example_dags/example_task_group.py
[2023-05-13T06:28:17.043+0000] {logging_mixin.py:137} INFO - [2023-05-13T06:28:17.043+0000] {dag.py:2690} INFO - Sync 1 DAGs
[2023-05-13T06:28:17.057+0000] {logging_mixin.py:137} INFO - [2023-05-13T06:28:17.057+0000] {dag.py:3441} INFO - Setting next_dagrun for example_task_group to 2023-05-12T06:28:17.057178+00:00, run_after=2023-05-13T06:28:17.057178+00:00
[2023-05-13T06:28:17.066+0000] {processor.py:175} INFO - Processing /home/airflow/.local/lib/python3.7/site-packages/airflow/example_dags/example_task_group.py took 0.074 seconds
[2023-05-13T06:28:47.093+0000] {processor.py:153} INFO - Started process (PID=925) to work on /home/airflow/.local/lib/python3.7/site-packages/airflow/example_dags/example_task_group.py
[2023-05-13T06:28:47.094+0000] {processor.py:743} INFO - Processing file /home/airflow/.local/lib/python3.7/site-packages/airflow/example_dags/example_task_group.py for tasks to queue
[2023-05-13T06:28:47.095+0000] {logging_mixin.py:137} INFO - [2023-05-13T06:28:47.095+0000] {dagbag.py:538} INFO - Filling up the DagBag from /home/airflow/.local/lib/python3.7/site-packages/airflow/example_dags/example_task_group.py
[2023-05-13T06:28:47.107+0000] {processor.py:753} INFO - DAG(s) dict_keys(['example_task_group']) retrieved from /home/airflow/.local/lib/python3.7/site-packages/airflow/example_dags/example_task_group.py
[2023-05-13T06:28:47.124+0000] {logging_mixin.py:137} INFO - [2023-05-13T06:28:47.124+0000] {dag.py:2690} INFO - Sync 1 DAGs
[2023-05-13T06:28:47.138+0000] {logging_mixin.py:137} INFO - [2023-05-13T06:28:47.138+0000] {dag.py:3441} INFO - Setting next_dagrun for example_task_group to 2023-05-12T06:28:47.138028+00:00, run_after=2023-05-13T06:28:47.138028+00:00
[2023-05-13T06:28:47.147+0000] {processor.py:175} INFO - Processing /home/airflow/.local/lib/python3.7/site-packages/airflow/example_dags/example_task_group.py took 0.057 seconds
[2023-05-13T06:29:17.299+0000] {processor.py:153} INFO - Started process (PID=1001) to work on /home/airflow/.local/lib/python3.7/site-packages/airflow/example_dags/example_task_group.py
[2023-05-13T06:29:17.300+0000] {processor.py:743} INFO - Processing file /home/airflow/.local/lib/python3.7/site-packages/airflow/example_dags/example_task_group.py for tasks to queue
[2023-05-13T06:29:17.301+0000] {logging_mixin.py:137} INFO - [2023-05-13T06:29:17.301+0000] {dagbag.py:538} INFO - Filling up the DagBag from /home/airflow/.local/lib/python3.7/site-packages/airflow/example_dags/example_task_group.py
[2023-05-13T06:29:17.312+0000] {processor.py:753} INFO - DAG(s) dict_keys(['example_task_group']) retrieved from /home/airflow/.local/lib/python3.7/site-packages/airflow/example_dags/example_task_group.py
[2023-05-13T06:29:17.341+0000] {logging_mixin.py:137} INFO - [2023-05-13T06:29:17.341+0000] {dag.py:2690} INFO - Sync 1 DAGs
[2023-05-13T06:29:17.357+0000] {logging_mixin.py:137} INFO - [2023-05-13T06:29:17.357+0000] {dag.py:3441} INFO - Setting next_dagrun for example_task_group to 2023-05-12T06:29:17.357234+00:00, run_after=2023-05-13T06:29:17.357234+00:00
[2023-05-13T06:29:17.369+0000] {processor.py:175} INFO - Processing /home/airflow/.local/lib/python3.7/site-packages/airflow/example_dags/example_task_group.py took 0.073 seconds
[2023-05-13T06:29:47.421+0000] {processor.py:153} INFO - Started process (PID=1064) to work on /home/airflow/.local/lib/python3.7/site-packages/airflow/example_dags/example_task_group.py
[2023-05-13T06:29:47.422+0000] {processor.py:743} INFO - Processing file /home/airflow/.local/lib/python3.7/site-packages/airflow/example_dags/example_task_group.py for tasks to queue
[2023-05-13T06:29:47.422+0000] {logging_mixin.py:137} INFO - [2023-05-13T06:29:47.422+0000] {dagbag.py:538} INFO - Filling up the DagBag from /home/airflow/.local/lib/python3.7/site-packages/airflow/example_dags/example_task_group.py
[2023-05-13T06:29:47.432+0000] {processor.py:753} INFO - DAG(s) dict_keys(['example_task_group']) retrieved from /home/airflow/.local/lib/python3.7/site-packages/airflow/example_dags/example_task_group.py
[2023-05-13T06:29:47.450+0000] {logging_mixin.py:137} INFO - [2023-05-13T06:29:47.450+0000] {dag.py:2690} INFO - Sync 1 DAGs
[2023-05-13T06:29:47.463+0000] {logging_mixin.py:137} INFO - [2023-05-13T06:29:47.463+0000] {dag.py:3441} INFO - Setting next_dagrun for example_task_group to 2023-05-12T06:29:47.463498+00:00, run_after=2023-05-13T06:29:47.463498+00:00
[2023-05-13T06:29:47.473+0000] {processor.py:175} INFO - Processing /home/airflow/.local/lib/python3.7/site-packages/airflow/example_dags/example_task_group.py took 0.054 seconds
[2023-05-13T06:30:17.649+0000] {processor.py:153} INFO - Started process (PID=1139) to work on /home/airflow/.local/lib/python3.7/site-packages/airflow/example_dags/example_task_group.py
[2023-05-13T06:30:17.650+0000] {processor.py:743} INFO - Processing file /home/airflow/.local/lib/python3.7/site-packages/airflow/example_dags/example_task_group.py for tasks to queue
[2023-05-13T06:30:17.651+0000] {logging_mixin.py:137} INFO - [2023-05-13T06:30:17.651+0000] {dagbag.py:538} INFO - Filling up the DagBag from /home/airflow/.local/lib/python3.7/site-packages/airflow/example_dags/example_task_group.py
[2023-05-13T06:30:17.659+0000] {processor.py:753} INFO - DAG(s) dict_keys(['example_task_group']) retrieved from /home/airflow/.local/lib/python3.7/site-packages/airflow/example_dags/example_task_group.py
[2023-05-13T06:30:17.677+0000] {logging_mixin.py:137} INFO - [2023-05-13T06:30:17.677+0000] {dag.py:2690} INFO - Sync 1 DAGs
[2023-05-13T06:30:17.691+0000] {logging_mixin.py:137} INFO - [2023-05-13T06:30:17.691+0000] {dag.py:3441} INFO - Setting next_dagrun for example_task_group to 2023-05-12T06:30:17.690842+00:00, run_after=2023-05-13T06:30:17.690842+00:00
[2023-05-13T06:30:17.700+0000] {processor.py:175} INFO - Processing /home/airflow/.local/lib/python3.7/site-packages/airflow/example_dags/example_task_group.py took 0.053 seconds
[2023-05-13T06:30:47.743+0000] {processor.py:153} INFO - Started process (PID=1213) to work on /home/airflow/.local/lib/python3.7/site-packages/airflow/example_dags/example_task_group.py
[2023-05-13T06:30:47.744+0000] {processor.py:743} INFO - Processing file /home/airflow/.local/lib/python3.7/site-packages/airflow/example_dags/example_task_group.py for tasks to queue
[2023-05-13T06:30:47.744+0000] {logging_mixin.py:137} INFO - [2023-05-13T06:30:47.744+0000] {dagbag.py:538} INFO - Filling up the DagBag from /home/airflow/.local/lib/python3.7/site-packages/airflow/example_dags/example_task_group.py
[2023-05-13T06:30:47.754+0000] {processor.py:753} INFO - DAG(s) dict_keys(['example_task_group']) retrieved from /home/airflow/.local/lib/python3.7/site-packages/airflow/example_dags/example_task_group.py
[2023-05-13T06:30:47.774+0000] {logging_mixin.py:137} INFO - [2023-05-13T06:30:47.774+0000] {dag.py:2690} INFO - Sync 1 DAGs
[2023-05-13T06:30:47.787+0000] {logging_mixin.py:137} INFO - [2023-05-13T06:30:47.787+0000] {dag.py:3441} INFO - Setting next_dagrun for example_task_group to 2023-05-12T06:30:47.787592+00:00, run_after=2023-05-13T06:30:47.787592+00:00
[2023-05-13T06:30:47.797+0000] {processor.py:175} INFO - Processing /home/airflow/.local/lib/python3.7/site-packages/airflow/example_dags/example_task_group.py took 0.056 seconds
[2023-05-13T06:31:18.843+0000] {processor.py:153} INFO - Started process (PID=1277) to work on /home/airflow/.local/lib/python3.7/site-packages/airflow/example_dags/example_task_group.py
[2023-05-13T06:31:18.844+0000] {processor.py:743} INFO - Processing file /home/airflow/.local/lib/python3.7/site-packages/airflow/example_dags/example_task_group.py for tasks to queue
[2023-05-13T06:31:18.845+0000] {logging_mixin.py:137} INFO - [2023-05-13T06:31:18.844+0000] {dagbag.py:538} INFO - Filling up the DagBag from /home/airflow/.local/lib/python3.7/site-packages/airflow/example_dags/example_task_group.py
[2023-05-13T06:31:18.854+0000] {processor.py:753} INFO - DAG(s) dict_keys(['example_task_group']) retrieved from /home/airflow/.local/lib/python3.7/site-packages/airflow/example_dags/example_task_group.py
[2023-05-13T06:31:18.871+0000] {logging_mixin.py:137} INFO - [2023-05-13T06:31:18.871+0000] {dag.py:2690} INFO - Sync 1 DAGs
[2023-05-13T06:31:18.885+0000] {logging_mixin.py:137} INFO - [2023-05-13T06:31:18.885+0000] {dag.py:3441} INFO - Setting next_dagrun for example_task_group to 2023-05-12T06:31:18.885356+00:00, run_after=2023-05-13T06:31:18.885356+00:00
[2023-05-13T06:31:18.895+0000] {processor.py:175} INFO - Processing /home/airflow/.local/lib/python3.7/site-packages/airflow/example_dags/example_task_group.py took 0.054 seconds
[2023-05-13T06:31:49.002+0000] {processor.py:153} INFO - Started process (PID=1351) to work on /home/airflow/.local/lib/python3.7/site-packages/airflow/example_dags/example_task_group.py
[2023-05-13T06:31:49.003+0000] {processor.py:743} INFO - Processing file /home/airflow/.local/lib/python3.7/site-packages/airflow/example_dags/example_task_group.py for tasks to queue
[2023-05-13T06:31:49.004+0000] {logging_mixin.py:137} INFO - [2023-05-13T06:31:49.004+0000] {dagbag.py:538} INFO - Filling up the DagBag from /home/airflow/.local/lib/python3.7/site-packages/airflow/example_dags/example_task_group.py
[2023-05-13T06:31:49.013+0000] {processor.py:753} INFO - DAG(s) dict_keys(['example_task_group']) retrieved from /home/airflow/.local/lib/python3.7/site-packages/airflow/example_dags/example_task_group.py
[2023-05-13T06:31:49.031+0000] {logging_mixin.py:137} INFO - [2023-05-13T06:31:49.031+0000] {dag.py:2690} INFO - Sync 1 DAGs
[2023-05-13T06:31:49.044+0000] {logging_mixin.py:137} INFO - [2023-05-13T06:31:49.044+0000] {dag.py:3441} INFO - Setting next_dagrun for example_task_group to 2023-05-12T06:31:49.044545+00:00, run_after=2023-05-13T06:31:49.044545+00:00
[2023-05-13T06:31:49.055+0000] {processor.py:175} INFO - Processing /home/airflow/.local/lib/python3.7/site-packages/airflow/example_dags/example_task_group.py took 0.055 seconds
[2023-05-13T06:32:20.080+0000] {processor.py:153} INFO - Started process (PID=1426) to work on /home/airflow/.local/lib/python3.7/site-packages/airflow/example_dags/example_task_group.py
[2023-05-13T06:32:20.081+0000] {processor.py:743} INFO - Processing file /home/airflow/.local/lib/python3.7/site-packages/airflow/example_dags/example_task_group.py for tasks to queue
[2023-05-13T06:32:20.082+0000] {logging_mixin.py:137} INFO - [2023-05-13T06:32:20.082+0000] {dagbag.py:538} INFO - Filling up the DagBag from /home/airflow/.local/lib/python3.7/site-packages/airflow/example_dags/example_task_group.py
[2023-05-13T06:32:20.091+0000] {processor.py:753} INFO - DAG(s) dict_keys(['example_task_group']) retrieved from /home/airflow/.local/lib/python3.7/site-packages/airflow/example_dags/example_task_group.py
[2023-05-13T06:32:20.109+0000] {logging_mixin.py:137} INFO - [2023-05-13T06:32:20.109+0000] {dag.py:2690} INFO - Sync 1 DAGs
[2023-05-13T06:32:20.123+0000] {logging_mixin.py:137} INFO - [2023-05-13T06:32:20.123+0000] {dag.py:3441} INFO - Setting next_dagrun for example_task_group to 2023-05-12T06:32:20.122900+00:00, run_after=2023-05-13T06:32:20.122900+00:00
[2023-05-13T06:32:20.132+0000] {processor.py:175} INFO - Processing /home/airflow/.local/lib/python3.7/site-packages/airflow/example_dags/example_task_group.py took 0.055 seconds
[2023-05-13T06:32:50.443+0000] {processor.py:153} INFO - Started process (PID=1502) to work on /home/airflow/.local/lib/python3.7/site-packages/airflow/example_dags/example_task_group.py
[2023-05-13T06:32:50.445+0000] {processor.py:743} INFO - Processing file /home/airflow/.local/lib/python3.7/site-packages/airflow/example_dags/example_task_group.py for tasks to queue
[2023-05-13T06:32:50.446+0000] {logging_mixin.py:137} INFO - [2023-05-13T06:32:50.446+0000] {dagbag.py:538} INFO - Filling up the DagBag from /home/airflow/.local/lib/python3.7/site-packages/airflow/example_dags/example_task_group.py
[2023-05-13T06:32:50.461+0000] {processor.py:753} INFO - DAG(s) dict_keys(['example_task_group']) retrieved from /home/airflow/.local/lib/python3.7/site-packages/airflow/example_dags/example_task_group.py
[2023-05-13T06:32:50.491+0000] {logging_mixin.py:137} INFO - [2023-05-13T06:32:50.491+0000] {dag.py:2690} INFO - Sync 1 DAGs
[2023-05-13T06:32:50.518+0000] {logging_mixin.py:137} INFO - [2023-05-13T06:32:50.518+0000] {dag.py:3441} INFO - Setting next_dagrun for example_task_group to 2023-05-12T06:32:50.517481+00:00, run_after=2023-05-13T06:32:50.517481+00:00
[2023-05-13T06:32:50.544+0000] {processor.py:175} INFO - Processing /home/airflow/.local/lib/python3.7/site-packages/airflow/example_dags/example_task_group.py took 0.106 seconds
[2023-05-13T06:33:20.580+0000] {processor.py:153} INFO - Started process (PID=1565) to work on /home/airflow/.local/lib/python3.7/site-packages/airflow/example_dags/example_task_group.py
[2023-05-13T06:33:20.581+0000] {processor.py:743} INFO - Processing file /home/airflow/.local/lib/python3.7/site-packages/airflow/example_dags/example_task_group.py for tasks to queue
[2023-05-13T06:33:20.581+0000] {logging_mixin.py:137} INFO - [2023-05-13T06:33:20.581+0000] {dagbag.py:538} INFO - Filling up the DagBag from /home/airflow/.local/lib/python3.7/site-packages/airflow/example_dags/example_task_group.py
[2023-05-13T06:33:20.590+0000] {processor.py:753} INFO - DAG(s) dict_keys(['example_task_group']) retrieved from /home/airflow/.local/lib/python3.7/site-packages/airflow/example_dags/example_task_group.py
[2023-05-13T06:33:20.608+0000] {logging_mixin.py:137} INFO - [2023-05-13T06:33:20.608+0000] {dag.py:2690} INFO - Sync 1 DAGs
[2023-05-13T06:33:20.623+0000] {logging_mixin.py:137} INFO - [2023-05-13T06:33:20.623+0000] {dag.py:3441} INFO - Setting next_dagrun for example_task_group to 2023-05-12T06:33:20.623132+00:00, run_after=2023-05-13T06:33:20.623132+00:00
[2023-05-13T06:33:20.634+0000] {processor.py:175} INFO - Processing /home/airflow/.local/lib/python3.7/site-packages/airflow/example_dags/example_task_group.py took 0.058 seconds
[2023-05-13T06:33:51.652+0000] {processor.py:153} INFO - Started process (PID=1639) to work on /home/airflow/.local/lib/python3.7/site-packages/airflow/example_dags/example_task_group.py
[2023-05-13T06:33:51.653+0000] {processor.py:743} INFO - Processing file /home/airflow/.local/lib/python3.7/site-packages/airflow/example_dags/example_task_group.py for tasks to queue
[2023-05-13T06:33:51.654+0000] {logging_mixin.py:137} INFO - [2023-05-13T06:33:51.654+0000] {dagbag.py:538} INFO - Filling up the DagBag from /home/airflow/.local/lib/python3.7/site-packages/airflow/example_dags/example_task_group.py
[2023-05-13T06:33:51.663+0000] {processor.py:753} INFO - DAG(s) dict_keys(['example_task_group']) retrieved from /home/airflow/.local/lib/python3.7/site-packages/airflow/example_dags/example_task_group.py
[2023-05-13T06:33:51.679+0000] {logging_mixin.py:137} INFO - [2023-05-13T06:33:51.679+0000] {dag.py:2690} INFO - Sync 1 DAGs
[2023-05-13T06:33:51.693+0000] {logging_mixin.py:137} INFO - [2023-05-13T06:33:51.693+0000] {dag.py:3441} INFO - Setting next_dagrun for example_task_group to 2023-05-12T06:33:51.693434+00:00, run_after=2023-05-13T06:33:51.693434+00:00
[2023-05-13T06:33:51.703+0000] {processor.py:175} INFO - Processing /home/airflow/.local/lib/python3.7/site-packages/airflow/example_dags/example_task_group.py took 0.053 seconds
[2023-05-13T06:34:21.826+0000] {processor.py:153} INFO - Started process (PID=1715) to work on /home/airflow/.local/lib/python3.7/site-packages/airflow/example_dags/example_task_group.py
[2023-05-13T06:34:21.826+0000] {processor.py:743} INFO - Processing file /home/airflow/.local/lib/python3.7/site-packages/airflow/example_dags/example_task_group.py for tasks to queue
[2023-05-13T06:34:21.827+0000] {logging_mixin.py:137} INFO - [2023-05-13T06:34:21.827+0000] {dagbag.py:538} INFO - Filling up the DagBag from /home/airflow/.local/lib/python3.7/site-packages/airflow/example_dags/example_task_group.py
[2023-05-13T06:34:21.836+0000] {processor.py:753} INFO - DAG(s) dict_keys(['example_task_group']) retrieved from /home/airflow/.local/lib/python3.7/site-packages/airflow/example_dags/example_task_group.py
[2023-05-13T06:34:21.853+0000] {logging_mixin.py:137} INFO - [2023-05-13T06:34:21.852+0000] {dag.py:2690} INFO - Sync 1 DAGs
[2023-05-13T06:34:21.866+0000] {logging_mixin.py:137} INFO - [2023-05-13T06:34:21.866+0000] {dag.py:3441} INFO - Setting next_dagrun for example_task_group to 2023-05-12T06:34:21.866447+00:00, run_after=2023-05-13T06:34:21.866447+00:00
[2023-05-13T06:34:21.876+0000] {processor.py:175} INFO - Processing /home/airflow/.local/lib/python3.7/site-packages/airflow/example_dags/example_task_group.py took 0.052 seconds
[2023-05-13T06:34:52.753+0000] {processor.py:153} INFO - Started process (PID=1778) to work on /home/airflow/.local/lib/python3.7/site-packages/airflow/example_dags/example_task_group.py
[2023-05-13T06:34:52.754+0000] {processor.py:743} INFO - Processing file /home/airflow/.local/lib/python3.7/site-packages/airflow/example_dags/example_task_group.py for tasks to queue
[2023-05-13T06:34:52.755+0000] {logging_mixin.py:137} INFO - [2023-05-13T06:34:52.755+0000] {dagbag.py:538} INFO - Filling up the DagBag from /home/airflow/.local/lib/python3.7/site-packages/airflow/example_dags/example_task_group.py
[2023-05-13T06:34:52.766+0000] {processor.py:753} INFO - DAG(s) dict_keys(['example_task_group']) retrieved from /home/airflow/.local/lib/python3.7/site-packages/airflow/example_dags/example_task_group.py
[2023-05-13T06:34:52.783+0000] {logging_mixin.py:137} INFO - [2023-05-13T06:34:52.783+0000] {dag.py:2690} INFO - Sync 1 DAGs
[2023-05-13T06:34:52.796+0000] {logging_mixin.py:137} INFO - [2023-05-13T06:34:52.796+0000] {dag.py:3441} INFO - Setting next_dagrun for example_task_group to 2023-05-12T06:34:52.796558+00:00, run_after=2023-05-13T06:34:52.796558+00:00
[2023-05-13T06:34:52.807+0000] {processor.py:175} INFO - Processing /home/airflow/.local/lib/python3.7/site-packages/airflow/example_dags/example_task_group.py took 0.055 seconds
[2023-05-13T06:35:22.867+0000] {processor.py:153} INFO - Started process (PID=1852) to work on /home/airflow/.local/lib/python3.7/site-packages/airflow/example_dags/example_task_group.py
[2023-05-13T06:35:22.868+0000] {processor.py:743} INFO - Processing file /home/airflow/.local/lib/python3.7/site-packages/airflow/example_dags/example_task_group.py for tasks to queue
[2023-05-13T06:35:22.868+0000] {logging_mixin.py:137} INFO - [2023-05-13T06:35:22.868+0000] {dagbag.py:538} INFO - Filling up the DagBag from /home/airflow/.local/lib/python3.7/site-packages/airflow/example_dags/example_task_group.py
[2023-05-13T06:35:22.877+0000] {processor.py:753} INFO - DAG(s) dict_keys(['example_task_group']) retrieved from /home/airflow/.local/lib/python3.7/site-packages/airflow/example_dags/example_task_group.py
[2023-05-13T06:35:22.894+0000] {logging_mixin.py:137} INFO - [2023-05-13T06:35:22.894+0000] {dag.py:2690} INFO - Sync 1 DAGs
[2023-05-13T06:35:22.907+0000] {logging_mixin.py:137} INFO - [2023-05-13T06:35:22.907+0000] {dag.py:3441} INFO - Setting next_dagrun for example_task_group to 2023-05-12T06:35:22.906895+00:00, run_after=2023-05-13T06:35:22.906895+00:00
[2023-05-13T06:35:22.916+0000] {processor.py:175} INFO - Processing /home/airflow/.local/lib/python3.7/site-packages/airflow/example_dags/example_task_group.py took 0.051 seconds
[2023-05-13T06:35:52.944+0000] {processor.py:153} INFO - Started process (PID=1927) to work on /home/airflow/.local/lib/python3.7/site-packages/airflow/example_dags/example_task_group.py
[2023-05-13T06:35:52.945+0000] {processor.py:743} INFO - Processing file /home/airflow/.local/lib/python3.7/site-packages/airflow/example_dags/example_task_group.py for tasks to queue
[2023-05-13T06:35:52.946+0000] {logging_mixin.py:137} INFO - [2023-05-13T06:35:52.946+0000] {dagbag.py:538} INFO - Filling up the DagBag from /home/airflow/.local/lib/python3.7/site-packages/airflow/example_dags/example_task_group.py
[2023-05-13T06:35:52.955+0000] {processor.py:753} INFO - DAG(s) dict_keys(['example_task_group']) retrieved from /home/airflow/.local/lib/python3.7/site-packages/airflow/example_dags/example_task_group.py
[2023-05-13T06:35:52.972+0000] {logging_mixin.py:137} INFO - [2023-05-13T06:35:52.972+0000] {dag.py:2690} INFO - Sync 1 DAGs
[2023-05-13T06:35:52.986+0000] {logging_mixin.py:137} INFO - [2023-05-13T06:35:52.986+0000] {dag.py:3441} INFO - Setting next_dagrun for example_task_group to 2023-05-12T06:35:52.985951+00:00, run_after=2023-05-13T06:35:52.985951+00:00
[2023-05-13T06:35:52.995+0000] {processor.py:175} INFO - Processing /home/airflow/.local/lib/python3.7/site-packages/airflow/example_dags/example_task_group.py took 0.054 seconds
[2023-05-13T06:36:24.043+0000] {processor.py:153} INFO - Started process (PID=2001) to work on /home/airflow/.local/lib/python3.7/site-packages/airflow/example_dags/example_task_group.py
[2023-05-13T06:36:24.044+0000] {processor.py:743} INFO - Processing file /home/airflow/.local/lib/python3.7/site-packages/airflow/example_dags/example_task_group.py for tasks to queue
[2023-05-13T06:36:24.045+0000] {logging_mixin.py:137} INFO - [2023-05-13T06:36:24.045+0000] {dagbag.py:538} INFO - Filling up the DagBag from /home/airflow/.local/lib/python3.7/site-packages/airflow/example_dags/example_task_group.py
[2023-05-13T06:36:24.057+0000] {processor.py:753} INFO - DAG(s) dict_keys(['example_task_group']) retrieved from /home/airflow/.local/lib/python3.7/site-packages/airflow/example_dags/example_task_group.py
[2023-05-13T06:36:24.097+0000] {logging_mixin.py:137} INFO - [2023-05-13T06:36:24.097+0000] {dag.py:2690} INFO - Sync 1 DAGs
[2023-05-13T06:36:24.113+0000] {logging_mixin.py:137} INFO - [2023-05-13T06:36:24.113+0000] {dag.py:3441} INFO - Setting next_dagrun for example_task_group to 2023-05-12T06:36:24.112957+00:00, run_after=2023-05-13T06:36:24.112957+00:00
[2023-05-13T06:36:24.133+0000] {processor.py:175} INFO - Processing /home/airflow/.local/lib/python3.7/site-packages/airflow/example_dags/example_task_group.py took 0.093 seconds
[2023-05-13T06:42:13.495+0000] {processor.py:153} INFO - Started process (PID=2734) to work on /home/airflow/.local/lib/python3.7/site-packages/airflow/example_dags/example_task_group.py
[2023-05-13T06:42:13.496+0000] {processor.py:743} INFO - Processing file /home/airflow/.local/lib/python3.7/site-packages/airflow/example_dags/example_task_group.py for tasks to queue
[2023-05-13T06:42:13.497+0000] {logging_mixin.py:137} INFO - [2023-05-13T06:42:13.497+0000] {dagbag.py:538} INFO - Filling up the DagBag from /home/airflow/.local/lib/python3.7/site-packages/airflow/example_dags/example_task_group.py
[2023-05-13T06:42:13.506+0000] {processor.py:753} INFO - DAG(s) dict_keys(['example_task_group']) retrieved from /home/airflow/.local/lib/python3.7/site-packages/airflow/example_dags/example_task_group.py
[2023-05-13T06:42:13.543+0000] {logging_mixin.py:137} INFO - [2023-05-13T06:42:13.543+0000] {dag.py:2690} INFO - Sync 1 DAGs
[2023-05-13T06:42:13.554+0000] {logging_mixin.py:137} INFO - [2023-05-13T06:42:13.554+0000] {dag.py:3441} INFO - Setting next_dagrun for example_task_group to 2023-05-12T06:42:13.554637+00:00, run_after=2023-05-13T06:42:13.554637+00:00
[2023-05-13T06:42:13.565+0000] {processor.py:175} INFO - Processing /home/airflow/.local/lib/python3.7/site-packages/airflow/example_dags/example_task_group.py took 0.072 seconds
