[2023-05-13T06:22:37.305+0000] {processor.py:153} INFO - Started process (PID=41) to work on /home/airflow/.local/lib/python3.7/site-packages/airflow/example_dags/example_branch_python_dop_operator_3.py
[2023-05-13T06:22:37.306+0000] {processor.py:743} INFO - Processing file /home/airflow/.local/lib/python3.7/site-packages/airflow/example_dags/example_branch_python_dop_operator_3.py for tasks to queue
[2023-05-13T06:22:37.307+0000] {logging_mixin.py:137} INFO - [2023-05-13T06:22:37.307+0000] {dagbag.py:538} INFO - Filling up the DagBag from /home/airflow/.local/lib/python3.7/site-packages/airflow/example_dags/example_branch_python_dop_operator_3.py
[2023-05-13T06:22:37.325+0000] {processor.py:753} INFO - DAG(s) dict_keys(['example_branch_dop_operator_v3']) retrieved from /home/airflow/.local/lib/python3.7/site-packages/airflow/example_dags/example_branch_python_dop_operator_3.py
[2023-05-13T06:22:37.346+0000] {logging_mixin.py:137} INFO - [2023-05-13T06:22:37.346+0000] {dag.py:2690} INFO - Sync 1 DAGs
[2023-05-13T06:22:37.365+0000] {logging_mixin.py:137} INFO - [2023-05-13T06:22:37.365+0000] {dag.py:3441} INFO - Setting next_dagrun for example_branch_dop_operator_v3 to 2023-05-13T06:21:00+00:00, run_after=2023-05-13T06:22:00+00:00
[2023-05-13T06:22:37.384+0000] {processor.py:175} INFO - Processing /home/airflow/.local/lib/python3.7/site-packages/airflow/example_dags/example_branch_python_dop_operator_3.py took 0.082 seconds
[2023-05-13T06:23:07.467+0000] {processor.py:153} INFO - Started process (PID=116) to work on /home/airflow/.local/lib/python3.7/site-packages/airflow/example_dags/example_branch_python_dop_operator_3.py
[2023-05-13T06:23:07.468+0000] {processor.py:743} INFO - Processing file /home/airflow/.local/lib/python3.7/site-packages/airflow/example_dags/example_branch_python_dop_operator_3.py for tasks to queue
[2023-05-13T06:23:07.468+0000] {logging_mixin.py:137} INFO - [2023-05-13T06:23:07.468+0000] {dagbag.py:538} INFO - Filling up the DagBag from /home/airflow/.local/lib/python3.7/site-packages/airflow/example_dags/example_branch_python_dop_operator_3.py
[2023-05-13T06:23:07.482+0000] {processor.py:753} INFO - DAG(s) dict_keys(['example_branch_dop_operator_v3']) retrieved from /home/airflow/.local/lib/python3.7/site-packages/airflow/example_dags/example_branch_python_dop_operator_3.py
[2023-05-13T06:23:07.499+0000] {logging_mixin.py:137} INFO - [2023-05-13T06:23:07.499+0000] {dag.py:2690} INFO - Sync 1 DAGs
[2023-05-13T06:23:07.514+0000] {logging_mixin.py:137} INFO - [2023-05-13T06:23:07.514+0000] {dag.py:3441} INFO - Setting next_dagrun for example_branch_dop_operator_v3 to 2023-05-13T06:22:00+00:00, run_after=2023-05-13T06:23:00+00:00
[2023-05-13T06:23:07.522+0000] {processor.py:175} INFO - Processing /home/airflow/.local/lib/python3.7/site-packages/airflow/example_dags/example_branch_python_dop_operator_3.py took 0.058 seconds
[2023-05-13T06:23:38.276+0000] {processor.py:153} INFO - Started process (PID=179) to work on /home/airflow/.local/lib/python3.7/site-packages/airflow/example_dags/example_branch_python_dop_operator_3.py
[2023-05-13T06:23:38.276+0000] {processor.py:743} INFO - Processing file /home/airflow/.local/lib/python3.7/site-packages/airflow/example_dags/example_branch_python_dop_operator_3.py for tasks to queue
[2023-05-13T06:23:38.277+0000] {logging_mixin.py:137} INFO - [2023-05-13T06:23:38.277+0000] {dagbag.py:538} INFO - Filling up the DagBag from /home/airflow/.local/lib/python3.7/site-packages/airflow/example_dags/example_branch_python_dop_operator_3.py
[2023-05-13T06:23:38.290+0000] {processor.py:753} INFO - DAG(s) dict_keys(['example_branch_dop_operator_v3']) retrieved from /home/airflow/.local/lib/python3.7/site-packages/airflow/example_dags/example_branch_python_dop_operator_3.py
[2023-05-13T06:23:38.307+0000] {logging_mixin.py:137} INFO - [2023-05-13T06:23:38.307+0000] {dag.py:2690} INFO - Sync 1 DAGs
[2023-05-13T06:23:38.322+0000] {logging_mixin.py:137} INFO - [2023-05-13T06:23:38.322+0000] {dag.py:3441} INFO - Setting next_dagrun for example_branch_dop_operator_v3 to 2023-05-13T06:22:00+00:00, run_after=2023-05-13T06:23:00+00:00
[2023-05-13T06:23:38.332+0000] {processor.py:175} INFO - Processing /home/airflow/.local/lib/python3.7/site-packages/airflow/example_dags/example_branch_python_dop_operator_3.py took 0.058 seconds
[2023-05-13T06:24:09.224+0000] {processor.py:153} INFO - Started process (PID=255) to work on /home/airflow/.local/lib/python3.7/site-packages/airflow/example_dags/example_branch_python_dop_operator_3.py
[2023-05-13T06:24:09.225+0000] {processor.py:743} INFO - Processing file /home/airflow/.local/lib/python3.7/site-packages/airflow/example_dags/example_branch_python_dop_operator_3.py for tasks to queue
[2023-05-13T06:24:09.226+0000] {logging_mixin.py:137} INFO - [2023-05-13T06:24:09.226+0000] {dagbag.py:538} INFO - Filling up the DagBag from /home/airflow/.local/lib/python3.7/site-packages/airflow/example_dags/example_branch_python_dop_operator_3.py
[2023-05-13T06:24:09.239+0000] {processor.py:753} INFO - DAG(s) dict_keys(['example_branch_dop_operator_v3']) retrieved from /home/airflow/.local/lib/python3.7/site-packages/airflow/example_dags/example_branch_python_dop_operator_3.py
[2023-05-13T06:24:09.256+0000] {logging_mixin.py:137} INFO - [2023-05-13T06:24:09.256+0000] {dag.py:2690} INFO - Sync 1 DAGs
[2023-05-13T06:24:09.272+0000] {logging_mixin.py:137} INFO - [2023-05-13T06:24:09.272+0000] {dag.py:3441} INFO - Setting next_dagrun for example_branch_dop_operator_v3 to 2023-05-13T06:23:00+00:00, run_after=2023-05-13T06:24:00+00:00
[2023-05-13T06:24:09.282+0000] {processor.py:175} INFO - Processing /home/airflow/.local/lib/python3.7/site-packages/airflow/example_dags/example_branch_python_dop_operator_3.py took 0.060 seconds
[2023-05-13T06:24:40.077+0000] {processor.py:153} INFO - Started process (PID=330) to work on /home/airflow/.local/lib/python3.7/site-packages/airflow/example_dags/example_branch_python_dop_operator_3.py
[2023-05-13T06:24:40.077+0000] {processor.py:743} INFO - Processing file /home/airflow/.local/lib/python3.7/site-packages/airflow/example_dags/example_branch_python_dop_operator_3.py for tasks to queue
[2023-05-13T06:24:40.078+0000] {logging_mixin.py:137} INFO - [2023-05-13T06:24:40.078+0000] {dagbag.py:538} INFO - Filling up the DagBag from /home/airflow/.local/lib/python3.7/site-packages/airflow/example_dags/example_branch_python_dop_operator_3.py
[2023-05-13T06:24:40.091+0000] {processor.py:753} INFO - DAG(s) dict_keys(['example_branch_dop_operator_v3']) retrieved from /home/airflow/.local/lib/python3.7/site-packages/airflow/example_dags/example_branch_python_dop_operator_3.py
[2023-05-13T06:24:40.108+0000] {logging_mixin.py:137} INFO - [2023-05-13T06:24:40.108+0000] {dag.py:2690} INFO - Sync 1 DAGs
[2023-05-13T06:24:40.124+0000] {logging_mixin.py:137} INFO - [2023-05-13T06:24:40.124+0000] {dag.py:3441} INFO - Setting next_dagrun for example_branch_dop_operator_v3 to 2023-05-13T06:23:00+00:00, run_after=2023-05-13T06:24:00+00:00
[2023-05-13T06:24:40.133+0000] {processor.py:175} INFO - Processing /home/airflow/.local/lib/python3.7/site-packages/airflow/example_dags/example_branch_python_dop_operator_3.py took 0.058 seconds
[2023-05-13T06:25:10.832+0000] {processor.py:153} INFO - Started process (PID=404) to work on /home/airflow/.local/lib/python3.7/site-packages/airflow/example_dags/example_branch_python_dop_operator_3.py
[2023-05-13T06:25:10.833+0000] {processor.py:743} INFO - Processing file /home/airflow/.local/lib/python3.7/site-packages/airflow/example_dags/example_branch_python_dop_operator_3.py for tasks to queue
[2023-05-13T06:25:10.834+0000] {logging_mixin.py:137} INFO - [2023-05-13T06:25:10.834+0000] {dagbag.py:538} INFO - Filling up the DagBag from /home/airflow/.local/lib/python3.7/site-packages/airflow/example_dags/example_branch_python_dop_operator_3.py
[2023-05-13T06:25:10.847+0000] {processor.py:753} INFO - DAG(s) dict_keys(['example_branch_dop_operator_v3']) retrieved from /home/airflow/.local/lib/python3.7/site-packages/airflow/example_dags/example_branch_python_dop_operator_3.py
[2023-05-13T06:25:10.864+0000] {logging_mixin.py:137} INFO - [2023-05-13T06:25:10.864+0000] {dag.py:2690} INFO - Sync 1 DAGs
[2023-05-13T06:25:10.880+0000] {logging_mixin.py:137} INFO - [2023-05-13T06:25:10.880+0000] {dag.py:3441} INFO - Setting next_dagrun for example_branch_dop_operator_v3 to 2023-05-13T06:24:00+00:00, run_after=2023-05-13T06:25:00+00:00
[2023-05-13T06:25:10.889+0000] {processor.py:175} INFO - Processing /home/airflow/.local/lib/python3.7/site-packages/airflow/example_dags/example_branch_python_dop_operator_3.py took 0.059 seconds
[2023-05-13T06:25:41.627+0000] {processor.py:153} INFO - Started process (PID=467) to work on /home/airflow/.local/lib/python3.7/site-packages/airflow/example_dags/example_branch_python_dop_operator_3.py
[2023-05-13T06:25:41.627+0000] {processor.py:743} INFO - Processing file /home/airflow/.local/lib/python3.7/site-packages/airflow/example_dags/example_branch_python_dop_operator_3.py for tasks to queue
[2023-05-13T06:25:41.628+0000] {logging_mixin.py:137} INFO - [2023-05-13T06:25:41.628+0000] {dagbag.py:538} INFO - Filling up the DagBag from /home/airflow/.local/lib/python3.7/site-packages/airflow/example_dags/example_branch_python_dop_operator_3.py
[2023-05-13T06:25:41.642+0000] {processor.py:753} INFO - DAG(s) dict_keys(['example_branch_dop_operator_v3']) retrieved from /home/airflow/.local/lib/python3.7/site-packages/airflow/example_dags/example_branch_python_dop_operator_3.py
[2023-05-13T06:25:41.659+0000] {logging_mixin.py:137} INFO - [2023-05-13T06:25:41.659+0000] {dag.py:2690} INFO - Sync 1 DAGs
[2023-05-13T06:25:41.675+0000] {logging_mixin.py:137} INFO - [2023-05-13T06:25:41.675+0000] {dag.py:3441} INFO - Setting next_dagrun for example_branch_dop_operator_v3 to 2023-05-13T06:24:00+00:00, run_after=2023-05-13T06:25:00+00:00
[2023-05-13T06:25:41.685+0000] {processor.py:175} INFO - Processing /home/airflow/.local/lib/python3.7/site-packages/airflow/example_dags/example_branch_python_dop_operator_3.py took 0.061 seconds
[2023-05-13T06:26:11.787+0000] {processor.py:153} INFO - Started process (PID=542) to work on /home/airflow/.local/lib/python3.7/site-packages/airflow/example_dags/example_branch_python_dop_operator_3.py
[2023-05-13T06:26:11.788+0000] {processor.py:743} INFO - Processing file /home/airflow/.local/lib/python3.7/site-packages/airflow/example_dags/example_branch_python_dop_operator_3.py for tasks to queue
[2023-05-13T06:26:11.788+0000] {logging_mixin.py:137} INFO - [2023-05-13T06:26:11.788+0000] {dagbag.py:538} INFO - Filling up the DagBag from /home/airflow/.local/lib/python3.7/site-packages/airflow/example_dags/example_branch_python_dop_operator_3.py
[2023-05-13T06:26:11.802+0000] {processor.py:753} INFO - DAG(s) dict_keys(['example_branch_dop_operator_v3']) retrieved from /home/airflow/.local/lib/python3.7/site-packages/airflow/example_dags/example_branch_python_dop_operator_3.py
[2023-05-13T06:26:11.819+0000] {logging_mixin.py:137} INFO - [2023-05-13T06:26:11.819+0000] {dag.py:2690} INFO - Sync 1 DAGs
[2023-05-13T06:26:11.836+0000] {logging_mixin.py:137} INFO - [2023-05-13T06:26:11.836+0000] {dag.py:3441} INFO - Setting next_dagrun for example_branch_dop_operator_v3 to 2023-05-13T06:25:00+00:00, run_after=2023-05-13T06:26:00+00:00
[2023-05-13T06:26:11.845+0000] {processor.py:175} INFO - Processing /home/airflow/.local/lib/python3.7/site-packages/airflow/example_dags/example_branch_python_dop_operator_3.py took 0.060 seconds
[2023-05-13T06:26:42.772+0000] {processor.py:153} INFO - Started process (PID=617) to work on /home/airflow/.local/lib/python3.7/site-packages/airflow/example_dags/example_branch_python_dop_operator_3.py
[2023-05-13T06:26:42.773+0000] {processor.py:743} INFO - Processing file /home/airflow/.local/lib/python3.7/site-packages/airflow/example_dags/example_branch_python_dop_operator_3.py for tasks to queue
[2023-05-13T06:26:42.774+0000] {logging_mixin.py:137} INFO - [2023-05-13T06:26:42.774+0000] {dagbag.py:538} INFO - Filling up the DagBag from /home/airflow/.local/lib/python3.7/site-packages/airflow/example_dags/example_branch_python_dop_operator_3.py
[2023-05-13T06:26:42.787+0000] {processor.py:753} INFO - DAG(s) dict_keys(['example_branch_dop_operator_v3']) retrieved from /home/airflow/.local/lib/python3.7/site-packages/airflow/example_dags/example_branch_python_dop_operator_3.py
[2023-05-13T06:26:42.804+0000] {logging_mixin.py:137} INFO - [2023-05-13T06:26:42.804+0000] {dag.py:2690} INFO - Sync 1 DAGs
[2023-05-13T06:26:42.821+0000] {logging_mixin.py:137} INFO - [2023-05-13T06:26:42.821+0000] {dag.py:3441} INFO - Setting next_dagrun for example_branch_dop_operator_v3 to 2023-05-13T06:25:00+00:00, run_after=2023-05-13T06:26:00+00:00
[2023-05-13T06:26:42.829+0000] {processor.py:175} INFO - Processing /home/airflow/.local/lib/python3.7/site-packages/airflow/example_dags/example_branch_python_dop_operator_3.py took 0.060 seconds
[2023-05-13T06:27:13.877+0000] {processor.py:153} INFO - Started process (PID=692) to work on /home/airflow/.local/lib/python3.7/site-packages/airflow/example_dags/example_branch_python_dop_operator_3.py
[2023-05-13T06:27:13.878+0000] {processor.py:743} INFO - Processing file /home/airflow/.local/lib/python3.7/site-packages/airflow/example_dags/example_branch_python_dop_operator_3.py for tasks to queue
[2023-05-13T06:27:13.879+0000] {logging_mixin.py:137} INFO - [2023-05-13T06:27:13.878+0000] {dagbag.py:538} INFO - Filling up the DagBag from /home/airflow/.local/lib/python3.7/site-packages/airflow/example_dags/example_branch_python_dop_operator_3.py
[2023-05-13T06:27:13.895+0000] {processor.py:753} INFO - DAG(s) dict_keys(['example_branch_dop_operator_v3']) retrieved from /home/airflow/.local/lib/python3.7/site-packages/airflow/example_dags/example_branch_python_dop_operator_3.py
[2023-05-13T06:27:13.914+0000] {logging_mixin.py:137} INFO - [2023-05-13T06:27:13.914+0000] {dag.py:2690} INFO - Sync 1 DAGs
[2023-05-13T06:27:13.932+0000] {logging_mixin.py:137} INFO - [2023-05-13T06:27:13.932+0000] {dag.py:3441} INFO - Setting next_dagrun for example_branch_dop_operator_v3 to 2023-05-13T06:26:00+00:00, run_after=2023-05-13T06:27:00+00:00
[2023-05-13T06:27:13.942+0000] {processor.py:175} INFO - Processing /home/airflow/.local/lib/python3.7/site-packages/airflow/example_dags/example_branch_python_dop_operator_3.py took 0.068 seconds
[2023-05-13T06:27:44.993+0000] {processor.py:153} INFO - Started process (PID=756) to work on /home/airflow/.local/lib/python3.7/site-packages/airflow/example_dags/example_branch_python_dop_operator_3.py
[2023-05-13T06:27:44.994+0000] {processor.py:743} INFO - Processing file /home/airflow/.local/lib/python3.7/site-packages/airflow/example_dags/example_branch_python_dop_operator_3.py for tasks to queue
[2023-05-13T06:27:44.994+0000] {logging_mixin.py:137} INFO - [2023-05-13T06:27:44.994+0000] {dagbag.py:538} INFO - Filling up the DagBag from /home/airflow/.local/lib/python3.7/site-packages/airflow/example_dags/example_branch_python_dop_operator_3.py
[2023-05-13T06:27:45.007+0000] {processor.py:753} INFO - DAG(s) dict_keys(['example_branch_dop_operator_v3']) retrieved from /home/airflow/.local/lib/python3.7/site-packages/airflow/example_dags/example_branch_python_dop_operator_3.py
[2023-05-13T06:27:45.023+0000] {logging_mixin.py:137} INFO - [2023-05-13T06:27:45.023+0000] {dag.py:2690} INFO - Sync 1 DAGs
[2023-05-13T06:27:45.039+0000] {logging_mixin.py:137} INFO - [2023-05-13T06:27:45.039+0000] {dag.py:3441} INFO - Setting next_dagrun for example_branch_dop_operator_v3 to 2023-05-13T06:26:00+00:00, run_after=2023-05-13T06:27:00+00:00
[2023-05-13T06:27:45.048+0000] {processor.py:175} INFO - Processing /home/airflow/.local/lib/python3.7/site-packages/airflow/example_dags/example_branch_python_dop_operator_3.py took 0.059 seconds
[2023-05-13T06:28:15.074+0000] {processor.py:153} INFO - Started process (PID=831) to work on /home/airflow/.local/lib/python3.7/site-packages/airflow/example_dags/example_branch_python_dop_operator_3.py
[2023-05-13T06:28:15.075+0000] {processor.py:743} INFO - Processing file /home/airflow/.local/lib/python3.7/site-packages/airflow/example_dags/example_branch_python_dop_operator_3.py for tasks to queue
[2023-05-13T06:28:15.076+0000] {logging_mixin.py:137} INFO - [2023-05-13T06:28:15.076+0000] {dagbag.py:538} INFO - Filling up the DagBag from /home/airflow/.local/lib/python3.7/site-packages/airflow/example_dags/example_branch_python_dop_operator_3.py
[2023-05-13T06:28:15.089+0000] {processor.py:753} INFO - DAG(s) dict_keys(['example_branch_dop_operator_v3']) retrieved from /home/airflow/.local/lib/python3.7/site-packages/airflow/example_dags/example_branch_python_dop_operator_3.py
[2023-05-13T06:28:15.105+0000] {logging_mixin.py:137} INFO - [2023-05-13T06:28:15.105+0000] {dag.py:2690} INFO - Sync 1 DAGs
[2023-05-13T06:28:15.121+0000] {logging_mixin.py:137} INFO - [2023-05-13T06:28:15.121+0000] {dag.py:3441} INFO - Setting next_dagrun for example_branch_dop_operator_v3 to 2023-05-13T06:27:00+00:00, run_after=2023-05-13T06:28:00+00:00
[2023-05-13T06:28:15.131+0000] {processor.py:175} INFO - Processing /home/airflow/.local/lib/python3.7/site-packages/airflow/example_dags/example_branch_python_dop_operator_3.py took 0.058 seconds
[2023-05-13T06:28:45.270+0000] {processor.py:153} INFO - Started process (PID=906) to work on /home/airflow/.local/lib/python3.7/site-packages/airflow/example_dags/example_branch_python_dop_operator_3.py
[2023-05-13T06:28:45.271+0000] {processor.py:743} INFO - Processing file /home/airflow/.local/lib/python3.7/site-packages/airflow/example_dags/example_branch_python_dop_operator_3.py for tasks to queue
[2023-05-13T06:28:45.272+0000] {logging_mixin.py:137} INFO - [2023-05-13T06:28:45.272+0000] {dagbag.py:538} INFO - Filling up the DagBag from /home/airflow/.local/lib/python3.7/site-packages/airflow/example_dags/example_branch_python_dop_operator_3.py
[2023-05-13T06:28:45.285+0000] {processor.py:753} INFO - DAG(s) dict_keys(['example_branch_dop_operator_v3']) retrieved from /home/airflow/.local/lib/python3.7/site-packages/airflow/example_dags/example_branch_python_dop_operator_3.py
[2023-05-13T06:28:45.301+0000] {logging_mixin.py:137} INFO - [2023-05-13T06:28:45.301+0000] {dag.py:2690} INFO - Sync 1 DAGs
[2023-05-13T06:28:45.316+0000] {logging_mixin.py:137} INFO - [2023-05-13T06:28:45.316+0000] {dag.py:3441} INFO - Setting next_dagrun for example_branch_dop_operator_v3 to 2023-05-13T06:27:00+00:00, run_after=2023-05-13T06:28:00+00:00
[2023-05-13T06:28:45.326+0000] {processor.py:175} INFO - Processing /home/airflow/.local/lib/python3.7/site-packages/airflow/example_dags/example_branch_python_dop_operator_3.py took 0.058 seconds
[2023-05-13T06:29:16.171+0000] {processor.py:153} INFO - Started process (PID=978) to work on /home/airflow/.local/lib/python3.7/site-packages/airflow/example_dags/example_branch_python_dop_operator_3.py
[2023-05-13T06:29:16.172+0000] {processor.py:743} INFO - Processing file /home/airflow/.local/lib/python3.7/site-packages/airflow/example_dags/example_branch_python_dop_operator_3.py for tasks to queue
[2023-05-13T06:29:16.173+0000] {logging_mixin.py:137} INFO - [2023-05-13T06:29:16.173+0000] {dagbag.py:538} INFO - Filling up the DagBag from /home/airflow/.local/lib/python3.7/site-packages/airflow/example_dags/example_branch_python_dop_operator_3.py
[2023-05-13T06:29:16.187+0000] {processor.py:753} INFO - DAG(s) dict_keys(['example_branch_dop_operator_v3']) retrieved from /home/airflow/.local/lib/python3.7/site-packages/airflow/example_dags/example_branch_python_dop_operator_3.py
[2023-05-13T06:29:16.203+0000] {logging_mixin.py:137} INFO - [2023-05-13T06:29:16.203+0000] {dag.py:2690} INFO - Sync 1 DAGs
[2023-05-13T06:29:16.219+0000] {logging_mixin.py:137} INFO - [2023-05-13T06:29:16.219+0000] {dag.py:3441} INFO - Setting next_dagrun for example_branch_dop_operator_v3 to 2023-05-13T06:28:00+00:00, run_after=2023-05-13T06:29:00+00:00
[2023-05-13T06:29:16.230+0000] {processor.py:175} INFO - Processing /home/airflow/.local/lib/python3.7/site-packages/airflow/example_dags/example_branch_python_dop_operator_3.py took 0.061 seconds
[2023-05-13T06:29:46.458+0000] {processor.py:153} INFO - Started process (PID=1044) to work on /home/airflow/.local/lib/python3.7/site-packages/airflow/example_dags/example_branch_python_dop_operator_3.py
[2023-05-13T06:29:46.459+0000] {processor.py:743} INFO - Processing file /home/airflow/.local/lib/python3.7/site-packages/airflow/example_dags/example_branch_python_dop_operator_3.py for tasks to queue
[2023-05-13T06:29:46.460+0000] {logging_mixin.py:137} INFO - [2023-05-13T06:29:46.460+0000] {dagbag.py:538} INFO - Filling up the DagBag from /home/airflow/.local/lib/python3.7/site-packages/airflow/example_dags/example_branch_python_dop_operator_3.py
[2023-05-13T06:29:46.472+0000] {processor.py:753} INFO - DAG(s) dict_keys(['example_branch_dop_operator_v3']) retrieved from /home/airflow/.local/lib/python3.7/site-packages/airflow/example_dags/example_branch_python_dop_operator_3.py
[2023-05-13T06:29:46.488+0000] {logging_mixin.py:137} INFO - [2023-05-13T06:29:46.488+0000] {dag.py:2690} INFO - Sync 1 DAGs
[2023-05-13T06:29:46.507+0000] {logging_mixin.py:137} INFO - [2023-05-13T06:29:46.507+0000] {dag.py:3441} INFO - Setting next_dagrun for example_branch_dop_operator_v3 to 2023-05-13T06:28:00+00:00, run_after=2023-05-13T06:29:00+00:00
[2023-05-13T06:29:46.517+0000] {processor.py:175} INFO - Processing /home/airflow/.local/lib/python3.7/site-packages/airflow/example_dags/example_branch_python_dop_operator_3.py took 0.061 seconds
[2023-05-13T06:30:16.696+0000] {processor.py:153} INFO - Started process (PID=1119) to work on /home/airflow/.local/lib/python3.7/site-packages/airflow/example_dags/example_branch_python_dop_operator_3.py
[2023-05-13T06:30:16.697+0000] {processor.py:743} INFO - Processing file /home/airflow/.local/lib/python3.7/site-packages/airflow/example_dags/example_branch_python_dop_operator_3.py for tasks to queue
[2023-05-13T06:30:16.697+0000] {logging_mixin.py:137} INFO - [2023-05-13T06:30:16.697+0000] {dagbag.py:538} INFO - Filling up the DagBag from /home/airflow/.local/lib/python3.7/site-packages/airflow/example_dags/example_branch_python_dop_operator_3.py
[2023-05-13T06:30:16.711+0000] {processor.py:753} INFO - DAG(s) dict_keys(['example_branch_dop_operator_v3']) retrieved from /home/airflow/.local/lib/python3.7/site-packages/airflow/example_dags/example_branch_python_dop_operator_3.py
[2023-05-13T06:30:16.727+0000] {logging_mixin.py:137} INFO - [2023-05-13T06:30:16.727+0000] {dag.py:2690} INFO - Sync 1 DAGs
[2023-05-13T06:30:16.743+0000] {logging_mixin.py:137} INFO - [2023-05-13T06:30:16.743+0000] {dag.py:3441} INFO - Setting next_dagrun for example_branch_dop_operator_v3 to 2023-05-13T06:29:00+00:00, run_after=2023-05-13T06:30:00+00:00
[2023-05-13T06:30:16.753+0000] {processor.py:175} INFO - Processing /home/airflow/.local/lib/python3.7/site-packages/airflow/example_dags/example_branch_python_dop_operator_3.py took 0.059 seconds
[2023-05-13T06:30:46.834+0000] {processor.py:153} INFO - Started process (PID=1193) to work on /home/airflow/.local/lib/python3.7/site-packages/airflow/example_dags/example_branch_python_dop_operator_3.py
[2023-05-13T06:30:46.835+0000] {processor.py:743} INFO - Processing file /home/airflow/.local/lib/python3.7/site-packages/airflow/example_dags/example_branch_python_dop_operator_3.py for tasks to queue
[2023-05-13T06:30:46.836+0000] {logging_mixin.py:137} INFO - [2023-05-13T06:30:46.836+0000] {dagbag.py:538} INFO - Filling up the DagBag from /home/airflow/.local/lib/python3.7/site-packages/airflow/example_dags/example_branch_python_dop_operator_3.py
[2023-05-13T06:30:46.852+0000] {processor.py:753} INFO - DAG(s) dict_keys(['example_branch_dop_operator_v3']) retrieved from /home/airflow/.local/lib/python3.7/site-packages/airflow/example_dags/example_branch_python_dop_operator_3.py
[2023-05-13T06:30:46.873+0000] {logging_mixin.py:137} INFO - [2023-05-13T06:30:46.873+0000] {dag.py:2690} INFO - Sync 1 DAGs
[2023-05-13T06:30:46.889+0000] {logging_mixin.py:137} INFO - [2023-05-13T06:30:46.889+0000] {dag.py:3441} INFO - Setting next_dagrun for example_branch_dop_operator_v3 to 2023-05-13T06:29:00+00:00, run_after=2023-05-13T06:30:00+00:00
[2023-05-13T06:30:46.898+0000] {processor.py:175} INFO - Processing /home/airflow/.local/lib/python3.7/site-packages/airflow/example_dags/example_branch_python_dop_operator_3.py took 0.068 seconds
[2023-05-13T06:31:17.860+0000] {processor.py:153} INFO - Started process (PID=1257) to work on /home/airflow/.local/lib/python3.7/site-packages/airflow/example_dags/example_branch_python_dop_operator_3.py
[2023-05-13T06:31:17.860+0000] {processor.py:743} INFO - Processing file /home/airflow/.local/lib/python3.7/site-packages/airflow/example_dags/example_branch_python_dop_operator_3.py for tasks to queue
[2023-05-13T06:31:17.861+0000] {logging_mixin.py:137} INFO - [2023-05-13T06:31:17.861+0000] {dagbag.py:538} INFO - Filling up the DagBag from /home/airflow/.local/lib/python3.7/site-packages/airflow/example_dags/example_branch_python_dop_operator_3.py
[2023-05-13T06:31:17.874+0000] {processor.py:753} INFO - DAG(s) dict_keys(['example_branch_dop_operator_v3']) retrieved from /home/airflow/.local/lib/python3.7/site-packages/airflow/example_dags/example_branch_python_dop_operator_3.py
[2023-05-13T06:31:17.909+0000] {logging_mixin.py:137} INFO - [2023-05-13T06:31:17.909+0000] {dag.py:2690} INFO - Sync 1 DAGs
[2023-05-13T06:31:17.926+0000] {logging_mixin.py:137} INFO - [2023-05-13T06:31:17.926+0000] {dag.py:3441} INFO - Setting next_dagrun for example_branch_dop_operator_v3 to 2023-05-13T06:30:00+00:00, run_after=2023-05-13T06:31:00+00:00
[2023-05-13T06:31:17.937+0000] {processor.py:175} INFO - Processing /home/airflow/.local/lib/python3.7/site-packages/airflow/example_dags/example_branch_python_dop_operator_3.py took 0.080 seconds
[2023-05-13T06:31:47.996+0000] {processor.py:153} INFO - Started process (PID=1331) to work on /home/airflow/.local/lib/python3.7/site-packages/airflow/example_dags/example_branch_python_dop_operator_3.py
[2023-05-13T06:31:47.997+0000] {processor.py:743} INFO - Processing file /home/airflow/.local/lib/python3.7/site-packages/airflow/example_dags/example_branch_python_dop_operator_3.py for tasks to queue
[2023-05-13T06:31:47.998+0000] {logging_mixin.py:137} INFO - [2023-05-13T06:31:47.998+0000] {dagbag.py:538} INFO - Filling up the DagBag from /home/airflow/.local/lib/python3.7/site-packages/airflow/example_dags/example_branch_python_dop_operator_3.py
[2023-05-13T06:31:48.011+0000] {processor.py:753} INFO - DAG(s) dict_keys(['example_branch_dop_operator_v3']) retrieved from /home/airflow/.local/lib/python3.7/site-packages/airflow/example_dags/example_branch_python_dop_operator_3.py
[2023-05-13T06:31:48.028+0000] {logging_mixin.py:137} INFO - [2023-05-13T06:31:48.028+0000] {dag.py:2690} INFO - Sync 1 DAGs
[2023-05-13T06:31:48.043+0000] {logging_mixin.py:137} INFO - [2023-05-13T06:31:48.043+0000] {dag.py:3441} INFO - Setting next_dagrun for example_branch_dop_operator_v3 to 2023-05-13T06:30:00+00:00, run_after=2023-05-13T06:31:00+00:00
[2023-05-13T06:31:48.053+0000] {processor.py:175} INFO - Processing /home/airflow/.local/lib/python3.7/site-packages/airflow/example_dags/example_branch_python_dop_operator_3.py took 0.059 seconds
[2023-05-13T06:32:18.132+0000] {processor.py:153} INFO - Started process (PID=1406) to work on /home/airflow/.local/lib/python3.7/site-packages/airflow/example_dags/example_branch_python_dop_operator_3.py
[2023-05-13T06:32:18.133+0000] {processor.py:743} INFO - Processing file /home/airflow/.local/lib/python3.7/site-packages/airflow/example_dags/example_branch_python_dop_operator_3.py for tasks to queue
[2023-05-13T06:32:18.134+0000] {logging_mixin.py:137} INFO - [2023-05-13T06:32:18.134+0000] {dagbag.py:538} INFO - Filling up the DagBag from /home/airflow/.local/lib/python3.7/site-packages/airflow/example_dags/example_branch_python_dop_operator_3.py
[2023-05-13T06:32:18.147+0000] {processor.py:753} INFO - DAG(s) dict_keys(['example_branch_dop_operator_v3']) retrieved from /home/airflow/.local/lib/python3.7/site-packages/airflow/example_dags/example_branch_python_dop_operator_3.py
[2023-05-13T06:32:18.163+0000] {logging_mixin.py:137} INFO - [2023-05-13T06:32:18.163+0000] {dag.py:2690} INFO - Sync 1 DAGs
[2023-05-13T06:32:18.179+0000] {logging_mixin.py:137} INFO - [2023-05-13T06:32:18.179+0000] {dag.py:3441} INFO - Setting next_dagrun for example_branch_dop_operator_v3 to 2023-05-13T06:31:00+00:00, run_after=2023-05-13T06:32:00+00:00
[2023-05-13T06:32:18.189+0000] {processor.py:175} INFO - Processing /home/airflow/.local/lib/python3.7/site-packages/airflow/example_dags/example_branch_python_dop_operator_3.py took 0.059 seconds
[2023-05-13T06:32:49.153+0000] {processor.py:153} INFO - Started process (PID=1477) to work on /home/airflow/.local/lib/python3.7/site-packages/airflow/example_dags/example_branch_python_dop_operator_3.py
[2023-05-13T06:32:49.154+0000] {processor.py:743} INFO - Processing file /home/airflow/.local/lib/python3.7/site-packages/airflow/example_dags/example_branch_python_dop_operator_3.py for tasks to queue
[2023-05-13T06:32:49.158+0000] {logging_mixin.py:137} INFO - [2023-05-13T06:32:49.158+0000] {dagbag.py:538} INFO - Filling up the DagBag from /home/airflow/.local/lib/python3.7/site-packages/airflow/example_dags/example_branch_python_dop_operator_3.py
[2023-05-13T06:32:49.179+0000] {processor.py:753} INFO - DAG(s) dict_keys(['example_branch_dop_operator_v3']) retrieved from /home/airflow/.local/lib/python3.7/site-packages/airflow/example_dags/example_branch_python_dop_operator_3.py
[2023-05-13T06:32:49.199+0000] {logging_mixin.py:137} INFO - [2023-05-13T06:32:49.199+0000] {dag.py:2690} INFO - Sync 1 DAGs
[2023-05-13T06:32:49.218+0000] {logging_mixin.py:137} INFO - [2023-05-13T06:32:49.218+0000] {dag.py:3441} INFO - Setting next_dagrun for example_branch_dop_operator_v3 to 2023-05-13T06:31:00+00:00, run_after=2023-05-13T06:32:00+00:00
[2023-05-13T06:32:49.227+0000] {processor.py:175} INFO - Processing /home/airflow/.local/lib/python3.7/site-packages/airflow/example_dags/example_branch_python_dop_operator_3.py took 0.077 seconds
[2023-05-13T06:33:19.629+0000] {processor.py:153} INFO - Started process (PID=1545) to work on /home/airflow/.local/lib/python3.7/site-packages/airflow/example_dags/example_branch_python_dop_operator_3.py
[2023-05-13T06:33:19.631+0000] {processor.py:743} INFO - Processing file /home/airflow/.local/lib/python3.7/site-packages/airflow/example_dags/example_branch_python_dop_operator_3.py for tasks to queue
[2023-05-13T06:33:19.631+0000] {logging_mixin.py:137} INFO - [2023-05-13T06:33:19.631+0000] {dagbag.py:538} INFO - Filling up the DagBag from /home/airflow/.local/lib/python3.7/site-packages/airflow/example_dags/example_branch_python_dop_operator_3.py
[2023-05-13T06:33:19.645+0000] {processor.py:753} INFO - DAG(s) dict_keys(['example_branch_dop_operator_v3']) retrieved from /home/airflow/.local/lib/python3.7/site-packages/airflow/example_dags/example_branch_python_dop_operator_3.py
[2023-05-13T06:33:19.661+0000] {logging_mixin.py:137} INFO - [2023-05-13T06:33:19.661+0000] {dag.py:2690} INFO - Sync 1 DAGs
[2023-05-13T06:33:19.677+0000] {logging_mixin.py:137} INFO - [2023-05-13T06:33:19.677+0000] {dag.py:3441} INFO - Setting next_dagrun for example_branch_dop_operator_v3 to 2023-05-13T06:32:00+00:00, run_after=2023-05-13T06:33:00+00:00
[2023-05-13T06:33:19.687+0000] {processor.py:175} INFO - Processing /home/airflow/.local/lib/python3.7/site-packages/airflow/example_dags/example_branch_python_dop_operator_3.py took 0.060 seconds
[2023-05-13T06:33:49.744+0000] {processor.py:153} INFO - Started process (PID=1619) to work on /home/airflow/.local/lib/python3.7/site-packages/airflow/example_dags/example_branch_python_dop_operator_3.py
[2023-05-13T06:33:49.746+0000] {processor.py:743} INFO - Processing file /home/airflow/.local/lib/python3.7/site-packages/airflow/example_dags/example_branch_python_dop_operator_3.py for tasks to queue
[2023-05-13T06:33:49.746+0000] {logging_mixin.py:137} INFO - [2023-05-13T06:33:49.746+0000] {dagbag.py:538} INFO - Filling up the DagBag from /home/airflow/.local/lib/python3.7/site-packages/airflow/example_dags/example_branch_python_dop_operator_3.py
[2023-05-13T06:33:49.760+0000] {processor.py:753} INFO - DAG(s) dict_keys(['example_branch_dop_operator_v3']) retrieved from /home/airflow/.local/lib/python3.7/site-packages/airflow/example_dags/example_branch_python_dop_operator_3.py
[2023-05-13T06:33:49.777+0000] {logging_mixin.py:137} INFO - [2023-05-13T06:33:49.777+0000] {dag.py:2690} INFO - Sync 1 DAGs
[2023-05-13T06:33:49.793+0000] {logging_mixin.py:137} INFO - [2023-05-13T06:33:49.793+0000] {dag.py:3441} INFO - Setting next_dagrun for example_branch_dop_operator_v3 to 2023-05-13T06:32:00+00:00, run_after=2023-05-13T06:33:00+00:00
[2023-05-13T06:33:49.804+0000] {processor.py:175} INFO - Processing /home/airflow/.local/lib/python3.7/site-packages/airflow/example_dags/example_branch_python_dop_operator_3.py took 0.063 seconds
[2023-05-13T06:34:19.921+0000] {processor.py:153} INFO - Started process (PID=1695) to work on /home/airflow/.local/lib/python3.7/site-packages/airflow/example_dags/example_branch_python_dop_operator_3.py
[2023-05-13T06:34:19.922+0000] {processor.py:743} INFO - Processing file /home/airflow/.local/lib/python3.7/site-packages/airflow/example_dags/example_branch_python_dop_operator_3.py for tasks to queue
[2023-05-13T06:34:19.923+0000] {logging_mixin.py:137} INFO - [2023-05-13T06:34:19.923+0000] {dagbag.py:538} INFO - Filling up the DagBag from /home/airflow/.local/lib/python3.7/site-packages/airflow/example_dags/example_branch_python_dop_operator_3.py
[2023-05-13T06:34:19.936+0000] {processor.py:753} INFO - DAG(s) dict_keys(['example_branch_dop_operator_v3']) retrieved from /home/airflow/.local/lib/python3.7/site-packages/airflow/example_dags/example_branch_python_dop_operator_3.py
[2023-05-13T06:34:19.954+0000] {logging_mixin.py:137} INFO - [2023-05-13T06:34:19.953+0000] {dag.py:2690} INFO - Sync 1 DAGs
[2023-05-13T06:34:19.970+0000] {logging_mixin.py:137} INFO - [2023-05-13T06:34:19.970+0000] {dag.py:3441} INFO - Setting next_dagrun for example_branch_dop_operator_v3 to 2023-05-13T06:33:00+00:00, run_after=2023-05-13T06:34:00+00:00
[2023-05-13T06:34:19.981+0000] {processor.py:175} INFO - Processing /home/airflow/.local/lib/python3.7/site-packages/airflow/example_dags/example_branch_python_dop_operator_3.py took 0.062 seconds
[2023-05-13T06:34:50.925+0000] {processor.py:153} INFO - Started process (PID=1758) to work on /home/airflow/.local/lib/python3.7/site-packages/airflow/example_dags/example_branch_python_dop_operator_3.py
[2023-05-13T06:34:50.926+0000] {processor.py:743} INFO - Processing file /home/airflow/.local/lib/python3.7/site-packages/airflow/example_dags/example_branch_python_dop_operator_3.py for tasks to queue
[2023-05-13T06:34:50.927+0000] {logging_mixin.py:137} INFO - [2023-05-13T06:34:50.927+0000] {dagbag.py:538} INFO - Filling up the DagBag from /home/airflow/.local/lib/python3.7/site-packages/airflow/example_dags/example_branch_python_dop_operator_3.py
[2023-05-13T06:34:50.942+0000] {processor.py:753} INFO - DAG(s) dict_keys(['example_branch_dop_operator_v3']) retrieved from /home/airflow/.local/lib/python3.7/site-packages/airflow/example_dags/example_branch_python_dop_operator_3.py
[2023-05-13T06:34:50.959+0000] {logging_mixin.py:137} INFO - [2023-05-13T06:34:50.959+0000] {dag.py:2690} INFO - Sync 1 DAGs
[2023-05-13T06:34:50.974+0000] {logging_mixin.py:137} INFO - [2023-05-13T06:34:50.974+0000] {dag.py:3441} INFO - Setting next_dagrun for example_branch_dop_operator_v3 to 2023-05-13T06:33:00+00:00, run_after=2023-05-13T06:34:00+00:00
[2023-05-13T06:34:50.985+0000] {processor.py:175} INFO - Processing /home/airflow/.local/lib/python3.7/site-packages/airflow/example_dags/example_branch_python_dop_operator_3.py took 0.062 seconds
[2023-05-13T06:35:21.927+0000] {processor.py:153} INFO - Started process (PID=1832) to work on /home/airflow/.local/lib/python3.7/site-packages/airflow/example_dags/example_branch_python_dop_operator_3.py
[2023-05-13T06:35:21.927+0000] {processor.py:743} INFO - Processing file /home/airflow/.local/lib/python3.7/site-packages/airflow/example_dags/example_branch_python_dop_operator_3.py for tasks to queue
[2023-05-13T06:35:21.928+0000] {logging_mixin.py:137} INFO - [2023-05-13T06:35:21.928+0000] {dagbag.py:538} INFO - Filling up the DagBag from /home/airflow/.local/lib/python3.7/site-packages/airflow/example_dags/example_branch_python_dop_operator_3.py
[2023-05-13T06:35:21.941+0000] {processor.py:753} INFO - DAG(s) dict_keys(['example_branch_dop_operator_v3']) retrieved from /home/airflow/.local/lib/python3.7/site-packages/airflow/example_dags/example_branch_python_dop_operator_3.py
[2023-05-13T06:35:21.958+0000] {logging_mixin.py:137} INFO - [2023-05-13T06:35:21.958+0000] {dag.py:2690} INFO - Sync 1 DAGs
[2023-05-13T06:35:21.973+0000] {logging_mixin.py:137} INFO - [2023-05-13T06:35:21.973+0000] {dag.py:3441} INFO - Setting next_dagrun for example_branch_dop_operator_v3 to 2023-05-13T06:34:00+00:00, run_after=2023-05-13T06:35:00+00:00
[2023-05-13T06:35:21.983+0000] {processor.py:175} INFO - Processing /home/airflow/.local/lib/python3.7/site-packages/airflow/example_dags/example_branch_python_dop_operator_3.py took 0.059 seconds
[2023-05-13T06:35:52.061+0000] {processor.py:153} INFO - Started process (PID=1907) to work on /home/airflow/.local/lib/python3.7/site-packages/airflow/example_dags/example_branch_python_dop_operator_3.py
[2023-05-13T06:35:52.062+0000] {processor.py:743} INFO - Processing file /home/airflow/.local/lib/python3.7/site-packages/airflow/example_dags/example_branch_python_dop_operator_3.py for tasks to queue
[2023-05-13T06:35:52.062+0000] {logging_mixin.py:137} INFO - [2023-05-13T06:35:52.062+0000] {dagbag.py:538} INFO - Filling up the DagBag from /home/airflow/.local/lib/python3.7/site-packages/airflow/example_dags/example_branch_python_dop_operator_3.py
[2023-05-13T06:35:52.075+0000] {processor.py:753} INFO - DAG(s) dict_keys(['example_branch_dop_operator_v3']) retrieved from /home/airflow/.local/lib/python3.7/site-packages/airflow/example_dags/example_branch_python_dop_operator_3.py
[2023-05-13T06:35:52.093+0000] {logging_mixin.py:137} INFO - [2023-05-13T06:35:52.092+0000] {dag.py:2690} INFO - Sync 1 DAGs
[2023-05-13T06:35:52.108+0000] {logging_mixin.py:137} INFO - [2023-05-13T06:35:52.108+0000] {dag.py:3441} INFO - Setting next_dagrun for example_branch_dop_operator_v3 to 2023-05-13T06:34:00+00:00, run_after=2023-05-13T06:35:00+00:00
[2023-05-13T06:35:52.118+0000] {processor.py:175} INFO - Processing /home/airflow/.local/lib/python3.7/site-packages/airflow/example_dags/example_branch_python_dop_operator_3.py took 0.060 seconds
[2023-05-13T06:36:22.995+0000] {processor.py:153} INFO - Started process (PID=1976) to work on /home/airflow/.local/lib/python3.7/site-packages/airflow/example_dags/example_branch_python_dop_operator_3.py
[2023-05-13T06:36:23.001+0000] {processor.py:743} INFO - Processing file /home/airflow/.local/lib/python3.7/site-packages/airflow/example_dags/example_branch_python_dop_operator_3.py for tasks to queue
[2023-05-13T06:36:23.005+0000] {logging_mixin.py:137} INFO - [2023-05-13T06:36:23.005+0000] {dagbag.py:538} INFO - Filling up the DagBag from /home/airflow/.local/lib/python3.7/site-packages/airflow/example_dags/example_branch_python_dop_operator_3.py
[2023-05-13T06:36:23.024+0000] {processor.py:753} INFO - DAG(s) dict_keys(['example_branch_dop_operator_v3']) retrieved from /home/airflow/.local/lib/python3.7/site-packages/airflow/example_dags/example_branch_python_dop_operator_3.py
[2023-05-13T06:36:23.041+0000] {logging_mixin.py:137} INFO - [2023-05-13T06:36:23.041+0000] {dag.py:2690} INFO - Sync 1 DAGs
[2023-05-13T06:36:23.057+0000] {logging_mixin.py:137} INFO - [2023-05-13T06:36:23.057+0000] {dag.py:3441} INFO - Setting next_dagrun for example_branch_dop_operator_v3 to 2023-05-13T06:35:00+00:00, run_after=2023-05-13T06:36:00+00:00
[2023-05-13T06:36:23.067+0000] {processor.py:175} INFO - Processing /home/airflow/.local/lib/python3.7/site-packages/airflow/example_dags/example_branch_python_dop_operator_3.py took 0.074 seconds
[2023-05-13T06:42:12.563+0000] {processor.py:153} INFO - Started process (PID=2714) to work on /home/airflow/.local/lib/python3.7/site-packages/airflow/example_dags/example_branch_python_dop_operator_3.py
[2023-05-13T06:42:12.564+0000] {processor.py:743} INFO - Processing file /home/airflow/.local/lib/python3.7/site-packages/airflow/example_dags/example_branch_python_dop_operator_3.py for tasks to queue
[2023-05-13T06:42:12.565+0000] {logging_mixin.py:137} INFO - [2023-05-13T06:42:12.565+0000] {dagbag.py:538} INFO - Filling up the DagBag from /home/airflow/.local/lib/python3.7/site-packages/airflow/example_dags/example_branch_python_dop_operator_3.py
[2023-05-13T06:42:12.579+0000] {processor.py:753} INFO - DAG(s) dict_keys(['example_branch_dop_operator_v3']) retrieved from /home/airflow/.local/lib/python3.7/site-packages/airflow/example_dags/example_branch_python_dop_operator_3.py
[2023-05-13T06:42:12.615+0000] {logging_mixin.py:137} INFO - [2023-05-13T06:42:12.615+0000] {dag.py:2690} INFO - Sync 1 DAGs
[2023-05-13T06:42:12.628+0000] {logging_mixin.py:137} INFO - [2023-05-13T06:42:12.628+0000] {dag.py:3441} INFO - Setting next_dagrun for example_branch_dop_operator_v3 to 2023-05-13T06:41:00+00:00, run_after=2023-05-13T06:42:00+00:00
[2023-05-13T06:42:12.638+0000] {processor.py:175} INFO - Processing /home/airflow/.local/lib/python3.7/site-packages/airflow/example_dags/example_branch_python_dop_operator_3.py took 0.077 seconds
