[2023-05-13T06:22:36.896+0000] {processor.py:153} INFO - Started process (PID=35) to work on /home/airflow/.local/lib/python3.7/site-packages/airflow/example_dags/example_short_circuit_operator.py
[2023-05-13T06:22:36.897+0000] {processor.py:743} INFO - Processing file /home/airflow/.local/lib/python3.7/site-packages/airflow/example_dags/example_short_circuit_operator.py for tasks to queue
[2023-05-13T06:22:36.898+0000] {logging_mixin.py:137} INFO - [2023-05-13T06:22:36.898+0000] {dagbag.py:538} INFO - Filling up the DagBag from /home/airflow/.local/lib/python3.7/site-packages/airflow/example_dags/example_short_circuit_operator.py
[2023-05-13T06:22:36.916+0000] {processor.py:753} INFO - DAG(s) dict_keys(['example_short_circuit_operator']) retrieved from /home/airflow/.local/lib/python3.7/site-packages/airflow/example_dags/example_short_circuit_operator.py
[2023-05-13T06:22:36.942+0000] {logging_mixin.py:137} INFO - [2023-05-13T06:22:36.942+0000] {dag.py:2690} INFO - Sync 1 DAGs
[2023-05-13T06:22:36.965+0000] {logging_mixin.py:137} INFO - [2023-05-13T06:22:36.965+0000] {dag.py:3441} INFO - Setting next_dagrun for example_short_circuit_operator to 2023-05-12T06:22:36.964796+00:00, run_after=2023-05-13T06:22:36.964796+00:00
[2023-05-13T06:22:36.982+0000] {processor.py:175} INFO - Processing /home/airflow/.local/lib/python3.7/site-packages/airflow/example_dags/example_short_circuit_operator.py took 0.088 seconds
[2023-05-13T06:23:07.255+0000] {processor.py:153} INFO - Started process (PID=110) to work on /home/airflow/.local/lib/python3.7/site-packages/airflow/example_dags/example_short_circuit_operator.py
[2023-05-13T06:23:07.256+0000] {processor.py:743} INFO - Processing file /home/airflow/.local/lib/python3.7/site-packages/airflow/example_dags/example_short_circuit_operator.py for tasks to queue
[2023-05-13T06:23:07.256+0000] {logging_mixin.py:137} INFO - [2023-05-13T06:23:07.256+0000] {dagbag.py:538} INFO - Filling up the DagBag from /home/airflow/.local/lib/python3.7/site-packages/airflow/example_dags/example_short_circuit_operator.py
[2023-05-13T06:23:07.266+0000] {processor.py:753} INFO - DAG(s) dict_keys(['example_short_circuit_operator']) retrieved from /home/airflow/.local/lib/python3.7/site-packages/airflow/example_dags/example_short_circuit_operator.py
[2023-05-13T06:23:07.282+0000] {logging_mixin.py:137} INFO - [2023-05-13T06:23:07.282+0000] {dag.py:2690} INFO - Sync 1 DAGs
[2023-05-13T06:23:07.296+0000] {logging_mixin.py:137} INFO - [2023-05-13T06:23:07.296+0000] {dag.py:3441} INFO - Setting next_dagrun for example_short_circuit_operator to 2023-05-12T06:23:07.296086+00:00, run_after=2023-05-13T06:23:07.296086+00:00
[2023-05-13T06:23:07.305+0000] {processor.py:175} INFO - Processing /home/airflow/.local/lib/python3.7/site-packages/airflow/example_dags/example_short_circuit_operator.py took 0.053 seconds
[2023-05-13T06:23:38.067+0000] {processor.py:153} INFO - Started process (PID=173) to work on /home/airflow/.local/lib/python3.7/site-packages/airflow/example_dags/example_short_circuit_operator.py
[2023-05-13T06:23:38.068+0000] {processor.py:743} INFO - Processing file /home/airflow/.local/lib/python3.7/site-packages/airflow/example_dags/example_short_circuit_operator.py for tasks to queue
[2023-05-13T06:23:38.068+0000] {logging_mixin.py:137} INFO - [2023-05-13T06:23:38.068+0000] {dagbag.py:538} INFO - Filling up the DagBag from /home/airflow/.local/lib/python3.7/site-packages/airflow/example_dags/example_short_circuit_operator.py
[2023-05-13T06:23:38.078+0000] {processor.py:753} INFO - DAG(s) dict_keys(['example_short_circuit_operator']) retrieved from /home/airflow/.local/lib/python3.7/site-packages/airflow/example_dags/example_short_circuit_operator.py
[2023-05-13T06:23:38.095+0000] {logging_mixin.py:137} INFO - [2023-05-13T06:23:38.095+0000] {dag.py:2690} INFO - Sync 1 DAGs
[2023-05-13T06:23:38.108+0000] {logging_mixin.py:137} INFO - [2023-05-13T06:23:38.108+0000] {dag.py:3441} INFO - Setting next_dagrun for example_short_circuit_operator to 2023-05-12T06:23:38.108682+00:00, run_after=2023-05-13T06:23:38.108682+00:00
[2023-05-13T06:23:38.118+0000] {processor.py:175} INFO - Processing /home/airflow/.local/lib/python3.7/site-packages/airflow/example_dags/example_short_circuit_operator.py took 0.054 seconds
[2023-05-13T06:24:09.008+0000] {processor.py:153} INFO - Started process (PID=249) to work on /home/airflow/.local/lib/python3.7/site-packages/airflow/example_dags/example_short_circuit_operator.py
[2023-05-13T06:24:09.009+0000] {processor.py:743} INFO - Processing file /home/airflow/.local/lib/python3.7/site-packages/airflow/example_dags/example_short_circuit_operator.py for tasks to queue
[2023-05-13T06:24:09.010+0000] {logging_mixin.py:137} INFO - [2023-05-13T06:24:09.010+0000] {dagbag.py:538} INFO - Filling up the DagBag from /home/airflow/.local/lib/python3.7/site-packages/airflow/example_dags/example_short_circuit_operator.py
[2023-05-13T06:24:09.021+0000] {processor.py:753} INFO - DAG(s) dict_keys(['example_short_circuit_operator']) retrieved from /home/airflow/.local/lib/python3.7/site-packages/airflow/example_dags/example_short_circuit_operator.py
[2023-05-13T06:24:09.038+0000] {logging_mixin.py:137} INFO - [2023-05-13T06:24:09.037+0000] {dag.py:2690} INFO - Sync 1 DAGs
[2023-05-13T06:24:09.051+0000] {logging_mixin.py:137} INFO - [2023-05-13T06:24:09.051+0000] {dag.py:3441} INFO - Setting next_dagrun for example_short_circuit_operator to 2023-05-12T06:24:09.051202+00:00, run_after=2023-05-13T06:24:09.051202+00:00
[2023-05-13T06:24:09.061+0000] {processor.py:175} INFO - Processing /home/airflow/.local/lib/python3.7/site-packages/airflow/example_dags/example_short_circuit_operator.py took 0.055 seconds
[2023-05-13T06:24:39.867+0000] {processor.py:153} INFO - Started process (PID=324) to work on /home/airflow/.local/lib/python3.7/site-packages/airflow/example_dags/example_short_circuit_operator.py
[2023-05-13T06:24:39.868+0000] {processor.py:743} INFO - Processing file /home/airflow/.local/lib/python3.7/site-packages/airflow/example_dags/example_short_circuit_operator.py for tasks to queue
[2023-05-13T06:24:39.869+0000] {logging_mixin.py:137} INFO - [2023-05-13T06:24:39.869+0000] {dagbag.py:538} INFO - Filling up the DagBag from /home/airflow/.local/lib/python3.7/site-packages/airflow/example_dags/example_short_circuit_operator.py
[2023-05-13T06:24:39.879+0000] {processor.py:753} INFO - DAG(s) dict_keys(['example_short_circuit_operator']) retrieved from /home/airflow/.local/lib/python3.7/site-packages/airflow/example_dags/example_short_circuit_operator.py
[2023-05-13T06:24:39.895+0000] {logging_mixin.py:137} INFO - [2023-05-13T06:24:39.895+0000] {dag.py:2690} INFO - Sync 1 DAGs
[2023-05-13T06:24:39.910+0000] {logging_mixin.py:137} INFO - [2023-05-13T06:24:39.910+0000] {dag.py:3441} INFO - Setting next_dagrun for example_short_circuit_operator to 2023-05-12T06:24:39.909912+00:00, run_after=2023-05-13T06:24:39.909912+00:00
[2023-05-13T06:24:39.919+0000] {processor.py:175} INFO - Processing /home/airflow/.local/lib/python3.7/site-packages/airflow/example_dags/example_short_circuit_operator.py took 0.054 seconds
[2023-05-13T06:25:10.620+0000] {processor.py:153} INFO - Started process (PID=398) to work on /home/airflow/.local/lib/python3.7/site-packages/airflow/example_dags/example_short_circuit_operator.py
[2023-05-13T06:25:10.621+0000] {processor.py:743} INFO - Processing file /home/airflow/.local/lib/python3.7/site-packages/airflow/example_dags/example_short_circuit_operator.py for tasks to queue
[2023-05-13T06:25:10.622+0000] {logging_mixin.py:137} INFO - [2023-05-13T06:25:10.621+0000] {dagbag.py:538} INFO - Filling up the DagBag from /home/airflow/.local/lib/python3.7/site-packages/airflow/example_dags/example_short_circuit_operator.py
[2023-05-13T06:25:10.631+0000] {processor.py:753} INFO - DAG(s) dict_keys(['example_short_circuit_operator']) retrieved from /home/airflow/.local/lib/python3.7/site-packages/airflow/example_dags/example_short_circuit_operator.py
[2023-05-13T06:25:10.648+0000] {logging_mixin.py:137} INFO - [2023-05-13T06:25:10.648+0000] {dag.py:2690} INFO - Sync 1 DAGs
[2023-05-13T06:25:10.662+0000] {logging_mixin.py:137} INFO - [2023-05-13T06:25:10.662+0000] {dag.py:3441} INFO - Setting next_dagrun for example_short_circuit_operator to 2023-05-12T06:25:10.662059+00:00, run_after=2023-05-13T06:25:10.662059+00:00
[2023-05-13T06:25:10.671+0000] {processor.py:175} INFO - Processing /home/airflow/.local/lib/python3.7/site-packages/airflow/example_dags/example_short_circuit_operator.py took 0.054 seconds
[2023-05-13T06:25:41.414+0000] {processor.py:153} INFO - Started process (PID=461) to work on /home/airflow/.local/lib/python3.7/site-packages/airflow/example_dags/example_short_circuit_operator.py
[2023-05-13T06:25:41.414+0000] {processor.py:743} INFO - Processing file /home/airflow/.local/lib/python3.7/site-packages/airflow/example_dags/example_short_circuit_operator.py for tasks to queue
[2023-05-13T06:25:41.415+0000] {logging_mixin.py:137} INFO - [2023-05-13T06:25:41.415+0000] {dagbag.py:538} INFO - Filling up the DagBag from /home/airflow/.local/lib/python3.7/site-packages/airflow/example_dags/example_short_circuit_operator.py
[2023-05-13T06:25:41.425+0000] {processor.py:753} INFO - DAG(s) dict_keys(['example_short_circuit_operator']) retrieved from /home/airflow/.local/lib/python3.7/site-packages/airflow/example_dags/example_short_circuit_operator.py
[2023-05-13T06:25:41.441+0000] {logging_mixin.py:137} INFO - [2023-05-13T06:25:41.441+0000] {dag.py:2690} INFO - Sync 1 DAGs
[2023-05-13T06:25:41.455+0000] {logging_mixin.py:137} INFO - [2023-05-13T06:25:41.455+0000] {dag.py:3441} INFO - Setting next_dagrun for example_short_circuit_operator to 2023-05-12T06:25:41.455519+00:00, run_after=2023-05-13T06:25:41.455519+00:00
[2023-05-13T06:25:41.465+0000] {processor.py:175} INFO - Processing /home/airflow/.local/lib/python3.7/site-packages/airflow/example_dags/example_short_circuit_operator.py took 0.054 seconds
[2023-05-13T06:26:11.574+0000] {processor.py:153} INFO - Started process (PID=536) to work on /home/airflow/.local/lib/python3.7/site-packages/airflow/example_dags/example_short_circuit_operator.py
[2023-05-13T06:26:11.575+0000] {processor.py:743} INFO - Processing file /home/airflow/.local/lib/python3.7/site-packages/airflow/example_dags/example_short_circuit_operator.py for tasks to queue
[2023-05-13T06:26:11.576+0000] {logging_mixin.py:137} INFO - [2023-05-13T06:26:11.576+0000] {dagbag.py:538} INFO - Filling up the DagBag from /home/airflow/.local/lib/python3.7/site-packages/airflow/example_dags/example_short_circuit_operator.py
[2023-05-13T06:26:11.586+0000] {processor.py:753} INFO - DAG(s) dict_keys(['example_short_circuit_operator']) retrieved from /home/airflow/.local/lib/python3.7/site-packages/airflow/example_dags/example_short_circuit_operator.py
[2023-05-13T06:26:11.602+0000] {logging_mixin.py:137} INFO - [2023-05-13T06:26:11.602+0000] {dag.py:2690} INFO - Sync 1 DAGs
[2023-05-13T06:26:11.616+0000] {logging_mixin.py:137} INFO - [2023-05-13T06:26:11.616+0000] {dag.py:3441} INFO - Setting next_dagrun for example_short_circuit_operator to 2023-05-12T06:26:11.616024+00:00, run_after=2023-05-13T06:26:11.616024+00:00
[2023-05-13T06:26:11.626+0000] {processor.py:175} INFO - Processing /home/airflow/.local/lib/python3.7/site-packages/airflow/example_dags/example_short_circuit_operator.py took 0.054 seconds
[2023-05-13T06:26:42.548+0000] {processor.py:153} INFO - Started process (PID=611) to work on /home/airflow/.local/lib/python3.7/site-packages/airflow/example_dags/example_short_circuit_operator.py
[2023-05-13T06:26:42.549+0000] {processor.py:743} INFO - Processing file /home/airflow/.local/lib/python3.7/site-packages/airflow/example_dags/example_short_circuit_operator.py for tasks to queue
[2023-05-13T06:26:42.550+0000] {logging_mixin.py:137} INFO - [2023-05-13T06:26:42.550+0000] {dagbag.py:538} INFO - Filling up the DagBag from /home/airflow/.local/lib/python3.7/site-packages/airflow/example_dags/example_short_circuit_operator.py
[2023-05-13T06:26:42.561+0000] {processor.py:753} INFO - DAG(s) dict_keys(['example_short_circuit_operator']) retrieved from /home/airflow/.local/lib/python3.7/site-packages/airflow/example_dags/example_short_circuit_operator.py
[2023-05-13T06:26:42.578+0000] {logging_mixin.py:137} INFO - [2023-05-13T06:26:42.578+0000] {dag.py:2690} INFO - Sync 1 DAGs
[2023-05-13T06:26:42.593+0000] {logging_mixin.py:137} INFO - [2023-05-13T06:26:42.593+0000] {dag.py:3441} INFO - Setting next_dagrun for example_short_circuit_operator to 2023-05-12T06:26:42.592967+00:00, run_after=2023-05-13T06:26:42.592967+00:00
[2023-05-13T06:26:42.602+0000] {processor.py:175} INFO - Processing /home/airflow/.local/lib/python3.7/site-packages/airflow/example_dags/example_short_circuit_operator.py took 0.057 seconds
[2023-05-13T06:27:13.482+0000] {processor.py:153} INFO - Started process (PID=686) to work on /home/airflow/.local/lib/python3.7/site-packages/airflow/example_dags/example_short_circuit_operator.py
[2023-05-13T06:27:13.483+0000] {processor.py:743} INFO - Processing file /home/airflow/.local/lib/python3.7/site-packages/airflow/example_dags/example_short_circuit_operator.py for tasks to queue
[2023-05-13T06:27:13.484+0000] {logging_mixin.py:137} INFO - [2023-05-13T06:27:13.484+0000] {dagbag.py:538} INFO - Filling up the DagBag from /home/airflow/.local/lib/python3.7/site-packages/airflow/example_dags/example_short_circuit_operator.py
[2023-05-13T06:27:13.514+0000] {processor.py:753} INFO - DAG(s) dict_keys(['example_short_circuit_operator']) retrieved from /home/airflow/.local/lib/python3.7/site-packages/airflow/example_dags/example_short_circuit_operator.py
[2023-05-13T06:27:13.545+0000] {logging_mixin.py:137} INFO - [2023-05-13T06:27:13.545+0000] {dag.py:2690} INFO - Sync 1 DAGs
[2023-05-13T06:27:13.571+0000] {logging_mixin.py:137} INFO - [2023-05-13T06:27:13.571+0000] {dag.py:3441} INFO - Setting next_dagrun for example_short_circuit_operator to 2023-05-12T06:27:13.571433+00:00, run_after=2023-05-13T06:27:13.571433+00:00
[2023-05-13T06:27:13.595+0000] {processor.py:175} INFO - Processing /home/airflow/.local/lib/python3.7/site-packages/airflow/example_dags/example_short_circuit_operator.py took 0.117 seconds
[2023-05-13T06:27:43.686+0000] {processor.py:153} INFO - Started process (PID=750) to work on /home/airflow/.local/lib/python3.7/site-packages/airflow/example_dags/example_short_circuit_operator.py
[2023-05-13T06:27:43.687+0000] {processor.py:743} INFO - Processing file /home/airflow/.local/lib/python3.7/site-packages/airflow/example_dags/example_short_circuit_operator.py for tasks to queue
[2023-05-13T06:27:43.688+0000] {logging_mixin.py:137} INFO - [2023-05-13T06:27:43.688+0000] {dagbag.py:538} INFO - Filling up the DagBag from /home/airflow/.local/lib/python3.7/site-packages/airflow/example_dags/example_short_circuit_operator.py
[2023-05-13T06:27:43.698+0000] {processor.py:753} INFO - DAG(s) dict_keys(['example_short_circuit_operator']) retrieved from /home/airflow/.local/lib/python3.7/site-packages/airflow/example_dags/example_short_circuit_operator.py
[2023-05-13T06:27:43.714+0000] {logging_mixin.py:137} INFO - [2023-05-13T06:27:43.714+0000] {dag.py:2690} INFO - Sync 1 DAGs
[2023-05-13T06:27:43.728+0000] {logging_mixin.py:137} INFO - [2023-05-13T06:27:43.728+0000] {dag.py:3441} INFO - Setting next_dagrun for example_short_circuit_operator to 2023-05-12T06:27:43.728202+00:00, run_after=2023-05-13T06:27:43.728202+00:00
[2023-05-13T06:27:43.738+0000] {processor.py:175} INFO - Processing /home/airflow/.local/lib/python3.7/site-packages/airflow/example_dags/example_short_circuit_operator.py took 0.054 seconds
[2023-05-13T06:28:13.857+0000] {processor.py:153} INFO - Started process (PID=825) to work on /home/airflow/.local/lib/python3.7/site-packages/airflow/example_dags/example_short_circuit_operator.py
[2023-05-13T06:28:13.858+0000] {processor.py:743} INFO - Processing file /home/airflow/.local/lib/python3.7/site-packages/airflow/example_dags/example_short_circuit_operator.py for tasks to queue
[2023-05-13T06:28:13.859+0000] {logging_mixin.py:137} INFO - [2023-05-13T06:28:13.859+0000] {dagbag.py:538} INFO - Filling up the DagBag from /home/airflow/.local/lib/python3.7/site-packages/airflow/example_dags/example_short_circuit_operator.py
[2023-05-13T06:28:13.869+0000] {processor.py:753} INFO - DAG(s) dict_keys(['example_short_circuit_operator']) retrieved from /home/airflow/.local/lib/python3.7/site-packages/airflow/example_dags/example_short_circuit_operator.py
[2023-05-13T06:28:13.885+0000] {logging_mixin.py:137} INFO - [2023-05-13T06:28:13.885+0000] {dag.py:2690} INFO - Sync 1 DAGs
[2023-05-13T06:28:13.899+0000] {logging_mixin.py:137} INFO - [2023-05-13T06:28:13.899+0000] {dag.py:3441} INFO - Setting next_dagrun for example_short_circuit_operator to 2023-05-12T06:28:13.899099+00:00, run_after=2023-05-13T06:28:13.899099+00:00
[2023-05-13T06:28:13.909+0000] {processor.py:175} INFO - Processing /home/airflow/.local/lib/python3.7/site-packages/airflow/example_dags/example_short_circuit_operator.py took 0.054 seconds
[2023-05-13T06:28:43.997+0000] {processor.py:153} INFO - Started process (PID=900) to work on /home/airflow/.local/lib/python3.7/site-packages/airflow/example_dags/example_short_circuit_operator.py
[2023-05-13T06:28:43.998+0000] {processor.py:743} INFO - Processing file /home/airflow/.local/lib/python3.7/site-packages/airflow/example_dags/example_short_circuit_operator.py for tasks to queue
[2023-05-13T06:28:43.998+0000] {logging_mixin.py:137} INFO - [2023-05-13T06:28:43.998+0000] {dagbag.py:538} INFO - Filling up the DagBag from /home/airflow/.local/lib/python3.7/site-packages/airflow/example_dags/example_short_circuit_operator.py
[2023-05-13T06:28:44.008+0000] {processor.py:753} INFO - DAG(s) dict_keys(['example_short_circuit_operator']) retrieved from /home/airflow/.local/lib/python3.7/site-packages/airflow/example_dags/example_short_circuit_operator.py
[2023-05-13T06:28:44.024+0000] {logging_mixin.py:137} INFO - [2023-05-13T06:28:44.024+0000] {dag.py:2690} INFO - Sync 1 DAGs
[2023-05-13T06:28:44.038+0000] {logging_mixin.py:137} INFO - [2023-05-13T06:28:44.038+0000] {dag.py:3441} INFO - Setting next_dagrun for example_short_circuit_operator to 2023-05-12T06:28:44.038465+00:00, run_after=2023-05-13T06:28:44.038465+00:00
[2023-05-13T06:28:44.049+0000] {processor.py:175} INFO - Processing /home/airflow/.local/lib/python3.7/site-packages/airflow/example_dags/example_short_circuit_operator.py took 0.055 seconds
[2023-05-13T06:29:14.969+0000] {processor.py:153} INFO - Started process (PID=963) to work on /home/airflow/.local/lib/python3.7/site-packages/airflow/example_dags/example_short_circuit_operator.py
[2023-05-13T06:29:14.970+0000] {processor.py:743} INFO - Processing file /home/airflow/.local/lib/python3.7/site-packages/airflow/example_dags/example_short_circuit_operator.py for tasks to queue
[2023-05-13T06:29:14.971+0000] {logging_mixin.py:137} INFO - [2023-05-13T06:29:14.970+0000] {dagbag.py:538} INFO - Filling up the DagBag from /home/airflow/.local/lib/python3.7/site-packages/airflow/example_dags/example_short_circuit_operator.py
[2023-05-13T06:29:14.981+0000] {processor.py:753} INFO - DAG(s) dict_keys(['example_short_circuit_operator']) retrieved from /home/airflow/.local/lib/python3.7/site-packages/airflow/example_dags/example_short_circuit_operator.py
[2023-05-13T06:29:14.998+0000] {logging_mixin.py:137} INFO - [2023-05-13T06:29:14.998+0000] {dag.py:2690} INFO - Sync 1 DAGs
[2023-05-13T06:29:15.014+0000] {logging_mixin.py:137} INFO - [2023-05-13T06:29:15.013+0000] {dag.py:3441} INFO - Setting next_dagrun for example_short_circuit_operator to 2023-05-12T06:29:15.013697+00:00, run_after=2023-05-13T06:29:15.013697+00:00
[2023-05-13T06:29:15.024+0000] {processor.py:175} INFO - Processing /home/airflow/.local/lib/python3.7/site-packages/airflow/example_dags/example_short_circuit_operator.py took 0.057 seconds
[2023-05-13T06:29:45.173+0000] {processor.py:153} INFO - Started process (PID=1038) to work on /home/airflow/.local/lib/python3.7/site-packages/airflow/example_dags/example_short_circuit_operator.py
[2023-05-13T06:29:45.174+0000] {processor.py:743} INFO - Processing file /home/airflow/.local/lib/python3.7/site-packages/airflow/example_dags/example_short_circuit_operator.py for tasks to queue
[2023-05-13T06:29:45.174+0000] {logging_mixin.py:137} INFO - [2023-05-13T06:29:45.174+0000] {dagbag.py:538} INFO - Filling up the DagBag from /home/airflow/.local/lib/python3.7/site-packages/airflow/example_dags/example_short_circuit_operator.py
[2023-05-13T06:29:45.185+0000] {processor.py:753} INFO - DAG(s) dict_keys(['example_short_circuit_operator']) retrieved from /home/airflow/.local/lib/python3.7/site-packages/airflow/example_dags/example_short_circuit_operator.py
[2023-05-13T06:29:45.201+0000] {logging_mixin.py:137} INFO - [2023-05-13T06:29:45.201+0000] {dag.py:2690} INFO - Sync 1 DAGs
[2023-05-13T06:29:45.215+0000] {logging_mixin.py:137} INFO - [2023-05-13T06:29:45.215+0000] {dag.py:3441} INFO - Setting next_dagrun for example_short_circuit_operator to 2023-05-12T06:29:45.215012+00:00, run_after=2023-05-13T06:29:45.215012+00:00
[2023-05-13T06:29:45.224+0000] {processor.py:175} INFO - Processing /home/airflow/.local/lib/python3.7/site-packages/airflow/example_dags/example_short_circuit_operator.py took 0.054 seconds
[2023-05-13T06:30:15.396+0000] {processor.py:153} INFO - Started process (PID=1113) to work on /home/airflow/.local/lib/python3.7/site-packages/airflow/example_dags/example_short_circuit_operator.py
[2023-05-13T06:30:15.397+0000] {processor.py:743} INFO - Processing file /home/airflow/.local/lib/python3.7/site-packages/airflow/example_dags/example_short_circuit_operator.py for tasks to queue
[2023-05-13T06:30:15.397+0000] {logging_mixin.py:137} INFO - [2023-05-13T06:30:15.397+0000] {dagbag.py:538} INFO - Filling up the DagBag from /home/airflow/.local/lib/python3.7/site-packages/airflow/example_dags/example_short_circuit_operator.py
[2023-05-13T06:30:15.408+0000] {processor.py:753} INFO - DAG(s) dict_keys(['example_short_circuit_operator']) retrieved from /home/airflow/.local/lib/python3.7/site-packages/airflow/example_dags/example_short_circuit_operator.py
[2023-05-13T06:30:15.424+0000] {logging_mixin.py:137} INFO - [2023-05-13T06:30:15.424+0000] {dag.py:2690} INFO - Sync 1 DAGs
[2023-05-13T06:30:15.438+0000] {logging_mixin.py:137} INFO - [2023-05-13T06:30:15.438+0000] {dag.py:3441} INFO - Setting next_dagrun for example_short_circuit_operator to 2023-05-12T06:30:15.438064+00:00, run_after=2023-05-13T06:30:15.438064+00:00
[2023-05-13T06:30:15.447+0000] {processor.py:175} INFO - Processing /home/airflow/.local/lib/python3.7/site-packages/airflow/example_dags/example_short_circuit_operator.py took 0.053 seconds
[2023-05-13T06:30:45.511+0000] {processor.py:153} INFO - Started process (PID=1175) to work on /home/airflow/.local/lib/python3.7/site-packages/airflow/example_dags/example_short_circuit_operator.py
[2023-05-13T06:30:45.512+0000] {processor.py:743} INFO - Processing file /home/airflow/.local/lib/python3.7/site-packages/airflow/example_dags/example_short_circuit_operator.py for tasks to queue
[2023-05-13T06:30:45.513+0000] {logging_mixin.py:137} INFO - [2023-05-13T06:30:45.513+0000] {dagbag.py:538} INFO - Filling up the DagBag from /home/airflow/.local/lib/python3.7/site-packages/airflow/example_dags/example_short_circuit_operator.py
[2023-05-13T06:30:45.522+0000] {processor.py:753} INFO - DAG(s) dict_keys(['example_short_circuit_operator']) retrieved from /home/airflow/.local/lib/python3.7/site-packages/airflow/example_dags/example_short_circuit_operator.py
[2023-05-13T06:30:45.538+0000] {logging_mixin.py:137} INFO - [2023-05-13T06:30:45.538+0000] {dag.py:2690} INFO - Sync 1 DAGs
[2023-05-13T06:30:45.552+0000] {logging_mixin.py:137} INFO - [2023-05-13T06:30:45.552+0000] {dag.py:3441} INFO - Setting next_dagrun for example_short_circuit_operator to 2023-05-12T06:30:45.551825+00:00, run_after=2023-05-13T06:30:45.551825+00:00
[2023-05-13T06:30:45.563+0000] {processor.py:175} INFO - Processing /home/airflow/.local/lib/python3.7/site-packages/airflow/example_dags/example_short_circuit_operator.py took 0.053 seconds
[2023-05-13T06:31:16.551+0000] {processor.py:153} INFO - Started process (PID=1251) to work on /home/airflow/.local/lib/python3.7/site-packages/airflow/example_dags/example_short_circuit_operator.py
[2023-05-13T06:31:16.552+0000] {processor.py:743} INFO - Processing file /home/airflow/.local/lib/python3.7/site-packages/airflow/example_dags/example_short_circuit_operator.py for tasks to queue
[2023-05-13T06:31:16.553+0000] {logging_mixin.py:137} INFO - [2023-05-13T06:31:16.553+0000] {dagbag.py:538} INFO - Filling up the DagBag from /home/airflow/.local/lib/python3.7/site-packages/airflow/example_dags/example_short_circuit_operator.py
[2023-05-13T06:31:16.563+0000] {processor.py:753} INFO - DAG(s) dict_keys(['example_short_circuit_operator']) retrieved from /home/airflow/.local/lib/python3.7/site-packages/airflow/example_dags/example_short_circuit_operator.py
[2023-05-13T06:31:16.579+0000] {logging_mixin.py:137} INFO - [2023-05-13T06:31:16.579+0000] {dag.py:2690} INFO - Sync 1 DAGs
[2023-05-13T06:31:16.593+0000] {logging_mixin.py:137} INFO - [2023-05-13T06:31:16.593+0000] {dag.py:3441} INFO - Setting next_dagrun for example_short_circuit_operator to 2023-05-12T06:31:16.593522+00:00, run_after=2023-05-13T06:31:16.593522+00:00
[2023-05-13T06:31:16.604+0000] {processor.py:175} INFO - Processing /home/airflow/.local/lib/python3.7/site-packages/airflow/example_dags/example_short_circuit_operator.py took 0.055 seconds
[2023-05-13T06:31:46.662+0000] {processor.py:153} INFO - Started process (PID=1325) to work on /home/airflow/.local/lib/python3.7/site-packages/airflow/example_dags/example_short_circuit_operator.py
[2023-05-13T06:31:46.663+0000] {processor.py:743} INFO - Processing file /home/airflow/.local/lib/python3.7/site-packages/airflow/example_dags/example_short_circuit_operator.py for tasks to queue
[2023-05-13T06:31:46.664+0000] {logging_mixin.py:137} INFO - [2023-05-13T06:31:46.664+0000] {dagbag.py:538} INFO - Filling up the DagBag from /home/airflow/.local/lib/python3.7/site-packages/airflow/example_dags/example_short_circuit_operator.py
[2023-05-13T06:31:46.673+0000] {processor.py:753} INFO - DAG(s) dict_keys(['example_short_circuit_operator']) retrieved from /home/airflow/.local/lib/python3.7/site-packages/airflow/example_dags/example_short_circuit_operator.py
[2023-05-13T06:31:46.689+0000] {logging_mixin.py:137} INFO - [2023-05-13T06:31:46.689+0000] {dag.py:2690} INFO - Sync 1 DAGs
[2023-05-13T06:31:46.702+0000] {logging_mixin.py:137} INFO - [2023-05-13T06:31:46.702+0000] {dag.py:3441} INFO - Setting next_dagrun for example_short_circuit_operator to 2023-05-12T06:31:46.702630+00:00, run_after=2023-05-13T06:31:46.702630+00:00
[2023-05-13T06:31:46.713+0000] {processor.py:175} INFO - Processing /home/airflow/.local/lib/python3.7/site-packages/airflow/example_dags/example_short_circuit_operator.py took 0.053 seconds
[2023-05-13T06:32:16.778+0000] {processor.py:153} INFO - Started process (PID=1400) to work on /home/airflow/.local/lib/python3.7/site-packages/airflow/example_dags/example_short_circuit_operator.py
[2023-05-13T06:32:16.778+0000] {processor.py:743} INFO - Processing file /home/airflow/.local/lib/python3.7/site-packages/airflow/example_dags/example_short_circuit_operator.py for tasks to queue
[2023-05-13T06:32:16.779+0000] {logging_mixin.py:137} INFO - [2023-05-13T06:32:16.779+0000] {dagbag.py:538} INFO - Filling up the DagBag from /home/airflow/.local/lib/python3.7/site-packages/airflow/example_dags/example_short_circuit_operator.py
[2023-05-13T06:32:16.788+0000] {processor.py:753} INFO - DAG(s) dict_keys(['example_short_circuit_operator']) retrieved from /home/airflow/.local/lib/python3.7/site-packages/airflow/example_dags/example_short_circuit_operator.py
[2023-05-13T06:32:16.804+0000] {logging_mixin.py:137} INFO - [2023-05-13T06:32:16.804+0000] {dag.py:2690} INFO - Sync 1 DAGs
[2023-05-13T06:32:16.818+0000] {logging_mixin.py:137} INFO - [2023-05-13T06:32:16.818+0000] {dag.py:3441} INFO - Setting next_dagrun for example_short_circuit_operator to 2023-05-12T06:32:16.818408+00:00, run_after=2023-05-13T06:32:16.818408+00:00
[2023-05-13T06:32:16.828+0000] {processor.py:175} INFO - Processing /home/airflow/.local/lib/python3.7/site-packages/airflow/example_dags/example_short_circuit_operator.py took 0.053 seconds
[2023-05-13T06:32:47.864+0000] {processor.py:153} INFO - Started process (PID=1463) to work on /home/airflow/.local/lib/python3.7/site-packages/airflow/example_dags/example_short_circuit_operator.py
[2023-05-13T06:32:47.865+0000] {processor.py:743} INFO - Processing file /home/airflow/.local/lib/python3.7/site-packages/airflow/example_dags/example_short_circuit_operator.py for tasks to queue
[2023-05-13T06:32:47.866+0000] {logging_mixin.py:137} INFO - [2023-05-13T06:32:47.866+0000] {dagbag.py:538} INFO - Filling up the DagBag from /home/airflow/.local/lib/python3.7/site-packages/airflow/example_dags/example_short_circuit_operator.py
[2023-05-13T06:32:47.876+0000] {processor.py:753} INFO - DAG(s) dict_keys(['example_short_circuit_operator']) retrieved from /home/airflow/.local/lib/python3.7/site-packages/airflow/example_dags/example_short_circuit_operator.py
[2023-05-13T06:32:47.892+0000] {logging_mixin.py:137} INFO - [2023-05-13T06:32:47.892+0000] {dag.py:2690} INFO - Sync 1 DAGs
[2023-05-13T06:32:47.908+0000] {logging_mixin.py:137} INFO - [2023-05-13T06:32:47.908+0000] {dag.py:3441} INFO - Setting next_dagrun for example_short_circuit_operator to 2023-05-12T06:32:47.907877+00:00, run_after=2023-05-13T06:32:47.907877+00:00
[2023-05-13T06:32:47.917+0000] {processor.py:175} INFO - Processing /home/airflow/.local/lib/python3.7/site-packages/airflow/example_dags/example_short_circuit_operator.py took 0.056 seconds
[2023-05-13T06:33:18.312+0000] {processor.py:153} INFO - Started process (PID=1539) to work on /home/airflow/.local/lib/python3.7/site-packages/airflow/example_dags/example_short_circuit_operator.py
[2023-05-13T06:33:18.313+0000] {processor.py:743} INFO - Processing file /home/airflow/.local/lib/python3.7/site-packages/airflow/example_dags/example_short_circuit_operator.py for tasks to queue
[2023-05-13T06:33:18.314+0000] {logging_mixin.py:137} INFO - [2023-05-13T06:33:18.314+0000] {dagbag.py:538} INFO - Filling up the DagBag from /home/airflow/.local/lib/python3.7/site-packages/airflow/example_dags/example_short_circuit_operator.py
[2023-05-13T06:33:18.324+0000] {processor.py:753} INFO - DAG(s) dict_keys(['example_short_circuit_operator']) retrieved from /home/airflow/.local/lib/python3.7/site-packages/airflow/example_dags/example_short_circuit_operator.py
[2023-05-13T06:33:18.340+0000] {logging_mixin.py:137} INFO - [2023-05-13T06:33:18.340+0000] {dag.py:2690} INFO - Sync 1 DAGs
[2023-05-13T06:33:18.354+0000] {logging_mixin.py:137} INFO - [2023-05-13T06:33:18.353+0000] {dag.py:3441} INFO - Setting next_dagrun for example_short_circuit_operator to 2023-05-12T06:33:18.353751+00:00, run_after=2023-05-13T06:33:18.353751+00:00
[2023-05-13T06:33:18.363+0000] {processor.py:175} INFO - Processing /home/airflow/.local/lib/python3.7/site-packages/airflow/example_dags/example_short_circuit_operator.py took 0.054 seconds
[2023-05-13T06:33:48.432+0000] {processor.py:153} INFO - Started process (PID=1613) to work on /home/airflow/.local/lib/python3.7/site-packages/airflow/example_dags/example_short_circuit_operator.py
[2023-05-13T06:33:48.434+0000] {processor.py:743} INFO - Processing file /home/airflow/.local/lib/python3.7/site-packages/airflow/example_dags/example_short_circuit_operator.py for tasks to queue
[2023-05-13T06:33:48.434+0000] {logging_mixin.py:137} INFO - [2023-05-13T06:33:48.434+0000] {dagbag.py:538} INFO - Filling up the DagBag from /home/airflow/.local/lib/python3.7/site-packages/airflow/example_dags/example_short_circuit_operator.py
[2023-05-13T06:33:48.444+0000] {processor.py:753} INFO - DAG(s) dict_keys(['example_short_circuit_operator']) retrieved from /home/airflow/.local/lib/python3.7/site-packages/airflow/example_dags/example_short_circuit_operator.py
[2023-05-13T06:33:48.461+0000] {logging_mixin.py:137} INFO - [2023-05-13T06:33:48.461+0000] {dag.py:2690} INFO - Sync 1 DAGs
[2023-05-13T06:33:48.475+0000] {logging_mixin.py:137} INFO - [2023-05-13T06:33:48.475+0000] {dag.py:3441} INFO - Setting next_dagrun for example_short_circuit_operator to 2023-05-12T06:33:48.475350+00:00, run_after=2023-05-13T06:33:48.475350+00:00
[2023-05-13T06:33:48.486+0000] {processor.py:175} INFO - Processing /home/airflow/.local/lib/python3.7/site-packages/airflow/example_dags/example_short_circuit_operator.py took 0.056 seconds
[2023-05-13T06:34:18.583+0000] {processor.py:153} INFO - Started process (PID=1676) to work on /home/airflow/.local/lib/python3.7/site-packages/airflow/example_dags/example_short_circuit_operator.py
[2023-05-13T06:34:18.584+0000] {processor.py:743} INFO - Processing file /home/airflow/.local/lib/python3.7/site-packages/airflow/example_dags/example_short_circuit_operator.py for tasks to queue
[2023-05-13T06:34:18.585+0000] {logging_mixin.py:137} INFO - [2023-05-13T06:34:18.585+0000] {dagbag.py:538} INFO - Filling up the DagBag from /home/airflow/.local/lib/python3.7/site-packages/airflow/example_dags/example_short_circuit_operator.py
[2023-05-13T06:34:18.595+0000] {processor.py:753} INFO - DAG(s) dict_keys(['example_short_circuit_operator']) retrieved from /home/airflow/.local/lib/python3.7/site-packages/airflow/example_dags/example_short_circuit_operator.py
[2023-05-13T06:34:18.611+0000] {logging_mixin.py:137} INFO - [2023-05-13T06:34:18.611+0000] {dag.py:2690} INFO - Sync 1 DAGs
[2023-05-13T06:34:18.625+0000] {logging_mixin.py:137} INFO - [2023-05-13T06:34:18.625+0000] {dag.py:3441} INFO - Setting next_dagrun for example_short_circuit_operator to 2023-05-12T06:34:18.624987+00:00, run_after=2023-05-13T06:34:18.624987+00:00
[2023-05-13T06:34:18.634+0000] {processor.py:175} INFO - Processing /home/airflow/.local/lib/python3.7/site-packages/airflow/example_dags/example_short_circuit_operator.py took 0.053 seconds
[2023-05-13T06:34:49.638+0000] {processor.py:153} INFO - Started process (PID=1752) to work on /home/airflow/.local/lib/python3.7/site-packages/airflow/example_dags/example_short_circuit_operator.py
[2023-05-13T06:34:49.639+0000] {processor.py:743} INFO - Processing file /home/airflow/.local/lib/python3.7/site-packages/airflow/example_dags/example_short_circuit_operator.py for tasks to queue
[2023-05-13T06:34:49.640+0000] {logging_mixin.py:137} INFO - [2023-05-13T06:34:49.640+0000] {dagbag.py:538} INFO - Filling up the DagBag from /home/airflow/.local/lib/python3.7/site-packages/airflow/example_dags/example_short_circuit_operator.py
[2023-05-13T06:34:49.650+0000] {processor.py:753} INFO - DAG(s) dict_keys(['example_short_circuit_operator']) retrieved from /home/airflow/.local/lib/python3.7/site-packages/airflow/example_dags/example_short_circuit_operator.py
[2023-05-13T06:34:49.668+0000] {logging_mixin.py:137} INFO - [2023-05-13T06:34:49.668+0000] {dag.py:2690} INFO - Sync 1 DAGs
[2023-05-13T06:34:49.682+0000] {logging_mixin.py:137} INFO - [2023-05-13T06:34:49.682+0000] {dag.py:3441} INFO - Setting next_dagrun for example_short_circuit_operator to 2023-05-12T06:34:49.682136+00:00, run_after=2023-05-13T06:34:49.682136+00:00
[2023-05-13T06:34:49.692+0000] {processor.py:175} INFO - Processing /home/airflow/.local/lib/python3.7/site-packages/airflow/example_dags/example_short_circuit_operator.py took 0.057 seconds
[2023-05-13T06:35:20.627+0000] {processor.py:153} INFO - Started process (PID=1826) to work on /home/airflow/.local/lib/python3.7/site-packages/airflow/example_dags/example_short_circuit_operator.py
[2023-05-13T06:35:20.627+0000] {processor.py:743} INFO - Processing file /home/airflow/.local/lib/python3.7/site-packages/airflow/example_dags/example_short_circuit_operator.py for tasks to queue
[2023-05-13T06:35:20.628+0000] {logging_mixin.py:137} INFO - [2023-05-13T06:35:20.628+0000] {dagbag.py:538} INFO - Filling up the DagBag from /home/airflow/.local/lib/python3.7/site-packages/airflow/example_dags/example_short_circuit_operator.py
[2023-05-13T06:35:20.638+0000] {processor.py:753} INFO - DAG(s) dict_keys(['example_short_circuit_operator']) retrieved from /home/airflow/.local/lib/python3.7/site-packages/airflow/example_dags/example_short_circuit_operator.py
[2023-05-13T06:35:20.654+0000] {logging_mixin.py:137} INFO - [2023-05-13T06:35:20.653+0000] {dag.py:2690} INFO - Sync 1 DAGs
[2023-05-13T06:35:20.667+0000] {logging_mixin.py:137} INFO - [2023-05-13T06:35:20.667+0000] {dag.py:3441} INFO - Setting next_dagrun for example_short_circuit_operator to 2023-05-12T06:35:20.667408+00:00, run_after=2023-05-13T06:35:20.667408+00:00
[2023-05-13T06:35:20.677+0000] {processor.py:175} INFO - Processing /home/airflow/.local/lib/python3.7/site-packages/airflow/example_dags/example_short_circuit_operator.py took 0.053 seconds
[2023-05-13T06:35:50.749+0000] {processor.py:153} INFO - Started process (PID=1901) to work on /home/airflow/.local/lib/python3.7/site-packages/airflow/example_dags/example_short_circuit_operator.py
[2023-05-13T06:35:50.750+0000] {processor.py:743} INFO - Processing file /home/airflow/.local/lib/python3.7/site-packages/airflow/example_dags/example_short_circuit_operator.py for tasks to queue
[2023-05-13T06:35:50.751+0000] {logging_mixin.py:137} INFO - [2023-05-13T06:35:50.751+0000] {dagbag.py:538} INFO - Filling up the DagBag from /home/airflow/.local/lib/python3.7/site-packages/airflow/example_dags/example_short_circuit_operator.py
[2023-05-13T06:35:50.761+0000] {processor.py:753} INFO - DAG(s) dict_keys(['example_short_circuit_operator']) retrieved from /home/airflow/.local/lib/python3.7/site-packages/airflow/example_dags/example_short_circuit_operator.py
[2023-05-13T06:35:50.778+0000] {logging_mixin.py:137} INFO - [2023-05-13T06:35:50.778+0000] {dag.py:2690} INFO - Sync 1 DAGs
[2023-05-13T06:35:50.792+0000] {logging_mixin.py:137} INFO - [2023-05-13T06:35:50.792+0000] {dag.py:3441} INFO - Setting next_dagrun for example_short_circuit_operator to 2023-05-12T06:35:50.792001+00:00, run_after=2023-05-13T06:35:50.792001+00:00
[2023-05-13T06:35:50.802+0000] {processor.py:175} INFO - Processing /home/airflow/.local/lib/python3.7/site-packages/airflow/example_dags/example_short_circuit_operator.py took 0.055 seconds
[2023-05-13T06:36:21.845+0000] {processor.py:153} INFO - Started process (PID=1963) to work on /home/airflow/.local/lib/python3.7/site-packages/airflow/example_dags/example_short_circuit_operator.py
[2023-05-13T06:36:21.846+0000] {processor.py:743} INFO - Processing file /home/airflow/.local/lib/python3.7/site-packages/airflow/example_dags/example_short_circuit_operator.py for tasks to queue
[2023-05-13T06:36:21.847+0000] {logging_mixin.py:137} INFO - [2023-05-13T06:36:21.847+0000] {dagbag.py:538} INFO - Filling up the DagBag from /home/airflow/.local/lib/python3.7/site-packages/airflow/example_dags/example_short_circuit_operator.py
[2023-05-13T06:36:21.857+0000] {processor.py:753} INFO - DAG(s) dict_keys(['example_short_circuit_operator']) retrieved from /home/airflow/.local/lib/python3.7/site-packages/airflow/example_dags/example_short_circuit_operator.py
[2023-05-13T06:36:21.873+0000] {logging_mixin.py:137} INFO - [2023-05-13T06:36:21.873+0000] {dag.py:2690} INFO - Sync 1 DAGs
[2023-05-13T06:36:21.887+0000] {logging_mixin.py:137} INFO - [2023-05-13T06:36:21.887+0000] {dag.py:3441} INFO - Setting next_dagrun for example_short_circuit_operator to 2023-05-12T06:36:21.887540+00:00, run_after=2023-05-13T06:36:21.887540+00:00
[2023-05-13T06:36:21.896+0000] {processor.py:175} INFO - Processing /home/airflow/.local/lib/python3.7/site-packages/airflow/example_dags/example_short_circuit_operator.py took 0.053 seconds
[2023-05-13T06:42:12.291+0000] {processor.py:153} INFO - Started process (PID=2708) to work on /home/airflow/.local/lib/python3.7/site-packages/airflow/example_dags/example_short_circuit_operator.py
[2023-05-13T06:42:12.292+0000] {processor.py:743} INFO - Processing file /home/airflow/.local/lib/python3.7/site-packages/airflow/example_dags/example_short_circuit_operator.py for tasks to queue
[2023-05-13T06:42:12.292+0000] {logging_mixin.py:137} INFO - [2023-05-13T06:42:12.292+0000] {dagbag.py:538} INFO - Filling up the DagBag from /home/airflow/.local/lib/python3.7/site-packages/airflow/example_dags/example_short_circuit_operator.py
[2023-05-13T06:42:12.302+0000] {processor.py:753} INFO - DAG(s) dict_keys(['example_short_circuit_operator']) retrieved from /home/airflow/.local/lib/python3.7/site-packages/airflow/example_dags/example_short_circuit_operator.py
[2023-05-13T06:42:12.340+0000] {logging_mixin.py:137} INFO - [2023-05-13T06:42:12.340+0000] {dag.py:2690} INFO - Sync 1 DAGs
[2023-05-13T06:42:12.352+0000] {logging_mixin.py:137} INFO - [2023-05-13T06:42:12.352+0000] {dag.py:3441} INFO - Setting next_dagrun for example_short_circuit_operator to 2023-05-12T06:42:12.352384+00:00, run_after=2023-05-13T06:42:12.352384+00:00
[2023-05-13T06:42:12.362+0000] {processor.py:175} INFO - Processing /home/airflow/.local/lib/python3.7/site-packages/airflow/example_dags/example_short_circuit_operator.py took 0.074 seconds
