[2023-05-13T06:22:37.012+0000] {processor.py:153} INFO - Started process (PID=37) to work on /home/airflow/.local/lib/python3.7/site-packages/airflow/example_dags/example_branch_labels.py
[2023-05-13T06:22:37.013+0000] {processor.py:743} INFO - Processing file /home/airflow/.local/lib/python3.7/site-packages/airflow/example_dags/example_branch_labels.py for tasks to queue
[2023-05-13T06:22:37.014+0000] {logging_mixin.py:137} INFO - [2023-05-13T06:22:37.014+0000] {dagbag.py:538} INFO - Filling up the DagBag from /home/airflow/.local/lib/python3.7/site-packages/airflow/example_dags/example_branch_labels.py
[2023-05-13T06:22:37.027+0000] {processor.py:753} INFO - DAG(s) dict_keys(['example_branch_labels']) retrieved from /home/airflow/.local/lib/python3.7/site-packages/airflow/example_dags/example_branch_labels.py
[2023-05-13T06:22:37.054+0000] {logging_mixin.py:137} INFO - [2023-05-13T06:22:37.054+0000] {dag.py:2690} INFO - Sync 1 DAGs
[2023-05-13T06:22:37.081+0000] {logging_mixin.py:137} INFO - [2023-05-13T06:22:37.081+0000] {dag.py:3441} INFO - Setting next_dagrun for example_branch_labels to 2023-05-12T00:00:00+00:00, run_after=2023-05-13T00:00:00+00:00
[2023-05-13T06:22:37.109+0000] {processor.py:175} INFO - Processing /home/airflow/.local/lib/python3.7/site-packages/airflow/example_dags/example_branch_labels.py took 0.100 seconds
[2023-05-13T06:23:07.324+0000] {processor.py:153} INFO - Started process (PID=112) to work on /home/airflow/.local/lib/python3.7/site-packages/airflow/example_dags/example_branch_labels.py
[2023-05-13T06:23:07.325+0000] {processor.py:743} INFO - Processing file /home/airflow/.local/lib/python3.7/site-packages/airflow/example_dags/example_branch_labels.py for tasks to queue
[2023-05-13T06:23:07.326+0000] {logging_mixin.py:137} INFO - [2023-05-13T06:23:07.326+0000] {dagbag.py:538} INFO - Filling up the DagBag from /home/airflow/.local/lib/python3.7/site-packages/airflow/example_dags/example_branch_labels.py
[2023-05-13T06:23:07.335+0000] {processor.py:753} INFO - DAG(s) dict_keys(['example_branch_labels']) retrieved from /home/airflow/.local/lib/python3.7/site-packages/airflow/example_dags/example_branch_labels.py
[2023-05-13T06:23:07.352+0000] {logging_mixin.py:137} INFO - [2023-05-13T06:23:07.352+0000] {dag.py:2690} INFO - Sync 1 DAGs
[2023-05-13T06:23:07.369+0000] {logging_mixin.py:137} INFO - [2023-05-13T06:23:07.369+0000] {dag.py:3441} INFO - Setting next_dagrun for example_branch_labels to 2023-05-12T00:00:00+00:00, run_after=2023-05-13T00:00:00+00:00
[2023-05-13T06:23:07.378+0000] {processor.py:175} INFO - Processing /home/airflow/.local/lib/python3.7/site-packages/airflow/example_dags/example_branch_labels.py took 0.056 seconds
[2023-05-13T06:23:38.136+0000] {processor.py:153} INFO - Started process (PID=175) to work on /home/airflow/.local/lib/python3.7/site-packages/airflow/example_dags/example_branch_labels.py
[2023-05-13T06:23:38.137+0000] {processor.py:743} INFO - Processing file /home/airflow/.local/lib/python3.7/site-packages/airflow/example_dags/example_branch_labels.py for tasks to queue
[2023-05-13T06:23:38.138+0000] {logging_mixin.py:137} INFO - [2023-05-13T06:23:38.138+0000] {dagbag.py:538} INFO - Filling up the DagBag from /home/airflow/.local/lib/python3.7/site-packages/airflow/example_dags/example_branch_labels.py
[2023-05-13T06:23:38.146+0000] {processor.py:753} INFO - DAG(s) dict_keys(['example_branch_labels']) retrieved from /home/airflow/.local/lib/python3.7/site-packages/airflow/example_dags/example_branch_labels.py
[2023-05-13T06:23:38.164+0000] {logging_mixin.py:137} INFO - [2023-05-13T06:23:38.164+0000] {dag.py:2690} INFO - Sync 1 DAGs
[2023-05-13T06:23:38.177+0000] {logging_mixin.py:137} INFO - [2023-05-13T06:23:38.177+0000] {dag.py:3441} INFO - Setting next_dagrun for example_branch_labels to 2023-05-12T00:00:00+00:00, run_after=2023-05-13T00:00:00+00:00
[2023-05-13T06:23:38.186+0000] {processor.py:175} INFO - Processing /home/airflow/.local/lib/python3.7/site-packages/airflow/example_dags/example_branch_labels.py took 0.052 seconds
[2023-05-13T06:24:09.080+0000] {processor.py:153} INFO - Started process (PID=251) to work on /home/airflow/.local/lib/python3.7/site-packages/airflow/example_dags/example_branch_labels.py
[2023-05-13T06:24:09.082+0000] {processor.py:743} INFO - Processing file /home/airflow/.local/lib/python3.7/site-packages/airflow/example_dags/example_branch_labels.py for tasks to queue
[2023-05-13T06:24:09.083+0000] {logging_mixin.py:137} INFO - [2023-05-13T06:24:09.083+0000] {dagbag.py:538} INFO - Filling up the DagBag from /home/airflow/.local/lib/python3.7/site-packages/airflow/example_dags/example_branch_labels.py
[2023-05-13T06:24:09.093+0000] {processor.py:753} INFO - DAG(s) dict_keys(['example_branch_labels']) retrieved from /home/airflow/.local/lib/python3.7/site-packages/airflow/example_dags/example_branch_labels.py
[2023-05-13T06:24:09.109+0000] {logging_mixin.py:137} INFO - [2023-05-13T06:24:09.109+0000] {dag.py:2690} INFO - Sync 1 DAGs
[2023-05-13T06:24:09.123+0000] {logging_mixin.py:137} INFO - [2023-05-13T06:24:09.123+0000] {dag.py:3441} INFO - Setting next_dagrun for example_branch_labels to 2023-05-12T00:00:00+00:00, run_after=2023-05-13T00:00:00+00:00
[2023-05-13T06:24:09.132+0000] {processor.py:175} INFO - Processing /home/airflow/.local/lib/python3.7/site-packages/airflow/example_dags/example_branch_labels.py took 0.054 seconds
[2023-05-13T06:24:39.938+0000] {processor.py:153} INFO - Started process (PID=326) to work on /home/airflow/.local/lib/python3.7/site-packages/airflow/example_dags/example_branch_labels.py
[2023-05-13T06:24:39.939+0000] {processor.py:743} INFO - Processing file /home/airflow/.local/lib/python3.7/site-packages/airflow/example_dags/example_branch_labels.py for tasks to queue
[2023-05-13T06:24:39.939+0000] {logging_mixin.py:137} INFO - [2023-05-13T06:24:39.939+0000] {dagbag.py:538} INFO - Filling up the DagBag from /home/airflow/.local/lib/python3.7/site-packages/airflow/example_dags/example_branch_labels.py
[2023-05-13T06:24:39.948+0000] {processor.py:753} INFO - DAG(s) dict_keys(['example_branch_labels']) retrieved from /home/airflow/.local/lib/python3.7/site-packages/airflow/example_dags/example_branch_labels.py
[2023-05-13T06:24:39.964+0000] {logging_mixin.py:137} INFO - [2023-05-13T06:24:39.964+0000] {dag.py:2690} INFO - Sync 1 DAGs
[2023-05-13T06:24:39.978+0000] {logging_mixin.py:137} INFO - [2023-05-13T06:24:39.978+0000] {dag.py:3441} INFO - Setting next_dagrun for example_branch_labels to 2023-05-12T00:00:00+00:00, run_after=2023-05-13T00:00:00+00:00
[2023-05-13T06:24:39.987+0000] {processor.py:175} INFO - Processing /home/airflow/.local/lib/python3.7/site-packages/airflow/example_dags/example_branch_labels.py took 0.052 seconds
[2023-05-13T06:25:10.690+0000] {processor.py:153} INFO - Started process (PID=400) to work on /home/airflow/.local/lib/python3.7/site-packages/airflow/example_dags/example_branch_labels.py
[2023-05-13T06:25:10.691+0000] {processor.py:743} INFO - Processing file /home/airflow/.local/lib/python3.7/site-packages/airflow/example_dags/example_branch_labels.py for tasks to queue
[2023-05-13T06:25:10.692+0000] {logging_mixin.py:137} INFO - [2023-05-13T06:25:10.692+0000] {dagbag.py:538} INFO - Filling up the DagBag from /home/airflow/.local/lib/python3.7/site-packages/airflow/example_dags/example_branch_labels.py
[2023-05-13T06:25:10.701+0000] {processor.py:753} INFO - DAG(s) dict_keys(['example_branch_labels']) retrieved from /home/airflow/.local/lib/python3.7/site-packages/airflow/example_dags/example_branch_labels.py
[2023-05-13T06:25:10.717+0000] {logging_mixin.py:137} INFO - [2023-05-13T06:25:10.717+0000] {dag.py:2690} INFO - Sync 1 DAGs
[2023-05-13T06:25:10.731+0000] {logging_mixin.py:137} INFO - [2023-05-13T06:25:10.731+0000] {dag.py:3441} INFO - Setting next_dagrun for example_branch_labels to 2023-05-12T00:00:00+00:00, run_after=2023-05-13T00:00:00+00:00
[2023-05-13T06:25:10.740+0000] {processor.py:175} INFO - Processing /home/airflow/.local/lib/python3.7/site-packages/airflow/example_dags/example_branch_labels.py took 0.052 seconds
[2023-05-13T06:25:41.484+0000] {processor.py:153} INFO - Started process (PID=463) to work on /home/airflow/.local/lib/python3.7/site-packages/airflow/example_dags/example_branch_labels.py
[2023-05-13T06:25:41.485+0000] {processor.py:743} INFO - Processing file /home/airflow/.local/lib/python3.7/site-packages/airflow/example_dags/example_branch_labels.py for tasks to queue
[2023-05-13T06:25:41.485+0000] {logging_mixin.py:137} INFO - [2023-05-13T06:25:41.485+0000] {dagbag.py:538} INFO - Filling up the DagBag from /home/airflow/.local/lib/python3.7/site-packages/airflow/example_dags/example_branch_labels.py
[2023-05-13T06:25:41.494+0000] {processor.py:753} INFO - DAG(s) dict_keys(['example_branch_labels']) retrieved from /home/airflow/.local/lib/python3.7/site-packages/airflow/example_dags/example_branch_labels.py
[2023-05-13T06:25:41.511+0000] {logging_mixin.py:137} INFO - [2023-05-13T06:25:41.511+0000] {dag.py:2690} INFO - Sync 1 DAGs
[2023-05-13T06:25:41.525+0000] {logging_mixin.py:137} INFO - [2023-05-13T06:25:41.525+0000] {dag.py:3441} INFO - Setting next_dagrun for example_branch_labels to 2023-05-12T00:00:00+00:00, run_after=2023-05-13T00:00:00+00:00
[2023-05-13T06:25:41.534+0000] {processor.py:175} INFO - Processing /home/airflow/.local/lib/python3.7/site-packages/airflow/example_dags/example_branch_labels.py took 0.053 seconds
[2023-05-13T06:26:11.645+0000] {processor.py:153} INFO - Started process (PID=538) to work on /home/airflow/.local/lib/python3.7/site-packages/airflow/example_dags/example_branch_labels.py
[2023-05-13T06:26:11.647+0000] {processor.py:743} INFO - Processing file /home/airflow/.local/lib/python3.7/site-packages/airflow/example_dags/example_branch_labels.py for tasks to queue
[2023-05-13T06:26:11.647+0000] {logging_mixin.py:137} INFO - [2023-05-13T06:26:11.647+0000] {dagbag.py:538} INFO - Filling up the DagBag from /home/airflow/.local/lib/python3.7/site-packages/airflow/example_dags/example_branch_labels.py
[2023-05-13T06:26:11.656+0000] {processor.py:753} INFO - DAG(s) dict_keys(['example_branch_labels']) retrieved from /home/airflow/.local/lib/python3.7/site-packages/airflow/example_dags/example_branch_labels.py
[2023-05-13T06:26:11.672+0000] {logging_mixin.py:137} INFO - [2023-05-13T06:26:11.672+0000] {dag.py:2690} INFO - Sync 1 DAGs
[2023-05-13T06:26:11.686+0000] {logging_mixin.py:137} INFO - [2023-05-13T06:26:11.686+0000] {dag.py:3441} INFO - Setting next_dagrun for example_branch_labels to 2023-05-12T00:00:00+00:00, run_after=2023-05-13T00:00:00+00:00
[2023-05-13T06:26:11.695+0000] {processor.py:175} INFO - Processing /home/airflow/.local/lib/python3.7/site-packages/airflow/example_dags/example_branch_labels.py took 0.052 seconds
[2023-05-13T06:26:42.624+0000] {processor.py:153} INFO - Started process (PID=613) to work on /home/airflow/.local/lib/python3.7/site-packages/airflow/example_dags/example_branch_labels.py
[2023-05-13T06:26:42.627+0000] {processor.py:743} INFO - Processing file /home/airflow/.local/lib/python3.7/site-packages/airflow/example_dags/example_branch_labels.py for tasks to queue
[2023-05-13T06:26:42.627+0000] {logging_mixin.py:137} INFO - [2023-05-13T06:26:42.627+0000] {dagbag.py:538} INFO - Filling up the DagBag from /home/airflow/.local/lib/python3.7/site-packages/airflow/example_dags/example_branch_labels.py
[2023-05-13T06:26:42.637+0000] {processor.py:753} INFO - DAG(s) dict_keys(['example_branch_labels']) retrieved from /home/airflow/.local/lib/python3.7/site-packages/airflow/example_dags/example_branch_labels.py
[2023-05-13T06:26:42.656+0000] {logging_mixin.py:137} INFO - [2023-05-13T06:26:42.655+0000] {dag.py:2690} INFO - Sync 1 DAGs
[2023-05-13T06:26:42.671+0000] {logging_mixin.py:137} INFO - [2023-05-13T06:26:42.671+0000] {dag.py:3441} INFO - Setting next_dagrun for example_branch_labels to 2023-05-12T00:00:00+00:00, run_after=2023-05-13T00:00:00+00:00
[2023-05-13T06:26:42.680+0000] {processor.py:175} INFO - Processing /home/airflow/.local/lib/python3.7/site-packages/airflow/example_dags/example_branch_labels.py took 0.058 seconds
[2023-05-13T06:27:13.631+0000] {processor.py:153} INFO - Started process (PID=688) to work on /home/airflow/.local/lib/python3.7/site-packages/airflow/example_dags/example_branch_labels.py
[2023-05-13T06:27:13.632+0000] {processor.py:743} INFO - Processing file /home/airflow/.local/lib/python3.7/site-packages/airflow/example_dags/example_branch_labels.py for tasks to queue
[2023-05-13T06:27:13.633+0000] {logging_mixin.py:137} INFO - [2023-05-13T06:27:13.633+0000] {dagbag.py:538} INFO - Filling up the DagBag from /home/airflow/.local/lib/python3.7/site-packages/airflow/example_dags/example_branch_labels.py
[2023-05-13T06:27:13.642+0000] {processor.py:753} INFO - DAG(s) dict_keys(['example_branch_labels']) retrieved from /home/airflow/.local/lib/python3.7/site-packages/airflow/example_dags/example_branch_labels.py
[2023-05-13T06:27:13.663+0000] {logging_mixin.py:137} INFO - [2023-05-13T06:27:13.663+0000] {dag.py:2690} INFO - Sync 1 DAGs
[2023-05-13T06:27:13.684+0000] {logging_mixin.py:137} INFO - [2023-05-13T06:27:13.684+0000] {dag.py:3441} INFO - Setting next_dagrun for example_branch_labels to 2023-05-12T00:00:00+00:00, run_after=2023-05-13T00:00:00+00:00
[2023-05-13T06:27:13.695+0000] {processor.py:175} INFO - Processing /home/airflow/.local/lib/python3.7/site-packages/airflow/example_dags/example_branch_labels.py took 0.066 seconds
[2023-05-13T06:27:43.764+0000] {processor.py:153} INFO - Started process (PID=752) to work on /home/airflow/.local/lib/python3.7/site-packages/airflow/example_dags/example_branch_labels.py
[2023-05-13T06:27:43.765+0000] {processor.py:743} INFO - Processing file /home/airflow/.local/lib/python3.7/site-packages/airflow/example_dags/example_branch_labels.py for tasks to queue
[2023-05-13T06:27:43.766+0000] {logging_mixin.py:137} INFO - [2023-05-13T06:27:43.766+0000] {dagbag.py:538} INFO - Filling up the DagBag from /home/airflow/.local/lib/python3.7/site-packages/airflow/example_dags/example_branch_labels.py
[2023-05-13T06:27:43.775+0000] {processor.py:753} INFO - DAG(s) dict_keys(['example_branch_labels']) retrieved from /home/airflow/.local/lib/python3.7/site-packages/airflow/example_dags/example_branch_labels.py
[2023-05-13T06:27:43.790+0000] {logging_mixin.py:137} INFO - [2023-05-13T06:27:43.790+0000] {dag.py:2690} INFO - Sync 1 DAGs
[2023-05-13T06:27:43.805+0000] {logging_mixin.py:137} INFO - [2023-05-13T06:27:43.805+0000] {dag.py:3441} INFO - Setting next_dagrun for example_branch_labels to 2023-05-12T00:00:00+00:00, run_after=2023-05-13T00:00:00+00:00
[2023-05-13T06:27:43.814+0000] {processor.py:175} INFO - Processing /home/airflow/.local/lib/python3.7/site-packages/airflow/example_dags/example_branch_labels.py took 0.052 seconds
[2023-05-13T06:28:13.928+0000] {processor.py:153} INFO - Started process (PID=827) to work on /home/airflow/.local/lib/python3.7/site-packages/airflow/example_dags/example_branch_labels.py
[2023-05-13T06:28:13.929+0000] {processor.py:743} INFO - Processing file /home/airflow/.local/lib/python3.7/site-packages/airflow/example_dags/example_branch_labels.py for tasks to queue
[2023-05-13T06:28:13.930+0000] {logging_mixin.py:137} INFO - [2023-05-13T06:28:13.930+0000] {dagbag.py:538} INFO - Filling up the DagBag from /home/airflow/.local/lib/python3.7/site-packages/airflow/example_dags/example_branch_labels.py
[2023-05-13T06:28:13.939+0000] {processor.py:753} INFO - DAG(s) dict_keys(['example_branch_labels']) retrieved from /home/airflow/.local/lib/python3.7/site-packages/airflow/example_dags/example_branch_labels.py
[2023-05-13T06:28:13.954+0000] {logging_mixin.py:137} INFO - [2023-05-13T06:28:13.954+0000] {dag.py:2690} INFO - Sync 1 DAGs
[2023-05-13T06:28:13.967+0000] {logging_mixin.py:137} INFO - [2023-05-13T06:28:13.967+0000] {dag.py:3441} INFO - Setting next_dagrun for example_branch_labels to 2023-05-12T00:00:00+00:00, run_after=2023-05-13T00:00:00+00:00
[2023-05-13T06:28:13.977+0000] {processor.py:175} INFO - Processing /home/airflow/.local/lib/python3.7/site-packages/airflow/example_dags/example_branch_labels.py took 0.051 seconds
[2023-05-13T06:28:44.068+0000] {processor.py:153} INFO - Started process (PID=902) to work on /home/airflow/.local/lib/python3.7/site-packages/airflow/example_dags/example_branch_labels.py
[2023-05-13T06:28:44.069+0000] {processor.py:743} INFO - Processing file /home/airflow/.local/lib/python3.7/site-packages/airflow/example_dags/example_branch_labels.py for tasks to queue
[2023-05-13T06:28:44.070+0000] {logging_mixin.py:137} INFO - [2023-05-13T06:28:44.070+0000] {dagbag.py:538} INFO - Filling up the DagBag from /home/airflow/.local/lib/python3.7/site-packages/airflow/example_dags/example_branch_labels.py
[2023-05-13T06:28:44.079+0000] {processor.py:753} INFO - DAG(s) dict_keys(['example_branch_labels']) retrieved from /home/airflow/.local/lib/python3.7/site-packages/airflow/example_dags/example_branch_labels.py
[2023-05-13T06:28:44.094+0000] {logging_mixin.py:137} INFO - [2023-05-13T06:28:44.094+0000] {dag.py:2690} INFO - Sync 1 DAGs
[2023-05-13T06:28:44.108+0000] {logging_mixin.py:137} INFO - [2023-05-13T06:28:44.108+0000] {dag.py:3441} INFO - Setting next_dagrun for example_branch_labels to 2023-05-12T00:00:00+00:00, run_after=2023-05-13T00:00:00+00:00
[2023-05-13T06:28:44.116+0000] {processor.py:175} INFO - Processing /home/airflow/.local/lib/python3.7/site-packages/airflow/example_dags/example_branch_labels.py took 0.051 seconds
[2023-05-13T06:29:15.046+0000] {processor.py:153} INFO - Started process (PID=965) to work on /home/airflow/.local/lib/python3.7/site-packages/airflow/example_dags/example_branch_labels.py
[2023-05-13T06:29:15.047+0000] {processor.py:743} INFO - Processing file /home/airflow/.local/lib/python3.7/site-packages/airflow/example_dags/example_branch_labels.py for tasks to queue
[2023-05-13T06:29:15.048+0000] {logging_mixin.py:137} INFO - [2023-05-13T06:29:15.048+0000] {dagbag.py:538} INFO - Filling up the DagBag from /home/airflow/.local/lib/python3.7/site-packages/airflow/example_dags/example_branch_labels.py
[2023-05-13T06:29:15.058+0000] {processor.py:753} INFO - DAG(s) dict_keys(['example_branch_labels']) retrieved from /home/airflow/.local/lib/python3.7/site-packages/airflow/example_dags/example_branch_labels.py
[2023-05-13T06:29:15.077+0000] {logging_mixin.py:137} INFO - [2023-05-13T06:29:15.077+0000] {dag.py:2690} INFO - Sync 1 DAGs
[2023-05-13T06:29:15.093+0000] {logging_mixin.py:137} INFO - [2023-05-13T06:29:15.093+0000] {dag.py:3441} INFO - Setting next_dagrun for example_branch_labels to 2023-05-12T00:00:00+00:00, run_after=2023-05-13T00:00:00+00:00
[2023-05-13T06:29:15.103+0000] {processor.py:175} INFO - Processing /home/airflow/.local/lib/python3.7/site-packages/airflow/example_dags/example_branch_labels.py took 0.060 seconds
[2023-05-13T06:29:45.243+0000] {processor.py:153} INFO - Started process (PID=1040) to work on /home/airflow/.local/lib/python3.7/site-packages/airflow/example_dags/example_branch_labels.py
[2023-05-13T06:29:45.244+0000] {processor.py:743} INFO - Processing file /home/airflow/.local/lib/python3.7/site-packages/airflow/example_dags/example_branch_labels.py for tasks to queue
[2023-05-13T06:29:45.244+0000] {logging_mixin.py:137} INFO - [2023-05-13T06:29:45.244+0000] {dagbag.py:538} INFO - Filling up the DagBag from /home/airflow/.local/lib/python3.7/site-packages/airflow/example_dags/example_branch_labels.py
[2023-05-13T06:29:45.254+0000] {processor.py:753} INFO - DAG(s) dict_keys(['example_branch_labels']) retrieved from /home/airflow/.local/lib/python3.7/site-packages/airflow/example_dags/example_branch_labels.py
[2023-05-13T06:29:45.269+0000] {logging_mixin.py:137} INFO - [2023-05-13T06:29:45.269+0000] {dag.py:2690} INFO - Sync 1 DAGs
[2023-05-13T06:29:45.282+0000] {logging_mixin.py:137} INFO - [2023-05-13T06:29:45.282+0000] {dag.py:3441} INFO - Setting next_dagrun for example_branch_labels to 2023-05-12T00:00:00+00:00, run_after=2023-05-13T00:00:00+00:00
[2023-05-13T06:29:45.292+0000] {processor.py:175} INFO - Processing /home/airflow/.local/lib/python3.7/site-packages/airflow/example_dags/example_branch_labels.py took 0.051 seconds
[2023-05-13T06:30:15.466+0000] {processor.py:153} INFO - Started process (PID=1115) to work on /home/airflow/.local/lib/python3.7/site-packages/airflow/example_dags/example_branch_labels.py
[2023-05-13T06:30:15.467+0000] {processor.py:743} INFO - Processing file /home/airflow/.local/lib/python3.7/site-packages/airflow/example_dags/example_branch_labels.py for tasks to queue
[2023-05-13T06:30:15.468+0000] {logging_mixin.py:137} INFO - [2023-05-13T06:30:15.468+0000] {dagbag.py:538} INFO - Filling up the DagBag from /home/airflow/.local/lib/python3.7/site-packages/airflow/example_dags/example_branch_labels.py
[2023-05-13T06:30:15.477+0000] {processor.py:753} INFO - DAG(s) dict_keys(['example_branch_labels']) retrieved from /home/airflow/.local/lib/python3.7/site-packages/airflow/example_dags/example_branch_labels.py
[2023-05-13T06:30:15.494+0000] {logging_mixin.py:137} INFO - [2023-05-13T06:30:15.494+0000] {dag.py:2690} INFO - Sync 1 DAGs
[2023-05-13T06:30:15.509+0000] {logging_mixin.py:137} INFO - [2023-05-13T06:30:15.509+0000] {dag.py:3441} INFO - Setting next_dagrun for example_branch_labels to 2023-05-12T00:00:00+00:00, run_after=2023-05-13T00:00:00+00:00
[2023-05-13T06:30:15.521+0000] {processor.py:175} INFO - Processing /home/airflow/.local/lib/python3.7/site-packages/airflow/example_dags/example_branch_labels.py took 0.057 seconds
[2023-05-13T06:30:45.598+0000] {processor.py:153} INFO - Started process (PID=1177) to work on /home/airflow/.local/lib/python3.7/site-packages/airflow/example_dags/example_branch_labels.py
[2023-05-13T06:30:45.599+0000] {processor.py:743} INFO - Processing file /home/airflow/.local/lib/python3.7/site-packages/airflow/example_dags/example_branch_labels.py for tasks to queue
[2023-05-13T06:30:45.600+0000] {logging_mixin.py:137} INFO - [2023-05-13T06:30:45.600+0000] {dagbag.py:538} INFO - Filling up the DagBag from /home/airflow/.local/lib/python3.7/site-packages/airflow/example_dags/example_branch_labels.py
[2023-05-13T06:30:45.608+0000] {processor.py:753} INFO - DAG(s) dict_keys(['example_branch_labels']) retrieved from /home/airflow/.local/lib/python3.7/site-packages/airflow/example_dags/example_branch_labels.py
[2023-05-13T06:30:45.625+0000] {logging_mixin.py:137} INFO - [2023-05-13T06:30:45.625+0000] {dag.py:2690} INFO - Sync 1 DAGs
[2023-05-13T06:30:45.639+0000] {logging_mixin.py:137} INFO - [2023-05-13T06:30:45.639+0000] {dag.py:3441} INFO - Setting next_dagrun for example_branch_labels to 2023-05-12T00:00:00+00:00, run_after=2023-05-13T00:00:00+00:00
[2023-05-13T06:30:45.651+0000] {processor.py:175} INFO - Processing /home/airflow/.local/lib/python3.7/site-packages/airflow/example_dags/example_branch_labels.py took 0.055 seconds
[2023-05-13T06:31:16.624+0000] {processor.py:153} INFO - Started process (PID=1253) to work on /home/airflow/.local/lib/python3.7/site-packages/airflow/example_dags/example_branch_labels.py
[2023-05-13T06:31:16.625+0000] {processor.py:743} INFO - Processing file /home/airflow/.local/lib/python3.7/site-packages/airflow/example_dags/example_branch_labels.py for tasks to queue
[2023-05-13T06:31:16.626+0000] {logging_mixin.py:137} INFO - [2023-05-13T06:31:16.626+0000] {dagbag.py:538} INFO - Filling up the DagBag from /home/airflow/.local/lib/python3.7/site-packages/airflow/example_dags/example_branch_labels.py
[2023-05-13T06:31:16.634+0000] {processor.py:753} INFO - DAG(s) dict_keys(['example_branch_labels']) retrieved from /home/airflow/.local/lib/python3.7/site-packages/airflow/example_dags/example_branch_labels.py
[2023-05-13T06:31:16.650+0000] {logging_mixin.py:137} INFO - [2023-05-13T06:31:16.650+0000] {dag.py:2690} INFO - Sync 1 DAGs
[2023-05-13T06:31:16.664+0000] {logging_mixin.py:137} INFO - [2023-05-13T06:31:16.664+0000] {dag.py:3441} INFO - Setting next_dagrun for example_branch_labels to 2023-05-12T00:00:00+00:00, run_after=2023-05-13T00:00:00+00:00
[2023-05-13T06:31:16.673+0000] {processor.py:175} INFO - Processing /home/airflow/.local/lib/python3.7/site-packages/airflow/example_dags/example_branch_labels.py took 0.052 seconds
[2023-05-13T06:31:46.750+0000] {processor.py:153} INFO - Started process (PID=1327) to work on /home/airflow/.local/lib/python3.7/site-packages/airflow/example_dags/example_branch_labels.py
[2023-05-13T06:31:46.751+0000] {processor.py:743} INFO - Processing file /home/airflow/.local/lib/python3.7/site-packages/airflow/example_dags/example_branch_labels.py for tasks to queue
[2023-05-13T06:31:46.751+0000] {logging_mixin.py:137} INFO - [2023-05-13T06:31:46.751+0000] {dagbag.py:538} INFO - Filling up the DagBag from /home/airflow/.local/lib/python3.7/site-packages/airflow/example_dags/example_branch_labels.py
[2023-05-13T06:31:46.760+0000] {processor.py:753} INFO - DAG(s) dict_keys(['example_branch_labels']) retrieved from /home/airflow/.local/lib/python3.7/site-packages/airflow/example_dags/example_branch_labels.py
[2023-05-13T06:31:46.776+0000] {logging_mixin.py:137} INFO - [2023-05-13T06:31:46.776+0000] {dag.py:2690} INFO - Sync 1 DAGs
[2023-05-13T06:31:46.790+0000] {logging_mixin.py:137} INFO - [2023-05-13T06:31:46.790+0000] {dag.py:3441} INFO - Setting next_dagrun for example_branch_labels to 2023-05-12T00:00:00+00:00, run_after=2023-05-13T00:00:00+00:00
[2023-05-13T06:31:46.798+0000] {processor.py:175} INFO - Processing /home/airflow/.local/lib/python3.7/site-packages/airflow/example_dags/example_branch_labels.py took 0.051 seconds
[2023-05-13T06:32:16.864+0000] {processor.py:153} INFO - Started process (PID=1402) to work on /home/airflow/.local/lib/python3.7/site-packages/airflow/example_dags/example_branch_labels.py
[2023-05-13T06:32:16.865+0000] {processor.py:743} INFO - Processing file /home/airflow/.local/lib/python3.7/site-packages/airflow/example_dags/example_branch_labels.py for tasks to queue
[2023-05-13T06:32:16.865+0000] {logging_mixin.py:137} INFO - [2023-05-13T06:32:16.865+0000] {dagbag.py:538} INFO - Filling up the DagBag from /home/airflow/.local/lib/python3.7/site-packages/airflow/example_dags/example_branch_labels.py
[2023-05-13T06:32:16.874+0000] {processor.py:753} INFO - DAG(s) dict_keys(['example_branch_labels']) retrieved from /home/airflow/.local/lib/python3.7/site-packages/airflow/example_dags/example_branch_labels.py
[2023-05-13T06:32:16.890+0000] {logging_mixin.py:137} INFO - [2023-05-13T06:32:16.890+0000] {dag.py:2690} INFO - Sync 1 DAGs
[2023-05-13T06:32:16.905+0000] {logging_mixin.py:137} INFO - [2023-05-13T06:32:16.905+0000] {dag.py:3441} INFO - Setting next_dagrun for example_branch_labels to 2023-05-12T00:00:00+00:00, run_after=2023-05-13T00:00:00+00:00
[2023-05-13T06:32:16.913+0000] {processor.py:175} INFO - Processing /home/airflow/.local/lib/python3.7/site-packages/airflow/example_dags/example_branch_labels.py took 0.052 seconds
[2023-05-13T06:32:47.938+0000] {processor.py:153} INFO - Started process (PID=1465) to work on /home/airflow/.local/lib/python3.7/site-packages/airflow/example_dags/example_branch_labels.py
[2023-05-13T06:32:47.939+0000] {processor.py:743} INFO - Processing file /home/airflow/.local/lib/python3.7/site-packages/airflow/example_dags/example_branch_labels.py for tasks to queue
[2023-05-13T06:32:47.940+0000] {logging_mixin.py:137} INFO - [2023-05-13T06:32:47.939+0000] {dagbag.py:538} INFO - Filling up the DagBag from /home/airflow/.local/lib/python3.7/site-packages/airflow/example_dags/example_branch_labels.py
[2023-05-13T06:32:47.949+0000] {processor.py:753} INFO - DAG(s) dict_keys(['example_branch_labels']) retrieved from /home/airflow/.local/lib/python3.7/site-packages/airflow/example_dags/example_branch_labels.py
[2023-05-13T06:32:47.966+0000] {logging_mixin.py:137} INFO - [2023-05-13T06:32:47.966+0000] {dag.py:2690} INFO - Sync 1 DAGs
[2023-05-13T06:32:47.980+0000] {logging_mixin.py:137} INFO - [2023-05-13T06:32:47.980+0000] {dag.py:3441} INFO - Setting next_dagrun for example_branch_labels to 2023-05-12T00:00:00+00:00, run_after=2023-05-13T00:00:00+00:00
[2023-05-13T06:32:47.988+0000] {processor.py:175} INFO - Processing /home/airflow/.local/lib/python3.7/site-packages/airflow/example_dags/example_branch_labels.py took 0.054 seconds
[2023-05-13T06:33:18.383+0000] {processor.py:153} INFO - Started process (PID=1541) to work on /home/airflow/.local/lib/python3.7/site-packages/airflow/example_dags/example_branch_labels.py
[2023-05-13T06:33:18.383+0000] {processor.py:743} INFO - Processing file /home/airflow/.local/lib/python3.7/site-packages/airflow/example_dags/example_branch_labels.py for tasks to queue
[2023-05-13T06:33:18.384+0000] {logging_mixin.py:137} INFO - [2023-05-13T06:33:18.384+0000] {dagbag.py:538} INFO - Filling up the DagBag from /home/airflow/.local/lib/python3.7/site-packages/airflow/example_dags/example_branch_labels.py
[2023-05-13T06:33:18.393+0000] {processor.py:753} INFO - DAG(s) dict_keys(['example_branch_labels']) retrieved from /home/airflow/.local/lib/python3.7/site-packages/airflow/example_dags/example_branch_labels.py
[2023-05-13T06:33:18.408+0000] {logging_mixin.py:137} INFO - [2023-05-13T06:33:18.408+0000] {dag.py:2690} INFO - Sync 1 DAGs
[2023-05-13T06:33:18.422+0000] {logging_mixin.py:137} INFO - [2023-05-13T06:33:18.422+0000] {dag.py:3441} INFO - Setting next_dagrun for example_branch_labels to 2023-05-12T00:00:00+00:00, run_after=2023-05-13T00:00:00+00:00
[2023-05-13T06:33:18.431+0000] {processor.py:175} INFO - Processing /home/airflow/.local/lib/python3.7/site-packages/airflow/example_dags/example_branch_labels.py took 0.050 seconds
[2023-05-13T06:33:48.506+0000] {processor.py:153} INFO - Started process (PID=1615) to work on /home/airflow/.local/lib/python3.7/site-packages/airflow/example_dags/example_branch_labels.py
[2023-05-13T06:33:48.507+0000] {processor.py:743} INFO - Processing file /home/airflow/.local/lib/python3.7/site-packages/airflow/example_dags/example_branch_labels.py for tasks to queue
[2023-05-13T06:33:48.507+0000] {logging_mixin.py:137} INFO - [2023-05-13T06:33:48.507+0000] {dagbag.py:538} INFO - Filling up the DagBag from /home/airflow/.local/lib/python3.7/site-packages/airflow/example_dags/example_branch_labels.py
[2023-05-13T06:33:48.516+0000] {processor.py:753} INFO - DAG(s) dict_keys(['example_branch_labels']) retrieved from /home/airflow/.local/lib/python3.7/site-packages/airflow/example_dags/example_branch_labels.py
[2023-05-13T06:33:48.532+0000] {logging_mixin.py:137} INFO - [2023-05-13T06:33:48.532+0000] {dag.py:2690} INFO - Sync 1 DAGs
[2023-05-13T06:33:48.546+0000] {logging_mixin.py:137} INFO - [2023-05-13T06:33:48.546+0000] {dag.py:3441} INFO - Setting next_dagrun for example_branch_labels to 2023-05-12T00:00:00+00:00, run_after=2023-05-13T00:00:00+00:00
[2023-05-13T06:33:48.555+0000] {processor.py:175} INFO - Processing /home/airflow/.local/lib/python3.7/site-packages/airflow/example_dags/example_branch_labels.py took 0.052 seconds
[2023-05-13T06:34:18.653+0000] {processor.py:153} INFO - Started process (PID=1678) to work on /home/airflow/.local/lib/python3.7/site-packages/airflow/example_dags/example_branch_labels.py
[2023-05-13T06:34:18.653+0000] {processor.py:743} INFO - Processing file /home/airflow/.local/lib/python3.7/site-packages/airflow/example_dags/example_branch_labels.py for tasks to queue
[2023-05-13T06:34:18.654+0000] {logging_mixin.py:137} INFO - [2023-05-13T06:34:18.654+0000] {dagbag.py:538} INFO - Filling up the DagBag from /home/airflow/.local/lib/python3.7/site-packages/airflow/example_dags/example_branch_labels.py
[2023-05-13T06:34:18.663+0000] {processor.py:753} INFO - DAG(s) dict_keys(['example_branch_labels']) retrieved from /home/airflow/.local/lib/python3.7/site-packages/airflow/example_dags/example_branch_labels.py
[2023-05-13T06:34:18.678+0000] {logging_mixin.py:137} INFO - [2023-05-13T06:34:18.678+0000] {dag.py:2690} INFO - Sync 1 DAGs
[2023-05-13T06:34:18.692+0000] {logging_mixin.py:137} INFO - [2023-05-13T06:34:18.692+0000] {dag.py:3441} INFO - Setting next_dagrun for example_branch_labels to 2023-05-12T00:00:00+00:00, run_after=2023-05-13T00:00:00+00:00
[2023-05-13T06:34:18.701+0000] {processor.py:175} INFO - Processing /home/airflow/.local/lib/python3.7/site-packages/airflow/example_dags/example_branch_labels.py took 0.051 seconds
[2023-05-13T06:34:49.713+0000] {processor.py:153} INFO - Started process (PID=1754) to work on /home/airflow/.local/lib/python3.7/site-packages/airflow/example_dags/example_branch_labels.py
[2023-05-13T06:34:49.714+0000] {processor.py:743} INFO - Processing file /home/airflow/.local/lib/python3.7/site-packages/airflow/example_dags/example_branch_labels.py for tasks to queue
[2023-05-13T06:34:49.715+0000] {logging_mixin.py:137} INFO - [2023-05-13T06:34:49.715+0000] {dagbag.py:538} INFO - Filling up the DagBag from /home/airflow/.local/lib/python3.7/site-packages/airflow/example_dags/example_branch_labels.py
[2023-05-13T06:34:49.724+0000] {processor.py:753} INFO - DAG(s) dict_keys(['example_branch_labels']) retrieved from /home/airflow/.local/lib/python3.7/site-packages/airflow/example_dags/example_branch_labels.py
[2023-05-13T06:34:49.740+0000] {logging_mixin.py:137} INFO - [2023-05-13T06:34:49.740+0000] {dag.py:2690} INFO - Sync 1 DAGs
[2023-05-13T06:34:49.754+0000] {logging_mixin.py:137} INFO - [2023-05-13T06:34:49.754+0000] {dag.py:3441} INFO - Setting next_dagrun for example_branch_labels to 2023-05-12T00:00:00+00:00, run_after=2023-05-13T00:00:00+00:00
[2023-05-13T06:34:49.763+0000] {processor.py:175} INFO - Processing /home/airflow/.local/lib/python3.7/site-packages/airflow/example_dags/example_branch_labels.py took 0.053 seconds
[2023-05-13T06:35:20.696+0000] {processor.py:153} INFO - Started process (PID=1828) to work on /home/airflow/.local/lib/python3.7/site-packages/airflow/example_dags/example_branch_labels.py
[2023-05-13T06:35:20.697+0000] {processor.py:743} INFO - Processing file /home/airflow/.local/lib/python3.7/site-packages/airflow/example_dags/example_branch_labels.py for tasks to queue
[2023-05-13T06:35:20.697+0000] {logging_mixin.py:137} INFO - [2023-05-13T06:35:20.697+0000] {dagbag.py:538} INFO - Filling up the DagBag from /home/airflow/.local/lib/python3.7/site-packages/airflow/example_dags/example_branch_labels.py
[2023-05-13T06:35:20.706+0000] {processor.py:753} INFO - DAG(s) dict_keys(['example_branch_labels']) retrieved from /home/airflow/.local/lib/python3.7/site-packages/airflow/example_dags/example_branch_labels.py
[2023-05-13T06:35:20.721+0000] {logging_mixin.py:137} INFO - [2023-05-13T06:35:20.721+0000] {dag.py:2690} INFO - Sync 1 DAGs
[2023-05-13T06:35:20.735+0000] {logging_mixin.py:137} INFO - [2023-05-13T06:35:20.735+0000] {dag.py:3441} INFO - Setting next_dagrun for example_branch_labels to 2023-05-12T00:00:00+00:00, run_after=2023-05-13T00:00:00+00:00
[2023-05-13T06:35:20.744+0000] {processor.py:175} INFO - Processing /home/airflow/.local/lib/python3.7/site-packages/airflow/example_dags/example_branch_labels.py took 0.051 seconds
[2023-05-13T06:35:50.824+0000] {processor.py:153} INFO - Started process (PID=1903) to work on /home/airflow/.local/lib/python3.7/site-packages/airflow/example_dags/example_branch_labels.py
[2023-05-13T06:35:50.825+0000] {processor.py:743} INFO - Processing file /home/airflow/.local/lib/python3.7/site-packages/airflow/example_dags/example_branch_labels.py for tasks to queue
[2023-05-13T06:35:50.825+0000] {logging_mixin.py:137} INFO - [2023-05-13T06:35:50.825+0000] {dagbag.py:538} INFO - Filling up the DagBag from /home/airflow/.local/lib/python3.7/site-packages/airflow/example_dags/example_branch_labels.py
[2023-05-13T06:35:50.834+0000] {processor.py:753} INFO - DAG(s) dict_keys(['example_branch_labels']) retrieved from /home/airflow/.local/lib/python3.7/site-packages/airflow/example_dags/example_branch_labels.py
[2023-05-13T06:35:50.851+0000] {logging_mixin.py:137} INFO - [2023-05-13T06:35:50.851+0000] {dag.py:2690} INFO - Sync 1 DAGs
[2023-05-13T06:35:50.865+0000] {logging_mixin.py:137} INFO - [2023-05-13T06:35:50.865+0000] {dag.py:3441} INFO - Setting next_dagrun for example_branch_labels to 2023-05-12T00:00:00+00:00, run_after=2023-05-13T00:00:00+00:00
[2023-05-13T06:35:50.874+0000] {processor.py:175} INFO - Processing /home/airflow/.local/lib/python3.7/site-packages/airflow/example_dags/example_branch_labels.py took 0.052 seconds
[2023-05-13T06:36:21.917+0000] {processor.py:153} INFO - Started process (PID=1965) to work on /home/airflow/.local/lib/python3.7/site-packages/airflow/example_dags/example_branch_labels.py
[2023-05-13T06:36:21.918+0000] {processor.py:743} INFO - Processing file /home/airflow/.local/lib/python3.7/site-packages/airflow/example_dags/example_branch_labels.py for tasks to queue
[2023-05-13T06:36:21.918+0000] {logging_mixin.py:137} INFO - [2023-05-13T06:36:21.918+0000] {dagbag.py:538} INFO - Filling up the DagBag from /home/airflow/.local/lib/python3.7/site-packages/airflow/example_dags/example_branch_labels.py
[2023-05-13T06:36:21.927+0000] {processor.py:753} INFO - DAG(s) dict_keys(['example_branch_labels']) retrieved from /home/airflow/.local/lib/python3.7/site-packages/airflow/example_dags/example_branch_labels.py
[2023-05-13T06:36:21.942+0000] {logging_mixin.py:137} INFO - [2023-05-13T06:36:21.942+0000] {dag.py:2690} INFO - Sync 1 DAGs
[2023-05-13T06:36:21.956+0000] {logging_mixin.py:137} INFO - [2023-05-13T06:36:21.956+0000] {dag.py:3441} INFO - Setting next_dagrun for example_branch_labels to 2023-05-12T00:00:00+00:00, run_after=2023-05-13T00:00:00+00:00
[2023-05-13T06:36:21.965+0000] {processor.py:175} INFO - Processing /home/airflow/.local/lib/python3.7/site-packages/airflow/example_dags/example_branch_labels.py took 0.051 seconds
[2023-05-13T06:42:12.382+0000] {processor.py:153} INFO - Started process (PID=2710) to work on /home/airflow/.local/lib/python3.7/site-packages/airflow/example_dags/example_branch_labels.py
[2023-05-13T06:42:12.383+0000] {processor.py:743} INFO - Processing file /home/airflow/.local/lib/python3.7/site-packages/airflow/example_dags/example_branch_labels.py for tasks to queue
[2023-05-13T06:42:12.384+0000] {logging_mixin.py:137} INFO - [2023-05-13T06:42:12.384+0000] {dagbag.py:538} INFO - Filling up the DagBag from /home/airflow/.local/lib/python3.7/site-packages/airflow/example_dags/example_branch_labels.py
[2023-05-13T06:42:12.393+0000] {processor.py:753} INFO - DAG(s) dict_keys(['example_branch_labels']) retrieved from /home/airflow/.local/lib/python3.7/site-packages/airflow/example_dags/example_branch_labels.py
[2023-05-13T06:42:12.430+0000] {logging_mixin.py:137} INFO - [2023-05-13T06:42:12.430+0000] {dag.py:2690} INFO - Sync 1 DAGs
[2023-05-13T06:42:12.441+0000] {logging_mixin.py:137} INFO - [2023-05-13T06:42:12.441+0000] {dag.py:3441} INFO - Setting next_dagrun for example_branch_labels to 2023-05-12T00:00:00+00:00, run_after=2023-05-13T00:00:00+00:00
[2023-05-13T06:42:12.452+0000] {processor.py:175} INFO - Processing /home/airflow/.local/lib/python3.7/site-packages/airflow/example_dags/example_branch_labels.py took 0.072 seconds
