[2023-05-13T06:22:37.539+0000] {processor.py:153} INFO - Started process (PID=45) to work on /home/airflow/.local/lib/python3.7/site-packages/airflow/example_dags/example_python_operator.py
[2023-05-13T06:22:37.540+0000] {processor.py:743} INFO - Processing file /home/airflow/.local/lib/python3.7/site-packages/airflow/example_dags/example_python_operator.py for tasks to queue
[2023-05-13T06:22:37.544+0000] {logging_mixin.py:137} INFO - [2023-05-13T06:22:37.543+0000] {dagbag.py:538} INFO - Filling up the DagBag from /home/airflow/.local/lib/python3.7/site-packages/airflow/example_dags/example_python_operator.py
[2023-05-13T06:22:37.564+0000] {logging_mixin.py:137} INFO - [2023-05-13T06:22:37.564+0000] {taskmixin.py:205} WARNING - Dependency <Task(_PythonDecoratedOperator): print_the_context>, log_sql_query already registered for DAG: example_python_operator
[2023-05-13T06:22:37.565+0000] {logging_mixin.py:137} INFO - [2023-05-13T06:22:37.565+0000] {taskmixin.py:205} WARNING - Dependency <Task(_PythonDecoratedOperator): log_sql_query>, print_the_context already registered for DAG: example_python_operator
[2023-05-13T06:22:37.566+0000] {logging_mixin.py:137} INFO - [2023-05-13T06:22:37.566+0000] {taskmixin.py:205} WARNING - Dependency <Task(_PythonDecoratedOperator): print_the_context>, log_sql_query already registered for DAG: example_python_operator
[2023-05-13T06:22:37.567+0000] {logging_mixin.py:137} INFO - [2023-05-13T06:22:37.567+0000] {taskmixin.py:205} WARNING - Dependency <Task(_PythonDecoratedOperator): log_sql_query>, print_the_context already registered for DAG: example_python_operator
[2023-05-13T06:22:37.568+0000] {logging_mixin.py:137} INFO - [2023-05-13T06:22:37.568+0000] {taskmixin.py:205} WARNING - Dependency <Task(_PythonDecoratedOperator): print_the_context>, log_sql_query already registered for DAG: example_python_operator
[2023-05-13T06:22:37.570+0000] {logging_mixin.py:137} INFO - [2023-05-13T06:22:37.570+0000] {taskmixin.py:205} WARNING - Dependency <Task(_PythonDecoratedOperator): log_sql_query>, print_the_context already registered for DAG: example_python_operator
[2023-05-13T06:22:37.572+0000] {logging_mixin.py:137} INFO - [2023-05-13T06:22:37.572+0000] {taskmixin.py:205} WARNING - Dependency <Task(_PythonDecoratedOperator): print_the_context>, log_sql_query already registered for DAG: example_python_operator
[2023-05-13T06:22:37.573+0000] {logging_mixin.py:137} INFO - [2023-05-13T06:22:37.573+0000] {taskmixin.py:205} WARNING - Dependency <Task(_PythonDecoratedOperator): log_sql_query>, print_the_context already registered for DAG: example_python_operator
[2023-05-13T06:22:37.577+0000] {processor.py:753} INFO - DAG(s) dict_keys(['example_python_operator']) retrieved from /home/airflow/.local/lib/python3.7/site-packages/airflow/example_dags/example_python_operator.py
[2023-05-13T06:22:37.632+0000] {logging_mixin.py:137} INFO - [2023-05-13T06:22:37.632+0000] {dag.py:2690} INFO - Sync 1 DAGs
[2023-05-13T06:22:37.648+0000] {logging_mixin.py:137} INFO - [2023-05-13T06:22:37.648+0000] {dag.py:3441} INFO - Setting next_dagrun for example_python_operator to None, run_after=None
[2023-05-13T06:22:37.680+0000] {processor.py:175} INFO - Processing /home/airflow/.local/lib/python3.7/site-packages/airflow/example_dags/example_python_operator.py took 0.143 seconds
[2023-05-13T06:23:08.653+0000] {processor.py:153} INFO - Started process (PID=120) to work on /home/airflow/.local/lib/python3.7/site-packages/airflow/example_dags/example_python_operator.py
[2023-05-13T06:23:08.654+0000] {processor.py:743} INFO - Processing file /home/airflow/.local/lib/python3.7/site-packages/airflow/example_dags/example_python_operator.py for tasks to queue
[2023-05-13T06:23:08.655+0000] {logging_mixin.py:137} INFO - [2023-05-13T06:23:08.655+0000] {dagbag.py:538} INFO - Filling up the DagBag from /home/airflow/.local/lib/python3.7/site-packages/airflow/example_dags/example_python_operator.py
[2023-05-13T06:23:08.671+0000] {logging_mixin.py:137} INFO - [2023-05-13T06:23:08.671+0000] {taskmixin.py:205} WARNING - Dependency <Task(_PythonDecoratedOperator): print_the_context>, log_sql_query already registered for DAG: example_python_operator
[2023-05-13T06:23:08.672+0000] {logging_mixin.py:137} INFO - [2023-05-13T06:23:08.671+0000] {taskmixin.py:205} WARNING - Dependency <Task(_PythonDecoratedOperator): log_sql_query>, print_the_context already registered for DAG: example_python_operator
[2023-05-13T06:23:08.672+0000] {logging_mixin.py:137} INFO - [2023-05-13T06:23:08.672+0000] {taskmixin.py:205} WARNING - Dependency <Task(_PythonDecoratedOperator): print_the_context>, log_sql_query already registered for DAG: example_python_operator
[2023-05-13T06:23:08.673+0000] {logging_mixin.py:137} INFO - [2023-05-13T06:23:08.673+0000] {taskmixin.py:205} WARNING - Dependency <Task(_PythonDecoratedOperator): log_sql_query>, print_the_context already registered for DAG: example_python_operator
[2023-05-13T06:23:08.674+0000] {logging_mixin.py:137} INFO - [2023-05-13T06:23:08.674+0000] {taskmixin.py:205} WARNING - Dependency <Task(_PythonDecoratedOperator): print_the_context>, log_sql_query already registered for DAG: example_python_operator
[2023-05-13T06:23:08.674+0000] {logging_mixin.py:137} INFO - [2023-05-13T06:23:08.674+0000] {taskmixin.py:205} WARNING - Dependency <Task(_PythonDecoratedOperator): log_sql_query>, print_the_context already registered for DAG: example_python_operator
[2023-05-13T06:23:08.675+0000] {logging_mixin.py:137} INFO - [2023-05-13T06:23:08.675+0000] {taskmixin.py:205} WARNING - Dependency <Task(_PythonDecoratedOperator): print_the_context>, log_sql_query already registered for DAG: example_python_operator
[2023-05-13T06:23:08.675+0000] {logging_mixin.py:137} INFO - [2023-05-13T06:23:08.675+0000] {taskmixin.py:205} WARNING - Dependency <Task(_PythonDecoratedOperator): log_sql_query>, print_the_context already registered for DAG: example_python_operator
[2023-05-13T06:23:08.680+0000] {processor.py:753} INFO - DAG(s) dict_keys(['example_python_operator']) retrieved from /home/airflow/.local/lib/python3.7/site-packages/airflow/example_dags/example_python_operator.py
[2023-05-13T06:23:08.699+0000] {logging_mixin.py:137} INFO - [2023-05-13T06:23:08.699+0000] {dag.py:2690} INFO - Sync 1 DAGs
[2023-05-13T06:23:08.712+0000] {logging_mixin.py:137} INFO - [2023-05-13T06:23:08.712+0000] {dag.py:3441} INFO - Setting next_dagrun for example_python_operator to None, run_after=None
[2023-05-13T06:23:08.721+0000] {processor.py:175} INFO - Processing /home/airflow/.local/lib/python3.7/site-packages/airflow/example_dags/example_python_operator.py took 0.073 seconds
[2023-05-13T06:23:39.419+0000] {processor.py:153} INFO - Started process (PID=195) to work on /home/airflow/.local/lib/python3.7/site-packages/airflow/example_dags/example_python_operator.py
[2023-05-13T06:23:39.420+0000] {processor.py:743} INFO - Processing file /home/airflow/.local/lib/python3.7/site-packages/airflow/example_dags/example_python_operator.py for tasks to queue
[2023-05-13T06:23:39.421+0000] {logging_mixin.py:137} INFO - [2023-05-13T06:23:39.421+0000] {dagbag.py:538} INFO - Filling up the DagBag from /home/airflow/.local/lib/python3.7/site-packages/airflow/example_dags/example_python_operator.py
[2023-05-13T06:23:39.431+0000] {logging_mixin.py:137} INFO - [2023-05-13T06:23:39.431+0000] {taskmixin.py:205} WARNING - Dependency <Task(_PythonDecoratedOperator): print_the_context>, log_sql_query already registered for DAG: example_python_operator
[2023-05-13T06:23:39.432+0000] {logging_mixin.py:137} INFO - [2023-05-13T06:23:39.432+0000] {taskmixin.py:205} WARNING - Dependency <Task(_PythonDecoratedOperator): log_sql_query>, print_the_context already registered for DAG: example_python_operator
[2023-05-13T06:23:39.432+0000] {logging_mixin.py:137} INFO - [2023-05-13T06:23:39.432+0000] {taskmixin.py:205} WARNING - Dependency <Task(_PythonDecoratedOperator): print_the_context>, log_sql_query already registered for DAG: example_python_operator
[2023-05-13T06:23:39.433+0000] {logging_mixin.py:137} INFO - [2023-05-13T06:23:39.433+0000] {taskmixin.py:205} WARNING - Dependency <Task(_PythonDecoratedOperator): log_sql_query>, print_the_context already registered for DAG: example_python_operator
[2023-05-13T06:23:39.434+0000] {logging_mixin.py:137} INFO - [2023-05-13T06:23:39.434+0000] {taskmixin.py:205} WARNING - Dependency <Task(_PythonDecoratedOperator): print_the_context>, log_sql_query already registered for DAG: example_python_operator
[2023-05-13T06:23:39.434+0000] {logging_mixin.py:137} INFO - [2023-05-13T06:23:39.434+0000] {taskmixin.py:205} WARNING - Dependency <Task(_PythonDecoratedOperator): log_sql_query>, print_the_context already registered for DAG: example_python_operator
[2023-05-13T06:23:39.435+0000] {logging_mixin.py:137} INFO - [2023-05-13T06:23:39.435+0000] {taskmixin.py:205} WARNING - Dependency <Task(_PythonDecoratedOperator): print_the_context>, log_sql_query already registered for DAG: example_python_operator
[2023-05-13T06:23:39.435+0000] {logging_mixin.py:137} INFO - [2023-05-13T06:23:39.435+0000] {taskmixin.py:205} WARNING - Dependency <Task(_PythonDecoratedOperator): log_sql_query>, print_the_context already registered for DAG: example_python_operator
[2023-05-13T06:23:39.440+0000] {processor.py:753} INFO - DAG(s) dict_keys(['example_python_operator']) retrieved from /home/airflow/.local/lib/python3.7/site-packages/airflow/example_dags/example_python_operator.py
[2023-05-13T06:23:39.465+0000] {logging_mixin.py:137} INFO - [2023-05-13T06:23:39.465+0000] {dag.py:2690} INFO - Sync 1 DAGs
[2023-05-13T06:23:39.485+0000] {logging_mixin.py:137} INFO - [2023-05-13T06:23:39.485+0000] {dag.py:3441} INFO - Setting next_dagrun for example_python_operator to None, run_after=None
[2023-05-13T06:23:39.495+0000] {processor.py:175} INFO - Processing /home/airflow/.local/lib/python3.7/site-packages/airflow/example_dags/example_python_operator.py took 0.077 seconds
[2023-05-13T06:24:10.398+0000] {processor.py:153} INFO - Started process (PID=259) to work on /home/airflow/.local/lib/python3.7/site-packages/airflow/example_dags/example_python_operator.py
[2023-05-13T06:24:10.400+0000] {processor.py:743} INFO - Processing file /home/airflow/.local/lib/python3.7/site-packages/airflow/example_dags/example_python_operator.py for tasks to queue
[2023-05-13T06:24:10.400+0000] {logging_mixin.py:137} INFO - [2023-05-13T06:24:10.400+0000] {dagbag.py:538} INFO - Filling up the DagBag from /home/airflow/.local/lib/python3.7/site-packages/airflow/example_dags/example_python_operator.py
[2023-05-13T06:24:10.416+0000] {logging_mixin.py:137} INFO - [2023-05-13T06:24:10.416+0000] {taskmixin.py:205} WARNING - Dependency <Task(_PythonDecoratedOperator): print_the_context>, log_sql_query already registered for DAG: example_python_operator
[2023-05-13T06:24:10.417+0000] {logging_mixin.py:137} INFO - [2023-05-13T06:24:10.417+0000] {taskmixin.py:205} WARNING - Dependency <Task(_PythonDecoratedOperator): log_sql_query>, print_the_context already registered for DAG: example_python_operator
[2023-05-13T06:24:10.418+0000] {logging_mixin.py:137} INFO - [2023-05-13T06:24:10.417+0000] {taskmixin.py:205} WARNING - Dependency <Task(_PythonDecoratedOperator): print_the_context>, log_sql_query already registered for DAG: example_python_operator
[2023-05-13T06:24:10.418+0000] {logging_mixin.py:137} INFO - [2023-05-13T06:24:10.418+0000] {taskmixin.py:205} WARNING - Dependency <Task(_PythonDecoratedOperator): log_sql_query>, print_the_context already registered for DAG: example_python_operator
[2023-05-13T06:24:10.419+0000] {logging_mixin.py:137} INFO - [2023-05-13T06:24:10.419+0000] {taskmixin.py:205} WARNING - Dependency <Task(_PythonDecoratedOperator): print_the_context>, log_sql_query already registered for DAG: example_python_operator
[2023-05-13T06:24:10.419+0000] {logging_mixin.py:137} INFO - [2023-05-13T06:24:10.419+0000] {taskmixin.py:205} WARNING - Dependency <Task(_PythonDecoratedOperator): log_sql_query>, print_the_context already registered for DAG: example_python_operator
[2023-05-13T06:24:10.420+0000] {logging_mixin.py:137} INFO - [2023-05-13T06:24:10.420+0000] {taskmixin.py:205} WARNING - Dependency <Task(_PythonDecoratedOperator): print_the_context>, log_sql_query already registered for DAG: example_python_operator
[2023-05-13T06:24:10.421+0000] {logging_mixin.py:137} INFO - [2023-05-13T06:24:10.421+0000] {taskmixin.py:205} WARNING - Dependency <Task(_PythonDecoratedOperator): log_sql_query>, print_the_context already registered for DAG: example_python_operator
[2023-05-13T06:24:10.426+0000] {processor.py:753} INFO - DAG(s) dict_keys(['example_python_operator']) retrieved from /home/airflow/.local/lib/python3.7/site-packages/airflow/example_dags/example_python_operator.py
[2023-05-13T06:24:10.445+0000] {logging_mixin.py:137} INFO - [2023-05-13T06:24:10.445+0000] {dag.py:2690} INFO - Sync 1 DAGs
[2023-05-13T06:24:10.458+0000] {logging_mixin.py:137} INFO - [2023-05-13T06:24:10.458+0000] {dag.py:3441} INFO - Setting next_dagrun for example_python_operator to None, run_after=None
[2023-05-13T06:24:10.467+0000] {processor.py:175} INFO - Processing /home/airflow/.local/lib/python3.7/site-packages/airflow/example_dags/example_python_operator.py took 0.074 seconds
[2023-05-13T06:24:41.243+0000] {processor.py:153} INFO - Started process (PID=334) to work on /home/airflow/.local/lib/python3.7/site-packages/airflow/example_dags/example_python_operator.py
[2023-05-13T06:24:41.245+0000] {processor.py:743} INFO - Processing file /home/airflow/.local/lib/python3.7/site-packages/airflow/example_dags/example_python_operator.py for tasks to queue
[2023-05-13T06:24:41.246+0000] {logging_mixin.py:137} INFO - [2023-05-13T06:24:41.245+0000] {dagbag.py:538} INFO - Filling up the DagBag from /home/airflow/.local/lib/python3.7/site-packages/airflow/example_dags/example_python_operator.py
[2023-05-13T06:24:41.261+0000] {logging_mixin.py:137} INFO - [2023-05-13T06:24:41.261+0000] {taskmixin.py:205} WARNING - Dependency <Task(_PythonDecoratedOperator): print_the_context>, log_sql_query already registered for DAG: example_python_operator
[2023-05-13T06:24:41.262+0000] {logging_mixin.py:137} INFO - [2023-05-13T06:24:41.262+0000] {taskmixin.py:205} WARNING - Dependency <Task(_PythonDecoratedOperator): log_sql_query>, print_the_context already registered for DAG: example_python_operator
[2023-05-13T06:24:41.262+0000] {logging_mixin.py:137} INFO - [2023-05-13T06:24:41.262+0000] {taskmixin.py:205} WARNING - Dependency <Task(_PythonDecoratedOperator): print_the_context>, log_sql_query already registered for DAG: example_python_operator
[2023-05-13T06:24:41.263+0000] {logging_mixin.py:137} INFO - [2023-05-13T06:24:41.263+0000] {taskmixin.py:205} WARNING - Dependency <Task(_PythonDecoratedOperator): log_sql_query>, print_the_context already registered for DAG: example_python_operator
[2023-05-13T06:24:41.264+0000] {logging_mixin.py:137} INFO - [2023-05-13T06:24:41.264+0000] {taskmixin.py:205} WARNING - Dependency <Task(_PythonDecoratedOperator): print_the_context>, log_sql_query already registered for DAG: example_python_operator
[2023-05-13T06:24:41.264+0000] {logging_mixin.py:137} INFO - [2023-05-13T06:24:41.264+0000] {taskmixin.py:205} WARNING - Dependency <Task(_PythonDecoratedOperator): log_sql_query>, print_the_context already registered for DAG: example_python_operator
[2023-05-13T06:24:41.265+0000] {logging_mixin.py:137} INFO - [2023-05-13T06:24:41.265+0000] {taskmixin.py:205} WARNING - Dependency <Task(_PythonDecoratedOperator): print_the_context>, log_sql_query already registered for DAG: example_python_operator
[2023-05-13T06:24:41.265+0000] {logging_mixin.py:137} INFO - [2023-05-13T06:24:41.265+0000] {taskmixin.py:205} WARNING - Dependency <Task(_PythonDecoratedOperator): log_sql_query>, print_the_context already registered for DAG: example_python_operator
[2023-05-13T06:24:41.270+0000] {processor.py:753} INFO - DAG(s) dict_keys(['example_python_operator']) retrieved from /home/airflow/.local/lib/python3.7/site-packages/airflow/example_dags/example_python_operator.py
[2023-05-13T06:24:41.289+0000] {logging_mixin.py:137} INFO - [2023-05-13T06:24:41.288+0000] {dag.py:2690} INFO - Sync 1 DAGs
[2023-05-13T06:24:41.302+0000] {logging_mixin.py:137} INFO - [2023-05-13T06:24:41.302+0000] {dag.py:3441} INFO - Setting next_dagrun for example_python_operator to None, run_after=None
[2023-05-13T06:24:41.312+0000] {processor.py:175} INFO - Processing /home/airflow/.local/lib/python3.7/site-packages/airflow/example_dags/example_python_operator.py took 0.073 seconds
[2023-05-13T06:25:11.974+0000] {processor.py:153} INFO - Started process (PID=408) to work on /home/airflow/.local/lib/python3.7/site-packages/airflow/example_dags/example_python_operator.py
[2023-05-13T06:25:11.974+0000] {processor.py:743} INFO - Processing file /home/airflow/.local/lib/python3.7/site-packages/airflow/example_dags/example_python_operator.py for tasks to queue
[2023-05-13T06:25:11.975+0000] {logging_mixin.py:137} INFO - [2023-05-13T06:25:11.975+0000] {dagbag.py:538} INFO - Filling up the DagBag from /home/airflow/.local/lib/python3.7/site-packages/airflow/example_dags/example_python_operator.py
[2023-05-13T06:25:11.985+0000] {logging_mixin.py:137} INFO - [2023-05-13T06:25:11.985+0000] {taskmixin.py:205} WARNING - Dependency <Task(_PythonDecoratedOperator): print_the_context>, log_sql_query already registered for DAG: example_python_operator
[2023-05-13T06:25:11.986+0000] {logging_mixin.py:137} INFO - [2023-05-13T06:25:11.986+0000] {taskmixin.py:205} WARNING - Dependency <Task(_PythonDecoratedOperator): log_sql_query>, print_the_context already registered for DAG: example_python_operator
[2023-05-13T06:25:11.986+0000] {logging_mixin.py:137} INFO - [2023-05-13T06:25:11.986+0000] {taskmixin.py:205} WARNING - Dependency <Task(_PythonDecoratedOperator): print_the_context>, log_sql_query already registered for DAG: example_python_operator
[2023-05-13T06:25:11.987+0000] {logging_mixin.py:137} INFO - [2023-05-13T06:25:11.987+0000] {taskmixin.py:205} WARNING - Dependency <Task(_PythonDecoratedOperator): log_sql_query>, print_the_context already registered for DAG: example_python_operator
[2023-05-13T06:25:11.987+0000] {logging_mixin.py:137} INFO - [2023-05-13T06:25:11.987+0000] {taskmixin.py:205} WARNING - Dependency <Task(_PythonDecoratedOperator): print_the_context>, log_sql_query already registered for DAG: example_python_operator
[2023-05-13T06:25:11.988+0000] {logging_mixin.py:137} INFO - [2023-05-13T06:25:11.988+0000] {taskmixin.py:205} WARNING - Dependency <Task(_PythonDecoratedOperator): log_sql_query>, print_the_context already registered for DAG: example_python_operator
[2023-05-13T06:25:11.989+0000] {logging_mixin.py:137} INFO - [2023-05-13T06:25:11.988+0000] {taskmixin.py:205} WARNING - Dependency <Task(_PythonDecoratedOperator): print_the_context>, log_sql_query already registered for DAG: example_python_operator
[2023-05-13T06:25:11.989+0000] {logging_mixin.py:137} INFO - [2023-05-13T06:25:11.989+0000] {taskmixin.py:205} WARNING - Dependency <Task(_PythonDecoratedOperator): log_sql_query>, print_the_context already registered for DAG: example_python_operator
[2023-05-13T06:25:11.993+0000] {processor.py:753} INFO - DAG(s) dict_keys(['example_python_operator']) retrieved from /home/airflow/.local/lib/python3.7/site-packages/airflow/example_dags/example_python_operator.py
[2023-05-13T06:25:12.010+0000] {logging_mixin.py:137} INFO - [2023-05-13T06:25:12.010+0000] {dag.py:2690} INFO - Sync 1 DAGs
[2023-05-13T06:25:12.024+0000] {logging_mixin.py:137} INFO - [2023-05-13T06:25:12.024+0000] {dag.py:3441} INFO - Setting next_dagrun for example_python_operator to None, run_after=None
[2023-05-13T06:25:12.033+0000] {processor.py:175} INFO - Processing /home/airflow/.local/lib/python3.7/site-packages/airflow/example_dags/example_python_operator.py took 0.062 seconds
[2023-05-13T06:25:42.816+0000] {processor.py:153} INFO - Started process (PID=479) to work on /home/airflow/.local/lib/python3.7/site-packages/airflow/example_dags/example_python_operator.py
[2023-05-13T06:25:42.817+0000] {processor.py:743} INFO - Processing file /home/airflow/.local/lib/python3.7/site-packages/airflow/example_dags/example_python_operator.py for tasks to queue
[2023-05-13T06:25:42.817+0000] {logging_mixin.py:137} INFO - [2023-05-13T06:25:42.817+0000] {dagbag.py:538} INFO - Filling up the DagBag from /home/airflow/.local/lib/python3.7/site-packages/airflow/example_dags/example_python_operator.py
[2023-05-13T06:25:42.827+0000] {logging_mixin.py:137} INFO - [2023-05-13T06:25:42.827+0000] {taskmixin.py:205} WARNING - Dependency <Task(_PythonDecoratedOperator): print_the_context>, log_sql_query already registered for DAG: example_python_operator
[2023-05-13T06:25:42.831+0000] {logging_mixin.py:137} INFO - [2023-05-13T06:25:42.830+0000] {taskmixin.py:205} WARNING - Dependency <Task(_PythonDecoratedOperator): log_sql_query>, print_the_context already registered for DAG: example_python_operator
[2023-05-13T06:25:42.832+0000] {logging_mixin.py:137} INFO - [2023-05-13T06:25:42.832+0000] {taskmixin.py:205} WARNING - Dependency <Task(_PythonDecoratedOperator): print_the_context>, log_sql_query already registered for DAG: example_python_operator
[2023-05-13T06:25:42.832+0000] {logging_mixin.py:137} INFO - [2023-05-13T06:25:42.832+0000] {taskmixin.py:205} WARNING - Dependency <Task(_PythonDecoratedOperator): log_sql_query>, print_the_context already registered for DAG: example_python_operator
[2023-05-13T06:25:42.833+0000] {logging_mixin.py:137} INFO - [2023-05-13T06:25:42.833+0000] {taskmixin.py:205} WARNING - Dependency <Task(_PythonDecoratedOperator): print_the_context>, log_sql_query already registered for DAG: example_python_operator
[2023-05-13T06:25:42.834+0000] {logging_mixin.py:137} INFO - [2023-05-13T06:25:42.834+0000] {taskmixin.py:205} WARNING - Dependency <Task(_PythonDecoratedOperator): log_sql_query>, print_the_context already registered for DAG: example_python_operator
[2023-05-13T06:25:42.835+0000] {logging_mixin.py:137} INFO - [2023-05-13T06:25:42.835+0000] {taskmixin.py:205} WARNING - Dependency <Task(_PythonDecoratedOperator): print_the_context>, log_sql_query already registered for DAG: example_python_operator
[2023-05-13T06:25:42.836+0000] {logging_mixin.py:137} INFO - [2023-05-13T06:25:42.836+0000] {taskmixin.py:205} WARNING - Dependency <Task(_PythonDecoratedOperator): log_sql_query>, print_the_context already registered for DAG: example_python_operator
[2023-05-13T06:25:42.846+0000] {processor.py:753} INFO - DAG(s) dict_keys(['example_python_operator']) retrieved from /home/airflow/.local/lib/python3.7/site-packages/airflow/example_dags/example_python_operator.py
[2023-05-13T06:25:42.865+0000] {logging_mixin.py:137} INFO - [2023-05-13T06:25:42.865+0000] {dag.py:2690} INFO - Sync 1 DAGs
[2023-05-13T06:25:42.879+0000] {logging_mixin.py:137} INFO - [2023-05-13T06:25:42.879+0000] {dag.py:3441} INFO - Setting next_dagrun for example_python_operator to None, run_after=None
[2023-05-13T06:25:42.889+0000] {processor.py:175} INFO - Processing /home/airflow/.local/lib/python3.7/site-packages/airflow/example_dags/example_python_operator.py took 0.076 seconds
[2023-05-13T06:26:12.953+0000] {processor.py:153} INFO - Started process (PID=546) to work on /home/airflow/.local/lib/python3.7/site-packages/airflow/example_dags/example_python_operator.py
[2023-05-13T06:26:12.954+0000] {processor.py:743} INFO - Processing file /home/airflow/.local/lib/python3.7/site-packages/airflow/example_dags/example_python_operator.py for tasks to queue
[2023-05-13T06:26:12.955+0000] {logging_mixin.py:137} INFO - [2023-05-13T06:26:12.955+0000] {dagbag.py:538} INFO - Filling up the DagBag from /home/airflow/.local/lib/python3.7/site-packages/airflow/example_dags/example_python_operator.py
[2023-05-13T06:26:12.971+0000] {logging_mixin.py:137} INFO - [2023-05-13T06:26:12.971+0000] {taskmixin.py:205} WARNING - Dependency <Task(_PythonDecoratedOperator): print_the_context>, log_sql_query already registered for DAG: example_python_operator
[2023-05-13T06:26:12.971+0000] {logging_mixin.py:137} INFO - [2023-05-13T06:26:12.971+0000] {taskmixin.py:205} WARNING - Dependency <Task(_PythonDecoratedOperator): log_sql_query>, print_the_context already registered for DAG: example_python_operator
[2023-05-13T06:26:12.972+0000] {logging_mixin.py:137} INFO - [2023-05-13T06:26:12.972+0000] {taskmixin.py:205} WARNING - Dependency <Task(_PythonDecoratedOperator): print_the_context>, log_sql_query already registered for DAG: example_python_operator
[2023-05-13T06:26:12.973+0000] {logging_mixin.py:137} INFO - [2023-05-13T06:26:12.973+0000] {taskmixin.py:205} WARNING - Dependency <Task(_PythonDecoratedOperator): log_sql_query>, print_the_context already registered for DAG: example_python_operator
[2023-05-13T06:26:12.974+0000] {logging_mixin.py:137} INFO - [2023-05-13T06:26:12.974+0000] {taskmixin.py:205} WARNING - Dependency <Task(_PythonDecoratedOperator): print_the_context>, log_sql_query already registered for DAG: example_python_operator
[2023-05-13T06:26:12.974+0000] {logging_mixin.py:137} INFO - [2023-05-13T06:26:12.974+0000] {taskmixin.py:205} WARNING - Dependency <Task(_PythonDecoratedOperator): log_sql_query>, print_the_context already registered for DAG: example_python_operator
[2023-05-13T06:26:12.975+0000] {logging_mixin.py:137} INFO - [2023-05-13T06:26:12.975+0000] {taskmixin.py:205} WARNING - Dependency <Task(_PythonDecoratedOperator): print_the_context>, log_sql_query already registered for DAG: example_python_operator
[2023-05-13T06:26:12.975+0000] {logging_mixin.py:137} INFO - [2023-05-13T06:26:12.975+0000] {taskmixin.py:205} WARNING - Dependency <Task(_PythonDecoratedOperator): log_sql_query>, print_the_context already registered for DAG: example_python_operator
[2023-05-13T06:26:12.980+0000] {processor.py:753} INFO - DAG(s) dict_keys(['example_python_operator']) retrieved from /home/airflow/.local/lib/python3.7/site-packages/airflow/example_dags/example_python_operator.py
[2023-05-13T06:26:12.998+0000] {logging_mixin.py:137} INFO - [2023-05-13T06:26:12.998+0000] {dag.py:2690} INFO - Sync 1 DAGs
[2023-05-13T06:26:13.012+0000] {logging_mixin.py:137} INFO - [2023-05-13T06:26:13.011+0000] {dag.py:3441} INFO - Setting next_dagrun for example_python_operator to None, run_after=None
[2023-05-13T06:26:13.021+0000] {processor.py:175} INFO - Processing /home/airflow/.local/lib/python3.7/site-packages/airflow/example_dags/example_python_operator.py took 0.072 seconds
[2023-05-13T06:26:43.924+0000] {processor.py:153} INFO - Started process (PID=621) to work on /home/airflow/.local/lib/python3.7/site-packages/airflow/example_dags/example_python_operator.py
[2023-05-13T06:26:43.925+0000] {processor.py:743} INFO - Processing file /home/airflow/.local/lib/python3.7/site-packages/airflow/example_dags/example_python_operator.py for tasks to queue
[2023-05-13T06:26:43.926+0000] {logging_mixin.py:137} INFO - [2023-05-13T06:26:43.926+0000] {dagbag.py:538} INFO - Filling up the DagBag from /home/airflow/.local/lib/python3.7/site-packages/airflow/example_dags/example_python_operator.py
[2023-05-13T06:26:43.940+0000] {logging_mixin.py:137} INFO - [2023-05-13T06:26:43.940+0000] {taskmixin.py:205} WARNING - Dependency <Task(_PythonDecoratedOperator): print_the_context>, log_sql_query already registered for DAG: example_python_operator
[2023-05-13T06:26:43.941+0000] {logging_mixin.py:137} INFO - [2023-05-13T06:26:43.940+0000] {taskmixin.py:205} WARNING - Dependency <Task(_PythonDecoratedOperator): log_sql_query>, print_the_context already registered for DAG: example_python_operator
[2023-05-13T06:26:43.941+0000] {logging_mixin.py:137} INFO - [2023-05-13T06:26:43.941+0000] {taskmixin.py:205} WARNING - Dependency <Task(_PythonDecoratedOperator): print_the_context>, log_sql_query already registered for DAG: example_python_operator
[2023-05-13T06:26:43.942+0000] {logging_mixin.py:137} INFO - [2023-05-13T06:26:43.942+0000] {taskmixin.py:205} WARNING - Dependency <Task(_PythonDecoratedOperator): log_sql_query>, print_the_context already registered for DAG: example_python_operator
[2023-05-13T06:26:43.942+0000] {logging_mixin.py:137} INFO - [2023-05-13T06:26:43.942+0000] {taskmixin.py:205} WARNING - Dependency <Task(_PythonDecoratedOperator): print_the_context>, log_sql_query already registered for DAG: example_python_operator
[2023-05-13T06:26:43.943+0000] {logging_mixin.py:137} INFO - [2023-05-13T06:26:43.943+0000] {taskmixin.py:205} WARNING - Dependency <Task(_PythonDecoratedOperator): log_sql_query>, print_the_context already registered for DAG: example_python_operator
[2023-05-13T06:26:43.944+0000] {logging_mixin.py:137} INFO - [2023-05-13T06:26:43.944+0000] {taskmixin.py:205} WARNING - Dependency <Task(_PythonDecoratedOperator): print_the_context>, log_sql_query already registered for DAG: example_python_operator
[2023-05-13T06:26:43.944+0000] {logging_mixin.py:137} INFO - [2023-05-13T06:26:43.944+0000] {taskmixin.py:205} WARNING - Dependency <Task(_PythonDecoratedOperator): log_sql_query>, print_the_context already registered for DAG: example_python_operator
[2023-05-13T06:26:43.949+0000] {processor.py:753} INFO - DAG(s) dict_keys(['example_python_operator']) retrieved from /home/airflow/.local/lib/python3.7/site-packages/airflow/example_dags/example_python_operator.py
[2023-05-13T06:26:43.966+0000] {logging_mixin.py:137} INFO - [2023-05-13T06:26:43.966+0000] {dag.py:2690} INFO - Sync 1 DAGs
[2023-05-13T06:26:43.983+0000] {logging_mixin.py:137} INFO - [2023-05-13T06:26:43.983+0000] {dag.py:3441} INFO - Setting next_dagrun for example_python_operator to None, run_after=None
[2023-05-13T06:26:43.993+0000] {processor.py:175} INFO - Processing /home/airflow/.local/lib/python3.7/site-packages/airflow/example_dags/example_python_operator.py took 0.072 seconds
[2023-05-13T06:27:14.111+0000] {processor.py:153} INFO - Started process (PID=696) to work on /home/airflow/.local/lib/python3.7/site-packages/airflow/example_dags/example_python_operator.py
[2023-05-13T06:27:14.112+0000] {processor.py:743} INFO - Processing file /home/airflow/.local/lib/python3.7/site-packages/airflow/example_dags/example_python_operator.py for tasks to queue
[2023-05-13T06:27:14.113+0000] {logging_mixin.py:137} INFO - [2023-05-13T06:27:14.113+0000] {dagbag.py:538} INFO - Filling up the DagBag from /home/airflow/.local/lib/python3.7/site-packages/airflow/example_dags/example_python_operator.py
[2023-05-13T06:27:14.122+0000] {logging_mixin.py:137} INFO - [2023-05-13T06:27:14.122+0000] {taskmixin.py:205} WARNING - Dependency <Task(_PythonDecoratedOperator): print_the_context>, log_sql_query already registered for DAG: example_python_operator
[2023-05-13T06:27:14.123+0000] {logging_mixin.py:137} INFO - [2023-05-13T06:27:14.123+0000] {taskmixin.py:205} WARNING - Dependency <Task(_PythonDecoratedOperator): log_sql_query>, print_the_context already registered for DAG: example_python_operator
[2023-05-13T06:27:14.123+0000] {logging_mixin.py:137} INFO - [2023-05-13T06:27:14.123+0000] {taskmixin.py:205} WARNING - Dependency <Task(_PythonDecoratedOperator): print_the_context>, log_sql_query already registered for DAG: example_python_operator
[2023-05-13T06:27:14.124+0000] {logging_mixin.py:137} INFO - [2023-05-13T06:27:14.124+0000] {taskmixin.py:205} WARNING - Dependency <Task(_PythonDecoratedOperator): log_sql_query>, print_the_context already registered for DAG: example_python_operator
[2023-05-13T06:27:14.124+0000] {logging_mixin.py:137} INFO - [2023-05-13T06:27:14.124+0000] {taskmixin.py:205} WARNING - Dependency <Task(_PythonDecoratedOperator): print_the_context>, log_sql_query already registered for DAG: example_python_operator
[2023-05-13T06:27:14.124+0000] {logging_mixin.py:137} INFO - [2023-05-13T06:27:14.124+0000] {taskmixin.py:205} WARNING - Dependency <Task(_PythonDecoratedOperator): log_sql_query>, print_the_context already registered for DAG: example_python_operator
[2023-05-13T06:27:14.125+0000] {logging_mixin.py:137} INFO - [2023-05-13T06:27:14.125+0000] {taskmixin.py:205} WARNING - Dependency <Task(_PythonDecoratedOperator): print_the_context>, log_sql_query already registered for DAG: example_python_operator
[2023-05-13T06:27:14.125+0000] {logging_mixin.py:137} INFO - [2023-05-13T06:27:14.125+0000] {taskmixin.py:205} WARNING - Dependency <Task(_PythonDecoratedOperator): log_sql_query>, print_the_context already registered for DAG: example_python_operator
[2023-05-13T06:27:14.129+0000] {processor.py:753} INFO - DAG(s) dict_keys(['example_python_operator']) retrieved from /home/airflow/.local/lib/python3.7/site-packages/airflow/example_dags/example_python_operator.py
[2023-05-13T06:27:14.146+0000] {logging_mixin.py:137} INFO - [2023-05-13T06:27:14.146+0000] {dag.py:2690} INFO - Sync 1 DAGs
[2023-05-13T06:27:14.161+0000] {logging_mixin.py:137} INFO - [2023-05-13T06:27:14.161+0000] {dag.py:3441} INFO - Setting next_dagrun for example_python_operator to None, run_after=None
[2023-05-13T06:27:14.170+0000] {processor.py:175} INFO - Processing /home/airflow/.local/lib/python3.7/site-packages/airflow/example_dags/example_python_operator.py took 0.061 seconds
[2023-05-13T06:27:45.140+0000] {processor.py:153} INFO - Started process (PID=760) to work on /home/airflow/.local/lib/python3.7/site-packages/airflow/example_dags/example_python_operator.py
[2023-05-13T06:27:45.140+0000] {processor.py:743} INFO - Processing file /home/airflow/.local/lib/python3.7/site-packages/airflow/example_dags/example_python_operator.py for tasks to queue
[2023-05-13T06:27:45.141+0000] {logging_mixin.py:137} INFO - [2023-05-13T06:27:45.141+0000] {dagbag.py:538} INFO - Filling up the DagBag from /home/airflow/.local/lib/python3.7/site-packages/airflow/example_dags/example_python_operator.py
[2023-05-13T06:27:45.150+0000] {logging_mixin.py:137} INFO - [2023-05-13T06:27:45.150+0000] {taskmixin.py:205} WARNING - Dependency <Task(_PythonDecoratedOperator): print_the_context>, log_sql_query already registered for DAG: example_python_operator
[2023-05-13T06:27:45.151+0000] {logging_mixin.py:137} INFO - [2023-05-13T06:27:45.151+0000] {taskmixin.py:205} WARNING - Dependency <Task(_PythonDecoratedOperator): log_sql_query>, print_the_context already registered for DAG: example_python_operator
[2023-05-13T06:27:45.151+0000] {logging_mixin.py:137} INFO - [2023-05-13T06:27:45.151+0000] {taskmixin.py:205} WARNING - Dependency <Task(_PythonDecoratedOperator): print_the_context>, log_sql_query already registered for DAG: example_python_operator
[2023-05-13T06:27:45.152+0000] {logging_mixin.py:137} INFO - [2023-05-13T06:27:45.152+0000] {taskmixin.py:205} WARNING - Dependency <Task(_PythonDecoratedOperator): log_sql_query>, print_the_context already registered for DAG: example_python_operator
[2023-05-13T06:27:45.152+0000] {logging_mixin.py:137} INFO - [2023-05-13T06:27:45.152+0000] {taskmixin.py:205} WARNING - Dependency <Task(_PythonDecoratedOperator): print_the_context>, log_sql_query already registered for DAG: example_python_operator
[2023-05-13T06:27:45.152+0000] {logging_mixin.py:137} INFO - [2023-05-13T06:27:45.152+0000] {taskmixin.py:205} WARNING - Dependency <Task(_PythonDecoratedOperator): log_sql_query>, print_the_context already registered for DAG: example_python_operator
[2023-05-13T06:27:45.153+0000] {logging_mixin.py:137} INFO - [2023-05-13T06:27:45.153+0000] {taskmixin.py:205} WARNING - Dependency <Task(_PythonDecoratedOperator): print_the_context>, log_sql_query already registered for DAG: example_python_operator
[2023-05-13T06:27:45.153+0000] {logging_mixin.py:137} INFO - [2023-05-13T06:27:45.153+0000] {taskmixin.py:205} WARNING - Dependency <Task(_PythonDecoratedOperator): log_sql_query>, print_the_context already registered for DAG: example_python_operator
[2023-05-13T06:27:45.157+0000] {processor.py:753} INFO - DAG(s) dict_keys(['example_python_operator']) retrieved from /home/airflow/.local/lib/python3.7/site-packages/airflow/example_dags/example_python_operator.py
[2023-05-13T06:27:45.173+0000] {logging_mixin.py:137} INFO - [2023-05-13T06:27:45.173+0000] {dag.py:2690} INFO - Sync 1 DAGs
[2023-05-13T06:27:45.186+0000] {logging_mixin.py:137} INFO - [2023-05-13T06:27:45.186+0000] {dag.py:3441} INFO - Setting next_dagrun for example_python_operator to None, run_after=None
[2023-05-13T06:27:45.195+0000] {processor.py:175} INFO - Processing /home/airflow/.local/lib/python3.7/site-packages/airflow/example_dags/example_python_operator.py took 0.058 seconds
[2023-05-13T06:28:15.244+0000] {processor.py:153} INFO - Started process (PID=835) to work on /home/airflow/.local/lib/python3.7/site-packages/airflow/example_dags/example_python_operator.py
[2023-05-13T06:28:15.245+0000] {processor.py:743} INFO - Processing file /home/airflow/.local/lib/python3.7/site-packages/airflow/example_dags/example_python_operator.py for tasks to queue
[2023-05-13T06:28:15.245+0000] {logging_mixin.py:137} INFO - [2023-05-13T06:28:15.245+0000] {dagbag.py:538} INFO - Filling up the DagBag from /home/airflow/.local/lib/python3.7/site-packages/airflow/example_dags/example_python_operator.py
[2023-05-13T06:28:15.256+0000] {logging_mixin.py:137} INFO - [2023-05-13T06:28:15.256+0000] {taskmixin.py:205} WARNING - Dependency <Task(_PythonDecoratedOperator): print_the_context>, log_sql_query already registered for DAG: example_python_operator
[2023-05-13T06:28:15.256+0000] {logging_mixin.py:137} INFO - [2023-05-13T06:28:15.256+0000] {taskmixin.py:205} WARNING - Dependency <Task(_PythonDecoratedOperator): log_sql_query>, print_the_context already registered for DAG: example_python_operator
[2023-05-13T06:28:15.257+0000] {logging_mixin.py:137} INFO - [2023-05-13T06:28:15.257+0000] {taskmixin.py:205} WARNING - Dependency <Task(_PythonDecoratedOperator): print_the_context>, log_sql_query already registered for DAG: example_python_operator
[2023-05-13T06:28:15.257+0000] {logging_mixin.py:137} INFO - [2023-05-13T06:28:15.257+0000] {taskmixin.py:205} WARNING - Dependency <Task(_PythonDecoratedOperator): log_sql_query>, print_the_context already registered for DAG: example_python_operator
[2023-05-13T06:28:15.258+0000] {logging_mixin.py:137} INFO - [2023-05-13T06:28:15.258+0000] {taskmixin.py:205} WARNING - Dependency <Task(_PythonDecoratedOperator): print_the_context>, log_sql_query already registered for DAG: example_python_operator
[2023-05-13T06:28:15.258+0000] {logging_mixin.py:137} INFO - [2023-05-13T06:28:15.258+0000] {taskmixin.py:205} WARNING - Dependency <Task(_PythonDecoratedOperator): log_sql_query>, print_the_context already registered for DAG: example_python_operator
[2023-05-13T06:28:15.259+0000] {logging_mixin.py:137} INFO - [2023-05-13T06:28:15.259+0000] {taskmixin.py:205} WARNING - Dependency <Task(_PythonDecoratedOperator): print_the_context>, log_sql_query already registered for DAG: example_python_operator
[2023-05-13T06:28:15.259+0000] {logging_mixin.py:137} INFO - [2023-05-13T06:28:15.259+0000] {taskmixin.py:205} WARNING - Dependency <Task(_PythonDecoratedOperator): log_sql_query>, print_the_context already registered for DAG: example_python_operator
[2023-05-13T06:28:15.263+0000] {processor.py:753} INFO - DAG(s) dict_keys(['example_python_operator']) retrieved from /home/airflow/.local/lib/python3.7/site-packages/airflow/example_dags/example_python_operator.py
[2023-05-13T06:28:15.281+0000] {logging_mixin.py:137} INFO - [2023-05-13T06:28:15.281+0000] {dag.py:2690} INFO - Sync 1 DAGs
[2023-05-13T06:28:15.295+0000] {logging_mixin.py:137} INFO - [2023-05-13T06:28:15.295+0000] {dag.py:3441} INFO - Setting next_dagrun for example_python_operator to None, run_after=None
[2023-05-13T06:28:15.304+0000] {processor.py:175} INFO - Processing /home/airflow/.local/lib/python3.7/site-packages/airflow/example_dags/example_python_operator.py took 0.063 seconds
[2023-05-13T06:28:45.487+0000] {processor.py:153} INFO - Started process (PID=910) to work on /home/airflow/.local/lib/python3.7/site-packages/airflow/example_dags/example_python_operator.py
[2023-05-13T06:28:45.488+0000] {processor.py:743} INFO - Processing file /home/airflow/.local/lib/python3.7/site-packages/airflow/example_dags/example_python_operator.py for tasks to queue
[2023-05-13T06:28:45.489+0000] {logging_mixin.py:137} INFO - [2023-05-13T06:28:45.488+0000] {dagbag.py:538} INFO - Filling up the DagBag from /home/airflow/.local/lib/python3.7/site-packages/airflow/example_dags/example_python_operator.py
[2023-05-13T06:28:45.498+0000] {logging_mixin.py:137} INFO - [2023-05-13T06:28:45.498+0000] {taskmixin.py:205} WARNING - Dependency <Task(_PythonDecoratedOperator): print_the_context>, log_sql_query already registered for DAG: example_python_operator
[2023-05-13T06:28:45.498+0000] {logging_mixin.py:137} INFO - [2023-05-13T06:28:45.498+0000] {taskmixin.py:205} WARNING - Dependency <Task(_PythonDecoratedOperator): log_sql_query>, print_the_context already registered for DAG: example_python_operator
[2023-05-13T06:28:45.499+0000] {logging_mixin.py:137} INFO - [2023-05-13T06:28:45.499+0000] {taskmixin.py:205} WARNING - Dependency <Task(_PythonDecoratedOperator): print_the_context>, log_sql_query already registered for DAG: example_python_operator
[2023-05-13T06:28:45.500+0000] {logging_mixin.py:137} INFO - [2023-05-13T06:28:45.499+0000] {taskmixin.py:205} WARNING - Dependency <Task(_PythonDecoratedOperator): log_sql_query>, print_the_context already registered for DAG: example_python_operator
[2023-05-13T06:28:45.500+0000] {logging_mixin.py:137} INFO - [2023-05-13T06:28:45.500+0000] {taskmixin.py:205} WARNING - Dependency <Task(_PythonDecoratedOperator): print_the_context>, log_sql_query already registered for DAG: example_python_operator
[2023-05-13T06:28:45.500+0000] {logging_mixin.py:137} INFO - [2023-05-13T06:28:45.500+0000] {taskmixin.py:205} WARNING - Dependency <Task(_PythonDecoratedOperator): log_sql_query>, print_the_context already registered for DAG: example_python_operator
[2023-05-13T06:28:45.501+0000] {logging_mixin.py:137} INFO - [2023-05-13T06:28:45.501+0000] {taskmixin.py:205} WARNING - Dependency <Task(_PythonDecoratedOperator): print_the_context>, log_sql_query already registered for DAG: example_python_operator
[2023-05-13T06:28:45.501+0000] {logging_mixin.py:137} INFO - [2023-05-13T06:28:45.501+0000] {taskmixin.py:205} WARNING - Dependency <Task(_PythonDecoratedOperator): log_sql_query>, print_the_context already registered for DAG: example_python_operator
[2023-05-13T06:28:45.505+0000] {processor.py:753} INFO - DAG(s) dict_keys(['example_python_operator']) retrieved from /home/airflow/.local/lib/python3.7/site-packages/airflow/example_dags/example_python_operator.py
[2023-05-13T06:28:45.522+0000] {logging_mixin.py:137} INFO - [2023-05-13T06:28:45.522+0000] {dag.py:2690} INFO - Sync 1 DAGs
[2023-05-13T06:28:45.534+0000] {logging_mixin.py:137} INFO - [2023-05-13T06:28:45.534+0000] {dag.py:3441} INFO - Setting next_dagrun for example_python_operator to None, run_after=None
[2023-05-13T06:28:45.543+0000] {processor.py:175} INFO - Processing /home/airflow/.local/lib/python3.7/site-packages/airflow/example_dags/example_python_operator.py took 0.058 seconds
[2023-05-13T06:29:16.370+0000] {processor.py:153} INFO - Started process (PID=982) to work on /home/airflow/.local/lib/python3.7/site-packages/airflow/example_dags/example_python_operator.py
[2023-05-13T06:29:16.371+0000] {processor.py:743} INFO - Processing file /home/airflow/.local/lib/python3.7/site-packages/airflow/example_dags/example_python_operator.py for tasks to queue
[2023-05-13T06:29:16.372+0000] {logging_mixin.py:137} INFO - [2023-05-13T06:29:16.372+0000] {dagbag.py:538} INFO - Filling up the DagBag from /home/airflow/.local/lib/python3.7/site-packages/airflow/example_dags/example_python_operator.py
[2023-05-13T06:29:16.383+0000] {logging_mixin.py:137} INFO - [2023-05-13T06:29:16.382+0000] {taskmixin.py:205} WARNING - Dependency <Task(_PythonDecoratedOperator): print_the_context>, log_sql_query already registered for DAG: example_python_operator
[2023-05-13T06:29:16.383+0000] {logging_mixin.py:137} INFO - [2023-05-13T06:29:16.383+0000] {taskmixin.py:205} WARNING - Dependency <Task(_PythonDecoratedOperator): log_sql_query>, print_the_context already registered for DAG: example_python_operator
[2023-05-13T06:29:16.384+0000] {logging_mixin.py:137} INFO - [2023-05-13T06:29:16.384+0000] {taskmixin.py:205} WARNING - Dependency <Task(_PythonDecoratedOperator): print_the_context>, log_sql_query already registered for DAG: example_python_operator
[2023-05-13T06:29:16.384+0000] {logging_mixin.py:137} INFO - [2023-05-13T06:29:16.384+0000] {taskmixin.py:205} WARNING - Dependency <Task(_PythonDecoratedOperator): log_sql_query>, print_the_context already registered for DAG: example_python_operator
[2023-05-13T06:29:16.385+0000] {logging_mixin.py:137} INFO - [2023-05-13T06:29:16.385+0000] {taskmixin.py:205} WARNING - Dependency <Task(_PythonDecoratedOperator): print_the_context>, log_sql_query already registered for DAG: example_python_operator
[2023-05-13T06:29:16.386+0000] {logging_mixin.py:137} INFO - [2023-05-13T06:29:16.386+0000] {taskmixin.py:205} WARNING - Dependency <Task(_PythonDecoratedOperator): log_sql_query>, print_the_context already registered for DAG: example_python_operator
[2023-05-13T06:29:16.386+0000] {logging_mixin.py:137} INFO - [2023-05-13T06:29:16.386+0000] {taskmixin.py:205} WARNING - Dependency <Task(_PythonDecoratedOperator): print_the_context>, log_sql_query already registered for DAG: example_python_operator
[2023-05-13T06:29:16.387+0000] {logging_mixin.py:137} INFO - [2023-05-13T06:29:16.387+0000] {taskmixin.py:205} WARNING - Dependency <Task(_PythonDecoratedOperator): log_sql_query>, print_the_context already registered for DAG: example_python_operator
[2023-05-13T06:29:16.391+0000] {processor.py:753} INFO - DAG(s) dict_keys(['example_python_operator']) retrieved from /home/airflow/.local/lib/python3.7/site-packages/airflow/example_dags/example_python_operator.py
[2023-05-13T06:29:16.412+0000] {logging_mixin.py:137} INFO - [2023-05-13T06:29:16.412+0000] {dag.py:2690} INFO - Sync 1 DAGs
[2023-05-13T06:29:16.430+0000] {logging_mixin.py:137} INFO - [2023-05-13T06:29:16.430+0000] {dag.py:3441} INFO - Setting next_dagrun for example_python_operator to None, run_after=None
[2023-05-13T06:29:16.441+0000] {processor.py:175} INFO - Processing /home/airflow/.local/lib/python3.7/site-packages/airflow/example_dags/example_python_operator.py took 0.073 seconds
[2023-05-13T06:29:46.619+0000] {processor.py:153} INFO - Started process (PID=1048) to work on /home/airflow/.local/lib/python3.7/site-packages/airflow/example_dags/example_python_operator.py
[2023-05-13T06:29:46.620+0000] {processor.py:743} INFO - Processing file /home/airflow/.local/lib/python3.7/site-packages/airflow/example_dags/example_python_operator.py for tasks to queue
[2023-05-13T06:29:46.621+0000] {logging_mixin.py:137} INFO - [2023-05-13T06:29:46.621+0000] {dagbag.py:538} INFO - Filling up the DagBag from /home/airflow/.local/lib/python3.7/site-packages/airflow/example_dags/example_python_operator.py
[2023-05-13T06:29:46.630+0000] {logging_mixin.py:137} INFO - [2023-05-13T06:29:46.630+0000] {taskmixin.py:205} WARNING - Dependency <Task(_PythonDecoratedOperator): print_the_context>, log_sql_query already registered for DAG: example_python_operator
[2023-05-13T06:29:46.631+0000] {logging_mixin.py:137} INFO - [2023-05-13T06:29:46.631+0000] {taskmixin.py:205} WARNING - Dependency <Task(_PythonDecoratedOperator): log_sql_query>, print_the_context already registered for DAG: example_python_operator
[2023-05-13T06:29:46.631+0000] {logging_mixin.py:137} INFO - [2023-05-13T06:29:46.631+0000] {taskmixin.py:205} WARNING - Dependency <Task(_PythonDecoratedOperator): print_the_context>, log_sql_query already registered for DAG: example_python_operator
[2023-05-13T06:29:46.631+0000] {logging_mixin.py:137} INFO - [2023-05-13T06:29:46.631+0000] {taskmixin.py:205} WARNING - Dependency <Task(_PythonDecoratedOperator): log_sql_query>, print_the_context already registered for DAG: example_python_operator
[2023-05-13T06:29:46.632+0000] {logging_mixin.py:137} INFO - [2023-05-13T06:29:46.632+0000] {taskmixin.py:205} WARNING - Dependency <Task(_PythonDecoratedOperator): print_the_context>, log_sql_query already registered for DAG: example_python_operator
[2023-05-13T06:29:46.632+0000] {logging_mixin.py:137} INFO - [2023-05-13T06:29:46.632+0000] {taskmixin.py:205} WARNING - Dependency <Task(_PythonDecoratedOperator): log_sql_query>, print_the_context already registered for DAG: example_python_operator
[2023-05-13T06:29:46.633+0000] {logging_mixin.py:137} INFO - [2023-05-13T06:29:46.633+0000] {taskmixin.py:205} WARNING - Dependency <Task(_PythonDecoratedOperator): print_the_context>, log_sql_query already registered for DAG: example_python_operator
[2023-05-13T06:29:46.633+0000] {logging_mixin.py:137} INFO - [2023-05-13T06:29:46.633+0000] {taskmixin.py:205} WARNING - Dependency <Task(_PythonDecoratedOperator): log_sql_query>, print_the_context already registered for DAG: example_python_operator
[2023-05-13T06:29:46.637+0000] {processor.py:753} INFO - DAG(s) dict_keys(['example_python_operator']) retrieved from /home/airflow/.local/lib/python3.7/site-packages/airflow/example_dags/example_python_operator.py
[2023-05-13T06:29:46.655+0000] {logging_mixin.py:137} INFO - [2023-05-13T06:29:46.655+0000] {dag.py:2690} INFO - Sync 1 DAGs
[2023-05-13T06:29:46.668+0000] {logging_mixin.py:137} INFO - [2023-05-13T06:29:46.668+0000] {dag.py:3441} INFO - Setting next_dagrun for example_python_operator to None, run_after=None
[2023-05-13T06:29:46.678+0000] {processor.py:175} INFO - Processing /home/airflow/.local/lib/python3.7/site-packages/airflow/example_dags/example_python_operator.py took 0.062 seconds
[2023-05-13T06:30:16.846+0000] {processor.py:153} INFO - Started process (PID=1123) to work on /home/airflow/.local/lib/python3.7/site-packages/airflow/example_dags/example_python_operator.py
[2023-05-13T06:30:16.847+0000] {processor.py:743} INFO - Processing file /home/airflow/.local/lib/python3.7/site-packages/airflow/example_dags/example_python_operator.py for tasks to queue
[2023-05-13T06:30:16.847+0000] {logging_mixin.py:137} INFO - [2023-05-13T06:30:16.847+0000] {dagbag.py:538} INFO - Filling up the DagBag from /home/airflow/.local/lib/python3.7/site-packages/airflow/example_dags/example_python_operator.py
[2023-05-13T06:30:16.856+0000] {logging_mixin.py:137} INFO - [2023-05-13T06:30:16.856+0000] {taskmixin.py:205} WARNING - Dependency <Task(_PythonDecoratedOperator): print_the_context>, log_sql_query already registered for DAG: example_python_operator
[2023-05-13T06:30:16.856+0000] {logging_mixin.py:137} INFO - [2023-05-13T06:30:16.856+0000] {taskmixin.py:205} WARNING - Dependency <Task(_PythonDecoratedOperator): log_sql_query>, print_the_context already registered for DAG: example_python_operator
[2023-05-13T06:30:16.857+0000] {logging_mixin.py:137} INFO - [2023-05-13T06:30:16.857+0000] {taskmixin.py:205} WARNING - Dependency <Task(_PythonDecoratedOperator): print_the_context>, log_sql_query already registered for DAG: example_python_operator
[2023-05-13T06:30:16.857+0000] {logging_mixin.py:137} INFO - [2023-05-13T06:30:16.857+0000] {taskmixin.py:205} WARNING - Dependency <Task(_PythonDecoratedOperator): log_sql_query>, print_the_context already registered for DAG: example_python_operator
[2023-05-13T06:30:16.858+0000] {logging_mixin.py:137} INFO - [2023-05-13T06:30:16.858+0000] {taskmixin.py:205} WARNING - Dependency <Task(_PythonDecoratedOperator): print_the_context>, log_sql_query already registered for DAG: example_python_operator
[2023-05-13T06:30:16.858+0000] {logging_mixin.py:137} INFO - [2023-05-13T06:30:16.858+0000] {taskmixin.py:205} WARNING - Dependency <Task(_PythonDecoratedOperator): log_sql_query>, print_the_context already registered for DAG: example_python_operator
[2023-05-13T06:30:16.859+0000] {logging_mixin.py:137} INFO - [2023-05-13T06:30:16.859+0000] {taskmixin.py:205} WARNING - Dependency <Task(_PythonDecoratedOperator): print_the_context>, log_sql_query already registered for DAG: example_python_operator
[2023-05-13T06:30:16.859+0000] {logging_mixin.py:137} INFO - [2023-05-13T06:30:16.859+0000] {taskmixin.py:205} WARNING - Dependency <Task(_PythonDecoratedOperator): log_sql_query>, print_the_context already registered for DAG: example_python_operator
[2023-05-13T06:30:16.863+0000] {processor.py:753} INFO - DAG(s) dict_keys(['example_python_operator']) retrieved from /home/airflow/.local/lib/python3.7/site-packages/airflow/example_dags/example_python_operator.py
[2023-05-13T06:30:16.879+0000] {logging_mixin.py:137} INFO - [2023-05-13T06:30:16.879+0000] {dag.py:2690} INFO - Sync 1 DAGs
[2023-05-13T06:30:16.892+0000] {logging_mixin.py:137} INFO - [2023-05-13T06:30:16.892+0000] {dag.py:3441} INFO - Setting next_dagrun for example_python_operator to None, run_after=None
[2023-05-13T06:30:16.902+0000] {processor.py:175} INFO - Processing /home/airflow/.local/lib/python3.7/site-packages/airflow/example_dags/example_python_operator.py took 0.059 seconds
[2023-05-13T06:30:47.029+0000] {processor.py:153} INFO - Started process (PID=1197) to work on /home/airflow/.local/lib/python3.7/site-packages/airflow/example_dags/example_python_operator.py
[2023-05-13T06:30:47.030+0000] {processor.py:743} INFO - Processing file /home/airflow/.local/lib/python3.7/site-packages/airflow/example_dags/example_python_operator.py for tasks to queue
[2023-05-13T06:30:47.031+0000] {logging_mixin.py:137} INFO - [2023-05-13T06:30:47.030+0000] {dagbag.py:538} INFO - Filling up the DagBag from /home/airflow/.local/lib/python3.7/site-packages/airflow/example_dags/example_python_operator.py
[2023-05-13T06:30:47.044+0000] {logging_mixin.py:137} INFO - [2023-05-13T06:30:47.044+0000] {taskmixin.py:205} WARNING - Dependency <Task(_PythonDecoratedOperator): print_the_context>, log_sql_query already registered for DAG: example_python_operator
[2023-05-13T06:30:47.044+0000] {logging_mixin.py:137} INFO - [2023-05-13T06:30:47.044+0000] {taskmixin.py:205} WARNING - Dependency <Task(_PythonDecoratedOperator): log_sql_query>, print_the_context already registered for DAG: example_python_operator
[2023-05-13T06:30:47.046+0000] {logging_mixin.py:137} INFO - [2023-05-13T06:30:47.046+0000] {taskmixin.py:205} WARNING - Dependency <Task(_PythonDecoratedOperator): print_the_context>, log_sql_query already registered for DAG: example_python_operator
[2023-05-13T06:30:47.047+0000] {logging_mixin.py:137} INFO - [2023-05-13T06:30:47.047+0000] {taskmixin.py:205} WARNING - Dependency <Task(_PythonDecoratedOperator): log_sql_query>, print_the_context already registered for DAG: example_python_operator
[2023-05-13T06:30:47.048+0000] {logging_mixin.py:137} INFO - [2023-05-13T06:30:47.048+0000] {taskmixin.py:205} WARNING - Dependency <Task(_PythonDecoratedOperator): print_the_context>, log_sql_query already registered for DAG: example_python_operator
[2023-05-13T06:30:47.048+0000] {logging_mixin.py:137} INFO - [2023-05-13T06:30:47.048+0000] {taskmixin.py:205} WARNING - Dependency <Task(_PythonDecoratedOperator): log_sql_query>, print_the_context already registered for DAG: example_python_operator
[2023-05-13T06:30:47.049+0000] {logging_mixin.py:137} INFO - [2023-05-13T06:30:47.049+0000] {taskmixin.py:205} WARNING - Dependency <Task(_PythonDecoratedOperator): print_the_context>, log_sql_query already registered for DAG: example_python_operator
[2023-05-13T06:30:47.050+0000] {logging_mixin.py:137} INFO - [2023-05-13T06:30:47.050+0000] {taskmixin.py:205} WARNING - Dependency <Task(_PythonDecoratedOperator): log_sql_query>, print_the_context already registered for DAG: example_python_operator
[2023-05-13T06:30:47.055+0000] {processor.py:753} INFO - DAG(s) dict_keys(['example_python_operator']) retrieved from /home/airflow/.local/lib/python3.7/site-packages/airflow/example_dags/example_python_operator.py
[2023-05-13T06:30:47.087+0000] {logging_mixin.py:137} INFO - [2023-05-13T06:30:47.087+0000] {dag.py:2690} INFO - Sync 1 DAGs
[2023-05-13T06:30:47.112+0000] {logging_mixin.py:137} INFO - [2023-05-13T06:30:47.112+0000] {dag.py:3441} INFO - Setting next_dagrun for example_python_operator to None, run_after=None
[2023-05-13T06:30:47.124+0000] {processor.py:175} INFO - Processing /home/airflow/.local/lib/python3.7/site-packages/airflow/example_dags/example_python_operator.py took 0.099 seconds
[2023-05-13T06:31:18.030+0000] {processor.py:153} INFO - Started process (PID=1261) to work on /home/airflow/.local/lib/python3.7/site-packages/airflow/example_dags/example_python_operator.py
[2023-05-13T06:31:18.031+0000] {processor.py:743} INFO - Processing file /home/airflow/.local/lib/python3.7/site-packages/airflow/example_dags/example_python_operator.py for tasks to queue
[2023-05-13T06:31:18.031+0000] {logging_mixin.py:137} INFO - [2023-05-13T06:31:18.031+0000] {dagbag.py:538} INFO - Filling up the DagBag from /home/airflow/.local/lib/python3.7/site-packages/airflow/example_dags/example_python_operator.py
[2023-05-13T06:31:18.041+0000] {logging_mixin.py:137} INFO - [2023-05-13T06:31:18.041+0000] {taskmixin.py:205} WARNING - Dependency <Task(_PythonDecoratedOperator): print_the_context>, log_sql_query already registered for DAG: example_python_operator
[2023-05-13T06:31:18.042+0000] {logging_mixin.py:137} INFO - [2023-05-13T06:31:18.042+0000] {taskmixin.py:205} WARNING - Dependency <Task(_PythonDecoratedOperator): log_sql_query>, print_the_context already registered for DAG: example_python_operator
[2023-05-13T06:31:18.042+0000] {logging_mixin.py:137} INFO - [2023-05-13T06:31:18.042+0000] {taskmixin.py:205} WARNING - Dependency <Task(_PythonDecoratedOperator): print_the_context>, log_sql_query already registered for DAG: example_python_operator
[2023-05-13T06:31:18.043+0000] {logging_mixin.py:137} INFO - [2023-05-13T06:31:18.043+0000] {taskmixin.py:205} WARNING - Dependency <Task(_PythonDecoratedOperator): log_sql_query>, print_the_context already registered for DAG: example_python_operator
[2023-05-13T06:31:18.043+0000] {logging_mixin.py:137} INFO - [2023-05-13T06:31:18.043+0000] {taskmixin.py:205} WARNING - Dependency <Task(_PythonDecoratedOperator): print_the_context>, log_sql_query already registered for DAG: example_python_operator
[2023-05-13T06:31:18.044+0000] {logging_mixin.py:137} INFO - [2023-05-13T06:31:18.044+0000] {taskmixin.py:205} WARNING - Dependency <Task(_PythonDecoratedOperator): log_sql_query>, print_the_context already registered for DAG: example_python_operator
[2023-05-13T06:31:18.044+0000] {logging_mixin.py:137} INFO - [2023-05-13T06:31:18.044+0000] {taskmixin.py:205} WARNING - Dependency <Task(_PythonDecoratedOperator): print_the_context>, log_sql_query already registered for DAG: example_python_operator
[2023-05-13T06:31:18.045+0000] {logging_mixin.py:137} INFO - [2023-05-13T06:31:18.045+0000] {taskmixin.py:205} WARNING - Dependency <Task(_PythonDecoratedOperator): log_sql_query>, print_the_context already registered for DAG: example_python_operator
[2023-05-13T06:31:18.049+0000] {processor.py:753} INFO - DAG(s) dict_keys(['example_python_operator']) retrieved from /home/airflow/.local/lib/python3.7/site-packages/airflow/example_dags/example_python_operator.py
[2023-05-13T06:31:18.066+0000] {logging_mixin.py:137} INFO - [2023-05-13T06:31:18.066+0000] {dag.py:2690} INFO - Sync 1 DAGs
[2023-05-13T06:31:18.080+0000] {logging_mixin.py:137} INFO - [2023-05-13T06:31:18.080+0000] {dag.py:3441} INFO - Setting next_dagrun for example_python_operator to None, run_after=None
[2023-05-13T06:31:18.091+0000] {processor.py:175} INFO - Processing /home/airflow/.local/lib/python3.7/site-packages/airflow/example_dags/example_python_operator.py took 0.063 seconds
[2023-05-13T06:31:48.148+0000] {processor.py:153} INFO - Started process (PID=1335) to work on /home/airflow/.local/lib/python3.7/site-packages/airflow/example_dags/example_python_operator.py
[2023-05-13T06:31:48.149+0000] {processor.py:743} INFO - Processing file /home/airflow/.local/lib/python3.7/site-packages/airflow/example_dags/example_python_operator.py for tasks to queue
[2023-05-13T06:31:48.150+0000] {logging_mixin.py:137} INFO - [2023-05-13T06:31:48.149+0000] {dagbag.py:538} INFO - Filling up the DagBag from /home/airflow/.local/lib/python3.7/site-packages/airflow/example_dags/example_python_operator.py
[2023-05-13T06:31:48.159+0000] {logging_mixin.py:137} INFO - [2023-05-13T06:31:48.159+0000] {taskmixin.py:205} WARNING - Dependency <Task(_PythonDecoratedOperator): print_the_context>, log_sql_query already registered for DAG: example_python_operator
[2023-05-13T06:31:48.160+0000] {logging_mixin.py:137} INFO - [2023-05-13T06:31:48.160+0000] {taskmixin.py:205} WARNING - Dependency <Task(_PythonDecoratedOperator): log_sql_query>, print_the_context already registered for DAG: example_python_operator
[2023-05-13T06:31:48.160+0000] {logging_mixin.py:137} INFO - [2023-05-13T06:31:48.160+0000] {taskmixin.py:205} WARNING - Dependency <Task(_PythonDecoratedOperator): print_the_context>, log_sql_query already registered for DAG: example_python_operator
[2023-05-13T06:31:48.161+0000] {logging_mixin.py:137} INFO - [2023-05-13T06:31:48.161+0000] {taskmixin.py:205} WARNING - Dependency <Task(_PythonDecoratedOperator): log_sql_query>, print_the_context already registered for DAG: example_python_operator
[2023-05-13T06:31:48.162+0000] {logging_mixin.py:137} INFO - [2023-05-13T06:31:48.162+0000] {taskmixin.py:205} WARNING - Dependency <Task(_PythonDecoratedOperator): print_the_context>, log_sql_query already registered for DAG: example_python_operator
[2023-05-13T06:31:48.162+0000] {logging_mixin.py:137} INFO - [2023-05-13T06:31:48.162+0000] {taskmixin.py:205} WARNING - Dependency <Task(_PythonDecoratedOperator): log_sql_query>, print_the_context already registered for DAG: example_python_operator
[2023-05-13T06:31:48.163+0000] {logging_mixin.py:137} INFO - [2023-05-13T06:31:48.163+0000] {taskmixin.py:205} WARNING - Dependency <Task(_PythonDecoratedOperator): print_the_context>, log_sql_query already registered for DAG: example_python_operator
[2023-05-13T06:31:48.163+0000] {logging_mixin.py:137} INFO - [2023-05-13T06:31:48.163+0000] {taskmixin.py:205} WARNING - Dependency <Task(_PythonDecoratedOperator): log_sql_query>, print_the_context already registered for DAG: example_python_operator
[2023-05-13T06:31:48.167+0000] {processor.py:753} INFO - DAG(s) dict_keys(['example_python_operator']) retrieved from /home/airflow/.local/lib/python3.7/site-packages/airflow/example_dags/example_python_operator.py
[2023-05-13T06:31:48.187+0000] {logging_mixin.py:137} INFO - [2023-05-13T06:31:48.187+0000] {dag.py:2690} INFO - Sync 1 DAGs
[2023-05-13T06:31:48.201+0000] {logging_mixin.py:137} INFO - [2023-05-13T06:31:48.201+0000] {dag.py:3441} INFO - Setting next_dagrun for example_python_operator to None, run_after=None
[2023-05-13T06:31:48.211+0000] {processor.py:175} INFO - Processing /home/airflow/.local/lib/python3.7/site-packages/airflow/example_dags/example_python_operator.py took 0.065 seconds
[2023-05-13T06:32:18.285+0000] {processor.py:153} INFO - Started process (PID=1410) to work on /home/airflow/.local/lib/python3.7/site-packages/airflow/example_dags/example_python_operator.py
[2023-05-13T06:32:18.286+0000] {processor.py:743} INFO - Processing file /home/airflow/.local/lib/python3.7/site-packages/airflow/example_dags/example_python_operator.py for tasks to queue
[2023-05-13T06:32:18.286+0000] {logging_mixin.py:137} INFO - [2023-05-13T06:32:18.286+0000] {dagbag.py:538} INFO - Filling up the DagBag from /home/airflow/.local/lib/python3.7/site-packages/airflow/example_dags/example_python_operator.py
[2023-05-13T06:32:18.296+0000] {logging_mixin.py:137} INFO - [2023-05-13T06:32:18.296+0000] {taskmixin.py:205} WARNING - Dependency <Task(_PythonDecoratedOperator): print_the_context>, log_sql_query already registered for DAG: example_python_operator
[2023-05-13T06:32:18.297+0000] {logging_mixin.py:137} INFO - [2023-05-13T06:32:18.297+0000] {taskmixin.py:205} WARNING - Dependency <Task(_PythonDecoratedOperator): log_sql_query>, print_the_context already registered for DAG: example_python_operator
[2023-05-13T06:32:18.298+0000] {logging_mixin.py:137} INFO - [2023-05-13T06:32:18.298+0000] {taskmixin.py:205} WARNING - Dependency <Task(_PythonDecoratedOperator): print_the_context>, log_sql_query already registered for DAG: example_python_operator
[2023-05-13T06:32:18.298+0000] {logging_mixin.py:137} INFO - [2023-05-13T06:32:18.298+0000] {taskmixin.py:205} WARNING - Dependency <Task(_PythonDecoratedOperator): log_sql_query>, print_the_context already registered for DAG: example_python_operator
[2023-05-13T06:32:18.299+0000] {logging_mixin.py:137} INFO - [2023-05-13T06:32:18.299+0000] {taskmixin.py:205} WARNING - Dependency <Task(_PythonDecoratedOperator): print_the_context>, log_sql_query already registered for DAG: example_python_operator
[2023-05-13T06:32:18.300+0000] {logging_mixin.py:137} INFO - [2023-05-13T06:32:18.299+0000] {taskmixin.py:205} WARNING - Dependency <Task(_PythonDecoratedOperator): log_sql_query>, print_the_context already registered for DAG: example_python_operator
[2023-05-13T06:32:18.300+0000] {logging_mixin.py:137} INFO - [2023-05-13T06:32:18.300+0000] {taskmixin.py:205} WARNING - Dependency <Task(_PythonDecoratedOperator): print_the_context>, log_sql_query already registered for DAG: example_python_operator
[2023-05-13T06:32:18.301+0000] {logging_mixin.py:137} INFO - [2023-05-13T06:32:18.301+0000] {taskmixin.py:205} WARNING - Dependency <Task(_PythonDecoratedOperator): log_sql_query>, print_the_context already registered for DAG: example_python_operator
[2023-05-13T06:32:18.305+0000] {processor.py:753} INFO - DAG(s) dict_keys(['example_python_operator']) retrieved from /home/airflow/.local/lib/python3.7/site-packages/airflow/example_dags/example_python_operator.py
[2023-05-13T06:32:18.324+0000] {logging_mixin.py:137} INFO - [2023-05-13T06:32:18.323+0000] {dag.py:2690} INFO - Sync 1 DAGs
[2023-05-13T06:32:18.337+0000] {logging_mixin.py:137} INFO - [2023-05-13T06:32:18.337+0000] {dag.py:3441} INFO - Setting next_dagrun for example_python_operator to None, run_after=None
[2023-05-13T06:32:18.347+0000] {processor.py:175} INFO - Processing /home/airflow/.local/lib/python3.7/site-packages/airflow/example_dags/example_python_operator.py took 0.064 seconds
[2023-05-13T06:32:49.441+0000] {processor.py:153} INFO - Started process (PID=1483) to work on /home/airflow/.local/lib/python3.7/site-packages/airflow/example_dags/example_python_operator.py
[2023-05-13T06:32:49.442+0000] {processor.py:743} INFO - Processing file /home/airflow/.local/lib/python3.7/site-packages/airflow/example_dags/example_python_operator.py for tasks to queue
[2023-05-13T06:32:49.443+0000] {logging_mixin.py:137} INFO - [2023-05-13T06:32:49.443+0000] {dagbag.py:538} INFO - Filling up the DagBag from /home/airflow/.local/lib/python3.7/site-packages/airflow/example_dags/example_python_operator.py
[2023-05-13T06:32:49.455+0000] {logging_mixin.py:137} INFO - [2023-05-13T06:32:49.455+0000] {taskmixin.py:205} WARNING - Dependency <Task(_PythonDecoratedOperator): print_the_context>, log_sql_query already registered for DAG: example_python_operator
[2023-05-13T06:32:49.456+0000] {logging_mixin.py:137} INFO - [2023-05-13T06:32:49.456+0000] {taskmixin.py:205} WARNING - Dependency <Task(_PythonDecoratedOperator): log_sql_query>, print_the_context already registered for DAG: example_python_operator
[2023-05-13T06:32:49.457+0000] {logging_mixin.py:137} INFO - [2023-05-13T06:32:49.457+0000] {taskmixin.py:205} WARNING - Dependency <Task(_PythonDecoratedOperator): print_the_context>, log_sql_query already registered for DAG: example_python_operator
[2023-05-13T06:32:49.457+0000] {logging_mixin.py:137} INFO - [2023-05-13T06:32:49.457+0000] {taskmixin.py:205} WARNING - Dependency <Task(_PythonDecoratedOperator): log_sql_query>, print_the_context already registered for DAG: example_python_operator
[2023-05-13T06:32:49.458+0000] {logging_mixin.py:137} INFO - [2023-05-13T06:32:49.458+0000] {taskmixin.py:205} WARNING - Dependency <Task(_PythonDecoratedOperator): print_the_context>, log_sql_query already registered for DAG: example_python_operator
[2023-05-13T06:32:49.459+0000] {logging_mixin.py:137} INFO - [2023-05-13T06:32:49.459+0000] {taskmixin.py:205} WARNING - Dependency <Task(_PythonDecoratedOperator): log_sql_query>, print_the_context already registered for DAG: example_python_operator
[2023-05-13T06:32:49.461+0000] {logging_mixin.py:137} INFO - [2023-05-13T06:32:49.461+0000] {taskmixin.py:205} WARNING - Dependency <Task(_PythonDecoratedOperator): print_the_context>, log_sql_query already registered for DAG: example_python_operator
[2023-05-13T06:32:49.464+0000] {logging_mixin.py:137} INFO - [2023-05-13T06:32:49.464+0000] {taskmixin.py:205} WARNING - Dependency <Task(_PythonDecoratedOperator): log_sql_query>, print_the_context already registered for DAG: example_python_operator
[2023-05-13T06:32:49.473+0000] {processor.py:753} INFO - DAG(s) dict_keys(['example_python_operator']) retrieved from /home/airflow/.local/lib/python3.7/site-packages/airflow/example_dags/example_python_operator.py
[2023-05-13T06:32:49.492+0000] {logging_mixin.py:137} INFO - [2023-05-13T06:32:49.492+0000] {dag.py:2690} INFO - Sync 1 DAGs
[2023-05-13T06:32:49.506+0000] {logging_mixin.py:137} INFO - [2023-05-13T06:32:49.506+0000] {dag.py:3441} INFO - Setting next_dagrun for example_python_operator to None, run_after=None
[2023-05-13T06:32:49.518+0000] {processor.py:175} INFO - Processing /home/airflow/.local/lib/python3.7/site-packages/airflow/example_dags/example_python_operator.py took 0.079 seconds
[2023-05-13T06:33:19.780+0000] {processor.py:153} INFO - Started process (PID=1549) to work on /home/airflow/.local/lib/python3.7/site-packages/airflow/example_dags/example_python_operator.py
[2023-05-13T06:33:19.781+0000] {processor.py:743} INFO - Processing file /home/airflow/.local/lib/python3.7/site-packages/airflow/example_dags/example_python_operator.py for tasks to queue
[2023-05-13T06:33:19.781+0000] {logging_mixin.py:137} INFO - [2023-05-13T06:33:19.781+0000] {dagbag.py:538} INFO - Filling up the DagBag from /home/airflow/.local/lib/python3.7/site-packages/airflow/example_dags/example_python_operator.py
[2023-05-13T06:33:19.791+0000] {logging_mixin.py:137} INFO - [2023-05-13T06:33:19.791+0000] {taskmixin.py:205} WARNING - Dependency <Task(_PythonDecoratedOperator): print_the_context>, log_sql_query already registered for DAG: example_python_operator
[2023-05-13T06:33:19.792+0000] {logging_mixin.py:137} INFO - [2023-05-13T06:33:19.791+0000] {taskmixin.py:205} WARNING - Dependency <Task(_PythonDecoratedOperator): log_sql_query>, print_the_context already registered for DAG: example_python_operator
[2023-05-13T06:33:19.792+0000] {logging_mixin.py:137} INFO - [2023-05-13T06:33:19.792+0000] {taskmixin.py:205} WARNING - Dependency <Task(_PythonDecoratedOperator): print_the_context>, log_sql_query already registered for DAG: example_python_operator
[2023-05-13T06:33:19.792+0000] {logging_mixin.py:137} INFO - [2023-05-13T06:33:19.792+0000] {taskmixin.py:205} WARNING - Dependency <Task(_PythonDecoratedOperator): log_sql_query>, print_the_context already registered for DAG: example_python_operator
[2023-05-13T06:33:19.793+0000] {logging_mixin.py:137} INFO - [2023-05-13T06:33:19.793+0000] {taskmixin.py:205} WARNING - Dependency <Task(_PythonDecoratedOperator): print_the_context>, log_sql_query already registered for DAG: example_python_operator
[2023-05-13T06:33:19.793+0000] {logging_mixin.py:137} INFO - [2023-05-13T06:33:19.793+0000] {taskmixin.py:205} WARNING - Dependency <Task(_PythonDecoratedOperator): log_sql_query>, print_the_context already registered for DAG: example_python_operator
[2023-05-13T06:33:19.794+0000] {logging_mixin.py:137} INFO - [2023-05-13T06:33:19.794+0000] {taskmixin.py:205} WARNING - Dependency <Task(_PythonDecoratedOperator): print_the_context>, log_sql_query already registered for DAG: example_python_operator
[2023-05-13T06:33:19.794+0000] {logging_mixin.py:137} INFO - [2023-05-13T06:33:19.794+0000] {taskmixin.py:205} WARNING - Dependency <Task(_PythonDecoratedOperator): log_sql_query>, print_the_context already registered for DAG: example_python_operator
[2023-05-13T06:33:19.798+0000] {processor.py:753} INFO - DAG(s) dict_keys(['example_python_operator']) retrieved from /home/airflow/.local/lib/python3.7/site-packages/airflow/example_dags/example_python_operator.py
[2023-05-13T06:33:19.815+0000] {logging_mixin.py:137} INFO - [2023-05-13T06:33:19.815+0000] {dag.py:2690} INFO - Sync 1 DAGs
[2023-05-13T06:33:19.828+0000] {logging_mixin.py:137} INFO - [2023-05-13T06:33:19.828+0000] {dag.py:3441} INFO - Setting next_dagrun for example_python_operator to None, run_after=None
[2023-05-13T06:33:19.837+0000] {processor.py:175} INFO - Processing /home/airflow/.local/lib/python3.7/site-packages/airflow/example_dags/example_python_operator.py took 0.059 seconds
[2023-05-13T06:33:49.907+0000] {processor.py:153} INFO - Started process (PID=1623) to work on /home/airflow/.local/lib/python3.7/site-packages/airflow/example_dags/example_python_operator.py
[2023-05-13T06:33:49.908+0000] {processor.py:743} INFO - Processing file /home/airflow/.local/lib/python3.7/site-packages/airflow/example_dags/example_python_operator.py for tasks to queue
[2023-05-13T06:33:49.909+0000] {logging_mixin.py:137} INFO - [2023-05-13T06:33:49.909+0000] {dagbag.py:538} INFO - Filling up the DagBag from /home/airflow/.local/lib/python3.7/site-packages/airflow/example_dags/example_python_operator.py
[2023-05-13T06:33:49.919+0000] {logging_mixin.py:137} INFO - [2023-05-13T06:33:49.919+0000] {taskmixin.py:205} WARNING - Dependency <Task(_PythonDecoratedOperator): print_the_context>, log_sql_query already registered for DAG: example_python_operator
[2023-05-13T06:33:49.919+0000] {logging_mixin.py:137} INFO - [2023-05-13T06:33:49.919+0000] {taskmixin.py:205} WARNING - Dependency <Task(_PythonDecoratedOperator): log_sql_query>, print_the_context already registered for DAG: example_python_operator
[2023-05-13T06:33:49.920+0000] {logging_mixin.py:137} INFO - [2023-05-13T06:33:49.920+0000] {taskmixin.py:205} WARNING - Dependency <Task(_PythonDecoratedOperator): print_the_context>, log_sql_query already registered for DAG: example_python_operator
[2023-05-13T06:33:49.920+0000] {logging_mixin.py:137} INFO - [2023-05-13T06:33:49.920+0000] {taskmixin.py:205} WARNING - Dependency <Task(_PythonDecoratedOperator): log_sql_query>, print_the_context already registered for DAG: example_python_operator
[2023-05-13T06:33:49.921+0000] {logging_mixin.py:137} INFO - [2023-05-13T06:33:49.921+0000] {taskmixin.py:205} WARNING - Dependency <Task(_PythonDecoratedOperator): print_the_context>, log_sql_query already registered for DAG: example_python_operator
[2023-05-13T06:33:49.921+0000] {logging_mixin.py:137} INFO - [2023-05-13T06:33:49.921+0000] {taskmixin.py:205} WARNING - Dependency <Task(_PythonDecoratedOperator): log_sql_query>, print_the_context already registered for DAG: example_python_operator
[2023-05-13T06:33:49.922+0000] {logging_mixin.py:137} INFO - [2023-05-13T06:33:49.922+0000] {taskmixin.py:205} WARNING - Dependency <Task(_PythonDecoratedOperator): print_the_context>, log_sql_query already registered for DAG: example_python_operator
[2023-05-13T06:33:49.922+0000] {logging_mixin.py:137} INFO - [2023-05-13T06:33:49.922+0000] {taskmixin.py:205} WARNING - Dependency <Task(_PythonDecoratedOperator): log_sql_query>, print_the_context already registered for DAG: example_python_operator
[2023-05-13T06:33:49.926+0000] {processor.py:753} INFO - DAG(s) dict_keys(['example_python_operator']) retrieved from /home/airflow/.local/lib/python3.7/site-packages/airflow/example_dags/example_python_operator.py
[2023-05-13T06:33:49.943+0000] {logging_mixin.py:137} INFO - [2023-05-13T06:33:49.943+0000] {dag.py:2690} INFO - Sync 1 DAGs
[2023-05-13T06:33:49.970+0000] {logging_mixin.py:137} INFO - [2023-05-13T06:33:49.970+0000] {dag.py:3441} INFO - Setting next_dagrun for example_python_operator to None, run_after=None
[2023-05-13T06:33:50.007+0000] {processor.py:175} INFO - Processing /home/airflow/.local/lib/python3.7/site-packages/airflow/example_dags/example_python_operator.py took 0.102 seconds
[2023-05-13T06:34:20.100+0000] {processor.py:153} INFO - Started process (PID=1699) to work on /home/airflow/.local/lib/python3.7/site-packages/airflow/example_dags/example_python_operator.py
[2023-05-13T06:34:20.102+0000] {processor.py:743} INFO - Processing file /home/airflow/.local/lib/python3.7/site-packages/airflow/example_dags/example_python_operator.py for tasks to queue
[2023-05-13T06:34:20.103+0000] {logging_mixin.py:137} INFO - [2023-05-13T06:34:20.102+0000] {dagbag.py:538} INFO - Filling up the DagBag from /home/airflow/.local/lib/python3.7/site-packages/airflow/example_dags/example_python_operator.py
[2023-05-13T06:34:20.121+0000] {logging_mixin.py:137} INFO - [2023-05-13T06:34:20.121+0000] {taskmixin.py:205} WARNING - Dependency <Task(_PythonDecoratedOperator): print_the_context>, log_sql_query already registered for DAG: example_python_operator
[2023-05-13T06:34:20.121+0000] {logging_mixin.py:137} INFO - [2023-05-13T06:34:20.121+0000] {taskmixin.py:205} WARNING - Dependency <Task(_PythonDecoratedOperator): log_sql_query>, print_the_context already registered for DAG: example_python_operator
[2023-05-13T06:34:20.122+0000] {logging_mixin.py:137} INFO - [2023-05-13T06:34:20.122+0000] {taskmixin.py:205} WARNING - Dependency <Task(_PythonDecoratedOperator): print_the_context>, log_sql_query already registered for DAG: example_python_operator
[2023-05-13T06:34:20.123+0000] {logging_mixin.py:137} INFO - [2023-05-13T06:34:20.123+0000] {taskmixin.py:205} WARNING - Dependency <Task(_PythonDecoratedOperator): log_sql_query>, print_the_context already registered for DAG: example_python_operator
[2023-05-13T06:34:20.123+0000] {logging_mixin.py:137} INFO - [2023-05-13T06:34:20.123+0000] {taskmixin.py:205} WARNING - Dependency <Task(_PythonDecoratedOperator): print_the_context>, log_sql_query already registered for DAG: example_python_operator
[2023-05-13T06:34:20.124+0000] {logging_mixin.py:137} INFO - [2023-05-13T06:34:20.124+0000] {taskmixin.py:205} WARNING - Dependency <Task(_PythonDecoratedOperator): log_sql_query>, print_the_context already registered for DAG: example_python_operator
[2023-05-13T06:34:20.125+0000] {logging_mixin.py:137} INFO - [2023-05-13T06:34:20.125+0000] {taskmixin.py:205} WARNING - Dependency <Task(_PythonDecoratedOperator): print_the_context>, log_sql_query already registered for DAG: example_python_operator
[2023-05-13T06:34:20.125+0000] {logging_mixin.py:137} INFO - [2023-05-13T06:34:20.125+0000] {taskmixin.py:205} WARNING - Dependency <Task(_PythonDecoratedOperator): log_sql_query>, print_the_context already registered for DAG: example_python_operator
[2023-05-13T06:34:20.129+0000] {processor.py:753} INFO - DAG(s) dict_keys(['example_python_operator']) retrieved from /home/airflow/.local/lib/python3.7/site-packages/airflow/example_dags/example_python_operator.py
[2023-05-13T06:34:20.147+0000] {logging_mixin.py:137} INFO - [2023-05-13T06:34:20.147+0000] {dag.py:2690} INFO - Sync 1 DAGs
[2023-05-13T06:34:20.161+0000] {logging_mixin.py:137} INFO - [2023-05-13T06:34:20.161+0000] {dag.py:3441} INFO - Setting next_dagrun for example_python_operator to None, run_after=None
[2023-05-13T06:34:20.171+0000] {processor.py:175} INFO - Processing /home/airflow/.local/lib/python3.7/site-packages/airflow/example_dags/example_python_operator.py took 0.073 seconds
[2023-05-13T06:34:51.094+0000] {processor.py:153} INFO - Started process (PID=1762) to work on /home/airflow/.local/lib/python3.7/site-packages/airflow/example_dags/example_python_operator.py
[2023-05-13T06:34:51.095+0000] {processor.py:743} INFO - Processing file /home/airflow/.local/lib/python3.7/site-packages/airflow/example_dags/example_python_operator.py for tasks to queue
[2023-05-13T06:34:51.095+0000] {logging_mixin.py:137} INFO - [2023-05-13T06:34:51.095+0000] {dagbag.py:538} INFO - Filling up the DagBag from /home/airflow/.local/lib/python3.7/site-packages/airflow/example_dags/example_python_operator.py
[2023-05-13T06:34:51.106+0000] {logging_mixin.py:137} INFO - [2023-05-13T06:34:51.106+0000] {taskmixin.py:205} WARNING - Dependency <Task(_PythonDecoratedOperator): print_the_context>, log_sql_query already registered for DAG: example_python_operator
[2023-05-13T06:34:51.106+0000] {logging_mixin.py:137} INFO - [2023-05-13T06:34:51.106+0000] {taskmixin.py:205} WARNING - Dependency <Task(_PythonDecoratedOperator): log_sql_query>, print_the_context already registered for DAG: example_python_operator
[2023-05-13T06:34:51.107+0000] {logging_mixin.py:137} INFO - [2023-05-13T06:34:51.107+0000] {taskmixin.py:205} WARNING - Dependency <Task(_PythonDecoratedOperator): print_the_context>, log_sql_query already registered for DAG: example_python_operator
[2023-05-13T06:34:51.107+0000] {logging_mixin.py:137} INFO - [2023-05-13T06:34:51.107+0000] {taskmixin.py:205} WARNING - Dependency <Task(_PythonDecoratedOperator): log_sql_query>, print_the_context already registered for DAG: example_python_operator
[2023-05-13T06:34:51.108+0000] {logging_mixin.py:137} INFO - [2023-05-13T06:34:51.108+0000] {taskmixin.py:205} WARNING - Dependency <Task(_PythonDecoratedOperator): print_the_context>, log_sql_query already registered for DAG: example_python_operator
[2023-05-13T06:34:51.108+0000] {logging_mixin.py:137} INFO - [2023-05-13T06:34:51.108+0000] {taskmixin.py:205} WARNING - Dependency <Task(_PythonDecoratedOperator): log_sql_query>, print_the_context already registered for DAG: example_python_operator
[2023-05-13T06:34:51.109+0000] {logging_mixin.py:137} INFO - [2023-05-13T06:34:51.109+0000] {taskmixin.py:205} WARNING - Dependency <Task(_PythonDecoratedOperator): print_the_context>, log_sql_query already registered for DAG: example_python_operator
[2023-05-13T06:34:51.109+0000] {logging_mixin.py:137} INFO - [2023-05-13T06:34:51.109+0000] {taskmixin.py:205} WARNING - Dependency <Task(_PythonDecoratedOperator): log_sql_query>, print_the_context already registered for DAG: example_python_operator
[2023-05-13T06:34:51.113+0000] {processor.py:753} INFO - DAG(s) dict_keys(['example_python_operator']) retrieved from /home/airflow/.local/lib/python3.7/site-packages/airflow/example_dags/example_python_operator.py
[2023-05-13T06:34:51.131+0000] {logging_mixin.py:137} INFO - [2023-05-13T06:34:51.130+0000] {dag.py:2690} INFO - Sync 1 DAGs
[2023-05-13T06:34:51.144+0000] {logging_mixin.py:137} INFO - [2023-05-13T06:34:51.144+0000] {dag.py:3441} INFO - Setting next_dagrun for example_python_operator to None, run_after=None
[2023-05-13T06:34:51.155+0000] {processor.py:175} INFO - Processing /home/airflow/.local/lib/python3.7/site-packages/airflow/example_dags/example_python_operator.py took 0.064 seconds
[2023-05-13T06:35:22.075+0000] {processor.py:153} INFO - Started process (PID=1836) to work on /home/airflow/.local/lib/python3.7/site-packages/airflow/example_dags/example_python_operator.py
[2023-05-13T06:35:22.076+0000] {processor.py:743} INFO - Processing file /home/airflow/.local/lib/python3.7/site-packages/airflow/example_dags/example_python_operator.py for tasks to queue
[2023-05-13T06:35:22.077+0000] {logging_mixin.py:137} INFO - [2023-05-13T06:35:22.077+0000] {dagbag.py:538} INFO - Filling up the DagBag from /home/airflow/.local/lib/python3.7/site-packages/airflow/example_dags/example_python_operator.py
[2023-05-13T06:35:22.086+0000] {logging_mixin.py:137} INFO - [2023-05-13T06:35:22.086+0000] {taskmixin.py:205} WARNING - Dependency <Task(_PythonDecoratedOperator): print_the_context>, log_sql_query already registered for DAG: example_python_operator
[2023-05-13T06:35:22.086+0000] {logging_mixin.py:137} INFO - [2023-05-13T06:35:22.086+0000] {taskmixin.py:205} WARNING - Dependency <Task(_PythonDecoratedOperator): log_sql_query>, print_the_context already registered for DAG: example_python_operator
[2023-05-13T06:35:22.087+0000] {logging_mixin.py:137} INFO - [2023-05-13T06:35:22.087+0000] {taskmixin.py:205} WARNING - Dependency <Task(_PythonDecoratedOperator): print_the_context>, log_sql_query already registered for DAG: example_python_operator
[2023-05-13T06:35:22.087+0000] {logging_mixin.py:137} INFO - [2023-05-13T06:35:22.087+0000] {taskmixin.py:205} WARNING - Dependency <Task(_PythonDecoratedOperator): log_sql_query>, print_the_context already registered for DAG: example_python_operator
[2023-05-13T06:35:22.088+0000] {logging_mixin.py:137} INFO - [2023-05-13T06:35:22.088+0000] {taskmixin.py:205} WARNING - Dependency <Task(_PythonDecoratedOperator): print_the_context>, log_sql_query already registered for DAG: example_python_operator
[2023-05-13T06:35:22.088+0000] {logging_mixin.py:137} INFO - [2023-05-13T06:35:22.088+0000] {taskmixin.py:205} WARNING - Dependency <Task(_PythonDecoratedOperator): log_sql_query>, print_the_context already registered for DAG: example_python_operator
[2023-05-13T06:35:22.089+0000] {logging_mixin.py:137} INFO - [2023-05-13T06:35:22.089+0000] {taskmixin.py:205} WARNING - Dependency <Task(_PythonDecoratedOperator): print_the_context>, log_sql_query already registered for DAG: example_python_operator
[2023-05-13T06:35:22.089+0000] {logging_mixin.py:137} INFO - [2023-05-13T06:35:22.089+0000] {taskmixin.py:205} WARNING - Dependency <Task(_PythonDecoratedOperator): log_sql_query>, print_the_context already registered for DAG: example_python_operator
[2023-05-13T06:35:22.093+0000] {processor.py:753} INFO - DAG(s) dict_keys(['example_python_operator']) retrieved from /home/airflow/.local/lib/python3.7/site-packages/airflow/example_dags/example_python_operator.py
[2023-05-13T06:35:22.109+0000] {logging_mixin.py:137} INFO - [2023-05-13T06:35:22.109+0000] {dag.py:2690} INFO - Sync 1 DAGs
[2023-05-13T06:35:22.122+0000] {logging_mixin.py:137} INFO - [2023-05-13T06:35:22.122+0000] {dag.py:3441} INFO - Setting next_dagrun for example_python_operator to None, run_after=None
[2023-05-13T06:35:22.132+0000] {processor.py:175} INFO - Processing /home/airflow/.local/lib/python3.7/site-packages/airflow/example_dags/example_python_operator.py took 0.059 seconds
[2023-05-13T06:35:52.280+0000] {processor.py:153} INFO - Started process (PID=1911) to work on /home/airflow/.local/lib/python3.7/site-packages/airflow/example_dags/example_python_operator.py
[2023-05-13T06:35:52.281+0000] {processor.py:743} INFO - Processing file /home/airflow/.local/lib/python3.7/site-packages/airflow/example_dags/example_python_operator.py for tasks to queue
[2023-05-13T06:35:52.282+0000] {logging_mixin.py:137} INFO - [2023-05-13T06:35:52.282+0000] {dagbag.py:538} INFO - Filling up the DagBag from /home/airflow/.local/lib/python3.7/site-packages/airflow/example_dags/example_python_operator.py
[2023-05-13T06:35:52.292+0000] {logging_mixin.py:137} INFO - [2023-05-13T06:35:52.292+0000] {taskmixin.py:205} WARNING - Dependency <Task(_PythonDecoratedOperator): print_the_context>, log_sql_query already registered for DAG: example_python_operator
[2023-05-13T06:35:52.293+0000] {logging_mixin.py:137} INFO - [2023-05-13T06:35:52.293+0000] {taskmixin.py:205} WARNING - Dependency <Task(_PythonDecoratedOperator): log_sql_query>, print_the_context already registered for DAG: example_python_operator
[2023-05-13T06:35:52.293+0000] {logging_mixin.py:137} INFO - [2023-05-13T06:35:52.293+0000] {taskmixin.py:205} WARNING - Dependency <Task(_PythonDecoratedOperator): print_the_context>, log_sql_query already registered for DAG: example_python_operator
[2023-05-13T06:35:52.294+0000] {logging_mixin.py:137} INFO - [2023-05-13T06:35:52.294+0000] {taskmixin.py:205} WARNING - Dependency <Task(_PythonDecoratedOperator): log_sql_query>, print_the_context already registered for DAG: example_python_operator
[2023-05-13T06:35:52.294+0000] {logging_mixin.py:137} INFO - [2023-05-13T06:35:52.294+0000] {taskmixin.py:205} WARNING - Dependency <Task(_PythonDecoratedOperator): print_the_context>, log_sql_query already registered for DAG: example_python_operator
[2023-05-13T06:35:52.295+0000] {logging_mixin.py:137} INFO - [2023-05-13T06:35:52.295+0000] {taskmixin.py:205} WARNING - Dependency <Task(_PythonDecoratedOperator): log_sql_query>, print_the_context already registered for DAG: example_python_operator
[2023-05-13T06:35:52.295+0000] {logging_mixin.py:137} INFO - [2023-05-13T06:35:52.295+0000] {taskmixin.py:205} WARNING - Dependency <Task(_PythonDecoratedOperator): print_the_context>, log_sql_query already registered for DAG: example_python_operator
[2023-05-13T06:35:52.296+0000] {logging_mixin.py:137} INFO - [2023-05-13T06:35:52.296+0000] {taskmixin.py:205} WARNING - Dependency <Task(_PythonDecoratedOperator): log_sql_query>, print_the_context already registered for DAG: example_python_operator
[2023-05-13T06:35:52.300+0000] {processor.py:753} INFO - DAG(s) dict_keys(['example_python_operator']) retrieved from /home/airflow/.local/lib/python3.7/site-packages/airflow/example_dags/example_python_operator.py
[2023-05-13T06:35:52.316+0000] {logging_mixin.py:137} INFO - [2023-05-13T06:35:52.316+0000] {dag.py:2690} INFO - Sync 1 DAGs
[2023-05-13T06:35:52.330+0000] {logging_mixin.py:137} INFO - [2023-05-13T06:35:52.330+0000] {dag.py:3441} INFO - Setting next_dagrun for example_python_operator to None, run_after=None
[2023-05-13T06:35:52.339+0000] {processor.py:175} INFO - Processing /home/airflow/.local/lib/python3.7/site-packages/airflow/example_dags/example_python_operator.py took 0.061 seconds
[2023-05-13T06:36:23.213+0000] {processor.py:153} INFO - Started process (PID=1982) to work on /home/airflow/.local/lib/python3.7/site-packages/airflow/example_dags/example_python_operator.py
[2023-05-13T06:36:23.215+0000] {processor.py:743} INFO - Processing file /home/airflow/.local/lib/python3.7/site-packages/airflow/example_dags/example_python_operator.py for tasks to queue
[2023-05-13T06:36:23.215+0000] {logging_mixin.py:137} INFO - [2023-05-13T06:36:23.215+0000] {dagbag.py:538} INFO - Filling up the DagBag from /home/airflow/.local/lib/python3.7/site-packages/airflow/example_dags/example_python_operator.py
[2023-05-13T06:36:23.227+0000] {logging_mixin.py:137} INFO - [2023-05-13T06:36:23.227+0000] {taskmixin.py:205} WARNING - Dependency <Task(_PythonDecoratedOperator): print_the_context>, log_sql_query already registered for DAG: example_python_operator
[2023-05-13T06:36:23.228+0000] {logging_mixin.py:137} INFO - [2023-05-13T06:36:23.228+0000] {taskmixin.py:205} WARNING - Dependency <Task(_PythonDecoratedOperator): log_sql_query>, print_the_context already registered for DAG: example_python_operator
[2023-05-13T06:36:23.229+0000] {logging_mixin.py:137} INFO - [2023-05-13T06:36:23.229+0000] {taskmixin.py:205} WARNING - Dependency <Task(_PythonDecoratedOperator): print_the_context>, log_sql_query already registered for DAG: example_python_operator
[2023-05-13T06:36:23.229+0000] {logging_mixin.py:137} INFO - [2023-05-13T06:36:23.229+0000] {taskmixin.py:205} WARNING - Dependency <Task(_PythonDecoratedOperator): log_sql_query>, print_the_context already registered for DAG: example_python_operator
[2023-05-13T06:36:23.230+0000] {logging_mixin.py:137} INFO - [2023-05-13T06:36:23.230+0000] {taskmixin.py:205} WARNING - Dependency <Task(_PythonDecoratedOperator): print_the_context>, log_sql_query already registered for DAG: example_python_operator
[2023-05-13T06:36:23.230+0000] {logging_mixin.py:137} INFO - [2023-05-13T06:36:23.230+0000] {taskmixin.py:205} WARNING - Dependency <Task(_PythonDecoratedOperator): log_sql_query>, print_the_context already registered for DAG: example_python_operator
[2023-05-13T06:36:23.231+0000] {logging_mixin.py:137} INFO - [2023-05-13T06:36:23.231+0000] {taskmixin.py:205} WARNING - Dependency <Task(_PythonDecoratedOperator): print_the_context>, log_sql_query already registered for DAG: example_python_operator
[2023-05-13T06:36:23.232+0000] {logging_mixin.py:137} INFO - [2023-05-13T06:36:23.232+0000] {taskmixin.py:205} WARNING - Dependency <Task(_PythonDecoratedOperator): log_sql_query>, print_the_context already registered for DAG: example_python_operator
[2023-05-13T06:36:23.236+0000] {processor.py:753} INFO - DAG(s) dict_keys(['example_python_operator']) retrieved from /home/airflow/.local/lib/python3.7/site-packages/airflow/example_dags/example_python_operator.py
[2023-05-13T06:36:23.263+0000] {logging_mixin.py:137} INFO - [2023-05-13T06:36:23.263+0000] {dag.py:2690} INFO - Sync 1 DAGs
[2023-05-13T06:36:23.277+0000] {logging_mixin.py:137} INFO - [2023-05-13T06:36:23.277+0000] {dag.py:3441} INFO - Setting next_dagrun for example_python_operator to None, run_after=None
[2023-05-13T06:36:23.289+0000] {processor.py:175} INFO - Processing /home/airflow/.local/lib/python3.7/site-packages/airflow/example_dags/example_python_operator.py took 0.078 seconds
[2023-05-13T06:42:12.753+0000] {processor.py:153} INFO - Started process (PID=2718) to work on /home/airflow/.local/lib/python3.7/site-packages/airflow/example_dags/example_python_operator.py
[2023-05-13T06:42:12.754+0000] {processor.py:743} INFO - Processing file /home/airflow/.local/lib/python3.7/site-packages/airflow/example_dags/example_python_operator.py for tasks to queue
[2023-05-13T06:42:12.754+0000] {logging_mixin.py:137} INFO - [2023-05-13T06:42:12.754+0000] {dagbag.py:538} INFO - Filling up the DagBag from /home/airflow/.local/lib/python3.7/site-packages/airflow/example_dags/example_python_operator.py
[2023-05-13T06:42:12.765+0000] {logging_mixin.py:137} INFO - [2023-05-13T06:42:12.765+0000] {taskmixin.py:205} WARNING - Dependency <Task(_PythonDecoratedOperator): print_the_context>, log_sql_query already registered for DAG: example_python_operator
[2023-05-13T06:42:12.766+0000] {logging_mixin.py:137} INFO - [2023-05-13T06:42:12.766+0000] {taskmixin.py:205} WARNING - Dependency <Task(_PythonDecoratedOperator): log_sql_query>, print_the_context already registered for DAG: example_python_operator
[2023-05-13T06:42:12.766+0000] {logging_mixin.py:137} INFO - [2023-05-13T06:42:12.766+0000] {taskmixin.py:205} WARNING - Dependency <Task(_PythonDecoratedOperator): print_the_context>, log_sql_query already registered for DAG: example_python_operator
[2023-05-13T06:42:12.767+0000] {logging_mixin.py:137} INFO - [2023-05-13T06:42:12.767+0000] {taskmixin.py:205} WARNING - Dependency <Task(_PythonDecoratedOperator): log_sql_query>, print_the_context already registered for DAG: example_python_operator
[2023-05-13T06:42:12.767+0000] {logging_mixin.py:137} INFO - [2023-05-13T06:42:12.767+0000] {taskmixin.py:205} WARNING - Dependency <Task(_PythonDecoratedOperator): print_the_context>, log_sql_query already registered for DAG: example_python_operator
[2023-05-13T06:42:12.768+0000] {logging_mixin.py:137} INFO - [2023-05-13T06:42:12.767+0000] {taskmixin.py:205} WARNING - Dependency <Task(_PythonDecoratedOperator): log_sql_query>, print_the_context already registered for DAG: example_python_operator
[2023-05-13T06:42:12.768+0000] {logging_mixin.py:137} INFO - [2023-05-13T06:42:12.768+0000] {taskmixin.py:205} WARNING - Dependency <Task(_PythonDecoratedOperator): print_the_context>, log_sql_query already registered for DAG: example_python_operator
[2023-05-13T06:42:12.768+0000] {logging_mixin.py:137} INFO - [2023-05-13T06:42:12.768+0000] {taskmixin.py:205} WARNING - Dependency <Task(_PythonDecoratedOperator): log_sql_query>, print_the_context already registered for DAG: example_python_operator
[2023-05-13T06:42:12.772+0000] {processor.py:753} INFO - DAG(s) dict_keys(['example_python_operator']) retrieved from /home/airflow/.local/lib/python3.7/site-packages/airflow/example_dags/example_python_operator.py
[2023-05-13T06:42:12.810+0000] {logging_mixin.py:137} INFO - [2023-05-13T06:42:12.810+0000] {dag.py:2690} INFO - Sync 1 DAGs
[2023-05-13T06:42:12.821+0000] {logging_mixin.py:137} INFO - [2023-05-13T06:42:12.821+0000] {dag.py:3441} INFO - Setting next_dagrun for example_python_operator to None, run_after=None
[2023-05-13T06:42:12.830+0000] {processor.py:175} INFO - Processing /home/airflow/.local/lib/python3.7/site-packages/airflow/example_dags/example_python_operator.py took 0.080 seconds
