[2023-05-13T06:22:37.991+0000] {processor.py:153} INFO - Started process (PID=52) to work on /home/airflow/.local/lib/python3.7/site-packages/airflow/example_dags/example_task_group_decorator.py
[2023-05-13T06:22:37.996+0000] {processor.py:743} INFO - Processing file /home/airflow/.local/lib/python3.7/site-packages/airflow/example_dags/example_task_group_decorator.py for tasks to queue
[2023-05-13T06:22:37.997+0000] {logging_mixin.py:137} INFO - [2023-05-13T06:22:37.997+0000] {dagbag.py:538} INFO - Filling up the DagBag from /home/airflow/.local/lib/python3.7/site-packages/airflow/example_dags/example_task_group_decorator.py
[2023-05-13T06:22:38.020+0000] {processor.py:753} INFO - DAG(s) dict_keys(['example_task_group_decorator']) retrieved from /home/airflow/.local/lib/python3.7/site-packages/airflow/example_dags/example_task_group_decorator.py
[2023-05-13T06:22:38.040+0000] {logging_mixin.py:137} INFO - [2023-05-13T06:22:38.040+0000] {dag.py:2690} INFO - Sync 1 DAGs
[2023-05-13T06:22:38.057+0000] {logging_mixin.py:137} INFO - [2023-05-13T06:22:38.057+0000] {dag.py:3441} INFO - Setting next_dagrun for example_task_group_decorator to 2023-05-12T06:22:38.056937+00:00, run_after=2023-05-13T06:22:38.056937+00:00
[2023-05-13T06:22:38.069+0000] {processor.py:175} INFO - Processing /home/airflow/.local/lib/python3.7/site-packages/airflow/example_dags/example_task_group_decorator.py took 0.080 seconds
[2023-05-13T06:23:08.949+0000] {processor.py:153} INFO - Started process (PID=127) to work on /home/airflow/.local/lib/python3.7/site-packages/airflow/example_dags/example_task_group_decorator.py
[2023-05-13T06:23:08.950+0000] {processor.py:743} INFO - Processing file /home/airflow/.local/lib/python3.7/site-packages/airflow/example_dags/example_task_group_decorator.py for tasks to queue
[2023-05-13T06:23:08.950+0000] {logging_mixin.py:137} INFO - [2023-05-13T06:23:08.950+0000] {dagbag.py:538} INFO - Filling up the DagBag from /home/airflow/.local/lib/python3.7/site-packages/airflow/example_dags/example_task_group_decorator.py
[2023-05-13T06:23:08.965+0000] {processor.py:753} INFO - DAG(s) dict_keys(['example_task_group_decorator']) retrieved from /home/airflow/.local/lib/python3.7/site-packages/airflow/example_dags/example_task_group_decorator.py
[2023-05-13T06:23:08.982+0000] {logging_mixin.py:137} INFO - [2023-05-13T06:23:08.982+0000] {dag.py:2690} INFO - Sync 1 DAGs
[2023-05-13T06:23:08.994+0000] {logging_mixin.py:137} INFO - [2023-05-13T06:23:08.994+0000] {dag.py:3441} INFO - Setting next_dagrun for example_task_group_decorator to 2023-05-12T06:23:08.994618+00:00, run_after=2023-05-13T06:23:08.994618+00:00
[2023-05-13T06:23:09.003+0000] {processor.py:175} INFO - Processing /home/airflow/.local/lib/python3.7/site-packages/airflow/example_dags/example_task_group_decorator.py took 0.056 seconds
[2023-05-13T06:23:39.782+0000] {processor.py:153} INFO - Started process (PID=202) to work on /home/airflow/.local/lib/python3.7/site-packages/airflow/example_dags/example_task_group_decorator.py
[2023-05-13T06:23:39.784+0000] {processor.py:743} INFO - Processing file /home/airflow/.local/lib/python3.7/site-packages/airflow/example_dags/example_task_group_decorator.py for tasks to queue
[2023-05-13T06:23:39.785+0000] {logging_mixin.py:137} INFO - [2023-05-13T06:23:39.785+0000] {dagbag.py:538} INFO - Filling up the DagBag from /home/airflow/.local/lib/python3.7/site-packages/airflow/example_dags/example_task_group_decorator.py
[2023-05-13T06:23:39.810+0000] {processor.py:753} INFO - DAG(s) dict_keys(['example_task_group_decorator']) retrieved from /home/airflow/.local/lib/python3.7/site-packages/airflow/example_dags/example_task_group_decorator.py
[2023-05-13T06:23:39.829+0000] {logging_mixin.py:137} INFO - [2023-05-13T06:23:39.829+0000] {dag.py:2690} INFO - Sync 1 DAGs
[2023-05-13T06:23:39.847+0000] {logging_mixin.py:137} INFO - [2023-05-13T06:23:39.847+0000] {dag.py:3441} INFO - Setting next_dagrun for example_task_group_decorator to 2023-05-12T06:23:39.847402+00:00, run_after=2023-05-13T06:23:39.847402+00:00
[2023-05-13T06:23:39.859+0000] {processor.py:175} INFO - Processing /home/airflow/.local/lib/python3.7/site-packages/airflow/example_dags/example_task_group_decorator.py took 0.081 seconds
[2023-05-13T06:24:10.716+0000] {processor.py:153} INFO - Started process (PID=266) to work on /home/airflow/.local/lib/python3.7/site-packages/airflow/example_dags/example_task_group_decorator.py
[2023-05-13T06:24:10.717+0000] {processor.py:743} INFO - Processing file /home/airflow/.local/lib/python3.7/site-packages/airflow/example_dags/example_task_group_decorator.py for tasks to queue
[2023-05-13T06:24:10.717+0000] {logging_mixin.py:137} INFO - [2023-05-13T06:24:10.717+0000] {dagbag.py:538} INFO - Filling up the DagBag from /home/airflow/.local/lib/python3.7/site-packages/airflow/example_dags/example_task_group_decorator.py
[2023-05-13T06:24:10.732+0000] {processor.py:753} INFO - DAG(s) dict_keys(['example_task_group_decorator']) retrieved from /home/airflow/.local/lib/python3.7/site-packages/airflow/example_dags/example_task_group_decorator.py
[2023-05-13T06:24:10.748+0000] {logging_mixin.py:137} INFO - [2023-05-13T06:24:10.748+0000] {dag.py:2690} INFO - Sync 1 DAGs
[2023-05-13T06:24:10.762+0000] {logging_mixin.py:137} INFO - [2023-05-13T06:24:10.762+0000] {dag.py:3441} INFO - Setting next_dagrun for example_task_group_decorator to 2023-05-12T06:24:10.761885+00:00, run_after=2023-05-13T06:24:10.761885+00:00
[2023-05-13T06:24:10.771+0000] {processor.py:175} INFO - Processing /home/airflow/.local/lib/python3.7/site-packages/airflow/example_dags/example_task_group_decorator.py took 0.057 seconds
[2023-05-13T06:24:41.540+0000] {processor.py:153} INFO - Started process (PID=341) to work on /home/airflow/.local/lib/python3.7/site-packages/airflow/example_dags/example_task_group_decorator.py
[2023-05-13T06:24:41.541+0000] {processor.py:743} INFO - Processing file /home/airflow/.local/lib/python3.7/site-packages/airflow/example_dags/example_task_group_decorator.py for tasks to queue
[2023-05-13T06:24:41.541+0000] {logging_mixin.py:137} INFO - [2023-05-13T06:24:41.541+0000] {dagbag.py:538} INFO - Filling up the DagBag from /home/airflow/.local/lib/python3.7/site-packages/airflow/example_dags/example_task_group_decorator.py
[2023-05-13T06:24:41.557+0000] {processor.py:753} INFO - DAG(s) dict_keys(['example_task_group_decorator']) retrieved from /home/airflow/.local/lib/python3.7/site-packages/airflow/example_dags/example_task_group_decorator.py
[2023-05-13T06:24:41.574+0000] {logging_mixin.py:137} INFO - [2023-05-13T06:24:41.573+0000] {dag.py:2690} INFO - Sync 1 DAGs
[2023-05-13T06:24:41.587+0000] {logging_mixin.py:137} INFO - [2023-05-13T06:24:41.587+0000] {dag.py:3441} INFO - Setting next_dagrun for example_task_group_decorator to 2023-05-12T06:24:41.587294+00:00, run_after=2023-05-13T06:24:41.587294+00:00
[2023-05-13T06:24:41.596+0000] {processor.py:175} INFO - Processing /home/airflow/.local/lib/python3.7/site-packages/airflow/example_dags/example_task_group_decorator.py took 0.059 seconds
[2023-05-13T06:25:12.288+0000] {processor.py:153} INFO - Started process (PID=415) to work on /home/airflow/.local/lib/python3.7/site-packages/airflow/example_dags/example_task_group_decorator.py
[2023-05-13T06:25:12.289+0000] {processor.py:743} INFO - Processing file /home/airflow/.local/lib/python3.7/site-packages/airflow/example_dags/example_task_group_decorator.py for tasks to queue
[2023-05-13T06:25:12.290+0000] {logging_mixin.py:137} INFO - [2023-05-13T06:25:12.290+0000] {dagbag.py:538} INFO - Filling up the DagBag from /home/airflow/.local/lib/python3.7/site-packages/airflow/example_dags/example_task_group_decorator.py
[2023-05-13T06:25:12.306+0000] {processor.py:753} INFO - DAG(s) dict_keys(['example_task_group_decorator']) retrieved from /home/airflow/.local/lib/python3.7/site-packages/airflow/example_dags/example_task_group_decorator.py
[2023-05-13T06:25:12.325+0000] {logging_mixin.py:137} INFO - [2023-05-13T06:25:12.325+0000] {dag.py:2690} INFO - Sync 1 DAGs
[2023-05-13T06:25:12.339+0000] {logging_mixin.py:137} INFO - [2023-05-13T06:25:12.339+0000] {dag.py:3441} INFO - Setting next_dagrun for example_task_group_decorator to 2023-05-12T06:25:12.339007+00:00, run_after=2023-05-13T06:25:12.339007+00:00
[2023-05-13T06:25:12.348+0000] {processor.py:175} INFO - Processing /home/airflow/.local/lib/python3.7/site-packages/airflow/example_dags/example_task_group_decorator.py took 0.063 seconds
[2023-05-13T06:25:43.186+0000] {processor.py:153} INFO - Started process (PID=489) to work on /home/airflow/.local/lib/python3.7/site-packages/airflow/example_dags/example_task_group_decorator.py
[2023-05-13T06:25:43.187+0000] {processor.py:743} INFO - Processing file /home/airflow/.local/lib/python3.7/site-packages/airflow/example_dags/example_task_group_decorator.py for tasks to queue
[2023-05-13T06:25:43.187+0000] {logging_mixin.py:137} INFO - [2023-05-13T06:25:43.187+0000] {dagbag.py:538} INFO - Filling up the DagBag from /home/airflow/.local/lib/python3.7/site-packages/airflow/example_dags/example_task_group_decorator.py
[2023-05-13T06:25:43.206+0000] {processor.py:753} INFO - DAG(s) dict_keys(['example_task_group_decorator']) retrieved from /home/airflow/.local/lib/python3.7/site-packages/airflow/example_dags/example_task_group_decorator.py
[2023-05-13T06:25:43.226+0000] {logging_mixin.py:137} INFO - [2023-05-13T06:25:43.225+0000] {dag.py:2690} INFO - Sync 1 DAGs
[2023-05-13T06:25:43.241+0000] {logging_mixin.py:137} INFO - [2023-05-13T06:25:43.241+0000] {dag.py:3441} INFO - Setting next_dagrun for example_task_group_decorator to 2023-05-12T06:25:43.241428+00:00, run_after=2023-05-13T06:25:43.241428+00:00
[2023-05-13T06:25:43.251+0000] {processor.py:175} INFO - Processing /home/airflow/.local/lib/python3.7/site-packages/airflow/example_dags/example_task_group_decorator.py took 0.068 seconds
[2023-05-13T06:26:13.319+0000] {processor.py:153} INFO - Started process (PID=553) to work on /home/airflow/.local/lib/python3.7/site-packages/airflow/example_dags/example_task_group_decorator.py
[2023-05-13T06:26:13.320+0000] {processor.py:743} INFO - Processing file /home/airflow/.local/lib/python3.7/site-packages/airflow/example_dags/example_task_group_decorator.py for tasks to queue
[2023-05-13T06:26:13.321+0000] {logging_mixin.py:137} INFO - [2023-05-13T06:26:13.321+0000] {dagbag.py:538} INFO - Filling up the DagBag from /home/airflow/.local/lib/python3.7/site-packages/airflow/example_dags/example_task_group_decorator.py
[2023-05-13T06:26:13.336+0000] {processor.py:753} INFO - DAG(s) dict_keys(['example_task_group_decorator']) retrieved from /home/airflow/.local/lib/python3.7/site-packages/airflow/example_dags/example_task_group_decorator.py
[2023-05-13T06:26:13.352+0000] {logging_mixin.py:137} INFO - [2023-05-13T06:26:13.352+0000] {dag.py:2690} INFO - Sync 1 DAGs
[2023-05-13T06:26:13.366+0000] {logging_mixin.py:137} INFO - [2023-05-13T06:26:13.366+0000] {dag.py:3441} INFO - Setting next_dagrun for example_task_group_decorator to 2023-05-12T06:26:13.366005+00:00, run_after=2023-05-13T06:26:13.366005+00:00
[2023-05-13T06:26:13.375+0000] {processor.py:175} INFO - Processing /home/airflow/.local/lib/python3.7/site-packages/airflow/example_dags/example_task_group_decorator.py took 0.058 seconds
[2023-05-13T06:26:44.224+0000] {processor.py:153} INFO - Started process (PID=628) to work on /home/airflow/.local/lib/python3.7/site-packages/airflow/example_dags/example_task_group_decorator.py
[2023-05-13T06:26:44.225+0000] {processor.py:743} INFO - Processing file /home/airflow/.local/lib/python3.7/site-packages/airflow/example_dags/example_task_group_decorator.py for tasks to queue
[2023-05-13T06:26:44.226+0000] {logging_mixin.py:137} INFO - [2023-05-13T06:26:44.226+0000] {dagbag.py:538} INFO - Filling up the DagBag from /home/airflow/.local/lib/python3.7/site-packages/airflow/example_dags/example_task_group_decorator.py
[2023-05-13T06:26:44.243+0000] {processor.py:753} INFO - DAG(s) dict_keys(['example_task_group_decorator']) retrieved from /home/airflow/.local/lib/python3.7/site-packages/airflow/example_dags/example_task_group_decorator.py
[2023-05-13T06:26:44.260+0000] {logging_mixin.py:137} INFO - [2023-05-13T06:26:44.260+0000] {dag.py:2690} INFO - Sync 1 DAGs
[2023-05-13T06:26:44.274+0000] {logging_mixin.py:137} INFO - [2023-05-13T06:26:44.274+0000] {dag.py:3441} INFO - Setting next_dagrun for example_task_group_decorator to 2023-05-12T06:26:44.274578+00:00, run_after=2023-05-13T06:26:44.274578+00:00
[2023-05-13T06:26:44.283+0000] {processor.py:175} INFO - Processing /home/airflow/.local/lib/python3.7/site-packages/airflow/example_dags/example_task_group_decorator.py took 0.062 seconds
[2023-05-13T06:27:14.480+0000] {processor.py:153} INFO - Started process (PID=703) to work on /home/airflow/.local/lib/python3.7/site-packages/airflow/example_dags/example_task_group_decorator.py
[2023-05-13T06:27:14.481+0000] {processor.py:743} INFO - Processing file /home/airflow/.local/lib/python3.7/site-packages/airflow/example_dags/example_task_group_decorator.py for tasks to queue
[2023-05-13T06:27:14.482+0000] {logging_mixin.py:137} INFO - [2023-05-13T06:27:14.482+0000] {dagbag.py:538} INFO - Filling up the DagBag from /home/airflow/.local/lib/python3.7/site-packages/airflow/example_dags/example_task_group_decorator.py
[2023-05-13T06:27:14.498+0000] {processor.py:753} INFO - DAG(s) dict_keys(['example_task_group_decorator']) retrieved from /home/airflow/.local/lib/python3.7/site-packages/airflow/example_dags/example_task_group_decorator.py
[2023-05-13T06:27:14.515+0000] {logging_mixin.py:137} INFO - [2023-05-13T06:27:14.515+0000] {dag.py:2690} INFO - Sync 1 DAGs
[2023-05-13T06:27:14.528+0000] {logging_mixin.py:137} INFO - [2023-05-13T06:27:14.528+0000] {dag.py:3441} INFO - Setting next_dagrun for example_task_group_decorator to 2023-05-12T06:27:14.528310+00:00, run_after=2023-05-13T06:27:14.528310+00:00
[2023-05-13T06:27:14.538+0000] {processor.py:175} INFO - Processing /home/airflow/.local/lib/python3.7/site-packages/airflow/example_dags/example_task_group_decorator.py took 0.060 seconds
[2023-05-13T06:27:45.502+0000] {processor.py:153} INFO - Started process (PID=767) to work on /home/airflow/.local/lib/python3.7/site-packages/airflow/example_dags/example_task_group_decorator.py
[2023-05-13T06:27:45.503+0000] {processor.py:743} INFO - Processing file /home/airflow/.local/lib/python3.7/site-packages/airflow/example_dags/example_task_group_decorator.py for tasks to queue
[2023-05-13T06:27:45.504+0000] {logging_mixin.py:137} INFO - [2023-05-13T06:27:45.504+0000] {dagbag.py:538} INFO - Filling up the DagBag from /home/airflow/.local/lib/python3.7/site-packages/airflow/example_dags/example_task_group_decorator.py
[2023-05-13T06:27:45.519+0000] {processor.py:753} INFO - DAG(s) dict_keys(['example_task_group_decorator']) retrieved from /home/airflow/.local/lib/python3.7/site-packages/airflow/example_dags/example_task_group_decorator.py
[2023-05-13T06:27:45.535+0000] {logging_mixin.py:137} INFO - [2023-05-13T06:27:45.535+0000] {dag.py:2690} INFO - Sync 1 DAGs
[2023-05-13T06:27:45.548+0000] {logging_mixin.py:137} INFO - [2023-05-13T06:27:45.548+0000] {dag.py:3441} INFO - Setting next_dagrun for example_task_group_decorator to 2023-05-12T06:27:45.548467+00:00, run_after=2023-05-13T06:27:45.548467+00:00
[2023-05-13T06:27:45.558+0000] {processor.py:175} INFO - Processing /home/airflow/.local/lib/python3.7/site-packages/airflow/example_dags/example_task_group_decorator.py took 0.059 seconds
[2023-05-13T06:28:15.607+0000] {processor.py:153} INFO - Started process (PID=842) to work on /home/airflow/.local/lib/python3.7/site-packages/airflow/example_dags/example_task_group_decorator.py
[2023-05-13T06:28:15.607+0000] {processor.py:743} INFO - Processing file /home/airflow/.local/lib/python3.7/site-packages/airflow/example_dags/example_task_group_decorator.py for tasks to queue
[2023-05-13T06:28:15.608+0000] {logging_mixin.py:137} INFO - [2023-05-13T06:28:15.608+0000] {dagbag.py:538} INFO - Filling up the DagBag from /home/airflow/.local/lib/python3.7/site-packages/airflow/example_dags/example_task_group_decorator.py
[2023-05-13T06:28:15.624+0000] {processor.py:753} INFO - DAG(s) dict_keys(['example_task_group_decorator']) retrieved from /home/airflow/.local/lib/python3.7/site-packages/airflow/example_dags/example_task_group_decorator.py
[2023-05-13T06:28:15.642+0000] {logging_mixin.py:137} INFO - [2023-05-13T06:28:15.642+0000] {dag.py:2690} INFO - Sync 1 DAGs
[2023-05-13T06:28:15.655+0000] {logging_mixin.py:137} INFO - [2023-05-13T06:28:15.655+0000] {dag.py:3441} INFO - Setting next_dagrun for example_task_group_decorator to 2023-05-12T06:28:15.655611+00:00, run_after=2023-05-13T06:28:15.655611+00:00
[2023-05-13T06:28:15.665+0000] {processor.py:175} INFO - Processing /home/airflow/.local/lib/python3.7/site-packages/airflow/example_dags/example_task_group_decorator.py took 0.061 seconds
[2023-05-13T06:28:45.780+0000] {processor.py:153} INFO - Started process (PID=917) to work on /home/airflow/.local/lib/python3.7/site-packages/airflow/example_dags/example_task_group_decorator.py
[2023-05-13T06:28:45.780+0000] {processor.py:743} INFO - Processing file /home/airflow/.local/lib/python3.7/site-packages/airflow/example_dags/example_task_group_decorator.py for tasks to queue
[2023-05-13T06:28:45.781+0000] {logging_mixin.py:137} INFO - [2023-05-13T06:28:45.781+0000] {dagbag.py:538} INFO - Filling up the DagBag from /home/airflow/.local/lib/python3.7/site-packages/airflow/example_dags/example_task_group_decorator.py
[2023-05-13T06:28:45.798+0000] {processor.py:753} INFO - DAG(s) dict_keys(['example_task_group_decorator']) retrieved from /home/airflow/.local/lib/python3.7/site-packages/airflow/example_dags/example_task_group_decorator.py
[2023-05-13T06:28:45.814+0000] {logging_mixin.py:137} INFO - [2023-05-13T06:28:45.814+0000] {dag.py:2690} INFO - Sync 1 DAGs
[2023-05-13T06:28:45.828+0000] {logging_mixin.py:137} INFO - [2023-05-13T06:28:45.828+0000] {dag.py:3441} INFO - Setting next_dagrun for example_task_group_decorator to 2023-05-12T06:28:45.828335+00:00, run_after=2023-05-13T06:28:45.828335+00:00
[2023-05-13T06:28:45.837+0000] {processor.py:175} INFO - Processing /home/airflow/.local/lib/python3.7/site-packages/airflow/example_dags/example_task_group_decorator.py took 0.060 seconds
[2023-05-13T06:29:16.781+0000] {processor.py:153} INFO - Started process (PID=992) to work on /home/airflow/.local/lib/python3.7/site-packages/airflow/example_dags/example_task_group_decorator.py
[2023-05-13T06:29:16.782+0000] {processor.py:743} INFO - Processing file /home/airflow/.local/lib/python3.7/site-packages/airflow/example_dags/example_task_group_decorator.py for tasks to queue
[2023-05-13T06:29:16.783+0000] {logging_mixin.py:137} INFO - [2023-05-13T06:29:16.783+0000] {dagbag.py:538} INFO - Filling up the DagBag from /home/airflow/.local/lib/python3.7/site-packages/airflow/example_dags/example_task_group_decorator.py
[2023-05-13T06:29:16.803+0000] {processor.py:753} INFO - DAG(s) dict_keys(['example_task_group_decorator']) retrieved from /home/airflow/.local/lib/python3.7/site-packages/airflow/example_dags/example_task_group_decorator.py
[2023-05-13T06:29:16.822+0000] {logging_mixin.py:137} INFO - [2023-05-13T06:29:16.822+0000] {dag.py:2690} INFO - Sync 1 DAGs
[2023-05-13T06:29:16.836+0000] {logging_mixin.py:137} INFO - [2023-05-13T06:29:16.836+0000] {dag.py:3441} INFO - Setting next_dagrun for example_task_group_decorator to 2023-05-12T06:29:16.836412+00:00, run_after=2023-05-13T06:29:16.836412+00:00
[2023-05-13T06:29:16.846+0000] {processor.py:175} INFO - Processing /home/airflow/.local/lib/python3.7/site-packages/airflow/example_dags/example_task_group_decorator.py took 0.068 seconds
[2023-05-13T06:29:46.976+0000] {processor.py:153} INFO - Started process (PID=1055) to work on /home/airflow/.local/lib/python3.7/site-packages/airflow/example_dags/example_task_group_decorator.py
[2023-05-13T06:29:46.977+0000] {processor.py:743} INFO - Processing file /home/airflow/.local/lib/python3.7/site-packages/airflow/example_dags/example_task_group_decorator.py for tasks to queue
[2023-05-13T06:29:46.978+0000] {logging_mixin.py:137} INFO - [2023-05-13T06:29:46.978+0000] {dagbag.py:538} INFO - Filling up the DagBag from /home/airflow/.local/lib/python3.7/site-packages/airflow/example_dags/example_task_group_decorator.py
[2023-05-13T06:29:46.993+0000] {processor.py:753} INFO - DAG(s) dict_keys(['example_task_group_decorator']) retrieved from /home/airflow/.local/lib/python3.7/site-packages/airflow/example_dags/example_task_group_decorator.py
[2023-05-13T06:29:47.009+0000] {logging_mixin.py:137} INFO - [2023-05-13T06:29:47.009+0000] {dag.py:2690} INFO - Sync 1 DAGs
[2023-05-13T06:29:47.023+0000] {logging_mixin.py:137} INFO - [2023-05-13T06:29:47.023+0000] {dag.py:3441} INFO - Setting next_dagrun for example_task_group_decorator to 2023-05-12T06:29:47.023457+00:00, run_after=2023-05-13T06:29:47.023457+00:00
[2023-05-13T06:29:47.033+0000] {processor.py:175} INFO - Processing /home/airflow/.local/lib/python3.7/site-packages/airflow/example_dags/example_task_group_decorator.py took 0.059 seconds
[2023-05-13T06:30:17.211+0000] {processor.py:153} INFO - Started process (PID=1130) to work on /home/airflow/.local/lib/python3.7/site-packages/airflow/example_dags/example_task_group_decorator.py
[2023-05-13T06:30:17.212+0000] {processor.py:743} INFO - Processing file /home/airflow/.local/lib/python3.7/site-packages/airflow/example_dags/example_task_group_decorator.py for tasks to queue
[2023-05-13T06:30:17.213+0000] {logging_mixin.py:137} INFO - [2023-05-13T06:30:17.213+0000] {dagbag.py:538} INFO - Filling up the DagBag from /home/airflow/.local/lib/python3.7/site-packages/airflow/example_dags/example_task_group_decorator.py
[2023-05-13T06:30:17.228+0000] {processor.py:753} INFO - DAG(s) dict_keys(['example_task_group_decorator']) retrieved from /home/airflow/.local/lib/python3.7/site-packages/airflow/example_dags/example_task_group_decorator.py
[2023-05-13T06:30:17.245+0000] {logging_mixin.py:137} INFO - [2023-05-13T06:30:17.245+0000] {dag.py:2690} INFO - Sync 1 DAGs
[2023-05-13T06:30:17.259+0000] {logging_mixin.py:137} INFO - [2023-05-13T06:30:17.258+0000] {dag.py:3441} INFO - Setting next_dagrun for example_task_group_decorator to 2023-05-12T06:30:17.258781+00:00, run_after=2023-05-13T06:30:17.258781+00:00
[2023-05-13T06:30:17.269+0000] {processor.py:175} INFO - Processing /home/airflow/.local/lib/python3.7/site-packages/airflow/example_dags/example_task_group_decorator.py took 0.060 seconds
[2023-05-13T06:30:47.355+0000] {processor.py:153} INFO - Started process (PID=1204) to work on /home/airflow/.local/lib/python3.7/site-packages/airflow/example_dags/example_task_group_decorator.py
[2023-05-13T06:30:47.356+0000] {processor.py:743} INFO - Processing file /home/airflow/.local/lib/python3.7/site-packages/airflow/example_dags/example_task_group_decorator.py for tasks to queue
[2023-05-13T06:30:47.357+0000] {logging_mixin.py:137} INFO - [2023-05-13T06:30:47.356+0000] {dagbag.py:538} INFO - Filling up the DagBag from /home/airflow/.local/lib/python3.7/site-packages/airflow/example_dags/example_task_group_decorator.py
[2023-05-13T06:30:47.372+0000] {processor.py:753} INFO - DAG(s) dict_keys(['example_task_group_decorator']) retrieved from /home/airflow/.local/lib/python3.7/site-packages/airflow/example_dags/example_task_group_decorator.py
[2023-05-13T06:30:47.389+0000] {logging_mixin.py:137} INFO - [2023-05-13T06:30:47.389+0000] {dag.py:2690} INFO - Sync 1 DAGs
[2023-05-13T06:30:47.402+0000] {logging_mixin.py:137} INFO - [2023-05-13T06:30:47.402+0000] {dag.py:3441} INFO - Setting next_dagrun for example_task_group_decorator to 2023-05-12T06:30:47.402598+00:00, run_after=2023-05-13T06:30:47.402598+00:00
[2023-05-13T06:30:47.412+0000] {processor.py:175} INFO - Processing /home/airflow/.local/lib/python3.7/site-packages/airflow/example_dags/example_task_group_decorator.py took 0.059 seconds
[2023-05-13T06:31:18.316+0000] {processor.py:153} INFO - Started process (PID=1268) to work on /home/airflow/.local/lib/python3.7/site-packages/airflow/example_dags/example_task_group_decorator.py
[2023-05-13T06:31:18.316+0000] {processor.py:743} INFO - Processing file /home/airflow/.local/lib/python3.7/site-packages/airflow/example_dags/example_task_group_decorator.py for tasks to queue
[2023-05-13T06:31:18.317+0000] {logging_mixin.py:137} INFO - [2023-05-13T06:31:18.317+0000] {dagbag.py:538} INFO - Filling up the DagBag from /home/airflow/.local/lib/python3.7/site-packages/airflow/example_dags/example_task_group_decorator.py
[2023-05-13T06:31:18.332+0000] {processor.py:753} INFO - DAG(s) dict_keys(['example_task_group_decorator']) retrieved from /home/airflow/.local/lib/python3.7/site-packages/airflow/example_dags/example_task_group_decorator.py
[2023-05-13T06:31:18.349+0000] {logging_mixin.py:137} INFO - [2023-05-13T06:31:18.349+0000] {dag.py:2690} INFO - Sync 1 DAGs
[2023-05-13T06:31:18.361+0000] {logging_mixin.py:137} INFO - [2023-05-13T06:31:18.361+0000] {dag.py:3441} INFO - Setting next_dagrun for example_task_group_decorator to 2023-05-12T06:31:18.361567+00:00, run_after=2023-05-13T06:31:18.361567+00:00
[2023-05-13T06:31:18.370+0000] {processor.py:175} INFO - Processing /home/airflow/.local/lib/python3.7/site-packages/airflow/example_dags/example_task_group_decorator.py took 0.057 seconds
[2023-05-13T06:31:48.448+0000] {processor.py:153} INFO - Started process (PID=1342) to work on /home/airflow/.local/lib/python3.7/site-packages/airflow/example_dags/example_task_group_decorator.py
[2023-05-13T06:31:48.449+0000] {processor.py:743} INFO - Processing file /home/airflow/.local/lib/python3.7/site-packages/airflow/example_dags/example_task_group_decorator.py for tasks to queue
[2023-05-13T06:31:48.450+0000] {logging_mixin.py:137} INFO - [2023-05-13T06:31:48.450+0000] {dagbag.py:538} INFO - Filling up the DagBag from /home/airflow/.local/lib/python3.7/site-packages/airflow/example_dags/example_task_group_decorator.py
[2023-05-13T06:31:48.465+0000] {processor.py:753} INFO - DAG(s) dict_keys(['example_task_group_decorator']) retrieved from /home/airflow/.local/lib/python3.7/site-packages/airflow/example_dags/example_task_group_decorator.py
[2023-05-13T06:31:48.485+0000] {logging_mixin.py:137} INFO - [2023-05-13T06:31:48.485+0000] {dag.py:2690} INFO - Sync 1 DAGs
[2023-05-13T06:31:48.499+0000] {logging_mixin.py:137} INFO - [2023-05-13T06:31:48.499+0000] {dag.py:3441} INFO - Setting next_dagrun for example_task_group_decorator to 2023-05-12T06:31:48.499100+00:00, run_after=2023-05-13T06:31:48.499100+00:00
[2023-05-13T06:31:48.508+0000] {processor.py:175} INFO - Processing /home/airflow/.local/lib/python3.7/site-packages/airflow/example_dags/example_task_group_decorator.py took 0.062 seconds
[2023-05-13T06:32:18.579+0000] {processor.py:153} INFO - Started process (PID=1417) to work on /home/airflow/.local/lib/python3.7/site-packages/airflow/example_dags/example_task_group_decorator.py
[2023-05-13T06:32:18.579+0000] {processor.py:743} INFO - Processing file /home/airflow/.local/lib/python3.7/site-packages/airflow/example_dags/example_task_group_decorator.py for tasks to queue
[2023-05-13T06:32:18.580+0000] {logging_mixin.py:137} INFO - [2023-05-13T06:32:18.580+0000] {dagbag.py:538} INFO - Filling up the DagBag from /home/airflow/.local/lib/python3.7/site-packages/airflow/example_dags/example_task_group_decorator.py
[2023-05-13T06:32:18.595+0000] {processor.py:753} INFO - DAG(s) dict_keys(['example_task_group_decorator']) retrieved from /home/airflow/.local/lib/python3.7/site-packages/airflow/example_dags/example_task_group_decorator.py
[2023-05-13T06:32:18.612+0000] {logging_mixin.py:137} INFO - [2023-05-13T06:32:18.612+0000] {dag.py:2690} INFO - Sync 1 DAGs
[2023-05-13T06:32:18.625+0000] {logging_mixin.py:137} INFO - [2023-05-13T06:32:18.625+0000] {dag.py:3441} INFO - Setting next_dagrun for example_task_group_decorator to 2023-05-12T06:32:18.625130+00:00, run_after=2023-05-13T06:32:18.625130+00:00
[2023-05-13T06:32:18.635+0000] {processor.py:175} INFO - Processing /home/airflow/.local/lib/python3.7/site-packages/airflow/example_dags/example_task_group_decorator.py took 0.058 seconds
[2023-05-13T06:32:49.825+0000] {processor.py:153} INFO - Started process (PID=1493) to work on /home/airflow/.local/lib/python3.7/site-packages/airflow/example_dags/example_task_group_decorator.py
[2023-05-13T06:32:49.827+0000] {processor.py:743} INFO - Processing file /home/airflow/.local/lib/python3.7/site-packages/airflow/example_dags/example_task_group_decorator.py for tasks to queue
[2023-05-13T06:32:49.828+0000] {logging_mixin.py:137} INFO - [2023-05-13T06:32:49.828+0000] {dagbag.py:538} INFO - Filling up the DagBag from /home/airflow/.local/lib/python3.7/site-packages/airflow/example_dags/example_task_group_decorator.py
[2023-05-13T06:32:49.853+0000] {processor.py:753} INFO - DAG(s) dict_keys(['example_task_group_decorator']) retrieved from /home/airflow/.local/lib/python3.7/site-packages/airflow/example_dags/example_task_group_decorator.py
[2023-05-13T06:32:49.872+0000] {logging_mixin.py:137} INFO - [2023-05-13T06:32:49.872+0000] {dag.py:2690} INFO - Sync 1 DAGs
[2023-05-13T06:32:49.886+0000] {logging_mixin.py:137} INFO - [2023-05-13T06:32:49.886+0000] {dag.py:3441} INFO - Setting next_dagrun for example_task_group_decorator to 2023-05-12T06:32:49.886633+00:00, run_after=2023-05-13T06:32:49.886633+00:00
[2023-05-13T06:32:49.903+0000] {processor.py:175} INFO - Processing /home/airflow/.local/lib/python3.7/site-packages/airflow/example_dags/example_task_group_decorator.py took 0.081 seconds
[2023-05-13T06:33:20.137+0000] {processor.py:153} INFO - Started process (PID=1556) to work on /home/airflow/.local/lib/python3.7/site-packages/airflow/example_dags/example_task_group_decorator.py
[2023-05-13T06:33:20.138+0000] {processor.py:743} INFO - Processing file /home/airflow/.local/lib/python3.7/site-packages/airflow/example_dags/example_task_group_decorator.py for tasks to queue
[2023-05-13T06:33:20.139+0000] {logging_mixin.py:137} INFO - [2023-05-13T06:33:20.139+0000] {dagbag.py:538} INFO - Filling up the DagBag from /home/airflow/.local/lib/python3.7/site-packages/airflow/example_dags/example_task_group_decorator.py
[2023-05-13T06:33:20.155+0000] {processor.py:753} INFO - DAG(s) dict_keys(['example_task_group_decorator']) retrieved from /home/airflow/.local/lib/python3.7/site-packages/airflow/example_dags/example_task_group_decorator.py
[2023-05-13T06:33:20.171+0000] {logging_mixin.py:137} INFO - [2023-05-13T06:33:20.171+0000] {dag.py:2690} INFO - Sync 1 DAGs
[2023-05-13T06:33:20.184+0000] {logging_mixin.py:137} INFO - [2023-05-13T06:33:20.184+0000] {dag.py:3441} INFO - Setting next_dagrun for example_task_group_decorator to 2023-05-12T06:33:20.184452+00:00, run_after=2023-05-13T06:33:20.184452+00:00
[2023-05-13T06:33:20.194+0000] {processor.py:175} INFO - Processing /home/airflow/.local/lib/python3.7/site-packages/airflow/example_dags/example_task_group_decorator.py took 0.059 seconds
[2023-05-13T06:33:50.250+0000] {processor.py:153} INFO - Started process (PID=1630) to work on /home/airflow/.local/lib/python3.7/site-packages/airflow/example_dags/example_task_group_decorator.py
[2023-05-13T06:33:50.251+0000] {processor.py:743} INFO - Processing file /home/airflow/.local/lib/python3.7/site-packages/airflow/example_dags/example_task_group_decorator.py for tasks to queue
[2023-05-13T06:33:50.253+0000] {logging_mixin.py:137} INFO - [2023-05-13T06:33:50.253+0000] {dagbag.py:538} INFO - Filling up the DagBag from /home/airflow/.local/lib/python3.7/site-packages/airflow/example_dags/example_task_group_decorator.py
[2023-05-13T06:33:50.270+0000] {processor.py:753} INFO - DAG(s) dict_keys(['example_task_group_decorator']) retrieved from /home/airflow/.local/lib/python3.7/site-packages/airflow/example_dags/example_task_group_decorator.py
[2023-05-13T06:33:50.292+0000] {logging_mixin.py:137} INFO - [2023-05-13T06:33:50.292+0000] {dag.py:2690} INFO - Sync 1 DAGs
[2023-05-13T06:33:50.308+0000] {logging_mixin.py:137} INFO - [2023-05-13T06:33:50.308+0000] {dag.py:3441} INFO - Setting next_dagrun for example_task_group_decorator to 2023-05-12T06:33:50.308041+00:00, run_after=2023-05-13T06:33:50.308041+00:00
[2023-05-13T06:33:50.319+0000] {processor.py:175} INFO - Processing /home/airflow/.local/lib/python3.7/site-packages/airflow/example_dags/example_task_group_decorator.py took 0.071 seconds
[2023-05-13T06:34:20.441+0000] {processor.py:153} INFO - Started process (PID=1706) to work on /home/airflow/.local/lib/python3.7/site-packages/airflow/example_dags/example_task_group_decorator.py
[2023-05-13T06:34:20.442+0000] {processor.py:743} INFO - Processing file /home/airflow/.local/lib/python3.7/site-packages/airflow/example_dags/example_task_group_decorator.py for tasks to queue
[2023-05-13T06:34:20.443+0000] {logging_mixin.py:137} INFO - [2023-05-13T06:34:20.443+0000] {dagbag.py:538} INFO - Filling up the DagBag from /home/airflow/.local/lib/python3.7/site-packages/airflow/example_dags/example_task_group_decorator.py
[2023-05-13T06:34:20.460+0000] {processor.py:753} INFO - DAG(s) dict_keys(['example_task_group_decorator']) retrieved from /home/airflow/.local/lib/python3.7/site-packages/airflow/example_dags/example_task_group_decorator.py
[2023-05-13T06:34:20.483+0000] {logging_mixin.py:137} INFO - [2023-05-13T06:34:20.483+0000] {dag.py:2690} INFO - Sync 1 DAGs
[2023-05-13T06:34:20.500+0000] {logging_mixin.py:137} INFO - [2023-05-13T06:34:20.499+0000] {dag.py:3441} INFO - Setting next_dagrun for example_task_group_decorator to 2023-05-12T06:34:20.499754+00:00, run_after=2023-05-13T06:34:20.499754+00:00
[2023-05-13T06:34:20.510+0000] {processor.py:175} INFO - Processing /home/airflow/.local/lib/python3.7/site-packages/airflow/example_dags/example_task_group_decorator.py took 0.072 seconds
[2023-05-13T06:34:51.396+0000] {processor.py:153} INFO - Started process (PID=1769) to work on /home/airflow/.local/lib/python3.7/site-packages/airflow/example_dags/example_task_group_decorator.py
[2023-05-13T06:34:51.396+0000] {processor.py:743} INFO - Processing file /home/airflow/.local/lib/python3.7/site-packages/airflow/example_dags/example_task_group_decorator.py for tasks to queue
[2023-05-13T06:34:51.397+0000] {logging_mixin.py:137} INFO - [2023-05-13T06:34:51.397+0000] {dagbag.py:538} INFO - Filling up the DagBag from /home/airflow/.local/lib/python3.7/site-packages/airflow/example_dags/example_task_group_decorator.py
[2023-05-13T06:34:51.413+0000] {processor.py:753} INFO - DAG(s) dict_keys(['example_task_group_decorator']) retrieved from /home/airflow/.local/lib/python3.7/site-packages/airflow/example_dags/example_task_group_decorator.py
[2023-05-13T06:34:51.430+0000] {logging_mixin.py:137} INFO - [2023-05-13T06:34:51.430+0000] {dag.py:2690} INFO - Sync 1 DAGs
[2023-05-13T06:34:51.443+0000] {logging_mixin.py:137} INFO - [2023-05-13T06:34:51.443+0000] {dag.py:3441} INFO - Setting next_dagrun for example_task_group_decorator to 2023-05-12T06:34:51.443232+00:00, run_after=2023-05-13T06:34:51.443232+00:00
[2023-05-13T06:34:51.453+0000] {processor.py:175} INFO - Processing /home/airflow/.local/lib/python3.7/site-packages/airflow/example_dags/example_task_group_decorator.py took 0.059 seconds
[2023-05-13T06:35:22.439+0000] {processor.py:153} INFO - Started process (PID=1843) to work on /home/airflow/.local/lib/python3.7/site-packages/airflow/example_dags/example_task_group_decorator.py
[2023-05-13T06:35:22.439+0000] {processor.py:743} INFO - Processing file /home/airflow/.local/lib/python3.7/site-packages/airflow/example_dags/example_task_group_decorator.py for tasks to queue
[2023-05-13T06:35:22.440+0000] {logging_mixin.py:137} INFO - [2023-05-13T06:35:22.440+0000] {dagbag.py:538} INFO - Filling up the DagBag from /home/airflow/.local/lib/python3.7/site-packages/airflow/example_dags/example_task_group_decorator.py
[2023-05-13T06:35:22.455+0000] {processor.py:753} INFO - DAG(s) dict_keys(['example_task_group_decorator']) retrieved from /home/airflow/.local/lib/python3.7/site-packages/airflow/example_dags/example_task_group_decorator.py
[2023-05-13T06:35:22.472+0000] {logging_mixin.py:137} INFO - [2023-05-13T06:35:22.471+0000] {dag.py:2690} INFO - Sync 1 DAGs
[2023-05-13T06:35:22.485+0000] {logging_mixin.py:137} INFO - [2023-05-13T06:35:22.485+0000] {dag.py:3441} INFO - Setting next_dagrun for example_task_group_decorator to 2023-05-12T06:35:22.485012+00:00, run_after=2023-05-13T06:35:22.485012+00:00
[2023-05-13T06:35:22.495+0000] {processor.py:175} INFO - Processing /home/airflow/.local/lib/python3.7/site-packages/airflow/example_dags/example_task_group_decorator.py took 0.059 seconds
[2023-05-13T06:35:52.572+0000] {processor.py:153} INFO - Started process (PID=1918) to work on /home/airflow/.local/lib/python3.7/site-packages/airflow/example_dags/example_task_group_decorator.py
[2023-05-13T06:35:52.573+0000] {processor.py:743} INFO - Processing file /home/airflow/.local/lib/python3.7/site-packages/airflow/example_dags/example_task_group_decorator.py for tasks to queue
[2023-05-13T06:35:52.573+0000] {logging_mixin.py:137} INFO - [2023-05-13T06:35:52.573+0000] {dagbag.py:538} INFO - Filling up the DagBag from /home/airflow/.local/lib/python3.7/site-packages/airflow/example_dags/example_task_group_decorator.py
[2023-05-13T06:35:52.590+0000] {processor.py:753} INFO - DAG(s) dict_keys(['example_task_group_decorator']) retrieved from /home/airflow/.local/lib/python3.7/site-packages/airflow/example_dags/example_task_group_decorator.py
[2023-05-13T06:35:52.607+0000] {logging_mixin.py:137} INFO - [2023-05-13T06:35:52.607+0000] {dag.py:2690} INFO - Sync 1 DAGs
[2023-05-13T06:35:52.622+0000] {logging_mixin.py:137} INFO - [2023-05-13T06:35:52.622+0000] {dag.py:3441} INFO - Setting next_dagrun for example_task_group_decorator to 2023-05-12T06:35:52.622221+00:00, run_after=2023-05-13T06:35:52.622221+00:00
[2023-05-13T06:35:52.631+0000] {processor.py:175} INFO - Processing /home/airflow/.local/lib/python3.7/site-packages/airflow/example_dags/example_task_group_decorator.py took 0.062 seconds
[2023-05-13T06:36:23.586+0000] {processor.py:153} INFO - Started process (PID=1992) to work on /home/airflow/.local/lib/python3.7/site-packages/airflow/example_dags/example_task_group_decorator.py
[2023-05-13T06:36:23.587+0000] {processor.py:743} INFO - Processing file /home/airflow/.local/lib/python3.7/site-packages/airflow/example_dags/example_task_group_decorator.py for tasks to queue
[2023-05-13T06:36:23.588+0000] {logging_mixin.py:137} INFO - [2023-05-13T06:36:23.588+0000] {dagbag.py:538} INFO - Filling up the DagBag from /home/airflow/.local/lib/python3.7/site-packages/airflow/example_dags/example_task_group_decorator.py
[2023-05-13T06:36:23.602+0000] {processor.py:753} INFO - DAG(s) dict_keys(['example_task_group_decorator']) retrieved from /home/airflow/.local/lib/python3.7/site-packages/airflow/example_dags/example_task_group_decorator.py
[2023-05-13T06:36:23.619+0000] {logging_mixin.py:137} INFO - [2023-05-13T06:36:23.619+0000] {dag.py:2690} INFO - Sync 1 DAGs
[2023-05-13T06:36:23.633+0000] {logging_mixin.py:137} INFO - [2023-05-13T06:36:23.633+0000] {dag.py:3441} INFO - Setting next_dagrun for example_task_group_decorator to 2023-05-12T06:36:23.633206+00:00, run_after=2023-05-13T06:36:23.633206+00:00
[2023-05-13T06:36:23.644+0000] {processor.py:175} INFO - Processing /home/airflow/.local/lib/python3.7/site-packages/airflow/example_dags/example_task_group_decorator.py took 0.060 seconds
[2023-05-13T06:42:13.064+0000] {processor.py:153} INFO - Started process (PID=2725) to work on /home/airflow/.local/lib/python3.7/site-packages/airflow/example_dags/example_task_group_decorator.py
[2023-05-13T06:42:13.065+0000] {processor.py:743} INFO - Processing file /home/airflow/.local/lib/python3.7/site-packages/airflow/example_dags/example_task_group_decorator.py for tasks to queue
[2023-05-13T06:42:13.066+0000] {logging_mixin.py:137} INFO - [2023-05-13T06:42:13.066+0000] {dagbag.py:538} INFO - Filling up the DagBag from /home/airflow/.local/lib/python3.7/site-packages/airflow/example_dags/example_task_group_decorator.py
[2023-05-13T06:42:13.081+0000] {processor.py:753} INFO - DAG(s) dict_keys(['example_task_group_decorator']) retrieved from /home/airflow/.local/lib/python3.7/site-packages/airflow/example_dags/example_task_group_decorator.py
[2023-05-13T06:42:13.118+0000] {logging_mixin.py:137} INFO - [2023-05-13T06:42:13.118+0000] {dag.py:2690} INFO - Sync 1 DAGs
[2023-05-13T06:42:13.129+0000] {logging_mixin.py:137} INFO - [2023-05-13T06:42:13.129+0000] {dag.py:3441} INFO - Setting next_dagrun for example_task_group_decorator to 2023-05-12T06:42:13.129226+00:00, run_after=2023-05-13T06:42:13.129226+00:00
[2023-05-13T06:42:13.139+0000] {processor.py:175} INFO - Processing /home/airflow/.local/lib/python3.7/site-packages/airflow/example_dags/example_task_group_decorator.py took 0.077 seconds
