[2023-05-13T06:22:37.533+0000] {processor.py:153} INFO - Started process (PID=44) to work on /home/airflow/.local/lib/python3.7/site-packages/airflow/example_dags/tutorial_dag.py
[2023-05-13T06:22:37.534+0000] {processor.py:743} INFO - Processing file /home/airflow/.local/lib/python3.7/site-packages/airflow/example_dags/tutorial_dag.py for tasks to queue
[2023-05-13T06:22:37.535+0000] {logging_mixin.py:137} INFO - [2023-05-13T06:22:37.535+0000] {dagbag.py:538} INFO - Filling up the DagBag from /home/airflow/.local/lib/python3.7/site-packages/airflow/example_dags/tutorial_dag.py
[2023-05-13T06:22:37.551+0000] {processor.py:753} INFO - DAG(s) dict_keys(['tutorial_dag']) retrieved from /home/airflow/.local/lib/python3.7/site-packages/airflow/example_dags/tutorial_dag.py
[2023-05-13T06:22:37.572+0000] {logging_mixin.py:137} INFO - [2023-05-13T06:22:37.571+0000] {dag.py:2690} INFO - Sync 1 DAGs
[2023-05-13T06:22:37.588+0000] {logging_mixin.py:137} INFO - [2023-05-13T06:22:37.588+0000] {dag.py:3441} INFO - Setting next_dagrun for tutorial_dag to None, run_after=None
[2023-05-13T06:22:37.605+0000] {processor.py:175} INFO - Processing /home/airflow/.local/lib/python3.7/site-packages/airflow/example_dags/tutorial_dag.py took 0.074 seconds
[2023-05-13T06:23:08.648+0000] {processor.py:153} INFO - Started process (PID=119) to work on /home/airflow/.local/lib/python3.7/site-packages/airflow/example_dags/tutorial_dag.py
[2023-05-13T06:23:08.650+0000] {processor.py:743} INFO - Processing file /home/airflow/.local/lib/python3.7/site-packages/airflow/example_dags/tutorial_dag.py for tasks to queue
[2023-05-13T06:23:08.652+0000] {logging_mixin.py:137} INFO - [2023-05-13T06:23:08.652+0000] {dagbag.py:538} INFO - Filling up the DagBag from /home/airflow/.local/lib/python3.7/site-packages/airflow/example_dags/tutorial_dag.py
[2023-05-13T06:23:08.665+0000] {processor.py:753} INFO - DAG(s) dict_keys(['tutorial_dag']) retrieved from /home/airflow/.local/lib/python3.7/site-packages/airflow/example_dags/tutorial_dag.py
[2023-05-13T06:23:08.687+0000] {logging_mixin.py:137} INFO - [2023-05-13T06:23:08.687+0000] {dag.py:2690} INFO - Sync 1 DAGs
[2023-05-13T06:23:08.702+0000] {logging_mixin.py:137} INFO - [2023-05-13T06:23:08.702+0000] {dag.py:3441} INFO - Setting next_dagrun for tutorial_dag to None, run_after=None
[2023-05-13T06:23:08.711+0000] {processor.py:175} INFO - Processing /home/airflow/.local/lib/python3.7/site-packages/airflow/example_dags/tutorial_dag.py took 0.069 seconds
[2023-05-13T06:23:39.416+0000] {processor.py:153} INFO - Started process (PID=194) to work on /home/airflow/.local/lib/python3.7/site-packages/airflow/example_dags/tutorial_dag.py
[2023-05-13T06:23:39.417+0000] {processor.py:743} INFO - Processing file /home/airflow/.local/lib/python3.7/site-packages/airflow/example_dags/tutorial_dag.py for tasks to queue
[2023-05-13T06:23:39.418+0000] {logging_mixin.py:137} INFO - [2023-05-13T06:23:39.418+0000] {dagbag.py:538} INFO - Filling up the DagBag from /home/airflow/.local/lib/python3.7/site-packages/airflow/example_dags/tutorial_dag.py
[2023-05-13T06:23:39.426+0000] {processor.py:753} INFO - DAG(s) dict_keys(['tutorial_dag']) retrieved from /home/airflow/.local/lib/python3.7/site-packages/airflow/example_dags/tutorial_dag.py
[2023-05-13T06:23:39.445+0000] {logging_mixin.py:137} INFO - [2023-05-13T06:23:39.445+0000] {dag.py:2690} INFO - Sync 1 DAGs
[2023-05-13T06:23:39.461+0000] {logging_mixin.py:137} INFO - [2023-05-13T06:23:39.460+0000] {dag.py:3441} INFO - Setting next_dagrun for tutorial_dag to None, run_after=None
[2023-05-13T06:23:39.481+0000] {processor.py:175} INFO - Processing /home/airflow/.local/lib/python3.7/site-packages/airflow/example_dags/tutorial_dag.py took 0.069 seconds
[2023-05-13T06:24:10.394+0000] {processor.py:153} INFO - Started process (PID=258) to work on /home/airflow/.local/lib/python3.7/site-packages/airflow/example_dags/tutorial_dag.py
[2023-05-13T06:24:10.396+0000] {processor.py:743} INFO - Processing file /home/airflow/.local/lib/python3.7/site-packages/airflow/example_dags/tutorial_dag.py for tasks to queue
[2023-05-13T06:24:10.398+0000] {logging_mixin.py:137} INFO - [2023-05-13T06:24:10.398+0000] {dagbag.py:538} INFO - Filling up the DagBag from /home/airflow/.local/lib/python3.7/site-packages/airflow/example_dags/tutorial_dag.py
[2023-05-13T06:24:10.411+0000] {processor.py:753} INFO - DAG(s) dict_keys(['tutorial_dag']) retrieved from /home/airflow/.local/lib/python3.7/site-packages/airflow/example_dags/tutorial_dag.py
[2023-05-13T06:24:10.433+0000] {logging_mixin.py:137} INFO - [2023-05-13T06:24:10.433+0000] {dag.py:2690} INFO - Sync 1 DAGs
[2023-05-13T06:24:10.448+0000] {logging_mixin.py:137} INFO - [2023-05-13T06:24:10.448+0000] {dag.py:3441} INFO - Setting next_dagrun for tutorial_dag to None, run_after=None
[2023-05-13T06:24:10.457+0000] {processor.py:175} INFO - Processing /home/airflow/.local/lib/python3.7/site-packages/airflow/example_dags/tutorial_dag.py took 0.069 seconds
[2023-05-13T06:24:41.233+0000] {processor.py:153} INFO - Started process (PID=333) to work on /home/airflow/.local/lib/python3.7/site-packages/airflow/example_dags/tutorial_dag.py
[2023-05-13T06:24:41.236+0000] {processor.py:743} INFO - Processing file /home/airflow/.local/lib/python3.7/site-packages/airflow/example_dags/tutorial_dag.py for tasks to queue
[2023-05-13T06:24:41.238+0000] {logging_mixin.py:137} INFO - [2023-05-13T06:24:41.238+0000] {dagbag.py:538} INFO - Filling up the DagBag from /home/airflow/.local/lib/python3.7/site-packages/airflow/example_dags/tutorial_dag.py
[2023-05-13T06:24:41.254+0000] {processor.py:753} INFO - DAG(s) dict_keys(['tutorial_dag']) retrieved from /home/airflow/.local/lib/python3.7/site-packages/airflow/example_dags/tutorial_dag.py
[2023-05-13T06:24:41.277+0000] {logging_mixin.py:137} INFO - [2023-05-13T06:24:41.277+0000] {dag.py:2690} INFO - Sync 1 DAGs
[2023-05-13T06:24:41.291+0000] {logging_mixin.py:137} INFO - [2023-05-13T06:24:41.291+0000] {dag.py:3441} INFO - Setting next_dagrun for tutorial_dag to None, run_after=None
[2023-05-13T06:24:41.301+0000] {processor.py:175} INFO - Processing /home/airflow/.local/lib/python3.7/site-packages/airflow/example_dags/tutorial_dag.py took 0.074 seconds
[2023-05-13T06:25:11.964+0000] {processor.py:153} INFO - Started process (PID=407) to work on /home/airflow/.local/lib/python3.7/site-packages/airflow/example_dags/tutorial_dag.py
[2023-05-13T06:25:11.965+0000] {processor.py:743} INFO - Processing file /home/airflow/.local/lib/python3.7/site-packages/airflow/example_dags/tutorial_dag.py for tasks to queue
[2023-05-13T06:25:11.966+0000] {logging_mixin.py:137} INFO - [2023-05-13T06:25:11.966+0000] {dagbag.py:538} INFO - Filling up the DagBag from /home/airflow/.local/lib/python3.7/site-packages/airflow/example_dags/tutorial_dag.py
[2023-05-13T06:25:11.975+0000] {processor.py:753} INFO - DAG(s) dict_keys(['tutorial_dag']) retrieved from /home/airflow/.local/lib/python3.7/site-packages/airflow/example_dags/tutorial_dag.py
[2023-05-13T06:25:11.991+0000] {logging_mixin.py:137} INFO - [2023-05-13T06:25:11.991+0000] {dag.py:2690} INFO - Sync 1 DAGs
[2023-05-13T06:25:12.005+0000] {logging_mixin.py:137} INFO - [2023-05-13T06:25:12.005+0000] {dag.py:3441} INFO - Setting next_dagrun for tutorial_dag to None, run_after=None
[2023-05-13T06:25:12.014+0000] {processor.py:175} INFO - Processing /home/airflow/.local/lib/python3.7/site-packages/airflow/example_dags/tutorial_dag.py took 0.053 seconds
[2023-05-13T06:25:42.814+0000] {processor.py:153} INFO - Started process (PID=478) to work on /home/airflow/.local/lib/python3.7/site-packages/airflow/example_dags/tutorial_dag.py
[2023-05-13T06:25:42.815+0000] {processor.py:743} INFO - Processing file /home/airflow/.local/lib/python3.7/site-packages/airflow/example_dags/tutorial_dag.py for tasks to queue
[2023-05-13T06:25:42.815+0000] {logging_mixin.py:137} INFO - [2023-05-13T06:25:42.815+0000] {dagbag.py:538} INFO - Filling up the DagBag from /home/airflow/.local/lib/python3.7/site-packages/airflow/example_dags/tutorial_dag.py
[2023-05-13T06:25:42.824+0000] {processor.py:753} INFO - DAG(s) dict_keys(['tutorial_dag']) retrieved from /home/airflow/.local/lib/python3.7/site-packages/airflow/example_dags/tutorial_dag.py
[2023-05-13T06:25:42.847+0000] {logging_mixin.py:137} INFO - [2023-05-13T06:25:42.847+0000] {dag.py:2690} INFO - Sync 1 DAGs
[2023-05-13T06:25:42.863+0000] {logging_mixin.py:137} INFO - [2023-05-13T06:25:42.863+0000] {dag.py:3441} INFO - Setting next_dagrun for tutorial_dag to None, run_after=None
[2023-05-13T06:25:42.873+0000] {processor.py:175} INFO - Processing /home/airflow/.local/lib/python3.7/site-packages/airflow/example_dags/tutorial_dag.py took 0.063 seconds
[2023-05-13T06:26:12.950+0000] {processor.py:153} INFO - Started process (PID=545) to work on /home/airflow/.local/lib/python3.7/site-packages/airflow/example_dags/tutorial_dag.py
[2023-05-13T06:26:12.952+0000] {processor.py:743} INFO - Processing file /home/airflow/.local/lib/python3.7/site-packages/airflow/example_dags/tutorial_dag.py for tasks to queue
[2023-05-13T06:26:12.953+0000] {logging_mixin.py:137} INFO - [2023-05-13T06:26:12.953+0000] {dagbag.py:538} INFO - Filling up the DagBag from /home/airflow/.local/lib/python3.7/site-packages/airflow/example_dags/tutorial_dag.py
[2023-05-13T06:26:12.966+0000] {processor.py:753} INFO - DAG(s) dict_keys(['tutorial_dag']) retrieved from /home/airflow/.local/lib/python3.7/site-packages/airflow/example_dags/tutorial_dag.py
[2023-05-13T06:26:12.988+0000] {logging_mixin.py:137} INFO - [2023-05-13T06:26:12.988+0000] {dag.py:2690} INFO - Sync 1 DAGs
[2023-05-13T06:26:13.002+0000] {logging_mixin.py:137} INFO - [2023-05-13T06:26:13.002+0000] {dag.py:3441} INFO - Setting next_dagrun for tutorial_dag to None, run_after=None
[2023-05-13T06:26:13.012+0000] {processor.py:175} INFO - Processing /home/airflow/.local/lib/python3.7/site-packages/airflow/example_dags/tutorial_dag.py took 0.068 seconds
[2023-05-13T06:26:43.920+0000] {processor.py:153} INFO - Started process (PID=620) to work on /home/airflow/.local/lib/python3.7/site-packages/airflow/example_dags/tutorial_dag.py
[2023-05-13T06:26:43.922+0000] {processor.py:743} INFO - Processing file /home/airflow/.local/lib/python3.7/site-packages/airflow/example_dags/tutorial_dag.py for tasks to queue
[2023-05-13T06:26:43.922+0000] {logging_mixin.py:137} INFO - [2023-05-13T06:26:43.922+0000] {dagbag.py:538} INFO - Filling up the DagBag from /home/airflow/.local/lib/python3.7/site-packages/airflow/example_dags/tutorial_dag.py
[2023-05-13T06:26:43.935+0000] {processor.py:753} INFO - DAG(s) dict_keys(['tutorial_dag']) retrieved from /home/airflow/.local/lib/python3.7/site-packages/airflow/example_dags/tutorial_dag.py
[2023-05-13T06:26:43.956+0000] {logging_mixin.py:137} INFO - [2023-05-13T06:26:43.956+0000] {dag.py:2690} INFO - Sync 1 DAGs
[2023-05-13T06:26:43.970+0000] {logging_mixin.py:137} INFO - [2023-05-13T06:26:43.970+0000] {dag.py:3441} INFO - Setting next_dagrun for tutorial_dag to None, run_after=None
[2023-05-13T06:26:43.979+0000] {processor.py:175} INFO - Processing /home/airflow/.local/lib/python3.7/site-packages/airflow/example_dags/tutorial_dag.py took 0.064 seconds
[2023-05-13T06:27:14.109+0000] {processor.py:153} INFO - Started process (PID=695) to work on /home/airflow/.local/lib/python3.7/site-packages/airflow/example_dags/tutorial_dag.py
[2023-05-13T06:27:14.110+0000] {processor.py:743} INFO - Processing file /home/airflow/.local/lib/python3.7/site-packages/airflow/example_dags/tutorial_dag.py for tasks to queue
[2023-05-13T06:27:14.111+0000] {logging_mixin.py:137} INFO - [2023-05-13T06:27:14.110+0000] {dagbag.py:538} INFO - Filling up the DagBag from /home/airflow/.local/lib/python3.7/site-packages/airflow/example_dags/tutorial_dag.py
[2023-05-13T06:27:14.118+0000] {processor.py:753} INFO - DAG(s) dict_keys(['tutorial_dag']) retrieved from /home/airflow/.local/lib/python3.7/site-packages/airflow/example_dags/tutorial_dag.py
[2023-05-13T06:27:14.136+0000] {logging_mixin.py:137} INFO - [2023-05-13T06:27:14.136+0000] {dag.py:2690} INFO - Sync 1 DAGs
[2023-05-13T06:27:14.149+0000] {logging_mixin.py:137} INFO - [2023-05-13T06:27:14.149+0000] {dag.py:3441} INFO - Setting next_dagrun for tutorial_dag to None, run_after=None
[2023-05-13T06:27:14.158+0000] {processor.py:175} INFO - Processing /home/airflow/.local/lib/python3.7/site-packages/airflow/example_dags/tutorial_dag.py took 0.051 seconds
[2023-05-13T06:27:45.074+0000] {processor.py:153} INFO - Started process (PID=759) to work on /home/airflow/.local/lib/python3.7/site-packages/airflow/example_dags/tutorial_dag.py
[2023-05-13T06:27:45.075+0000] {processor.py:743} INFO - Processing file /home/airflow/.local/lib/python3.7/site-packages/airflow/example_dags/tutorial_dag.py for tasks to queue
[2023-05-13T06:27:45.075+0000] {logging_mixin.py:137} INFO - [2023-05-13T06:27:45.075+0000] {dagbag.py:538} INFO - Filling up the DagBag from /home/airflow/.local/lib/python3.7/site-packages/airflow/example_dags/tutorial_dag.py
[2023-05-13T06:27:45.083+0000] {processor.py:753} INFO - DAG(s) dict_keys(['tutorial_dag']) retrieved from /home/airflow/.local/lib/python3.7/site-packages/airflow/example_dags/tutorial_dag.py
[2023-05-13T06:27:45.098+0000] {logging_mixin.py:137} INFO - [2023-05-13T06:27:45.098+0000] {dag.py:2690} INFO - Sync 1 DAGs
[2023-05-13T06:27:45.112+0000] {logging_mixin.py:137} INFO - [2023-05-13T06:27:45.111+0000] {dag.py:3441} INFO - Setting next_dagrun for tutorial_dag to None, run_after=None
[2023-05-13T06:27:45.121+0000] {processor.py:175} INFO - Processing /home/airflow/.local/lib/python3.7/site-packages/airflow/example_dags/tutorial_dag.py took 0.050 seconds
[2023-05-13T06:28:15.237+0000] {processor.py:153} INFO - Started process (PID=834) to work on /home/airflow/.local/lib/python3.7/site-packages/airflow/example_dags/tutorial_dag.py
[2023-05-13T06:28:15.237+0000] {processor.py:743} INFO - Processing file /home/airflow/.local/lib/python3.7/site-packages/airflow/example_dags/tutorial_dag.py for tasks to queue
[2023-05-13T06:28:15.238+0000] {logging_mixin.py:137} INFO - [2023-05-13T06:28:15.238+0000] {dagbag.py:538} INFO - Filling up the DagBag from /home/airflow/.local/lib/python3.7/site-packages/airflow/example_dags/tutorial_dag.py
[2023-05-13T06:28:15.246+0000] {processor.py:753} INFO - DAG(s) dict_keys(['tutorial_dag']) retrieved from /home/airflow/.local/lib/python3.7/site-packages/airflow/example_dags/tutorial_dag.py
[2023-05-13T06:28:15.263+0000] {logging_mixin.py:137} INFO - [2023-05-13T06:28:15.263+0000] {dag.py:2690} INFO - Sync 1 DAGs
[2023-05-13T06:28:15.277+0000] {logging_mixin.py:137} INFO - [2023-05-13T06:28:15.277+0000] {dag.py:3441} INFO - Setting next_dagrun for tutorial_dag to None, run_after=None
[2023-05-13T06:28:15.287+0000] {processor.py:175} INFO - Processing /home/airflow/.local/lib/python3.7/site-packages/airflow/example_dags/tutorial_dag.py took 0.052 seconds
[2023-05-13T06:28:45.422+0000] {processor.py:153} INFO - Started process (PID=909) to work on /home/airflow/.local/lib/python3.7/site-packages/airflow/example_dags/tutorial_dag.py
[2023-05-13T06:28:45.423+0000] {processor.py:743} INFO - Processing file /home/airflow/.local/lib/python3.7/site-packages/airflow/example_dags/tutorial_dag.py for tasks to queue
[2023-05-13T06:28:45.423+0000] {logging_mixin.py:137} INFO - [2023-05-13T06:28:45.423+0000] {dagbag.py:538} INFO - Filling up the DagBag from /home/airflow/.local/lib/python3.7/site-packages/airflow/example_dags/tutorial_dag.py
[2023-05-13T06:28:45.431+0000] {processor.py:753} INFO - DAG(s) dict_keys(['tutorial_dag']) retrieved from /home/airflow/.local/lib/python3.7/site-packages/airflow/example_dags/tutorial_dag.py
[2023-05-13T06:28:45.447+0000] {logging_mixin.py:137} INFO - [2023-05-13T06:28:45.447+0000] {dag.py:2690} INFO - Sync 1 DAGs
[2023-05-13T06:28:45.460+0000] {logging_mixin.py:137} INFO - [2023-05-13T06:28:45.460+0000] {dag.py:3441} INFO - Setting next_dagrun for tutorial_dag to None, run_after=None
[2023-05-13T06:28:45.469+0000] {processor.py:175} INFO - Processing /home/airflow/.local/lib/python3.7/site-packages/airflow/example_dags/tutorial_dag.py took 0.050 seconds
[2023-05-13T06:29:16.362+0000] {processor.py:153} INFO - Started process (PID=981) to work on /home/airflow/.local/lib/python3.7/site-packages/airflow/example_dags/tutorial_dag.py
[2023-05-13T06:29:16.363+0000] {processor.py:743} INFO - Processing file /home/airflow/.local/lib/python3.7/site-packages/airflow/example_dags/tutorial_dag.py for tasks to queue
[2023-05-13T06:29:16.364+0000] {logging_mixin.py:137} INFO - [2023-05-13T06:29:16.364+0000] {dagbag.py:538} INFO - Filling up the DagBag from /home/airflow/.local/lib/python3.7/site-packages/airflow/example_dags/tutorial_dag.py
[2023-05-13T06:29:16.374+0000] {processor.py:753} INFO - DAG(s) dict_keys(['tutorial_dag']) retrieved from /home/airflow/.local/lib/python3.7/site-packages/airflow/example_dags/tutorial_dag.py
[2023-05-13T06:29:16.392+0000] {logging_mixin.py:137} INFO - [2023-05-13T06:29:16.392+0000] {dag.py:2690} INFO - Sync 1 DAGs
[2023-05-13T06:29:16.407+0000] {logging_mixin.py:137} INFO - [2023-05-13T06:29:16.407+0000] {dag.py:3441} INFO - Setting next_dagrun for tutorial_dag to None, run_after=None
[2023-05-13T06:29:16.417+0000] {processor.py:175} INFO - Processing /home/airflow/.local/lib/python3.7/site-packages/airflow/example_dags/tutorial_dag.py took 0.057 seconds
[2023-05-13T06:29:46.614+0000] {processor.py:153} INFO - Started process (PID=1047) to work on /home/airflow/.local/lib/python3.7/site-packages/airflow/example_dags/tutorial_dag.py
[2023-05-13T06:29:46.615+0000] {processor.py:743} INFO - Processing file /home/airflow/.local/lib/python3.7/site-packages/airflow/example_dags/tutorial_dag.py for tasks to queue
[2023-05-13T06:29:46.616+0000] {logging_mixin.py:137} INFO - [2023-05-13T06:29:46.616+0000] {dagbag.py:538} INFO - Filling up the DagBag from /home/airflow/.local/lib/python3.7/site-packages/airflow/example_dags/tutorial_dag.py
[2023-05-13T06:29:46.623+0000] {processor.py:753} INFO - DAG(s) dict_keys(['tutorial_dag']) retrieved from /home/airflow/.local/lib/python3.7/site-packages/airflow/example_dags/tutorial_dag.py
[2023-05-13T06:29:46.640+0000] {logging_mixin.py:137} INFO - [2023-05-13T06:29:46.640+0000] {dag.py:2690} INFO - Sync 1 DAGs
[2023-05-13T06:29:46.653+0000] {logging_mixin.py:137} INFO - [2023-05-13T06:29:46.653+0000] {dag.py:3441} INFO - Setting next_dagrun for tutorial_dag to None, run_after=None
[2023-05-13T06:29:46.663+0000] {processor.py:175} INFO - Processing /home/airflow/.local/lib/python3.7/site-packages/airflow/example_dags/tutorial_dag.py took 0.051 seconds
[2023-05-13T06:30:16.778+0000] {processor.py:153} INFO - Started process (PID=1122) to work on /home/airflow/.local/lib/python3.7/site-packages/airflow/example_dags/tutorial_dag.py
[2023-05-13T06:30:16.779+0000] {processor.py:743} INFO - Processing file /home/airflow/.local/lib/python3.7/site-packages/airflow/example_dags/tutorial_dag.py for tasks to queue
[2023-05-13T06:30:16.779+0000] {logging_mixin.py:137} INFO - [2023-05-13T06:30:16.779+0000] {dagbag.py:538} INFO - Filling up the DagBag from /home/airflow/.local/lib/python3.7/site-packages/airflow/example_dags/tutorial_dag.py
[2023-05-13T06:30:16.787+0000] {processor.py:753} INFO - DAG(s) dict_keys(['tutorial_dag']) retrieved from /home/airflow/.local/lib/python3.7/site-packages/airflow/example_dags/tutorial_dag.py
[2023-05-13T06:30:16.803+0000] {logging_mixin.py:137} INFO - [2023-05-13T06:30:16.803+0000] {dag.py:2690} INFO - Sync 1 DAGs
[2023-05-13T06:30:16.817+0000] {logging_mixin.py:137} INFO - [2023-05-13T06:30:16.817+0000] {dag.py:3441} INFO - Setting next_dagrun for tutorial_dag to None, run_after=None
[2023-05-13T06:30:16.827+0000] {processor.py:175} INFO - Processing /home/airflow/.local/lib/python3.7/site-packages/airflow/example_dags/tutorial_dag.py took 0.051 seconds
[2023-05-13T06:30:47.024+0000] {processor.py:153} INFO - Started process (PID=1196) to work on /home/airflow/.local/lib/python3.7/site-packages/airflow/example_dags/tutorial_dag.py
[2023-05-13T06:30:47.025+0000] {processor.py:743} INFO - Processing file /home/airflow/.local/lib/python3.7/site-packages/airflow/example_dags/tutorial_dag.py for tasks to queue
[2023-05-13T06:30:47.026+0000] {logging_mixin.py:137} INFO - [2023-05-13T06:30:47.026+0000] {dagbag.py:538} INFO - Filling up the DagBag from /home/airflow/.local/lib/python3.7/site-packages/airflow/example_dags/tutorial_dag.py
[2023-05-13T06:30:47.037+0000] {processor.py:753} INFO - DAG(s) dict_keys(['tutorial_dag']) retrieved from /home/airflow/.local/lib/python3.7/site-packages/airflow/example_dags/tutorial_dag.py
[2023-05-13T06:30:47.061+0000] {logging_mixin.py:137} INFO - [2023-05-13T06:30:47.061+0000] {dag.py:2690} INFO - Sync 1 DAGs
[2023-05-13T06:30:47.077+0000] {logging_mixin.py:137} INFO - [2023-05-13T06:30:47.076+0000] {dag.py:3441} INFO - Setting next_dagrun for tutorial_dag to None, run_after=None
[2023-05-13T06:30:47.096+0000] {processor.py:175} INFO - Processing /home/airflow/.local/lib/python3.7/site-packages/airflow/example_dags/tutorial_dag.py took 0.079 seconds
[2023-05-13T06:31:18.027+0000] {processor.py:153} INFO - Started process (PID=1260) to work on /home/airflow/.local/lib/python3.7/site-packages/airflow/example_dags/tutorial_dag.py
[2023-05-13T06:31:18.027+0000] {processor.py:743} INFO - Processing file /home/airflow/.local/lib/python3.7/site-packages/airflow/example_dags/tutorial_dag.py for tasks to queue
[2023-05-13T06:31:18.028+0000] {logging_mixin.py:137} INFO - [2023-05-13T06:31:18.028+0000] {dagbag.py:538} INFO - Filling up the DagBag from /home/airflow/.local/lib/python3.7/site-packages/airflow/example_dags/tutorial_dag.py
[2023-05-13T06:31:18.036+0000] {processor.py:753} INFO - DAG(s) dict_keys(['tutorial_dag']) retrieved from /home/airflow/.local/lib/python3.7/site-packages/airflow/example_dags/tutorial_dag.py
[2023-05-13T06:31:18.054+0000] {logging_mixin.py:137} INFO - [2023-05-13T06:31:18.054+0000] {dag.py:2690} INFO - Sync 1 DAGs
[2023-05-13T06:31:18.068+0000] {logging_mixin.py:137} INFO - [2023-05-13T06:31:18.068+0000] {dag.py:3441} INFO - Setting next_dagrun for tutorial_dag to None, run_after=None
[2023-05-13T06:31:18.077+0000] {processor.py:175} INFO - Processing /home/airflow/.local/lib/python3.7/site-packages/airflow/example_dags/tutorial_dag.py took 0.053 seconds
[2023-05-13T06:31:48.145+0000] {processor.py:153} INFO - Started process (PID=1334) to work on /home/airflow/.local/lib/python3.7/site-packages/airflow/example_dags/tutorial_dag.py
[2023-05-13T06:31:48.146+0000] {processor.py:743} INFO - Processing file /home/airflow/.local/lib/python3.7/site-packages/airflow/example_dags/tutorial_dag.py for tasks to queue
[2023-05-13T06:31:48.147+0000] {logging_mixin.py:137} INFO - [2023-05-13T06:31:48.147+0000] {dagbag.py:538} INFO - Filling up the DagBag from /home/airflow/.local/lib/python3.7/site-packages/airflow/example_dags/tutorial_dag.py
[2023-05-13T06:31:48.155+0000] {processor.py:753} INFO - DAG(s) dict_keys(['tutorial_dag']) retrieved from /home/airflow/.local/lib/python3.7/site-packages/airflow/example_dags/tutorial_dag.py
[2023-05-13T06:31:48.176+0000] {logging_mixin.py:137} INFO - [2023-05-13T06:31:48.176+0000] {dag.py:2690} INFO - Sync 1 DAGs
[2023-05-13T06:31:48.189+0000] {logging_mixin.py:137} INFO - [2023-05-13T06:31:48.189+0000] {dag.py:3441} INFO - Setting next_dagrun for tutorial_dag to None, run_after=None
[2023-05-13T06:31:48.198+0000] {processor.py:175} INFO - Processing /home/airflow/.local/lib/python3.7/site-packages/airflow/example_dags/tutorial_dag.py took 0.055 seconds
[2023-05-13T06:32:18.283+0000] {processor.py:153} INFO - Started process (PID=1409) to work on /home/airflow/.local/lib/python3.7/site-packages/airflow/example_dags/tutorial_dag.py
[2023-05-13T06:32:18.284+0000] {processor.py:743} INFO - Processing file /home/airflow/.local/lib/python3.7/site-packages/airflow/example_dags/tutorial_dag.py for tasks to queue
[2023-05-13T06:32:18.285+0000] {logging_mixin.py:137} INFO - [2023-05-13T06:32:18.284+0000] {dagbag.py:538} INFO - Filling up the DagBag from /home/airflow/.local/lib/python3.7/site-packages/airflow/example_dags/tutorial_dag.py
[2023-05-13T06:32:18.293+0000] {processor.py:753} INFO - DAG(s) dict_keys(['tutorial_dag']) retrieved from /home/airflow/.local/lib/python3.7/site-packages/airflow/example_dags/tutorial_dag.py
[2023-05-13T06:32:18.312+0000] {logging_mixin.py:137} INFO - [2023-05-13T06:32:18.312+0000] {dag.py:2690} INFO - Sync 1 DAGs
[2023-05-13T06:32:18.327+0000] {logging_mixin.py:137} INFO - [2023-05-13T06:32:18.327+0000] {dag.py:3441} INFO - Setting next_dagrun for tutorial_dag to None, run_after=None
[2023-05-13T06:32:18.337+0000] {processor.py:175} INFO - Processing /home/airflow/.local/lib/python3.7/site-packages/airflow/example_dags/tutorial_dag.py took 0.057 seconds
[2023-05-13T06:32:49.343+0000] {processor.py:153} INFO - Started process (PID=1482) to work on /home/airflow/.local/lib/python3.7/site-packages/airflow/example_dags/tutorial_dag.py
[2023-05-13T06:32:49.345+0000] {processor.py:743} INFO - Processing file /home/airflow/.local/lib/python3.7/site-packages/airflow/example_dags/tutorial_dag.py for tasks to queue
[2023-05-13T06:32:49.346+0000] {logging_mixin.py:137} INFO - [2023-05-13T06:32:49.346+0000] {dagbag.py:538} INFO - Filling up the DagBag from /home/airflow/.local/lib/python3.7/site-packages/airflow/example_dags/tutorial_dag.py
[2023-05-13T06:32:49.356+0000] {processor.py:753} INFO - DAG(s) dict_keys(['tutorial_dag']) retrieved from /home/airflow/.local/lib/python3.7/site-packages/airflow/example_dags/tutorial_dag.py
[2023-05-13T06:32:49.391+0000] {logging_mixin.py:137} INFO - [2023-05-13T06:32:49.391+0000] {dag.py:2690} INFO - Sync 1 DAGs
[2023-05-13T06:32:49.408+0000] {logging_mixin.py:137} INFO - [2023-05-13T06:32:49.408+0000] {dag.py:3441} INFO - Setting next_dagrun for tutorial_dag to None, run_after=None
[2023-05-13T06:32:49.417+0000] {processor.py:175} INFO - Processing /home/airflow/.local/lib/python3.7/site-packages/airflow/example_dags/tutorial_dag.py took 0.077 seconds
[2023-05-13T06:33:19.778+0000] {processor.py:153} INFO - Started process (PID=1548) to work on /home/airflow/.local/lib/python3.7/site-packages/airflow/example_dags/tutorial_dag.py
[2023-05-13T06:33:19.779+0000] {processor.py:743} INFO - Processing file /home/airflow/.local/lib/python3.7/site-packages/airflow/example_dags/tutorial_dag.py for tasks to queue
[2023-05-13T06:33:19.780+0000] {logging_mixin.py:137} INFO - [2023-05-13T06:33:19.780+0000] {dagbag.py:538} INFO - Filling up the DagBag from /home/airflow/.local/lib/python3.7/site-packages/airflow/example_dags/tutorial_dag.py
[2023-05-13T06:33:19.788+0000] {processor.py:753} INFO - DAG(s) dict_keys(['tutorial_dag']) retrieved from /home/airflow/.local/lib/python3.7/site-packages/airflow/example_dags/tutorial_dag.py
[2023-05-13T06:33:19.806+0000] {logging_mixin.py:137} INFO - [2023-05-13T06:33:19.806+0000] {dag.py:2690} INFO - Sync 1 DAGs
[2023-05-13T06:33:19.819+0000] {logging_mixin.py:137} INFO - [2023-05-13T06:33:19.819+0000] {dag.py:3441} INFO - Setting next_dagrun for tutorial_dag to None, run_after=None
[2023-05-13T06:33:19.829+0000] {processor.py:175} INFO - Processing /home/airflow/.local/lib/python3.7/site-packages/airflow/example_dags/tutorial_dag.py took 0.053 seconds
[2023-05-13T06:33:49.905+0000] {processor.py:153} INFO - Started process (PID=1622) to work on /home/airflow/.local/lib/python3.7/site-packages/airflow/example_dags/tutorial_dag.py
[2023-05-13T06:33:49.906+0000] {processor.py:743} INFO - Processing file /home/airflow/.local/lib/python3.7/site-packages/airflow/example_dags/tutorial_dag.py for tasks to queue
[2023-05-13T06:33:49.907+0000] {logging_mixin.py:137} INFO - [2023-05-13T06:33:49.907+0000] {dagbag.py:538} INFO - Filling up the DagBag from /home/airflow/.local/lib/python3.7/site-packages/airflow/example_dags/tutorial_dag.py
[2023-05-13T06:33:49.915+0000] {processor.py:753} INFO - DAG(s) dict_keys(['tutorial_dag']) retrieved from /home/airflow/.local/lib/python3.7/site-packages/airflow/example_dags/tutorial_dag.py
[2023-05-13T06:33:49.939+0000] {logging_mixin.py:137} INFO - [2023-05-13T06:33:49.938+0000] {dag.py:2690} INFO - Sync 1 DAGs
[2023-05-13T06:33:49.953+0000] {logging_mixin.py:137} INFO - [2023-05-13T06:33:49.952+0000] {dag.py:3441} INFO - Setting next_dagrun for tutorial_dag to None, run_after=None
[2023-05-13T06:33:49.963+0000] {processor.py:175} INFO - Processing /home/airflow/.local/lib/python3.7/site-packages/airflow/example_dags/tutorial_dag.py took 0.060 seconds
[2023-05-13T06:34:20.027+0000] {processor.py:153} INFO - Started process (PID=1698) to work on /home/airflow/.local/lib/python3.7/site-packages/airflow/example_dags/tutorial_dag.py
[2023-05-13T06:34:20.028+0000] {processor.py:743} INFO - Processing file /home/airflow/.local/lib/python3.7/site-packages/airflow/example_dags/tutorial_dag.py for tasks to queue
[2023-05-13T06:34:20.029+0000] {logging_mixin.py:137} INFO - [2023-05-13T06:34:20.029+0000] {dagbag.py:538} INFO - Filling up the DagBag from /home/airflow/.local/lib/python3.7/site-packages/airflow/example_dags/tutorial_dag.py
[2023-05-13T06:34:20.037+0000] {processor.py:753} INFO - DAG(s) dict_keys(['tutorial_dag']) retrieved from /home/airflow/.local/lib/python3.7/site-packages/airflow/example_dags/tutorial_dag.py
[2023-05-13T06:34:20.063+0000] {logging_mixin.py:137} INFO - [2023-05-13T06:34:20.063+0000] {dag.py:2690} INFO - Sync 1 DAGs
[2023-05-13T06:34:20.082+0000] {logging_mixin.py:137} INFO - [2023-05-13T06:34:20.082+0000] {dag.py:3441} INFO - Setting next_dagrun for tutorial_dag to None, run_after=None
[2023-05-13T06:34:20.094+0000] {processor.py:175} INFO - Processing /home/airflow/.local/lib/python3.7/site-packages/airflow/example_dags/tutorial_dag.py took 0.069 seconds
[2023-05-13T06:34:51.020+0000] {processor.py:153} INFO - Started process (PID=1761) to work on /home/airflow/.local/lib/python3.7/site-packages/airflow/example_dags/tutorial_dag.py
[2023-05-13T06:34:51.021+0000] {processor.py:743} INFO - Processing file /home/airflow/.local/lib/python3.7/site-packages/airflow/example_dags/tutorial_dag.py for tasks to queue
[2023-05-13T06:34:51.022+0000] {logging_mixin.py:137} INFO - [2023-05-13T06:34:51.022+0000] {dagbag.py:538} INFO - Filling up the DagBag from /home/airflow/.local/lib/python3.7/site-packages/airflow/example_dags/tutorial_dag.py
[2023-05-13T06:34:51.031+0000] {processor.py:753} INFO - DAG(s) dict_keys(['tutorial_dag']) retrieved from /home/airflow/.local/lib/python3.7/site-packages/airflow/example_dags/tutorial_dag.py
[2023-05-13T06:34:51.049+0000] {logging_mixin.py:137} INFO - [2023-05-13T06:34:51.049+0000] {dag.py:2690} INFO - Sync 1 DAGs
[2023-05-13T06:34:51.062+0000] {logging_mixin.py:137} INFO - [2023-05-13T06:34:51.062+0000] {dag.py:3441} INFO - Setting next_dagrun for tutorial_dag to None, run_after=None
[2023-05-13T06:34:51.072+0000] {processor.py:175} INFO - Processing /home/airflow/.local/lib/python3.7/site-packages/airflow/example_dags/tutorial_dag.py took 0.056 seconds
[2023-05-13T06:35:22.009+0000] {processor.py:153} INFO - Started process (PID=1835) to work on /home/airflow/.local/lib/python3.7/site-packages/airflow/example_dags/tutorial_dag.py
[2023-05-13T06:35:22.009+0000] {processor.py:743} INFO - Processing file /home/airflow/.local/lib/python3.7/site-packages/airflow/example_dags/tutorial_dag.py for tasks to queue
[2023-05-13T06:35:22.010+0000] {logging_mixin.py:137} INFO - [2023-05-13T06:35:22.010+0000] {dagbag.py:538} INFO - Filling up the DagBag from /home/airflow/.local/lib/python3.7/site-packages/airflow/example_dags/tutorial_dag.py
[2023-05-13T06:35:22.017+0000] {processor.py:753} INFO - DAG(s) dict_keys(['tutorial_dag']) retrieved from /home/airflow/.local/lib/python3.7/site-packages/airflow/example_dags/tutorial_dag.py
[2023-05-13T06:35:22.034+0000] {logging_mixin.py:137} INFO - [2023-05-13T06:35:22.034+0000] {dag.py:2690} INFO - Sync 1 DAGs
[2023-05-13T06:35:22.047+0000] {logging_mixin.py:137} INFO - [2023-05-13T06:35:22.047+0000] {dag.py:3441} INFO - Setting next_dagrun for tutorial_dag to None, run_after=None
[2023-05-13T06:35:22.057+0000] {processor.py:175} INFO - Processing /home/airflow/.local/lib/python3.7/site-packages/airflow/example_dags/tutorial_dag.py took 0.050 seconds
[2023-05-13T06:35:52.213+0000] {processor.py:153} INFO - Started process (PID=1910) to work on /home/airflow/.local/lib/python3.7/site-packages/airflow/example_dags/tutorial_dag.py
[2023-05-13T06:35:52.214+0000] {processor.py:743} INFO - Processing file /home/airflow/.local/lib/python3.7/site-packages/airflow/example_dags/tutorial_dag.py for tasks to queue
[2023-05-13T06:35:52.215+0000] {logging_mixin.py:137} INFO - [2023-05-13T06:35:52.215+0000] {dagbag.py:538} INFO - Filling up the DagBag from /home/airflow/.local/lib/python3.7/site-packages/airflow/example_dags/tutorial_dag.py
[2023-05-13T06:35:52.222+0000] {processor.py:753} INFO - DAG(s) dict_keys(['tutorial_dag']) retrieved from /home/airflow/.local/lib/python3.7/site-packages/airflow/example_dags/tutorial_dag.py
[2023-05-13T06:35:52.239+0000] {logging_mixin.py:137} INFO - [2023-05-13T06:35:52.239+0000] {dag.py:2690} INFO - Sync 1 DAGs
[2023-05-13T06:35:52.252+0000] {logging_mixin.py:137} INFO - [2023-05-13T06:35:52.252+0000] {dag.py:3441} INFO - Setting next_dagrun for tutorial_dag to None, run_after=None
[2023-05-13T06:35:52.261+0000] {processor.py:175} INFO - Processing /home/airflow/.local/lib/python3.7/site-packages/airflow/example_dags/tutorial_dag.py took 0.051 seconds
[2023-05-13T06:36:23.196+0000] {processor.py:153} INFO - Started process (PID=1981) to work on /home/airflow/.local/lib/python3.7/site-packages/airflow/example_dags/tutorial_dag.py
[2023-05-13T06:36:23.197+0000] {processor.py:743} INFO - Processing file /home/airflow/.local/lib/python3.7/site-packages/airflow/example_dags/tutorial_dag.py for tasks to queue
[2023-05-13T06:36:23.197+0000] {logging_mixin.py:137} INFO - [2023-05-13T06:36:23.197+0000] {dagbag.py:538} INFO - Filling up the DagBag from /home/airflow/.local/lib/python3.7/site-packages/airflow/example_dags/tutorial_dag.py
[2023-05-13T06:36:23.205+0000] {processor.py:753} INFO - DAG(s) dict_keys(['tutorial_dag']) retrieved from /home/airflow/.local/lib/python3.7/site-packages/airflow/example_dags/tutorial_dag.py
[2023-05-13T06:36:23.227+0000] {logging_mixin.py:137} INFO - [2023-05-13T06:36:23.227+0000] {dag.py:2690} INFO - Sync 1 DAGs
[2023-05-13T06:36:23.249+0000] {logging_mixin.py:137} INFO - [2023-05-13T06:36:23.249+0000] {dag.py:3441} INFO - Setting next_dagrun for tutorial_dag to None, run_after=None
[2023-05-13T06:36:23.267+0000] {processor.py:175} INFO - Processing /home/airflow/.local/lib/python3.7/site-packages/airflow/example_dags/tutorial_dag.py took 0.073 seconds
[2023-05-13T06:42:12.701+0000] {processor.py:153} INFO - Started process (PID=2717) to work on /home/airflow/.local/lib/python3.7/site-packages/airflow/example_dags/tutorial_dag.py
[2023-05-13T06:42:12.702+0000] {processor.py:743} INFO - Processing file /home/airflow/.local/lib/python3.7/site-packages/airflow/example_dags/tutorial_dag.py for tasks to queue
[2023-05-13T06:42:12.703+0000] {logging_mixin.py:137} INFO - [2023-05-13T06:42:12.703+0000] {dagbag.py:538} INFO - Filling up the DagBag from /home/airflow/.local/lib/python3.7/site-packages/airflow/example_dags/tutorial_dag.py
[2023-05-13T06:42:12.711+0000] {processor.py:753} INFO - DAG(s) dict_keys(['tutorial_dag']) retrieved from /home/airflow/.local/lib/python3.7/site-packages/airflow/example_dags/tutorial_dag.py
[2023-05-13T06:42:12.749+0000] {logging_mixin.py:137} INFO - [2023-05-13T06:42:12.749+0000] {dag.py:2690} INFO - Sync 1 DAGs
[2023-05-13T06:42:12.760+0000] {logging_mixin.py:137} INFO - [2023-05-13T06:42:12.760+0000] {dag.py:3441} INFO - Setting next_dagrun for tutorial_dag to None, run_after=None
[2023-05-13T06:42:12.771+0000] {processor.py:175} INFO - Processing /home/airflow/.local/lib/python3.7/site-packages/airflow/example_dags/tutorial_dag.py took 0.072 seconds
