[2023-05-13T06:22:36.968+0000] {processor.py:153} INFO - Started process (PID=36) to work on /home/airflow/.local/lib/python3.7/site-packages/airflow/example_dags/tutorial_taskflow_api.py
[2023-05-13T06:22:36.970+0000] {processor.py:743} INFO - Processing file /home/airflow/.local/lib/python3.7/site-packages/airflow/example_dags/tutorial_taskflow_api.py for tasks to queue
[2023-05-13T06:22:36.971+0000] {logging_mixin.py:137} INFO - [2023-05-13T06:22:36.971+0000] {dagbag.py:538} INFO - Filling up the DagBag from /home/airflow/.local/lib/python3.7/site-packages/airflow/example_dags/tutorial_taskflow_api.py
[2023-05-13T06:22:36.989+0000] {processor.py:753} INFO - DAG(s) dict_keys(['tutorial_taskflow_api']) retrieved from /home/airflow/.local/lib/python3.7/site-packages/airflow/example_dags/tutorial_taskflow_api.py
[2023-05-13T06:22:37.008+0000] {logging_mixin.py:137} INFO - [2023-05-13T06:22:37.007+0000] {dag.py:2690} INFO - Sync 1 DAGs
[2023-05-13T06:22:37.024+0000] {logging_mixin.py:137} INFO - [2023-05-13T06:22:37.024+0000] {dag.py:3441} INFO - Setting next_dagrun for tutorial_taskflow_api to None, run_after=None
[2023-05-13T06:22:37.040+0000] {processor.py:175} INFO - Processing /home/airflow/.local/lib/python3.7/site-packages/airflow/example_dags/tutorial_taskflow_api.py took 0.076 seconds
[2023-05-13T06:23:07.273+0000] {processor.py:153} INFO - Started process (PID=111) to work on /home/airflow/.local/lib/python3.7/site-packages/airflow/example_dags/tutorial_taskflow_api.py
[2023-05-13T06:23:07.273+0000] {processor.py:743} INFO - Processing file /home/airflow/.local/lib/python3.7/site-packages/airflow/example_dags/tutorial_taskflow_api.py for tasks to queue
[2023-05-13T06:23:07.274+0000] {logging_mixin.py:137} INFO - [2023-05-13T06:23:07.274+0000] {dagbag.py:538} INFO - Filling up the DagBag from /home/airflow/.local/lib/python3.7/site-packages/airflow/example_dags/tutorial_taskflow_api.py
[2023-05-13T06:23:07.286+0000] {processor.py:753} INFO - DAG(s) dict_keys(['tutorial_taskflow_api']) retrieved from /home/airflow/.local/lib/python3.7/site-packages/airflow/example_dags/tutorial_taskflow_api.py
[2023-05-13T06:23:07.303+0000] {logging_mixin.py:137} INFO - [2023-05-13T06:23:07.303+0000] {dag.py:2690} INFO - Sync 1 DAGs
[2023-05-13T06:23:07.316+0000] {logging_mixin.py:137} INFO - [2023-05-13T06:23:07.316+0000] {dag.py:3441} INFO - Setting next_dagrun for tutorial_taskflow_api to None, run_after=None
[2023-05-13T06:23:07.325+0000] {processor.py:175} INFO - Processing /home/airflow/.local/lib/python3.7/site-packages/airflow/example_dags/tutorial_taskflow_api.py took 0.055 seconds
[2023-05-13T06:23:38.092+0000] {processor.py:153} INFO - Started process (PID=174) to work on /home/airflow/.local/lib/python3.7/site-packages/airflow/example_dags/tutorial_taskflow_api.py
[2023-05-13T06:23:38.093+0000] {processor.py:743} INFO - Processing file /home/airflow/.local/lib/python3.7/site-packages/airflow/example_dags/tutorial_taskflow_api.py for tasks to queue
[2023-05-13T06:23:38.094+0000] {logging_mixin.py:137} INFO - [2023-05-13T06:23:38.094+0000] {dagbag.py:538} INFO - Filling up the DagBag from /home/airflow/.local/lib/python3.7/site-packages/airflow/example_dags/tutorial_taskflow_api.py
[2023-05-13T06:23:38.106+0000] {processor.py:753} INFO - DAG(s) dict_keys(['tutorial_taskflow_api']) retrieved from /home/airflow/.local/lib/python3.7/site-packages/airflow/example_dags/tutorial_taskflow_api.py
[2023-05-13T06:23:38.123+0000] {logging_mixin.py:137} INFO - [2023-05-13T06:23:38.123+0000] {dag.py:2690} INFO - Sync 1 DAGs
[2023-05-13T06:23:38.136+0000] {logging_mixin.py:137} INFO - [2023-05-13T06:23:38.136+0000] {dag.py:3441} INFO - Setting next_dagrun for tutorial_taskflow_api to None, run_after=None
[2023-05-13T06:23:38.145+0000] {processor.py:175} INFO - Processing /home/airflow/.local/lib/python3.7/site-packages/airflow/example_dags/tutorial_taskflow_api.py took 0.055 seconds
[2023-05-13T06:24:09.029+0000] {processor.py:153} INFO - Started process (PID=250) to work on /home/airflow/.local/lib/python3.7/site-packages/airflow/example_dags/tutorial_taskflow_api.py
[2023-05-13T06:24:09.030+0000] {processor.py:743} INFO - Processing file /home/airflow/.local/lib/python3.7/site-packages/airflow/example_dags/tutorial_taskflow_api.py for tasks to queue
[2023-05-13T06:24:09.031+0000] {logging_mixin.py:137} INFO - [2023-05-13T06:24:09.031+0000] {dagbag.py:538} INFO - Filling up the DagBag from /home/airflow/.local/lib/python3.7/site-packages/airflow/example_dags/tutorial_taskflow_api.py
[2023-05-13T06:24:09.043+0000] {processor.py:753} INFO - DAG(s) dict_keys(['tutorial_taskflow_api']) retrieved from /home/airflow/.local/lib/python3.7/site-packages/airflow/example_dags/tutorial_taskflow_api.py
[2023-05-13T06:24:09.060+0000] {logging_mixin.py:137} INFO - [2023-05-13T06:24:09.060+0000] {dag.py:2690} INFO - Sync 1 DAGs
[2023-05-13T06:24:09.073+0000] {logging_mixin.py:137} INFO - [2023-05-13T06:24:09.073+0000] {dag.py:3441} INFO - Setting next_dagrun for tutorial_taskflow_api to None, run_after=None
[2023-05-13T06:24:09.084+0000] {processor.py:175} INFO - Processing /home/airflow/.local/lib/python3.7/site-packages/airflow/example_dags/tutorial_taskflow_api.py took 0.058 seconds
[2023-05-13T06:24:39.885+0000] {processor.py:153} INFO - Started process (PID=325) to work on /home/airflow/.local/lib/python3.7/site-packages/airflow/example_dags/tutorial_taskflow_api.py
[2023-05-13T06:24:39.886+0000] {processor.py:743} INFO - Processing file /home/airflow/.local/lib/python3.7/site-packages/airflow/example_dags/tutorial_taskflow_api.py for tasks to queue
[2023-05-13T06:24:39.886+0000] {logging_mixin.py:137} INFO - [2023-05-13T06:24:39.886+0000] {dagbag.py:538} INFO - Filling up the DagBag from /home/airflow/.local/lib/python3.7/site-packages/airflow/example_dags/tutorial_taskflow_api.py
[2023-05-13T06:24:39.898+0000] {processor.py:753} INFO - DAG(s) dict_keys(['tutorial_taskflow_api']) retrieved from /home/airflow/.local/lib/python3.7/site-packages/airflow/example_dags/tutorial_taskflow_api.py
[2023-05-13T06:24:39.915+0000] {logging_mixin.py:137} INFO - [2023-05-13T06:24:39.915+0000] {dag.py:2690} INFO - Sync 1 DAGs
[2023-05-13T06:24:39.929+0000] {logging_mixin.py:137} INFO - [2023-05-13T06:24:39.929+0000] {dag.py:3441} INFO - Setting next_dagrun for tutorial_taskflow_api to None, run_after=None
[2023-05-13T06:24:39.938+0000] {processor.py:175} INFO - Processing /home/airflow/.local/lib/python3.7/site-packages/airflow/example_dags/tutorial_taskflow_api.py took 0.055 seconds
[2023-05-13T06:25:10.637+0000] {processor.py:153} INFO - Started process (PID=399) to work on /home/airflow/.local/lib/python3.7/site-packages/airflow/example_dags/tutorial_taskflow_api.py
[2023-05-13T06:25:10.638+0000] {processor.py:743} INFO - Processing file /home/airflow/.local/lib/python3.7/site-packages/airflow/example_dags/tutorial_taskflow_api.py for tasks to queue
[2023-05-13T06:25:10.638+0000] {logging_mixin.py:137} INFO - [2023-05-13T06:25:10.638+0000] {dagbag.py:538} INFO - Filling up the DagBag from /home/airflow/.local/lib/python3.7/site-packages/airflow/example_dags/tutorial_taskflow_api.py
[2023-05-13T06:25:10.650+0000] {processor.py:753} INFO - DAG(s) dict_keys(['tutorial_taskflow_api']) retrieved from /home/airflow/.local/lib/python3.7/site-packages/airflow/example_dags/tutorial_taskflow_api.py
[2023-05-13T06:25:10.667+0000] {logging_mixin.py:137} INFO - [2023-05-13T06:25:10.667+0000] {dag.py:2690} INFO - Sync 1 DAGs
[2023-05-13T06:25:10.680+0000] {logging_mixin.py:137} INFO - [2023-05-13T06:25:10.680+0000] {dag.py:3441} INFO - Setting next_dagrun for tutorial_taskflow_api to None, run_after=None
[2023-05-13T06:25:10.690+0000] {processor.py:175} INFO - Processing /home/airflow/.local/lib/python3.7/site-packages/airflow/example_dags/tutorial_taskflow_api.py took 0.056 seconds
[2023-05-13T06:25:41.430+0000] {processor.py:153} INFO - Started process (PID=462) to work on /home/airflow/.local/lib/python3.7/site-packages/airflow/example_dags/tutorial_taskflow_api.py
[2023-05-13T06:25:41.431+0000] {processor.py:743} INFO - Processing file /home/airflow/.local/lib/python3.7/site-packages/airflow/example_dags/tutorial_taskflow_api.py for tasks to queue
[2023-05-13T06:25:41.432+0000] {logging_mixin.py:137} INFO - [2023-05-13T06:25:41.432+0000] {dagbag.py:538} INFO - Filling up the DagBag from /home/airflow/.local/lib/python3.7/site-packages/airflow/example_dags/tutorial_taskflow_api.py
[2023-05-13T06:25:41.444+0000] {processor.py:753} INFO - DAG(s) dict_keys(['tutorial_taskflow_api']) retrieved from /home/airflow/.local/lib/python3.7/site-packages/airflow/example_dags/tutorial_taskflow_api.py
[2023-05-13T06:25:41.461+0000] {logging_mixin.py:137} INFO - [2023-05-13T06:25:41.461+0000] {dag.py:2690} INFO - Sync 1 DAGs
[2023-05-13T06:25:41.475+0000] {logging_mixin.py:137} INFO - [2023-05-13T06:25:41.475+0000] {dag.py:3441} INFO - Setting next_dagrun for tutorial_taskflow_api to None, run_after=None
[2023-05-13T06:25:41.484+0000] {processor.py:175} INFO - Processing /home/airflow/.local/lib/python3.7/site-packages/airflow/example_dags/tutorial_taskflow_api.py took 0.055 seconds
[2023-05-13T06:26:11.591+0000] {processor.py:153} INFO - Started process (PID=537) to work on /home/airflow/.local/lib/python3.7/site-packages/airflow/example_dags/tutorial_taskflow_api.py
[2023-05-13T06:26:11.592+0000] {processor.py:743} INFO - Processing file /home/airflow/.local/lib/python3.7/site-packages/airflow/example_dags/tutorial_taskflow_api.py for tasks to queue
[2023-05-13T06:26:11.593+0000] {logging_mixin.py:137} INFO - [2023-05-13T06:26:11.593+0000] {dagbag.py:538} INFO - Filling up the DagBag from /home/airflow/.local/lib/python3.7/site-packages/airflow/example_dags/tutorial_taskflow_api.py
[2023-05-13T06:26:11.605+0000] {processor.py:753} INFO - DAG(s) dict_keys(['tutorial_taskflow_api']) retrieved from /home/airflow/.local/lib/python3.7/site-packages/airflow/example_dags/tutorial_taskflow_api.py
[2023-05-13T06:26:11.621+0000] {logging_mixin.py:137} INFO - [2023-05-13T06:26:11.621+0000] {dag.py:2690} INFO - Sync 1 DAGs
[2023-05-13T06:26:11.634+0000] {logging_mixin.py:137} INFO - [2023-05-13T06:26:11.634+0000] {dag.py:3441} INFO - Setting next_dagrun for tutorial_taskflow_api to None, run_after=None
[2023-05-13T06:26:11.644+0000] {processor.py:175} INFO - Processing /home/airflow/.local/lib/python3.7/site-packages/airflow/example_dags/tutorial_taskflow_api.py took 0.055 seconds
[2023-05-13T06:26:42.568+0000] {processor.py:153} INFO - Started process (PID=612) to work on /home/airflow/.local/lib/python3.7/site-packages/airflow/example_dags/tutorial_taskflow_api.py
[2023-05-13T06:26:42.569+0000] {processor.py:743} INFO - Processing file /home/airflow/.local/lib/python3.7/site-packages/airflow/example_dags/tutorial_taskflow_api.py for tasks to queue
[2023-05-13T06:26:42.570+0000] {logging_mixin.py:137} INFO - [2023-05-13T06:26:42.570+0000] {dagbag.py:538} INFO - Filling up the DagBag from /home/airflow/.local/lib/python3.7/site-packages/airflow/example_dags/tutorial_taskflow_api.py
[2023-05-13T06:26:42.582+0000] {processor.py:753} INFO - DAG(s) dict_keys(['tutorial_taskflow_api']) retrieved from /home/airflow/.local/lib/python3.7/site-packages/airflow/example_dags/tutorial_taskflow_api.py
[2023-05-13T06:26:42.599+0000] {logging_mixin.py:137} INFO - [2023-05-13T06:26:42.599+0000] {dag.py:2690} INFO - Sync 1 DAGs
[2023-05-13T06:26:42.613+0000] {logging_mixin.py:137} INFO - [2023-05-13T06:26:42.613+0000] {dag.py:3441} INFO - Setting next_dagrun for tutorial_taskflow_api to None, run_after=None
[2023-05-13T06:26:42.624+0000] {processor.py:175} INFO - Processing /home/airflow/.local/lib/python3.7/site-packages/airflow/example_dags/tutorial_taskflow_api.py took 0.058 seconds
[2023-05-13T06:27:13.508+0000] {processor.py:153} INFO - Started process (PID=687) to work on /home/airflow/.local/lib/python3.7/site-packages/airflow/example_dags/tutorial_taskflow_api.py
[2023-05-13T06:27:13.509+0000] {processor.py:743} INFO - Processing file /home/airflow/.local/lib/python3.7/site-packages/airflow/example_dags/tutorial_taskflow_api.py for tasks to queue
[2023-05-13T06:27:13.509+0000] {logging_mixin.py:137} INFO - [2023-05-13T06:27:13.509+0000] {dagbag.py:538} INFO - Filling up the DagBag from /home/airflow/.local/lib/python3.7/site-packages/airflow/example_dags/tutorial_taskflow_api.py
[2023-05-13T06:27:13.529+0000] {processor.py:753} INFO - DAG(s) dict_keys(['tutorial_taskflow_api']) retrieved from /home/airflow/.local/lib/python3.7/site-packages/airflow/example_dags/tutorial_taskflow_api.py
[2023-05-13T06:27:13.555+0000] {logging_mixin.py:137} INFO - [2023-05-13T06:27:13.555+0000] {dag.py:2690} INFO - Sync 1 DAGs
[2023-05-13T06:27:13.578+0000] {logging_mixin.py:137} INFO - [2023-05-13T06:27:13.578+0000] {dag.py:3441} INFO - Setting next_dagrun for tutorial_taskflow_api to None, run_after=None
[2023-05-13T06:27:13.610+0000] {processor.py:175} INFO - Processing /home/airflow/.local/lib/python3.7/site-packages/airflow/example_dags/tutorial_taskflow_api.py took 0.105 seconds
[2023-05-13T06:27:43.705+0000] {processor.py:153} INFO - Started process (PID=751) to work on /home/airflow/.local/lib/python3.7/site-packages/airflow/example_dags/tutorial_taskflow_api.py
[2023-05-13T06:27:43.706+0000] {processor.py:743} INFO - Processing file /home/airflow/.local/lib/python3.7/site-packages/airflow/example_dags/tutorial_taskflow_api.py for tasks to queue
[2023-05-13T06:27:43.707+0000] {logging_mixin.py:137} INFO - [2023-05-13T06:27:43.707+0000] {dagbag.py:538} INFO - Filling up the DagBag from /home/airflow/.local/lib/python3.7/site-packages/airflow/example_dags/tutorial_taskflow_api.py
[2023-05-13T06:27:43.719+0000] {processor.py:753} INFO - DAG(s) dict_keys(['tutorial_taskflow_api']) retrieved from /home/airflow/.local/lib/python3.7/site-packages/airflow/example_dags/tutorial_taskflow_api.py
[2023-05-13T06:27:43.736+0000] {logging_mixin.py:137} INFO - [2023-05-13T06:27:43.736+0000] {dag.py:2690} INFO - Sync 1 DAGs
[2023-05-13T06:27:43.750+0000] {logging_mixin.py:137} INFO - [2023-05-13T06:27:43.750+0000] {dag.py:3441} INFO - Setting next_dagrun for tutorial_taskflow_api to None, run_after=None
[2023-05-13T06:27:43.759+0000] {processor.py:175} INFO - Processing /home/airflow/.local/lib/python3.7/site-packages/airflow/example_dags/tutorial_taskflow_api.py took 0.056 seconds
[2023-05-13T06:28:13.875+0000] {processor.py:153} INFO - Started process (PID=826) to work on /home/airflow/.local/lib/python3.7/site-packages/airflow/example_dags/tutorial_taskflow_api.py
[2023-05-13T06:28:13.875+0000] {processor.py:743} INFO - Processing file /home/airflow/.local/lib/python3.7/site-packages/airflow/example_dags/tutorial_taskflow_api.py for tasks to queue
[2023-05-13T06:28:13.876+0000] {logging_mixin.py:137} INFO - [2023-05-13T06:28:13.876+0000] {dagbag.py:538} INFO - Filling up the DagBag from /home/airflow/.local/lib/python3.7/site-packages/airflow/example_dags/tutorial_taskflow_api.py
[2023-05-13T06:28:13.888+0000] {processor.py:753} INFO - DAG(s) dict_keys(['tutorial_taskflow_api']) retrieved from /home/airflow/.local/lib/python3.7/site-packages/airflow/example_dags/tutorial_taskflow_api.py
[2023-05-13T06:28:13.906+0000] {logging_mixin.py:137} INFO - [2023-05-13T06:28:13.905+0000] {dag.py:2690} INFO - Sync 1 DAGs
[2023-05-13T06:28:13.920+0000] {logging_mixin.py:137} INFO - [2023-05-13T06:28:13.920+0000] {dag.py:3441} INFO - Setting next_dagrun for tutorial_taskflow_api to None, run_after=None
[2023-05-13T06:28:13.929+0000] {processor.py:175} INFO - Processing /home/airflow/.local/lib/python3.7/site-packages/airflow/example_dags/tutorial_taskflow_api.py took 0.056 seconds
[2023-05-13T06:28:44.015+0000] {processor.py:153} INFO - Started process (PID=901) to work on /home/airflow/.local/lib/python3.7/site-packages/airflow/example_dags/tutorial_taskflow_api.py
[2023-05-13T06:28:44.016+0000] {processor.py:743} INFO - Processing file /home/airflow/.local/lib/python3.7/site-packages/airflow/example_dags/tutorial_taskflow_api.py for tasks to queue
[2023-05-13T06:28:44.016+0000] {logging_mixin.py:137} INFO - [2023-05-13T06:28:44.016+0000] {dagbag.py:538} INFO - Filling up the DagBag from /home/airflow/.local/lib/python3.7/site-packages/airflow/example_dags/tutorial_taskflow_api.py
[2023-05-13T06:28:44.028+0000] {processor.py:753} INFO - DAG(s) dict_keys(['tutorial_taskflow_api']) retrieved from /home/airflow/.local/lib/python3.7/site-packages/airflow/example_dags/tutorial_taskflow_api.py
[2023-05-13T06:28:44.046+0000] {logging_mixin.py:137} INFO - [2023-05-13T06:28:44.046+0000] {dag.py:2690} INFO - Sync 1 DAGs
[2023-05-13T06:28:44.059+0000] {logging_mixin.py:137} INFO - [2023-05-13T06:28:44.059+0000] {dag.py:3441} INFO - Setting next_dagrun for tutorial_taskflow_api to None, run_after=None
[2023-05-13T06:28:44.068+0000] {processor.py:175} INFO - Processing /home/airflow/.local/lib/python3.7/site-packages/airflow/example_dags/tutorial_taskflow_api.py took 0.056 seconds
[2023-05-13T06:29:14.989+0000] {processor.py:153} INFO - Started process (PID=964) to work on /home/airflow/.local/lib/python3.7/site-packages/airflow/example_dags/tutorial_taskflow_api.py
[2023-05-13T06:29:14.990+0000] {processor.py:743} INFO - Processing file /home/airflow/.local/lib/python3.7/site-packages/airflow/example_dags/tutorial_taskflow_api.py for tasks to queue
[2023-05-13T06:29:14.991+0000] {logging_mixin.py:137} INFO - [2023-05-13T06:29:14.991+0000] {dagbag.py:538} INFO - Filling up the DagBag from /home/airflow/.local/lib/python3.7/site-packages/airflow/example_dags/tutorial_taskflow_api.py
[2023-05-13T06:29:15.004+0000] {processor.py:753} INFO - DAG(s) dict_keys(['tutorial_taskflow_api']) retrieved from /home/airflow/.local/lib/python3.7/site-packages/airflow/example_dags/tutorial_taskflow_api.py
[2023-05-13T06:29:15.022+0000] {logging_mixin.py:137} INFO - [2023-05-13T06:29:15.022+0000] {dag.py:2690} INFO - Sync 1 DAGs
[2023-05-13T06:29:15.038+0000] {logging_mixin.py:137} INFO - [2023-05-13T06:29:15.038+0000] {dag.py:3441} INFO - Setting next_dagrun for tutorial_taskflow_api to None, run_after=None
[2023-05-13T06:29:15.049+0000] {processor.py:175} INFO - Processing /home/airflow/.local/lib/python3.7/site-packages/airflow/example_dags/tutorial_taskflow_api.py took 0.062 seconds
[2023-05-13T06:29:45.192+0000] {processor.py:153} INFO - Started process (PID=1039) to work on /home/airflow/.local/lib/python3.7/site-packages/airflow/example_dags/tutorial_taskflow_api.py
[2023-05-13T06:29:45.193+0000] {processor.py:743} INFO - Processing file /home/airflow/.local/lib/python3.7/site-packages/airflow/example_dags/tutorial_taskflow_api.py for tasks to queue
[2023-05-13T06:29:45.193+0000] {logging_mixin.py:137} INFO - [2023-05-13T06:29:45.193+0000] {dagbag.py:538} INFO - Filling up the DagBag from /home/airflow/.local/lib/python3.7/site-packages/airflow/example_dags/tutorial_taskflow_api.py
[2023-05-13T06:29:45.205+0000] {processor.py:753} INFO - DAG(s) dict_keys(['tutorial_taskflow_api']) retrieved from /home/airflow/.local/lib/python3.7/site-packages/airflow/example_dags/tutorial_taskflow_api.py
[2023-05-13T06:29:45.222+0000] {logging_mixin.py:137} INFO - [2023-05-13T06:29:45.222+0000] {dag.py:2690} INFO - Sync 1 DAGs
[2023-05-13T06:29:45.236+0000] {logging_mixin.py:137} INFO - [2023-05-13T06:29:45.236+0000] {dag.py:3441} INFO - Setting next_dagrun for tutorial_taskflow_api to None, run_after=None
[2023-05-13T06:29:45.245+0000] {processor.py:175} INFO - Processing /home/airflow/.local/lib/python3.7/site-packages/airflow/example_dags/tutorial_taskflow_api.py took 0.056 seconds
[2023-05-13T06:30:15.415+0000] {processor.py:153} INFO - Started process (PID=1114) to work on /home/airflow/.local/lib/python3.7/site-packages/airflow/example_dags/tutorial_taskflow_api.py
[2023-05-13T06:30:15.416+0000] {processor.py:743} INFO - Processing file /home/airflow/.local/lib/python3.7/site-packages/airflow/example_dags/tutorial_taskflow_api.py for tasks to queue
[2023-05-13T06:30:15.416+0000] {logging_mixin.py:137} INFO - [2023-05-13T06:30:15.416+0000] {dagbag.py:538} INFO - Filling up the DagBag from /home/airflow/.local/lib/python3.7/site-packages/airflow/example_dags/tutorial_taskflow_api.py
[2023-05-13T06:30:15.428+0000] {processor.py:753} INFO - DAG(s) dict_keys(['tutorial_taskflow_api']) retrieved from /home/airflow/.local/lib/python3.7/site-packages/airflow/example_dags/tutorial_taskflow_api.py
[2023-05-13T06:30:15.445+0000] {logging_mixin.py:137} INFO - [2023-05-13T06:30:15.445+0000] {dag.py:2690} INFO - Sync 1 DAGs
[2023-05-13T06:30:15.459+0000] {logging_mixin.py:137} INFO - [2023-05-13T06:30:15.459+0000] {dag.py:3441} INFO - Setting next_dagrun for tutorial_taskflow_api to None, run_after=None
[2023-05-13T06:30:15.468+0000] {processor.py:175} INFO - Processing /home/airflow/.local/lib/python3.7/site-packages/airflow/example_dags/tutorial_taskflow_api.py took 0.055 seconds
[2023-05-13T06:30:45.582+0000] {processor.py:153} INFO - Started process (PID=1176) to work on /home/airflow/.local/lib/python3.7/site-packages/airflow/example_dags/tutorial_taskflow_api.py
[2023-05-13T06:30:45.582+0000] {processor.py:743} INFO - Processing file /home/airflow/.local/lib/python3.7/site-packages/airflow/example_dags/tutorial_taskflow_api.py for tasks to queue
[2023-05-13T06:30:45.583+0000] {logging_mixin.py:137} INFO - [2023-05-13T06:30:45.583+0000] {dagbag.py:538} INFO - Filling up the DagBag from /home/airflow/.local/lib/python3.7/site-packages/airflow/example_dags/tutorial_taskflow_api.py
[2023-05-13T06:30:45.596+0000] {processor.py:753} INFO - DAG(s) dict_keys(['tutorial_taskflow_api']) retrieved from /home/airflow/.local/lib/python3.7/site-packages/airflow/example_dags/tutorial_taskflow_api.py
[2023-05-13T06:30:45.612+0000] {logging_mixin.py:137} INFO - [2023-05-13T06:30:45.612+0000] {dag.py:2690} INFO - Sync 1 DAGs
[2023-05-13T06:30:45.625+0000] {logging_mixin.py:137} INFO - [2023-05-13T06:30:45.625+0000] {dag.py:3441} INFO - Setting next_dagrun for tutorial_taskflow_api to None, run_after=None
[2023-05-13T06:30:45.634+0000] {processor.py:175} INFO - Processing /home/airflow/.local/lib/python3.7/site-packages/airflow/example_dags/tutorial_taskflow_api.py took 0.055 seconds
[2023-05-13T06:31:16.570+0000] {processor.py:153} INFO - Started process (PID=1252) to work on /home/airflow/.local/lib/python3.7/site-packages/airflow/example_dags/tutorial_taskflow_api.py
[2023-05-13T06:31:16.571+0000] {processor.py:743} INFO - Processing file /home/airflow/.local/lib/python3.7/site-packages/airflow/example_dags/tutorial_taskflow_api.py for tasks to queue
[2023-05-13T06:31:16.572+0000] {logging_mixin.py:137} INFO - [2023-05-13T06:31:16.572+0000] {dagbag.py:538} INFO - Filling up the DagBag from /home/airflow/.local/lib/python3.7/site-packages/airflow/example_dags/tutorial_taskflow_api.py
[2023-05-13T06:31:16.584+0000] {processor.py:753} INFO - DAG(s) dict_keys(['tutorial_taskflow_api']) retrieved from /home/airflow/.local/lib/python3.7/site-packages/airflow/example_dags/tutorial_taskflow_api.py
[2023-05-13T06:31:16.601+0000] {logging_mixin.py:137} INFO - [2023-05-13T06:31:16.601+0000] {dag.py:2690} INFO - Sync 1 DAGs
[2023-05-13T06:31:16.615+0000] {logging_mixin.py:137} INFO - [2023-05-13T06:31:16.615+0000] {dag.py:3441} INFO - Setting next_dagrun for tutorial_taskflow_api to None, run_after=None
[2023-05-13T06:31:16.624+0000] {processor.py:175} INFO - Processing /home/airflow/.local/lib/python3.7/site-packages/airflow/example_dags/tutorial_taskflow_api.py took 0.057 seconds
[2023-05-13T06:31:46.732+0000] {processor.py:153} INFO - Started process (PID=1326) to work on /home/airflow/.local/lib/python3.7/site-packages/airflow/example_dags/tutorial_taskflow_api.py
[2023-05-13T06:31:46.733+0000] {processor.py:743} INFO - Processing file /home/airflow/.local/lib/python3.7/site-packages/airflow/example_dags/tutorial_taskflow_api.py for tasks to queue
[2023-05-13T06:31:46.734+0000] {logging_mixin.py:137} INFO - [2023-05-13T06:31:46.734+0000] {dagbag.py:538} INFO - Filling up the DagBag from /home/airflow/.local/lib/python3.7/site-packages/airflow/example_dags/tutorial_taskflow_api.py
[2023-05-13T06:31:46.746+0000] {processor.py:753} INFO - DAG(s) dict_keys(['tutorial_taskflow_api']) retrieved from /home/airflow/.local/lib/python3.7/site-packages/airflow/example_dags/tutorial_taskflow_api.py
[2023-05-13T06:31:46.762+0000] {logging_mixin.py:137} INFO - [2023-05-13T06:31:46.762+0000] {dag.py:2690} INFO - Sync 1 DAGs
[2023-05-13T06:31:46.775+0000] {logging_mixin.py:137} INFO - [2023-05-13T06:31:46.775+0000] {dag.py:3441} INFO - Setting next_dagrun for tutorial_taskflow_api to None, run_after=None
[2023-05-13T06:31:46.785+0000] {processor.py:175} INFO - Processing /home/airflow/.local/lib/python3.7/site-packages/airflow/example_dags/tutorial_taskflow_api.py took 0.055 seconds
[2023-05-13T06:32:16.847+0000] {processor.py:153} INFO - Started process (PID=1401) to work on /home/airflow/.local/lib/python3.7/site-packages/airflow/example_dags/tutorial_taskflow_api.py
[2023-05-13T06:32:16.848+0000] {processor.py:743} INFO - Processing file /home/airflow/.local/lib/python3.7/site-packages/airflow/example_dags/tutorial_taskflow_api.py for tasks to queue
[2023-05-13T06:32:16.848+0000] {logging_mixin.py:137} INFO - [2023-05-13T06:32:16.848+0000] {dagbag.py:538} INFO - Filling up the DagBag from /home/airflow/.local/lib/python3.7/site-packages/airflow/example_dags/tutorial_taskflow_api.py
[2023-05-13T06:32:16.860+0000] {processor.py:753} INFO - DAG(s) dict_keys(['tutorial_taskflow_api']) retrieved from /home/airflow/.local/lib/python3.7/site-packages/airflow/example_dags/tutorial_taskflow_api.py
[2023-05-13T06:32:16.877+0000] {logging_mixin.py:137} INFO - [2023-05-13T06:32:16.877+0000] {dag.py:2690} INFO - Sync 1 DAGs
[2023-05-13T06:32:16.891+0000] {logging_mixin.py:137} INFO - [2023-05-13T06:32:16.890+0000] {dag.py:3441} INFO - Setting next_dagrun for tutorial_taskflow_api to None, run_after=None
[2023-05-13T06:32:16.900+0000] {processor.py:175} INFO - Processing /home/airflow/.local/lib/python3.7/site-packages/airflow/example_dags/tutorial_taskflow_api.py took 0.055 seconds
[2023-05-13T06:32:47.902+0000] {processor.py:153} INFO - Started process (PID=1464) to work on /home/airflow/.local/lib/python3.7/site-packages/airflow/example_dags/tutorial_taskflow_api.py
[2023-05-13T06:32:47.903+0000] {processor.py:743} INFO - Processing file /home/airflow/.local/lib/python3.7/site-packages/airflow/example_dags/tutorial_taskflow_api.py for tasks to queue
[2023-05-13T06:32:47.904+0000] {logging_mixin.py:137} INFO - [2023-05-13T06:32:47.904+0000] {dagbag.py:538} INFO - Filling up the DagBag from /home/airflow/.local/lib/python3.7/site-packages/airflow/example_dags/tutorial_taskflow_api.py
[2023-05-13T06:32:47.917+0000] {processor.py:753} INFO - DAG(s) dict_keys(['tutorial_taskflow_api']) retrieved from /home/airflow/.local/lib/python3.7/site-packages/airflow/example_dags/tutorial_taskflow_api.py
[2023-05-13T06:32:47.935+0000] {logging_mixin.py:137} INFO - [2023-05-13T06:32:47.935+0000] {dag.py:2690} INFO - Sync 1 DAGs
[2023-05-13T06:32:47.950+0000] {logging_mixin.py:137} INFO - [2023-05-13T06:32:47.949+0000] {dag.py:3441} INFO - Setting next_dagrun for tutorial_taskflow_api to None, run_after=None
[2023-05-13T06:32:47.959+0000] {processor.py:175} INFO - Processing /home/airflow/.local/lib/python3.7/site-packages/airflow/example_dags/tutorial_taskflow_api.py took 0.059 seconds
[2023-05-13T06:33:18.330+0000] {processor.py:153} INFO - Started process (PID=1540) to work on /home/airflow/.local/lib/python3.7/site-packages/airflow/example_dags/tutorial_taskflow_api.py
[2023-05-13T06:33:18.332+0000] {processor.py:743} INFO - Processing file /home/airflow/.local/lib/python3.7/site-packages/airflow/example_dags/tutorial_taskflow_api.py for tasks to queue
[2023-05-13T06:33:18.332+0000] {logging_mixin.py:137} INFO - [2023-05-13T06:33:18.332+0000] {dagbag.py:538} INFO - Filling up the DagBag from /home/airflow/.local/lib/python3.7/site-packages/airflow/example_dags/tutorial_taskflow_api.py
[2023-05-13T06:33:18.344+0000] {processor.py:753} INFO - DAG(s) dict_keys(['tutorial_taskflow_api']) retrieved from /home/airflow/.local/lib/python3.7/site-packages/airflow/example_dags/tutorial_taskflow_api.py
[2023-05-13T06:33:18.361+0000] {logging_mixin.py:137} INFO - [2023-05-13T06:33:18.361+0000] {dag.py:2690} INFO - Sync 1 DAGs
[2023-05-13T06:33:18.375+0000] {logging_mixin.py:137} INFO - [2023-05-13T06:33:18.374+0000] {dag.py:3441} INFO - Setting next_dagrun for tutorial_taskflow_api to None, run_after=None
[2023-05-13T06:33:18.384+0000] {processor.py:175} INFO - Processing /home/airflow/.local/lib/python3.7/site-packages/airflow/example_dags/tutorial_taskflow_api.py took 0.056 seconds
[2023-05-13T06:33:48.453+0000] {processor.py:153} INFO - Started process (PID=1614) to work on /home/airflow/.local/lib/python3.7/site-packages/airflow/example_dags/tutorial_taskflow_api.py
[2023-05-13T06:33:48.454+0000] {processor.py:743} INFO - Processing file /home/airflow/.local/lib/python3.7/site-packages/airflow/example_dags/tutorial_taskflow_api.py for tasks to queue
[2023-05-13T06:33:48.455+0000] {logging_mixin.py:137} INFO - [2023-05-13T06:33:48.455+0000] {dagbag.py:538} INFO - Filling up the DagBag from /home/airflow/.local/lib/python3.7/site-packages/airflow/example_dags/tutorial_taskflow_api.py
[2023-05-13T06:33:48.467+0000] {processor.py:753} INFO - DAG(s) dict_keys(['tutorial_taskflow_api']) retrieved from /home/airflow/.local/lib/python3.7/site-packages/airflow/example_dags/tutorial_taskflow_api.py
[2023-05-13T06:33:48.484+0000] {logging_mixin.py:137} INFO - [2023-05-13T06:33:48.484+0000] {dag.py:2690} INFO - Sync 1 DAGs
[2023-05-13T06:33:48.499+0000] {logging_mixin.py:137} INFO - [2023-05-13T06:33:48.499+0000] {dag.py:3441} INFO - Setting next_dagrun for tutorial_taskflow_api to None, run_after=None
[2023-05-13T06:33:48.508+0000] {processor.py:175} INFO - Processing /home/airflow/.local/lib/python3.7/site-packages/airflow/example_dags/tutorial_taskflow_api.py took 0.057 seconds
[2023-05-13T06:34:18.602+0000] {processor.py:153} INFO - Started process (PID=1677) to work on /home/airflow/.local/lib/python3.7/site-packages/airflow/example_dags/tutorial_taskflow_api.py
[2023-05-13T06:34:18.603+0000] {processor.py:743} INFO - Processing file /home/airflow/.local/lib/python3.7/site-packages/airflow/example_dags/tutorial_taskflow_api.py for tasks to queue
[2023-05-13T06:34:18.604+0000] {logging_mixin.py:137} INFO - [2023-05-13T06:34:18.604+0000] {dagbag.py:538} INFO - Filling up the DagBag from /home/airflow/.local/lib/python3.7/site-packages/airflow/example_dags/tutorial_taskflow_api.py
[2023-05-13T06:34:18.615+0000] {processor.py:753} INFO - DAG(s) dict_keys(['tutorial_taskflow_api']) retrieved from /home/airflow/.local/lib/python3.7/site-packages/airflow/example_dags/tutorial_taskflow_api.py
[2023-05-13T06:34:18.632+0000] {logging_mixin.py:137} INFO - [2023-05-13T06:34:18.632+0000] {dag.py:2690} INFO - Sync 1 DAGs
[2023-05-13T06:34:18.645+0000] {logging_mixin.py:137} INFO - [2023-05-13T06:34:18.645+0000] {dag.py:3441} INFO - Setting next_dagrun for tutorial_taskflow_api to None, run_after=None
[2023-05-13T06:34:18.654+0000] {processor.py:175} INFO - Processing /home/airflow/.local/lib/python3.7/site-packages/airflow/example_dags/tutorial_taskflow_api.py took 0.054 seconds
[2023-05-13T06:34:49.655+0000] {processor.py:153} INFO - Started process (PID=1753) to work on /home/airflow/.local/lib/python3.7/site-packages/airflow/example_dags/tutorial_taskflow_api.py
[2023-05-13T06:34:49.656+0000] {processor.py:743} INFO - Processing file /home/airflow/.local/lib/python3.7/site-packages/airflow/example_dags/tutorial_taskflow_api.py for tasks to queue
[2023-05-13T06:34:49.656+0000] {logging_mixin.py:137} INFO - [2023-05-13T06:34:49.656+0000] {dagbag.py:538} INFO - Filling up the DagBag from /home/airflow/.local/lib/python3.7/site-packages/airflow/example_dags/tutorial_taskflow_api.py
[2023-05-13T06:34:49.669+0000] {processor.py:753} INFO - DAG(s) dict_keys(['tutorial_taskflow_api']) retrieved from /home/airflow/.local/lib/python3.7/site-packages/airflow/example_dags/tutorial_taskflow_api.py
[2023-05-13T06:34:49.687+0000] {logging_mixin.py:137} INFO - [2023-05-13T06:34:49.687+0000] {dag.py:2690} INFO - Sync 1 DAGs
[2023-05-13T06:34:49.701+0000] {logging_mixin.py:137} INFO - [2023-05-13T06:34:49.701+0000] {dag.py:3441} INFO - Setting next_dagrun for tutorial_taskflow_api to None, run_after=None
[2023-05-13T06:34:49.710+0000] {processor.py:175} INFO - Processing /home/airflow/.local/lib/python3.7/site-packages/airflow/example_dags/tutorial_taskflow_api.py took 0.057 seconds
[2023-05-13T06:35:20.644+0000] {processor.py:153} INFO - Started process (PID=1827) to work on /home/airflow/.local/lib/python3.7/site-packages/airflow/example_dags/tutorial_taskflow_api.py
[2023-05-13T06:35:20.645+0000] {processor.py:743} INFO - Processing file /home/airflow/.local/lib/python3.7/site-packages/airflow/example_dags/tutorial_taskflow_api.py for tasks to queue
[2023-05-13T06:35:20.646+0000] {logging_mixin.py:137} INFO - [2023-05-13T06:35:20.646+0000] {dagbag.py:538} INFO - Filling up the DagBag from /home/airflow/.local/lib/python3.7/site-packages/airflow/example_dags/tutorial_taskflow_api.py
[2023-05-13T06:35:20.657+0000] {processor.py:753} INFO - DAG(s) dict_keys(['tutorial_taskflow_api']) retrieved from /home/airflow/.local/lib/python3.7/site-packages/airflow/example_dags/tutorial_taskflow_api.py
[2023-05-13T06:35:20.674+0000] {logging_mixin.py:137} INFO - [2023-05-13T06:35:20.674+0000] {dag.py:2690} INFO - Sync 1 DAGs
[2023-05-13T06:35:20.687+0000] {logging_mixin.py:137} INFO - [2023-05-13T06:35:20.687+0000] {dag.py:3441} INFO - Setting next_dagrun for tutorial_taskflow_api to None, run_after=None
[2023-05-13T06:35:20.696+0000] {processor.py:175} INFO - Processing /home/airflow/.local/lib/python3.7/site-packages/airflow/example_dags/tutorial_taskflow_api.py took 0.054 seconds
[2023-05-13T06:35:50.771+0000] {processor.py:153} INFO - Started process (PID=1902) to work on /home/airflow/.local/lib/python3.7/site-packages/airflow/example_dags/tutorial_taskflow_api.py
[2023-05-13T06:35:50.772+0000] {processor.py:743} INFO - Processing file /home/airflow/.local/lib/python3.7/site-packages/airflow/example_dags/tutorial_taskflow_api.py for tasks to queue
[2023-05-13T06:35:50.772+0000] {logging_mixin.py:137} INFO - [2023-05-13T06:35:50.772+0000] {dagbag.py:538} INFO - Filling up the DagBag from /home/airflow/.local/lib/python3.7/site-packages/airflow/example_dags/tutorial_taskflow_api.py
[2023-05-13T06:35:50.784+0000] {processor.py:753} INFO - DAG(s) dict_keys(['tutorial_taskflow_api']) retrieved from /home/airflow/.local/lib/python3.7/site-packages/airflow/example_dags/tutorial_taskflow_api.py
[2023-05-13T06:35:50.801+0000] {logging_mixin.py:137} INFO - [2023-05-13T06:35:50.801+0000] {dag.py:2690} INFO - Sync 1 DAGs
[2023-05-13T06:35:50.816+0000] {logging_mixin.py:137} INFO - [2023-05-13T06:35:50.816+0000] {dag.py:3441} INFO - Setting next_dagrun for tutorial_taskflow_api to None, run_after=None
[2023-05-13T06:35:50.826+0000] {processor.py:175} INFO - Processing /home/airflow/.local/lib/python3.7/site-packages/airflow/example_dags/tutorial_taskflow_api.py took 0.058 seconds
[2023-05-13T06:36:21.865+0000] {processor.py:153} INFO - Started process (PID=1964) to work on /home/airflow/.local/lib/python3.7/site-packages/airflow/example_dags/tutorial_taskflow_api.py
[2023-05-13T06:36:21.866+0000] {processor.py:743} INFO - Processing file /home/airflow/.local/lib/python3.7/site-packages/airflow/example_dags/tutorial_taskflow_api.py for tasks to queue
[2023-05-13T06:36:21.867+0000] {logging_mixin.py:137} INFO - [2023-05-13T06:36:21.866+0000] {dagbag.py:538} INFO - Filling up the DagBag from /home/airflow/.local/lib/python3.7/site-packages/airflow/example_dags/tutorial_taskflow_api.py
[2023-05-13T06:36:21.879+0000] {processor.py:753} INFO - DAG(s) dict_keys(['tutorial_taskflow_api']) retrieved from /home/airflow/.local/lib/python3.7/site-packages/airflow/example_dags/tutorial_taskflow_api.py
[2023-05-13T06:36:21.896+0000] {logging_mixin.py:137} INFO - [2023-05-13T06:36:21.896+0000] {dag.py:2690} INFO - Sync 1 DAGs
[2023-05-13T06:36:21.909+0000] {logging_mixin.py:137} INFO - [2023-05-13T06:36:21.909+0000] {dag.py:3441} INFO - Setting next_dagrun for tutorial_taskflow_api to None, run_after=None
[2023-05-13T06:36:21.918+0000] {processor.py:175} INFO - Processing /home/airflow/.local/lib/python3.7/site-packages/airflow/example_dags/tutorial_taskflow_api.py took 0.055 seconds
[2023-05-13T06:42:12.325+0000] {processor.py:153} INFO - Started process (PID=2709) to work on /home/airflow/.local/lib/python3.7/site-packages/airflow/example_dags/tutorial_taskflow_api.py
[2023-05-13T06:42:12.327+0000] {processor.py:743} INFO - Processing file /home/airflow/.local/lib/python3.7/site-packages/airflow/example_dags/tutorial_taskflow_api.py for tasks to queue
[2023-05-13T06:42:12.327+0000] {logging_mixin.py:137} INFO - [2023-05-13T06:42:12.327+0000] {dagbag.py:538} INFO - Filling up the DagBag from /home/airflow/.local/lib/python3.7/site-packages/airflow/example_dags/tutorial_taskflow_api.py
[2023-05-13T06:42:12.340+0000] {processor.py:753} INFO - DAG(s) dict_keys(['tutorial_taskflow_api']) retrieved from /home/airflow/.local/lib/python3.7/site-packages/airflow/example_dags/tutorial_taskflow_api.py
[2023-05-13T06:42:12.376+0000] {logging_mixin.py:137} INFO - [2023-05-13T06:42:12.376+0000] {dag.py:2690} INFO - Sync 1 DAGs
[2023-05-13T06:42:12.388+0000] {logging_mixin.py:137} INFO - [2023-05-13T06:42:12.388+0000] {dag.py:3441} INFO - Setting next_dagrun for tutorial_taskflow_api to None, run_after=None
[2023-05-13T06:42:12.397+0000] {processor.py:175} INFO - Processing /home/airflow/.local/lib/python3.7/site-packages/airflow/example_dags/tutorial_taskflow_api.py took 0.074 seconds
